ERROR: Introduction_To_Flight_J._D._Anderson_Jr._548/CH2/EX2.1/2_1.sce
 pathname  =
 
 /home/fossee/Downloads/set/set13/s_Introduction_To_Flight_J._D._Anderson_Jr._5 
      48.zip/Introduction_To_Flight_J._D._Anderson_Jr._548/CH2/EX2.1/           
 
 filename  =
 
 /home/fossee/Downloads/set/set13/s_Introduction_To_Flight_J._D._Anderson_Jr._5 
      48.zip/Introduction_To_Flight_J._D._Anderson_Jr._548/CH2/EX2.1//2_1data.s 
      ci                                                                        
 
exec(filename)
               !--error 241 
File "/home/fossee/Downloads/set/set13/s_Introduction_To_Flight_J._D._Anderson_Jr._548.zip/Introduction_To_Flight_J._D._Anderson_Jr._548/CH2/EX2.1//2_1data.sci" does not exist.
at line       3 of exec file called by :    
_Anderson_Jr._548/CH2/EX2.1/2_1.sce',-1
 
ERROR: Introduction_To_Flight_J._D._Anderson_Jr._548/CH2/EX2.2/2_2.sce
 pathname  =
 
 /home/fossee/Downloads/set/set13/s_Introduction_To_Flight_J._D._Anderson_Jr._5 
      48.zip/Introduction_To_Flight_J._D._Anderson_Jr._548/CH2/EX2.2/           
 
 filename  =
 
 /home/fossee/Downloads/set/set13/s_Introduction_To_Flight_J._D._Anderson_Jr._5 
      48.zip/Introduction_To_Flight_J._D._Anderson_Jr._548/CH2/EX2.2//2_2data.s 
      ci                                                                        
 
exec(filename)
               !--error 241 
File "/home/fossee/Downloads/set/set13/s_Introduction_To_Flight_J._D._Anderson_Jr._548.zip/Introduction_To_Flight_J._D._Anderson_Jr._548/CH2/EX2.2//2_2data.sci" does not exist.
at line       3 of exec file called by :    
_Anderson_Jr._548/CH2/EX2.2/2_2.sce',-1
 
ERROR: Introduction_To_Flight_J._D._Anderson_Jr._548/CH2/EX2.3/2_3.sce
 pathname  =
 
 /home/fossee/Downloads/set/set13/s_Introduction_To_Flight_J._D._Anderson_Jr._5 
      48.zip/Introduction_To_Flight_J._D._Anderson_Jr._548/CH2/EX2.3/           
 
 filename  =
 
 /home/fossee/Downloads/set/set13/s_Introduction_To_Flight_J._D._Anderson_Jr._5 
      48.zip/Introduction_To_Flight_J._D._Anderson_Jr._548/CH2/EX2.3//2_3data.s 
      ci                                                                        
 
exec(filename)
               !--error 241 
File "/home/fossee/Downloads/set/set13/s_Introduction_To_Flight_J._D._Anderson_Jr._548.zip/Introduction_To_Flight_J._D._Anderson_Jr._548/CH2/EX2.3//2_3data.sci" does not exist.
at line       3 of exec file called by :    
_Anderson_Jr._548/CH2/EX2.3/2_3.sce',-1
 
ERROR: Introduction_To_Flight_J._D._Anderson_Jr._548/CH2/EX2.4/2_4.sce
 pathname  =
 
 /home/fossee/Downloads/set/set13/s_Introduction_To_Flight_J._D._Anderson_Jr._5 
      48.zip/Introduction_To_Flight_J._D._Anderson_Jr._548/CH2/EX2.4/           
 
 filename  =
 
 /home/fossee/Downloads/set/set13/s_Introduction_To_Flight_J._D._Anderson_Jr._5 
      48.zip/Introduction_To_Flight_J._D._Anderson_Jr._548/CH2/EX2.4//2_4data.s 
      ci                                                                        
 
exec(filename)
               !--error 241 
File "/home/fossee/Downloads/set/set13/s_Introduction_To_Flight_J._D._Anderson_Jr._548.zip/Introduction_To_Flight_J._D._Anderson_Jr._548/CH2/EX2.4//2_4data.sci" does not exist.
at line       3 of exec file called by :    
_Anderson_Jr._548/CH2/EX2.4/2_4.sce',-1
 
ERROR: Introduction_To_Flight_J._D._Anderson_Jr._548/CH2/EX2.5/2_5.sce
 pathname  =
 
 /home/fossee/Downloads/set/set13/s_Introduction_To_Flight_J._D._Anderson_Jr._5 
      48.zip/Introduction_To_Flight_J._D._Anderson_Jr._548/CH2/EX2.5/           
 
 filename  =
 
 /home/fossee/Downloads/set/set13/s_Introduction_To_Flight_J._D._Anderson_Jr._5 
      48.zip/Introduction_To_Flight_J._D._Anderson_Jr._548/CH2/EX2.5//2_5data.s 
      ci                                                                        
 
exec(filename)
               !--error 241 
File "/home/fossee/Downloads/set/set13/s_Introduction_To_Flight_J._D._Anderson_Jr._548.zip/Introduction_To_Flight_J._D._Anderson_Jr._548/CH2/EX2.5//2_5data.sci" does not exist.
at line       3 of exec file called by :    
_Anderson_Jr._548/CH2/EX2.5/2_5.sce',-1
 
ERROR: Introduction_To_Flight_J._D._Anderson_Jr._548/CH2/EX2.6/2_6.sce
 pathname  =
 
 /home/fossee/Downloads/set/set13/s_Introduction_To_Flight_J._D._Anderson_Jr._5 
      48.zip/Introduction_To_Flight_J._D._Anderson_Jr._548/CH2/EX2.6/           
 
 filename  =
 
 /home/fossee/Downloads/set/set13/s_Introduction_To_Flight_J._D._Anderson_Jr._5 
      48.zip/Introduction_To_Flight_J._D._Anderson_Jr._548/CH2/EX2.6//2_6data.s 
      ci                                                                        
 
exec(filename)
               !--error 241 
File "/home/fossee/Downloads/set/set13/s_Introduction_To_Flight_J._D._Anderson_Jr._548.zip/Introduction_To_Flight_J._D._Anderson_Jr._548/CH2/EX2.6//2_6data.sci" does not exist.
at line       3 of exec file called by :    
_Anderson_Jr._548/CH2/EX2.6/2_6.sce',-1
 
ERROR: Introduction_To_Flight_J._D._Anderson_Jr._548/CH3/EX3.01/3_01.sce
 pathname  =
 
 /home/fossee/Downloads/set/set13/s_Introduction_To_Flight_J._D._Anderson_Jr._5 
      48.zip/Introduction_To_Flight_J._D._Anderson_Jr._548/CH3/EX3.01/          
 
 filename  =
 
 /home/fossee/Downloads/set/set13/s_Introduction_To_Flight_J._D._Anderson_Jr._5 
      48.zip/Introduction_To_Flight_J._D._Anderson_Jr._548/CH3/EX3.01//3_01data 
      .sci                                                                      
 
exec(filename)
               !--error 241 
File "/home/fossee/Downloads/set/set13/s_Introduction_To_Flight_J._D._Anderson_Jr._548.zip/Introduction_To_Flight_J._D._Anderson_Jr._548/CH3/EX3.01//3_01data.sci" does not exist.
at line       3 of exec file called by :    
nderson_Jr._548/CH3/EX3.01/3_01.sce',-1
 
ERROR: Introduction_To_Flight_J._D._Anderson_Jr._548/CH3/EX3.02/3_02.sce
 pathname  =
 
 /home/fossee/Downloads/set/set13/s_Introduction_To_Flight_J._D._Anderson_Jr._5 
      48.zip/Introduction_To_Flight_J._D._Anderson_Jr._548/CH3/EX3.02/          
 
 filename  =
 
 /home/fossee/Downloads/set/set13/s_Introduction_To_Flight_J._D._Anderson_Jr._5 
      48.zip/Introduction_To_Flight_J._D._Anderson_Jr._548/CH3/EX3.02//3_02data 
      .sci                                                                      
 
exec(filename)
               !--error 241 
File "/home/fossee/Downloads/set/set13/s_Introduction_To_Flight_J._D._Anderson_Jr._548.zip/Introduction_To_Flight_J._D._Anderson_Jr._548/CH3/EX3.02//3_02data.sci" does not exist.
at line       3 of exec file called by :    
nderson_Jr._548/CH3/EX3.02/3_02.sce',-1
 
ERROR: Introduction_To_Flight_J._D._Anderson_Jr._548/CH3/EX3.03/3_03.sce
 pathname  =
 
 /home/fossee/Downloads/set/set13/s_Introduction_To_Flight_J._D._Anderson_Jr._5 
      48.zip/Introduction_To_Flight_J._D._Anderson_Jr._548/CH3/EX3.03/          
 
 filename  =
 
 /home/fossee/Downloads/set/set13/s_Introduction_To_Flight_J._D._Anderson_Jr._5 
      48.zip/Introduction_To_Flight_J._D._Anderson_Jr._548/CH3/EX3.03//3_03data 
      .sci                                                                      
 
exec(filename)
               !--error 241 
File "/home/fossee/Downloads/set/set13/s_Introduction_To_Flight_J._D._Anderson_Jr._548.zip/Introduction_To_Flight_J._D._Anderson_Jr._548/CH3/EX3.03//3_03data.sci" does not exist.
at line       3 of exec file called by :    
nderson_Jr._548/CH3/EX3.03/3_03.sce',-1
 
ERROR: Introduction_To_Flight_J._D._Anderson_Jr._548/CH3/EX3.04/3_04.sce
 pathname  =
 
 /home/fossee/Downloads/set/set13/s_Introduction_To_Flight_J._D._Anderson_Jr._5 
      48.zip/Introduction_To_Flight_J._D._Anderson_Jr._548/CH3/EX3.04/          
 
 filename  =
 
 /home/fossee/Downloads/set/set13/s_Introduction_To_Flight_J._D._Anderson_Jr._5 
      48.zip/Introduction_To_Flight_J._D._Anderson_Jr._548/CH3/EX3.04//3_04data 
      .sci                                                                      
 
exec(filename)
               !--error 241 
File "/home/fossee/Downloads/set/set13/s_Introduction_To_Flight_J._D._Anderson_Jr._548.zip/Introduction_To_Flight_J._D._Anderson_Jr._548/CH3/EX3.04//3_04data.sci" does not exist.
at line       3 of exec file called by :    
nderson_Jr._548/CH3/EX3.04/3_04.sce',-1
 
ERROR: Introduction_To_Flight_J._D._Anderson_Jr._548/CH4/EX4.01/4_01.sce
 pathname  =
 
 /home/fossee/Downloads/set/set13/s_Introduction_To_Flight_J._D._Anderson_Jr._5 
      48.zip/Introduction_To_Flight_J._D._Anderson_Jr._548/CH4/EX4.01/          
 
 filename  =
 
 /home/fossee/Downloads/set/set13/s_Introduction_To_Flight_J._D._Anderson_Jr._5 
      48.zip/Introduction_To_Flight_J._D._Anderson_Jr._548/CH4/EX4.01//4_01data 
      .sci                                                                      
 
exec(filename)
               !--error 241 
File "/home/fossee/Downloads/set/set13/s_Introduction_To_Flight_J._D._Anderson_Jr._548.zip/Introduction_To_Flight_J._D._Anderson_Jr._548/CH4/EX4.01//4_01data.sci" does not exist.
at line       3 of exec file called by :    
nderson_Jr._548/CH4/EX4.01/4_01.sce',-1
 
ERROR: Introduction_To_Flight_J._D._Anderson_Jr._548/CH4/EX4.02/4_02.sce
 pathname  =
 
 /home/fossee/Downloads/set/set13/s_Introduction_To_Flight_J._D._Anderson_Jr._5 
      48.zip/Introduction_To_Flight_J._D._Anderson_Jr._548/CH4/EX4.02/          
 
 filename  =
 
 /home/fossee/Downloads/set/set13/s_Introduction_To_Flight_J._D._Anderson_Jr._5 
      48.zip/Introduction_To_Flight_J._D._Anderson_Jr._548/CH4/EX4.02//4_02data 
      .sci                                                                      
 
exec(filename)
               !--error 241 
File "/home/fossee/Downloads/set/set13/s_Introduction_To_Flight_J._D._Anderson_Jr._548.zip/Introduction_To_Flight_J._D._Anderson_Jr._548/CH4/EX4.02//4_02data.sci" does not exist.
at line       3 of exec file called by :    
nderson_Jr._548/CH4/EX4.02/4_02.sce',-1
 
ERROR: Introduction_To_Flight_J._D._Anderson_Jr._548/CH4/EX4.03/4_03.sce
 pathname  =
 
 /home/fossee/Downloads/set/set13/s_Introduction_To_Flight_J._D._Anderson_Jr._5 
      48.zip/Introduction_To_Flight_J._D._Anderson_Jr._548/CH4/EX4.03/          
 
 filename  =
 
 /home/fossee/Downloads/set/set13/s_Introduction_To_Flight_J._D._Anderson_Jr._5 
      48.zip/Introduction_To_Flight_J._D._Anderson_Jr._548/CH4/EX4.03//4_03data 
      .sci                                                                      
 
exec(filename)
               !--error 241 
File "/home/fossee/Downloads/set/set13/s_Introduction_To_Flight_J._D._Anderson_Jr._548.zip/Introduction_To_Flight_J._D._Anderson_Jr._548/CH4/EX4.03//4_03data.sci" does not exist.
at line       3 of exec file called by :    
nderson_Jr._548/CH4/EX4.03/4_03.sce',-1
 
ERROR: Introduction_To_Flight_J._D._Anderson_Jr._548/CH4/EX4.04/4_04.sce
 pathname  =
 
 /home/fossee/Downloads/set/set13/s_Introduction_To_Flight_J._D._Anderson_Jr._5 
      48.zip/Introduction_To_Flight_J._D._Anderson_Jr._548/CH4/EX4.04/          
 
 filename  =
 
 /home/fossee/Downloads/set/set13/s_Introduction_To_Flight_J._D._Anderson_Jr._5 
      48.zip/Introduction_To_Flight_J._D._Anderson_Jr._548/CH4/EX4.04//4_04data 
      .sci                                                                      
 
exec(filename)
               !--error 241 
File "/home/fossee/Downloads/set/set13/s_Introduction_To_Flight_J._D._Anderson_Jr._548.zip/Introduction_To_Flight_J._D._Anderson_Jr._548/CH4/EX4.04//4_04data.sci" does not exist.
at line       3 of exec file called by :    
nderson_Jr._548/CH4/EX4.04/4_04.sce',-1
 
ERROR: Introduction_To_Flight_J._D._Anderson_Jr._548/CH4/EX4.05/4_05.sce
 pathname  =
 
 /home/fossee/Downloads/set/set13/s_Introduction_To_Flight_J._D._Anderson_Jr._5 
      48.zip/Introduction_To_Flight_J._D._Anderson_Jr._548/CH4/EX4.05/          
 
 filename  =
 
 /home/fossee/Downloads/set/set13/s_Introduction_To_Flight_J._D._Anderson_Jr._5 
      48.zip/Introduction_To_Flight_J._D._Anderson_Jr._548/CH4/EX4.05//4_05data 
      .sci                                                                      
 
exec(filename)
               !--error 241 
File "/home/fossee/Downloads/set/set13/s_Introduction_To_Flight_J._D._Anderson_Jr._548.zip/Introduction_To_Flight_J._D._Anderson_Jr._548/CH4/EX4.05//4_05data.sci" does not exist.
at line       3 of exec file called by :    
nderson_Jr._548/CH4/EX4.05/4_05.sce',-1
 
ERROR: Introduction_To_Flight_J._D._Anderson_Jr._548/CH4/EX4.06/4_06.sce
 pathname  =
 
 /home/fossee/Downloads/set/set13/s_Introduction_To_Flight_J._D._Anderson_Jr._5 
      48.zip/Introduction_To_Flight_J._D._Anderson_Jr._548/CH4/EX4.06/          
 
 filename  =
 
 /home/fossee/Downloads/set/set13/s_Introduction_To_Flight_J._D._Anderson_Jr._5 
      48.zip/Introduction_To_Flight_J._D._Anderson_Jr._548/CH4/EX4.06//4_06data 
      .sci                                                                      
 
exec(filename)
               !--error 241 
File "/home/fossee/Downloads/set/set13/s_Introduction_To_Flight_J._D._Anderson_Jr._548.zip/Introduction_To_Flight_J._D._Anderson_Jr._548/CH4/EX4.06//4_06data.sci" does not exist.
at line       3 of exec file called by :    
nderson_Jr._548/CH4/EX4.06/4_06.sce',-1
 
ERROR: Introduction_To_Flight_J._D._Anderson_Jr._548/CH4/EX4.07/4_07.sce
 pathname  =
 
 /home/fossee/Downloads/set/set13/s_Introduction_To_Flight_J._D._Anderson_Jr._5 
      48.zip/Introduction_To_Flight_J._D._Anderson_Jr._548/CH4/EX4.07/          
 
 filename  =
 
 /home/fossee/Downloads/set/set13/s_Introduction_To_Flight_J._D._Anderson_Jr._5 
      48.zip/Introduction_To_Flight_J._D._Anderson_Jr._548/CH4/EX4.07//4_07data 
      .sci                                                                      
 
exec(filename)
               !--error 241 
File "/home/fossee/Downloads/set/set13/s_Introduction_To_Flight_J._D._Anderson_Jr._548.zip/Introduction_To_Flight_J._D._Anderson_Jr._548/CH4/EX4.07//4_07data.sci" does not exist.
at line       3 of exec file called by :    
nderson_Jr._548/CH4/EX4.07/4_07.sce',-1
 
ERROR: Introduction_To_Flight_J._D._Anderson_Jr._548/CH4/EX4.08/4_08.sce
 pathname  =
 
 /home/fossee/Downloads/set/set13/s_Introduction_To_Flight_J._D._Anderson_Jr._5 
      48.zip/Introduction_To_Flight_J._D._Anderson_Jr._548/CH4/EX4.08/          
 
 filename  =
 
 /home/fossee/Downloads/set/set13/s_Introduction_To_Flight_J._D._Anderson_Jr._5 
      48.zip/Introduction_To_Flight_J._D._Anderson_Jr._548/CH4/EX4.08//4_08data 
      .sci                                                                      
 
exec(filename)
               !--error 241 
File "/home/fossee/Downloads/set/set13/s_Introduction_To_Flight_J._D._Anderson_Jr._548.zip/Introduction_To_Flight_J._D._Anderson_Jr._548/CH4/EX4.08//4_08data.sci" does not exist.
at line       3 of exec file called by :    
nderson_Jr._548/CH4/EX4.08/4_08.sce',-1
 
ERROR: Introduction_To_Flight_J._D._Anderson_Jr._548/CH4/EX4.09/4_09.sce
 pathname  =
 
 /home/fossee/Downloads/set/set13/s_Introduction_To_Flight_J._D._Anderson_Jr._5 
      48.zip/Introduction_To_Flight_J._D._Anderson_Jr._548/CH4/EX4.09/          
 
 filename  =
 
 /home/fossee/Downloads/set/set13/s_Introduction_To_Flight_J._D._Anderson_Jr._5 
      48.zip/Introduction_To_Flight_J._D._Anderson_Jr._548/CH4/EX4.09//4_09data 
      .sci                                                                      
 
exec(filename)
               !--error 241 
File "/home/fossee/Downloads/set/set13/s_Introduction_To_Flight_J._D._Anderson_Jr._548.zip/Introduction_To_Flight_J._D._Anderson_Jr._548/CH4/EX4.09//4_09data.sci" does not exist.
at line       3 of exec file called by :    
nderson_Jr._548/CH4/EX4.09/4_09.sce',-1
 
ERROR: Introduction_To_Flight_J._D._Anderson_Jr._548/CH4/EX4.10/4_10.sce
 pathname  =
 
 /home/fossee/Downloads/set/set13/s_Introduction_To_Flight_J._D._Anderson_Jr._5 
      48.zip/Introduction_To_Flight_J._D._Anderson_Jr._548/CH4/EX4.10/          
 
 filename  =
 
 /home/fossee/Downloads/set/set13/s_Introduction_To_Flight_J._D._Anderson_Jr._5 
      48.zip/Introduction_To_Flight_J._D._Anderson_Jr._548/CH4/EX4.10//4_10data 
      .sci                                                                      
 
exec(filename)
               !--error 241 
File "/home/fossee/Downloads/set/set13/s_Introduction_To_Flight_J._D._Anderson_Jr._548.zip/Introduction_To_Flight_J._D._Anderson_Jr._548/CH4/EX4.10//4_10data.sci" does not exist.
at line       3 of exec file called by :    
nderson_Jr._548/CH4/EX4.10/4_10.sce',-1
 
ERROR: Introduction_To_Flight_J._D._Anderson_Jr._548/CH4/EX4.11/4_11.sce
 pathname  =
 
 /home/fossee/Downloads/set/set13/s_Introduction_To_Flight_J._D._Anderson_Jr._5 
      48.zip/Introduction_To_Flight_J._D._Anderson_Jr._548/CH4/EX4.11/          
 
 filename  =
 
 /home/fossee/Downloads/set/set13/s_Introduction_To_Flight_J._D._Anderson_Jr._5 
      48.zip/Introduction_To_Flight_J._D._Anderson_Jr._548/CH4/EX4.11//4_11data 
      .sci                                                                      
 
exec(filename)
               !--error 241 
File "/home/fossee/Downloads/set/set13/s_Introduction_To_Flight_J._D._Anderson_Jr._548.zip/Introduction_To_Flight_J._D._Anderson_Jr._548/CH4/EX4.11//4_11data.sci" does not exist.
at line       3 of exec file called by :    
nderson_Jr._548/CH4/EX4.11/4_11.sce',-1
 
ERROR: Introduction_To_Flight_J._D._Anderson_Jr._548/CH4/EX4.12/4_12.sce
 pathname  =
 
 /home/fossee/Downloads/set/set13/s_Introduction_To_Flight_J._D._Anderson_Jr._5 
      48.zip/Introduction_To_Flight_J._D._Anderson_Jr._548/CH4/EX4.12/          
 
 filename  =
 
 /home/fossee/Downloads/set/set13/s_Introduction_To_Flight_J._D._Anderson_Jr._5 
      48.zip/Introduction_To_Flight_J._D._Anderson_Jr._548/CH4/EX4.12//4_12data 
      .sci                                                                      
 
exec(filename)
               !--error 241 
File "/home/fossee/Downloads/set/set13/s_Introduction_To_Flight_J._D._Anderson_Jr._548.zip/Introduction_To_Flight_J._D._Anderson_Jr._548/CH4/EX4.12//4_12data.sci" does not exist.
at line       3 of exec file called by :    
nderson_Jr._548/CH4/EX4.12/4_12.sce',-1
 
ERROR: Introduction_To_Flight_J._D._Anderson_Jr._548/CH4/EX4.13/4_13.sce
 pathname  =
 
 /home/fossee/Downloads/set/set13/s_Introduction_To_Flight_J._D._Anderson_Jr._5 
      48.zip/Introduction_To_Flight_J._D._Anderson_Jr._548/CH4/EX4.13/          
 
 filename  =
 
 /home/fossee/Downloads/set/set13/s_Introduction_To_Flight_J._D._Anderson_Jr._5 
      48.zip/Introduction_To_Flight_J._D._Anderson_Jr._548/CH4/EX4.13//4_13data 
      .sci                                                                      
 
exec(filename)
               !--error 241 
File "/home/fossee/Downloads/set/set13/s_Introduction_To_Flight_J._D._Anderson_Jr._548.zip/Introduction_To_Flight_J._D._Anderson_Jr._548/CH4/EX4.13//4_13data.sci" does not exist.
at line       3 of exec file called by :    
nderson_Jr._548/CH4/EX4.13/4_13.sce',-1
 
ERROR: Introduction_To_Flight_J._D._Anderson_Jr._548/CH4/EX4.14/4_14.sce
 pathname  =
 
 /home/fossee/Downloads/set/set13/s_Introduction_To_Flight_J._D._Anderson_Jr._5 
      48.zip/Introduction_To_Flight_J._D._Anderson_Jr._548/CH4/EX4.14/          
 
 filename  =
 
 /home/fossee/Downloads/set/set13/s_Introduction_To_Flight_J._D._Anderson_Jr._5 
      48.zip/Introduction_To_Flight_J._D._Anderson_Jr._548/CH4/EX4.14//4_14data 
      .sci                                                                      
 
exec(filename)
               !--error 241 
File "/home/fossee/Downloads/set/set13/s_Introduction_To_Flight_J._D._Anderson_Jr._548.zip/Introduction_To_Flight_J._D._Anderson_Jr._548/CH4/EX4.14//4_14data.sci" does not exist.
at line       3 of exec file called by :    
nderson_Jr._548/CH4/EX4.14/4_14.sce',-1
 
ERROR: Introduction_To_Flight_J._D._Anderson_Jr._548/CH4/EX4.15/4_15.sce
 pathname  =
 
 /home/fossee/Downloads/set/set13/s_Introduction_To_Flight_J._D._Anderson_Jr._5 
      48.zip/Introduction_To_Flight_J._D._Anderson_Jr._548/CH4/EX4.15/          
 
 filename  =
 
 /home/fossee/Downloads/set/set13/s_Introduction_To_Flight_J._D._Anderson_Jr._5 
      48.zip/Introduction_To_Flight_J._D._Anderson_Jr._548/CH4/EX4.15//4_15data 
      .sci                                                                      
 
exec(filename)
               !--error 241 
File "/home/fossee/Downloads/set/set13/s_Introduction_To_Flight_J._D._Anderson_Jr._548.zip/Introduction_To_Flight_J._D._Anderson_Jr._548/CH4/EX4.15//4_15data.sci" does not exist.
at line       3 of exec file called by :    
nderson_Jr._548/CH4/EX4.15/4_15.sce',-1
 
ERROR: Introduction_To_Flight_J._D._Anderson_Jr._548/CH4/EX4.16/4_16.sce
 pathname  =
 
 /home/fossee/Downloads/set/set13/s_Introduction_To_Flight_J._D._Anderson_Jr._5 
      48.zip/Introduction_To_Flight_J._D._Anderson_Jr._548/CH4/EX4.16/          
 
 filename  =
 
 /home/fossee/Downloads/set/set13/s_Introduction_To_Flight_J._D._Anderson_Jr._5 
      48.zip/Introduction_To_Flight_J._D._Anderson_Jr._548/CH4/EX4.16//4_16data 
      .sci                                                                      
 
exec(filename)
               !--error 241 
File "/home/fossee/Downloads/set/set13/s_Introduction_To_Flight_J._D._Anderson_Jr._548.zip/Introduction_To_Flight_J._D._Anderson_Jr._548/CH4/EX4.16//4_16data.sci" does not exist.
at line       3 of exec file called by :    
nderson_Jr._548/CH4/EX4.16/4_16.sce',-1
 
ERROR: Introduction_To_Flight_J._D._Anderson_Jr._548/CH4/EX4.17/4_17.sce
 pathname  =
 
 /home/fossee/Downloads/set/set13/s_Introduction_To_Flight_J._D._Anderson_Jr._5 
      48.zip/Introduction_To_Flight_J._D._Anderson_Jr._548/CH4/EX4.17/          
 
 filename  =
 
 /home/fossee/Downloads/set/set13/s_Introduction_To_Flight_J._D._Anderson_Jr._5 
      48.zip/Introduction_To_Flight_J._D._Anderson_Jr._548/CH4/EX4.17//4_17data 
      .sci                                                                      
 
exec(filename)
               !--error 241 
File "/home/fossee/Downloads/set/set13/s_Introduction_To_Flight_J._D._Anderson_Jr._548.zip/Introduction_To_Flight_J._D._Anderson_Jr._548/CH4/EX4.17//4_17data.sci" does not exist.
at line       3 of exec file called by :    
nderson_Jr._548/CH4/EX4.17/4_17.sce',-1
 
ERROR: Introduction_To_Flight_J._D._Anderson_Jr._548/CH4/EX4.18/4_18.sce
 pathname  =
 
 /home/fossee/Downloads/set/set13/s_Introduction_To_Flight_J._D._Anderson_Jr._5 
      48.zip/Introduction_To_Flight_J._D._Anderson_Jr._548/CH4/EX4.18/          
 
 filename  =
 
 /home/fossee/Downloads/set/set13/s_Introduction_To_Flight_J._D._Anderson_Jr._5 
      48.zip/Introduction_To_Flight_J._D._Anderson_Jr._548/CH4/EX4.18//4_18data 
      .sci                                                                      
 
exec(filename)
               !--error 241 
File "/home/fossee/Downloads/set/set13/s_Introduction_To_Flight_J._D._Anderson_Jr._548.zip/Introduction_To_Flight_J._D._Anderson_Jr._548/CH4/EX4.18//4_18data.sci" does not exist.
at line       3 of exec file called by :    
nderson_Jr._548/CH4/EX4.18/4_18.sce',-1
 
ERROR: Introduction_To_Flight_J._D._Anderson_Jr._548/CH4/EX4.19/4_19.sce
 pathname  =
 
 /home/fossee/Downloads/set/set13/s_Introduction_To_Flight_J._D._Anderson_Jr._5 
      48.zip/Introduction_To_Flight_J._D._Anderson_Jr._548/CH4/EX4.19/          
 
 filename  =
 
 /home/fossee/Downloads/set/set13/s_Introduction_To_Flight_J._D._Anderson_Jr._5 
      48.zip/Introduction_To_Flight_J._D._Anderson_Jr._548/CH4/EX4.19//4_19data 
      .sci                                                                      
 
exec(filename)
               !--error 241 
File "/home/fossee/Downloads/set/set13/s_Introduction_To_Flight_J._D._Anderson_Jr._548.zip/Introduction_To_Flight_J._D._Anderson_Jr._548/CH4/EX4.19//4_19data.sci" does not exist.
at line       3 of exec file called by :    
nderson_Jr._548/CH4/EX4.19/4_19.sce',-1
 
ERROR: Introduction_To_Flight_J._D._Anderson_Jr._548/CH4/EX4.20/4_20.sce
 pathname  =
 
 /home/fossee/Downloads/set/set13/s_Introduction_To_Flight_J._D._Anderson_Jr._5 
      48.zip/Introduction_To_Flight_J._D._Anderson_Jr._548/CH4/EX4.20/          
 
 filename  =
 
 /home/fossee/Downloads/set/set13/s_Introduction_To_Flight_J._D._Anderson_Jr._5 
      48.zip/Introduction_To_Flight_J._D._Anderson_Jr._548/CH4/EX4.20//4_20data 
      .sci                                                                      
 
exec(filename)
               !--error 241 
File "/home/fossee/Downloads/set/set13/s_Introduction_To_Flight_J._D._Anderson_Jr._548.zip/Introduction_To_Flight_J._D._Anderson_Jr._548/CH4/EX4.20//4_20data.sci" does not exist.
at line       3 of exec file called by :    
nderson_Jr._548/CH4/EX4.20/4_20.sce',-1
 
ERROR: Introduction_To_Flight_J._D._Anderson_Jr._548/CH4/EX4.21/4_21.sce
 pathname  =
 
 /home/fossee/Downloads/set/set13/s_Introduction_To_Flight_J._D._Anderson_Jr._5 
      48.zip/Introduction_To_Flight_J._D._Anderson_Jr._548/CH4/EX4.21/          
 
 filename  =
 
 /home/fossee/Downloads/set/set13/s_Introduction_To_Flight_J._D._Anderson_Jr._5 
      48.zip/Introduction_To_Flight_J._D._Anderson_Jr._548/CH4/EX4.21//4_21data 
      .sci                                                                      
 
exec(filename)
               !--error 241 
File "/home/fossee/Downloads/set/set13/s_Introduction_To_Flight_J._D._Anderson_Jr._548.zip/Introduction_To_Flight_J._D._Anderson_Jr._548/CH4/EX4.21//4_21data.sci" does not exist.
at line       3 of exec file called by :    
nderson_Jr._548/CH4/EX4.21/4_21.sce',-1
 
ERROR: Introduction_To_Flight_J._D._Anderson_Jr._548/CH4/EX4.22/4_22.sce
 pathname  =
 
 /home/fossee/Downloads/set/set13/s_Introduction_To_Flight_J._D._Anderson_Jr._5 
      48.zip/Introduction_To_Flight_J._D._Anderson_Jr._548/CH4/EX4.22/          
 
 filename  =
 
 /home/fossee/Downloads/set/set13/s_Introduction_To_Flight_J._D._Anderson_Jr._5 
      48.zip/Introduction_To_Flight_J._D._Anderson_Jr._548/CH4/EX4.22//4_22data 
      .sci                                                                      
 
exec(filename)
               !--error 241 
File "/home/fossee/Downloads/set/set13/s_Introduction_To_Flight_J._D._Anderson_Jr._548.zip/Introduction_To_Flight_J._D._Anderson_Jr._548/CH4/EX4.22//4_22data.sci" does not exist.
at line       3 of exec file called by :    
nderson_Jr._548/CH4/EX4.22/4_22.sce',-1
 
ERROR: Introduction_To_Flight_J._D._Anderson_Jr._548/CH4/EX4.23/4_23.sce
 pathname  =
 
 /home/fossee/Downloads/set/set13/s_Introduction_To_Flight_J._D._Anderson_Jr._5 
      48.zip/Introduction_To_Flight_J._D._Anderson_Jr._548/CH4/EX4.23/          
 
 filename  =
 
 /home/fossee/Downloads/set/set13/s_Introduction_To_Flight_J._D._Anderson_Jr._5 
      48.zip/Introduction_To_Flight_J._D._Anderson_Jr._548/CH4/EX4.23//4_23data 
      .sci                                                                      
 
exec(filename)
               !--error 241 
File "/home/fossee/Downloads/set/set13/s_Introduction_To_Flight_J._D._Anderson_Jr._548.zip/Introduction_To_Flight_J._D._Anderson_Jr._548/CH4/EX4.23//4_23data.sci" does not exist.
at line       3 of exec file called by :    
nderson_Jr._548/CH4/EX4.23/4_23.sce',-1
 
ERROR: Introduction_To_Flight_J._D._Anderson_Jr._548/CH4/EX4.24/4_24.sce
 pathname  =
 
 /home/fossee/Downloads/set/set13/s_Introduction_To_Flight_J._D._Anderson_Jr._5 
      48.zip/Introduction_To_Flight_J._D._Anderson_Jr._548/CH4/EX4.24/          
 
 filename  =
 
 /home/fossee/Downloads/set/set13/s_Introduction_To_Flight_J._D._Anderson_Jr._5 
      48.zip/Introduction_To_Flight_J._D._Anderson_Jr._548/CH4/EX4.24//4_24data 
      .sci                                                                      
 
exec(filename)
               !--error 241 
File "/home/fossee/Downloads/set/set13/s_Introduction_To_Flight_J._D._Anderson_Jr._548.zip/Introduction_To_Flight_J._D._Anderson_Jr._548/CH4/EX4.24//4_24data.sci" does not exist.
at line       3 of exec file called by :    
nderson_Jr._548/CH4/EX4.24/4_24.sce',-1
 
ERROR: Introduction_To_Flight_J._D._Anderson_Jr._548/CH4/EX4.25/4_25.sce
 pathname  =
 
 /home/fossee/Downloads/set/set13/s_Introduction_To_Flight_J._D._Anderson_Jr._5 
      48.zip/Introduction_To_Flight_J._D._Anderson_Jr._548/CH4/EX4.25/          
 
 filename  =
 
 /home/fossee/Downloads/set/set13/s_Introduction_To_Flight_J._D._Anderson_Jr._5 
      48.zip/Introduction_To_Flight_J._D._Anderson_Jr._548/CH4/EX4.25//4_25data 
      .sci                                                                      
 
exec(filename)
               !--error 241 
File "/home/fossee/Downloads/set/set13/s_Introduction_To_Flight_J._D._Anderson_Jr._548.zip/Introduction_To_Flight_J._D._Anderson_Jr._548/CH4/EX4.25//4_25data.sci" does not exist.
at line       3 of exec file called by :    
nderson_Jr._548/CH4/EX4.25/4_25.sce',-1
 
ERROR: Introduction_To_Flight_J._D._Anderson_Jr._548/CH4/EX4.26/4_26.sce
 pathname  =
 
 /home/fossee/Downloads/set/set13/s_Introduction_To_Flight_J._D._Anderson_Jr._5 
      48.zip/Introduction_To_Flight_J._D._Anderson_Jr._548/CH4/EX4.26/          
 
 filename  =
 
 /home/fossee/Downloads/set/set13/s_Introduction_To_Flight_J._D._Anderson_Jr._5 
      48.zip/Introduction_To_Flight_J._D._Anderson_Jr._548/CH4/EX4.26//4_26data 
      .sci                                                                      
 
exec(filename)
               !--error 241 
File "/home/fossee/Downloads/set/set13/s_Introduction_To_Flight_J._D._Anderson_Jr._548.zip/Introduction_To_Flight_J._D._Anderson_Jr._548/CH4/EX4.26//4_26data.sci" does not exist.
at line       3 of exec file called by :    
nderson_Jr._548/CH4/EX4.26/4_26.sce',-1
 
ERROR: Introduction_To_Flight_J._D._Anderson_Jr._548/CH4/EX4.27/4_27.sce
 pathname  =
 
 /home/fossee/Downloads/set/set13/s_Introduction_To_Flight_J._D._Anderson_Jr._5 
      48.zip/Introduction_To_Flight_J._D._Anderson_Jr._548/CH4/EX4.27/          
 
 filename  =
 
 /home/fossee/Downloads/set/set13/s_Introduction_To_Flight_J._D._Anderson_Jr._5 
      48.zip/Introduction_To_Flight_J._D._Anderson_Jr._548/CH4/EX4.27//4_27data 
      .sci                                                                      
 
exec(filename)
               !--error 241 
File "/home/fossee/Downloads/set/set13/s_Introduction_To_Flight_J._D._Anderson_Jr._548.zip/Introduction_To_Flight_J._D._Anderson_Jr._548/CH4/EX4.27//4_27data.sci" does not exist.
at line       3 of exec file called by :    
nderson_Jr._548/CH4/EX4.27/4_27.sce',-1
 
ERROR: Introduction_To_Flight_J._D._Anderson_Jr._548/CH4/EX4.28/4_28.sce
 pathname  =
 
 /home/fossee/Downloads/set/set13/s_Introduction_To_Flight_J._D._Anderson_Jr._5 
      48.zip/Introduction_To_Flight_J._D._Anderson_Jr._548/CH4/EX4.28/          
 
 filename  =
 
 /home/fossee/Downloads/set/set13/s_Introduction_To_Flight_J._D._Anderson_Jr._5 
      48.zip/Introduction_To_Flight_J._D._Anderson_Jr._548/CH4/EX4.28//4_28data 
      .sci                                                                      
 
exec(filename)
               !--error 241 
File "/home/fossee/Downloads/set/set13/s_Introduction_To_Flight_J._D._Anderson_Jr._548.zip/Introduction_To_Flight_J._D._Anderson_Jr._548/CH4/EX4.28//4_28data.sci" does not exist.
at line       3 of exec file called by :    
nderson_Jr._548/CH4/EX4.28/4_28.sce',-1
 
ERROR: Introduction_To_Flight_J._D._Anderson_Jr._548/CH5/EX5.01/5_01.sce
 pathname  =
 
 /home/fossee/Downloads/set/set13/s_Introduction_To_Flight_J._D._Anderson_Jr._5 
      48.zip/Introduction_To_Flight_J._D._Anderson_Jr._548/CH5/EX5.01/          
 
 filename  =
 
 /home/fossee/Downloads/set/set13/s_Introduction_To_Flight_J._D._Anderson_Jr._5 
      48.zip/Introduction_To_Flight_J._D._Anderson_Jr._548/CH5/EX5.01//5_01data 
      .sci                                                                      
 
exec(filename)
               !--error 241 
File "/home/fossee/Downloads/set/set13/s_Introduction_To_Flight_J._D._Anderson_Jr._548.zip/Introduction_To_Flight_J._D._Anderson_Jr._548/CH5/EX5.01//5_01data.sci" does not exist.
at line       3 of exec file called by :    
nderson_Jr._548/CH5/EX5.01/5_01.sce',-1
 
ERROR: Introduction_To_Flight_J._D._Anderson_Jr._548/CH5/EX5.02/5_02.sce
 pathname  =
 
 /home/fossee/Downloads/set/set13/s_Introduction_To_Flight_J._D._Anderson_Jr._5 
      48.zip/Introduction_To_Flight_J._D._Anderson_Jr._548/CH5/EX5.02/          
 
 filename  =
 
 /home/fossee/Downloads/set/set13/s_Introduction_To_Flight_J._D._Anderson_Jr._5 
      48.zip/Introduction_To_Flight_J._D._Anderson_Jr._548/CH5/EX5.02//5_02data 
      .sci                                                                      
 
exec(filename)
               !--error 241 
File "/home/fossee/Downloads/set/set13/s_Introduction_To_Flight_J._D._Anderson_Jr._548.zip/Introduction_To_Flight_J._D._Anderson_Jr._548/CH5/EX5.02//5_02data.sci" does not exist.
at line       3 of exec file called by :    
nderson_Jr._548/CH5/EX5.02/5_02.sce',-1
 
ERROR: Introduction_To_Flight_J._D._Anderson_Jr._548/CH5/EX5.03/5_03.sce
 pathname  =
 
 /home/fossee/Downloads/set/set13/s_Introduction_To_Flight_J._D._Anderson_Jr._5 
      48.zip/Introduction_To_Flight_J._D._Anderson_Jr._548/CH5/EX5.03/          
 
 filename  =
 
 /home/fossee/Downloads/set/set13/s_Introduction_To_Flight_J._D._Anderson_Jr._5 
      48.zip/Introduction_To_Flight_J._D._Anderson_Jr._548/CH5/EX5.03//5_03data 
      .sci                                                                      
 
exec(filename)
               !--error 241 
File "/home/fossee/Downloads/set/set13/s_Introduction_To_Flight_J._D._Anderson_Jr._548.zip/Introduction_To_Flight_J._D._Anderson_Jr._548/CH5/EX5.03//5_03data.sci" does not exist.
at line       3 of exec file called by :    
nderson_Jr._548/CH5/EX5.03/5_03.sce',-1
 
ERROR: Introduction_To_Flight_J._D._Anderson_Jr._548/CH5/EX5.04/5_04.sce
 pathname  =
 
 /home/fossee/Downloads/set/set13/s_Introduction_To_Flight_J._D._Anderson_Jr._5 
      48.zip/Introduction_To_Flight_J._D._Anderson_Jr._548/CH5/EX5.04/          
 
 filename  =
 
 /home/fossee/Downloads/set/set13/s_Introduction_To_Flight_J._D._Anderson_Jr._5 
      48.zip/Introduction_To_Flight_J._D._Anderson_Jr._548/CH5/EX5.04//5_04data 
      .sci                                                                      
 
exec(filename)
               !--error 241 
File "/home/fossee/Downloads/set/set13/s_Introduction_To_Flight_J._D._Anderson_Jr._548.zip/Introduction_To_Flight_J._D._Anderson_Jr._548/CH5/EX5.04//5_04data.sci" does not exist.
at line       3 of exec file called by :    
nderson_Jr._548/CH5/EX5.04/5_04.sce',-1
 
ERROR: Introduction_To_Flight_J._D._Anderson_Jr._548/CH5/EX5.05/5_05.sce
 pathname  =
 
 /home/fossee/Downloads/set/set13/s_Introduction_To_Flight_J._D._Anderson_Jr._5 
      48.zip/Introduction_To_Flight_J._D._Anderson_Jr._548/CH5/EX5.05/          
 
 filename  =
 
 /home/fossee/Downloads/set/set13/s_Introduction_To_Flight_J._D._Anderson_Jr._5 
      48.zip/Introduction_To_Flight_J._D._Anderson_Jr._548/CH5/EX5.05//5_05data 
      .sci                                                                      
 
exec(filename)
               !--error 241 
File "/home/fossee/Downloads/set/set13/s_Introduction_To_Flight_J._D._Anderson_Jr._548.zip/Introduction_To_Flight_J._D._Anderson_Jr._548/CH5/EX5.05//5_05data.sci" does not exist.
at line       3 of exec file called by :    
nderson_Jr._548/CH5/EX5.05/5_05.sce',-1
 
ERROR: Introduction_To_Flight_J._D._Anderson_Jr._548/CH5/EX5.06/5_06.sce
 pathname  =
 
 /home/fossee/Downloads/set/set13/s_Introduction_To_Flight_J._D._Anderson_Jr._5 
      48.zip/Introduction_To_Flight_J._D._Anderson_Jr._548/CH5/EX5.06/          
 
 filename  =
 
 /home/fossee/Downloads/set/set13/s_Introduction_To_Flight_J._D._Anderson_Jr._5 
      48.zip/Introduction_To_Flight_J._D._Anderson_Jr._548/CH5/EX5.06//5_06data 
      .sci                                                                      
 
exec(filename)
               !--error 241 
File "/home/fossee/Downloads/set/set13/s_Introduction_To_Flight_J._D._Anderson_Jr._548.zip/Introduction_To_Flight_J._D._Anderson_Jr._548/CH5/EX5.06//5_06data.sci" does not exist.
at line       3 of exec file called by :    
nderson_Jr._548/CH5/EX5.06/5_06.sce',-1
 
ERROR: Introduction_To_Flight_J._D._Anderson_Jr._548/CH5/EX5.07/5_07.sce
 pathname  =
 
 /home/fossee/Downloads/set/set13/s_Introduction_To_Flight_J._D._Anderson_Jr._5 
      48.zip/Introduction_To_Flight_J._D._Anderson_Jr._548/CH5/EX5.07/          
 
 filename  =
 
 /home/fossee/Downloads/set/set13/s_Introduction_To_Flight_J._D._Anderson_Jr._5 
      48.zip/Introduction_To_Flight_J._D._Anderson_Jr._548/CH5/EX5.07//5_07data 
      .sci                                                                      
 
exec(filename)
               !--error 241 
File "/home/fossee/Downloads/set/set13/s_Introduction_To_Flight_J._D._Anderson_Jr._548.zip/Introduction_To_Flight_J._D._Anderson_Jr._548/CH5/EX5.07//5_07data.sci" does not exist.
at line       3 of exec file called by :    
nderson_Jr._548/CH5/EX5.07/5_07.sce',-1
 
ERROR: Introduction_To_Flight_J._D._Anderson_Jr._548/CH5/EX5.08/5_08.sce
 pathname  =
 
 /home/fossee/Downloads/set/set13/s_Introduction_To_Flight_J._D._Anderson_Jr._5 
      48.zip/Introduction_To_Flight_J._D._Anderson_Jr._548/CH5/EX5.08/          
 
 filename  =
 
 /home/fossee/Downloads/set/set13/s_Introduction_To_Flight_J._D._Anderson_Jr._5 
      48.zip/Introduction_To_Flight_J._D._Anderson_Jr._548/CH5/EX5.08//5_08data 
      .sci                                                                      
 
exec(filename)
               !--error 241 
File "/home/fossee/Downloads/set/set13/s_Introduction_To_Flight_J._D._Anderson_Jr._548.zip/Introduction_To_Flight_J._D._Anderson_Jr._548/CH5/EX5.08//5_08data.sci" does not exist.
at line       3 of exec file called by :    
nderson_Jr._548/CH5/EX5.08/5_08.sce',-1
 
ERROR: Introduction_To_Flight_J._D._Anderson_Jr._548/CH5/EX5.09/5_09.sce
 pathname  =
 
 /home/fossee/Downloads/set/set13/s_Introduction_To_Flight_J._D._Anderson_Jr._5 
      48.zip/Introduction_To_Flight_J._D._Anderson_Jr._548/CH5/EX5.09/          
 
 filename  =
 
 /home/fossee/Downloads/set/set13/s_Introduction_To_Flight_J._D._Anderson_Jr._5 
      48.zip/Introduction_To_Flight_J._D._Anderson_Jr._548/CH5/EX5.09//5_09data 
      .sci                                                                      
 
exec(filename)
               !--error 241 
File "/home/fossee/Downloads/set/set13/s_Introduction_To_Flight_J._D._Anderson_Jr._548.zip/Introduction_To_Flight_J._D._Anderson_Jr._548/CH5/EX5.09//5_09data.sci" does not exist.
at line       3 of exec file called by :    
nderson_Jr._548/CH5/EX5.09/5_09.sce',-1
 
ERROR: Introduction_To_Flight_J._D._Anderson_Jr._548/CH5/EX5.11/5_11.sce
 pathname  =
 
 /home/fossee/Downloads/set/set13/s_Introduction_To_Flight_J._D._Anderson_Jr._5 
      48.zip/Introduction_To_Flight_J._D._Anderson_Jr._548/CH5/EX5.11/          
 
 filename  =
 
 /home/fossee/Downloads/set/set13/s_Introduction_To_Flight_J._D._Anderson_Jr._5 
      48.zip/Introduction_To_Flight_J._D._Anderson_Jr._548/CH5/EX5.11//5_11_dat 
      a.sci                                                                     
 
exec(filename)
               !--error 241 
File "/home/fossee/Downloads/set/set13/s_Introduction_To_Flight_J._D._Anderson_Jr._548.zip/Introduction_To_Flight_J._D._Anderson_Jr._548/CH5/EX5.11//5_11_data.sci" does not exist.
at line       3 of exec file called by :    
nderson_Jr._548/CH5/EX5.11/5_11.sce',-1
 
ERROR: Introduction_To_Flight_J._D._Anderson_Jr._548/CH5/EX5.12/5_12.sce
 pathname  =
 
 /home/fossee/Downloads/set/set13/s_Introduction_To_Flight_J._D._Anderson_Jr._5 
      48.zip/Introduction_To_Flight_J._D._Anderson_Jr._548/CH5/EX5.12/          
 
 filename  =
 
 /home/fossee/Downloads/set/set13/s_Introduction_To_Flight_J._D._Anderson_Jr._5 
      48.zip/Introduction_To_Flight_J._D._Anderson_Jr._548/CH5/EX5.12//5_12_dat 
      a.sci                                                                     
 
exec(filename)
               !--error 241 
File "/home/fossee/Downloads/set/set13/s_Introduction_To_Flight_J._D._Anderson_Jr._548.zip/Introduction_To_Flight_J._D._Anderson_Jr._548/CH5/EX5.12//5_12_data.sci" does not exist.
at line       3 of exec file called by :    
nderson_Jr._548/CH5/EX5.12/5_12.sce',-1
 
ERROR: Introduction_To_Flight_J._D._Anderson_Jr._548/CH5/EX5.13/5_13.sce
 pathname  =
 
 /home/fossee/Downloads/set/set13/s_Introduction_To_Flight_J._D._Anderson_Jr._5 
      48.zip/Introduction_To_Flight_J._D._Anderson_Jr._548/CH5/EX5.13/          
 
 filename  =
 
 /home/fossee/Downloads/set/set13/s_Introduction_To_Flight_J._D._Anderson_Jr._5 
      48.zip/Introduction_To_Flight_J._D._Anderson_Jr._548/CH5/EX5.13//5_13data 
      .sci                                                                      
 
exec(filename)
               !--error 241 
File "/home/fossee/Downloads/set/set13/s_Introduction_To_Flight_J._D._Anderson_Jr._548.zip/Introduction_To_Flight_J._D._Anderson_Jr._548/CH5/EX5.13//5_13data.sci" does not exist.
at line       3 of exec file called by :    
nderson_Jr._548/CH5/EX5.13/5_13.sce',-1
 
ERROR: Introduction_To_Flight_J._D._Anderson_Jr._548/CH5/EX5.14/5_14.sce
 pathname  =
 
 /home/fossee/Downloads/set/set13/s_Introduction_To_Flight_J._D._Anderson_Jr._5 
      48.zip/Introduction_To_Flight_J._D._Anderson_Jr._548/CH5/EX5.14/          
 
 filename  =
 
 /home/fossee/Downloads/set/set13/s_Introduction_To_Flight_J._D._Anderson_Jr._5 
      48.zip/Introduction_To_Flight_J._D._Anderson_Jr._548/CH5/EX5.14//5_14data 
      .sci                                                                      
 
exec(filename)
               !--error 241 
File "/home/fossee/Downloads/set/set13/s_Introduction_To_Flight_J._D._Anderson_Jr._548.zip/Introduction_To_Flight_J._D._Anderson_Jr._548/CH5/EX5.14//5_14data.sci" does not exist.
at line       3 of exec file called by :    
nderson_Jr._548/CH5/EX5.14/5_14.sce',-1
 
ERROR: Introduction_To_Flight_J._D._Anderson_Jr._548/CH5/EX5.15/5_15.sce
 pathname  =
 
 /home/fossee/Downloads/set/set13/s_Introduction_To_Flight_J._D._Anderson_Jr._5 
      48.zip/Introduction_To_Flight_J._D._Anderson_Jr._548/CH5/EX5.15/          
 
 filename  =
 
 /home/fossee/Downloads/set/set13/s_Introduction_To_Flight_J._D._Anderson_Jr._5 
      48.zip/Introduction_To_Flight_J._D._Anderson_Jr._548/CH5/EX5.15//5_15data 
      .sci                                                                      
 
exec(filename)
               !--error 241 
File "/home/fossee/Downloads/set/set13/s_Introduction_To_Flight_J._D._Anderson_Jr._548.zip/Introduction_To_Flight_J._D._Anderson_Jr._548/CH5/EX5.15//5_15data.sci" does not exist.
at line       3 of exec file called by :    
nderson_Jr._548/CH5/EX5.15/5_15.sce',-1
 
ERROR: Introduction_To_Flight_J._D._Anderson_Jr._548/CH5/EX5.16/5_16.sce
 pathname  =
 
 /home/fossee/Downloads/set/set13/s_Introduction_To_Flight_J._D._Anderson_Jr._5 
      48.zip/Introduction_To_Flight_J._D._Anderson_Jr._548/CH5/EX5.16/          
 
 filename  =
 
 /home/fossee/Downloads/set/set13/s_Introduction_To_Flight_J._D._Anderson_Jr._5 
      48.zip/Introduction_To_Flight_J._D._Anderson_Jr._548/CH5/EX5.16//5_16data 
      .sci                                                                      
 
exec(filename)
               !--error 241 
File "/home/fossee/Downloads/set/set13/s_Introduction_To_Flight_J._D._Anderson_Jr._548.zip/Introduction_To_Flight_J._D._Anderson_Jr._548/CH5/EX5.16//5_16data.sci" does not exist.
at line       3 of exec file called by :    
nderson_Jr._548/CH5/EX5.16/5_16.sce',-1
 
ERROR: Introduction_To_Flight_J._D._Anderson_Jr._548/CH5/EX5.17/5_17.sce
 pathname  =
 
 /home/fossee/Downloads/set/set13/s_Introduction_To_Flight_J._D._Anderson_Jr._5 
      48.zip/Introduction_To_Flight_J._D._Anderson_Jr._548/CH5/EX5.17/          
 
 filename  =
 
 /home/fossee/Downloads/set/set13/s_Introduction_To_Flight_J._D._Anderson_Jr._5 
      48.zip/Introduction_To_Flight_J._D._Anderson_Jr._548/CH5/EX5.17//5_17data 
      .sci                                                                      
 
exec(filename)
               !--error 241 
File "/home/fossee/Downloads/set/set13/s_Introduction_To_Flight_J._D._Anderson_Jr._548.zip/Introduction_To_Flight_J._D._Anderson_Jr._548/CH5/EX5.17//5_17data.sci" does not exist.
at line       3 of exec file called by :    
nderson_Jr._548/CH5/EX5.17/5_17.sce',-1
 
ERROR: Introduction_To_Flight_J._D._Anderson_Jr._548/CH5/EX5.18/5_18.sce
 pathname  =
 
 /home/fossee/Downloads/set/set13/s_Introduction_To_Flight_J._D._Anderson_Jr._5 
      48.zip/Introduction_To_Flight_J._D._Anderson_Jr._548/CH5/EX5.18/          
 
 filename  =
 
 /home/fossee/Downloads/set/set13/s_Introduction_To_Flight_J._D._Anderson_Jr._5 
      48.zip/Introduction_To_Flight_J._D._Anderson_Jr._548/CH5/EX5.18//5_18data 
      .sci                                                                      
 
exec(filename)
               !--error 241 
File "/home/fossee/Downloads/set/set13/s_Introduction_To_Flight_J._D._Anderson_Jr._548.zip/Introduction_To_Flight_J._D._Anderson_Jr._548/CH5/EX5.18//5_18data.sci" does not exist.
at line       3 of exec file called by :    
nderson_Jr._548/CH5/EX5.18/5_18.sce',-1
 
ERROR: Introduction_To_Flight_J._D._Anderson_Jr._548/CH5/EX5.19/5_19.sce
 pathname  =
 
 /home/fossee/Downloads/set/set13/s_Introduction_To_Flight_J._D._Anderson_Jr._5 
      48.zip/Introduction_To_Flight_J._D._Anderson_Jr._548/CH5/EX5.19/          
 
 filename  =
 
 /home/fossee/Downloads/set/set13/s_Introduction_To_Flight_J._D._Anderson_Jr._5 
      48.zip/Introduction_To_Flight_J._D._Anderson_Jr._548/CH5/EX5.19//5_19data 
      .sci                                                                      
 
exec(filename)
               !--error 241 
File "/home/fossee/Downloads/set/set13/s_Introduction_To_Flight_J._D._Anderson_Jr._548.zip/Introduction_To_Flight_J._D._Anderson_Jr._548/CH5/EX5.19//5_19data.sci" does not exist.
at line       3 of exec file called by :    
nderson_Jr._548/CH5/EX5.19/5_19.sce',-1
 
ERROR: Introduction_To_Flight_J._D._Anderson_Jr._548/CH5/EX5.20/5_20.sce
 pathname  =
 
 /home/fossee/Downloads/set/set13/s_Introduction_To_Flight_J._D._Anderson_Jr._5 
      48.zip/Introduction_To_Flight_J._D._Anderson_Jr._548/CH5/EX5.20/          
 
 filename  =
 
 /home/fossee/Downloads/set/set13/s_Introduction_To_Flight_J._D._Anderson_Jr._5 
      48.zip/Introduction_To_Flight_J._D._Anderson_Jr._548/CH5/EX5.20//5_20data 
      .sci                                                                      
 
exec(filename)
               !--error 241 
File "/home/fossee/Downloads/set/set13/s_Introduction_To_Flight_J._D._Anderson_Jr._548.zip/Introduction_To_Flight_J._D._Anderson_Jr._548/CH5/EX5.20//5_20data.sci" does not exist.
at line       3 of exec file called by :    
nderson_Jr._548/CH5/EX5.20/5_20.sce',-1
 
ERROR: Introduction_To_Flight_J._D._Anderson_Jr._548/CH5/EX5.21/5_21.sce
 pathname  =
 
 /home/fossee/Downloads/set/set13/s_Introduction_To_Flight_J._D._Anderson_Jr._5 
      48.zip/Introduction_To_Flight_J._D._Anderson_Jr._548/CH5/EX5.21/          
 
 filename  =
 
 /home/fossee/Downloads/set/set13/s_Introduction_To_Flight_J._D._Anderson_Jr._5 
      48.zip/Introduction_To_Flight_J._D._Anderson_Jr._548/CH5/EX5.21//5_21data 
      .sci                                                                      
 
exec(filename)
               !--error 241 
File "/home/fossee/Downloads/set/set13/s_Introduction_To_Flight_J._D._Anderson_Jr._548.zip/Introduction_To_Flight_J._D._Anderson_Jr._548/CH5/EX5.21//5_21data.sci" does not exist.
at line       3 of exec file called by :    
nderson_Jr._548/CH5/EX5.21/5_21.sce',-1
 
ERROR: Introduction_To_Flight_J._D._Anderson_Jr._548/CH6/EX6.7/6_07.sce
 pathname  =
 
 /home/fossee/Downloads/set/set13/s_Introduction_To_Flight_J._D._Anderson_Jr._5 
      48.zip/Introduction_To_Flight_J._D._Anderson_Jr._548/CH6/EX6.7/           
 
 filename  =
 
 /home/fossee/Downloads/set/set13/s_Introduction_To_Flight_J._D._Anderson_Jr._5 
      48.zip/Introduction_To_Flight_J._D._Anderson_Jr._548/CH6/EX6.7//6_07data. 
      sci                                                                       
 
exec(filename)
               !--error 241 
File "/home/fossee/Downloads/set/set13/s_Introduction_To_Flight_J._D._Anderson_Jr._548.zip/Introduction_To_Flight_J._D._Anderson_Jr._548/CH6/EX6.7//6_07data.sci" does not exist.
at line       3 of exec file called by :    
Anderson_Jr._548/CH6/EX6.7/6_07.sce',-1
 
ERROR: Introduction_To_Flight_J._D._Anderson_Jr._548/CH6/EX6.8/6_08.sce
 pathname  =
 
 /home/fossee/Downloads/set/set13/s_Introduction_To_Flight_J._D._Anderson_Jr._5 
      48.zip/Introduction_To_Flight_J._D._Anderson_Jr._548/CH6/EX6.8/           
 
 filename  =
 
 /home/fossee/Downloads/set/set13/s_Introduction_To_Flight_J._D._Anderson_Jr._5 
      48.zip/Introduction_To_Flight_J._D._Anderson_Jr._548/CH6/EX6.8//6_08data. 
      sci                                                                       
 
exec(filename)
               !--error 241 
File "/home/fossee/Downloads/set/set13/s_Introduction_To_Flight_J._D._Anderson_Jr._548.zip/Introduction_To_Flight_J._D._Anderson_Jr._548/CH6/EX6.8//6_08data.sci" does not exist.
at line       3 of exec file called by :    
Anderson_Jr._548/CH6/EX6.8/6_08.sce',-1
 
ERROR: Introduction_To_Flight_J._D._Anderson_Jr._548/CH6/EX6.9/6_09.sce
 pathname  =
 
 /home/fossee/Downloads/set/set13/s_Introduction_To_Flight_J._D._Anderson_Jr._5 
      48.zip/Introduction_To_Flight_J._D._Anderson_Jr._548/CH6/EX6.9/           
 
 filename  =
 
 /home/fossee/Downloads/set/set13/s_Introduction_To_Flight_J._D._Anderson_Jr._5 
      48.zip/Introduction_To_Flight_J._D._Anderson_Jr._548/CH6/EX6.9//6_09data. 
      sci                                                                       
 
exec(filename)
               !--error 241 
File "/home/fossee/Downloads/set/set13/s_Introduction_To_Flight_J._D._Anderson_Jr._548.zip/Introduction_To_Flight_J._D._Anderson_Jr._548/CH6/EX6.9//6_09data.sci" does not exist.
at line       3 of exec file called by :    
Anderson_Jr._548/CH6/EX6.9/6_09.sce',-1
 
ERROR: Introduction_To_Flight_J._D._Anderson_Jr._548/CH6/EX6.14/6_14.sce
 pathname  =
 
 /home/fossee/Downloads/set/set13/s_Introduction_To_Flight_J._D._Anderson_Jr._5 
      48.zip/Introduction_To_Flight_J._D._Anderson_Jr._548/CH6/EX6.14/          
 
 filename  =
 
 /home/fossee/Downloads/set/set13/s_Introduction_To_Flight_J._D._Anderson_Jr._5 
      48.zip/Introduction_To_Flight_J._D._Anderson_Jr._548/CH6/EX6.14//6_14data 
      .sci                                                                      
 
exec(filename)
               !--error 241 
File "/home/fossee/Downloads/set/set13/s_Introduction_To_Flight_J._D._Anderson_Jr._548.zip/Introduction_To_Flight_J._D._Anderson_Jr._548/CH6/EX6.14//6_14data.sci" does not exist.
at line       3 of exec file called by :    
nderson_Jr._548/CH6/EX6.14/6_14.sce',-1
 
ERROR: Introduction_To_Flight_J._D._Anderson_Jr._548/CH6/EX6.15/6_15.sce
 pathname  =
 
 /home/fossee/Downloads/set/set13/s_Introduction_To_Flight_J._D._Anderson_Jr._5 
      48.zip/Introduction_To_Flight_J._D._Anderson_Jr._548/CH6/EX6.15/          
 
 filename  =
 
 /home/fossee/Downloads/set/set13/s_Introduction_To_Flight_J._D._Anderson_Jr._5 
      48.zip/Introduction_To_Flight_J._D._Anderson_Jr._548/CH6/EX6.15//6_15data 
      .sci                                                                      
 
exec(filename)
               !--error 241 
File "/home/fossee/Downloads/set/set13/s_Introduction_To_Flight_J._D._Anderson_Jr._548.zip/Introduction_To_Flight_J._D._Anderson_Jr._548/CH6/EX6.15//6_15data.sci" does not exist.
at line       3 of exec file called by :    
nderson_Jr._548/CH6/EX6.15/6_15.sce',-1
 
ERROR: Introduction_To_Flight_J._D._Anderson_Jr._548/CH6/EX6.16.b/6_16b.sce
 pathname  =
 
 /home/fossee/Downloads/set/set13/s_Introduction_To_Flight_J._D._Anderson_Jr._5 
      48.zip/Introduction_To_Flight_J._D._Anderson_Jr._548/CH6/EX6.16.b/        
 
 filename  =
 
 /home/fossee/Downloads/set/set13/s_Introduction_To_Flight_J._D._Anderson_Jr._5 
      48.zip/Introduction_To_Flight_J._D._Anderson_Jr._548/CH6/EX6.16.b//6_16b_ 
      data.sci                                                                  
 
exec(filename)
               !--error 241 
File "/home/fossee/Downloads/set/set13/s_Introduction_To_Flight_J._D._Anderson_Jr._548.zip/Introduction_To_Flight_J._D._Anderson_Jr._548/CH6/EX6.16.b//6_16b_data.sci" does not exist.
at line       3 of exec file called by :    
rson_Jr._548/CH6/EX6.16.b/6_16b.sce',-1
 
ERROR: Introduction_To_Flight_J._D._Anderson_Jr._548/CH6/EX6.16.c/6_16c.sce
 pathname  =
 
 /home/fossee/Downloads/set/set13/s_Introduction_To_Flight_J._D._Anderson_Jr._5 
      48.zip/Introduction_To_Flight_J._D._Anderson_Jr._548/CH6/EX6.16.c/        
 
 filename  =
 
 /home/fossee/Downloads/set/set13/s_Introduction_To_Flight_J._D._Anderson_Jr._5 
      48.zip/Introduction_To_Flight_J._D._Anderson_Jr._548/CH6/EX6.16.c//6_16c_ 
      data.sci                                                                  
 
exec(filename)
               !--error 241 
File "/home/fossee/Downloads/set/set13/s_Introduction_To_Flight_J._D._Anderson_Jr._548.zip/Introduction_To_Flight_J._D._Anderson_Jr._548/CH6/EX6.16.c//6_16c_data.sci" does not exist.
at line       3 of exec file called by :    
rson_Jr._548/CH6/EX6.16.c/6_16c.sce',-1
 
ERROR: Introduction_To_Flight_J._D._Anderson_Jr._548/CH6/EX6.16.d/6_16d.sce
 pathname  =
 
 /home/fossee/Downloads/set/set13/s_Introduction_To_Flight_J._D._Anderson_Jr._5 
      48.zip/Introduction_To_Flight_J._D._Anderson_Jr._548/CH6/EX6.16.d/        
 
 filename  =
 
 /home/fossee/Downloads/set/set13/s_Introduction_To_Flight_J._D._Anderson_Jr._5 
      48.zip/Introduction_To_Flight_J._D._Anderson_Jr._548/CH6/EX6.16.d//6_16d_ 
      data.sci                                                                  
 
exec(filename)
               !--error 241 
File "/home/fossee/Downloads/set/set13/s_Introduction_To_Flight_J._D._Anderson_Jr._548.zip/Introduction_To_Flight_J._D._Anderson_Jr._548/CH6/EX6.16.d//6_16d_data.sci" does not exist.
at line       3 of exec file called by :    
rson_Jr._548/CH6/EX6.16.d/6_16d.sce',-1
 
ERROR: Introduction_To_Flight_J._D._Anderson_Jr._548/CH6/EX6.17/6_17.sce
 pathname  =
 
 /home/fossee/Downloads/set/set13/s_Introduction_To_Flight_J._D._Anderson_Jr._5 
      48.zip/Introduction_To_Flight_J._D._Anderson_Jr._548/CH6/EX6.17/          
 
 filename  =
 
 /home/fossee/Downloads/set/set13/s_Introduction_To_Flight_J._D._Anderson_Jr._5 
      48.zip/Introduction_To_Flight_J._D._Anderson_Jr._548/CH6/EX6.17//6_17data 
      .sci                                                                      
 
exec(filename)
               !--error 241 
File "/home/fossee/Downloads/set/set13/s_Introduction_To_Flight_J._D._Anderson_Jr._548.zip/Introduction_To_Flight_J._D._Anderson_Jr._548/CH6/EX6.17//6_17data.sci" does not exist.
at line       3 of exec file called by :    
nderson_Jr._548/CH6/EX6.17/6_17.sce',-1
 
ERROR: Introduction_To_Flight_J._D._Anderson_Jr._548/CH6/EX6.18/6_18.sce
 pathname  =
 
 /home/fossee/Downloads/set/set13/s_Introduction_To_Flight_J._D._Anderson_Jr._5 
      48.zip/Introduction_To_Flight_J._D._Anderson_Jr._548/CH6/EX6.18/          
 
 filename  =
 
 /home/fossee/Downloads/set/set13/s_Introduction_To_Flight_J._D._Anderson_Jr._5 
      48.zip/Introduction_To_Flight_J._D._Anderson_Jr._548/CH6/EX6.18//6_18data 
      .sci                                                                      
 
exec(filename)
               !--error 241 
File "/home/fossee/Downloads/set/set13/s_Introduction_To_Flight_J._D._Anderson_Jr._548.zip/Introduction_To_Flight_J._D._Anderson_Jr._548/CH6/EX6.18//6_18data.sci" does not exist.
at line       3 of exec file called by :    
nderson_Jr._548/CH6/EX6.18/6_18.sce',-1
 
ERROR: Introduction_To_Flight_J._D._Anderson_Jr._548/CH6/EX6.19.a/6_19a.sce
 pathname  =
 
 /home/fossee/Downloads/set/set13/s_Introduction_To_Flight_J._D._Anderson_Jr._5 
      48.zip/Introduction_To_Flight_J._D._Anderson_Jr._548/CH6/EX6.19.a/        
 
 filename  =
 
 /home/fossee/Downloads/set/set13/s_Introduction_To_Flight_J._D._Anderson_Jr._5 
      48.zip/Introduction_To_Flight_J._D._Anderson_Jr._548/CH6/EX6.19.a//6_19da 
      ta.sci                                                                    
 
exec(filename)
               !--error 241 
File "/home/fossee/Downloads/set/set13/s_Introduction_To_Flight_J._D._Anderson_Jr._548.zip/Introduction_To_Flight_J._D._Anderson_Jr._548/CH6/EX6.19.a//6_19data.sci" does not exist.
at line       3 of exec file called by :    
rson_Jr._548/CH6/EX6.19.a/6_19a.sce',-1
 
ERROR: Introduction_To_Flight_J._D._Anderson_Jr._548/CH6/EX6.19.b/6_19b.sce
 pathname  =
 
 /home/fossee/Downloads/set/set13/s_Introduction_To_Flight_J._D._Anderson_Jr._5 
      48.zip/Introduction_To_Flight_J._D._Anderson_Jr._548/CH6/EX6.19.b/        
 
 filename  =
 
 /home/fossee/Downloads/set/set13/s_Introduction_To_Flight_J._D._Anderson_Jr._5 
      48.zip/Introduction_To_Flight_J._D._Anderson_Jr._548/CH6/EX6.19.b//6_19da 
      ta.sci                                                                    
 
exec(filename)
               !--error 241 
File "/home/fossee/Downloads/set/set13/s_Introduction_To_Flight_J._D._Anderson_Jr._548.zip/Introduction_To_Flight_J._D._Anderson_Jr._548/CH6/EX6.19.b//6_19data.sci" does not exist.
at line       3 of exec file called by :    
rson_Jr._548/CH6/EX6.19.b/6_19b.sce',-1
 
ERROR: Introduction_To_Flight_J._D._Anderson_Jr._548/CH6/EX6.19.c/6_19c.sce
 pathname  =
 
 /home/fossee/Downloads/set/set13/s_Introduction_To_Flight_J._D._Anderson_Jr._5 
      48.zip/Introduction_To_Flight_J._D._Anderson_Jr._548/CH6/EX6.19.c/        
 
 filename  =
 
 /home/fossee/Downloads/set/set13/s_Introduction_To_Flight_J._D._Anderson_Jr._5 
      48.zip/Introduction_To_Flight_J._D._Anderson_Jr._548/CH6/EX6.19.c//6_19da 
      ta.sci                                                                    
 
exec(filename)
               !--error 241 
File "/home/fossee/Downloads/set/set13/s_Introduction_To_Flight_J._D._Anderson_Jr._548.zip/Introduction_To_Flight_J._D._Anderson_Jr._548/CH6/EX6.19.c//6_19data.sci" does not exist.
at line       3 of exec file called by :    
rson_Jr._548/CH6/EX6.19.c/6_19c.sce',-1
 
ERROR: Introduction_To_Flight_J._D._Anderson_Jr._548/CH6/EX6.19.d/6_19d.sce
 pathname  =
 
 /home/fossee/Downloads/set/set13/s_Introduction_To_Flight_J._D._Anderson_Jr._5 
      48.zip/Introduction_To_Flight_J._D._Anderson_Jr._548/CH6/EX6.19.d/        
 
 filename  =
 
 /home/fossee/Downloads/set/set13/s_Introduction_To_Flight_J._D._Anderson_Jr._5 
      48.zip/Introduction_To_Flight_J._D._Anderson_Jr._548/CH6/EX6.19.d//6_19da 
      ta.sci                                                                    
 
exec(filename)
               !--error 241 
File "/home/fossee/Downloads/set/set13/s_Introduction_To_Flight_J._D._Anderson_Jr._548.zip/Introduction_To_Flight_J._D._Anderson_Jr._548/CH6/EX6.19.d//6_19data.sci" does not exist.
at line       3 of exec file called by :    
rson_Jr._548/CH6/EX6.19.d/6_19d.sce',-1
 
ERROR: Introduction_To_Flight_J._D._Anderson_Jr._548/CH6/EX6.20/6_20.sce
errcatch(-1,"stop");mode(2);pathname=get_absolute_file_path('6.20.sce')
                                                                 !--error 999 
get_absolute_file_path: The file 6.20.sce is not opened in scilab.
at line       1 of exec file called by :    
nderson_Jr._548/CH6/EX6.20/6_20.sce',-1
 
ERROR: Introduction_To_Flight_J._D._Anderson_Jr._548/CH7/EX7.2/7_02.sce
 pathname  =
 
 /home/fossee/Downloads/set/set13/s_Introduction_To_Flight_J._D._Anderson_Jr._5 
      48.zip/Introduction_To_Flight_J._D._Anderson_Jr._548/CH7/EX7.2/           
 
 filename  =
 
 /home/fossee/Downloads/set/set13/s_Introduction_To_Flight_J._D._Anderson_Jr._5 
      48.zip/Introduction_To_Flight_J._D._Anderson_Jr._548/CH7/EX7.2//7_02data. 
      sci                                                                       
 
exec(filename)
               !--error 241 
File "/home/fossee/Downloads/set/set13/s_Introduction_To_Flight_J._D._Anderson_Jr._548.zip/Introduction_To_Flight_J._D._Anderson_Jr._548/CH7/EX7.2//7_02data.sci" does not exist.
at line       3 of exec file called by :    
Anderson_Jr._548/CH7/EX7.2/7_02.sce',-1
 
ERROR: Introduction_To_Flight_J._D._Anderson_Jr._548/CH7/EX7.3/7_03.sce
 pathname  =
 
 /home/fossee/Downloads/set/set13/s_Introduction_To_Flight_J._D._Anderson_Jr._5 
      48.zip/Introduction_To_Flight_J._D._Anderson_Jr._548/CH7/EX7.3/           
 
 filename  =
 
 /home/fossee/Downloads/set/set13/s_Introduction_To_Flight_J._D._Anderson_Jr._5 
      48.zip/Introduction_To_Flight_J._D._Anderson_Jr._548/CH7/EX7.3//7_03data. 
      sci                                                                       
 
exec(filename)
               !--error 241 
File "/home/fossee/Downloads/set/set13/s_Introduction_To_Flight_J._D._Anderson_Jr._548.zip/Introduction_To_Flight_J._D._Anderson_Jr._548/CH7/EX7.3//7_03data.sci" does not exist.
at line       3 of exec file called by :    
Anderson_Jr._548/CH7/EX7.3/7_03.sce',-1
 
ERROR: Introduction_To_Flight_J._D._Anderson_Jr._548/CH7/EX7.4/7_04.sce
 pathname  =
 
 /home/fossee/Downloads/set/set13/s_Introduction_To_Flight_J._D._Anderson_Jr._5 
      48.zip/Introduction_To_Flight_J._D._Anderson_Jr._548/CH7/EX7.4/           
 
 filename  =
 
 /home/fossee/Downloads/set/set13/s_Introduction_To_Flight_J._D._Anderson_Jr._5 
      48.zip/Introduction_To_Flight_J._D._Anderson_Jr._548/CH7/EX7.4//7_04data. 
      sci                                                                       
 
exec(filename)
               !--error 241 
File "/home/fossee/Downloads/set/set13/s_Introduction_To_Flight_J._D._Anderson_Jr._548.zip/Introduction_To_Flight_J._D._Anderson_Jr._548/CH7/EX7.4//7_04data.sci" does not exist.
at line       3 of exec file called by :    
Anderson_Jr._548/CH7/EX7.4/7_04.sce',-1
 
ERROR: Introduction_To_Flight_J._D._Anderson_Jr._548/CH7/EX7.5/7_05.sce
 pathname  =
 
 /home/fossee/Downloads/set/set13/s_Introduction_To_Flight_J._D._Anderson_Jr._5 
      48.zip/Introduction_To_Flight_J._D._Anderson_Jr._548/CH7/EX7.5/           
 
 filename  =
 
 /home/fossee/Downloads/set/set13/s_Introduction_To_Flight_J._D._Anderson_Jr._5 
      48.zip/Introduction_To_Flight_J._D._Anderson_Jr._548/CH7/EX7.5//7_05data. 
      sci                                                                       
 
exec(filename)
               !--error 241 
File "/home/fossee/Downloads/set/set13/s_Introduction_To_Flight_J._D._Anderson_Jr._548.zip/Introduction_To_Flight_J._D._Anderson_Jr._548/CH7/EX7.5//7_05data.sci" does not exist.
at line       3 of exec file called by :    
Anderson_Jr._548/CH7/EX7.5/7_05.sce',-1
 
ERROR: Introduction_To_Flight_J._D._Anderson_Jr._548/CH7/EX7.6/7_06.sce
 pathname  =
 
 /home/fossee/Downloads/set/set13/s_Introduction_To_Flight_J._D._Anderson_Jr._5 
      48.zip/Introduction_To_Flight_J._D._Anderson_Jr._548/CH7/EX7.6/           
 
 filename  =
 
 /home/fossee/Downloads/set/set13/s_Introduction_To_Flight_J._D._Anderson_Jr._5 
      48.zip/Introduction_To_Flight_J._D._Anderson_Jr._548/CH7/EX7.6//7_06data. 
      sci                                                                       
 
exec(filename)
               !--error 241 
File "/home/fossee/Downloads/set/set13/s_Introduction_To_Flight_J._D._Anderson_Jr._548.zip/Introduction_To_Flight_J._D._Anderson_Jr._548/CH7/EX7.6//7_06data.sci" does not exist.
at line       3 of exec file called by :    
Anderson_Jr._548/CH7/EX7.6/7_06.sce',-1
 
ERROR: Introduction_To_Flight_J._D._Anderson_Jr._548/CH7/EX7.7/7_07.sce
 pathname  =
 
 /home/fossee/Downloads/set/set13/s_Introduction_To_Flight_J._D._Anderson_Jr._5 
      48.zip/Introduction_To_Flight_J._D._Anderson_Jr._548/CH7/EX7.7/           
 
 filename  =
 
 /home/fossee/Downloads/set/set13/s_Introduction_To_Flight_J._D._Anderson_Jr._5 
      48.zip/Introduction_To_Flight_J._D._Anderson_Jr._548/CH7/EX7.7//7_07data. 
      sci                                                                       
 
exec(filename)
               !--error 241 
File "/home/fossee/Downloads/set/set13/s_Introduction_To_Flight_J._D._Anderson_Jr._548.zip/Introduction_To_Flight_J._D._Anderson_Jr._548/CH7/EX7.7//7_07data.sci" does not exist.
at line       3 of exec file called by :    
Anderson_Jr._548/CH7/EX7.7/7_07.sce',-1
 
ERROR: Introduction_To_Flight_J._D._Anderson_Jr._548/CH7/EX7.8/7_08.sce
 pathname  =
 
 /home/fossee/Downloads/set/set13/s_Introduction_To_Flight_J._D._Anderson_Jr._5 
      48.zip/Introduction_To_Flight_J._D._Anderson_Jr._548/CH7/EX7.8/           
 
 filename  =
 
 /home/fossee/Downloads/set/set13/s_Introduction_To_Flight_J._D._Anderson_Jr._5 
      48.zip/Introduction_To_Flight_J._D._Anderson_Jr._548/CH7/EX7.8//7_08data. 
      sci                                                                       
 
exec(filename)
               !--error 241 
File "/home/fossee/Downloads/set/set13/s_Introduction_To_Flight_J._D._Anderson_Jr._548.zip/Introduction_To_Flight_J._D._Anderson_Jr._548/CH7/EX7.8//7_08data.sci" does not exist.
at line       3 of exec file called by :    
Anderson_Jr._548/CH7/EX7.8/7_08.sce',-1
 
ERROR: Introduction_To_Flight_J._D._Anderson_Jr._548/CH7/EX7.9/7_09.sce
 pathname  =
 
 /home/fossee/Downloads/set/set13/s_Introduction_To_Flight_J._D._Anderson_Jr._5 
      48.zip/Introduction_To_Flight_J._D._Anderson_Jr._548/CH7/EX7.9/           
 
 filename  =
 
 /home/fossee/Downloads/set/set13/s_Introduction_To_Flight_J._D._Anderson_Jr._5 
      48.zip/Introduction_To_Flight_J._D._Anderson_Jr._548/CH7/EX7.9//7_09data. 
      sci                                                                       
 
exec(filename)
               !--error 241 
File "/home/fossee/Downloads/set/set13/s_Introduction_To_Flight_J._D._Anderson_Jr._548.zip/Introduction_To_Flight_J._D._Anderson_Jr._548/CH7/EX7.9//7_09data.sci" does not exist.
at line       3 of exec file called by :    
Anderson_Jr._548/CH7/EX7.9/7_09.sce',-1
 
ERROR: Introduction_To_Flight_J._D._Anderson_Jr._548/CH8/EX8.1/8_01.sce
 pathname  =
 
 /home/fossee/Downloads/set/set13/s_Introduction_To_Flight_J._D._Anderson_Jr._5 
      48.zip/Introduction_To_Flight_J._D._Anderson_Jr._548/CH8/EX8.1/           
 
 filename  =
 
 /home/fossee/Downloads/set/set13/s_Introduction_To_Flight_J._D._Anderson_Jr._5 
      48.zip/Introduction_To_Flight_J._D._Anderson_Jr._548/CH8/EX8.1//8_01data. 
      sci                                                                       
 
exec(filename)
               !--error 241 
File "/home/fossee/Downloads/set/set13/s_Introduction_To_Flight_J._D._Anderson_Jr._548.zip/Introduction_To_Flight_J._D._Anderson_Jr._548/CH8/EX8.1//8_01data.sci" does not exist.
at line       3 of exec file called by :    
Anderson_Jr._548/CH8/EX8.1/8_01.sce',-1
 
ERROR: Introduction_To_Flight_J._D._Anderson_Jr._548/CH8/EX8.2/8_02.sce
 pathname  =
 
 /home/fossee/Downloads/set/set13/s_Introduction_To_Flight_J._D._Anderson_Jr._5 
      48.zip/Introduction_To_Flight_J._D._Anderson_Jr._548/CH8/EX8.2/           
 
 filename  =
 
 /home/fossee/Downloads/set/set13/s_Introduction_To_Flight_J._D._Anderson_Jr._5 
      48.zip/Introduction_To_Flight_J._D._Anderson_Jr._548/CH8/EX8.2//8_02data. 
      sci                                                                       
 
exec(filename)
               !--error 241 
File "/home/fossee/Downloads/set/set13/s_Introduction_To_Flight_J._D._Anderson_Jr._548.zip/Introduction_To_Flight_J._D._Anderson_Jr._548/CH8/EX8.2//8_02data.sci" does not exist.
at line       3 of exec file called by :    
Anderson_Jr._548/CH8/EX8.2/8_02.sce',-1
 
ERROR: Introduction_To_Flight_J._D._Anderson_Jr._548/CH8/EX8.3/8_03.sce
 pathname  =
 
 /home/fossee/Downloads/set/set13/s_Introduction_To_Flight_J._D._Anderson_Jr._5 
      48.zip/Introduction_To_Flight_J._D._Anderson_Jr._548/CH8/EX8.3/           
 
 filename  =
 
 /home/fossee/Downloads/set/set13/s_Introduction_To_Flight_J._D._Anderson_Jr._5 
      48.zip/Introduction_To_Flight_J._D._Anderson_Jr._548/CH8/EX8.3//8_03data. 
      sci                                                                       
 
exec(filename)
               !--error 241 
File "/home/fossee/Downloads/set/set13/s_Introduction_To_Flight_J._D._Anderson_Jr._548.zip/Introduction_To_Flight_J._D._Anderson_Jr._548/CH8/EX8.3//8_03data.sci" does not exist.
at line       3 of exec file called by :    
Anderson_Jr._548/CH8/EX8.3/8_03.sce',-1
 
ERROR: Introduction_To_Flight_J._D._Anderson_Jr._548/CH9/EX9.1/9_01.sce
 pathname  =
 
 /home/fossee/Downloads/set/set13/s_Introduction_To_Flight_J._D._Anderson_Jr._5 
      48.zip/Introduction_To_Flight_J._D._Anderson_Jr._548/CH9/EX9.1/           
 
 filename  =
 
 /home/fossee/Downloads/set/set13/s_Introduction_To_Flight_J._D._Anderson_Jr._5 
      48.zip/Introduction_To_Flight_J._D._Anderson_Jr._548/CH9/EX9.1//9_01data. 
      sci                                                                       
 
exec(filename)
               !--error 241 
File "/home/fossee/Downloads/set/set13/s_Introduction_To_Flight_J._D._Anderson_Jr._548.zip/Introduction_To_Flight_J._D._Anderson_Jr._548/CH9/EX9.1//9_01data.sci" does not exist.
at line       3 of exec file called by :    
Anderson_Jr._548/CH9/EX9.1/9_01.sce',-1
 
ERROR: Introduction_To_Flight_J._D._Anderson_Jr._548/CH9/EX9.2/9_02.sce
 pathname  =
 
 /home/fossee/Downloads/set/set13/s_Introduction_To_Flight_J._D._Anderson_Jr._5 
      48.zip/Introduction_To_Flight_J._D._Anderson_Jr._548/CH9/EX9.2/           
 
 filename  =
 
 /home/fossee/Downloads/set/set13/s_Introduction_To_Flight_J._D._Anderson_Jr._5 
      48.zip/Introduction_To_Flight_J._D._Anderson_Jr._548/CH9/EX9.2//9_02data. 
      sci                                                                       
 
exec(filename)
               !--error 241 
File "/home/fossee/Downloads/set/set13/s_Introduction_To_Flight_J._D._Anderson_Jr._548.zip/Introduction_To_Flight_J._D._Anderson_Jr._548/CH9/EX9.2//9_02data.sci" does not exist.
at line       3 of exec file called by :    
Anderson_Jr._548/CH9/EX9.2/9_02.sce',-1
 
ERROR: Introduction_To_Flight_J._D._Anderson_Jr._548/CH9/EX9.3/9_03.sce
 pathname  =
 
 /home/fossee/Downloads/set/set13/s_Introduction_To_Flight_J._D._Anderson_Jr._5 
      48.zip/Introduction_To_Flight_J._D._Anderson_Jr._548/CH9/EX9.3/           
 
 filename  =
 
 /home/fossee/Downloads/set/set13/s_Introduction_To_Flight_J._D._Anderson_Jr._5 
      48.zip/Introduction_To_Flight_J._D._Anderson_Jr._548/CH9/EX9.3//9_03data. 
      sci                                                                       
 
exec(filename)
               !--error 241 
File "/home/fossee/Downloads/set/set13/s_Introduction_To_Flight_J._D._Anderson_Jr._548.zip/Introduction_To_Flight_J._D._Anderson_Jr._548/CH9/EX9.3//9_03data.sci" does not exist.
at line       3 of exec file called by :    
Anderson_Jr._548/CH9/EX9.3/9_03.sce',-1
 
ERROR: Introduction_To_Flight_J._D._Anderson_Jr._548/CH9/EX9.4/9_04.sce
 pathname  =
 
 /home/fossee/Downloads/set/set13/s_Introduction_To_Flight_J._D._Anderson_Jr._5 
      48.zip/Introduction_To_Flight_J._D._Anderson_Jr._548/CH9/EX9.4/           
 
 filename  =
 
 /home/fossee/Downloads/set/set13/s_Introduction_To_Flight_J._D._Anderson_Jr._5 
      48.zip/Introduction_To_Flight_J._D._Anderson_Jr._548/CH9/EX9.4//9_04data. 
      sci                                                                       
 
exec(filename)
               !--error 241 
File "/home/fossee/Downloads/set/set13/s_Introduction_To_Flight_J._D._Anderson_Jr._548.zip/Introduction_To_Flight_J._D._Anderson_Jr._548/CH9/EX9.4//9_04data.sci" does not exist.
at line       3 of exec file called by :    
Anderson_Jr._548/CH9/EX9.4/9_04.sce',-1
 
ERROR: Introduction_To_Flight_J._D._Anderson_Jr._548/CH9/EX9.5/9_05.sce
 pathname  =
 
 /home/fossee/Downloads/set/set13/s_Introduction_To_Flight_J._D._Anderson_Jr._5 
      48.zip/Introduction_To_Flight_J._D._Anderson_Jr._548/CH9/EX9.5/           
 
 filename  =
 
 /home/fossee/Downloads/set/set13/s_Introduction_To_Flight_J._D._Anderson_Jr._5 
      48.zip/Introduction_To_Flight_J._D._Anderson_Jr._548/CH9/EX9.5//9_05data. 
      sci                                                                       
 
exec(filename)
               !--error 241 
File "/home/fossee/Downloads/set/set13/s_Introduction_To_Flight_J._D._Anderson_Jr._548.zip/Introduction_To_Flight_J._D._Anderson_Jr._548/CH9/EX9.5//9_05data.sci" does not exist.
at line       3 of exec file called by :    
Anderson_Jr._548/CH9/EX9.5/9_05.sce',-1
 
ERROR: Introduction_To_Flight_J._D._Anderson_Jr._548/CH10/EX10.1/10_01.sce
 pathname  =
 
 /home/fossee/Downloads/set/set13/s_Introduction_To_Flight_J._D._Anderson_Jr._5 
      48.zip/Introduction_To_Flight_J._D._Anderson_Jr._548/CH10/EX10.1/         
 
 filename  =
 
 /home/fossee/Downloads/set/set13/s_Introduction_To_Flight_J._D._Anderson_Jr._5 
      48.zip/Introduction_To_Flight_J._D._Anderson_Jr._548/CH10/EX10.1//10_01da 
      ta.sci                                                                    
 
exec(filename)
               !--error 241 
File "/home/fossee/Downloads/set/set13/s_Introduction_To_Flight_J._D._Anderson_Jr._548.zip/Introduction_To_Flight_J._D._Anderson_Jr._548/CH10/EX10.1//10_01data.sci" does not exist.
at line       3 of exec file called by :    
erson_Jr._548/CH10/EX10.1/10_01.sce',-1
 
ERROR: Introduction_To_Flight_J._D._Anderson_Jr._548/CH10/EX10.2/10_02.sce
 pathname  =
 
 /home/fossee/Downloads/set/set13/s_Introduction_To_Flight_J._D._Anderson_Jr._5 
      48.zip/Introduction_To_Flight_J._D._Anderson_Jr._548/CH10/EX10.2/         
 
 filename  =
 
 /home/fossee/Downloads/set/set13/s_Introduction_To_Flight_J._D._Anderson_Jr._5 
      48.zip/Introduction_To_Flight_J._D._Anderson_Jr._548/CH10/EX10.2//10_02da 
      ta.sci                                                                    
 
exec(filename)
               !--error 241 
File "/home/fossee/Downloads/set/set13/s_Introduction_To_Flight_J._D._Anderson_Jr._548.zip/Introduction_To_Flight_J._D._Anderson_Jr._548/CH10/EX10.2//10_02data.sci" does not exist.
at line       3 of exec file called by :    
erson_Jr._548/CH10/EX10.2/10_02.sce',-1
 
ERROR: Introduction_To_Flight_J._D._Anderson_Jr._548/CH11/EX11.1/11_01.sce
 pathname  =
 
 /home/fossee/Downloads/set/set13/s_Introduction_To_Flight_J._D._Anderson_Jr._5 
      48.zip/Introduction_To_Flight_J._D._Anderson_Jr._548/CH11/EX11.1/         
 
 filename  =
 
 /home/fossee/Downloads/set/set13/s_Introduction_To_Flight_J._D._Anderson_Jr._5 
      48.zip/Introduction_To_Flight_J._D._Anderson_Jr._548/CH11/EX11.1//11_01da 
      ta.sci                                                                    
 
exec(filename)
               !--error 241 
File "/home/fossee/Downloads/set/set13/s_Introduction_To_Flight_J._D._Anderson_Jr._548.zip/Introduction_To_Flight_J._D._Anderson_Jr._548/CH11/EX11.1//11_01data.sci" does not exist.
at line       3 of exec file called by :    
erson_Jr._548/CH11/EX11.1/11_01.sce',-1
 
