ERROR: Introduction_To_Flight_J._D._Anderson_Jr._548/CH5/EX5.10/5_10.sce
 pathname  =
 
 /home/fossee/Downloads/set/set13/s_Introduction_To_Flight_J._D._Anderson_Jr._5 
      48.zip/Introduction_To_Flight_J._D._Anderson_Jr._548/CH5/EX5.10/          
 
 filename  =
 
 /home/fossee/Downloads/set/set13/s_Introduction_To_Flight_J._D._Anderson_Jr._5 
      48.zip/Introduction_To_Flight_J._D._Anderson_Jr._548/CH5/EX5.10//5_10_dat 
      a.sci                                                                     
 
exec(filename)
               !--error 241 
File "/home/fossee/Downloads/set/set13/s_Introduction_To_Flight_J._D._Anderson_Jr._548.zip/Introduction_To_Flight_J._D._Anderson_Jr._548/CH5/EX5.10//5_10_data.sci" does not exist.
at line       3 of exec file called by :    
nderson_Jr._548/CH5/EX5.10/5_10.sce',-1
 
ERROR: Introduction_To_Flight_J._D._Anderson_Jr._548/CH6/EX6.1.a/6_1a.sce
 pathname  =
 
 /home/fossee/Downloads/set/set13/s_Introduction_To_Flight_J._D._Anderson_Jr._5 
      48.zip/Introduction_To_Flight_J._D._Anderson_Jr._548/CH6/EX6.1.a/         
 
 filename  =
 
 /home/fossee/Downloads/set/set13/s_Introduction_To_Flight_J._D._Anderson_Jr._5 
      48.zip/Introduction_To_Flight_J._D._Anderson_Jr._548/CH6/EX6.1.a//6_1a_da 
      ta.sci                                                                    
 
exec(filename)
               !--error 241 
File "/home/fossee/Downloads/set/set13/s_Introduction_To_Flight_J._D._Anderson_Jr._548.zip/Introduction_To_Flight_J._D._Anderson_Jr._548/CH6/EX6.1.a//6_1a_data.sci" does not exist.
at line       3 of exec file called by :    
derson_Jr._548/CH6/EX6.1.a/6_1a.sce',-1
 
ERROR: Introduction_To_Flight_J._D._Anderson_Jr._548/CH6/EX6.1.b/6_1b.sce
 pathname  =
 
 /home/fossee/Downloads/set/set13/s_Introduction_To_Flight_J._D._Anderson_Jr._5 
      48.zip/Introduction_To_Flight_J._D._Anderson_Jr._548/CH6/EX6.1.b/         
 
 filename  =
 
 /home/fossee/Downloads/set/set13/s_Introduction_To_Flight_J._D._Anderson_Jr._5 
      48.zip/Introduction_To_Flight_J._D._Anderson_Jr._548/CH6/EX6.1.b//6_1b_da 
      ta.sci                                                                    
 
exec(filename)
               !--error 241 
File "/home/fossee/Downloads/set/set13/s_Introduction_To_Flight_J._D._Anderson_Jr._548.zip/Introduction_To_Flight_J._D._Anderson_Jr._548/CH6/EX6.1.b//6_1b_data.sci" does not exist.
at line       3 of exec file called by :    
derson_Jr._548/CH6/EX6.1.b/6_1b.sce',-1
 
ERROR: Introduction_To_Flight_J._D._Anderson_Jr._548/CH6/EX6.3.a/6_3a.sce
 pathname  =
 
 /home/fossee/Downloads/set/set13/s_Introduction_To_Flight_J._D._Anderson_Jr._5 
      48.zip/Introduction_To_Flight_J._D._Anderson_Jr._548/CH6/EX6.3.a/         
 
 filename  =
 
 /home/fossee/Downloads/set/set13/s_Introduction_To_Flight_J._D._Anderson_Jr._5 
      48.zip/Introduction_To_Flight_J._D._Anderson_Jr._548/CH6/EX6.3.a//6_3a_da 
      ta.sci                                                                    
 
exec(filename)
               !--error 241 
File "/home/fossee/Downloads/set/set13/s_Introduction_To_Flight_J._D._Anderson_Jr._548.zip/Introduction_To_Flight_J._D._Anderson_Jr._548/CH6/EX6.3.a//6_3a_data.sci" does not exist.
at line       3 of exec file called by :    
derson_Jr._548/CH6/EX6.3.a/6_3a.sce',-1
 
ERROR: Introduction_To_Flight_J._D._Anderson_Jr._548/CH6/EX6.3.b/6_3b.sce
 pathname  =
 
 /home/fossee/Downloads/set/set13/s_Introduction_To_Flight_J._D._Anderson_Jr._5 
      48.zip/Introduction_To_Flight_J._D._Anderson_Jr._548/CH6/EX6.3.b/         
 
 filename  =
 
 /home/fossee/Downloads/set/set13/s_Introduction_To_Flight_J._D._Anderson_Jr._5 
      48.zip/Introduction_To_Flight_J._D._Anderson_Jr._548/CH6/EX6.3.b//6_3b_da 
      ta.sci                                                                    
 
exec(filename)
               !--error 241 
File "/home/fossee/Downloads/set/set13/s_Introduction_To_Flight_J._D._Anderson_Jr._548.zip/Introduction_To_Flight_J._D._Anderson_Jr._548/CH6/EX6.3.b//6_3b_data.sci" does not exist.
at line       3 of exec file called by :    
derson_Jr._548/CH6/EX6.3.b/6_3b.sce',-1
 
ERROR: Introduction_To_Flight_J._D._Anderson_Jr._548/CH6/EX6.4.a/6_4a.sce
 pathname  =
 
 /home/fossee/Downloads/set/set13/s_Introduction_To_Flight_J._D._Anderson_Jr._5 
      48.zip/Introduction_To_Flight_J._D._Anderson_Jr._548/CH6/EX6.4.a/         
 
 filename  =
 
 /home/fossee/Downloads/set/set13/s_Introduction_To_Flight_J._D._Anderson_Jr._5 
      48.zip/Introduction_To_Flight_J._D._Anderson_Jr._548/CH6/EX6.4.a//6_4a_da 
      ta.sci                                                                    
 
exec(filename)
               !--error 241 
File "/home/fossee/Downloads/set/set13/s_Introduction_To_Flight_J._D._Anderson_Jr._548.zip/Introduction_To_Flight_J._D._Anderson_Jr._548/CH6/EX6.4.a//6_4a_data.sci" does not exist.
at line       3 of exec file called by :    
derson_Jr._548/CH6/EX6.4.a/6_4a.sce',-1
 
ERROR: Introduction_To_Flight_J._D._Anderson_Jr._548/CH6/EX6.4.b/6_4b.sce
 pathname  =
 
 /home/fossee/Downloads/set/set13/s_Introduction_To_Flight_J._D._Anderson_Jr._5 
      48.zip/Introduction_To_Flight_J._D._Anderson_Jr._548/CH6/EX6.4.b/         
 
 filename  =
 
 /home/fossee/Downloads/set/set13/s_Introduction_To_Flight_J._D._Anderson_Jr._5 
      48.zip/Introduction_To_Flight_J._D._Anderson_Jr._548/CH6/EX6.4.b//6_4b_da 
      ta.sci                                                                    
 
exec(filename)
               !--error 241 
File "/home/fossee/Downloads/set/set13/s_Introduction_To_Flight_J._D._Anderson_Jr._548.zip/Introduction_To_Flight_J._D._Anderson_Jr._548/CH6/EX6.4.b//6_4b_data.sci" does not exist.
at line       3 of exec file called by :    
derson_Jr._548/CH6/EX6.4.b/6_4b.sce',-1
 
ERROR: Introduction_To_Flight_J._D._Anderson_Jr._548/CH6/EX6.5/6_05.sce
 pathname  =
 
 /home/fossee/Downloads/set/set13/s_Introduction_To_Flight_J._D._Anderson_Jr._5 
      48.zip/Introduction_To_Flight_J._D._Anderson_Jr._548/CH6/EX6.5/           
 
 filename  =
 
 /home/fossee/Downloads/set/set13/s_Introduction_To_Flight_J._D._Anderson_Jr._5 
      48.zip/Introduction_To_Flight_J._D._Anderson_Jr._548/CH6/EX6.5//6_05data. 
      sci                                                                       
 
exec(filename)
               !--error 241 
File "/home/fossee/Downloads/set/set13/s_Introduction_To_Flight_J._D._Anderson_Jr._548.zip/Introduction_To_Flight_J._D._Anderson_Jr._548/CH6/EX6.5//6_05data.sci" does not exist.
at line       3 of exec file called by :    
Anderson_Jr._548/CH6/EX6.5/6_05.sce',-1
 
ERROR: Introduction_To_Flight_J._D._Anderson_Jr._548/CH6/EX6.6/6_06.sce
 pathname  =
 
 /home/fossee/Downloads/set/set13/s_Introduction_To_Flight_J._D._Anderson_Jr._5 
      48.zip/Introduction_To_Flight_J._D._Anderson_Jr._548/CH6/EX6.6/           
 
 filename  =
 
 /home/fossee/Downloads/set/set13/s_Introduction_To_Flight_J._D._Anderson_Jr._5 
      48.zip/Introduction_To_Flight_J._D._Anderson_Jr._548/CH6/EX6.6//6_06data. 
      sci                                                                       
 
exec(filename)
               !--error 241 
File "/home/fossee/Downloads/set/set13/s_Introduction_To_Flight_J._D._Anderson_Jr._548.zip/Introduction_To_Flight_J._D._Anderson_Jr._548/CH6/EX6.6//6_06data.sci" does not exist.
at line       3 of exec file called by :    
Anderson_Jr._548/CH6/EX6.6/6_06.sce',-1
 
ERROR: Introduction_To_Flight_J._D._Anderson_Jr._548/CH6/EX6.12/6_12.sce
 pathname  =
 
 /home/fossee/Downloads/set/set13/s_Introduction_To_Flight_J._D._Anderson_Jr._5 
      48.zip/Introduction_To_Flight_J._D._Anderson_Jr._548/CH6/EX6.12/          
 
 filename  =
 
 /home/fossee/Downloads/set/set13/s_Introduction_To_Flight_J._D._Anderson_Jr._5 
      48.zip/Introduction_To_Flight_J._D._Anderson_Jr._548/CH6/EX6.12//6_12data 
      .sci                                                                      
 
exec(filename)
               !--error 241 
File "/home/fossee/Downloads/set/set13/s_Introduction_To_Flight_J._D._Anderson_Jr._548.zip/Introduction_To_Flight_J._D._Anderson_Jr._548/CH6/EX6.12//6_12data.sci" does not exist.
at line       3 of exec file called by :    
nderson_Jr._548/CH6/EX6.12/6_12.sce',-1
 
ERROR: Introduction_To_Flight_J._D._Anderson_Jr._548/CH6/EX6.13/6_13.sce
 pathname  =
 
 /home/fossee/Downloads/set/set13/s_Introduction_To_Flight_J._D._Anderson_Jr._5 
      48.zip/Introduction_To_Flight_J._D._Anderson_Jr._548/CH6/EX6.13/          
 
 filename  =
 
 /home/fossee/Downloads/set/set13/s_Introduction_To_Flight_J._D._Anderson_Jr._5 
      48.zip/Introduction_To_Flight_J._D._Anderson_Jr._548/CH6/EX6.13//6_13data 
      .sci                                                                      
 
exec(filename)
               !--error 241 
File "/home/fossee/Downloads/set/set13/s_Introduction_To_Flight_J._D._Anderson_Jr._548.zip/Introduction_To_Flight_J._D._Anderson_Jr._548/CH6/EX6.13//6_13data.sci" does not exist.
at line       3 of exec file called by :    
nderson_Jr._548/CH6/EX6.13/6_13.sce',-1
 
ERROR: Introduction_To_Flight_J._D._Anderson_Jr._548/CH6/EX6.2/602.sce
 pathname  =
 
 /home/fossee/Downloads/set/set13/s_Introduction_To_Flight_J._D._Anderson_Jr._5 
      48.zip/Introduction_To_Flight_J._D._Anderson_Jr._548/CH6/EX6.2/           
 
 filename  =
 
 /home/fossee/Downloads/set/set13/s_Introduction_To_Flight_J._D._Anderson_Jr._5 
      48.zip/Introduction_To_Flight_J._D._Anderson_Jr._548/CH6/EX6.2//602data.s 
      ci                                                                        
 
exec(filename)
               !--error 241 
File "/home/fossee/Downloads/set/set13/s_Introduction_To_Flight_J._D._Anderson_Jr._548.zip/Introduction_To_Flight_J._D._Anderson_Jr._548/CH6/EX6.2//602data.sci" does not exist.
at line       3 of exec file called by :    
_Anderson_Jr._548/CH6/EX6.2/602.sce',-1
 
