/home/fossee/Downloads/set/set7/s_Electronic_Communication_Systems_R._Blake_761.zip
174
5
/home/fossee/Downloads/set/set7/s_Electronic_Devices_And_Circuits_D._C._Kulshreshtha_2885.zip
107
0
/home/fossee/Downloads/set/set7/s_Electronic_Devices_And_Circuits_D._A._Bell_226.zip
223
27
/home/fossee/Downloads/set/set7/s_Electronic_Principles_A._Malvino_And_D._J._Bates_317.zip
193
3
/home/fossee/Downloads/set/set7/s_Electronic_Instrumentation_H._S._Kalsi_3554.zip
1
72
/home/fossee/Downloads/set/set7/s_Electronics_Devices_And_Circuits_D._A._Bell_1514.zip
44
96
/home/fossee/Downloads/set/set7/s_Electronic_Measurements_And_Instrumentation_R._K._Rajput_2096.zip
169
2
/home/fossee/Downloads/set/set7/s_Electronic_Measurements_And_Instrumentation_P._Sharma_876.zip
85
0
/home/fossee/Downloads/set/set7/s_Electronics_Engineering_P._Raja_2150.zip
180
1
/home/fossee/Downloads/set/set7/s_Electronic_Instrumentation_And_Measurements_D._A._Bell_182.zip
79
6
/home/fossee/Downloads/set/set7/s__elelectronics_instrumentation_and_measurements_U._S._Shah_2195.zip
114
12
/home/fossee/Downloads/set/set7/s_Electronics_Circuits_And_Systems_Y._N._Bapat_2561.zip
120
0
/home/fossee/Downloads/set/set7/s_Electronics_Fundamentals_And_Applications_D._Chattopadhyay_And_P._C._Rakshit_2300.zip
148
0
/home/fossee/Downloads/set/set7/s_Electronics_Devices_And_Circuits_S._Salivahanan,_N._S._Kumar_And_A._Vallavaraj_991.zip
0
0
/home/fossee/Downloads/set/set7/s_Electronic_Devices_And_Circuits_B._Kumar_And_S._B._Jain_135.zip
138
12
/home/fossee/Downloads/set/set7/s_Electronic_Devices_And_Circuits__J._Paul_2045.zip
179
0
/home/fossee/Downloads/set/set7/s_Electronic_Devices_T._L._Floyd_61.zip
138
27
/home/fossee/Downloads/set/set7/s_Electronic_Instrumentation_And_Measurements_U._A._Bakshi,_A._V._Bakshi_And_K._A._Bakshi_2360.zip
0
0
/home/fossee/Downloads/set/set7/s_Electronic_Devices_And_Circuits_I._J._Nagrath_3041.zip
148
8
/home/fossee/Downloads/set/set7/s_Electronic_Devices_And_Circuits_S._L._Kakani_And_K._C._Bhandari_2825.zip
165
5
/home/fossee/Downloads/set/set7/s_Electronic_Instrumentation_And_Measurements_J._B._Gupta_1859.zip
129
0
/home/fossee/Downloads/set/set7/s_Electronics_Devices_And_Circuits_G._S._N._Raju_2534.zip
159
0
/home/fossee/Downloads/set/set7/s_Electronic_Devices_And_Circuits_K._L._Kishore_1511.zip
111
0
/home/fossee/Downloads/set/set7/s_Electronics_Devices_And_Circuit_Theory_R._L._Boylestad_And_L._Nashelsky_69.zip
222
14
/home/fossee/Downloads/set/set7/s_Electronic_Devices_K._C._Nandi_2129.zip
97
2
