grepthis#Engineering_Physics_G._Vijayakumari_1931/CH3/EX3.1/1.sce #
[2J[0;0H 
 
 
 x1  =
 
    Inf  
 
 y1  =
 
    0.5  
 
 z1  =
 
    Inf  
 
 x2  =
 
    1.  
 
 y2  =
 
    0.5  
 
 z2  =
 
    Inf  
 
 x3  =
 
    0.5  
 
 y3  =
 
    0.5  
 
 z3  =
 
    Inf  
 
 
 
 p1  =
 
    0.  
 
 q1  =
 
    2.  
 
 r1  =
 
    0.  
 
 p2  =
 
    1.  
 
 q2  =
 
    2.  
 
 r2  =
 
    0.  
 
 p3  =
 
    2.  
 
 q3  =
 
    2.  
 
 r3  =
 
    0.  
 
 
 
The miller indices of plane shown in figure 3.15(a) is (0 2 0) 
 The miller indices of plane shown in figure 3.15(b) is (1 2 0) 
 The miller indices of plane shown in figure 3.15(c) is (2 2 0)  
 
 
