ERROR: Engineering_Mechanics_A._K._Tayal__3204/CH8/EX8.2/Ex8_2.sce
 
 V_r  =
 
    20.  
 
 
 
 W  =
 
    30.   
    40.   
    50.   
    60.   
    70.   
    80.   
    90.   
    100.  
 
 
 P  =
 
    7.    
    8.5   
    10.   
    11.5  
    13.5  
    14.5  
    16.   
    17.5  
 
 M  =
 
   A: [8x1 constant]
 
 
 n  =
 
    21.428571  
    23.529412  
    25.        
    26.086957  
    25.925926  
    27.586207  
    28.125     
    28.571429  
 
 
 
 
 
 x  =
 
    0.    
    30.   
    40.   
    50.   
    60.   
    70.   
    80.   
    90.   
    100.  
 
 y  =
 
    0.         
    21.428571  
    23.529412  
    25.        
    26.086957  
    25.925926  
    27.586207  
    28.125     
    28.571429  
 
 
 
 
 
 
[2J[0;0H 
The graph is the solution 
 
 
 
xinit('/home/fossee/Downloads/tbc_graphs/Engineering_Mechanics_A._K._Tayal__3204/Ex8_2');xend();exit();
                                                                                                !--error 999 
xend: An error occurred: Unable to create export file, permission denied.
at line      27 of exec file called by :    
exec('SCI/etc/scilab.start',-1);;exec('Engineering_Mechanics_A._K._Tayal__3204/CH8/EX8.2/Ex8_2.sce',-1)
 
ERROR: Engineering_Mechanics_A._K._Tayal__3204/CH25/EX25.5/Ex25_5.sce
 
 L_AB  =
 
    3.  
 
 L_AC  =
 
    1.  
 
 L_BC  =
 
    2.  
 
 M_C  =
 
    12.  
 
 
 
 R_B  =
 
    4.  
 
 R_A  =
 
  - 4.  
 
 
 F_A  =
 
  - 4.  
 
 F_B  =
 
  - 4.  
 
 
 M_A  =
 
    0.  
 
 M_C1  =
 
  - 4.  
 
 M_C2  =
 
    8.  
 
 M_B  =
 
    0.  
 
 
 x  =
 
    0.    
    0.99  
    1.    
    3.    
 
 y  =
 
  - 4.  
  - 4.  
  - 4.  
  - 4.  
 
 a  =
 
    0.    
    0.99  
    1.    
    3.    
 
 b  =
 
    0.  
  - 4.  
    8.  
    0.  
 
 
 
 
 
 
 
 
 
 
[2J[0;0H 
The graphs are the solutions 
 
xinit('/home/fossee/Downloads/tbc_graphs/Engineering_Mechanics_A._K._Tayal__3204/Ex25_5');xend();exit();
                                                                                                 !--error 999 
xend: An error occurred: Unable to create export file, permission denied.
at line      35 of exec file called by :    
exec('SCI/etc/scilab.start',-1);;exec('Engineering_Mechanics_A._K._Tayal__3204/CH25/EX25.5/Ex25_5.sce',-1)
 
ERROR: Engineering_Mechanics_A._K._Tayal__3204/CH25/EX25.7/Ex25_7.sce
 
 L_AD  =
 
    8.  
 
 L_AB  =
 
    2.  
 
 L_BC  =
 
    4.  
 
 L_CD  =
 
    2.  
 
 UDL  =
 
    1.  
 
 P  =
 
    2.  
 
 
 
 
 A  =
 
    1.    1.  
    1.    3.  
 
 B  =
 
    8.   
    30.  
 
 C  =
 
  - 3.   
    11.  
 
 
 
 F_A  =
 
  - 2.  
 
 F_B1  =
 
  - 2.  
 
 F_B2  =
 
  - 5.  
 
 F_C1  =
 
  - 9.  
 
 F_C2  =
 
    2.  
 
 F_D  =
 
    0.  
 
 
 
 M_A  =
 
    0.  
 
 M_B  =
 
  - 4.  
 
 M_C  =
 
  - 32.  
 
 M_D  =
 
    0.  
 
 
 
 L_AE  =
 
    4.5  
 
 M_E  =
 
  - 0.875  
 
 
 x  =
 
    0.    
    1.99  
    2.    
    4.5   
    5.99  
    6.    
    8.    
 
 y  =
 
  - 2.   
  - 2.   
    2.5  
    0.   
  - 1.5  
    2.   
    0.   
 
 a  =
 
    0.   
    2.   
    4.5  
    6.   
    8.   
 
 b  =
 
    0.     
  - 4.     
  - 0.875  
  - 2.     
    0.     
 
 
 
 
 
 
 
 
 
 
[2J[0;0H 
The graphs are the solutions 
 
xinit('/home/fossee/Downloads/tbc_graphs/Engineering_Mechanics_A._K._Tayal__3204/Ex25_7');xend();exit();
                                                                                                 !--error 999 
xend: An error occurred: Unable to create export file, permission denied.
at line      49 of exec file called by :    
exec('SCI/etc/scilab.start',-1);;exec('Engineering_Mechanics_A._K._Tayal__3204/CH25/EX25.7/Ex25_7.sce',-1)
 
