Total number of .sce files(without counting DEPENDENCIES directory): 201

grepthis#Engineering_Mechanics_A._K._Tayal__3204/CH2/EX2.1/Ex_2_1.sce #
 
 P  =
 
    50.  
 
 Q  =
 
    100.  
 
Warning : redefining function: beta                    . Use funcprot(0) to avoid this message

 beta  =
 
    150.  
 
 
 R  =
 
    145.46565  
 
 Alpha  =
 
    35.103909  
 
 
 
The magnitude of resultant is 145.465646 Newton (N) 
 
The direction of resultant is 35.103909 degree 
 
 
grepthis#Engineering_Mechanics_A._K._Tayal__3204/CH2/EX2.2/Ex2_2.sce #
 
 P  =
 
    50.  
 
 Q  =
 
    100.  
 
Warning : redefining function: beta                    . Use funcprot(0) to avoid this message

 beta  =
 
    15.  
 
 theta  =
 
    45.  
 
 
 Rx  =
 
    119.00697  
 
 Ry  =
 
    83.65163  
 
 R  =
 
    145.46565  
 
 alpha  =
 
    35.103909  
 
 
 
The magnitude of the resultant is 145.465646 N 
 
The ange of the resultant with x-axis is 35.103909 degree 
 
 
grepthis#Engineering_Mechanics_A._K._Tayal__3204/CH2/EX2.4/Ex2_4.sce #
 
 Tac  =
 
    3.5  
 
 Tbc  =
 
    3.5  
 
 alpha  =
 
    20.  
 
Warning : redefining function: beta                    . Use funcprot(0) to avoid this message

 beta  =
 
    50.  
 
 
 theta  =
 
    75.  
 
 P  =
 
    4.0150351  
 
 
 
The maximum force that can be applied is 4.015035 kN 
 
The direction of applied force is 75.000000  degree 
 
 
grepthis#Engineering_Mechanics_A._K._Tayal__3204/CH2/EX2.8/Ex2_8.sce #
 
 lAB  =
 
    0.4  
 
 lBC  =
 
    0.3  
 
 
 alpha  =
 
    53.130102  
 
 
 
The angle wich the force should make with the horizontal to keep the edge AB of the body vertical 53.130102 degree 
 
 
grepthis#Engineering_Mechanics_A._K._Tayal__3204/CH2/EX2.9/Ex2_9.sce #
 
 F  =
 
    1000.  
 
 lAB  =
 
    0.5  
 
 lDC  =
 
    0.25  
 
 
 lAC  =
 
    0.3905125  
 
 lBC  =
 
    0.3201562  
 
 Sac  =
 
    781.02497  
 
 Sbc  =
 
    640.31242  
 
 
 
The axial force in the bar AC(by aw of concurrent forces) is 781.024968 N 
 
The axial force in the bar BC(by aw of concurrent forces) is 640.312424 N 
 
 
grepthis#Engineering_Mechanics_A._K._Tayal__3204/CH2/EX2.10/Ex2_10.sce #
 
 F3  =
 
    500.  
 
 alpha  =
 
    60.  
 
Warning : redefining function: beta                    . Use funcprot(0) to avoid this message

 beta  =
 
    40.  
 
 theta  =
 
    80.  
 
 
 
 F1  =
 
    439.69262  
 
 F2  =
 
    326.35182  
 
 
 
The force F1 is 439.692621 N 
 
The force F2 is 326.351822 N 
 
 
grepthis#Engineering_Mechanics_A._K._Tayal__3204/CH2/EX2.11/Ex2_11.sce #
 
 P  =
 
    5000.  
 
 lAB  =
 
    5.  
 
 lOB  =
 
    1.443  
 
 alpha  =
 
    30.  
 
 
 theta  =
 
    16.09814  
 
 Xa  =
 
    4330.127  
 
 Ya  =
 
    1249.6747  
 
 Rb  =
 
    1250.3253  
 
 Ra  =
 
    4506.8489  
 
 
 
The X component of reaction at A is 4330.127019 N 
 
The Y component of reaction at A is 1249.674658 N 
 
The reaction at support A is 4506.848871 N 
 
The reaction at support B is 1250.325342 N 
 
 
 
grepthis#Engineering_Mechanics_A._K._Tayal__3204/CH2/EX2.12/Ex2_12.sce #
 
 W  =
 
    1000.  
 
 OD  =
 
    0.4  
 
 AD  =
 
    0.3  
 
 AO  =
 
    0.5  
 
 
 Ra  =
 
    1250.  
 
 Rc  =
 
    750.  
 
 alpha  =
 
    53.130102  
 
 
 
The reaction at support A is 1250.000000  N 
 
The reaction at support B is 750.000000 N 
 
The angle that Rc makes with horizontal 53.130102 degree 
 
 
grepthis#Engineering_Mechanics_A._K._Tayal__3204/CH2/EX2.13/Ex2_13.sce #
 
 W  =
 
    2500.  
 
 alpha  =
 
    30.  
 
 
 T2  =
 
    2499.  
 
 T1  =
 
    4328.395  
 
 T3  =
 
    2499.  
 
 
 
Tension in portion AB is 4328.394968 N 
 
Tension in portion BC is 2499.000000 N 
 
Tension in portion CD is 2499.000000 N 
 
 
grepthis#Engineering_Mechanics_A._K._Tayal__3204/CH2/EX2.15/Ex2_15.sce #
 
 d  =
 
    0.6  
 
 r  =
 
    0.3  
 
 W  =
 
    1000.  
 
 h  =
 
    0.15  
 
 
 theta  =
 
    30.  
 
 P  =
 
    577.35027  
 
 
 
The force P so that the wheel is just to roll over the block is 577.350269 N 
 
 
grepthis#Engineering_Mechanics_A._K._Tayal__3204/CH2/EX2.16/Ex2_16.sce #
 
 Soa  =
 
    1000.  
 
 alpha  =
 
    45.  
 
 theta  =
 
    67.5  
 
 
 Sab  =
 
    1306.563  
 
 Sah  =
 
    1306.563  
 
 Sob  =
 
    1000.  
 
 
 
The axial force in the bar AB is 1306.562965 N 
 
The axial force in the bar OB is 1000.000000 N 
 
 
grepthis#Engineering_Mechanics_A._K._Tayal__3204/CH2/EX2.17/Ex2_17.sce #
 
 W  =
 
    500.  
 
 alpha  =
 
    25.  
 
Warning : redefining function: beta                    . Use funcprot(0) to avoid this message

 beta  =
 
    65.  
 
 theta  =
 
    90.  
 
 
 Ra  =
 
    453.15389  
 
 Rb  =
 
    211.30913  
 
 
 
The reaction at A is 453.153894 N 
 
The reaction at B is 211.309131 N 
 
 
grepthis#Engineering_Mechanics_A._K._Tayal__3204/CH2/EX2.18/Ex2_18.sce #
 
 Wa  =
 
    1000.  
 
 Wb  =
 
    400.  
 
 Ra  =
 
    0.09  
 
 Rb  =
 
    0.05  
 
 theta  =
 
    33.86  
 
 alpha  =
 
    60.  
 
 
 Rq  =
 
    481.69472  
 
 Rp  =
 
    268.38369  
 
 Rl  =
 
    309.90279  
 
 Rn  =
 
    1245.0486  
 
 
 
The reaction at point P is 268.383687 N 
 
The reaction at point L is 309.902788 N 
 
The reaction at point N is 1245.048606 N 
 
 
grepthis#Engineering_Mechanics_A._K._Tayal__3204/CH2/EX2.19/Ex2_19.sce #
 
 P  =
 
    50.  
 
 Q  =
 
    100.  
 
 alpha  =
 
    30.  
 
 
 theta  =
 
    10.893395  
 
 T  =
 
    66.143783  
 
 
 
The tension in the string is 66.143783 N 
 
The angle wich the string makes with the horizontal when the system is in equilibrium is 10.893395 N 
 
 
grepthis#Engineering_Mechanics_A._K._Tayal__3204/CH2/EX2.20/Ex2_20.sce #
 
 theta1  =
 
    50.5  
 
 theta2  =
 
    36.87  
 
 g  =
 
    9.81  
 
 Wa  =
 
    147.15  
 
 Wb  =
 
    392.4  
 
 Wc  =
 
    196.2  
 
 
 R2  =
 
    254.26873  
 
 R4  =
 
    980.99766  
 
 R6  =
 
    784.79708  
 
 
 
The reaction between the cylinder A and the wall of the channel is 784.797079 N 
 
 
grepthis#Engineering_Mechanics_A._K._Tayal__3204/CH2/EX2.21/Ex2_21.sce #
 
 F  =
 
    1000.  
 
 theta  =
 
    30.  
 
 Lab  =
 
    3.  
 
 Lae  =
 
    2.  
 
 Lce  =
 
    1.  
 
 
 Re  =
 
    750.  
 
 Rd  =
 
    500.  
 
 
 
The reaction at D due to force of 1000 N acting at B is 500.000000 N 
 
 
grepthis#Engineering_Mechanics_A._K._Tayal__3204/CH2/EX2.23/Ex2_23.sce #
 
 W  =
 
    1000.  
 
 r  =
 
    0.3  
 
 h  =
 
    0.15  
 
 
 theta  =
 
    90.  
 
 Pmini  =
 
    866.0254  
 
 
 
The least force required to just turn the wheel over the block is 866.025404 N 
 
The angle wich should be made by Pmini with AC is 90.000000 degree 
 
 
grepthis#Engineering_Mechanics_A._K._Tayal__3204/CH3/EX3.1/Ex3_1.sce #
 
 W  =
 
    1000.  
 
 Lab  =
 
    1.  
 
 Lac  =
 
    0.6  
 
 theta  =
 
    60.  
 
 
 Q  =
 
    600.  
 
 P  =
 
    400.  
 
 
 
The load taken by man P is 400.000000 N 
 
The load taken by man Q is 600.000000 N 
 
 
grepthis#Engineering_Mechanics_A._K._Tayal__3204/CH3/EX3.2/Ex3_2.sce #
 
 F  =
 
    1000.  
 
 Lab  =
 
    1.  
 
 Lbc  =
 
    0.25  
 
 Lac  =
 
    1.25  
 
 
 Rb  =
 
    1250.  
 
 Ra  =
 
    250.  
 
 
 
The reaction (downwards)at support A is 250.000000 N 
 
The reaction (upwards)at support B is 1250.000000 N 
 
 
grepthis#Engineering_Mechanics_A._K._Tayal__3204/CH3/EX3.3/Ex3_3.sce #
 
 Lab  =
 
    12.  
 
 Mc  =
 
    40.  
 
 Md  =
 
    10.  
 
 Me  =
 
    20.  
 
 Fe  =
 
    20.  
 
 
 Xa  =
 
  - 20.  
 
 Rb  =
 
  - 0.8333333  
 
 Ya  =
 
    0.8333333  
 
 
 
The vertical reaction (upwards) at A is 0.833333 kN 
 
The horizontal reaction (towards A) is -20.000000 kN 
 
The reaction (downwards) at B is -0.833333 kN 
 
 
grepthis#Engineering_Mechanics_A._K._Tayal__3204/CH3/EX3.5/Ex3_5.sce #
 
 W  =
 
    1000.  
 
 Lad  =
 
    7.5  
 
 Lae  =
 
    1.5  
 
 La1  =
 
    3.75  
 
 La2  =
 
    5.  
 
 La3  =
 
    6.  
 
 
 
 A  =
 
    1.   - 2.5  
    3.5  - 5.   
 
 B  =
 
    1000.  
    7250.  
 
 C  =
 
    3500.  
    1000.  
 
 
 
 Re  =
 
    833.33333  
 
 Ra  =
 
  - 333.33333  
 
 
 
The reaction at F i.e Rf is 3500.000000 N 
 
The reaction at D i.e Rd is 1000.000000 N 
 
The reaction at pt E i.e Re is 833.333333 N 
 
The reaction at pt A i.e Ra is -333.333333 N 
 
 
grepthis#Engineering_Mechanics_A._K._Tayal__3204/CH3/EX3.6/Ex3_6.sce #
 
 W  =
 
    100.  
 
 AB  =
 
    50.  
 
 CD  =
 
    50.  
 
 
 
 theta  =
 
    15.945396  
 
 
 
The angle theta is 15.945396 degrees 
 
 
grepthis#Engineering_Mechanics_A._K._Tayal__3204/CH3/EX3.7/Ex3_7.sce #
 
 Ws  =
 
    2.  
 
 Wd  =
 
    0.5  
 
 Lab  =
 
    1.  
 
 Led  =
 
    0.8  
 
 Leg  =
 
    0.1  
 
 
 Rc  =
 
    0.6  
 
 Ra  =
 
    0.95  
 
 Rb  =
 
    0.95  
 
 
 
The reaction at wheel A is 0.950000 kN 
 
The reaction at wheel B is 0.950000 kN 
 
The reaction at wheel C is 0.600000 kN 
 
 
grepthis#Engineering_Mechanics_A._K._Tayal__3204/CH3/EX3.8/Ex3_8.sce #
 
 W1  =
 
    15.  
 
 W2  =
 
    60.  
 
 W3  =
 
    10.  
 
 W4  =
 
    25.  
 
 Lab  =
 
    1.2  
 
 Lac  =
 
    0.4  
 
 Lcd  =
 
    0.3  
 
 Ldb  =
 
    0.5  
 
 Lad  =
 
    0.7  
 
 Leb  =
 
    0.417  
 
 
 
 Ry  =
 
  - 60.  
 
 x  =
 
    0.7833333  
 
 
 Ma  =
 
  - 47.  
 
 
 Mb  =
 
    25.02  
 
 
 
The reaction for single force (a) is -60.000000 N 
 
The distance of Ry from A is 0.783333 m 
 
The moment at A is -47.000000 N-m 
 
The moment at B is 25.020000 N-m 
 
 
grepthis#Engineering_Mechanics_A._K._Tayal__3204/CH3/EX3.9/Ex3_9.sce #
 
 Ra  =
 
    5000.  
 
 Ma  =
 
    10000.  
 
 alpha  =
 
    60.  
 
Warning : redefining function: beta                    . Use funcprot(0) to avoid this message

 beta  =
 
    45.  
 
 theta  =
 
    30.  
 
 Lab  =
 
    6.  
 
 Lac  =
 
    1.5  
 
 Lcb  =
 
    4.5  
 
 
 T3  =
 
    4444.4444  
 
 
 A  =
 
  - 0.707    0.8666  
    0.707    0.5     
 
 B  =
 
    2222.2  
    8848.8  
 
 C  =
 
    6786.7561  
    8101.1269  
 
 
 
Tension in wire 1 i.e T1 is 8101.126884 N 
 
Tension in wire 2 i.e T2 is 6786.756093 N 
 
Tension in wire 3 i.e T3 is 4444.444444 N 
 
 
grepthis#Engineering_Mechanics_A._K._Tayal__3204/CH3/EX3.10/Ex3_10.sce #
 
 w  =
 
    2000.  
 
 Lab  =
 
    3.  
 
 
 W  =
 
    3000.  
 
 Lac  =
 
    2.  
 
 Rb  =
 
    2000.  
 
 Ra  =
 
    1000.  
 
 
 
The resultant of the distibuted load lies at 2.000000 m 
 
The reaction at support A is 1000.000000 N 
 
The reaction at support B is 2000.000000 N 
 
 
grepthis#Engineering_Mechanics_A._K._Tayal__3204/CH3/EX3.11/Ex3_11.sce #
 
 w  =
 
    1500.  
 
 x  =
 
    4.  
 
 L  =
 
    4.  
 
 
 k  =
 
    0.0106667  
 
 
 W  =
 
    2000.  
 
 x_bar  =
 
    3.  
 
 
 
The resultant is 2000.000000 N and the line of action of the force is 3.000000 m 
 
 
grepthis#Engineering_Mechanics_A._K._Tayal__3204/CH3/EX3.12/Ex3_12.sce #
 
 w1  =
 
    1.5  
 
 w2  =
 
    4.5  
 
 l  =
 
    6.  
 
 
 
 W1  =
 
    9.  
 
 x1  =
 
    3.  
 
 W2  =
 
    9.  
 
 x2  =
 
    4.  
 
 W  =
 
    18.  
 
 x  =
 
    3.5  
 
 
 
The resultant of the distributed load system is 18.000000 kN 
 
The line of action of the resulting load is 3.500000 m 
 
 
grepthis#Engineering_Mechanics_A._K._Tayal__3204/CH3/EX3.13/Ex3_13.sce #
 
 W1  =
 
    10.  
 
 W2  =
 
    20.  
 
 W3  =
 
    5.  
 
 W4  =
 
    10.  
 
 M  =
 
    25.  
 
 theta  =
 
    30.  
 
 Lad  =
 
    2.  
 
 Leb  =
 
    4.  
 
 Laf  =
 
    6.  
 
 Lac  =
 
    11.  
 
 Lag  =
 
    9.  
 
 Lbc  =
 
    3.  
 
 Lab  =
 
    8.  
 
 
 Xa  =
 
    17.320508  
 
 Rb  =
 
    45.  
 
 Ya  =
 
    10.  
 
 Ra  =
 
    20.  
 
 
 
The horizontal reaction at A i.e Xa is 17.320508 kN 
 
The vertical reaction at A i.e Ya is 10.000000 kN 
 
The reaction at A i.e Ra is 20.000000 kN 
 
The reaction at B i.e Rb is 45.000000 kN 
 
 
grepthis#Engineering_Mechanics_A._K._Tayal__3204/CH3/EX3.14/Ex3_14.sce #
 
 h  =
 
    4.  
 
 rho_w  =
 
    1000.  
 
 rho_c  =
 
    2400.  
 
 g  =
 
    9.81  
 
 
 P  =
 
    78480.  
 
 x  =
 
    2.6666667  
 
 b  =
 
    1.490712  
 
 
 
The minimum width which is to be provided to the dam to prevent overturning about point B is 1.490712 m 
 
 
grepthis#Engineering_Mechanics_A._K._Tayal__3204/CH4/EX4.8/Ex4_8.sce #
 
 b1  =
 
    20.  
 
 t1  =
 
    5.  
 
 b2  =
 
    5.  
 
 t2  =
 
    15.  
 
 b3  =
 
    30.  
 
 t3  =
 
    5.  
 
 
 A1  =
 
    100.  
 
 A2  =
 
    75.  
 
 A3  =
 
    150.  
 
 y1  =
 
    22.5  
 
 y2  =
 
    12.5  
 
 y3  =
 
    2.5  
 
 y_c  =
 
    10.961538  
 
 
 
The centroid of the un equal I-section is 10.961538 cm 
 
 
grepthis#Engineering_Mechanics_A._K._Tayal__3204/CH4/EX4.9/Ex4_9.sce #
 
 
 b1  =
 
    20.  
 
 t1  =
 
    5.  
 
 b2  =
 
    2.5  
 
 t2  =
 
    15.  
 
 b3  =
 
    10.  
 
 t3  =
 
    2.5  
 
 
 
 A1  =
 
    100.  
 
 A2  =
 
    37.5  
 
 A3  =
 
    25.  
 
 
 x1  =
 
    17.5  
 
 x2  =
 
    8.75  
 
 x3  =
 
    5.  
 
 x_c  =
 
    13.557692  
 
 
 y1  =
 
    2.5  
 
 y2  =
 
    12.5  
 
 y3  =
 
    21.25  
 
 y_c  =
 
    7.6923077  
 
 
 
The centroid of the cross-sectional area of a Z-section about x-axis is 13.557692 cm 
 
The centroid of the cross-sectional area of a Z-section about y-axis is 7.692308 cm 
 
 
grepthis#Engineering_Mechanics_A._K._Tayal__3204/CH5/EX5.2/Ex5_2.sce #
 
 W  =
 
    2000.  
 
 Lab  =
 
    2.  
 
 Lac  =
 
    5.  
 
 Lpq  =
 
    3.5  
 
 
 Rq  =
 
    4000.  
 
 Xp  =
 
    4000.  
 
 Yp  =
 
    4000.  
 
 Rp  =
 
    5656.8542  
 
 
 
The reaction at P is 5656.854249 N 
 
The reaction at Q is 4000.000000 N 
 
 
grepthis#Engineering_Mechanics_A._K._Tayal__3204/CH5/EX5.3/Ex5_3.sce #
 
 W  =
 
    25.  
 
 M  =
 
    75.  
 
 theta  =
 
    63.43  
 
 alpha  =
 
    30.  
 
 Loa  =
 
    2.  
 
 Lob  =
 
    4.  
 
 
 
 A  =
 
    2.  - 4.     
    1.  - 0.577  
 
 B  =
 
    100.  
    100.  
 
 C  =
 
    120.27407  
    35.137034  
 
 
 
The reaction at A i.e Ra is 120.274069 N 
 
The reaction at B i.e Rb is 35.137034 N 
 
 
 T  =
 
    40.572753  
 
 
The required tension in the string is 40.572753 N 
 
 
grepthis#Engineering_Mechanics_A._K._Tayal__3204/CH5/EX5.4/Ex5_4.sce #
 
 W  =
 
    100.  
 
 theta  =
 
    60.  
 
 alpha  =
 
    30.  
 
 Lob  =
 
    4.  
 
 Lcd  =
 
    2.  
 
 
 Lab  =
 
    4.6188022  
 
 Lad  =
 
    1.1547005  
 
 Rb  =
 
    25.  
 
 Xa  =
 
    21.650635  
 
 Ya  =
 
    112.5  
 
 
 
The reaction at B i.e Rb is 25.000000 N 
 
The horizontal reaction at A i.e Xa is 21.650635 N 
 
The vertical reaction at A i.e Ya is 112.500000 N 
 
 
grepthis#Engineering_Mechanics_A._K._Tayal__3204/CH5/EX5.5/Ex5_5.sce #
 
 W  =
 
    100.  
 
 alpha  =
 
    30.  
 
 Lob  =
 
    4.  
 
 Lcd  =
 
    2.  
 
 
 
 Ya  =
 
    100.  
 
 Lad  =
 
    1.1547005  
 
 Rb  =
 
    28.867513  
 
 Xa  =
 
    28.867513  
 
 
 
The horizontal reaction at A i.e Xa is 28.867513 N 
 
The vertical reaction at A i.e Ya is 100.000000 N 
 
The reaction at B i.e Rb is 28.867513 N 
 
 
grepthis#Engineering_Mechanics_A._K._Tayal__3204/CH5/EX5.6/Ex5_6.sce #
 
 d  =
 
    0.09  
 
 h  =
 
    0.12  
 
 W  =
 
    10.  
 
 l  =
 
    0.24  
 
 
 theta  =
 
    53.130102  
 
 Lad  =
 
    0.15  
 
 Rd  =
 
    4.8  
 
 Xa  =
 
    3.84  
 
 Ya  =
 
    7.12  
 
 Ra  =
 
    8.0894994  
 
 
 
The horizontal reaction at A i.e Xa is 3.840000 N 
 
The vertical reaction at A i.e Ya is 7.120000 N 
 
Therefore the reaction at A i.e Ra is 8.089499 N 
 
The reaction at D i.e Rd is 4.800000 N 
 
 
grepthis#Engineering_Mechanics_A._K._Tayal__3204/CH6/EX6.1/Ex6_1.sce #
 
 m  =
 
    5.  
 
 g  =
 
    9.81  
 
 theta  =
 
    15.  
 
 mu  =
 
    0.4  
 
 
 
 
 A  =
 
    0.9659258  - 0.4  
    0.2588190    1.   
 
 B  =
 
    0.     
    49.05  
 
 C  =
 
    18.34582   
    44.301752  
 
 
 
 
 P  =
 
  - 0.9659258    0.4  
  - 0.2588190    1.   
 
 Q  =
 
    0.     
    49.05  
 
 R  =
 
    22.750511  
    54.938266  
 
 
 
The required pull force P1 is 18.345820 N 
 
The required push force P2 is 22.750511 N 
 
 
grepthis#Engineering_Mechanics_A._K._Tayal__3204/CH6/EX6.4/Ex6_4.sce #
 
 W1  =
 
    50.  
 
 W2  =
 
    50.  
 
 mu_1  =
 
    0.3  
 
 mu_2  =
 
    0.2  
 
 
 
 alpha  =
 
    14.036243  
 
 
 
The inclination of the plane is 14.036243 degree 
 
 
grepthis#Engineering_Mechanics_A._K._Tayal__3204/CH6/EX6.7/Ex6_7.sce #
 
 M  =
 
    2000.  
 
 mu  =
 
    0.3  
 
 g  =
 
    9.81  
 
 
 
 theta  =
 
    16.699244  
 
 
 
The angle of inclination is 16.699244 degree 
 
 
grepthis#Engineering_Mechanics_A._K._Tayal__3204/CH6/EX6.9/Ex6_9.sce #
 
 Wa  =
 
    1000.  
 
 Wb  =
 
    500.  
 
 theta  =
 
    15.  
 
 mu  =
 
    0.2  
 
 phi  =
 
    7.5  
 
 pie  =
 
    3.14  
 
 
 
 
 
 A  =
 
    1.   - 0.4522  
  - 0.2    0.914   
 
 B  =
 
    0.     
    1000.  
 
 C  =
 
    549.07961  
    1214.2406  
 
 
 
 N3  =
 
    1610.0126  
 
 
 P  =
 
    870.8444  
 
 
 
 mu_req  =
 
    0.1308333  
 
 
 
The minimum horizontal force (P) which should be applied to raise the block is 870.844400 N 
 
The required coefficient for the wedge to be self locking is 0.130833 
 
 
grepthis#Engineering_Mechanics_A._K._Tayal__3204/CH6/EX6.13/Ex6_13.sce #
 
 P  =
 
    100.  
 
 Q  =
 
    200.  
 
 l  =
 
    1.  
 
 theta  =
 
    45.  
 
 
 
 A  =
 
    1.         - 1.         
    0.7071068    0.7071068  
 
 B  =
 
    0.    
    300.  
 
 C  =
 
    212.13203  
    212.13203  
 
 
 x  =
 
    0.35  
 
 
 
The minimum value of x at which the load Q=200 N may be applied before slipping impends is 0.350000 m 
 
 
grepthis#Engineering_Mechanics_A._K._Tayal__3204/CH7/EX7.1/Ex7_1.sce #
 
 d1  =
 
    24.  
 
 d2  =
 
    12.  
 
 d  =
 
    30.  
 
 pie  =
 
    3.14  
 
 
 r1  =
 
    12.  
 
 r2  =
 
    6.  
 
 theta  =
 
    11.536959  
 
 
 beta_1  =
 
    203.07392  
 
 beta_2  =
 
    156.92608  
 
 L  =
 
    117.72  
 
 
 
The angle of lap for the larger pulley is 203.073918 degree 
 
The angle of lap for the smaller pulley is 156.926082 degree 
 
The length of pulley required is 117.720000 cm 
 
 
grepthis#Engineering_Mechanics_A._K._Tayal__3204/CH7/EX7.2/Ex7_2.sce #
 
 d1  =
 
    0.6  
 
 d2  =
 
    0.3  
 
 d  =
 
    3.5  
 
 pie  =
 
    3.14  
 
 
 r1  =
 
    0.3  
 
 r2  =
 
    0.15  
 
 theta  =
 
    7.3870484  
 
 
Warning : redefining function: beta                    . Use funcprot(0) to avoid this message

 beta  =
 
    194.7741  
 
 L  =
 
    8.4194286  
 
 
 
The angle of lap for the pulley is 194.774097 degree 
 
The length of pulley required is 8.419429 m 
 
 
grepthis#Engineering_Mechanics_A._K._Tayal__3204/CH7/EX7.4/Ex7_4.sce #
 
 W1  =
 
    1000.  
 
 mu  =
 
    0.25  
 
 pie  =
 
    3.14  
 
Warning : redefining function: beta                    . Use funcprot(0) to avoid this message

 beta  =
 
    3.14  
 
 T1  =
 
    1000.  
 
 e  =
 
    2.718  
 
 
 T2  =
 
    456.15683  
 
 W2  =
 
    456.15683  
 
 
 
The minimum weight W2 to keep W1 in equilibrium is 456.156828 N 
 
 
grepthis#Engineering_Mechanics_A._K._Tayal__3204/CH7/EX7.5/Ex7_5.sce #
 
 mu  =
 
    0.5  
 
 W  =
 
    100.  
 
 theta  =
 
    45.  
 
 e  =
 
    2.718  
 
 Lac  =
 
    0.75  
 
 Lab  =
 
    0.25  
 
 Lbc  =
 
    0.5  
 
 r  =
 
    0.25  
 
 pie  =
 
    3.14  
 
 
Warning : redefining function: beta                    . Use funcprot(0) to avoid this message

 beta  =
 
    3.925  
 
 
 T1  =
 
    200.  
 
 T2  =
 
    28.107062  
 
 
 M  =
 
    42.973235  
 
 
 
The braking moment (M) exerted by the vertical weight W is 42.973235 N-m 
 
 
grepthis#Engineering_Mechanics_A._K._Tayal__3204/CH7/EX7.6/Ex7_6.sce #
 
 W  =
 
    1000.  
 
 mu  =
 
    0.3  
 
 e  =
 
    2.718  
 
 pie  =
 
    3.14  
 
 alpha  =
 
    90.  
 
 
Warning : redefining function: beta                    . Use funcprot(0) to avoid this message

 beta  =
 
    18.84  
 
 
 T1  =
 
    1000.  
 
 F  =
 
    3.5125466  
 
 
 
The  force required to suport the weight of 1000 N i.e 1kN is 3.512547 N 
 
 
grepthis#Engineering_Mechanics_A._K._Tayal__3204/CH7/EX7.7/Ex7_7.sce #
 
 Pw  =
 
    50.  
 
 T_max  =
 
    1500.  
 
 v  =
 
    10.  
 
 w  =
 
    4.  
 
 mu  =
 
    0.2  
 
 g  =
 
    9.81  
 
 e  =
 
    2.718  
 
 pie  =
 
    3.14  
 
 alpha  =
 
    30.  
 
 
Warning : redefining function: beta                    . Use funcprot(0) to avoid this message

 beta  =
 
    3.14  
 
 T_e  =
 
    40.77472  
 
 T1  =
 
    1459.2253  
 
 T2  =
 
    415.62823  
 
 P  =
 
    10.435971  
 
 N  =
 
    4.7911212  
 
 
 
The number of ropes required to transmit 50 kW is 4.791121 Nos 
 
 
 
grepthis#Engineering_Mechanics_A._K._Tayal__3204/CH7/EX7.8/Ex7_8.sce #
 
 d1  =
 
    0.45  
 
 d2  =
 
    0.2  
 
 d  =
 
    1.95  
 
 T_max  =
 
    1000.  
 
 mu  =
 
    0.2  
 
 N  =
 
    100.  
 
 e  =
 
    2.718  
 
 pie  =
 
    3.14  
 
 T_e  =
 
    0.  
 
 
 r1  =
 
    0.225  
 
 r2  =
 
    0.1  
 
 theta  =
 
    9.5940682  
 
 
Warning : redefining function: beta                    . Use funcprot(0) to avoid this message

 beta  =
 
    3.4747264  
 
 T1  =
 
    1000.  
 
 T2  =
 
    499.13772  
 
 v  =
 
    2.355  
 
 P  =
 
    1.1795307  
 
 
 
The power transmitted by the cross belt drive is 1.179531 kW 
 
 
 
grepthis#Engineering_Mechanics_A._K._Tayal__3204/CH7/EX7.9/Ex7_9.sce #
 
 b  =
 
    0.1  
 
 t  =
 
    0.008  
 
 v  =
 
    26.67  
 
 pie  =
 
    3.14  
 
Warning : redefining function: beta                    . Use funcprot(0) to avoid this message

 beta  =
 
    165.  
 
 mu  =
 
    0.3  
 
 sigma_max  =
 
    2.  
 
 m  =
 
    0.9  
 
 g  =
 
    9.81  
 
 e  =
 
    2.718  
 
 
 A  =
 
    0.0008  
 
 T_e  =
 
    640.16001  
 
 T_max  =
 
    1600.  
 
 T1  =
 
    959.83999  
 
 T2  =
 
    404.78503  
 
 P  =
 
    14.803316  
 
 T_o  =
 
    682.31251  
 
 
 Te  =
 
    533.33333  
 
 u  =
 
    24.343225  
 
 T_1  =
 
    1066.6667  
 
 T_2  =
 
    449.83612  
 
 P_max  =
 
    15.015645  
 
 
 
The initial power transmitted is 14.803316 kW 
 
The initial tension in the belt is 682.312508 N 
 
The maximum power that can be transmitted is 15.015645 kW 
 
The maximum power is transmitted at a belt speed of 24.343225 m/s 
 
 
 
grepthis#Engineering_Mechanics_A._K._Tayal__3204/CH7/EX7.10/Ex7_10.sce #
 
 p  =
 
    0.0125  
 
 d  =
 
    0.1  
 
 r  =
 
    0.05  
 
 l  =
 
    0.5  
 
 W  =
 
    50.  
 
 mu  =
 
    0.2  
 
 pie  =
 
    3.14  
 
 
 theta  =
 
    2.2796792  
 
 phi  =
 
    11.309932  
 
 
 F1  =
 
    1.2086677  
 
 
 F2  =
 
  - 0.7946288  
 
 E  =
 
    16.468098  
 
 
 
The force required (i.e F1) to raise the weight is 1.208668 kN 
 
The force required (i.e F2) to lower the weight is -0.794629 kN 
 
The efficiency of the jack is 16.468098 percent 
 
 
grepthis#Engineering_Mechanics_A._K._Tayal__3204/CH7/EX7.11/Ex7_11.sce #
 
 P  =
 
    20000.  
 
 D  =
 
    0.3  
 
 R  =
 
    0.15  
 
 mu  =
 
    0.12  
 
 
 
 T  =
 
    240.  
 
 M  =
 
    240.  
 
 
 
The frictional torque is 240.000000 N-m 
 
 
grepthis#Engineering_Mechanics_A._K._Tayal__3204/CH8/EX8.1/Ex8_1.sce #
 
 V  =
 
   R: 6
 
 P  =
 
    20.  
 
 W  =
 
    100.  
 
 
 
 P_actual  =
 
    20.  
 
 W_actual  =
 
    100.  
 
 M  =
 
   A: 5
 
 E  =
 
    83.333333  
 
 
 
 P_ideal  =
 
    16.666667  
 
 
 Le  =
 
    3.3333333  
 
 
 
 W_ideal  =
 
    120.  
 
 
 F  =
 
    20.  
 
 
 
(a) The efficiency of the machine is 83.333333 percent 
 
(b) The effort loss in friction of the machine is 3.333333 N 
 
(c) The Frictional load of the machine is 20.000000 N 
 
 
 
grepthis#Engineering_Mechanics_A._K._Tayal__3204/CH8/EX8.3/Ex8_3.sce #
 
 W_actual  =
 
    1360.  
 
 P_actual  =
 
    100.  
 
 n  =
 
    4.  
 
 
 
 V  =
 
   R: 16
 
 
 M  =
 
   A: 16
 
 
 P_ideal  =
 
    85.  
 
 
 P_friction  =
 
    15.  
 
 
 W_ideal  =
 
    1600.  
 
 
 W_friction  =
 
    240.  
 
 
 
(a) The effort wasted in friction is 15.000000 N 
 
(b) The load wasted in friction is 240.000000 N 
 
 
grepthis#Engineering_Mechanics_A._K._Tayal__3204/CH8/EX8.4/Ex8_4.sce #
 
 W  =
 
    1000.  
 
 n  =
 
    5.  
 
 E  =
 
    75.  
 
 
 
 V  =
 
   R: 5
 
 
 M  =
 
   A: 3.75
 
 P  =
 
    266.66667  
 
 
 
The effort required to lift the load of 1000 N is 266.666667 N 
 
 
grepthis#Engineering_Mechanics_A._K._Tayal__3204/CH8/EX8.5/Ex8_5.sce #
 
 W  =
 
    2000.  
 
 l  =
 
    0.7  
 
 d  =
 
    0.05  
 
 p  =
 
    0.01  
 
 mu  =
 
    0.15  
 
 pie  =
 
    3.14  
 
 E  =
 
    1.  
 
 
 phi  =
 
    8.5307656  
 
 theta  =
 
    3.6444895  
 
 
 P  =
 
    431.51125  
 
 
 F  =
 
    15.411116  
 
 
 V  =
 
   R: 439.6
 
 M  =
 
   A: 439.6
 
 P_ideal  =
 
    4.5495905  
 
 
 
The force required at the end of the handle is 15.411116 N 
 
The force required if the screw jack is considered to be an ideal machine is 4.549591 N 
 
 
grepthis#Engineering_Mechanics_A._K._Tayal__3204/CH9/EX9.1/Ex9_1.sce #
 
 W1  =
 
    2000.  
 
 W2  =
 
    4000.  
 
 Lac  =
 
    6.  
 
 Lab  =
 
    3.  
 
 Lbc  =
 
    3.  
 
 theta  =
 
    60.  
 
 
 
 Rc  =
 
    3500.  
 
 Ra  =
 
    2500.  
 
 
 
 
 Fad  =
 
    2886.7513  
 
 Fab  =
 
    1443.3757  
 
 
 Fce  =
 
    4041.4519  
 
 Fcb  =
 
    2020.7259  
 
 
 Fdb  =
 
    577.35027  
 
 Fde  =
 
    1732.0508  
 
 
 Feb  =
 
    577.35027  
 
 
 
The Axial Force in member AD (Fad) is 2886.751346 N 
 
The Axial Force in member AB (Fab) is 1443.375673 N 
 
The Axial Force in member CE (Fce) is 4041.451884 N 
 
The Axial Force in member CB (Fcb) is 2020.725942 N 
 
The Axial Force in member DB (Fdb) is 577.350269 N 
 
The Axial Force in member DE  (Fde)is 1732.050808 N 
 
The Axial Force in member EB (Feb) is 577.350269 N 
 
 
grepthis#Engineering_Mechanics_A._K._Tayal__3204/CH9/EX9.2/Ex9_2.sce #
 
 W1  =
 
    2000.  
 
 W2  =
 
    4000.  
 
 Lac  =
 
    6.  
 
 Lab  =
 
    3.  
 
 Lbc  =
 
    3.  
 
 theta  =
 
    60.  
 
 
 
 Rc  =
 
    3500.  
 
 Ra  =
 
    2500.  
 
 
 
 
 
 Fde  =
 
    1732.0508  
 
 
 
The axial force in the member DE (Fde)is 1732.050808 N 
 
 
grepthis#Engineering_Mechanics_A._K._Tayal__3204/CH9/EX9.3/Ex9_3.sce #
 
 W  =
 
    1.  
 
 theta  =
 
    45.  
 
 Lab  =
 
    1.  
 
 Lcd  =
 
    1.  
 
 
 
 
 Fec  =
 
    0.  
 
 Fed  =
 
    0.  
 
 
 Fdb  =
 
    1.4142136  
 
 Fdc  =
 
    1.  
 
 
 Fca  =
 
    1.4142136  
 
 Fcb  =
 
  - 1.  
 
 
 
The axial force in the member DC (Fdc) is 1.000000 kN 
 
The axial force in the member DB (Fdb) is 1.414214 kN 
 
The axial force in the member CA (Fca) is 1.414214 kN 
 
The axial force in the member CB (Fcb) is -1.000000 kN 
 
The axial force in the member EC (Fec) is 0.000000 kN 
 
The axial force in the member ED (Fed) is 0.000000 kN 
 
 
 
grepthis#Engineering_Mechanics_A._K._Tayal__3204/CH9/EX9.5/Ex9_5.sce #
 
 W1  =
 
    1000.  
 
 W2  =
 
    2000.  
 
 Laf  =
 
    1.  
 
 Lgf  =
 
    1.  
 
 Lag  =
 
    2.  
 
 Lbg  =
 
    1.  
 
 Lab  =
 
    3.  
 
 theta  =
 
    30.  
 
Warning : redefining function: beta                    . Use funcprot(0) to avoid this message

 beta  =
 
    60.  
 
 
 
 Xa  =
 
    2000.  
 
 Rb  =
 
    1154.7005  
 
 Ya  =
 
    2309.4011  
 
 
 
 Ffg  =
 
    2000.  
 
 
 Fce  =
 
  - 2309.4011  
 
 
 Fcg  =
 
    0.  
 
 
 
The axial force in the member FG (Ffg) is 2000.000000 N 
 
The axial force in the member CE (Fce) is -2309.401077 N 
 
The axial force in the member CG (Fcg) is 0.000000 N 
 
 
grepthis#Engineering_Mechanics_A._K._Tayal__3204/CH9/EX9.6/Ex9_6.sce #
 
 W1  =
 
    100.  
 
 W2  =
 
    50.  
 
 L  =
 
    2.  
 
 theta  =
 
    60.  
 
 
 
 HG  =
 
    1.7320508  
 
 AF  =
 
    2.  
 
 
 Rf  =
 
    43.30127  
 
 Xa  =
 
    50.  
 
 Ya  =
 
    56.69873  
 
 
 Fcd  =
 
    25.  
 
 
 Fga  =
 
    17.264973  
 
 
 Fcb  =
 
    82.735027  
 
 Fgb  =
 
    32.735027  
 
 
 
The axial force in the member CD (Fcd) is 25.000000 N 
 
The axial force in the member GB (Fgb) is 32.735027 N 
 
 
grepthis#Engineering_Mechanics_A._K._Tayal__3204/CH9/EX9.10/Ex9_10.sce #
 
 W  =
 
    24.  
 
 Laf  =
 
    12.  
 
 l  =
 
    4.  
 
 h  =
 
    3.  
 
 Lae  =
 
    8.  
 
 
 s  =
 
    5.  
 
 
 theta  =
 
    53.130102  
 
 
 Rf  =
 
    8.  
 
 Ra  =
 
    16.  
 
 
 Fce  =
 
    21.333333  
 
 Fbd  =
 
  - 10.666667  
 
 Fbe  =
 
  - 13.333333  
 
 Fbd  =
 
  - 21.333333  
 
 Fce  =
 
    10.666667  
 
 Fcd  =
 
    13.333333  
 
 
 
(1) The axial force in the bar CE (Fce) is 10.666667 kN 
 
(2) The axial force in the bar BD (Fbd) is -21.333333 kN 
 
(3) The axial force in the bar BE (Fbe) is -13.333333 kN 
 
(4) The axial force in the bar CD (Fcd) is 13.333333 kN 
 
 
grepthis#Engineering_Mechanics_A._K._Tayal__3204/CH9/EX9.12/Ex9_12.sce #
 
 W1  =
 
    4.  
 
 W2  =
 
    3.  
 
 L  =
 
    30.  
 
 L1  =
 
    15.  
 
 L2  =
 
    15.  
 
 l1  =
 
    10.  
 
 l2  =
 
    22.5  
 
 
 
 Yb  =
 
    3.5833333  
 
 Ya  =
 
    3.4166667  
 
 
 
 
 
 Yc  =
 
    0.5833333  
 
 
 Xc  =
 
    2.0833333  
 
 
 Xa  =
 
    2.0833333  
 
 Xb  =
 
    2.0833333  
 
 
 Ra  =
 
    4.0017357  
 
 Rb  =
 
    4.1449434  
 
 
 
The reaction at A ( Ra) is 4.001736 kN 
 
The reaction at B ( Rb) is 4.144943 kN 
 
 
grepthis#Engineering_Mechanics_A._K._Tayal__3204/CH9/EX9.13/Ex9_13.sce #
 
 W1  =
 
    2.  
 
 W2  =
 
    1.  
 
 theta  =
 
    30.  
 
 L  =
 
    4.  
 
 l  =
 
    1.  
 
 
 
 Yb  =
 
    1.25  
 
 Ya  =
 
    1.75  
 
 
 
 
 
 
 Yc  =
 
    0.25  
 
 
 Xc  =
 
    1.2990381  
 
 
 Xa  =
 
    1.2990381  
 
 Xb  =
 
    1.2990381  
 
 
 
The force in tie bar AB is 1.299038 kN 
 
 
grepthis#Engineering_Mechanics_A._K._Tayal__3204/CH9/EX9.14/Ex9_14.sce #
 
 W  =
 
    1000.  
 
 r  =
 
    0.25  
 
 Lab  =
 
    2.  
 
 Lad  =
 
    1.  
 
 Lbd  =
 
    1.  
 
 Ldc  =
 
    0.75  
 
 l1  =
 
    0.5  
 
 l2  =
 
    1.25  
 
 
 
 Xa  =
 
    1000.  
 
 Yb  =
 
    875.  
 
 Ya  =
 
    125.  
 
 
 
 
 s  =
 
    1.25  
 
 theta  =
 
    36.869898  
 
 
 Yd  =
 
    250.  
 
 Fbc  =
 
    1250.  
 
 Xd  =
 
    2000.  
 
 
 Rd  =
 
    2015.5644  
 
 
 
The compressive force in bar BC (Fbc) is 1250.000000 N 
 
The shear force on the pin is 2015.564437 N 
 
 
grepthis#Engineering_Mechanics_A._K._Tayal__3204/CH9/EX9.15/Ex9_15.sce #
 
 P  =
 
    5000.  
 
 theta  =
 
    45.  
 
 Lab  =
 
    3.  
 
 Lac  =
 
    3.  
 
 Lbd  =
 
    2.  
 
 Lce  =
 
    2.  
 
 l  =
 
    1.5  
 
 
 
 
 A  =
 
    1.4142136    3.  
    1.4142136  - 3.  
 
 B  =
 
    7500.    0.  
 
 C  =
 
    2651.6504    2651.6504  
 
 
 Re  =
 
    2651.6504  
 
 Ya  =
 
    1250.  
 
 Xa  =
 
    1875.  
 
 Ra  =
 
    2253.4695  
 
 Yb  =
 
    1875.  
 
 Yc  =
 
  - 625.  
 
 
 
(1) The value of axial force (Rd) in bar 2 is 2651.650429 N 
 
(2) The value of axial force (Re) in bar 3 is 2651.650429 N 
 
(3) The value of axial force (Yb) in bar 1 is 1875.000000 N 
 
(4) The value of axial force (Yc) in bar 4 is -625.000000 N 
 
 
 
grepthis#Engineering_Mechanics_A._K._Tayal__3204/CH10/EX10.1/Ex10_1.sce #
 
 W1  =
 
    400.  
 
 W2  =
 
    600.  
 
 W3  =
 
    400.  
 
 l  =
 
    2.  
 
 h  =
 
    2.25  
 
 L  =
 
    2.  
 
 
 
 A  =
 
  - 2.      8.  
  - 2.25    4.  
 
 B  =
 
    5600.  
    800.   
 
 C  =
 
    1600.  
    1100.  
 
 
 y_e  =
 
    1.375  
 
 theta_1  =
 
    34.508523  
 
 T_BE  =
 
    1941.6488  
 
 
 
 y_c  =
 
    2.375  
 
 theta_4  =
 
    10.619655  
 
 T_CA  =
 
    1627.8821  
 
 
 
(i) The horizontal reaction at B (Xb) is 1600.000000 N 
 
(i) The vertical reaction at B (Yb) is 1100.000000 N 
 
(ii) The sag at point E (y_e) is 1.375000 m 
 
(iii) The tension in portion CA (T_CA) is 1627.882060 N 
 
(iv) The max tension in the cable (T_max) is 1941.648784 N 
 
(iv) The max slope (theta_1) in the cable is 34.508523 degree 
 
 
grepthis#Engineering_Mechanics_A._K._Tayal__3204/CH10/EX10.2/Ex10_2.sce #
 
 W1  =
 
    100.  
 
 W2  =
 
    150.  
 
 W3  =
 
    200.  
 
 l  =
 
    1.  
 
 h  =
 
    2.  
 
 Xa  =
 
    200.  
 
 Xb  =
 
    200.  
 
 
 
 
 Yb  =
 
    150.  
 
 Ya  =
 
    300.  
 
 
 
 y_c  =
 
    1.5  
 
 theta_1  =
 
    56.309932  
 
 T_AC  =
 
    360.55513  
 
 
 T_max  =
 
    360.55513  
 
 
 y_d  =
 
    2.5  
 
 theta_2  =
 
    45.  
 
 T_CD  =
 
    282.84271  
 
 
 
(i) The component of support reaction at A (Ya) is 300.000000 N 
 
(i) The component of support reaction at B (Yb) is 150.000000 N  
 
(ii) The tension in portion AC (T_AC) of the cable is 360.555128 N 
 
(ii) The tension in portion CD (T_CD) of the cable is 282.842712 N 
 
(iii) The max tension in the cable is 360.555128 N 
 
 
grepthis#Engineering_Mechanics_A._K._Tayal__3204/CH10/EX10.3/Ex10_3.sce #
 
 w  =
 
    75.  
 
 l  =
 
    20.  
 
 g  =
 
    9.81  
 
 y  =
 
    2.  
 
 
 
 
 a  =
 
    1.  
 
 b  =
 
    32.  
 
 c  =
 
  - 320.  
 
 x_b  =
 
    8.  
 
 
 T_0  =
 
    11.772  
 
 
 x  =
 
    12.  
 
 w_x  =
 
    8.829  
 
 T_max  =
 
    14.715  
 
 
 
The lowest point C which is situated at a distance (x_b) from support B is 8.000000 m 
 
The maximum tension (T_max) in the cable is 14.715000 kN 
 
The minimum tension (T_0) in the cable is 11.772000 kN 
 
 
grepthis#Engineering_Mechanics_A._K._Tayal__3204/CH10/EX10.4/Ex10_4.sce #
 
 m  =
 
    0.5  
 
 g  =
 
    9.81  
 
 x  =
 
    30.  
 
 y  =
 
    0.5  
 
 x_b  =
 
    15.  
 
 
 w  =
 
    4.905  
 
 T_0  =
 
    1103.625  
 
 T_B  =
 
    1106.0748  
 
 W  =
 
    1106.0748  
 
 
 theta  =
 
    3.8140748  
 
 
 S_cb  =
 
    15.  
 
 
 S_ab  =
 
    30.  
 
 
 
(i) The magnitude of load W is 1106.074781 N 
 
(ii) The angle of the cable with the horizontal at B is 3.814075 degree 
 
(iii) The total length of the cable AB is 30.000000 m 
 
 
grepthis#Engineering_Mechanics_A._K._Tayal__3204/CH10/EX10.5/Ex10_5.sce #
 
 x  =
 
    30.  
 
 Tmax  =
 
    400.  
 
 w  =
 
    3.  
 
 
 
 
 T_B  =
 
    400.  
 
 
 h  =
 
    0.8491406  
 
 
 
The smallest value of the sag in the cable is 0.849141 m 
 
 
grepthis#Engineering_Mechanics_A._K._Tayal__3204/CH10/EX10.6/Ex10_6.sce #
 
 l  =
 
    200.  
 
 m  =
 
    1000.  
 
 S  =
 
    50.  
 
 s  =
 
    100.  
 
 g  =
 
    9.81  
 
 
 w  =
 
    49.05  
 
 
 c  =
 
    75.  
 
 Tmax  =
 
    6131.25  
 
 
 y  =
 
    125.  
 
 A  =
 
    1.6666667  
 
 x  =
 
    82.395922  
 
 L  =
 
    164.79184  
 
 
 
The horizontal distance between the supports and the max Tension (L) is 164.791843 m 
 
 
grepthis#Engineering_Mechanics_A._K._Tayal__3204/CH12/EX12.7/Ex12_7.sce #
 
 A  =
 
    50.  
 
 J_A  =
 
    2250.  
 
 d  =
 
    6.  
 
 
 J_c  =
 
    450.  
 
 
 I_y  =
 
    150.  
 
 
 I_x  =
 
    300.  
 
 
 
The centroidal moment of inertia about X-axis (I_x) is 300.000000 cm^4 
 
The centroidal moment of inertia about Y-axis (I_y) is 150.000000 cm^4 
 
 
grepthis#Engineering_Mechanics_A._K._Tayal__3204/CH12/EX12.8/Ex12_8.sce #
 
 b  =
 
    20.  
 
 d  =
 
    30.  
 
 r  =
 
    15.  
 
 h  =
 
    20.  
 
 
 
 A_1  =
 
    600.  
 
 y_1  =
 
    15.  
 
 A_2  =
 
    176.71459  
 
 y_2  =
 
    20.  
 
 y_c  =
 
    12.912584  
 
 
 
 I_x1  =
 
    45000.  
 
 
 OC_1  =
 
    15.  
 
 OC_2  =
 
    20.  
 
 OC  =
 
    12.9  
 
 d_1  =
 
    2.1  
 
 d_2  =
 
    7.1  
 
 I_X1  =
 
    47646.  
 
 
 I_x2  =
 
    2485.0489  
 
 
 I_X2  =
 
    11393.231  
 
 
 I_x  =
 
    36252.769  
 
 
 
The M.O.I of the composite area about the centroidal x-axis is 36252.768805 cm^4 
 
 
 
grepthis#Engineering_Mechanics_A._K._Tayal__3204/CH12/EX12.9/Ex12_9.sce #
 
 b1  =
 
    80.  
 
 d1  =
 
    20.  
 
 b2  =
 
    40.  
 
 d2  =
 
    60.  
 
 
 
 A_1  =
 
    1600.  
 
 y_1  =
 
    70.  
 
 A_2  =
 
    2400.  
 
 y_2  =
 
    30.  
 
 y_c  =
 
    46.  
 
 
 
 I_x1  =
 
    53333.333  
 
 
 OC_1  =
 
    70.  
 
 OC_2  =
 
    30.  
 
 OC  =
 
    46.  
 
 d_1  =
 
    24.  
 
 d_2  =
 
    16.  
 
 I_X1  =
 
    974933.33  
 
 
 I_x2  =
 
    720000.  
 
 
 I_X2  =
 
    1334400.  
 
 
 I_x  =
 
    2309333.3  
 
 
 
The M.O.I of the composite area about the centroidal x-axis is 2309333.333333 mm^4 
 
 
 
grepthis#Engineering_Mechanics_A._K._Tayal__3204/CH12/EX12.10/Ex12_10.sce #
 
 b1  =
 
    120.  
 
 d1  =
 
    20.  
 
 b2  =
 
    20.  
 
 d2  =
 
    130.  
 
 
 
 A_1  =
 
    2400.  
 
 A_2  =
 
    2600.  
 
 y_1  =
 
    140.  
 
 y_2  =
 
    65.  
 
 x_1  =
 
    60.  
 
 x_2  =
 
    110.  
 
 y_c  =
 
    101.  
 
 x_c  =
 
    86.  
 
 
 
 I_x1  =
 
    80000.  
 
 
 OC_1  =
 
    140.  
 
 OC_2  =
 
    65.  
 
 OC  =
 
    101.  
 
 d_1  =
 
    39.  
 
 d_2  =
 
    36.  
 
 I_X1  =
 
    3730400.  
 
 
 I_x2  =
 
    3661666.7  
 
 
 I_X2  =
 
    7031266.7  
 
 
 I_x  =
 
    10761667.  
 
 
 
 I_y1  =
 
    2880000.  
 
 
 d_3  =
 
    26.  
 
 I_Y1  =
 
    4502400.  
 
 
 I_y2  =
 
    86666.667  
 
 
 d_4  =
 
    24.  
 
 I_Y2  =
 
    1584266.7  
 
 
 I_y  =
 
    6086666.7  
 
 
 
The M.O.I of the composite area about the centroidal x-axis is 10761666.666667 mm^4 
 
The M.O.I of the composite area about the centroidal Y-axis is 6086666.666667 mm^4 
 
 
 
grepthis#Engineering_Mechanics_A._K._Tayal__3204/CH12/EX12.14/Ex12_14.sce #
 
 b  =
 
    1.  
 
 h  =
 
    4.  
 
 
 
 Ixy  =
 
    0.  
 
 I_xy1  =
 
    4.  
 
 
 I_xy2  =
 
    3.75  
 
 
 I_xy  =
 
    7.75  
 
 
 
The Product of inertia of the L-section is 7.750000 cm^4 
 
 
grepthis#Engineering_Mechanics_A._K._Tayal__3204/CH12/EX12.15/Ex12_15.sce #
 
 I_x  =
 
    1548.  
 
 I_y  =
 
    2668.  
 
 b  =
 
    12.  
 
 d  =
 
    3.  
 
 t  =
 
    2.  
 
 h  =
 
    6.  
 
 
 A_1  =
 
    36.  
 
 x_1  =
 
  - 5.  
 
 y_1  =
 
    4.5  
 
 A_2  =
 
    12.  
 
 x_2  =
 
    0.  
 
 y_2  =
 
    0.  
 
 A_3  =
 
    36.  
 
 x_3  =
 
    5.  
 
 y_3  =
 
  - 4.5  
 
 
 I_xy  =
 
  - 1620.  
 
 
 theta_m  =
 
  - 35.465403  
 
 
 I_max  =
 
    3822.0595  
 
 I_mini  =
 
    393.94049  
 
 
 
The principal axes of the section about O is -35.465403 degree 
 
The Maximum value of principal M.O.I is 3822.059509 cm^4 
 
The Minimum value of principal M.O.I is 393.940491 cm^4 
 
 
grepthis#Engineering_Mechanics_A._K._Tayal__3204/CH13/EX13.1/Ex13_1.sce #
 
 W  =
 
    1000.  
 
 
 
 P  =
 
    500.  
 
 
 
The value of force (i.e P) that can hold the system in equilibrium is 500.000000 N 
 
 
grepthis#Engineering_Mechanics_A._K._Tayal__3204/CH13/EX13.7/Ex13_7.sce #
 
 P  =
 
    1000.  
 
 Q  =
 
    1000.  
 
 
 
 theta  =
 
    45.  
 
 
 X_B  =
 
    333.33333  
 
 
 
 Y_B  =
 
    666.66667  
 
 
 X_A  =
 
    333.33333  
 
 Y_A  =
 
    1333.3333  
 
 
 
The Horizontal component of reaction at A (X_A) is 333.333333 N 
 
The Vertical component of reaction at A (Y_A) is 1333.333333 N 
 
The Horizontal component of reaction at B (X_B) is 333.333333 N 
 
The Vertical component of reaction at B (Y_B) is 666.666667 N 
 
 
grepthis#Engineering_Mechanics_A._K._Tayal__3204/CH14/EX14.3/Ex14_3.sce #
 
 a_T  =
 
    0.18  
 
 
 a_B  =
 
  - 0.06  
 
 t  =
 
    4.  
 
 v_T  =
 
    0.72  
 
 v_B  =
 
  - 0.24  
 
 S_T  =
 
    1.44  
 
 S_B  =
 
  - 0.48  
 
 
 
The acceleration of block B is -0.060000 m/s^2 
 
The velocity of trolley & the block after 4 sec is 0.720000 m/s & -0.240000 m/s 
 
The distance moved by the trolley & the block is 1.440000 m & -0.480000 m 
 
 
 
grepthis#Engineering_Mechanics_A._K._Tayal__3204/CH14/EX14.4/Ex14_4.sce #
 
 v_B  =
 
    12.  
 
 u  =
 
    0.  
 
 s  =
 
    24.  
 
 t  =
 
    5.  
 
 
 a_B  =
 
    3.  
 
 a_A  =
 
    4.5  
 
 v_A  =
 
    22.5  
 
 S_A  =
 
    56.25  
 
 
 
The acceleration of block A (a_A) is 4.500000 cm/s^2 
 
The acceleration of block B (a_B) is 3.000000 cm/s^2 
 
The velocity of block A (v_A) after 5 seconds is 22.500000 m/s 
 
The position of block A (S_A) after 5 seconds is 56.250000 m 
 
 
grepthis#Engineering_Mechanics_A._K._Tayal__3204/CH14/EX14.5/Ex14_5.sce #
 
 u  =
 
    20.  
 
 s  =
 
    300.  
 
 t  =
 
    20.  
 
 
 
 a  =
 
  - 0.5  
 
 v  =
 
    36.  
 
 
 
(a) The required uniform acceleration of the car is -0.500000 m/s^2 
 
(b) The speed at which the motorist crosses the traffic light is 36.000000 km/hr 
 
 
grepthis#Engineering_Mechanics_A._K._Tayal__3204/CH14/EX14.6/Ex14_6.sce #
 
 S  =
 
    50.  
 
 v  =
 
    25.  
 
 g  =
 
    9.81  
 
 
 
 t  =
 
    2.  
 
 S_1  =
 
    19.62  
 
 
 
The time (t) at which the two stones cross each other is 2.000000 seconds 
 
The two stones cross each other (from top) at a distance of 19.620000 m 
 
 
grepthis#Engineering_Mechanics_A._K._Tayal__3204/CH14/EX14.7/Ex14_7.sce #
 
 acc  =
 
    0.5  
 
 s  =
 
    25.  
 
 u  =
 
    0.  
 
 g  =
 
    9.81  
 
 
 
 v  =
 
    5.  
 
 
 
 a  =
 
    4.655  
 
 b  =
 
  - 5.  
 
 c  =
 
  - 25.  
 
 t  =
 
    2.9159221  
 
 
 S_1  =
 
    16.705261  
 
 
 S  =
 
    41.705261  
 
 
 
The time taken by the stone to hit the elevator is 2.915922 seconds 
 
The distance (S)travelled by the elevator at the time of impact is 41.705261 m 
 
 
grepthis#Engineering_Mechanics_A._K._Tayal__3204/CH14/EX14.9/Ex14_9.sce #
 
 v  =
 
    60.  
 
 d1  =
 
    15.  
 
 d2  =
 
    12.  
 
 d3  =
 
    3.  
 
 
 t_1  =
 
    0.2  
 
 t_2  =
 
    0.1  
 
 
 t  =
 
    0.3  
 
 
 T  =
 
    0.6  
 
 V_max  =
 
    50.  
 
 
 
The maximum speed of the local train is 50.000000 km/hr 
 
 
grepthis#Engineering_Mechanics_A._K._Tayal__3204/CH14/EX14.10/Ex14_10.sce #
 
 a  =
 
    10.  
 
 S_5th  =
 
    50.  
 
 t  =
 
    5.  
 
 
 
 
 
 
 
 u  =
 
    5.  
 
 
 
The initial velocity of the particle is 5.000000 m/s 
 
 
grepthis#Engineering_Mechanics_A._K._Tayal__3204/CH14/EX14.11/Ex14_11.sce #
 
 
 t  =
 
    1.  
 
 x  =
 
    14.75  
 
 v  =
 
    6.33  
 
 
 
 T  =
 
    2.  
 
 X  =
 
    21.666667  
 
 V  =
 
    7.6666667  
 
 a  =
 
    2.  
 
 
 
The distance travelled by the particle is 21.666667 m 
 
The velocity of the particle is 7.666667 m/s 
 
The acceleration of the particle is 2.000000 m/s^2 
 
 
 
grepthis#Engineering_Mechanics_A._K._Tayal__3204/CH14/EX14.12/Ex14_12.sce #
 
 
 t  =
 
    3.  
 
 
 x  =
 
  - 15.  
 
 
 a  =
 
    12.  
 
 
 
The time at which the velocity of the particle becomes zero is 3.000000 sec 
 
The position of the partice at t=3 sec is -15.000000 m 
 
The acceleration of the particle is 12.000000 m/s^2 
 
 
 
grepthis#Engineering_Mechanics_A._K._Tayal__3204/CH14/EX14.15/Ex14_15.sce #
 
 F  =
 
    250.  
 
 m  =
 
    100.  
 
 
 
 a  =
 
    2.5  
 
 
 
The acceleration of the body is 2.500000 m/s^2 
 
 
grepthis#Engineering_Mechanics_A._K._Tayal__3204/CH14/EX14.16/Ex14_16.sce #
 
 a  =
 
    1.  
 
 W  =
 
    500.  
 
 g  =
 
    9.81  
 
 
 
 R_1  =
 
    449.0316  
 
 
 R_2  =
 
    550.9684  
 
 
 
(a) The pressure transmitted to the floor by the  man for Downward motion of the elevator is 449.031600 N 
 
(b) The pressure transmitted to the floor by the  man for Upward motion of the elevator is 550.968400 N 
 
 
grepthis#Engineering_Mechanics_A._K._Tayal__3204/CH14/EX14.17/Ex14_17.sce #
 
 W  =
 
    5000.  
 
 u  =
 
    0.  
 
 v  =
 
    2.  
 
 s  =
 
    2.  
 
 t  =
 
    2.  
 
 w  =
 
    600.  
 
 g  =
 
    9.81  
 
 
 
 a  =
 
    1.  
 
 
 T  =
 
    5509.684  
 
 
 
 R  =
 
    538.83792  
 
 
 
(a) The Tensile force in the cable is 5509.683996 N 
 
(b) The pressure transmitted to the floor by the man is 538.837920 N 
 
 
grepthis#Engineering_Mechanics_A._K._Tayal__3204/CH14/EX14.18/Ex14_18.sce #
 
 M_1  =
 
    10.  
 
 M_2  =
 
    5.  
 
 mu  =
 
    0.25  
 
 g  =
 
    9.81  
 
 
 a  =
 
    1.635  
 
 T  =
 
    40.875  
 
 
 
The acceleration of the masses is 1.635000 m/s^2 
 
The tension in the string is 40.875000 N 
 
 
grepthis#Engineering_Mechanics_A._K._Tayal__3204/CH14/EX14.19/Ex14_19.sce #
 
 M_1  =
 
    150.  
 
 M_2  =
 
    100.  
 
 mu  =
 
    0.2  
 
 g  =
 
    9.81  
 
 theta  =
 
    45.  
 
 
 
 T  =
 
    539.34373  
 
 
 
The tension in the string during the motion of the system is 539.343729 N 
 
 
grepthis#Engineering_Mechanics_A._K._Tayal__3204/CH14/EX14.20/Ex14_20.sce #
 
 M_1  =
 
    5.  
 
 theta_1  =
 
    30.  
 
 M_2  =
 
    10.  
 
 theta_2  =
 
    60.  
 
 mu  =
 
    0.33  
 
 g  =
 
    9.81  
 
 
 
 a  =
 
    2.0151781  
 
 
 
The acceleration of the masses is 2.015178 m/s^2 
 
 
grepthis#Engineering_Mechanics_A._K._Tayal__3204/CH14/EX14.21/Ex14_21.sce #
 
 S  =
 
    5.  
 
 mu_A  =
 
    0.2  
 
 mu_B  =
 
    0.1  
 
 theta  =
 
    20.  
 
 g  =
 
    9.81  
 
 
 
 
 a_A  =
 
    1.5115407  
 
 
 a_B  =
 
    2.4333791  
 
 
 t  =
 
    3.2936132  
 
 S_A  =
 
    8.1985117  
 
 S_B  =
 
    13.198512  
 
 
 
The time before collision is 3.293613 seconds 
 
The distance travelled by block A before collision is 8.198512 m 
 
The distance travelled by block B before collision is 13.198512 m 
 
 
grepthis#Engineering_Mechanics_A._K._Tayal__3204/CH14/EX14.22/Ex14_22.sce #
 
 P  =
 
    50.  
 
 Q  =
 
    100.  
 
 g  =
 
    9.81  
 
 b  =
 
    25.  
 
 d  =
 
    50.  
 
 
 a  =
 
    2.4525  
 
 W  =
 
    50.  
 
 
 
The maximum value of weight (W) by which the car can be accelerated is 50.000000 N 
 
The acceleration is 2.452500 m/s^2 
 
 
grepthis#Engineering_Mechanics_A._K._Tayal__3204/CH14/EX14.23/Ex14_23.sce #
 
 P  =
 
    40.  
 
 Q  =
 
    60.  
 
 g  =
 
    9.81  
 
 
 
 a_p  =
 
    1.7836364  
 
 
 
The downward acceleration of P is 1.783636 m/s^2 
 
 
grepthis#Engineering_Mechanics_A._K._Tayal__3204/CH14/EX14.24/Ex14_24.sce #
 
 M  =
 
    15.  
 
 m  =
 
    6.  
 
 theta  =
 
    30.  
 
 g  =
 
    9.81  
 
 
 a_A  =
 
    0.1574592  
 
 
 a_r  =
 
    0.6363636  
 
 
 
(a) The acceleration of the wedge is 0.157459 g 
 
(b) The acceleration of the bock relative to the wedge is 0.636364 g 
 
 
grepthis#Engineering_Mechanics_A._K._Tayal__3204/CH14/EX14.25/Ex14_25.sce #
 
 P  =
 
    30.  
 
 Q  =
 
    20.  
 
 R  =
 
    10.  
 
 g  =
 
    9.81  
 
 
 
 A  =
 
    70.  - 40.  
  - 10.    30.  
 
 B  =
 
    10.  
  - 10.  
 
 C  =
 
  - 0.0588235  
  - 0.3529412  
 
 
 P  =
 
  - 0.0588235  
 
 
 Q  =
 
  - 0.2941176  
 
 
 R  =
 
    0.4117647  
 
 
 
The acceleration of P is -0.058824 g 
 
The acceleration of Q is -0.294118 g 
 
The acceleration of R is 0.411765 g 
 
 
 
grepthis#Engineering_Mechanics_A._K._Tayal__3204/CH14/EX14.30/Ex14_30.sce #
 
 W  =
 
    1.  
 
 L_AB  =
 
    0.6  
 
 L_BC  =
 
    0.3  
 
 g  =
 
    9.81  
 
 
 
 theta_1  =
 
    22.619865  
 
 theta_2  =
 
    22.619865  
 
 theta_3  =
 
    22.619865  
 
 M_AB  =
 
    0.6  
 
 M_BC  =
 
    0.3  
 
 
 
 Y_A  =
 
    8.829  
 
 
 AF  =
 
    0.2769231  
 
 DF  =
 
    0.1153846  
 
 AH  =
 
    0.6115385  
 
 IG  =
 
    0.0923077  
 
 
 a  =
 
    2.719604  
 
 X_A  =
 
    2.4476436  
 
 R_A  =
 
    9.1619976  
 
 alpha  =
 
    74.505151  
 
 
 
The acceleration is 2.719604 m/s^2 
 
The reaction at A (R_A) is 9.161998 N 
 
The angle made by the resultant is 74.505151 degree 
 
 
grepthis#Engineering_Mechanics_A._K._Tayal__3204/CH15/EX15.2/Ex15_2.sce #
 
 r  =
 
    200.  
 
 v_1  =
 
    20.  
 
 v_2  =
 
    10.  
 
 t  =
 
    10.  
 
 
 A_n  =
 
    2.  
 
 A_t  =
 
    0.  
 
 delv  =
 
    10.  
 
 delt  =
 
    10.  
 
 a_t  =
 
    1.  
 
 a_n  =
 
    2.  
 
 
 
The normal component of acceleration is 2.000000 m/s^2 
 
The tangential component of acceleration is 0.000000 m/s^2 
 
The normal component of deceleration is 2.000000 m/s^2 
 
The tangential component of deceleration is 1.000000 m/s^2 
 
 
grepthis#Engineering_Mechanics_A._K._Tayal__3204/CH15/EX15.3/Ex15_3.sce #
 
 r  =
 
    250.  
 
 a_t  =
 
    0.6  
 
 a  =
 
    0.75  
 
 
 a_n  =
 
    0.45  
 
 v  =
 
    10.606602  
 
 
 u  =
 
    0.  
 
 t  =
 
    17.67767  
 
 
 s  =
 
    93.75  
 
 
 
The distance  traveled by the car is 93.750000 m 
 
The time for which the car travels is 17.677670 seconds 
 
 
grepthis#Engineering_Mechanics_A._K._Tayal__3204/CH15/EX15.5/Ex15_5.sce #
 
 v  =
 
    10.  
 
 r  =
 
    200.  
 
 t  =
 
    15.  
 
 
 omega  =
 
    0.05  
 
 
 v_x  =
 
    6.8163876  
 
 v_y  =
 
    7.3168887  
 
 
 a_x  =
 
    0.3658444  
 
 a_y  =
 
    0.3409585  
 
 a  =
 
    0.5000949  
 
 phi  =
 
    42.983499  
 
 
 
 v_n  =
 
    0.  
 
 v_t  =
 
    10.  
 
 
 a_n  =
 
    0.5  
 
 a_t  =
 
    0.  
 
 
 theta  =
 
    42.971835  
 
 
 
The component of velocity in X direction (v_x) is 6.816388 m/s 
 
The component of velocity in Y direction (v_y) is 7.316889 m/s 
 
The component of acceleration in X direction (a_x) is 0.365844 m/s^2 
 
The component of acceleration in Y direction (a_y) is 0.340959 m/s^2 
 
The total acceleration is 0.500095 m/s^2 and its direction is 42.983499 degrees 
 
The normal acceleration is 0.500000 m/s^2 and tangential acceleration is 0.000000 m/s^2 
 
 
grepthis#Engineering_Mechanics_A._K._Tayal__3204/CH15/EX15.6/Ex15_6.sce #
 
 t  =
 
    1.  
 
 pi  =
 
    3.14  
 
 
 
 r  =
 
    0.35  
 
 r_1  =
 
  - 0.2  
 
 r_2  =
 
  - 2.9  
 
 theta  =
 
    1.57  
 
 theta_1  =
 
  - 3.14  
 
 theta_2  =
 
  - 9.42  
 
 
 v_r  =
 
  - 0.2  
 
 v_theta  =
 
  - 1.099  
 
 v  =
 
    1.1170501  
 
 alpha  =
 
    79.685978  
 
 
 a_r  =
 
  - 6.35086  
 
 a_theta  =
 
  - 2.041  
 
 a  =
 
    6.6707649  
 
Warning : redefining function: beta                    . Use funcprot(0) to avoid this message

 beta  =
 
    17.816044  
 
 
 a_relative  =
 
  - 2.9  
 
 
 
The velocity of the collar is 1.117050 m/s 
 
The accelaration of the collar is 6.670765 m/s^2 
 
The acceleration of the collar relative to the rod is -2.900000 m/s^2 
 
 
grepthis#Engineering_Mechanics_A._K._Tayal__3204/CH15/EX15.7/Ex15_7.sce #
 
 
 
 theta_0  =
 
    0.  
 
 theta_1  =
 
    6.2831853  
 
 theta_2  =
 
    0.  
 
 r_0  =
 
    0.  
 
 r_1  =
 
    10.  
 
 r_2  =
 
    0.  
 
 
 t  =
 
    0.3  
 
 theta  =
 
    1.8849556  
 
 theta1  =
 
    6.2831853  
 
 theta2  =
 
    0.  
 
 r  =
 
    3.  
 
 r1  =
 
    10.  
 
 r2  =
 
    0.  
 
 
 
 v_r  =
 
    10.  
 
 v_theta  =
 
    0.  
 
 v  =
 
    10.  
 
 
 a_r  =
 
    0.  
 
 a_theta  =
 
    125.66371  
 
 a  =
 
    125.66371  
 
 
 
 V_R  =
 
    10.  
 
 V_theta  =
 
    18.849556  
 
 V  =
 
    21.337895  
 
 
 A_r  =
 
  - 118.43525  
 
 A_theta  =
 
    125.66371  
 
 A  =
 
    172.67969  
 
 
 
The velocity and the acceleration of the partice at t=0 s is 10.000000 cm/s & 125.663706 cm/s^2 
 
The velocity and the acceleration of the partice at t=0.3 s is 21.337895 cm/s & 172.679692 cm/s^2 
 
 
grepthis#Engineering_Mechanics_A._K._Tayal__3204/CH15/EX15.9/Ex15_9.sce #
 
 
 T_ab  =
 
    0.3948946  
 
 T_AB  =
 
    0.7660444  
 
 
 
The tension in the wire before and after it is cut is respectively 0.394895 W & 0.766044 W 
 
 
grepthis#Engineering_Mechanics_A._K._Tayal__3204/CH15/EX15.10/Ex15_10.sce #
 
 mu_a  =
 
    0.4  
 
 n  =
 
    40.  
 
 W_A  =
 
    120.  
 
 W_B  =
 
    80.  
 
 r_1  =
 
    1.2  
 
 r_2  =
 
    1.6  
 
 g  =
 
    9.81  
 
 
 
 N  =
 
    120.  
 
 omega  =
 
    4.1887902  
 
 a_n  =
 
    21.055156  
 
 T  =
 
    209.55543  
 
 
 A_n  =
 
    28.073541  
 
 N_1  =
 
    228.93816  
 
 mu  =
 
    0.5658970  
 
 
 
The coefficient of friction of block B is 0.565897 
 
 
grepthis#Engineering_Mechanics_A._K._Tayal__3204/CH15/EX15.12/Ex15_12.sce #
 
 W  =
 
    10000.  
 
 
 
 R_max  =
 
    500.  
 
 
 
 
The maximum lateral thrust is 500.000000 N 
 
 
grepthis#Engineering_Mechanics_A._K._Tayal__3204/CH15/EX15.13/Ex15_13.sce #
 
 W  =
 
    10.  
 
 
 
 R  =
 
    31.932454  
 
 
 
The value of the reaction is 31.932454 N 
 
 
grepthis#Engineering_Mechanics_A._K._Tayal__3204/CH15/EX15.15/Ex15_15.sce #
 
 P  =
 
    50.  
 
 Q  =
 
    50.  
 
 R  =
 
    100.  
 
 l  =
 
    0.3  
 
 theta  =
 
    30.  
 
 g  =
 
    9.81  
 
 
 
 r  =
 
    0.15  
 
 
 v  =
 
    1.5964688  
 
 
 N  =
 
    101.63436  
 
 
 
The speed of rotation is 101.634363 r.p.m 
 
 
 
grepthis#Engineering_Mechanics_A._K._Tayal__3204/CH15/EX15.16/Ex15_16.sce #
 
 Q  =
 
    20.  
 
 W  =
 
    10.  
 
 theta  =
 
    30.  
 
 l  =
 
    0.2  
 
 g  =
 
    9.81  
 
 
 
 
 r  =
 
    0.1  
 
 
 v  =
 
    1.0643126  
 
 
 N  =
 
    101.63436  
 
 
 
The speed of the fly-balls is 101.634363 r.p.m 
 
 
grepthis#Engineering_Mechanics_A._K._Tayal__3204/CH15/EX15.18/Ex15_18.sce #
 
 r  =
 
    50.  
 
 mu  =
 
    0.15  
 
 g  =
 
    9.81  
 
 
 
 v  =
 
    8.5775871  
 
 
 theta  =
 
    8.5307656  
 
 
 
The maximum speed with which the vehicle can travel is 8.577587 m/s 
 
The angle made with the vertical is 8.530766 degree 
 
 
grepthis#Engineering_Mechanics_A._K._Tayal__3204/CH15/EX15.19/Ex15_19.sce #
 
 v  =
 
    27.777778  
 
 r  =
 
    250.  
 
 g  =
 
    9.81  
 
 
 
 theta  =
 
    17.464605  
 
 
 
The angle of banking of the track is 17.464605 degree 
 
 
grepthis#Engineering_Mechanics_A._K._Tayal__3204/CH15/EX15.20/Ex15_20.sce #
 
 W  =
 
    10000.  
 
 r  =
 
    100.  
 
 v  =
 
    10.  
 
 h  =
 
    1.  
 
 b  =
 
    1.5  
 
 g  =
 
    9.81  
 
 
 
 R_A  =
 
    4660.2107  
 
 R_B  =
 
    5339.7893  
 
 
 v_max  =
 
    27.124712  
 
 
 
The reaction at Wheel A (R_A) is 4660.210669 N 
 
The reaction at Wheel B (R_B) is 5339.789331 N 
 
The maximum speed at which the vehicle can travel without the fear of overturning is is 27.124712 m/s 
 
 
grepthis#Engineering_Mechanics_A._K._Tayal__3204/CH15/EX15.21/Ex15_21.sce #
 
 W  =
 
    1.  
 
 theta  =
 
    8.  
 
 r  =
 
    100.  
 
 g  =
 
    9.81  
 
 
 
 v  =
 
    42.270586  
 
 T  =
 
    1.0098276  
 
 
 
The speed of the cariage is 42.270586 km/hr 
 
The tension in the chord is 1.009828 N 
 
 
grepthis#Engineering_Mechanics_A._K._Tayal__3204/CH16/EX16.1/Ex16_1.sce #
 
 k  =
 
    1000.  
 
 x_1  =
 
    0.1  
 
 x_2  =
 
    0.2  
 
 x_0  =
 
    0.  
 
 
 
 U_10  =
 
  - 5.  
 
 
 U  =
 
  - 15.  
 
 
 
The work of the spring force is -5.000000 N-m 
 
The work required to stretch the spring by 20 cm is -15.000000 N-m 
 
 
grepthis#Engineering_Mechanics_A._K._Tayal__3204/CH16/EX16.3/Ex16_3.sce #
 
 M_A  =
 
    100.  
 
 M_B  =
 
    150.  
 
 mu  =
 
    0.2  
 
 x  =
 
    1.  
 
 g  =
 
    9.81  
 
 
 
 
 v  =
 
    3.1941196  
 
 
 
The velocity of block A is 3.194120 m/s 
 
 
grepthis#Engineering_Mechanics_A._K._Tayal__3204/CH16/EX16.4/Ex16_4.sce #
 
 M  =
 
    500000.  
 
 u  =
 
    0.  
 
 v  =
 
    25.  
 
 t  =
 
    50.  
 
 F_r  =
 
    15000.  
 
 
 
 a  =
 
    0.5  
 
 
 F  =
 
    250000.  
 
 
 P  =
 
    6.625  
 
 
 P_req  =
 
    375.  
 
 
 
(a) The maximum power required is 6.625000 MW 
 
(b) The power required to maintain a speed of 90 km/hr is 375.000000 kW 
 
 
grepthis#Engineering_Mechanics_A._K._Tayal__3204/CH16/EX16.5/Ex16_5.sce #
 
 W  =
 
    50.  
 
 k  =
 
    10.  
 
 x_2  =
 
    15.  
 
 h  =
 
    10.  
 
 
 
 
 F_1  =
 
    50.  
 
 
 x_1  =
 
    5.  
 
 
 P  =
 
   E_g: -500
 
 
 P  =
 
   E_g: -500
   E_s: 1000
 
 
 P  =
 
   E_g: -500
   E_s: 1000
   E_t: 500
 
 
 E_2  =
 
    500.  
 
 
 x  =
 
  - 10.  
 
 x  =
 
    10.  
 
 
 
The potential energy of the system is 500.000000 N-cm 
 
The maximum height above the floor that the weight W will attain after release is 10.000000 cm 
 
 
grepthis#Engineering_Mechanics_A._K._Tayal__3204/CH16/EX16.6/Ex16_6.sce #
 
 m  =
 
    5.  
 
 k  =
 
    500.  
 
 h  =
 
    10.  
 
 g  =
 
    9.81  
 
 
 
 
 a  =
 
    1.  
 
 b  =
 
  - 0.1962  
 
 c  =
 
  - 0.01962  
 
 delta  =
 
    26.910763  
 
 
 
The maximum deflection of the spring is 26.910763 cm 
 
 
grepthis#Engineering_Mechanics_A._K._Tayal__3204/CH16/EX16.7/Ex16_7.sce #
 
 m  =
 
    5.  
 
 k  =
 
    500.  
 
 h  =
 
    0.1  
 
 g  =
 
    9.81  
 
 
 
 
 delta  =
 
    0.1400714  
 
 
 
The maximum compression of the spring is 0.140071 m 
 
 
grepthis#Engineering_Mechanics_A._K._Tayal__3204/CH16/EX16.9/Ex16_9.sce #
 
 m  =
 
    5.  
 
 k  =
 
    500.  
 
 AB  =
 
    0.15  
 
 AC  =
 
    0.2  
 
 g  =
 
    9.81  
 
 
 
 
 P  =
 
   E_1: 7.3575
 
 K  =
 
   E_1: 0
 
 E_1  =
 
    7.3575  
 
 
 CB  =
 
    0.25  
 
 
 x  =
 
    0.05  
 
 
 v  =
 
    1.6410363  
 
 
 
The velocity of the collar will be 1.641036 m/s 
 
 
 
grepthis#Engineering_Mechanics_A._K._Tayal__3204/CH16/EX16.10/Ex16_10.sce #
 
 m  =
 
    5.  
 
 theta  =
 
    30.  
 
 x  =
 
    0.5  
 
 k  =
 
    1500.  
 
 mu  =
 
    0.2  
 
 g  =
 
    9.81  
 
 
 
 
 a  =
 
    750.  
 
 b  =
 
  - 16.03  
 
 c  =
 
  - 8.015  
 
 
 delta  =
 
    0.1146139  
 
 
 
The maximum compression of the spring is 0.114614 m 
 
 
grepthis#Engineering_Mechanics_A._K._Tayal__3204/CH16/EX16.11/Ex16_11.sce #
 
 M  =
 
    10.  
 
 g  =
 
    9.81  
 
 
 
 
 v  =
 
    3.9618178  
 
 
 
The velocity of mass M_2 is 3.961818 m/s 
 
 
grepthis#Engineering_Mechanics_A._K._Tayal__3204/CH17/EX17.1/Ex17_1.sce #
 
 m  =
 
    0.1  
 
 
 
 
 delta_t  =
 
    0.015  
 
 v_x_1  =
 
  - 25.  
 
 v_x_2  =
 
    30.641778  
 
 F_x_average  =
 
    370.94518  
 
 
 delta_t  =
 
    0.015  
 
 v_y_1  =
 
    0.  
 
 v_y_2  =
 
    25.711504  
 
 F_y_average  =
 
    171.41003  
 
 F_average  =
 
    408.63398  
 
 
 
The average impules force exerted by the bat on the ball is 408.633978 N 
 
 
grepthis#Engineering_Mechanics_A._K._Tayal__3204/CH17/EX17.2/Ex17_2.sce #
 
 m_g  =
 
    3000.  
 
 m_s  =
 
    50.  
 
 v_s  =
 
    300.  
 
 s  =
 
    0.6  
 
 v  =
 
    0.  
 
 
 
 v_g  =
 
  - 5.  
 
 
 a  =
 
  - 20.833333  
 
 
 F  =
 
    62500.  
 
 
 t  =
 
    0.24  
 
 
 
The recoil velocity of gun is -5.000000 m/s 
 
The Force required to stop the gun is 62500.000000 N 
 
The time required to stop the gun is 0.240000 seconds 
 
 
grepthis#Engineering_Mechanics_A._K._Tayal__3204/CH17/EX17.3/Ex17_3.sce #
 
 m_m  =
 
    50.  
 
 m_b  =
 
    250.  
 
 s  =
 
    5.  
 
 v_r  =
 
    1.  
 
 
 
 
 v_b  =
 
    0.1666667  
 
 
 t  =
 
    5.  
 
 
 s_b  =
 
    0.8333333  
 
 
 
(a) The velocity of boat as observed from the ground is 0.166667 m/s 
 
(b) The distance by which the boat gets shifted is 0.833333 m 
 
 
grepthis#Engineering_Mechanics_A._K._Tayal__3204/CH17/EX17.5/Ex17_5.sce #
 
 M  =
 
    250.  
 
 M_1  =
 
    50.  
 
 M_2  =
 
    75.  
 
 v  =
 
    4.  
 
 
 
 
 deltaV_1  =
 
    1.3333333  
 
 
 
 deltaV_75  =
 
    0.8  
 
 
 deltaV_50  =
 
    0.6666667  
 
 
 deltaV_2  =
 
    1.4666667  
 
 
 
 delV_50  =
 
    0.5333333  
 
 
 delV_75  =
 
    0.9230769  
 
 
 deltaV_3  =
 
    1.4564103  
 
 
 
(a) The Final velocity of boat when two men dive simultaneously is 1.333333 m/s 
 
(b) The Final velocity of boat when the man of 75 kg dives first and 50 kg dives second is 1.466667 m/s 
 
(3) The Final velocity of boat when the man of 50kg dives first followed by the man of 75 kg is 1.456410 m/s 
 
 
grepthis#Engineering_Mechanics_A._K._Tayal__3204/CH17/EX17.6/Ex17_6.sce #
 
 m_m  =
 
    70.  
 
 m_c  =
 
    35.  
 
 m  =
 
    0.025  
 
 m_wb  =
 
    2.25  
 
 V_b  =
 
    5.  
 
 
 
 v  =
 
    455.  
 
 
 V  =
 
    0.1083333  
 
 
 
The velocity of the canoe is 0.108333 m/s 
 
 
grepthis#Engineering_Mechanics_A._K._Tayal__3204/CH17/EX17.8/Ex17_8.sce #
 
 m  =
 
    2.  
 
 v_0  =
 
    20.  
 
 r_0  =
 
    1.  
 
 r_1  =
 
    0.5  
 
 
 
 v_1  =
 
    40.  
 
 
 T  =
 
    6400.  
 
 
 
The new speed of the particle is 40.000000 m/s 
 
The tension in the string is 6400.000000 N 
 
 
grepthis#Engineering_Mechanics_A._K._Tayal__3204/CH18/EX18.1/Ex18_1.sce #
 
 m_a  =
 
    1.  
 
 v_a  =
 
    2.  
 
 m_b  =
 
    2.  
 
 v_b  =
 
    0.  
 
 e  =
 
    0.5  
 
 
 
 A  =
 
    1.    2.  
  - 1.    1.  
 
 B  =
 
    2.  
    1.  
 
 C  =
 
    1.110D-16  
    1.         
 
 
 
The velocity of ball A after impact is 0.000000 m/s 
 
The velocity of ball B after impact is 1.000000 m/s 
 
 
grepthis#Engineering_Mechanics_A._K._Tayal__3204/CH18/EX18.2/Ex18_2.sce #
 
 m_a  =
 
    2.  
 
 m_b  =
 
    6.  
 
 m_c  =
 
    12.  
 
 v_a  =
 
    12.  
 
 v_b  =
 
    4.  
 
 v_c  =
 
    2.  
 
 e  =
 
    1.  
 
 
 
 
 A  =
 
    2.    6.  
  - 1.    1.  
 
 B  =
 
    48.  
    8.   
 
 C  =
 
    0.  
    8.  
 
 
 
 
 P  =
 
    1.    2.  
  - 1.    1.  
 
 Q  =
 
    12.  
    6.   
 
 R  =
 
    0.  
    6.  
 
 
 
The velocity of ball A after impact on ball B is 0.000000 m/s 
 
The velocity of ball B after getting impacted by ball A is 8.000000 m/s 
 
The final velocity of ball B is 0.000000 m/s 
 
The velocity of ball C after getting impacted by ball B is 6.000000 m/s 
 
 
grepthis#Engineering_Mechanics_A._K._Tayal__3204/CH18/EX18.3/Ex18_3.sce #
 
 h_1  =
 
    9.  
 
 h_2  =
 
    6.  
 
 
 
 e  =
 
    0.8164966  
 
 
 h  =
 
    13.5  
 
 
 
The ball was dropped from a height of 13.500000 m 
 
The coefficient of restitution between the glass and the floor is 0.816497 
 
 
 
grepthis#Engineering_Mechanics_A._K._Tayal__3204/CH18/EX18.4/Ex18_4.sce #
 
 e  =
 
    0.9  
 
 v_a  =
 
    10.  
 
 v_b  =
 
    15.  
 
 alpha_1  =
 
    30.  
 
 alpha_2  =
 
    60.  
 
 
 
 v_a_x  =
 
    8.660254  
 
 v_a_y  =
 
    5.  
 
 
 v_b_x  =
 
  - 7.5  
 
 v_b_y  =
 
    12.990381  
 
 
 v_ay  =
 
    5.  
 
 v_by  =
 
    12.990381  
 
 
 v_bx  =
 
    7.8522413  
 
 
 v_ax  =
 
  - 6.6919873  
 
 
 v_A  =
 
    8.3536037  
 
 v_B  =
 
    15.179186  
 
 
 theta_1  =
 
    36.765696  
 
 theta_2  =
 
    58.848472  
 
 
 
The velocity of ball A after impact is 8.353604 m/s 
 
The velocity of ball B after impact is 15.179186 m/s 
 
The direction of ball A after impact is 36.765696 degree 
 
The direction of ball B after impact is 58.848472 degree 
 
 
 
grepthis#Engineering_Mechanics_A._K._Tayal__3204/CH18/EX18.5/Ex18_5.sce #
 
 theta  =
 
    30.  
 
 e  =
 
    0.5  
 
 
 
 
 v_x  =
 
    0.8660254  
 
 v_y  =
 
    0.5  
 
 V_y  =
 
    0.5  
 
 
 V_x  =
 
  - 0.4330127  
 
 
 V  =
 
    0.6614378  
 
 theta  =
 
    49.106605  
 
 
 
 
The velocity of the ball is 0.661438 v 
 
The direction of the ball is 49.106605 degrees 
 
 
grepthis#Engineering_Mechanics_A._K._Tayal__3204/CH18/EX18.6/Ex18_6.sce #
 
 e  =
 
    0.8  
 
 g  =
 
    9.81  
 
 
 
 A  =
 
  - 1.    19.62    
  - 1.  - 12.5568  
 
 B  =
 
    0.893025  
  - 3.924     
 
 C  =
 
    2.0441854  
    0.1497049  
 
 
 
The height from which the ball A should be released is 0.149705 m 
 
 
 
grepthis#Engineering_Mechanics_A._K._Tayal__3204/CH18/EX18.7/Ex18_7.sce #
 
 theta_a  =
 
    60.  
 
 e  =
 
    1.  
 
 
 
 theta_b  =
 
    28.955024  
 
 
 
The angle through which the sphere B will swing after the impact is 28.955024 degree 
 
 
grepthis#Engineering_Mechanics_A._K._Tayal__3204/CH18/EX18.8/Ex18_8.sce #
 
 m_a  =
 
    0.01  
 
 v_a  =
 
    100.  
 
 m_b  =
 
    1.  
 
 v_b  =
 
    0.  
 
 l  =
 
    1.  
 
 v_r  =
 
  - 20.  
 
 v_e  =
 
    20.  
 
 g  =
 
    9.81  
 
 
 
 M  =
 
    1.  
 
 
 
 v_c  =
 
    0.9900990  
 
 
 h_1  =
 
    0.0499641  
 
 
 theta_1  =
 
    18.188288  
 
 
 
 v_bob_rebound  =
 
    1.2  
 
 
 h_2  =
 
    0.0733945  
 
 
 theta_2  =
 
    22.08829  
 
 
 
 v_b_escape  =
 
    0.8  
 
 
 h_3  =
 
    0.0326198  
 
 
 theta_3  =
 
    14.674584  
 
 
 
(a) The maximum angle through which the pendulum swings when the bullet gets embeded into the bob is 18.188288 degree 
 
(b) The maximum angle through which the pendulum swings when the bullet rebounds from the surface of the bob is 22.088290 degree 
 
(c) The maximum angle through which the pendulum swings when the bullet escapes from other end of the bob the bob is 14.674584 degree 
 
 
 
grepthis#Engineering_Mechanics_A._K._Tayal__3204/CH18/EX18.9/Ex18_9.sce #
 
 W_a  =
 
    50.  
 
 W_b  =
 
    50.  
 
 g  =
 
    9.81  
 
 m_a  =
 
    5.09684  
 
 m_b  =
 
    5.09684  
 
 k  =
 
    2000.  
 
 h  =
 
    0.075  
 
 
 v_a  =
 
    1.213054  
 
 
 v_m  =
 
    0.606527  
 
 
 delta_st  =
 
    2.5  
 
 
 a  =
 
    1.  
 
 b  =
 
  - 0.1  
 
 c  =
 
  - 0.000003  
 
 delta_t  =
 
    10.002999  
 
 delta  =
 
    7.5029991  
 
 
 
The compression of the spring over and above caused by the static action of weight W_a is 7.502999 cm 
 
 
grepthis#Engineering_Mechanics_A._K._Tayal__3204/CH18/EX18.10/Ex18_10.sce #
 
 v_a  =
 
    600.  
 
 v_b  =
 
    0.  
 
 w_b  =
 
    0.25  
 
 w_wb  =
 
    50.  
 
 mu  =
 
    0.5  
 
 g  =
 
    9.81  
 
 
 m_a  =
 
    0.0254842  
 
 m_b  =
 
    5.09684  
 
 
 v_c  =
 
    2.9850746  
 
 
 s  =
 
    0.9083252  
 
 
 
The distance through which the block is displaced from its initial position is 0.908325 m 
 
 
grepthis#Engineering_Mechanics_A._K._Tayal__3204/CH18/EX18.11/Ex18_11.sce #
 
 M  =
 
    750.  
 
 m  =
 
    200.  
 
 h  =
 
    1.2  
 
 delta  =
 
    0.1  
 
 g  =
 
    9.81  
 
 
 
 R  =
 
    79.022132  
 
 
 
The resistance to penetration to the pile is 79.022132 kN 
 
 
grepthis#Engineering_Mechanics_A._K._Tayal__3204/CH19/EX19.1/Ex19_1.sce #
 
 v_t  =
 
    10.  
 
 v_s  =
 
    5.  
 
 
 
 v_r  =
 
    11.18034  
 
 
 theta  =
 
    26.565051  
 
 
 
The velocity at which the stone appears to hit the person travelling in the train is 11.180340 m/s 
 
The direction of the stone is 26.565051 degree 
 
 
grepthis#Engineering_Mechanics_A._K._Tayal__3204/CH19/EX19.2/Ex19_2.sce #
 
 v_A  =
 
    5.  
 
 v_B  =
 
    2.5  
 
 theta  =
 
    135.  
 
 
 
 OA  =
 
    5.  
 
 OB  =
 
    2.5  
 
 
 AB  =
 
    6.9948316  
 
 
 
 alpha  =
 
    14.638807  
 
 
 
The magnitude of relative velocity of ship B with respect to ship A is 6.994832 m/s 
 
The direction of the relative velocity is 14.638807 degree 
 
 
grepthis#Engineering_Mechanics_A._K._Tayal__3204/CH19/EX19.3/Ex19_3.sce #
 
 v_c  =
 
    20.  
 
 theta_1  =
 
    45.  
 
 V_c  =
 
    12.  
 
 theta_2  =
 
    30.  
 
 
 
 A  =
 
    1.    1.     
    1.    0.577  
 
 B  =
 
    20.  
    12.  
 
 C  =
 
    1.0874704  
    18.91253   
 
 
 
 
 
 v_R  =
 
    18.943769  
 
 
 theta  =
 
    86.709116  
 
 
 
The magnitude of absolute velocity is 18.943769 km/hr 
 
The direction of absolute velocity is 86.709116 degree 
 
 
grepthis#Engineering_Mechanics_A._K._Tayal__3204/CH19/EX19.4/Ex19_4.sce #
 
 a  =
 
    1.  
 
 u_B  =
 
    10.  
 
 u  =
 
    0.  
 
 d  =
 
    32.5  
 
 t  =
 
    5.  
 
 
 
 v  =
 
    5.  
 
 
 s_A  =
 
    12.5  
 
 
 y_A  =
 
    20.  
 
 
 
 a_B  =
 
    0.  
 
 
 s_B  =
 
    50.  
 
 x_B  =
 
    50.  
 
 
 OA  =
 
    20.  
 
 OB  =
 
    50.  
 
 BA  =
 
    53.851648  
 
 theta  =
 
    21.801409  
 
 
 oa  =
 
    5.  
 
 ob  =
 
    10.  
 
 v_AB  =
 
    11.18034  
 
 phi  =
 
    26.565051  
 
 
 a_AB  =
 
    1.  
 
 
 
The relative position of car A relative to car B is 53.851648 m 
 
The direction of car A w.r.t car B is 21.801409 degree 
 
The velocity of car A relative to car B is 11.180340 m/s 
 
The direction of car A w.r.t (for relative velocity)is 26.565051 degree 
 
The acceleration of car A relative to car B is 1.000000 m/s^2 
 
 
grepthis#Engineering_Mechanics_A._K._Tayal__3204/CH20/EX20.1/Ex20_1.sce #
 
 v_o  =
 
    500.  
 
 alpha  =
 
    30.  
 
 t  =
 
    30.  
 
 g  =
 
    9.81  
 
 
 v_x  =
 
    433.0127  
 
 v_y  =
 
    250.  
 
 
 V_x  =
 
    433.0127  
 
 
 V_y  =
 
  - 44.3  
 
 
 v_R  =
 
    435.27289  
 
 theta  =
 
    5.8414055  
 
 
 
The velocity of the projectile is 435.272891 m/s 
 
The direction of the projectile is 5.841405 degree 
 
 
grepthis#Engineering_Mechanics_A._K._Tayal__3204/CH20/EX20.2/Ex20_2.sce #
 
 v_A  =
 
    10.  
 
 alpha_A  =
 
    60.  
 
 alpha_B  =
 
    45.  
 
 
 
 v_B  =
 
    9.3060486  
 
 
 v_b  =
 
    12.247449  
 
 
 v  =
 
    12.247449  
 
 
 
(a) The velocity of body B for horizontal range is 9.306049 m/s 
 
(b) The velocity of body B for the maximum height is 12.247449 m/s 
 
(c) The velocity of body B for equal time of flight is 12.247449 m/s 
 
 
grepthis#Engineering_Mechanics_A._K._Tayal__3204/CH20/EX20.3/Ex20_3.sce #
 
 y  =
 
    3.6  
 
 x_1  =
 
    4.8  
 
 x_2  =
 
    3.6  
 
 g  =
 
    9.81  
 
 
 
 r  =
 
    8.4  
 
 
 alpha  =
 
    60.255119  
 
 
 v_o  =
 
    9.779954  
 
 
 
The least velocity with which the ball can be thrown is 9.779954 m/s 
 
The angle of projection for the same is 60.255119 degree 
 
 
grepthis#Engineering_Mechanics_A._K._Tayal__3204/CH20/EX20.5/Ex20_5.sce #
 
 v_o  =
 
    400.  
 
 r  =
 
    5000.  
 
 g  =
 
    9.81  
 
 pi  =
 
    180.  
 
 
 
 theta_1  =
 
    8.9260962  
 
 
 theta_2  =
 
    81.073904  
 
 
 s  =
 
    5000.  
 
 
 v_x  =
 
    395.15572  
 
 
 t_1  =
 
    12.65324  
 
 
 V_x  =
 
    62.06414  
 
 
 t_2  =
 
    80.561818  
 
 
 delta  =
 
   T: 67.908579
 
 
 
The time difference between the two hits is 67.908579 seconds 
 
 
grepthis#Engineering_Mechanics_A._K._Tayal__3204/CH20/EX20.6/Ex20_6.sce #
 
 h  =
 
    2000.  
 
 v  =
 
    150.  
 
 g  =
 
    9.81  
 
 
 
 u  =
 
    0.  
 
 t  =
 
    20.192751  
 
 
 s  =
 
    3028.9127  
 
 
 theta  =
 
    33.436901  
 
 
 
The pilot should release the bomb from a distance of 3028.912664 m 
 
The angle at which the target would appear is 33.436901 degree 
 
 
grepthis#Engineering_Mechanics_A._K._Tayal__3204/CH20/EX20.7/Ex20_7.sce #
 
 theta  =
 
    30.  
 
 s  =
 
  - 50.  
 
 v  =
 
    100.  
 
 g  =
 
    9.81  
 
 
 v_x  =
 
    86.60254  
 
 v_y  =
 
    50.  
 
 
 h  =
 
    127.421  
 
 
 V_y  =
 
    59.  
 
 
 V  =
 
    104.79027  
 
 
 a  =
 
    9.81  
 
 t  =
 
    11.111111  
 
 
 
(a) The maximum height to which the bullet will rise above the soldier is 127.420999 m 
 
(b) The velocity with which the bullet will hit the target is 104.790267 m/s 
 
(c) The time required to hit the target is 11.111111 seconds 
 
 
grepthis#Engineering_Mechanics_A._K._Tayal__3204/CH20/EX20.8/Ex20_8.sce #
 
 W  =
 
    30.  
 
 theta  =
 
    30.  
 
 mu  =
 
    0.18  
 
 s  =
 
    10.  
 
 g  =
 
    9.81  
 
 
 
 a  =
 
    3.3757723  
 
 
 v  =
 
    8.2167784  
 
 
 v_x  =
 
    7.1159388  
 
 v_y  =
 
    4.1083892  
 
 
 
 
 a  =
 
    4.9  
 
 b  =
 
    4.1  
 
 c  =
 
  - 5.  
 
 
 t  =
 
    0.6749942  
 
 
 
 s_x  =
 
    4.1597081  
 
 x  =
 
    5.1597081  
 
 
 
The distance x where the hammer hits the round is 5.159708 m 
 
 
grepthis#Engineering_Mechanics_A._K._Tayal__3204/CH20/EX20.9/Ex20_9.sce #
 
 s  =
 
    1000.  
 
 h  =
 
    19.6  
 
 g  =
 
    9.81  
 
 
 
 v_y  =
 
    19.609997  
 
 t  =
 
    1.9989804  
 
 v_x  =
 
    500.25504  
 
 
 
 v_x2  =
 
    1000.5101  
 
 
 BC  =
 
    2000.  
 
 
 OC  =
 
    3000.  
 
 
 
(a) The velocity of shell just before bursting is 500.255037 m/s 
 
(b) The velocity of first part immediately after the shell burst is 1000.510074 m/s 
 
(c) The velocity of second part immediately after the shell burst is 1000.510074 m/s 
 
(b) The distance between the firing point & the point where the second part of the shell hit the ground is 3000.000000 m 
 
 
grepthis#Engineering_Mechanics_A._K._Tayal__3204/CH20/EX20.10/Ex20_10.sce #
 
 v_o  =
 
    200.  
 
 theta  =
 
    60.  
 
 y  =
 
    5.  
 
 x  =
 
    12.  
 
 g  =
 
    9.81  
 
 
 
Warning : redefining function: beta                    . Use funcprot(0) to avoid this message

 beta  =
 
    22.619865  
 
 
 alpha  =
 
    30.  
 
 
 AB  =
 
    1064.6722  
 
 
 AC  =
 
    6586.2488  
 
 BC  =
 
    7650.921  
 
 
 
The range covered (i.e BC) is 7650.920998 m 
 
 
grepthis#Engineering_Mechanics_A._K._Tayal__3204/CH21/EX21.1/Ex21_1.sce #
 
 N  =
 
    1800.  
 
 t  =
 
    5.  
 
 T  =
 
    90.  
 
 
 omega  =
 
    188.49556  
 
 
 
 alpha_1  =
 
    37.699112  
 
 theta_1  =
 
    471.2389  
 
 
 n_1  =
 
    75.  
 
 
 
 alpha_2  =
 
    2.0943951  
 
 theta_2  =
 
    8482.3002  
 
 
 n_2  =
 
    1350.  
 
 
 
(a) The no of revolutions the unit turns to attain the rated speed is 75.000000 
 
(b) The no of revolutions the unit turns to come to rest is 1350.000000 
 
 
grepthis#Engineering_Mechanics_A._K._Tayal__3204/CH21/EX21.2/Ex21_2.sce #
 
 r  =
 
    1.  
 
 v_c  =
 
    20.  
 
 
 
 v_e  =
 
    28.284271  
 
 
 v_f  =
 
    40.  
 
 
 
The velocity of point E is 28.284271 m/s 
 
The velocity of point F is 40.000000 m/s 
 
 
grepthis#Engineering_Mechanics_A._K._Tayal__3204/CH21/EX21.3/Ex21_3.sce #
 
 v_1  =
 
    3.  
 
 v_2  =
 
    2.  
 
 r  =
 
    0.4  
 
 
 
 A  =
 
    1.    0.4  
    1.  - 0.4  
 
 B  =
 
    3.  
    2.  
 
 C  =
 
    2.5   
    1.25  
 
 
 
The linear velocity (v_c) at point C is 2.500000 m/s 
 
The angular velocity at point C is 1.250000 radian/seconds 
 
 
 
grepthis#Engineering_Mechanics_A._K._Tayal__3204/CH21/EX21.4/Ex21_4.sce #
 
 l  =
 
    1.  
 
 v_a  =
 
    5.  
 
 theta  =
 
    30.  
 
 
 
 v_b  =
 
    8.660254  
 
 
 v_ba  =
 
    10.  
 
 
 theta_a  =
 
    10.  
 
 
 v_a  =
 
    5.  
 
 
 v_c  =
 
    5.  
 
 
 
(a) The angular velocity of the bar is 10.000000 radian/second 
 
(b) The velocity of end B is 8.660254 m/s 
 
(c) The velocity of mid point C is 5.000000 m/s 
 
 
grepthis#Engineering_Mechanics_A._K._Tayal__3204/CH21/EX21.5/Ex21_5.sce #
 
 r  =
 
    0.12  
 
 l  =
 
    0.6  
 
 N  =
 
    300.  
 
 theta  =
 
    30.  
 
 
 
 phi  =
 
    5.7391705  
 
 
 omega_oa  =
 
    31.415927  
 
 
 v_a  =
 
    3.7699112  
 
 
 v_b  =
 
    2.2108298  
 
 
 v_ba  =
 
    3.2810618  
 
 
 omega_ab  =
 
    5.4684364  
 
 
 
(a) The angular velocity of the connecting rod is 5.468436 radian/second 
 
(b) The velocity of the piston when the crank makes an angle of 30 degree is 2.210830 m/s 
 
 
grepthis#Engineering_Mechanics_A._K._Tayal__3204/CH21/EX21.6/Ex21_6.sce #
 
 r  =
 
    1.  
 
 v_c  =
 
    20.  
 
 
 
 omega  =
 
    20.  
 
 
 v_d  =
 
    28.284271  
 
 
 v_e  =
 
    40.  
 
 
 
The velocity at point D is 28.284271 m/s 
 
The velocity at point E is 40.000000 m/s 
 
 
grepthis#Engineering_Mechanics_A._K._Tayal__3204/CH21/EX21.7/Ex21_7.sce #
 
 r  =
 
    5.  
 
 AB  =
 
    0.1  
 
 v_a  =
 
    3.  
 
 v_b  =
 
    2.  
 
 
 
 A  =
 
  - 2.    3.  
    1.    1.  
 
 B  =
 
    0.   
    0.1  
 
 C  =
 
    0.06  
    0.04  
 
 d1  =
 
    4.  
 
 
 P  =
 
  - 2.    3.  
    1.  - 1.  
 
 Q  =
 
    0.   
    0.1  
 
 R  =
 
    0.3  
    0.2  
 
 d2  =
 
    20.  
 
 
 
The distance d when the bars move in the opposite directions are 4.000000 cm 
 
The distance d when the bars move in the same directions are 20.000000 cm 
 
 
grepthis#Engineering_Mechanics_A._K._Tayal__3204/CH21/EX21.8/Ex21_8.sce #
 
 v_c  =
 
    1.  
 
 r1  =
 
    0.1  
 
 r2  =
 
    0.2  
 
 EB  =
 
    0.1  
 
 EA  =
 
    0.3  
 
 ED  =
 
    0.2236068  
 
 
 
 omega  =
 
    10.  
 
 
 v_b  =
 
    1.  
 
 
 v_a  =
 
    3.  
 
 
 v_d  =
 
    2.236068  
 
 
 
The velocity at point A is 3.000000 m/s 
 
The velocity at point B is 1.000000 m/s 
 
The velocity at point D is 2.236068 m/s 
 
 
grepthis#Engineering_Mechanics_A._K._Tayal__3204/CH21/EX21.9/Ex21_9.sce #
 
 l  =
 
    1.  
 
 v_a  =
 
    5.  
 
 theta  =
 
    30.  
 
 
 IA  =
 
    0.5  
 
 IB  =
 
    0.8660254  
 
 IC  =
 
    0.5  
 
 
 omega  =
 
    10.  
 
 v_b  =
 
    8.660254  
 
 v_c  =
 
    5.  
 
 
 
The velocity at point B is 8.660254 m/s 
 
The velocity at point C is 5.000000 m/s 
 
 
grepthis#Engineering_Mechanics_A._K._Tayal__3204/CH21/EX21.11/Ex21_11.sce #
 
 v_a  =
 
    2.  
 
 r  =
 
    0.05  
 
 alpha  =
 
    30.  
 
 
 
 omega  =
 
    11.547005  
 
 
 
The anguar veocity of the bar is 11.547005 radian/second 
 
 
grepthis#Engineering_Mechanics_A._K._Tayal__3204/CH21/EX21.12/Ex21_12.sce #
 
 l  =
 
    0.6  
 
 r  =
 
    0.12  
 
 theta  =
 
    30.  
 
 phi  =
 
    5.7  
 
 N  =
 
    300.  
 
 
 
 omega_oa  =
 
    31.415927  
 
 
 IB  =
 
    0.4046974  
 
 IA  =
 
    0.6893947  
 
 
 v_b  =
 
    2.2130618  
 
 
 omega_ab  =
 
    5.4684364  
 
 
 
The velocity at B is 2.213062 m/s 
 
The angular velocity of the connecting rod is 5.468436 radian/second 
 
 
grepthis#Engineering_Mechanics_A._K._Tayal__3204/CH21/EX21.13/Ex21_13.sce #
 
 omega_ab  =
 
    5.  
 
 AB  =
 
    0.2  
 
 BC  =
 
    0.15  
 
 CD  =
 
    0.3  
 
 theta  =
 
    30.  
 
 alpha  =
 
    60.  
 
 
 
 IB  =
 
    0.1299038  
 
 IC  =
 
    0.075  
 
 v_b  =
 
    1.  
 
 
 omega_bc  =
 
    7.6980036  
 
 v_c  =
 
    0.5773503  
 
 
 omega_dc  =
 
    1.9245009  
 
 
 
The angular velocity of bar BC is 7.698004 rad/s 
 
The angular velocity of bar CD is 1.924501 rad/s 
 
 
grepthis#Engineering_Mechanics_A._K._Tayal__3204/CH22/EX22.1/Ex22_1.sce #
 
 N  =
 
    1500.  
 
 r  =
 
    0.5  
 
 m  =
 
    300.  
 
 t  =
 
    120.  
 
 omega  =
 
    0.  
 
 g  =
 
    9.81  
 
 
 omega_0  =
 
    157.07963  
 
 
 alpha  =
 
  - 1.3089969  
 
 theta  =
 
    9424.778  
 
 
 n  =
 
    1500.  
 
 
 I_G  =
 
    3.82263  
 
 
 M  =
 
  - 5.0038109  
 
 
 
(a) The no of revolutions executed by the disc before coming to rest is 1500.000000 
 
(b) The frictional torque is -5.003811 N-m 
 
 
grepthis#Engineering_Mechanics_A._K._Tayal__3204/CH22/EX22.2/Ex22_2.sce #
 
 s  =
 
    1.  
 
 mu  =
 
    0.192  
 
 g  =
 
    9.81  
 
 
 
 theta  =
 
    29.941943  
 
 a  =
 
    3.2642592  
 
 v  =
 
    2.5550966  
 
 
 A  =
 
    4.8963888  
 
 
 
(a) The acceleration at the centre is 4.896389 m/s^2 
 
(b) The maximum angle of the inclined plane is 29.941943 degree 
 
 
grepthis#Engineering_Mechanics_A._K._Tayal__3204/CH22/EX22.5/Ex22_5.sce #
 
 W_a  =
 
    25.  
 
 W_b  =
 
    25.  
 
 W  =
 
    200.  
 
 i_g  =
 
    0.2  
 
 g  =
 
    9.81  
 
 
 
 a  =
 
    1.081102  
 
 
 
The acceleration of weight A is 1.081102 m/s^2 
 
 
grepthis#Engineering_Mechanics_A._K._Tayal__3204/CH22/EX22.8/Ex22_8.sce #
 
 r_1  =
 
    0.075  
 
 r_2  =
 
    0.15  
 
 P  =
 
    50.  
 
 W  =
 
    100.  
 
 i_g  =
 
    0.05  
 
 theta  =
 
    30.  
 
 g  =
 
    9.81  
 
 
 
 a  =
 
    1.6158191  
 
 
 
The acceleration of the pool is 1.615819 m/s^2 
 
 
grepthis#Engineering_Mechanics_A._K._Tayal__3204/CH22/EX22.10/Ex22_10.sce #
 
 L  =
 
    1.  
 
 m  =
 
    10.  
 
 g  =
 
    9.81  
 
 theta  =
 
    30.  
 
 
 
 omega  =
 
    4.1012193  
 
 
 alpha  =
 
    14.564073  
 
 
 R_t  =
 
    48.54691  
 
 R_n  =
 
    91.1  
 
 R  =
 
    103.22796  
 
 
 
(a) The angular velocity of the rod is 4.101219 rad/sec 
 
(b) The reaction at the hinge is 103.227964 N 
 
 
grepthis#Engineering_Mechanics_A._K._Tayal__3204/CH23/EX23.2/Ex23_2.sce #
 
 m  =
 
    600.  
 
 r  =
 
    0.25  
 
 P  =
 
    850.  
 
 v  =
 
    3.  
 
 theta  =
 
    30.  
 
 
 
 x  =
 
    5.5018084  
 
 
 
The distance required to be rolled is 5.501808 m 
 
 
grepthis#Engineering_Mechanics_A._K._Tayal__3204/CH24/EX24.1/Ex24_1.sce #
 
 f  =
 
    0.1666667  
 
 x  =
 
    8.  
 
 
 omega  =
 
    1.0471976  
 
 
 r  =
 
    10.  
 
 
 a_max  =
 
    10.966227  
 
 
 s  =
 
    5.  
 
 v  =
 
    9.0689968  
 
 
 
(a) The amplitude of oscillation is 10.000000 cm 
 
(b) The maximum acceleration is 10.966227 cm/s^2 
 
(c) The velocity of the particle at 5 cm from mean position  is 9.068997 cm/s 
 
 
grepthis#Engineering_Mechanics_A._K._Tayal__3204/CH24/EX24.2/Ex24_2.sce #
 
 x_1  =
 
    0.1  
 
 x_2  =
 
    0.2  
 
 
 v_1  =
 
    1.2  
 
 v_2  =
 
    0.8  
 
 
 
 r  =
 
    0.2529822  
 
 omega  =
 
    5.1639778  
 
 t  =
 
    1.2167336  
 
 v_max  =
 
    1.3063945  
 
 
 a  =
 
    6.7461923  
 
 
 
(a) The amplitude of oscillations is 0.252982 m 
 
(b) The time period of oscillations is 1.216734 seconds 
 
(c) The maximum velocity is 1.306395 m/s 
 
(d) The maximum acceleration is 6.746192 m/s^2 
 
 
 
 
grepthis#Engineering_Mechanics_A._K._Tayal__3204/CH24/EX24.5/Ex24_5.sce #
 
 W  =
 
    50.  
 
 x_0  =
 
    0.075  
 
 f  =
 
    1.  
 
 g  =
 
    9.81  
 
 
 omega  =
 
    6.2831853  
 
 K  =
 
    2.0121518  
 
 
 delta  =
 
    32.34902  
 
 T  =
 
    65.091138  
 
 v  =
 
    0.4712389  
 
 
 
(a) The stiffness of the spring is 2.012152 N/cm 
 
(b) The maximum Tension in the spring is 65.091138 N 
 
(c) The maximum velocity is 0.471239 m/s 
 
 
grepthis#Engineering_Mechanics_A._K._Tayal__3204/CH24/EX24.10/Ex24_10.sce #
 
 l  =
 
    1.  
 
 g  =
 
    9.81  
 
 
 
 t_s  =
 
    2.0060667  
 
 
 t_u  =
 
    1.9127095  
 
 
 t_d  =
 
    2.1145799  
 
 
 
The time period of oscillation of the pendulum for upward acc of the elevator is 1.912710 seconds 
 
The time period of oscillation of the pendulum for downward acc of the elevator is 2.114580 seconds 
 
 
grepthis#Engineering_Mechanics_A._K._Tayal__3204/CH24/EX24.11/Ex24_11.sce #
 
 t  =
 
    1.  
 
 g  =
 
    9.81  
 
 
 
 l  =
 
    0.2484902  
 
 
 t_u  =
 
    0.9534626  
 
 
 t_d  =
 
    1.0540926  
 
 
 
The time period of oscillation of the pendulum for upward acc of the elevator is 0.953463 seconds 
 
The time period of oscillation of the pendulum for downward acc of the elevator is 1.054093 seconds 
 
 
grepthis#Engineering_Mechanics_A._K._Tayal__3204/CH24/EX24.12/Ex24_12.sce #
 
 m  =
 
    15.  
 
 D  =
 
    0.3  
 
 R  =
 
    0.15  
 
 l  =
 
    1.  
 
 d  =
 
    0.01  
 
 G  =
 
    3.000D+10  
 
 
 
 I  =
 
    0.16875  
 
 
 k_t  =
 
    29.452431  
 
 t  =
 
    0.4755993  
 
 
 
The time period of oscillations of the disc is 0.475599 seconds 
 
 
grepthis#Engineering_Mechanics_A._K._Tayal__3204/CH26/EX26.1/Ex26_1.sce #
 
 
 P  =
 
  - 5.    2.    14.  
 
 
 r  =
 
    15.  
 
 
 l  =
 
  - 0.3333333  
 
 m  =
 
    0.1333333  
 
 n  =
 
    0.9333333  
 
 
 r_unit  =
 
  - 0.3333333    0.1333333    0.9333333  
 
 
 
The Position vector is -5.000000i+2.000000j+14.000000k 
 
The value of r is 15.000000*l i + 15.000000*m j + 15.000000*n k 
 
The unit vector in the direction of r is -0.333333i+0.133333j+0.933333k 
 
grepthis#Engineering_Mechanics_A._K._Tayal__3204/CH26/EX26.2/Ex26_2.sce #
 
 
 F  =
 
    10.  
 
 P_1  =
 
    2.    4.    3.  
 
 P_2  =
 
    1.  - 5.    2.  
 
 
 
 d_x  =
 
  - 1.  
 
 d_y  =
 
  - 9.  
 
 d_z  =
 
  - 1.  
 
 d  =
 
    9.1104336  
 
 Fx  =
 
  - 1.0976426  
 
 Fy  =
 
  - 9.8787834  
 
 Fz  =
 
  - 1.0976426  
 
 
 l  =
 
  - 0.1097643  
 
 m  =
 
  - 0.9878783  
 
 n  =
 
  - 0.1097643  
 
 
 theta_x  =
 
    96.301726  
 
 theta_y  =
 
    171.06986  
 
 theta_z  =
 
    96.301726  
 
 
 
 
The force in vector notation is -1.097643i-9.878783j-1.097643k
 
Thetax=96.301726 degrees,Thetay=171.069858 degrees,Thetaz=96.301726 degrees 
 
grepthis#Engineering_Mechanics_A._K._Tayal__3204/CH26/EX26.3/Ex26_3.sce #
 
 
 T  =
 
    2500.  
 
 
 Q  =
 
    40.    0.  - 30.  
 
 P  =
 
    0.    80.    0.  
 
 
 
 mag_QP  =
 
    94.339811  
 
 QP  =
 
  - 40.    80.    30.  
 
 F  =
 
  - 1059.9979    2119.9958    794.99841  
 
 thetax  =
 
    115.08733  
 
 thetay  =
 
    32.005383  
 
 thetaz  =
 
    71.458022  
 
 
 
 
The force vector is -1059.997880i+2119.995760j+794.998410k N
 
 
The angles are thetax=115.087329,thetay=32.005383 and thetaz=71.458022 degrees 
 
grepthis#Engineering_Mechanics_A._K._Tayal__3204/CH26/EX26.4/Ex26_4.sce #
 
 
 A  =
 
    2.  - 1.    1.  
 
 B  =
 
    1.    1.    2.  
 
 C  =
 
    3.  - 2.    4.  
 
 
 R  =
 
    6.  - 2.    7.  
 
 mag  =
 
    9.4339811  
 
 
 U  =
 
    0.6359987  - 0.2119996    0.7419985  
 
 
 
The unit vector is 0.635999i-0.212000j+0.741999k 
 
 
grepthis#Engineering_Mechanics_A._K._Tayal__3204/CH26/EX26.5/Ex26_5.sce #
 
 
 A  =
 
    2.  - 6.  - 3.  
 
 B  =
 
    4.    3.  - 1.  
 
 
 AdotB  =
 
  - 7.  
 
 magA  =
 
    7.  
 
 magB  =
 
    5.0990195  
 
 theta  =
 
    101.30993  
 
 
 
 
The product of both the vectors is -7.000000
 
The angle between them is 101.309932 degrees 
 
grepthis#Engineering_Mechanics_A._K._Tayal__3204/CH26/EX26.6/Ex26_6.sce #
 
 
 A  =
 
    4.  - 3.    1.  
 
 P  =
 
    2.    3.  - 1.  
 
 Q  =
 
  - 2.  - 4.    3.  
 
 
 B  =
 
  - 4.  - 7.    4.  
 
 AdotB  =
 
    9.  
 
 magB  =
 
    9.  
 
 Acostheta  =
 
    1.  
 
 
 
The value of A.costheta is 1.000000 
 
grepthis#Engineering_Mechanics_A._K._Tayal__3204/CH26/EX26.7/Ex26_7.sce #
 
 
 F  =
 
    5.    10.  - 15.  
 
 a  =
 
    1.    0.    3.  
 
 b  =
 
    3.  - 1.  - 6.  
 
 
 d  =
 
    2.  - 1.  - 9.  
 
 work  =
 
    10.  - 10.    135.  
 
 Work  =
 
    135.  
 
 
 
The work done is 135.000000 units 
 
grepthis#Engineering_Mechanics_A._K._Tayal__3204/CH26/EX26.8/Ex26_8.sce #
 
 
 A  =
 
    2.  - 6.  - 3.  
 
 B  =
 
    4.    3.  - 1.  
 
 
 AcrossB  =
 
    15.  - 10.    30.  
 
 mag  =
 
    35.  
 
 n  =
 
    0.4285714  - 0.2857143    0.8571429  
 
 magA  =
 
    7.  
 
 magB  =
 
    5.0990195  
 
 theta  =
 
    78.690068  
 
 
 
The cross prcoduct of the two vectors is 15.000000i -10.000000j+30.000000k
 
The angle between the two is 78.690068 degrees 
 
 
grepthis#Engineering_Mechanics_A._K._Tayal__3204/CH26/EX26.9/Ex26_9.sce #
 
 
 
 
 A  =
 
    0.    1.    2.  
 
 B  =
 
    1.    3.  - 2.  
 
 P  =
 
    3.    6.    4.  
 
 a_s  =
 
    2.  
 
 
 
 C  =
 
    1.    2.  - 4.  
 
 magC  =
 
    4.5825757  
 
 
 C_unit  =
 
    0.2182179    0.4364358  - 0.8728716  
 
 
 r  =
 
    3.    5.    2.  
 
 
 
 V  =
 
    24.  - 14.  - 1.  
 
 
 V_n  =
 
    10.474459  - 6.1101009  - 0.4364358  
 
 
 magV  =
 
    27.802878  
 
 v  =
 
    12.134171  
 
 
 
The vector notation of velocity is 10.474459i -6.110101j -0.436436k 
 
The magnitude of the Velocity Vector is 12.134171 
 
 
grepthis#Engineering_Mechanics_A._K._Tayal__3204/CH26/EX26.10/Ex26_10.sce #
 
 
 
 O  =
 
  - 2.    3.    5.  
 
 P  =
 
    1.  - 2.    4.  
 
 Q  =
 
    5.    2.    3.  
 
 F  =
 
    4.    4.  - 1.  
 
 
 
 r_1  =
 
    3.  - 5.  - 1.  
 
 
 
 M  =
 
    9.  - 1.    32.  
 
 
 
The Moment about point O is 9.000000i -1.000000j+32.000000k 
 
 
grepthis#Engineering_Mechanics_A._K._Tayal__3204/CH26/EX26.11/Ex26_11.sce #
 
 
 
 P  =
 
    1.  - 1.    2.  
 
 O  =
 
    2.  - 1.    3.  
 
 F  =
 
    3.    2.  - 4.  
 
 
 
 r  =
 
  - 1.    0.  - 1.  
 
 
 M  =
 
    2.  - 7.  - 2.  
 
 
 
The moment of the force is 2.000000i -7.000000j -2.000000k 
 
 
grepthis#Engineering_Mechanics_A._K._Tayal__3204/CH26/EX26.12/Ex26_12.sce #
 
 
 
 f  =
 
    22.  
 
 
 A  =
 
    4.  - 1.    7.  
 
 O  =
 
    1.  - 3.    2.  
 
 V  =
 
    9.    6.  - 2.  
 
 
 
 v  =
 
    0.8181818    0.5454545  - 0.1818182  
 
 
 F  =
 
    18.    12.  - 4.  
 
 
 r  =
 
    3.    2.    5.  
 
 
 M  =
 
  - 68.    102.    0.  
 
 
 
The moment is -68.000000i + 102.000000j + 0.000000 k 
 
 
grepthis#Engineering_Mechanics_A._K._Tayal__3204/CH26/EX26.13/Ex26_13.sce #
 
 
 
 
 F  =
 
    50.  - 80.    30.  
 
 
 theta1  =
 
    30.  
 
 theta2  =
 
    60.  
 
 theta3  =
 
    90.  
 
 theta4  =
 
    120.  
 
 theta5  =
 
    0.  
 
 
 
 u_unit  =
 
    0.8660254    0.5    0.  
 
 
 v_unit  =
 
  - 0.5    0.8660254    0.  
 
 
 w_unit  =
 
    0.    0.    1.  
 
 
 
 u  =
 
    3.3012702  
 
 v  =
 
  - 94.282032  
 
 w  =
 
    30.  
 
 
 
The components of the force is,along u=3.301270 N,along v=-94.282032 N,along w=30.000000 N 
 
 
grepthis#Engineering_Mechanics_A._K._Tayal__3204/CH26/EX26.14/Ex26_14.sce #
 
 
 
 f  =
 
    100.  
 
 
 A  =
 
    0.    0.    0.  
 
 B  =
 
    0.5    0.    0.  
 
 C  =
 
    0.5    0.    1.  
 
 D  =
 
    0.    0.    1.  
 
 E  =
 
    0.    0.5    0.  
 
 F  =
 
    0.5    0.5    0.  
 
 G  =
 
    0.5    0.5    1.  
 
 H  =
 
    0.    0.5    1.  
 
 
 
 Fmag  =
 
    89.442719  
 
 F  =
 
    0.    44.72136  - 89.442719  
 
 
 r_EC  =
 
    0.5  - 0.5    1.  
 
 
 
 M_E  =
 
    0.    44.72136    22.36068  
 
 
 n_AE  =
 
    0.    1.    0.  
 
 
 
 M_AE  =
 
    44.72136  
 
 
 
The moment of the force about point E is 0.000000i - 44.721360j + 22.360680k N.m 
 
The moment of force about axis AE is -44.721360 N.m 
 
 
 
grepthis#Engineering_Mechanics_A._K._Tayal__3204/CH26/EX26.15/Ex26_15.sce #
 
 
 
 
 
 f1  =
 
    5.  
 
 f2  =
 
    7.5  
 
 f3  =
 
    10.  
 
 A  =
 
    0.    0.    0.  
 
 E  =
 
    0.    1.    0.  
 
 D  =
 
    0.    0.    2.  
 
 F  =
 
    3.    1.    0.  
 
 G  =
 
    3.    1.    2.  
 
 H  =
 
    0.    1.    2.  
 
 
 
 F1  =
 
    5.    0.    0.  
 
 F2  =
 
    0.  - 7.5    0.  
 
 F3  =
 
    8.3205029    0.    5.547002  
 
 
 R  =
 
    13.320503  - 7.5    5.547002  
 
 
 r_AE  =
 
    0.    1.    0.  
 
 r_AD  =
 
    0.    0.    2.  
 
 
 
 M1  =
 
    0.    0.  - 5.  
 
 M2  =
 
    15.    0.    0.  
 
 M3  =
 
    5.547002    0.  - 8.3205029  
 
 
 M_R  =
 
    20.547002    0.  - 13.320503  
 
 
 
The resultant force is 13.320503i -7.500000j + 5.547002k kN 
 
The resultant moment of all the forces about point A is 20.547002i + 0.000000j -13.320503k kN.m 
 
 
grepthis#Engineering_Mechanics_A._K._Tayal__3204/CH26/EX26.16/Ex26_16.sce #
 
 
 F  =
 
    20.  
 
 M_x  =
 
    76.  
 
 M_y  =
 
    82.  
 
 
 x  =
 
    3.8  
 
 z  =
 
    4.1  
 
 
 
The point of application should be shifted to: x=3.800000 m and z=4.100000 m 
 
 
grepthis#Engineering_Mechanics_A._K._Tayal__3204/CH26/EX26.17/Ex26_17.sce #
 
 
 W  =
 
    5000.  
 
 
 A  =
 
    0.    4.5    0.  
 
 B  =
 
    2.8    0.    0.  
 
 C  =
 
    0.    0.  - 2.4  
 
 D  =
 
  - 2.6    0.    1.8  
 
 
 
 
 P  =
 
    0.528    0.    - 0.472  
    0.       0.47  - 0.327  
    0.85     0.88    0.818  
 
 Q  =
 
    0.     
    0.     
    5000.  
 
 X  =
 
    2040.8608  
    1588.3829  
    2282.9968  
 
 
 
Tension in cable AD is 2282.996811 N 
 
Tension in cable AB is 2040.860785 N 
 
Tension in cable AC is 1588.382888 N 
 
 
 
grepthis#Engineering_Mechanics_A._K._Tayal__3204/CH26/EX26.18/Ex26_18.sce #
 
 
 P  =
 
    5.  
 
 Q  =
 
    3.  
 
 C  =
 
    5.  
 
 
 z1  =
 
    1.5  
 
 z2  =
 
    0.625  
 
 z3  =
 
    0.5  
 
 x1  =
 
    3.5  
 
 x2  =
 
    0.625  
 
 
 
 R_A  =
 
    6.4166667  
 
 
 R_C  =
 
    3.8928571  
 
 
 R_B  =
 
  - 2.3095238  
 
 
 
The reactions are: R_A=6.416667 kN ,R_C=3.892857 kN and R_B=-2.309524 kN 
 
 
grepthis#Engineering_Mechanics_A._K._Tayal__3204/CH26/EX26.19/Ex26_19.sce #
 
 
 F  =
 
    2.  
 
 W  =
 
    1.  
 
 
 A  =
 
    0.    0.    0.  
 
 C  =
 
    0.    0.    1.2  
 
 B  =
 
    0.    0.    2.5  
 
 D  =
 
  - 1.    1.    0.  
 
 E  =
 
    1.    1.    0.  
 
 F  =
 
    0.    0.    1.  
 
 G  =
 
    0.    0.    2.  
 
 
 f  =
 
    0.  - 2.    0.  
 
 
 w  =
 
    0.  - 1.    0.  
 
 
 
 
 P  =
 
    1.    0.    0.    0.58  - 0.41  
    0.    1.    0.    0.58    0.41  
    0.    0.    1.  - 0.58  - 0.82  
    0.    0.    0.    0.58    0.82  
    0.    0.    0.    0.58  - 0.82  
 
 Q  =
 
    0.    
    3.    
    0.    
    6.25  
    0.    
 
 
 X  =
 
  - 1.5625     
  - 1.6875     
    6.25       
    5.387931   
    3.8109756  
 
 
 
 
The components of reaction at A are: A_x=-1.562500 kN , A_y=-1.687500 kN and A_z=6.250000 kN 
 
The tensions in the cable are: T_FE=5.387931 kN and T_GD=3.810976 kN 
 
 
 
