Total number of .sce files(without counting DEPENDENCIES directory): 120

grepthis#Fundamental_Of_Electrical_And_Electronic_Principles_C._R._Robertson_1544/CH1/EX1.10/Ch01Ex10.sce #
 
 
 
 
 
 
 
 
 

The internal resistance of battery = 0.1 ohm 

The resistance of external circuit = 2.3 ohm 
 
 
 
 
 
grepthis#Fundamental_Of_Electrical_And_Electronic_Principles_C._R._Robertson_1544/CH1/EX1.11/Ch01Ex11.sce #
 
 
 
 
 
 
 
 

The potential difference developed across the resistor = 150 V
The energy dissipated across the resistor = 9000 J or 9 kJ 
 
 
 
 
 
grepthis#Fundamental_Of_Electrical_And_Electronic_Principles_C._R._Robertson_1544/CH1/EX1.12/Ch01Ex12.sce #
 
 
 
 
 
 
 
 

The potential difference developed across the resistance = 7.6 V
The current flowing through the resistor = 11.18 mA 
 
 
 
 
 
grepthis#Fundamental_Of_Electrical_And_Electronic_Principles_C._R._Robertson_1544/CH1/EX1.13/Ch01Ex13.sce #
 
 
 
 
 
 
 
 
 
 
 

The potential difference developed = 158.7 V
The power dissipated = 222.2 W
The resistance of the circuit = 113.4 ohm 
 
 
 
 
 
 
grepthis#Fundamental_Of_Electrical_And_Electronic_Principles_C._R._Robertson_1544/CH1/EX1.14/Ch01Ex14.sce #
 
 
 
 
 
 
 

The cost of operating the machine = 8.40 pounds 
 
 
 
 
grepthis#Fundamental_Of_Electrical_And_Electronic_Principles_C._R._Robertson_1544/CH1/EX1.15/Ch01Ex15.sce #
 
 
 
 
 
 
 
 

The cost per unit = 0.085 pounds or 8.5 p
Total bill = 82.50 pounds 
 
 
 
 
 
grepthis#Fundamental_Of_Electrical_And_Electronic_Principles_C._R._Robertson_1544/CH1/EX1.16/Ch01Ex16.sce #
 
 
 
 
 
 
 

The resistance of the coil = 5 ohm 
 
 
 
 
grepthis#Fundamental_Of_Electrical_And_Electronic_Principles_C._R._Robertson_1544/CH1/EX1.17/Ch01Ex17.sce #
 
 
 
 
 
 
 
 

The resistance of the coil = 22.92 ohm 
 
 
 
 
grepthis#Fundamental_Of_Electrical_And_Electronic_Principles_C._R._Robertson_1544/CH1/EX1.18/Ch01Ex18.sce #
 
 
 
 
 
 
 
 
 

The resistance of field coil at 45 degree celcius = 280.2 ohm 
 
 
 
 
grepthis#Fundamental_Of_Electrical_And_Electronic_Principles_C._R._Robertson_1544/CH1/EX1.19/Ch01Ex19.sce #
 
 
 
 
 
 
 
 

The resistance of the wire at 60 degree celcius = 439.5 ohm 
 
 
 
 
grepthis#Fundamental_Of_Electrical_And_Electronic_Principles_C._R._Robertson_1544/CH1/EX1.1/Ch01Ex1.sce #
 
 
 
 
 P  =
 
    2.500D+08  
 
 

Standard form: 

============== 

0.000018 A = 1.8e-05 A 

15000 V = 1.5e+04 V 

250000000 W = 2.5e+08 W 
 


Scientific form: 

================ 

0.000018 A = 18 micro-ampere 

15000 V = 15 kilo-volt 

250000000 W = 250 mega-watt 
 
 
 
 
 
 
 
 
 
 
 
 
 
 
grepthis#Fundamental_Of_Electrical_And_Electronic_Principles_C._R._Robertson_1544/CH1/EX1.20/Ch01Ex20.sce #
 
 
 
 
 
 
 
 

The resistance of carbon resistor at 32 degree celcius = 119.1 ohm 
 
 
 
 
grepthis#Fundamental_Of_Electrical_And_Electronic_Principles_C._R._Robertson_1544/CH1/EX1.2/Ch01Ex2.sce #
 
 
 
 
 
 


Scientific (Engineering) notation: 

=================================== 

2.500000e-04 A = 250 micro-ampere = 0.25 mA 

3e+04 W = -64771072 micro-watt 

850000 J = 850 kJ = 0.85 MJ 

0.0016 V = 1.6 milli-volt 
 
 
 
 
 
 
 
 
 
grepthis#Fundamental_Of_Electrical_And_Electronic_Principles_C._R._Robertson_1544/CH1/EX1.3/Ch01Ex3.sce #
 
 
 
 
 
 

The acceleration produced in the body = 2.667 metre per second square 
 
 
 
 
grepthis#Fundamental_Of_Electrical_And_Electronic_Principles_C._R._Robertson_1544/CH1/EX1.4/Ch01Ex4.sce #
 
 
 
 
 
 

The value of electric current flowing = 1.75 A 
 
 
 
 
grepthis#Fundamental_Of_Electrical_And_Electronic_Principles_C._R._Robertson_1544/CH1/EX1.5/Ch01Ex5.sce #
 
 
 
 
 
 

The value of electric charge transferred = 1.8 mC 
 
 
 
 
grepthis#Fundamental_Of_Electrical_And_Electronic_Principles_C._R._Robertson_1544/CH1/EX1.6/Ch01Ex6.sce #
 
 
 
 
 
 

The duration of time for which the current flowed = 160 s 
 
 
 
 
grepthis#Fundamental_Of_Electrical_And_Electronic_Principles_C._R._Robertson_1544/CH1/EX1.7/Ch01Ex7.sce #
 
 
 
 
 
 

The potential difference developed across resistor = 181.5 V 
 
 
 
 
grepthis#Fundamental_Of_Electrical_And_Electronic_Principles_C._R._Robertson_1544/CH1/EX1.8/Ch01Ex8.sce #
 
 
 
 
 
 

The current flowing through the resistor = 1.6 A 
 
 
 
 
grepthis#Fundamental_Of_Electrical_And_Electronic_Principles_C._R._Robertson_1544/CH1/EX1.9/Ch01Ex9.sce #
 
 
 
 
 
 
 
 
 
 
 

The terminal potential difference developed across resistor for a current of 0.5 A = 5.925 V 

The terminal potential difference developed across resistor for a current of 2 A = 5.7 V 

The terminal potential difference developed across resistor for a current of 10 A = 4.5 V 
 
 
 
 
 
 
grepthis#Fundamental_Of_Electrical_And_Electronic_Principles_C._R._Robertson_1544/CH2/EX2.10/Ch02Ex10.sce #
 
 
 
 
 
 
 
 
 
 
 
 
 
 
 
 
 

Electric current through branch FA = 0.951 A 

Electric current through branch DC = -0.0366 A 

Electric current through branch BE = 0.915 A 

p.d across resistor 5 ohms = 4.573 V 
 
 
 
 
 
 
 
grepthis#Fundamental_Of_Electrical_And_Electronic_Principles_C._R._Robertson_1544/CH2/EX2.11/Ch02Ex11.sce #
 
 
 
 
 
 
 
 
 
 
 
 
 
 
 
 
 

The current through 6 ohm resistor = 1.074 A 

The current through 4 ohm resistor = 0.89 A 

The current through 1 ohm resistor = 2.638 A 

The current through 3 ohm resistor = 2.454 A 

The current through 5 ohm resistor = 0.184 A 

The supply current = 3.528 A 
 
 
 
 
 
 
 
 
 
grepthis#Fundamental_Of_Electrical_And_Electronic_Principles_C._R._Robertson_1544/CH2/EX2.12/Ch02Ex12.sce #
 
 
 
 
 
 
 
 

The current through branch BD i.e I3 = 0 A 
 
 
 
 
grepthis#Fundamental_Of_Electrical_And_Electronic_Principles_C._R._Robertson_1544/CH2/EX2.13/Ch02Ex13.sce #
 
 
 
 
 
 
 
 
 
 
 
 
 
 

The p.d between terminals B and D = 0.195 V 

The value to which 5 ohm resistor must be adjusted in order to reduce the current through 8 ohm resistor to zero = 4 ohm 
 
 
 
 
 
grepthis#Fundamental_Of_Electrical_And_Electronic_Principles_C._R._Robertson_1544/CH2/EX2.14/Ch02Ex14.sce #
 
 
 
 
 
 
 
 

The value of the resistance being measured = 3.502 mega-ohm 
 
 
 
 
 
 
 

The value of the resistance being measured = 0.296 ohm 
 
 
 
 
 
grepthis#Fundamental_Of_Electrical_And_Electronic_Principles_C._R._Robertson_1544/CH2/EX2.15/Ch02Ex15.sce #
 
 
 
 
 
 
 
 

The emf of the first cell = 1.2 V  

The emf of the second cell = 1.49 V  
 
 
 
 
 
grepthis#Fundamental_Of_Electrical_And_Electronic_Principles_C._R._Robertson_1544/CH2/EX2.1/Ch02Ex1.sce #
 
 
 
 
 
 
 
 
 
 
 
 
 
 

The circuit resistance = 2300 ohms or 2.3 kilo-ohms 

The circuit current = 10.43 milli-ampere 

The potential drop across resisatnce R1 = 3.44 volts
The potential drop across resistance R2 = 15.65 volts
The potential drop across resistance R3 = 4.90 volts 

The power dissipated by the complete circuit = 0.25 watt or 250 milli-watt 
 
 
 
 
 
 
 
 
 
grepthis#Fundamental_Of_Electrical_And_Electronic_Principles_C._R._Robertson_1544/CH2/EX2.2/Ch02Ex2.sce #
 
 
 
 
 
 
 
 
 

The circuit current = 0.5 A
The value of other resistor = 8 ohms 
 
 
 
 
 
grepthis#Fundamental_Of_Electrical_And_Electronic_Principles_C._R._Robertson_1544/CH2/EX2.3/Ch02Ex3.sce #
 
 
 
 
 
 
 
 
 
 
 
 
 
 

The total resistance of the circuit = 171.68 ohms 

The branch current I1 = 72.73 mA
The branch current I2 = 16 mA
The branch current I3 = 51.06 mA 

The current drawn from the battery = 139.8 mA 
 
 
 
 
 
 
 
 
grepthis#Fundamental_Of_Electrical_And_Electronic_Principles_C._R._Robertson_1544/CH2/EX2.4/Ch02Ex4.sce #
 
 
 
 
 
 
 
 
 
 
 

Effective resistance of the circuit = 2 ohms 

The current drawn from the battery = 6 A 

The current through resistor R1 = 2 A 

The current through R2 resistor = 4 A 
 
 
 
 
 
 
 
grepthis#Fundamental_Of_Electrical_And_Electronic_Principles_C._R._Robertson_1544/CH2/EX2.5/Ch02Ex5.sce #
 
 
 
 
 
 
 
 
 
 
 

Equivalent series resistance of the circuit = 60 ohm 

Equivalent parallel resistance of the circuit = 5.45 ohm 
 
 
 
 
 
grepthis#Fundamental_Of_Electrical_And_Electronic_Principles_C._R._Robertson_1544/CH2/EX2.6/Ch02Ex6.sce #
 
 
 
 
 
 
 
 
 
 
 
 
 
 
 
 
 
 
 

The current drawn fron the supply = 8 A  

The current through 6 ohm resistor = 3.2 A 

The power dissipated by 5.6 ohm resistor = 358.4 W 
 
 
 
 
 
 
grepthis#Fundamental_Of_Electrical_And_Electronic_Principles_C._R._Robertson_1544/CH2/EX2.7/Ch02Ex7.sce #
 
 
 
 
 
 
 
 
 
 
 
 
 
 
 
 
 
 
 
 
 
 
 
 
 
 
 
 
 
 
 
 

The current drawn from the source = 2 A 

The p.d. across resistor 4 ohm & 6 ohm = 4.8 V 

The p.d. across resistor 3 ohm, 6 ohm & 8 ohm = 3.2 V 

The p.d. across resistor 5 ohm = 10 V 

The current through resistor 4 ohm = 1.2 A 

The current through resistor 6 ohm = 0.8 A 

The current through resistor 5 ohm = 2 A 

The current through resistor 3 ohm = 1.067 A 

The current through resistor 6 ohm = 0.533 A 

The current through resistor 8 ohm = 0.4 A 

The power dissipated by the 5 ohm resistor = 20 W 
 
 
 
 
 
 
 
 
 
 
 
 
 
 
grepthis#Fundamental_Of_Electrical_And_Electronic_Principles_C._R._Robertson_1544/CH2/EX2.8/Ch02Ex8.sce #
 
 
 
 
 
 
 
 
 
 
 
 

Current I1 = 30 A
Current I2 = 50 A
Current I3 = 110 A
Current I4 = 85 A
Current I5 = -55 A, 
 
 
 
 
 
 
 
 
grepthis#Fundamental_Of_Electrical_And_Electronic_Principles_C._R._Robertson_1544/CH2/EX2.9/Ch02Ex9.sce #
 
 
 
 
 
 
 
 
 
 
 
 
 
 
 

The current through branch FA =  1.429 A 

The current through branch EB = -0.857 A 

The current through branch CD = 0.571 A 

p.d.across 10 resistor = 5.71 V 
 
 
 
 
 
 
 
grepthis#Fundamental_Of_Electrical_And_Electronic_Principles_C._R._Robertson_1544/CH3/EX3.10/Ch03Ex10.sce #
 
 
 
 
 
 
 
 
 
 
 
 
 

The total capacitance of the combination = 2.4 micro-farad 

The charge on each capacitor = 360 micro-coulomb 

The p.d. developed across 6 micro-farad capacitor = 60 V 

The p.d. developed across 4 micro-farad capacitor = 90 V 
 
 
 
 
 
 
 
grepthis#Fundamental_Of_Electrical_And_Electronic_Principles_C._R._Robertson_1544/CH3/EX3.11/Ch03Ex11.sce #
 
 
 
 
 
 
 
 
 
 
 
 
 

P.d across capacitor 3 micro-farad = 228.6 V 

P.d across capacitor 6 micro-farad = 114.3 V 

P.d across capacitor 12 micro-farad = 57.1 V 
 
 
 
 
 
 
grepthis#Fundamental_Of_Electrical_And_Electronic_Principles_C._R._Robertson_1544/CH3/EX3.12/Ch03Ex12.sce #
 
 
 
 
 
 
 
 
 
 
 
 
 
 
 
 
 
 
 
 
 
 
 
 
 
 
 
 
 
 
 
 
 

The charge drawn from the supply = 1.9 mC 

The charge on the 8 micro-farad capacitor = 1.6 mC 

The p.d. across the 6 micro-farad capacitor= 50 V 

The p.d. across the 100 micro-farad capacitor = 33.33 V 
 
 
 
 
 
 
 
grepthis#Fundamental_Of_Electrical_And_Electronic_Principles_C._R._Robertson_1544/CH3/EX3.13/Ch03Ex13.sce #
 
 
 
 
 
 
 
 
 

 The capacitance of the capacitor = 4.6 nF 
 
 
 
 
grepthis#Fundamental_Of_Electrical_And_Electronic_Principles_C._R._Robertson_1544/CH3/EX3.14/Ch03Ex14.sce #
 
 
 
 
 
 
 
 
 

The thickness of mica between parallel plates of a capacitor = 1.42 mm 
 
 
 
 
grepthis#Fundamental_Of_Electrical_And_Electronic_Principles_C._R._Robertson_1544/CH3/EX3.15/Ch03Ex15.sce #
 
 
 
 
 
 
 
 
 
 

 The capacitance of the capacitor = 3.48 pF 
 
 
 
 
grepthis#Fundamental_Of_Electrical_And_Electronic_Principles_C._R._Robertson_1544/CH3/EX3.16/Ch03Ex16.sce #
 
 
 
 
 
 
 
 
 
 
 
 
 

The charge and energy stored by 3 micro-F capcitor are 0.75 mC and 93.75 mJ respectively  

The p.d. between the plates = 83.33 V 

The energy stored by the combination of 3 micro-F and 6 micro-F capacitors = 31.25 mJ 
 
 
 
 
 
 
grepthis#Fundamental_Of_Electrical_And_Electronic_Principles_C._R._Robertson_1544/CH3/EX3.17/Ch03Ex17.sce #
 
 
 
 
 
 
 
 
 
 
 
 
 
 
 
 
 
 
 

The charge and energy stored by 10 micro-F capacitor are 2 mC and 0.2 J respectively  

The new p.d across 10 micro-F capacitor = 156.5 V 

The amount of energy used in charging 6.8 micro-F and 4.70 micro-F capacitors from 10 micro-F capacitor = 43.495 J 
 
 
 
 
 
 
grepthis#Fundamental_Of_Electrical_And_Electronic_Principles_C._R._Robertson_1544/CH3/EX3.18/Ch03Ex18.sce #
 
 
 
 
 
 

The minimum thickness of dielectric required = 0.8mm 
 
 
 
 
grepthis#Fundamental_Of_Electrical_And_Electronic_Principles_C._R._Robertson_1544/CH3/EX3.19/Ch03Ex19.sce #
 
 
 
 
 
 
 
 
 
 
 
 
 

The thickness of Teflon sheet required = 0.4132 mm 

The maximum possible working voltage for the capacitor = 144.6 V 
 
 
 
 
 
grepthis#Fundamental_Of_Electrical_And_Electronic_Principles_C._R._Robertson_1544/CH3/EX3.1/Ch03Ex1.sce #
 
 
 
 
 
 

The density of the electric field existing between the plates = 83.3 C/m-square 
 
 
 
 
grepthis#Fundamental_Of_Electrical_And_Electronic_Principles_C._R._Robertson_1544/CH3/EX3.2/Ch03Ex2.sce #
 
 
 
 
 
 
 
 
 
The charge on the plates = 150 micro-coloumb 

The density of the electric field between the plates = 0.375 C/m-square 
 
 
 
 
 
grepthis#Fundamental_Of_Electrical_And_Electronic_Principles_C._R._Robertson_1544/CH3/EX3.3/Ch03Ex3.sce #
 
 
 
 
 
 
 
 
 
 
 
 

The electric field strength = 50 kV/m 

The flux density = 243.1 C/m^2 
 
 
 
 
 
grepthis#Fundamental_Of_Electrical_And_Electronic_Principles_C._R._Robertson_1544/CH3/EX3.4/Ch03Ex4.sce #
 
 
 
 
 
 
 
 
 
 
 
 
 
 
 

The electric field strength between the plates = 31.25 kV/m 

The csa of the field between the plates = 13.3 mm^2 

The capacitance of the plates = 1.6 micro-coulomb 
 
 
 
 
 
 
grepthis#Fundamental_Of_Electrical_And_Electronic_Principles_C._R._Robertson_1544/CH3/EX3.5/Ch03Ex5.sce #
 
 
 
 
 
 
 
 
 
 
 
 
 

The capacitance of the capacitor = 61.62 pF 

Electric field strength = 400 kV/m 
 
 
 
 
 
grepthis#Fundamental_Of_Electrical_And_Electronic_Principles_C._R._Robertson_1544/CH3/EX3.6/Ch03Ex6.sce #
 
 
 
 
 
 
 
 

The thickness of paper required = 0.56 mm 
 
 
 
 
grepthis#Fundamental_Of_Electrical_And_Electronic_Principles_C._R._Robertson_1544/CH3/EX3.7/Ch03Ex7.sce #
 
 
 
 
 
 
 
 

Relative permittivity = 1327 
 
 
 
 
grepthis#Fundamental_Of_Electrical_And_Electronic_Principles_C._R._Robertson_1544/CH3/EX3.8/Ch03Ex8.sce #
 
 
 
 
 
 
 
 
 
 
 
 
 
The flux thus produced = 0.78 nC. 

The flux density thus produced. = 1.86 micro-coulomb-per-metre-square 
 
 
 
 
 
grepthis#Fundamental_Of_Electrical_And_Electronic_Principles_C._R._Robertson_1544/CH3/EX3.9/Ch03Ex9.sce #
 
 
 
 
 
 
 

The resulting capacitance of the combination = 10.8 micro-farad 
 
 
 
 
grepthis#Fundamental_Of_Electrical_And_Electronic_Principles_C._R._Robertson_1544/CH4/EX4.10/Ch04Ex10.sce #
 
 
 
 
 
 
 
 
 
 
 
 
 

Coil current = 55.3 mA 
 
 
 
 
 

The relative permeability of toroid = 5109 
 
 
 
 
 
grepthis#Fundamental_Of_Electrical_And_Electronic_Principles_C._R._Robertson_1544/CH4/EX4.11/Ch04Ex11.sce #
 
 
 
 
 
 
 
 
 
 
 

The flux desity of given toroid = 0.75 T  

The relative permeability of given toroid = 119.4 
 
 
 
 
 
grepthis#Fundamental_Of_Electrical_And_Electronic_Principles_C._R._Robertson_1544/CH4/EX4.12/Ch04Ex12.sce #
 
 
 
 
 
 
 
 
 
 
 
 
 
 
 
 
 
 
 

The coil current required to produce a flux of 112 micro-weber in the toroid = 0.5 A  

Current required to maintain the flux at its original value = 1.243 A 
 
 
 
 
 
grepthis#Fundamental_Of_Electrical_And_Electronic_Principles_C._R._Robertson_1544/CH4/EX4.13/Ch04Ex13.sce #
 
 
 
 
 
 
 
 
 
 
 
 
 
 
 
 
 
Coil current in the magnetic circuit = 0.494 A 
 
 
 
 
grepthis#Fundamental_Of_Electrical_And_Electronic_Principles_C._R._Robertson_1544/CH4/EX4.14/Ch04Ex14.sce #
 
 
 
 
 
 
 
 
 
 
 
 
 
 
 

The required mmf = 4331.0 At 
 
 
 
 
grepthis#Fundamental_Of_Electrical_And_Electronic_Principles_C._R._Robertson_1544/CH4/EX4.15/Ch04Ex15.sce #
 
 
 
 
 
 
 
 
 
 
 
 
 
 
 
 
 
 
 
 

Total reluctance of the circuit = 2.13e+06 At/Wb 
 
 
 
 
 
 

Electric current in first section = 8.51 A 
 
 
 
 
 
grepthis#Fundamental_Of_Electrical_And_Electronic_Principles_C._R._Robertson_1544/CH4/EX4.1/Ch04Ex1.sce #
 
 
 
 
 

The flux desity at the pole face = 50 mT 
 
 
 
 
grepthis#Fundamental_Of_Electrical_And_Electronic_Principles_C._R._Robertson_1544/CH4/EX4.2/Ch04Ex2.sce #
 
 
 
 
 
 

The flux produced by pole face = 27 micro-wWb 
 
 
 
 
grepthis#Fundamental_Of_Electrical_And_Electronic_Principles_C._R._Robertson_1544/CH4/EX4.3/Ch04Ex3.sce #
 
 
 
 
 
 
 
 
 
The m.m.f and flux density produced are 1125 At and 0.4 T respectively 
 
 
 
 
 
grepthis#Fundamental_Of_Electrical_And_Electronic_Principles_C._R._Robertson_1544/CH4/EX4.4/Ch04Ex4.sce #
 
 
 
 
 
 

The excitation current required = 2.5 A 
 
 
 
 
grepthis#Fundamental_Of_Electrical_And_Electronic_Principles_C._R._Robertson_1544/CH4/EX4.5/Ch04Ex5.sce #
 
 
 
 
 
 
 
 

The magnetic field strength inside the toroid = 875.35 At/m 
 
 
 
 
grepthis#Fundamental_Of_Electrical_And_Electronic_Principles_C._R._Robertson_1544/CH4/EX4.6/Ch04Ex6.sce #
 
 
 
 
 
 
 
 
 
 
 
 

The new flux and flux density are 2.462 mWb and 1.641 T respectively 
 
 
 
 
grepthis#Fundamental_Of_Electrical_And_Electronic_Principles_C._R._Robertson_1544/CH4/EX4.7/Ch04Ex7.sce #
 
 
 
 
 
 
 
 
 
 
 
 
 

The m.m.f of toroid = 1350 At 
 
 
 
 

The magntic field strength = 5371.5 At/m 
 
 
 
 

The flux and flux density are 303.75 micro-weber and 1.0125 T respectively 
 
 
 
 
 
 
grepthis#Fundamental_Of_Electrical_And_Electronic_Principles_C._R._Robertson_1544/CH4/EX4.8/Ch04Ex8.sce #
 
 
 
 
 
 
 
 
 
 
 
 
 
 
 
 

The value of current needs to be passed through the coil = 0.56 A 
 
 
 
 
grepthis#Fundamental_Of_Electrical_And_Electronic_Principles_C._R._Robertson_1544/CH4/EX4.9/Ch04Ex9.sce #
 
 
 
 
 
 
 
 
 
 
 
 
 
 
 
 
 
 

The mmf produced = 20 At 

The flux density produced = 502 micro-tesla 

The flux produced = 0.352 micro-weber 
 
 
 
 
 
 
grepthis#Fundamental_Of_Electrical_And_Electronic_Principles_C._R._Robertson_1544/CH5/EX5.10/Ch05Ex10.sce #
 
 
 
 
 
 
 
 
 
 

The flux density produced by the pole pieces = 0.81 T 
 
 
 
 
grepthis#Fundamental_Of_Electrical_And_Electronic_Principles_C._R._Robertson_1544/CH5/EX5.11/Ch05Ex11.sce #
 
 
 
 
 
 

The force exerted between the conductors = 11.4 mN 
 
 
 
 
grepthis#Fundamental_Of_Electrical_And_Electronic_Principles_C._R._Robertson_1544/CH5/EX5.12/Ch05Ex12.sce #
 
 
 
 
 
 
 
 

The flux density at a distance of 2 m from the centre of a conductor carrying a current of 1000 A = 0.628 mT 

Force exerted by conductors = 30 mN 
 
 
 
 
 
grepthis#Fundamental_Of_Electrical_And_Electronic_Principles_C._R._Robertson_1544/CH5/EX5.13/Ch05Ex13.sce #
 
 
 
 
 
 
 
 
 
 

The value of required shunt resistance = 6.67 milli-ohm 
 
 
 
 
grepthis#Fundamental_Of_Electrical_And_Electronic_Principles_C._R._Robertson_1544/CH5/EX5.14/Ch05Ex14.sce #
 
 
 
 
 
 
 
 
 
 
 

The required value of multiplier resistance = 19.96 kilo-ohms 
 
 
 
 
grepthis#Fundamental_Of_Electrical_And_Electronic_Principles_C._R._Robertson_1544/CH5/EX5.15/Ch05Ex15.sce #
 
 
 
 
 
 
 
 
 
 
 
 
 
 
 
 
 
 R_m  =
 
    131833.33  
 

The required value of shunt resistance = 22.5 mega-ohm 

The required value of multiplier resistance = 131.8 mega-ohm 
 
 
 
 
 
grepthis#Fundamental_Of_Electrical_And_Electronic_Principles_C._R._Robertson_1544/CH5/EX5.16/Ch05Ex16.sce #
 
 
 
 
 
 
 
 V_2t  =
 
    8.4  
 
 
 
 
 V_2i  =
 
    7.60181  
 
 err  =
 
  - 9.5022624  
 

The p.d. indicated by the meter = 7.6 V 

The percentage error in the reading = -9.50 percent 
 
 
 
 
 
 
 
grepthis#Fundamental_Of_Electrical_And_Electronic_Principles_C._R._Robertson_1544/CH5/EX5.17/Ch05Ex17.sce #
 
 
 
 
 
 
 V_1  =
 
    1.754386  
 
 V_2  =
 
    8.245614  
 
 
 
 V_AB  =
 
    1.68492  
 
 
 V_BC  =
 
    7.9191238  
 
 
 
 error_AB  =
 
  - 3.9595619  
 
 
 error_BC  =
 
  - 3.9595619  
 

The p.d. indicated by the meter across  first resistor = 1.68 V 

The p.d. indicated by the meter across second resistor = 7.92 V 

Percentage error for V_1 measurement = -3.96 percent 

Percentage error for V_2 measurement = -3.96 percent 
 
 
 
 
 
 
 
 
 
grepthis#Fundamental_Of_Electrical_And_Electronic_Principles_C._R._Robertson_1544/CH5/EX5.18/Ch05Ex18.sce #
 
 
 
 
 
 

The value of emf induced = -2.5 V 
 
 
 
 
grepthis#Fundamental_Of_Electrical_And_Electronic_Principles_C._R._Robertson_1544/CH5/EX5.19/Ch05Ex19.sce #
 
 
 
 
 
 
 

The inductance of the circuit = 0.15 H 
 
 
 
 
grepthis#Fundamental_Of_Electrical_And_Electronic_Principles_C._R._Robertson_1544/CH5/EX5.1/Ch05Ex1.sce #
 
 
 
 
 
 

The average emf induced in the coi = -500 V 
 
 
 
 
grepthis#Fundamental_Of_Electrical_And_Electronic_Principles_C._R._Robertson_1544/CH5/EX5.20/Ch05Ex20.sce #
 
 
 
 
 
 

The rate of change of current = 160 A/s 
 
 
 
 
grepthis#Fundamental_Of_Electrical_And_Electronic_Principles_C._R._Robertson_1544/CH5/EX5.21/Ch05Ex21.sce #
 
 
 
 
 
 
 
 L  =
 
    1.5  
 
 
 
 

The inductance of the coi = 1.5 H 

The emf induced in the coil = 300 V 
 
 
 
 
 
grepthis#Fundamental_Of_Electrical_And_Electronic_Principles_C._R._Robertson_1544/CH5/EX5.22/Ch05Ex22.sce #
 
 
 
 
 
 
 
 
 
 

The emf induced in the coil = 90 volts 
 
 
 
 
grepthis#Fundamental_Of_Electrical_And_Electronic_Principles_C._R._Robertson_1544/CH5/EX5.23/Ch05Ex23.sce #
 
 
 
 
 
 
 
 
 
 
 
 
 
 
 
 
 
 
 

Self-inductance of coil in first case = 4.02 mH 

Self-inductance of coil in second case = 9.048 mH 

Self-inductance of coil in third case = 0.679 H 
 
 
 
 
 
 
grepthis#Fundamental_Of_Electrical_And_Electronic_Principles_C._R._Robertson_1544/CH5/EX5.24/Ch05Ex24.sce #
 
 
 
 
 
 
 
 
 
 
 

Self-inductance of coil A = 0.24 H 

Mutual inductance of the two coils = 0.149 H 
 
 
 
 
 
grepthis#Fundamental_Of_Electrical_And_Electronic_Principles_C._R._Robertson_1544/CH5/EX5.25/Ch05Ex25.sce #
 
 
 
 
 
 
 
 L  =
 
    0.0651441  
 

The self inductance of the coil = 65 milli-henry 
 
 
 
 
grepthis#Fundamental_Of_Electrical_And_Electronic_Principles_C._R._Robertson_1544/CH5/EX5.26/Ch05Ex26.sce #
 
 
 
 
 
 
 
 
 
 
 L_2  =
 
    0.1716406  
 
 
 
 
 
 
 

The self-inductance of coil 2 = 171 mH 

The value of mutual inductance = 100 mH 

The self-induced emf in coil 1 = 32.5 V 

The mutually induced emf in coil 2 = 50 V 
 
 
 
 
 
 
 
grepthis#Fundamental_Of_Electrical_And_Electronic_Principles_C._R._Robertson_1544/CH5/EX5.27/Ch05Ex27.sce #
 
 
 
 
 W  =
 
    0.0140625  
 

Energy stored in the inductor = 14.1 mJ 
 
 
 
 
grepthis#Fundamental_Of_Electrical_And_Electronic_Principles_C._R._Robertson_1544/CH5/EX5.28/Ch05Ex28.sce #
 
 
 
 
 
 
 
 
 
 
 
 
 
 

Energy stored in first coil = 0.78 mJ 

Energy stored in second coil = 1.25 mJ 

Energy stored by two inductors when connected in series aiding = 3.6 mJ 

Energy stored by two inductors when connected in series opposition = 0.45 mJ 
 
 
 
 
 
 
 
grepthis#Fundamental_Of_Electrical_And_Electronic_Principles_C._R._Robertson_1544/CH5/EX5.29/Ch05Ex29.sce #
 
 
 
 
 
 
 
 k  =
 
    4.  
 
 
 
 

The required turns ratio = 4:1 

The number of primary turns = 2000 
 
 
 
 
 
grepthis#Fundamental_Of_Electrical_And_Electronic_Principles_C._R._Robertson_1544/CH5/EX5.2/Ch05Ex2.sce #
 
 
 
 
 
 
 
 
 

Change in flux in first case = 0.02 weber 

Emf induced in first case = -100 volts 

Change in flux in second case = -0.02 weber 

Emf induced in second case = 400 volts 
 
 
 
 
 
 
 
grepthis#Fundamental_Of_Electrical_And_Electronic_Principles_C._R._Robertson_1544/CH5/EX5.30/Ch05Ex30.sce #
 
 
 
 
 
 
 
 
 
 
 
 
 I_1  =
 
    6.4  
 

The transformer turns ratio = 2.5:1 

The current drawn by the load = 16 A 

The power drawn by the load = 3.84 W 

The current drawn from the supply = 6.4 A 
 
 
 
 
 
 
 
grepthis#Fundamental_Of_Electrical_And_Electronic_Principles_C._R._Robertson_1544/CH5/EX5.3/Ch05Ex3.sce #
 
 
 
 
 
 
 

The number of turns on the coil = 1000 
 
 
 
 
grepthis#Fundamental_Of_Electrical_And_Electronic_Principles_C._R._Robertson_1544/CH5/EX5.4/Ch05Ex4.sce #
 
 
 
 
 
 
 
 
 
 

The emf induced = 0.0173 V 
 
 
 
 
grepthis#Fundamental_Of_Electrical_And_Electronic_Principles_C._R._Robertson_1544/CH5/EX5.5/Ch05Ex5.sce #
 
 
 
 
 
 
 
 

The density of the field = 25.433 tesla 
 
 
 
 
grepthis#Fundamental_Of_Electrical_And_Electronic_Principles_C._R._Robertson_1544/CH5/EX5.6/Ch05Ex6.sce #
 
 
 
 
 
 
 
The emf induced in the axle = 1.86 mV 
 
 
 
 
grepthis#Fundamental_Of_Electrical_And_Electronic_Principles_C._R._Robertson_1544/CH5/EX5.7/Ch05Ex7.sce #
 
 
 
 
 
 
 
 

The force exerted on the conductor = 0.231 N 
 
 
 
 
grepthis#Fundamental_Of_Electrical_And_Electronic_Principles_C._R._Robertson_1544/CH5/EX5.8/Ch05Ex8.sce #
 
 
 
 
 
 
 
 
 
 
 
 
 

The value of the current = 15 A 

The force exerted on conductor when placed at 45 degrees to the field = 0.884 newton 
 
 
 
 
 
grepthis#Fundamental_Of_Electrical_And_Electronic_Principles_C._R._Robertson_1544/CH5/EX5.9/Ch05Ex9.sce #
 
 
 
 
 
 
 
 
 

The torque exerted on the coil = 1.08 micro-Nm 
 
 
 
 
grepthis#Fundamental_Of_Electrical_And_Electronic_Principles_C._R._Robertson_1544/CH6/EX6.10/Ch06Ex10.sce #
 
 
 
 
 
 
 
 
 
 
 
 
 
 

The frequency of all three waveforms = 40 Hz 

I1 leads I2 by = 30 degrees 

I3 lags I2 by = 45 degrees 

Current amplitude of reference waveform I1 = 5 A 

Current amplitude of reference waveform I2 = 3 A 

Current amplitude of reference waveform I3 = 6 A 
 
 
 
 
 
 
 
 
 
grepthis#Fundamental_Of_Electrical_And_Electronic_Principles_C._R._Robertson_1544/CH6/EX6.12/Ch06Ex12.sce #
 
 
 
 
 
 
 
 
 
 

i1 = 7sin(wt + 1.22) amp 

i2 = 6sin wt amp 

i3 = 5sin(wt + -0.87) amp 

i4 = 4sin(wt + -1.57) amp 
 
 
 
 
 
 
 
grepthis#Fundamental_Of_Electrical_And_Electronic_Principles_C._R._Robertson_1544/CH6/EX6.13/Ch06Ex13.sce #
 
 
 
 
 
 
 
 
 

v = 29.15sin(314t + 0.507) volt 
 
 
 
 
grepthis#Fundamental_Of_Electrical_And_Electronic_Principles_C._R._Robertson_1544/CH6/EX6.14/Ch06Ex14.sce #
 
 
 
 
 
 
 
 
 

i = 11.2sin(wt-0.565) amp 
 
 
 
 
grepthis#Fundamental_Of_Electrical_And_Electronic_Principles_C._R._Robertson_1544/CH6/EX6.15/Ch06Ex15.sce #
 
 
 
 
 
 
 
 
 
 
 
 

The frequency of all three waveforms =  99 Hz 

The phase angle and frequency of first voltage : -29 degrees, 10 V 

The phase angle and frequency of second voltage : 59 degrees,  8 V 

The phase angle and frequency of third voltage : 45 degrees, 12 V 
 
 
 
 
 
 

v = 23.57sin(628t + 0.458) volt 
 
 
 
 
 
 
 
 
grepthis#Fundamental_Of_Electrical_And_Electronic_Principles_C._R._Robertson_1544/CH6/EX6.16/Ch06Ex16.sce #
 
 
 
 
 
 
 
 
 
 
 
 
 
 

The amplitude of sine waveform in channel 1 = 7.5 V 

The rms value of sine wave in channel 1 = 5.3 V 

The frequency of sine wave in channel 1 = 2.5 kHz 
 
 
 
 
 
 
 

The amplitude of square waveform in channel 2 = 0.5 V 

The rms value of square wave in channel 2 = 0.5 V 

The frequency of square wave in channel 2 = 150 kHz 
 
 
 
 
 
 
 
 
 
 
grepthis#Fundamental_Of_Electrical_And_Electronic_Principles_C._R._Robertson_1544/CH6/EX6.1/Ch06Ex1.sce #
 
 
 
 
 
 
 
 
 
 
 
 
 
 
 
 
 

The maximum value of alternating voltage = 35 volt 

The frequency of alternating voltage = 50 Hz 

The time period of alternating voltage = 20.0 ms 

The volatge value after the waveform passes through zero = 31.19 volt 
 
 
 
 
 
 
 
grepthis#Fundamental_Of_Electrical_And_Electronic_Principles_C._R._Robertson_1544/CH6/EX6.2/Ch06Ex2.sce #
 
 
 
 
 
 
 
 
 
 
 

The frequency of alternating current = 100 Hz 

The time taken for current to reach 35 mA = 0.773 mA 
 
 
 
 
 
grepthis#Fundamental_Of_Electrical_And_Electronic_Principles_C._R._Robertson_1544/CH6/EX6.3/Ch06Ex3.sce #
 
 
 
 
 
 

The standard expression for 3.5 voltage = 5.5 sin(300*pi*t) volt 
 
 
 
 
grepthis#Fundamental_Of_Electrical_And_Electronic_Principles_C._R._Robertson_1544/CH6/EX6.4/Ch06Ex4.sce #
 
 
 
 
 
 
 
 
 

The instantaneous value of alternating voltage after 0.5 ms = 2.5 volt 
 
 
 

The instantaneous value of alternating voltage after 4.5 ms = -4.9 volt 
 
 
 
 

The time taken for voltage to reach 3 volt = 0.613 ms 
 
 
 
 
 
 
 
grepthis#Fundamental_Of_Electrical_And_Electronic_Principles_C._R._Robertson_1544/CH6/EX6.5/Ch06Ex5.sce #
 
 
 
 

The amplitude of household 240 volt supply = 339.4 volt 
 
 
 
 
grepthis#Fundamental_Of_Electrical_And_Electronic_Principles_C._R._Robertson_1544/CH6/EX6.6/Ch06Ex6.sce #
 
 
 
 
 

The absolute minimum working voltage = 600 volt 
 
 
 
 
grepthis#Fundamental_Of_Electrical_And_Electronic_Principles_C._R._Robertson_1544/CH6/EX6.7/Ch06Ex7.sce #
 
 
 
 
 
 
 
 
 
 
 
 
 
 
 
 
 
 
 
 
 
 
 
 

The amplitude, rms and average value of emf = 94.25 V, 66.63 V and 60.04 V resp. 

The frequency and time period of generated waveform = 50 Hz and 20 ms resp. 

The instantaneous value of emf at time 2 ms after crossing zero = 55.4 V 
 
 
 
 
 
 
grepthis#Fundamental_Of_Electrical_And_Electronic_Principles_C._R._Robertson_1544/CH6/EX6.8/Ch06Ex8.sce #
 
 
 
 
 
 
 
 
 
 
 

The multiplier resistance required for 10 V d.c. range = 99.95 k-ohm 
 
 
 
 
 
 
 
 

The multiplier resistance required for 10 V a.c. range = 89.98 k-ohm 
 
 
 
 
 
grepthis#Fundamental_Of_Electrical_And_Electronic_Principles_C._R._Robertson_1544/CH6/EX6.9/Ch06Ex9.sce #
 
 
 
 
 
 
 

The true rms value of square wave voltage = 4.505 V 
 
 
 
 
 

The true rms value of triangular wave voltage = 5.18 V 
 
 
 
 
 
grepthis#Fundamental_Of_Electrical_And_Electronic_Principles_C._R._Robertson_1544/CH7/EX7.1/Ch07Ex1.sce #
 
 
 
 
 
 
 
 
 
 
 
 
 
 
 
 
 
 
 
 
 
 
 

The armature resistance = 0.139 ohm 

The value of generated emf = 475.4 V 
 
 
 
 
 
grepthis#Fundamental_Of_Electrical_And_Electronic_Principles_C._R._Robertson_1544/CH8/EX8.1/Ch08Ex1.sce #
 
 
 
 
 
 
 
 
 

The circuit time constant while charging = 4 s 
 
 
 

The initial charging current through capacitor = 400 micro-ampere 
 
 
 
 
 

The p.d. across resistor and capacitor 4 s after the supply is connected = 126.4 V and 73.6 V respectively 
 
 
 
 
 
 
 
grepthis#Fundamental_Of_Electrical_And_Electronic_Principles_C._R._Robertson_1544/CH8/EX8.2/Ch08Ex2.sce #
 
 
 
 
 
 
 
 
 

The circuit time constant while charging = 0.11 s 
 

The initial charging current through capacitor = 681 micro-ampere 
 
 
 

The circuit time constant while discharging = 0.16 s 
 
 
 

The p.d. across R2 after one time constant while discharging = 18.4 volt 
 
 
 
 
 
 
 
 
grepthis#Fundamental_Of_Electrical_And_Electronic_Principles_C._R._Robertson_1544/CH8/EX8.3/Ch08Ex3.sce #
 
 
 
 
 
 
 
 

The initial rate of change of current through inductor = 73.33 A/s 
 
 
 

The final steady current through inductor = 0.5 A 
 
 
 

The time taken for the current to reach its final steady value = 34.1 ms 
 
 
 
 
 
 
grepthis#Fundamental_Of_Electrical_And_Electronic_Principles_C._R._Robertson_1544/CH9/EX9.1/Ch09Ex1.sce #
 
 
 
 
 
 
 
 
 
 
 
 
 

The value of series resistance  = 52.78 ohm 

The value of maximum power rating of series resistance  = 0.16 W 

(a) The suitable value of R_S should be 54 ohm, 0.25 W 
 
 
 
 
 

(b) The value of diode current with load resistance across zener = 51.31 mA 
 
 
 
 
 
 
 
 
 
 

(c) The percentage change in the p.d. across the load = 0.41 percent 
 
 
 
 
 
 
grepthis#Fundamental_Of_Electrical_And_Electronic_Principles_C._R._Robertson_1544/CH9/EX9.2/Ch09Ex2.sce #
 
 
 
 
 
 
 
 Resistor  =
 
 
!{}  !
!    !
!{}  !
!    !
!{}  !
!    !
!{}  !
!    !
!{}  !
 
 
 
 
 
 
 
 
 
 
 
 
 
 
 

Diode 1: 

======== 

The value of series resistance  = 269 ohm 

The value of power rating of series resistance  = 0.3 W 
 
 

The suitable value of R_S should be 270 ohm, 0.3 W 

Total unit cost = 0.045 pounds
 
 
 

Diode 2: 

======== 
 
 
 
 

The value of series resistance  = 103.85 ohm 

The value of power rating of series resistance  = 0.78 W 
 
 

The suitable value of R_S should be 120 ohm, 1.0 W 

Total unit cost = 0.26 pounds 
 
 

Diode 3: 

======== 
 
 
 
 

The value of series resistance  =  27 ohm 

The value of power rating of series resistance  = 3.0 W 
 
 

The suitable value of R_S should be  27 ohm, 7.5 W 

Total unit cost = 0.95 pounds 
 
 
 
 
 
 
 
 

The maximum value of zener voltage change = 0.45 V 

To meet the specification at lowest cost, circuit 2 would be adopted 
 
 
 
 
 
