ERROR: Electronic_Devices_And_Circuits_B._Kumar_And_S._B._Jain_135/CH3/EX3.22/EX22.sce
 
 
[2J[0;0H 
 
 
 
 
 
 
 
 
 
 
 
 
 
 
 
 
 
 
 
xinit('/home/fossee/Downloads/tbc_graphs/Electronic_Devices_And_Circuits_B._Kumar_And_S._B._Jain_135/EX22');xend();exit();
                                                                                                              !--error 999 
xend: An error occurred: Unable to create export file, permission denied.
at line      38 of exec file called by :    
exec('SCI/etc/scilab.start',-1);;exec('Electronic_Devices_And_Circuits_B._Kumar_And_S._B._Jain_135/CH3/EX3.22/EX22.sce',-1)
 
ERROR: Electronic_Devices_And_Circuits_B._Kumar_And_S._B._Jain_135/CH3/EX3.23/EX23.sce
 
[2J[0;0H 
 
 
 
 
 
WARNING: Transposing row vector X to get compatible dimensions
 
 
 
 
 
 
 
xinit('/home/fossee/Downloads/tbc_graphs/Electronic_Devices_And_Circuits_B._Kumar_And_S._B._Jain_135/EX23');xend();exit();
                                                                                                              !--error 999 
xend: An error occurred: Unable to create export file, permission denied.
at line      27 of exec file called by :    
exec('SCI/etc/scilab.start',-1);;exec('Electronic_Devices_And_Circuits_B._Kumar_And_S._B._Jain_135/CH3/EX3.23/EX23.sce',-1)
 
ERROR: Electronic_Devices_And_Circuits_B._Kumar_And_S._B._Jain_135/CH3/EX3.24/EX24.sce
 
[2J[0;0H 
 
 
 
 
 
 
 
WARNING: Transposing row vector X to get compatible dimensions
 
 
xinit('/home/fossee/Downloads/tbc_graphs/Electronic_Devices_And_Circuits_B._Kumar_And_S._B._Jain_135/EX24');xend();exit();
                                                                                                              !--error 999 
xend: An error occurred: Unable to create export file, permission denied.
at line      22 of exec file called by :    
exec('SCI/etc/scilab.start',-1);;exec('Electronic_Devices_And_Circuits_B._Kumar_And_S._B._Jain_135/CH3/EX3.24/EX24.sce',-1)
 
ERROR: Electronic_Devices_And_Circuits_B._Kumar_And_S._B._Jain_135/CH3/EX3.25/EX25.sce
 
 
[2J[0;0H 
 
 
 
 
 
 
WARNING: Transposing row vector X to get compatible dimensions
 
 
 
 
 
 
 
xinit('/home/fossee/Downloads/tbc_graphs/Electronic_Devices_And_Circuits_B._Kumar_And_S._B._Jain_135/EX25');xend();exit();
                                                                                                              !--error 999 
xend: An error occurred: Unable to create export file, permission denied.
at line      29 of exec file called by :    
exec('SCI/etc/scilab.start',-1);;exec('Electronic_Devices_And_Circuits_B._Kumar_And_S._B._Jain_135/CH3/EX3.25/EX25.sce',-1)
 
ERROR: Electronic_Devices_And_Circuits_B._Kumar_And_S._B._Jain_135/CH3/EX3.26/EX26.sce
 
[2J[0;0H 
 
 
 
 
 
 
WARNING: Transposing row vector X to get compatible dimensions
 
 
 
 
 
WARNING: Transposing row vector X to get compatible dimensions
 
 
 
xinit('/home/fossee/Downloads/tbc_graphs/Electronic_Devices_And_Circuits_B._Kumar_And_S._B._Jain_135/EX26');xend();exit();
                                                                                                              !--error 999 
xend: An error occurred: Unable to create export file, permission denied.
at line      29 of exec file called by :    
exec('SCI/etc/scilab.start',-1);;exec('Electronic_Devices_And_Circuits_B._Kumar_And_S._B._Jain_135/CH3/EX3.26/EX26.sce',-1)
 
ERROR: Electronic_Devices_And_Circuits_B._Kumar_And_S._B._Jain_135/CH3/EX3.27/EX27.sce
 
[2J[0;0H 
 
 
 
WARNING: Transposing row vector X to get compatible dimensions
 
 
xinit('/home/fossee/Downloads/tbc_graphs/Electronic_Devices_And_Circuits_B._Kumar_And_S._B._Jain_135/EX27');xend();exit();
                                                                                                              !--error 999 
xend: An error occurred: Unable to create export file, permission denied.
at line      26 of exec file called by :    
exec('SCI/etc/scilab.start',-1);;exec('Electronic_Devices_And_Circuits_B._Kumar_And_S._B._Jain_135/CH3/EX3.27/EX27.sce',-1)
 
ERROR: Electronic_Devices_And_Circuits_B._Kumar_And_S._B._Jain_135/CH3/EX3.28/EX28.sce
 
[2J[0;0H 
 
 
 
 
 
 
xinit('/home/fossee/Downloads/tbc_graphs/Electronic_Devices_And_Circuits_B._Kumar_And_S._B._Jain_135/EX28');xend();exit();
                                                                                                              !--error 999 
xend: An error occurred: Unable to create export file, permission denied.
at line      18 of exec file called by :    
exec('SCI/etc/scilab.start',-1);;exec('Electronic_Devices_And_Circuits_B._Kumar_And_S._B._Jain_135/CH3/EX3.28/EX28.sce',-1)
 
ERROR: Electronic_Devices_And_Circuits_B._Kumar_And_S._B._Jain_135/CH3/EX3.29/EX29.sce
 
[2J[0;0H 
 
 
 
 
 
 
 
 
xinit('/home/fossee/Downloads/tbc_graphs/Electronic_Devices_And_Circuits_B._Kumar_And_S._B._Jain_135/EX29');xend();exit();
                                                                                                              !--error 999 
xend: An error occurred: Unable to create export file, permission denied.
at line      20 of exec file called by :    
exec('SCI/etc/scilab.start',-1);;exec('Electronic_Devices_And_Circuits_B._Kumar_And_S._B._Jain_135/CH3/EX3.29/EX29.sce',-1)
 
ERROR: Electronic_Devices_And_Circuits_B._Kumar_And_S._B._Jain_135/CH3/EX3.30/EX30.sce
 
 
[2J[0;0H 
 
 
 
 
 
 
 
 
 
 
 
 
 
xinit('/home/fossee/Downloads/tbc_graphs/Electronic_Devices_And_Circuits_B._Kumar_And_S._B._Jain_135/EX30');xend();exit();
                                                                                                              !--error 999 
xend: An error occurred: Unable to create export file, permission denied.
at line      17 of exec file called by :    
exec('SCI/etc/scilab.start',-1);;exec('Electronic_Devices_And_Circuits_B._Kumar_And_S._B._Jain_135/CH3/EX3.30/EX30.sce',-1)
 
ERROR: Electronic_Devices_And_Circuits_B._Kumar_And_S._B._Jain_135/CH3/EX3.31/EX31.sce
 
[2J[0;0H 
 
 
 
 
 
xinit('/home/fossee/Downloads/tbc_graphs/Electronic_Devices_And_Circuits_B._Kumar_And_S._B._Jain_135/EX31');xend();exit();
                                                                                                              !--error 999 
xend: An error occurred: Unable to create export file, permission denied.
at line       8 of exec file called by :    
exec('SCI/etc/scilab.start',-1);;exec('Electronic_Devices_And_Circuits_B._Kumar_And_S._B._Jain_135/CH3/EX3.31/EX31.sce',-1)
 
ERROR: Electronic_Devices_And_Circuits_B._Kumar_And_S._B._Jain_135/CH3/EX3.32/EX32.sce
 
[2J[0;0H 
 
 
 
 
 
 
 
 
 
 
 
xinit('/home/fossee/Downloads/tbc_graphs/Electronic_Devices_And_Circuits_B._Kumar_And_S._B._Jain_135/EX32');xend();exit();
                                                                                                              !--error 999 
xend: An error occurred: Unable to create export file, permission denied.
at line      14 of exec file called by :    
exec('SCI/etc/scilab.start',-1);;exec('Electronic_Devices_And_Circuits_B._Kumar_And_S._B._Jain_135/CH3/EX3.32/EX32.sce',-1)
 
ERROR: Electronic_Devices_And_Circuits_B._Kumar_And_S._B._Jain_135/CH3/EX3.33/EX33.sce
 
[2J[0;0H 
 
 
 
 
 
 
 
 
 
xinit('/home/fossee/Downloads/tbc_graphs/Electronic_Devices_And_Circuits_B._Kumar_And_S._B._Jain_135/EX33');xend();exit();
                                                                                                              !--error 999 
xend: An error occurred: Unable to create export file, permission denied.
at line      29 of exec file called by :    
exec('SCI/etc/scilab.start',-1);;exec('Electronic_Devices_And_Circuits_B._Kumar_And_S._B._Jain_135/CH3/EX3.33/EX33.sce',-1)
 
