Total number of .sce files(without counting DEPENDENCIES directory): 90

grepthis#Electrical_Machines_-_1_T._Singh_704/CH2/EX2.3/Ex2_3.sce #
 
 
 
 
 
 
 
 
 
 
 
 current per path in case of wave winding(in Amp)=   
 
    100.  
 
 
 
 current per path in case of lap winding(in Amp)=   
 
    16.666667  
 
grepthis#Electrical_Machines_-_1_T._Singh_704/CH2/EX2.4/ex2_4.sce #
 
 
 
 
 
 
 
 
 
 
 induced emf while the machine is running at 600 rpm(in V)=   
 
    240.  
 
grepthis#Electrical_Machines_-_1_T._Singh_704/CH2/EX2.5/ex2_5.sce #
 
 
 
 
 
 
 
 
 
 
 
 
 
 
 
 EMF generated in 6 pole lap wound dc generator (in Volts)=   
 
    480.  
 
grepthis#Electrical_Machines_-_1_T._Singh_704/CH2/EX2.6/ex2_6.sce #
 
 
 
 
 
 
 
 
 
 
 
 
 
 
 
 voltage generated in machine (in Volts)=   
 
    357.  
 
grepthis#Electrical_Machines_-_1_T._Singh_704/CH2/EX2.7/ex2_7.sce #
 
 
 
 
 
 
 
 
 
 
 
 
 
 speed of the machine (in rpm)=   
 
    222.22222  
 
grepthis#Electrical_Machines_-_1_T._Singh_704/CH2/EX2.8/ex2_8.sce #
 
 
 
 
 
 
 
 
 
 
 
 
 
 number of conductor per slot=   
 
    7.  
 
 
 
 
 
 Actual value of flux(in Wb)=   
 
    0.0489796  
 
grepthis#Electrical_Machines_-_1_T._Singh_704/CH2/EX2.9/ex2_9.sce #
 
 
 
 
 
 
 
 
 
 
 
 
 
 emf generated (in Volts)=   
 
    48000.  
 
grepthis#Electrical_Machines_-_1_T._Singh_704/CH2/EX2.10/ex2_10.sce #
 
 
 
 
 
 
 
 
 
 
 
 
 increase in main field flux of the dc machine=   
 
    21.753247  
 
grepthis#Electrical_Machines_-_1_T._Singh_704/CH2/EX2.11/ex2_11.sce #
 
 
 
 
 
 
 
 
 
 
 
 
 emf generated in machine(in Volts)=   
 
    498.  
 
 
 
 
 
 new speed of the rotor(in rpm)=   
 
    285.62526  
 
grepthis#Electrical_Machines_-_1_T._Singh_704/CH2/EX2.12/ex2_12.sce #
 
 
 
 
 
 
 
 
 
 
 
 
 
 torque developed in machine(in Nw-m)=   
 
    290.016  
 
grepthis#Electrical_Machines_-_1_T._Singh_704/CH2/EX2.13/ex2_13.sce #
 
 
 
 
 
 
 
 
 
 
 
 F_1  =
 
    20.  
 
 
 
 
 total torque by motor (in Nw-m)=   
 
    114.6528  
 
grepthis#Electrical_Machines_-_1_T._Singh_704/CH2/EX2.14/ex2_14.sce #
 
 
 
 
 
 
 
 
 
 
 
 
 
 
 
 
 
 
 
 reduction in speed(in rpm)=   
 
    50.  
 
grepthis#Electrical_Machines_-_1_T._Singh_704/CH2/EX2.15/ex2_15.sce #
 
 
 
 
 
 
 
 
 
 
 
 induced emf (in V)=   
 
    205.  
 
 
 
 electro magnentic torque developed(in Nw-m)=   
 
    30.75  
 
 
 
 Armature copper loss(in Watt)=   
 
    225.  
 
grepthis#Electrical_Machines_-_1_T._Singh_704/CH2/EX2.16/ex2_16.sce #
 
 
 
 
 
 
 
 
 
 
 electro magnetic torque developed in dc machine(in Nw-m)=   
 
    31.82  
 
grepthis#Electrical_Machines_-_1_T._Singh_704/CH2/EX2.17/ex2_17.sce #
 
 
 
 
 
 
 
 
 
 
 
 
 
 Torque generated in machine (in Nw-m)=   
 
    1030.968  
 
grepthis#Electrical_Machines_-_1_T._Singh_704/CH2/EX2.18/ex2_18.sce #
 
 
 
 
 
 
 
 
 
 
 back emf produced by machine in (in V)=   
 
    224.  
 
grepthis#Electrical_Machines_-_1_T._Singh_704/CH2/EX2.19/ex2_19.sce #
 
 
 
 
 
 
 
 
 
 
 
 
 
 change in back emf from no load to load(in Volts)=   
 
    10.  
 
grepthis#Electrical_Machines_-_1_T._Singh_704/CH2/EX2.20/ex2_20.sce #
 
 
 
 
 
 
 
 
 
 
 
 
 
 
 
 Back emf produced in motor(in Volts)=   
 
    188.95182  
 
grepthis#Electrical_Machines_-_1_T._Singh_704/CH2/EX2.21/ex2_21.sce #
 
 
 
 
 
 
 
 
 
 
 
 
 
 
 
 
 
 power developed in armature when working as a generator(in KW)=   
 
    26.0202  
 
 
 
 
 
 
 
 
 power developed in armature when working as a motor(in KW)=   
 
    24.0198  
 
grepthis#Electrical_Machines_-_1_T._Singh_704/CH2/EX2.22/ex2_22.sce #
 
 
 
 
 
 
 
 
 
 
 
 
 
 
 
 power developed in armature when machine running as a generator(in KW)=   
 
    21.1724  
 
 
 
 
 
 
 power developed in armature when machine running as a Motor(in KW)=   
 
    18.8916  
 
grepthis#Electrical_Machines_-_1_T._Singh_704/CH2/EX2.23/ex2_23.sce #
 
 
 
 
 
 
 
 R_f  =
 
    0.8  
 
 
 
 
 
 
 
 
 speed of the motor when machine drawing 10 Amp current(in rpm)=   
 
    1244.8598  
 
grepthis#Electrical_Machines_-_1_T._Singh_704/CH2/EX2.24/ex2_24.sce #
 
 
 
 
 
 
 
 
 
 
 
 
 
 
 
 Percentage change in speed of  d.c. motor==   
 
    13.157895  
 
grepthis#Electrical_Machines_-_1_T._Singh_704/CH2/EX2.25/ex2_25.sce #
 
 
 
 
 
 
 
 
 
 
 
 
 
 
 
 speed of the motor when it connected in series with a 4 Ohm resistance(in rpm) 
      =                                                                         
 
    540.54054  
 
grepthis#Electrical_Machines_-_1_T._Singh_704/CH2/EX2.26/ex2_26.sce #
 
 
 
 
 
 
 
 
 
 
 
 
 
 
 
 
 
 motor speed when armature current is 75 Amp and the excitation is increased by 
       15 %(in rpm)=                                                            
 
    770.  
 
grepthis#Electrical_Machines_-_1_T._Singh_704/CH2/EX2.27/ex2_27.sce #
 
 
 
 
 
 
 
 
 
 
 
 
 power transmitted by the shaft of motor(in H.P.(metric))=   
 
    128.14099  
 
grepthis#Electrical_Machines_-_1_T._Singh_704/CH2/EX2.28/ex2_28.sce #
 
 
 
 
 
 
 
 
 
 
 
 torque in motor (in Nw-m)=   
 
    983.28877  
 
grepthis#Electrical_Machines_-_1_T._Singh_704/CH2/EX2.29/ex2_29.sce #
 
 
 
 
 
 
 
 
 
 
 
 
 
 
 
 speed of the motor when 70 Amp current flowing through armature(in rpm)=   
 
    1016.  
 
grepthis#Electrical_Machines_-_1_T._Singh_704/CH2/EX2.30/ex2_30.sce #
 
 
 
 
 
 
 
 
 
 
 
 
 
 
 
 
 
 
 
 net resistance of armature which reduce speed of the machine to 800 rpm (in Oh 
      m)=                                                                       
 
    1.1445118  
 
 
 
 additional resistance required to be connected in series to reduced speed of m 
      achine to 800 rpm (in Ohm)==                                              
 
    1.1145118  
 
grepthis#Electrical_Machines_-_1_T._Singh_704/CH2/EX2.31/ex2_31.sce #
 
 
 
 
 
 
 
 
 
 
 
 
 
 
 D.c. motor speed at full load when flux assumed constant(In rpm)=   
 
    1406.  
 
grepthis#Electrical_Machines_-_1_T._Singh_704/CH2/EX2.32/ex2_32.sce #
 
 
 
 
 
 
 
 
 
 
 
 
 
 
 
 
 
 I_a2  =
 
    195.  
 
 
 
 
 speed of the machine when running as shunt motor and taking 50 KW power at 250 
       volt(in r.p.m.)=                                                         
 
    381.25732  
 
grepthis#Electrical_Machines_-_1_T._Singh_704/CH2/EX2.33/ex2_33.sce #
 
 
 
 
 
 
 
 
 
 
 
 
 
 
 
 
 resistance added in series with the armature circuit to reduced the speed of m 
      otor(in Ohm)=                                                             
 
    1.2777778  
 
grepthis#Electrical_Machines_-_1_T._Singh_704/CH2/EX2.34/ex2_34.sce #
 
 
 
 
 
 
 
 
 
 
 
 
 
 
 resistance added in series with the armature circuit to reduced the speed of m 
      otor (in Ohm)=                                                            
 
    4.31  
 
grepthis#Electrical_Machines_-_1_T._Singh_704/CH2/EX2.35/ex2_35.sce #
 
 
 
 
 
 
 
 
 
 
 
 
 
 
 
 
 
 
 
 the resistance required in series with the armature circuit to reduce the spee 
      d of motor by 50%(in Ohm)=                                                
 
    3.05  
 
grepthis#Electrical_Machines_-_1_T._Singh_704/CH2/EX2.36/ex2_36.sce #
 
 
 
 
 
 
 
 
 
 
 
 the emf induced in a D.C. machine when machine running at 600 rpm speed(in V)= 
 
    216.  
 
grepthis#Electrical_Machines_-_1_T._Singh_704/CH2/EX2.37/ex2_37.sce #
 
 
 
 
 
 
 
 
 
 
 Speed of the machine at which emf will be 250 Volts=   
 
    852.27273  
 
 
 
 
 
 
 Percentage change in flux when induced emf 250 Volts and speed 700 rpm(in %)=  
 
    21.753247  
 
grepthis#Electrical_Machines_-_1_T._Singh_704/CH2/EX2.38/ex2_38.sce #
 
 
 
 
 
 
 
 
 
 
 
 
 emf generated in machine when running at speed of 1380 rpm.(in V)=   
 
    205.  
 
grepthis#Electrical_Machines_-_1_T._Singh_704/CH2/EX2.39/ex2_39.sce #
 
 
 
 
 
 
 
 
 
 
 
 
 
 
 
 
 speed of the motor when 50 Amp current taking from supply(in rpm)=   
 
    1241.8605  
 
 
 
 electro-magnetic torque generatedwhen motor running at 600 rpm(in Nw-m)   
 
    342.35669  
 
 
 
 electro-magnetic torque generated in second case(in Nw-m)   
 
    85.589172  
 
grepthis#Electrical_Machines_-_1_T._Singh_704/CH2/EX2.40/ex2_40.sce #
 
 
 
 
 
 
 
 
 
 
 
 
 
 
 
 resistance applied in series with armature to reduce the speed to 500 rpm(in O 
      hm)=                                                                      
 
    6.  
 
grepthis#Electrical_Machines_-_1_T._Singh_704/CH2/EX2.41/ex2_41.sce #
 
 
 
 
 
 
 
 
 
 
 
 
 
 torque (in H.P.)=   
 
    15.985455  
 
 
 
 
 
 
 
 
 efficiency of the motor(in %)=   
 
    58.786509  
 
grepthis#Electrical_Machines_-_1_T._Singh_704/CH2/EX2.42/ex2_42.sce #
 
 
 
 
 
 
 
 
 
 
 
 
 
 
 output (in watts)   
 
    26953.  
 
 
 
 
 
 
 efficiency of the motor(in %)=   
 
    84.228047  
 
grepthis#Electrical_Machines_-_1_T._Singh_704/CH2/EX2.43/ex2_43.sce #
 
 
 
 
 
 
 
 
 
 
 
 
 
 
 
 
 efficiency of the motor(in %)=   
 
    78.856704  
 
grepthis#Electrical_Machines_-_1_T._Singh_704/CH2/EX2.44/ex2_44.sce #
 
 
 
 
 
 
 
 
 
 
 
 
 
 
 
 
 
 
 
 
 
 
 
 
 
 output power when input current is 20 Amp(in watts)=   
 
    7929.6  
 
 
 
 efficiency of the shunt motor when input current is 20 Amp(in %)=   
 
    79.296  
 
 
 
 
 
 
 
 
 
 output power when input current is 100 Amp(in watts)=   
 
    46041.6  
 
 
 
 efficiency of the shunt motor when input current is 100 Amp(in %)=   
 
    92.0832  
 
grepthis#Electrical_Machines_-_1_T._Singh_704/CH2/EX2.45/ex2_45.sce #
 
 
 
 
 
 
 
 
 
 
 
 
 
 
 
 
 
 
 
 
 
 
 
 
 
 output power of motor(in watts)=   
 
    7128.875  
 
 
 
 the shunt motor H.P.=   
 
    9.5561327  
 
 
 
 efficiency of the shunt motor when input current is 35 Amp(in %)=   
 
    88.557453  
 
grepthis#Electrical_Machines_-_1_T._Singh_704/CH2/EX2.46/ex2_46.sce #
 
 
 
 
 
 
 
 
 
 
 
 
 
 
 
 
 
 
 
 
 
 
 output of the motor(in watts)=   
 
    23001.8  
 
 
 
 the shunt motor H.P.=   
 
    31.273691  
 
 
 
 efficiency of the full load shunt motor when input current is 52 Amp(in %)=   
 
    88.468462  
 
grepthis#Electrical_Machines_-_1_T._Singh_704/CH2/EX2.47/ex2_47.sce #
 
 
 
 
 
 
 
 
 
 
 input(in watts)=   
 
    54000.  
 
 
 
 efficiency of the generator(in %)=   
 
    92.592593  
 
grepthis#Electrical_Machines_-_1_T._Singh_704/CH2/EX2.48/ex2_48.sce #
 
 
 
 
 
 
 
 
 
 
 
 
 internal losses in motor(in watts)=   
 
    4490.  
 
 
 
 
 torque generated in motor(in Nw-m)=   
 
    108.10877  
 
 
 
 efficiency of the motor(in %)=   
 
    76.614583  
 
grepthis#Electrical_Machines_-_1_T._Singh_704/CH2/EX2.49/ex2_49.sce #
 
 
 
 
 
 
 
 
 
 
 
 
 
 
 
 
 
 iron & friction losses in motor(in watts)=   
 
    4840.  
 
 
 
 
 copper losses in a shunt generator(in watts)=   
 
    4625.  
 
 
 
 
 
 commerical efficiency(in %)=   
 
    83.914004  
 
grepthis#Electrical_Machines_-_1_T._Singh_704/CH2/EX2.50/ex2_50.sce #
 
 
 
 
 
 
 
 
 
 
 
 
 
 
 
 
 copper losses of the motor(in watts)=   
 
    2585.2464  
 
 
 
 
 total losses of the motor(in watts)=   
 
    4085.2464  
 
 
 
 Output of the motor(in watts)=   
 
    41914.754  
 
 
 
 B.H.P. of the motor (in H.P.)=   
 
    56.988108  
 
 
 
 efficiency of the motor(in %)=   
 
    91.11903  
 
grepthis#Electrical_Machines_-_1_T._Singh_704/CH2/EX2.51/ex2_51.sce #
 
 
 
 
 
 
 
 
 
 
 
 
 
 
 
 
 
 
 
 speed of the motor (in rpm)=   
 
    283.33333  
 
 
 
 
 
 
 
 
 B.H.P. of the motor(in H.P)=   
 
    24.316354  
 
grepthis#Electrical_Machines_-_1_T._Singh_704/CH3/EX3.1/ex3_1.sce #
 
 
 
 
 
 
 
 
 
 
 
 
 
 number of primary turns in transformer=   
 
    209.  
 
 
 
 number of secondary turns in transformer=   
 
    105.  
 
grepthis#Electrical_Machines_-_1_T._Singh_704/CH3/EX3.2/ex3_2.sce #
 
 
 
 
 
 
 
 
 
 
 Number of turns on high voltage side=   
 
    260.  
 
 
 
 
 
 Primary current(in Amp)=   
 
    9.0909091  
 
 
 Secondary current(in Amp)=   
 
    4.5454545  
 
grepthis#Electrical_Machines_-_1_T._Singh_704/CH3/EX3.3/ex3_3.sce #
 
 
 
 
 
 
 
 
 
 
 Secondary voltage (in Volts)=   
 
    25.  
 
 
 
 Volts per turn=   
 
    0.125  
 
grepthis#Electrical_Machines_-_1_T._Singh_704/CH3/EX3.4/ex3_4.sce #
 
 
 
 
 
 
 
 
 
 
 Primary current (in Amp)=   
 
    20.  
 
grepthis#Electrical_Machines_-_1_T._Singh_704/CH3/EX3.5/ex3_5.sce #
 
 
 
 
 
 
 
 
 
 
 
 Full load primary current(in Amp)=   
 
    30.30303  
 
 
 
 Full load secondary current(in Amp)=   
 
    500.  
 
 
 
 Number of primary turns=   
 
    1650.  
 
grepthis#Electrical_Machines_-_1_T._Singh_704/CH3/EX3.6/ex3_6.sce #
 
 
 
 
 
 
 
 
 
 
 voltage of the secondary terminal(in Volts)=   
 
    200.  
 
grepthis#Electrical_Machines_-_1_T._Singh_704/CH3/EX3.7/ex3_7.sce #
 
 
 
 
 
 
 
 
 
 
 r.m.s value of induced emf in the secondary (in Volts)=   
 
    244.2  
 
grepthis#Electrical_Machines_-_1_T._Singh_704/CH3/EX3.8/ex3_8.sce #
 
 
 
 
 
 
 
 
 
 
 
 
 
 
 Peak value of flux density in the core(in T)=   
 
    0.6756757  
 
 
 
 Induced emf in the secondary winding(in Volts)=   
 
    720.  
 
grepthis#Electrical_Machines_-_1_T._Singh_704/CH3/EX3.9/ex3_9.sce #
 
 
 
 
 
 
 
 
 
 
 
 
 Primary current on full load (in Amp)=   
 
    60.606061  
 
 
 
 secondary current on full load (in Amp)=   
 
    833.33333  
 
 
 
 Maximum value of flux(in Wb)=   
 
    0.0108108  
 
 
 
 Primary turns=   
 
    1375.  
 
grepthis#Electrical_Machines_-_1_T._Singh_704/CH3/EX3.10/ex3_10.sce #
 
 
 
 
 
 
 
 
 
 
 
 
 
 Core loss(in watt)=   
 
    187.  
 
 
 Loss component of current(in Amp)=   
 
    0.8130435  
 
 
 Magnetising current(in Amp)=   
 
    41.58896  
 
grepthis#Electrical_Machines_-_1_T._Singh_704/CH3/EX3.11/ex3_11.sce #
 
 
 
 
 
 
 
 
 
 
 
 Magnetising component of no load current (in Amp)=   
 
    14.696938  
 
 
 
 the iron loss in transformer(in kWatt)=   
 
    1.38  
 
 
 
 
 
 
 the maximum value of flux in the core(in Wb)=   
 
    0.0037674  
 
grepthis#Electrical_Machines_-_1_T._Singh_704/CH3/EX3.12/ex3_12.sce #
 
 
 
 
 
 
 
 
 
 Magnetising current(in Amp)=   
 
    0.2926500  
 
 
 
 Iron loss current (in Amp)=   
 
    0.066  
 
grepthis#Electrical_Machines_-_1_T._Singh_704/CH3/EX3.13/ex3_13.sce #
 
 
 
 
 
 
 
 
 
 
 
 Active component of no load current (in Amp)=   
 
    0.1818182  
 
 
 
 Reactive component of no load current (in Amp)=   
 
    0.5781450  
 
grepthis#Electrical_Machines_-_1_T._Singh_704/CH3/EX3.14/ex3_14.sce #
 
 
 
 
 
 
 
 
 
 
 
 
 
 
 
 
 
 
 Resultant current taken by the primary(in Amp)=   
 
    6.617564  
 
grepthis#Electrical_Machines_-_1_T._Singh_704/CH3/EX3.15/ex3_15.sce #
 
 
 
 
 
 
 
 
 
 
 
 
 
 
 
 
 
 
 Resultant current taken by the primary(in Amp)=   
 
    33.90226  
 
grepthis#Electrical_Machines_-_1_T._Singh_704/CH3/EX3.16/ex3_16.sce #
 
 
 
 
 
 
 
 
 
 
 
 
 
 
 Equivalent resistance as referred to primary(in Ohm)=   
 
    7.05  
 
 
 
 Equivalent resistance as referred to secondary(in Ohm)=   
 
    0.017625  
 
 
 
 Equivalent reactance as referred to primary(in Ohm)=   
 
    11.2  
 
 
 
 Equivalent reactance as referred to secondary(in Ohm)=   
 
    0.028  
 
 
 
 Equivalent impedence as referred to primary(in Ohm)=   
 
    13.234141  
 
 
 
 Equivalent impedence as referred to secondary(in Ohm)=   
 
    0.0330854  
 
grepthis#Electrical_Machines_-_1_T._Singh_704/CH3/EX3.17/ex3_17.sce #
 
 
 
 
 
 
 
 
 
 
 
 
 
 
 
 
 
 
 
 
 
 Secondary terminal voltage at full load (in Volts)=   
 
    377.6  
 
grepthis#Electrical_Machines_-_1_T._Singh_704/CH3/EX3.18/ex3_18.sce #
 
 
 
 
 
 
 
 
 
 
 
 
 
 
 
 
 
 
 
 Secondary terminal voltage at full load (in Volts)=   
 
    388.46481  
 
grepthis#Electrical_Machines_-_1_T._Singh_704/CH3/EX3.19/ex3_19.sce #
 
 
 
 
 
 
 
 
 
 
 
 
 
 
 Equivalent resistance as referred to secondary(in Ohm)=   
 
    0.408  
 
 
 
 Equivalent reactance as referred to secondary(in Ohm)=   
 
    1.  
 
grepthis#Electrical_Machines_-_1_T._Singh_704/CH3/EX3.20/ex3_20.sce #
 
 
 
 
 
 
 
 
 
 
 
 
 
 
 equivalent resistance of primary referred to secondary(in Ohm)=   
 
    0.02  
 
 
 
 equivalent reactance of primary referred to secondary(in Ohm)=   
 
    0.04  
 
 
 
 total resistance of primary referred to secondary(in Ohm)=   
 
    0.045  
 
 
 
 total reactance of primary referred to secondary(in Ohm)=   
 
    0.08  
 
 
 
 equivalent resistance of secondary referred to primar(in Ohm)=   
 
    2.5  
 
 
 
 equivalent reactance of secondary referred to primar(in Ohm)=   
 
    4.  
 
 
 
 total resistance of secondary referred to primary(in Ohm)=   
 
    4.5  
 
 
 
 total reactance of secondary referred to primary(in Ohm)=   
 
    8.  
 
grepthis#Electrical_Machines_-_1_T._Singh_704/CH3/EX3.21/ex3_21.sce #
 
 
 
 
 
 
 
 
 
 
 
 
 Primary resistance referred to secondary(in Ohm)=   
 
    0.012826  
 
 
 
 secondary resistance referred to primary(in Ohm)=   
 
    1.0743802  
 
 
 
 total resistance of transformer referred to primary(in Ohm)=   
 
    2.1343802  
 
grepthis#Electrical_Machines_-_1_T._Singh_704/CH3/EX3.22/ex3_22.sce #
 
 
 
 
 
 
 
 
 
 
 
 
 
 
 
 
 
 
 
 Voltage regulation at 0.8 lagging power factor(in %)=   
 
    3.6869936  
 
 
 
 Voltage regulation at unity power factor(in %)=   
 
    2.1982736  
 
 
 
 Voltage regulation at 0.8 leading power factor(in %)=   
 
  - 0.1697557  
 
grepthis#Electrical_Machines_-_1_T._Singh_704/CH3/EX3.23/ex3_23.sce #
 
 
 
 
 
 
 
 
 
 
 
 
 
 
 
 Voltage regulation when power factor is 0.8 lagging(in %)=   
 
    3.8  
 
 
 
 
 
 Voltage regulation when power factor is 0.8 leading(in %)   
 
  - 2.2  
 
grepthis#Electrical_Machines_-_1_T._Singh_704/CH3/EX3.25/ex3_25.sce #
 
 
 
 
 
 
 
 
 
 
 
 
 
 
 
 
 Efficiency of the tranformer at full load condition(in %)=   
 
    97.087379  
 
 
 
 
 
 
 
 Efficiency of the transformer at half load condition(in %)=   
 
    96.525097  
 
grepthis#Electrical_Machines_-_1_T._Singh_704/CH3/EX3.26/ex3_26.sce #
 
 
 
 
 
 
 
 
 
 
 
 
 
 
 
 Efficiency of the transformer for 75% of full load output at power factor unit 
      y(in %)=                                                                  
 
    98.239869  
 
 
 
 
 Efficiency of the transformer for 75% of full load output at power factor 0.8  
      lagging(in %)=                                                            
 
    97.809475  
 
grepthis#Electrical_Machines_-_1_T._Singh_704/CH3/EX3.27/ex3_27.sce #
 
 
 
 
 
 
 
 
 
 
 
 
 
 
 
 
 
 Efficiency of the transformer at full load and unity power factor(in %)=   
 
    97.200622  
 
 
 
 
 
 Efficiency of the transformer at full load and 0.8 lagging power factor(in %)= 
 
    96.525097  
 
 
 
 At 0.8 leading power factor. since there is no change in input and output, so  
      efficiency is unchanged(in %)=                                            
 
    96.525097  
 
grepthis#Electrical_Machines_-_1_T._Singh_704/CH3/EX3.28/ex3_28.sce #
 
 
 
 
 
 
 
 
 
 
 
 
 
 
 
 Efficiency of the transformer on half load (in %)=   
 
    98.039216  
 
 
 
 
 
 
 Efficiency of the transformer on full load condition (in %)=   
 
    98.64365  
 
grepthis#Electrical_Machines_-_1_T._Singh_704/CH3/EX3.29/ex3_29.sce #
 
 
 
 
 
 
 
 
 
 
 
 
 
 
 
 
 
 Efficiency of the transformer at full load and unity power factor(in KW)=   
 
    97.087379  
 
 
 
 
 
 
 
 Efficiency of the transformer at half full load and 0.8 lagging power factor(i 
      n KW)=                                                                    
 
    95.69378  
 
 
 
 
 
 the load for maximum efficiency(in KVA)=   
 
    23.385359  
 
grepthis#Electrical_Machines_-_1_T._Singh_704/CH3/EX3.30/ex3_30.sce #
 
 
 
 
 
 
 
 
 
 
 
 
 
 
 
 
 
 
 
 Efficiency of the transformer at unity power factor(in %)=   
 
    97.021442  
 
 
 
 
 
 the maximum efficiency occurs at the full load of=   
 
    0.8570083  
 
 
 
 
 Maximum Efficiency of the transformer(in %)=   
 
    95.714126  
 
grepthis#Electrical_Machines_-_1_T._Singh_704/CH3/EX3.31/ex3_31.sce #
 
 
 
 
 
 
 
 
 Ratio of the iron and copper loss for the maximum efficiency=   
 
    0.5625  
 
grepthis#Electrical_Machines_-_1_T._Singh_704/CH3/EX3.32/ex3_32.sce #
 
 
 
 
 
 
 
 
 
 
 
 
 
 
 
 P_t2  =
 
    1.7552709  
 
 
 
 
 
 
 full load and copper losses(in KW)=   
 
    2.9729931  
 
 
 iron loss(in KW)=   
 
    1.0120226  
 
grepthis#Electrical_Machines_-_1_T._Singh_704/CH3/EX3.33/ex3_33.sce #
 
 
 
 
 
 
 
 
 
 
 
 
 
 
 
 
 
 
 
 
 
 
 
 
 
 
 
 
 
 
 All day efficiency of transformer(in %)=   
 
    97.  
 
grepthis#Electrical_Machines_-_1_T._Singh_704/CH3/EX3.34/ex3_34.sce #
 
 
 
 
 
 
 
 
 
 
 
 
 
 
 
 
 
 
 
 
 
 
 
 
 
 
 
 All day efficiency of transformer(in %)=   
 
    99.237327  
 
grepthis#Electrical_Machines_-_1_T._Singh_704/CH3/EX3.35/ex3_35.sce #
 
 
 
 
 
 
 
 
 
 
 
 
 
 
 
 
 
 
 
 
 
 
 
 
 
 
 
 
 
 
 All day efficiency(in %)=   
 
    94.587385  
 
grepthis#Electrical_Machines_-_1_T._Singh_704/CH3/EX3.36/ex3_36.sce #
 
 
 
 
 
 
 
 
 
 
 Current in primary winding(in Amp)=   
 
    80.  
 
 
 
 
 Economy of copper(in %)=   
 
    80.  
 
grepthis#Electrical_Machines_-_1_T._Singh_704/CH3/EX3.37/ex3_37.sce #
 
 
 
 
 
 
 
 
 
 
 Transformation ratio=   
 
    0.5  
 
 
 
 
 
 Secondary current(in Amp)=   
 
    40.  
 
 
 
 Primary current(in Amp)=   
 
    20.  
 
 
 
 number of turns across secondary winding=   
 
    125.  
 
grepthis#Electrical_Machines_-_1_T._Singh_704/CH3/EX3.38/ex3_38.sce #
 
 
 
 
 
 
 
 
 
 
 
 
 Current rating of 2400 Volts winding(in Amp)=   
 
    4.1666667  
 
 
 Current rating of 240 Volts winding(in Amp)=   
 
    41.666667  
 
 
 Total load current(in Amp)=   
 
    45.833333  
 
 
 
 KVA output rating(in KVA)=   
 
    110.  
 
 
 
 
 power transferred inductively(in VA)=   
 
    10000.  
 
 
 power transferred conductively(in VA)=   
 
    100000.  
 
 
 
 
 
 
 Saving in copper(in %)=   
 
    90.909091  
 
grepthis#Electrical_Machines_-_1_T._Singh_704/CH3/EX3.39/ex3_39.sce #
 
 
 
 
 
 
 
 
 
 
 
 
 
 
 
 
 
 
 
 KVA transformed(in KVA)=   
 
    25.  
 
 
 
 Power transformed(in KW)=   
 
    20.  
 
 
 
 
 Power conducted(in KW)=   
 
    200.  
 
 
 
 
 
 
 
 
 
 
 
 Efficiency of the auto transformer(in %)=   
 
    99.  
 
grepthis#Electrical_Machines_-_1_T._Singh_704/CH4/EX4.1/ex4_1.sce #
 
 
 
 
 
 
 
 
 
 
 turns per phase for the H.V. winding of the 3 phase transformer=   
 
    2065.  
 
 
 
 
 
 turns per phase for the L.V. winding of the 3 phase transformer=   
 
    44.  
 
grepthis#Electrical_Machines_-_1_T._Singh_704/CH4/EX4.2/ex4_2.sce #
 
 
 
 
 
 
 
 
 
 
 
 
 
 
 Secondary line voltage when windings are star delta connected(in Volts)=   
 
    163.30765  
 
 
 
 
 
 
 
 Secondary line voltage when windings are delta star connected(in Volts)=   
 
    489.92294  
 
grepthis#Electrical_Machines_-_1_T._Singh_704/CH4/EX4.3/ex4_3.sce #
 
 
 
 
 
 
 
 
 
 
 
 
 Value of primary phase and line current(in Amp)=   
 
    2.6243194  
 
 
 
 
 
 
 Value of secondary phase and line voltage(in Volts)=   
 
    571.57677  
 
 
 
 Value of secondary phase current(in Amp) =   
 
    29.159105  
 
 
 
 Value of secondary line current(in Amp) =   
 
    50.505051  
 
