grepthis#Electrical_Circuit_Theory_And_Technology_J._O._Bird_608/CH13/EX13.20/13_20.sce #
 
 
 
 
 
 
 
 
 
 
 
grepthis#Electrical_Circuit_Theory_And_Technology_J._O._Bird_608/CH17/EX17.01/17_01.sce #
 
 
 
 
 
 
 
 
 tou  =
 
    0.705  
 
 t1  =
 
    0.705  
 
 Vctou  =
 
    75.854467  
 
 Vct  =
 
    60.  
 
 t  =
 
 
         column  1 to 11
 
    0.    0.1    0.2    0.3    0.4    0.5    0.6    0.7    0.8    0.9    1.  
 
         column 12 to 22
 
    1.1    1.2    1.3    1.4    1.5    1.6    1.7    1.8    1.9    2.    2.1  
 
         column 23 to 33
 
    2.2    2.3    2.4    2.5    2.6    2.7    2.8    2.9    3.    3.1    3.2  
 
         column 34 to 44
 
    3.3    3.4    3.5    3.6    3.7    3.8    3.9    4.    4.1    4.2    4.3  
 
         column 45 to 55
 
    4.4    4.5    4.6    4.7    4.8    4.9    5.    5.1    5.2    5.3    5.4  
 
         column 56 to 66
 
    5.5    5.6    5.7    5.8    5.9    6.    6.1    6.2    6.3    6.4    6.5  
 
         column 67 to 77
 
    6.6    6.7    6.8    6.9    7.    7.1    7.2    7.3    7.4    7.5    7.6  
 
         column 78 to 88
 
    7.7    7.8    7.9    8.    8.1    8.2    8.3    8.4    8.5    8.6    8.7  
 
         column 89 to 99
 
    8.8    8.9    9.    9.1    9.2    9.3    9.4    9.5    9.6    9.7    9.8  
 
         column 100 to 101
 
    9.9    10.  
 
 
 
 
 t  =
 
    0.4886688  
 
 
 = 

 Result 

 

 (a)the capacitor voltage at a time equal to one time constant = 75.85 V 

 (b)the time for the capacitor voltage to reach one half of its steady state value = 0.5 sec 
grepthis#Electrical_Circuit_Theory_And_Technology_J._O._Bird_608/CH17/EX17.02/17_02.sce #
 
 
 
 
 
 
 
 
 
 tou  =
 
    0.88  
 
 t  =
 
 
         column  1 to 11
 
    0.    0.1    0.2    0.3    0.4    0.5    0.6    0.7    0.8    0.9    1.  
 
         column 12 to 22
 
    1.1    1.2    1.3    1.4    1.5    1.6    1.7    1.8    1.9    2.    2.1  
 
         column 23 to 33
 
    2.2    2.3    2.4    2.5    2.6    2.7    2.8    2.9    3.    3.1    3.2  
 
         column 34 to 44
 
    3.3    3.4    3.5    3.6    3.7    3.8    3.9    4.    4.1    4.2    4.3  
 
         column 45 to 55
 
    4.4    4.5    4.6    4.7    4.8    4.9    5.    5.1    5.2    5.3    5.4  
 
         column 56 to 66
 
    5.5    5.6    5.7    5.8    5.9    6.    6.1    6.2    6.3    6.4    6.5  
 
         column 67 to 77
 
    6.6    6.7    6.8    6.9    7.    7.1    7.2    7.3    7.4    7.5    7.6  
 
         column 78 to 88
 
    7.7    7.8    7.9    8.    8.1    8.2    8.3    8.4    8.5    8.6    8.7  
 
         column 89 to 99
 
    8.8    8.9    9.    9.1    9.2    9.3    9.4    9.5    9.6    9.7    9.8  
 
         column 100 to 101
 
    9.9    10.  
 
 
 
 
 
 
 
 
 
 I  =
 
    0.0001091  
 
 i  =
 
 
         column 1 to 6
 
    0.0001091    0.0000974    0.0000869    0.0000776    0.0000692    0.0000618  
 
         column  7 to 12
 
    0.0000552    0.0000492    0.0000440    0.0000392    0.0000350    0.0000313  
 
         column 13 to 18
 
    0.0000279    0.0000249    0.0000222    0.0000198    0.0000177    0.0000158  
 
         column 19 to 24
 
    0.0000141    0.0000126    0.0000112    0.0000100    0.0000090    0.0000080  
 
         column 25 to 30
 
    0.0000071    0.0000064    0.0000057    0.0000051    0.0000045    0.0000040  
 
         column 31 to 36
 
    0.0000036    0.0000032    0.0000029    0.0000026    0.0000023    0.0000020  
 
         column 37 to 42
 
    0.0000018    0.0000016    0.0000015    0.0000013    0.0000012    0.0000010  
 
         column 43 to 48
 
    0.0000009    0.0000008    0.0000007    0.0000007    0.0000006    0.0000005  
 
         column 49 to 54
 
    0.0000005    0.0000004    0.0000004    0.0000003    0.0000003    0.0000003  
 
         column 55 to 60
 
    0.0000002    0.0000002    0.0000002    0.0000002    0.0000001    0.0000001  
 
         column 61 to 66
 
    0.0000001    0.0000001    9.506D-08    8.485D-08    7.573D-08    6.760D-08  
 
         column 67 to 72
 
    6.034D-08    5.386D-08    4.807D-08    4.291D-08    3.830D-08    3.418D-08  
 
         column 73 to 78
 
    3.051D-08    2.723D-08    2.431D-08    2.170D-08    1.937D-08    1.729D-08  
 
         column 79 to 84
 
    1.543D-08    1.377D-08    1.229D-08    1.097D-08    9.794D-09    8.742D-09  
 
         column 85 to 90
 
    7.803D-09    6.965D-09    6.217D-09    5.549D-09    4.953D-09    4.421D-09  
 
         column 91 to 96
 
    3.946D-09    3.522D-09    3.144D-09    2.806D-09    2.505D-09    2.236D-09  
 
         column  97 to 101
 
    1.995D-09    1.781D-09    1.590D-09    1.419D-09    1.267D-09  
 
 
 
 Vct1  =
 
    4.3645207  
 
 VRt1  =
 
    4.3645207  
 
 it1  =
 
    0.0000198  
 
 
 = 

 Result 

 

 the value of capacitor voltage is 4.36 V, resistor voltage is 4.36 V, current is 2.0E-05 A at one and a half seconds after discharge has started. 
grepthis#Electrical_Circuit_Theory_And_Technology_J._O._Bird_608/CH17/EX17.07/17_07.sce #
 
 
 
 
 
 
 
 
 
 tou  =
 
    0.005  
 
 t1  =
 
    0.01  
 
 t  =
 
 
         column 1 to 8
 
    0.    0.0001    0.0002    0.0003    0.0004    0.0005    0.0006    0.0007  
 
         column  9 to 15
 
    0.0008    0.0009    0.001    0.0011    0.0012    0.0013    0.0014  
 
         column 16 to 22
 
    0.0015    0.0016    0.0017    0.0018    0.0019    0.002    0.0021  
 
         column 23 to 29
 
    0.0022    0.0023    0.0024    0.0025    0.0026    0.0027    0.0028  
 
         column 30 to 36
 
    0.0029    0.003    0.0031    0.0032    0.0033    0.0034    0.0035  
 
         column 37 to 43
 
    0.0036    0.0037    0.0038    0.0039    0.004    0.0041    0.0042  
 
         column 44 to 50
 
    0.0043    0.0044    0.0045    0.0046    0.0047    0.0048    0.0049  
 
         column 51 to 57
 
    0.005    0.0051    0.0052    0.0053    0.0054    0.0055    0.0056  
 
         column 58 to 64
 
    0.0057    0.0058    0.0059    0.006    0.0061    0.0062    0.0063  
 
         column 65 to 71
 
    0.0064    0.0065    0.0066    0.0067    0.0068    0.0069    0.007  
 
         column 72 to 78
 
    0.0071    0.0072    0.0073    0.0074    0.0075    0.0076    0.0077  
 
         column 79 to 85
 
    0.0078    0.0079    0.008    0.0081    0.0082    0.0083    0.0084  
 
         column 86 to 92
 
    0.0085    0.0086    0.0087    0.0088    0.0089    0.009    0.0091  
 
         column 93 to 99
 
    0.0092    0.0093    0.0094    0.0095    0.0096    0.0097    0.0098  
 
         column 100 to 107
 
    0.0099    0.01    0.0101    0.0102    0.0103    0.0104    0.0105    0.0106  
 
         column 108 to 114
 
    0.0107    0.0108    0.0109    0.011    0.0111    0.0112    0.0113  
 
         column 115 to 121
 
    0.0114    0.0115    0.0116    0.0117    0.0118    0.0119    0.012  
 
         column 122 to 128
 
    0.0121    0.0122    0.0123    0.0124    0.0125    0.0126    0.0127  
 
         column 129 to 135
 
    0.0128    0.0129    0.013    0.0131    0.0132    0.0133    0.0134  
 
         column 136 to 142
 
    0.0135    0.0136    0.0137    0.0138    0.0139    0.014    0.0141  
 
         column 143 to 149
 
    0.0142    0.0143    0.0144    0.0145    0.0146    0.0147    0.0148  
 
         column 150 to 156
 
    0.0149    0.015    0.0151    0.0152    0.0153    0.0154    0.0155  
 
         column 157 to 163
 
    0.0156    0.0157    0.0158    0.0159    0.016    0.0161    0.0162  
 
         column 164 to 170
 
    0.0163    0.0164    0.0165    0.0166    0.0167    0.0168    0.0169  
 
         column 171 to 177
 
    0.017    0.0171    0.0172    0.0173    0.0174    0.0175    0.0176  
 
         column 178 to 184
 
    0.0177    0.0178    0.0179    0.018    0.0181    0.0182    0.0183  
 
         column 185 to 191
 
    0.0184    0.0185    0.0186    0.0187    0.0188    0.0189    0.019  
 
         column 192 to 198
 
    0.0191    0.0192    0.0193    0.0194    0.0195    0.0196    0.0197  
 
         column 199 to 206
 
    0.0198    0.0199    0.02    0.0201    0.0202    0.0203    0.0204    0.0205  
 
         column 207 to 213
 
    0.0206    0.0207    0.0208    0.0209    0.021    0.0211    0.0212  
 
         column 214 to 220
 
    0.0213    0.0214    0.0215    0.0216    0.0217    0.0218    0.0219  
 
         column 221 to 227
 
    0.022    0.0221    0.0222    0.0223    0.0224    0.0225    0.0226  
 
         column 228 to 234
 
    0.0227    0.0228    0.0229    0.023    0.0231    0.0232    0.0233  
 
         column 235 to 241
 
    0.0234    0.0235    0.0236    0.0237    0.0238    0.0239    0.024  
 
         column 242 to 248
 
    0.0241    0.0242    0.0243    0.0244    0.0245    0.0246    0.0247  
 
         column 249 to 251
 
    0.0248    0.0249    0.025  
 
 I  =
 
    3.  
 
 i  =
 
 
         column 1 to 6
 
    0.    0.0594040    0.1176317    0.1747064    0.2306510    0.2854877  
 
         column  7 to 12
 
    0.3392387    0.3919253    0.4435686    0.4941894    0.5438077    0.5924436  
 
         column 13 to 18
 
    0.6401164    0.6868452    0.7326488    0.7775453    0.8215529    0.8646890  
 
         column 19 to 24
 
    0.9069710    0.9484158    0.9890399    1.0288595    1.0678907    1.1061491  
 
         column 25 to 30
 
    1.1436498    1.180408    1.2164384    1.2517552    1.2863728    1.3203049  
 
         column 31 to 36
 
    1.3535651    1.3861667    1.4181227    1.449446    1.480149    1.5102441  
 
         column 37 to 42
 
    1.5397432    1.5686583    1.5970007    1.624782    1.6520131    1.678705  
 
         column 43 to 48
 
    1.7048684    1.7305138    1.7556513    1.780291    1.8044429    1.8281165  
 
         column 49 to 54
 
    1.8513213    1.8740667    1.8963617    1.9182152    1.939636    1.9606326  
 
         column 55 to 60
 
    1.9812134    2.0013867    2.0211606    2.0405429    2.0595415    2.0781638  
 
         column 61 to 66
 
    2.0964174    2.1143095    2.1318473    2.1490379    2.1658881    2.1824046  
 
         column 67 to 72
 
    2.1985941    2.214463    2.2300177    2.2452643    2.2602091    2.2748579  
 
         column 73 to 78
 
    2.2892167    2.3032912    2.3170869    2.3306095    2.3438643    2.3568567  
 
         column 79 to 84
 
    2.3695918    2.3820747    2.3943104    2.4063039    2.4180599    2.4295831  
 
         column 85 to 90
 
    2.4408781    2.4519494    2.4628016    2.4734388    2.4838654    2.4940856  
 
         column 91 to 96
 
    2.5041033    2.5139227    2.5235477    2.5329821    2.5422297    2.5512941  
 
         column  97 to 102
 
    2.5601791    2.5688882    2.5774247    2.5857923    2.5939942    2.6020336  
 
         column 103 to 108
 
    2.6099139    2.6176381    2.6252094    2.6326307    2.6399051    2.6470355  
 
         column 109 to 114
 
    2.6540246    2.6608754    2.6675905    2.6741727    2.6806245    2.6869485  
 
         column 115 to 120
 
    2.6931474    2.6992235    2.7051792    2.7110171    2.7167393    2.7223483  
 
         column 121 to 126
 
    2.7278461    2.7332351    2.7385174    2.7436951    2.7487703    2.753745  
 
         column 127 to 132
 
    2.7586212    2.7634008    2.7680858    2.772678    2.7771793    2.7815914  
 
         column 133 to 138
 
    2.7859162    2.7901553    2.7943105    2.7983835    2.8023757    2.806289  
 
         column 139 to 144
 
    2.8101247    2.8138845    2.8175698    2.8211822    2.824723    2.8281937  
 
         column 145 to 150
 
    2.8315957    2.8349303    2.8381989    2.8414028    2.8445432    2.8476215  
 
         column 151 to 156
 
    2.8506388    2.8535963    2.8564953    2.8593369    2.8621222    2.8648524  
 
         column 157 to 162
 
    2.8675285    2.8701516    2.8727228    2.875243    2.8777134    2.8801348  
 
         column 163 to 168
 
    2.8825083    2.8848348    2.8871152    2.8893505    2.8915415    2.8936891  
 
         column 169 to 174
 
    2.8957942    2.8978576    2.8998802    2.9018627    2.9038059    2.9057107  
 
         column 175 to 180
 
    2.9075778    2.9094078    2.9112017    2.91296    2.9146835    2.9163729  
 
         column 181 to 186
 
    2.9180288    2.919652    2.921243    2.9228025    2.9243311    2.9258294  
 
         column 187 to 192
 
    2.9272981    2.9287377    2.9301488    2.9315319    2.9328877    2.9342166  
 
         column 193 to 198
 
    2.9355192    2.936796    2.9380475    2.9392743    2.9404767    2.9416554  
 
         column 199 to 204
 
    2.9428107    2.9439431    2.9450531    2.9461411    2.9472076    2.9482529  
 
         column 205 to 210
 
    2.9492776    2.950282    2.9512665    2.9522314    2.9531773    2.9541045  
 
         column 211 to 216
 
    2.9550133    2.9559041    2.9567772    2.9576331    2.958472    2.9592943  
 
         column 217 to 222
 
    2.9601003    2.9608904    2.9616648    2.9624239    2.963168    2.9638973  
 
         column 223 to 228
 
    2.9646122    2.9653129    2.9659998    2.966673    2.9673329    2.9679798  
 
         column 229 to 234
 
    2.9686138    2.9692353    2.9698445    2.9704416    2.9710269    2.9716006  
 
         column 235 to 240
 
    2.972163    2.9727142    2.9732545    2.9737841    2.9743032    2.974812  
 
         column 241 to 246
 
    2.9753108    2.9757996    2.9762788    2.9767485    2.977209    2.9776603  
 
         column 247 to 251
 
    2.9781026    2.9785362    2.9789612    2.9793778    2.9797862  
 
 
 
 i1  =
 
    2.5939942  
 
 t2  =
 
    0.0034657  
 
 
 = 

 Result 

 

 (a) the value of current flowing at a time equal to two time constants is 2.594 A 

 (b)the time for the current to grow to 1.5 A is 0.0034657 sec 
grepthis#Electrical_Circuit_Theory_And_Technology_J._O._Bird_608/CH17/EX17.10/17_10.sce #
 
 
 
 
 
 
 
 
 
 
 L  =
 
    30.  
 
 t  =
 
 
         column  1 to 11
 
    0.    0.1    0.2    0.3    0.4    0.5    0.6    0.7    0.8    0.9    1.  
 
         column 12 to 22
 
    1.1    1.2    1.3    1.4    1.5    1.6    1.7    1.8    1.9    2.    2.1  
 
         column 23 to 33
 
    2.2    2.3    2.4    2.5    2.6    2.7    2.8    2.9    3.    3.1    3.2  
 
         column 34 to 44
 
    3.3    3.4    3.5    3.6    3.7    3.8    3.9    4.    4.1    4.2    4.3  
 
         column 45 to 55
 
    4.4    4.5    4.6    4.7    4.8    4.9    5.    5.1    5.2    5.3    5.4  
 
         column 56 to 66
 
    5.5    5.6    5.7    5.8    5.9    6.    6.1    6.2    6.3    6.4    6.5  
 
         column 67 to 77
 
    6.6    6.7    6.8    6.9    7.    7.1    7.2    7.3    7.4    7.5    7.6  
 
         column 78 to 88
 
    7.7    7.8    7.9    8.    8.1    8.2    8.3    8.4    8.5    8.6    8.7  
 
         column 89 to 99
 
    8.8    8.9    9.    9.1    9.2    9.3    9.4    9.5    9.6    9.7    9.8  
 
         column 100 to 101
 
    9.9    10.  
 
 I  =
 
    7.3333333  
 
 i  =
 
 
         column 1 to 6
 
    7.3333333    6.9756824    6.6354744    6.3118585    6.0040255    5.7112057  
 
         column  7 to 12
 
    5.432667    5.1677127    4.9156803    4.6759398    4.4478915    4.2309653  
 
         column 13 to 18
 
    4.0246187    3.8283357    3.6416256    3.4640214    3.2950791    3.1343762  
 
         column 19 to 24
 
    2.9815108    2.8361008    2.6977826    2.5662102    2.4410546    2.322003  
 
         column 25 to 30
 
    2.2087576    2.1010352    1.9985665    1.9010952    1.8083777    1.7201821  
 
         column 31 to 36
 
    1.6362878    1.5564851    1.4805745    1.408366    1.3396792    1.2743423  
 
         column 37 to 42
 
    1.2121918    1.1530726    1.0968365    1.0433432    0.9924587    0.9440560  
 
         column 43 to 48
 
    0.8980138    0.8542172    0.8125565    0.7729276    0.7352315    0.6993739  
 
         column 49 to 54
 
    0.6652650    0.6328196    0.6019567    0.5725989    0.5446729    0.5181089  
 
         column 55 to 60
 
    0.4928404    0.4688043    0.4459405    0.4241917    0.4035036    0.3838245  
 
         column 61 to 66
 
    0.3651052    0.3472988    0.3303608    0.3142489    0.2989228    0.2843442  
 
         column 67 to 72
 
    0.2704766    0.2572853    0.2447373    0.2328013    0.2214475    0.2106474  
 
         column 73 to 78
 
    0.2003740    0.1906016    0.1813059    0.1724635    0.1640523    0.1560514  
 
         column 79 to 84
 
    0.1484407    0.1412011    0.1343147    0.1277641    0.1215330    0.1156057  
 
         column 85 to 90
 
    0.1099676    0.1046044    0.0995028    0.0946500    0.0900338    0.0856428  
 
         column 91 to 96
 
    0.0814660    0.0774928    0.0737135    0.0701184    0.0666987    0.0634458  
 
         column  97 to 101
 
    0.0603515    0.0574081    0.0546083    0.0519450    0.0494116  
 
 
 
 i1  =
 
    1.6362878  
 
 t2  =
 
    0.7659845  
 
 
 = 

 Result 

 

 inductance is 30 H 

 (a)the current flowing in the winding 3 s after being shorted-out is 1.64 A 

 (b)the time for the current to decay to 5 A is 0.766 sec 
grepthis#Electrical_Circuit_Theory_And_Technology_J._O._Bird_608/CH23/EX23.05/23_05.sce #
 
 
 
 
 
 
 
 x  =
 
  - 3.7157241  
 
 y  =
 
  - 3.345653  
 
 z  =
 
  - 3.7157241 - 3.345653i  
 
 


 Result 

 

 Z is -3.716 + (-3.346)i 
grepthis#Electrical_Circuit_Theory_And_Technology_J._O._Bird_608/CH23/EX23.08/23_08.sce #
 
 
 
 
 
 
 x  =
 
    12.  
 
 y  =
 
    5.  
 
 r  =
 
    13.  
 
 theta1  =
 
    22.619865  
 
 
 theta2  =
 
    382.61986  
 
 rtheta1  =
 
    11.309932  
 
 rtheta2  =
 
    191.30993  
 
 
 rr  =
 
    3.6055513  
 
 x1  =
 
    3.5355339  
 
 y1  =
 
    0.7071068  
 
 z1  =
 
    3.5355339 + 0.7071068i  
 
 x2  =
 
  - 3.5355339  
 
 y2  =
 
  - 0.7071068  
 
 z2  =
 
  - 3.5355339 - 0.7071068i  
 
 


 Result 

 

 two roots are (3.54 + (0.71)i) and (-3.54 + (-0.71)i) 

 two roots are (3.6/_11.31°) and (3.6/_-168.69°) 
grepthis#Electrical_Circuit_Theory_And_Technology_J._O._Bird_608/CH36/EX36.11/36_11.sce #
 
 
 
 
 
 
 
 
 
 
 
 
 
 
 
 
 
 
 V1  =
 
    100.  
 
 V3  =
 
    34.641016 + 20.i  
 
 V5  =
 
    19.318517 + 5.1763809i  
 
 
 Iom  =
 
    5.  
 
 
 
 XL1  =
 
    5.  
 
 
 Z1  =
 
    5. + 5.i  
 
 
 I1m  =
 
    10. - 10.i  
 
 I1mag  =
 
    14.142136  
 
 phii1  =
 
  - 0.7853982  
 
 
 XL3  =
 
    15.  
 
 
 Z3  =
 
    5. + 15.i  
 
 
 I3m  =
 
    1.8928203 - 1.678461i  
 
 I3mag  =
 
    2.5298221  
 
 phii3  =
 
  - 0.725447  
 
 
 XL5  =
 
    25.  
 
 
 Z5  =
 
    5. + 25.i  
 
 
 I5m  =
 
    0.3476955 - 0.7032016i  
 
 I5mag  =
 
    0.7844645  
 
 phii5  =
 
  - 1.1116014  
 
 
 Irms  =
 
    11.336123  
 
 
 P  =
 
    642.53846  
 
 


 Result 

 

(b)the rms value of current is 11.34 A 

(c)the total power dissipated 643 W 
grepthis#Electrical_Circuit_Theory_And_Technology_J._O._Bird_608/CH38/EX38.03/38_03.sce #
 
 
 
 
 
 
 
 
 
 
 
 
 HL  =
 
    4000.  
 
 
 
 HLf  =
 
    320000.  
 
 
 v  =
 
    0.002  
 
 
 Ph  =
 
    640.  
 
 


 Result 

 

 the hysteresis loss at a frequency of 80 Hz is 640 W 
grepthis#Electrical_Circuit_Theory_And_Technology_J._O._Bird_608/CH40/EX40.01/40_01.sce #
 
 
 
 
 
 
 
 
 
 
 
 C  =
 
    6.608D-11  
 
 


 Result 

 

 capacitance is 6.608E-11 Farad. 
grepthis#Electrical_Circuit_Theory_And_Technology_J._O._Bird_608/CH40/EX40.02/40_02.sce #
 
 
 
 
 
 
 
 
 
 
 
 C  =
 
    9.779D-09  
 
 


 Result 

 

 capacitance is 9.779E-09 Farad. 
grepthis#Electrical_Circuit_Theory_And_Technology_J._O._Bird_608/CH40/EX40.08/40_08.sce #
 
 
 
 
 
 
 
 
 
 
 a  =
 
    0.01  
 
 
 b  =
 
    0.03  
 
 
 C  =
 
    1.620D-10  
 
 


 Result 

 

 capacitance per m of length is 1.62E-10 F 
