grepthis#Electric_Power_Transmission_System_Engineering_Analysis_And_Design_T._Gonen_1820/CH7/EX7.5/Example7_5.sce #
 
 
 
 
 
 
 
 
[2J[0;0H 
 
 
 
 
 
 
 
 
 
 
 
 
 
 
 
 
 
 
 
 
 
 
 
 
 
 
 
 
 
 
 
 
 
 
 
 
 
 
 
 
 
 
 
 
 
 
 
 
 
 
 
 
 
 
 
 
 
 
 
 
 
 
 
 
 
 
 
 EXAMPLE : 7.5 : SOLUTION :-   
 

 (a) Magnitude of forward current wave , i_f = 500 A 
 

 (b) Reflection coefficient , ρ = -0.8182 
 

 (c) Refraction coefficient , Γ = 0.1818 
 

 (d) Surge voltage transmitted forward into cable , v = 36.36 kV 
 

 (e) Surge current transmitted forward into cable , i = 909 A 
 

 (f) Surge voltage reflected back along the OH line , v_b = -163.64 kV 
 

 (g) Surge current reflected back along the OH line , i_b = 409 A 
 

 (h) Graph shows plot of voltage & current surges after arrival at the junction 
 
 
grepthis#Electric_Power_Transmission_System_Engineering_Analysis_And_Design_T._Gonen_1820/CH7/EX7.6/Example7_6.sce #
 
 
 
 
 
 
 
 
[2J[0;0H 
 
 
 
 
 
 
 
 
 
 
 
 
 
 
 
 
 
 
 
 
 
 
 
 
 
 
 
 
 
 
 
 
 
 
 
 
 
 
 
 
 
 
 
 
 
 
 
 
 
 
 
 
 
 
 
 
 
 
 
 
 
 
 
 
 
 
 
 
 
 
 
 
 
 
 
 
 
 
 
 
 
 
 
 
 
 
 
 
 
 
 EXAMPLE : 7.6 : SOLUTION :-   
 

 (a) Reflection coefficient at sending end , ρ_s = -1 
 

 (b) Reflection coefficient at sending end , ρ_r = 0.2 
 

 (c) The lattice diagram is shown in Fig 7.6 (c) 
 

 (d) From Fig 7.6 (c) , the voltage value is at t = 6.5T & x = 0.25 l is = 1008 Volts 
 

 (e) The plot of the receiving-end voltage v/s time is shown in Fig 7.6 (e) 
 
 
grepthis#Electric_Power_Transmission_System_Engineering_Analysis_And_Design_T._Gonen_1820/CH10/EX10.5/Example10_5.sce #
 
 
 
 
 
 
 
 
[2J[0;0H 
 
 
 
 
 
 
 
 
 
 
 
 
 
 
 
 
 
 
 
 
 
 
 
 
 
 
 
 
 
 
 
 
 
 
 
 
 
 
 
 
 
 
 
 
 
 
