Total number of .sce files(without counting DEPENDENCIES directory): 57

grepthis#Integrated_Circuits_K._R._Botkar_73/CH2/EX2.1/Example2_1.sci #
 
 
 
 
 
 
 
 
 
 
 
 
 
grepthis#Integrated_Circuits_K._R._Botkar_73/CH2/EX2.2/Example2_2.sci #
 
 
 
 
 
 
 
 
grepthis#Integrated_Circuits_K._R._Botkar_73/CH2/EX2.3/Example2_3.sci #
 
 
 
 
 
 
 
 
grepthis#Integrated_Circuits_K._R._Botkar_73/CH2/EX2.4/Example2_4.sci #
 
 
 
 
 
 
 
 
grepthis#Integrated_Circuits_K._R._Botkar_73/CH2/EX2.6/Example2_6.sci #
 
 
 
 
 
 
 
 
grepthis#Integrated_Circuits_K._R._Botkar_73/CH2/EX2.8/Example2_8.sci #
 
 
 
 
 
 
grepthis#Integrated_Circuits_K._R._Botkar_73/CH2/EX2.9/Example2_9.sci #
 
 
 
 
 
 
 
 
grepthis#Integrated_Circuits_K._R._Botkar_73/CH2/EX2.10/Example2_10.sci #
 
 
 
 
 
 
 
 
grepthis#Integrated_Circuits_K._R._Botkar_73/CH2/EX2.11/Example2_11.sci #
 
 
 
 
 
 
 
 
 
 
grepthis#Integrated_Circuits_K._R._Botkar_73/CH3/EX3.2/Example3_2.sci #
 
 
 
 
 
 
 
 
 
grepthis#Integrated_Circuits_K._R._Botkar_73/CH3/EX3.3/Example3_3.sci #
 
 
 
 
 
 
grepthis#Integrated_Circuits_K._R._Botkar_73/CH3/EX3.4/Example3_4.sci #
 
 
 
 
 
 
 
 
grepthis#Integrated_Circuits_K._R._Botkar_73/CH3/EX3.5/Example3_5.sci #
 
 
 
 
 
 
 
 
 
 resistivity of the copper is :   
 
 
    2.298D-08  
 
 ohm-meter   
 
 
grepthis#Integrated_Circuits_K._R._Botkar_73/CH3/EX3.6/Example3_6.sci #
 
 
 
 
 
 
 
 
 
 
 
 
 
 
 
 
 
 
 
 
 
 Cu is:   
 
 
    0.0570815  
 
 pF   
 
 
 
 Ccs is:   
 
 
    0.2821028  
 
 pF   
 
 
 
 gm is:   
 
 
    7.751938  
 
 mA/V   
 
 
 
 
 C1 is:   
 
 
    3.3255814  
 
 pF   
 
 
 
 R1 is:   
 
 
    25.8  
 
 kilo Ohm   
 
 
 
 R0 is   
 
 
    645.  
 
 kilo Ohm   
 
 
 
 Ru is:   
 
 
    1290.  
 
 Mega Ohm   
 
grepthis#Integrated_Circuits_K._R._Botkar_73/CH5/EX5.1/Example5_1.sci #
 
 
 
 
 
 
grepthis#Integrated_Circuits_K._R._Botkar_73/CH5/EX5.2/Example5_2.sci #
 
 
 
 
 
 
 
 
 
 
 
 unit gain frequency for lateral pnp  device is;   
 
 
    1.  
 
 MHz   
 
 
 
 
 
 
 unit gain frequency for substrate pnp device is;   
 
 
    31.25  
 
 MHz   
 
grepthis#Integrated_Circuits_K._R._Botkar_73/CH5/EX5.3/Example5_3.sci #
 
 
 
 
 
 
 
 
 
 
 resistance of base diffusion layer is:   
 
 
    1000.  
 
 Ohm   
 
 
 
 
 
 
 sheet resistance of ep-layer is:   
 
 
    2500.  
 
 Ohm   
 
grepthis#Integrated_Circuits_K._R._Botkar_73/CH5/EX5.4/Example5_4.sci #
 
 
 
 
 
 
 
 
 
 
 
 capacitance per unit area of gate oxide is:   
 
 
    8.638D-08  
 
 F/cm^2   
 
grepthis#Integrated_Circuits_K._R._Botkar_73/CH7/EX7.1/Example7_1.sci #
 
 
 
 
 
 
 
 
 
 
 
 
 
 
 
 
 
 
 
 
 
 
 
 
 
 
 
 
 
 operating point collector current   
 
    0.9893091  
 
 A   
 
 
 collector-to-emitter voltage is:   
 
    8.52352  
 
 V   
 
 
 Differential-mode voltage gain   
 
    87.059199  
 
 
 Input Resistance   
 
    5.0540323  
 
 kilo Ohm   
 
 
 Output Resistance   
 
    2.2  
 
 kilo Ohm   
 
 
 
grepthis#Integrated_Circuits_K._R._Botkar_73/CH7/EX7.2/Example7_2.sci #
 
 
 
 
 
 
 
 
 
 
 
 
 
 
 
 emitter resitance(Re) of bipolar differential amplifier is:   
 
    1.25  
 
 Mega Ohm   
 
 
 collector resistance(Rc) of bipolar differential amplifier is:   
 
    125.  
 
 Kilo Ohm   
 
grepthis#Integrated_Circuits_K._R._Botkar_73/CH7/EX7.4/Example7_4.sci #
 
 
 
 
 
 
 
 
 
 
 
 change in offset voltage for 1 V change in Vce is:   
 
    0.1  
 
 mV   
 
 
 change in offset voltage of bipolar transistor for 10V collector-to-emitter vo 
      ltage(Vce) difference is:                                                 
 
    1.  
 
 mV   
 
grepthis#Integrated_Circuits_K._R._Botkar_73/CH7/EX7.5/Example7_5.sci #
 
 
 
 
 
 
 
 
 
 
 
 
 
 percentage change in the Vos   per degree temperature change is:   
 
    0.3333333  
 
 %per degree celcius   
 
grepthis#Integrated_Circuits_K._R._Botkar_73/CH7/EX7.14/Example7_14.sci #
 
 
 
 
 
 
 
 
 
 
 
 
 
 
 Vo  =
 
    0.0031623  
 
 
 change in output voltage due to common mode Voltage(Vcm) is:   
 
    3.1622777  
 
 mV   
 
 
 
grepthis#Integrated_Circuits_K._R._Botkar_73/CH7/EX7.15/Example7_15.sci #
 
 
 
 
 
 
 
 
 
 
 
 
 Slew rate is:   
 
    0.6333333  
 
 V/us   
 
 
 
 
 
 full power bandwidth Fmax for  the Slew Rate obtained above is:   
 
    6.7198754  
 
 kHz   
 
grepthis#Integrated_Circuits_K._R._Botkar_73/CH7/EX7.16/Example7_16.sci #
 
 
 
 
 
 
 
 
 
 
 largest amplitude that the output of the amplifier can be without distortion o 
      wing to slew rate limitation is:                                          
 
    7.9577472  
 
 V(peak)   
 
 
 
grepthis#Integrated_Circuits_K._R._Botkar_73/CH7/EX7.17/Example7_17.sci #
 
 
 
 
 
 
 
 
 
 
 
 
 maximum allowable frequency of an input sinusoidal for output swing maintained 
       from -10V to +10v is:                                                    
 
    397.88736  
 
 kHz   
 
 
 
grepthis#Integrated_Circuits_K._R._Botkar_73/CH8/EX8.1/Example8_1.sci #
 
 
 
 
 
 
 
 
 
 
 
 
 The device temperature is:   
 
    55.  
 
 degree celsius   
 
grepthis#Integrated_Circuits_K._R._Botkar_73/CH8/EX8.2/Example8_2.sci #
 
 
 
 
 
 
 
 
 
 
 
 
 device temperature is:   
 
    150.  
 
 degree celsius   
 
grepthis#Integrated_Circuits_K._R._Botkar_73/CH8/EX8.3/Example8_3.sci #
 
 
 
 
 
 
 
 
 
 
 
 New value of device temperature is:   
 
    165.  
 
 degree celsius   
 
grepthis#Integrated_Circuits_K._R._Botkar_73/CH8/EX8.4/Example8_4.sci #
 
 
 
 
 
 
 
 
 
 
 
 Temperature of the device is:   
 
    135.  
 
 degree celsius   
 
grepthis#Integrated_Circuits_K._R._Botkar_73/CH8/EX8.7/Example8_7.sci #
 
 
 
 
 
 
 
 
 
 
 
 
 
 
 
 Output Voltage of summing amplifier is:   
 
  - 2.  
 
 V   
 
grepthis#Integrated_Circuits_K._R._Botkar_73/CH8/EX8.8/Example8_8.sci #
 
 
 
 
 
 
 
 
 
 
 
 
 
 
 
 
 
 voltage at noninverting pin is:   
 
    2.  
 
 V   
 
 
 output voltage voltage of noninverting summing Op-Amp is:   
 
    6.  
 
 V   
 
grepthis#Integrated_Circuits_K._R._Botkar_73/CH9/EX9.6/Example9_6.sci #
 
 
 
 
 
 
 
 
 
 
 
 
 lower cutt off frequency is:   
 
    1809.9751  
 
 Hz   
 
 
 Higher cutt off frequency is:   
 
    2209.9751  
 
 Hz   
 
grepthis#Integrated_Circuits_K._R._Botkar_73/CH9/EX9.12/Example9_12.sci #
 
 
 
 
 
 
 
 
 
 
 
 
 unity gain frequency is:   
 
    10.009745  
 
 Hz   
 
 
 
 
 
 for Rc integrator value of capacitor needed is:   
 
    9.9375  
 
 nF   
 
 
 
grepthis#Integrated_Circuits_K._R._Botkar_73/CH10/EX10.3/Example10_3.sci #
 
 
 
 
 
 
 
 
 
 
 
 
 
 
 
 
 
 The peak output Voltage swing:   
 
    12.649111  
 
 V   
 
 
 
 
 The peak output current swing is:   
 
    1.5811388  
 
 A   
 
 
 
 
 
 The input rms signal required is:   
 
    0.1788854  
 
 V   
 
 
 
 
 
 The total power from power supply is:   
 
    15.098764  
 
 W   
 
 
 
 
 The power dissipated in the amplifier is:   
 
    5.0987636  
 
 W   
 
 
 
 
 The power conversion efficiency is:   
 
    66.230588  
 
 %   
 
 
 
grepthis#Integrated_Circuits_K._R._Botkar_73/CH10/EX10.4/Example10_4.sci #
 
 
 
 
 
 
 
 
 
 
 
 
 
 
 The power output level for maximum power dissipation is:   
 
    5.6993166  
 
 W   
 
 
 Maximum power dissipation for corresponding output power level is;   
 
    5.6993166  
 
 W   
 
grepthis#Integrated_Circuits_K._R._Botkar_73/CH10/EX10.8/Example10_8.sci #
 
 
 
 
 
 
 
 
 
 
 
 The bias setting current resistor for Vee=-10 V is:   
 
    55.  
 
 mega Ohm   
 
 
 
 
 
 
 The bias setting current resistor for Vee=0 V is:   
 
    25.  
 
 mega Ohm   
 
 
 
 
 
 The quiescent current supply is:   
 
    0.5  
 
 uA   
 
 
 The quiescent power dissipated is:   
 
    3.  
 
 uW   
 
grepthis#Integrated_Circuits_K._R._Botkar_73/CH10/EX10.9/Example10_9.sci #
 
 
 
 
 
 
 
 
 
 
 
 
 
 C2  =
 
    8.447D-12  
 
 
 ********For Rl=30 Ohm********   
 
 first break frequency is:   
 
    110.1633  
 
 MHz   
 
 second break frequency is:   
 
    2122.0659  
 
 MHz   
 
 Bandwidth is:   
 
    110.1633  
 
 MHz   
 
 mid frequency gain is:   
 
    3.  
 
 gain-bandwidth product is:   
 
    330.48989  
 
 MHz   
 
 ********For Rl=100 Ohm********   
 
 first break frequency is:   
 
    63.796757  
 
 MHz   
 
 second break frequency is:   
 
    636.61977  
 
 MHz   
 
 Bandwidth is:   
 
    63.796757  
 
 MHz   
 
 mid frequency gain is:   
 
    10.  
 
 gain-bandwidth product is:   
 
    637.96757  
 
 MHz   
 
grepthis#Integrated_Circuits_K._R._Botkar_73/CH11/EX11.4/Example11_4.sci #
 
 
 
 
 
 
 
 
 
 
 time taken by the output voltage to change from +10 V to -10 V is:   
 
    40.  
 
 us   
 
grepthis#Integrated_Circuits_K._R._Botkar_73/CH11/EX11.5/Example11_5.sci #
 
 
 
 
 
 
 
 
 
 Rise time of the output is:   
 
    350.  
 
 n sec   
 
 
 
 
 Rise time of the output is:   
 
    7.  
 
 n sec   
 
grepthis#Integrated_Circuits_K._R._Botkar_73/CH11/EX11.11/Example11_11.sci #
 
 
 
 
 
 
 
 
 
 t  =
 
    1.500D-08  
 
 
 
 
 
 voltage change is:   
 
    5.4496738  
 
 mV   
 
 
 capacitor value is:   
 
    293.59555  
 
 pF   
 
 
 
grepthis#Integrated_Circuits_K._R._Botkar_73/CH12/EX12.6/Example12_6.sci #
 
 
 
 
 
 
 
 
 
 
 
 
 
 
 
 charging time of 555 timer in astable mode is:   
 
    0.6969  
 
 ms   
 
 
 discharging time of 555 timer in astable mode is:   
 
    0.2277  
 
 ms   
 
 
 free running frequency of 555 timer in astable mode is:   
 
    1.0746269  
 
 kHz   
 
 
 duty cycle of 555 timer in astable mode is:   
 
    0.2462687  
 
grepthis#Integrated_Circuits_K._R._Botkar_73/CH12/EX12.11/Examle12_11.sci #
 
 
 
 
 
 
 
 T  =
 
    0.002  
 
 
 
 
 
 
 
 resitance design is:   
 
    21.333333  
 
 kilo Ohm   
 
 
 Capacitor design is:   
 
    0.0852273  
 
 uF   
 
grepthis#Integrated_Circuits_K._R._Botkar_73/CH12/EX12.12/Example12_12.sci #
 
 
 
 
 
 
 
 
 
 
 
 
 
 
 
 
 
 
 
 
 Designed resistor(Ra) for 555 timer in astable mode is:   
 
    1.6666667  
 
 kilo Ohm   
 
 
 Designed resistor(Rb) for 555 timer in astable mode is:   
 
    3.3333333  
 
 kilo Ohm   
 
 
 Designed Capacitor for 555 timer in astable mode is:   
 
    0.0428571  
 
 uF   
 
 
 
 
 
 
 
 
 
 actual Pulse Repetition Frequency is:   
 
    4.  
 
 kHz   
 
 
 actual duty cycle is:   
 
    60.  
 
 %   
 
grepthis#Integrated_Circuits_K._R._Botkar_73/CH12/EX12.20/Example12_20.sci #
 
 
 
 
 
 
 
 
 
 
 
 
 
 
 
 
 
 
 
 
 
 designed value of Ra is:   
 
    6.0240964  
 
 kilo Ohm   
 
 
 designed value of Rb is:   
 
    6.0240964  
 
 kilo Ohm   
 
 
 minimum pull-up resistor is:   
 
    12.  
 
 kilo Ohm   
 
 
 maximum pull-up resistor is:   
 
    34.146341  
 
 kilo Ohm   
 
grepthis#Integrated_Circuits_K._R._Botkar_73/CH13/EX13.3/Example13_3.sci #
 
 
 
 
 
 
 
 
 
 
 
 
 maximum efficiency for 5V MC7805 series regulator is:   
 
    29.411765  
 
 %   
 
 
 power dissipation for the 5V MC7805 series regulator is:   
 
    12.  
 
 W   
 
grepthis#Integrated_Circuits_K._R._Botkar_73/CH13/EX13.14/Example13_14.sci #
 
 
 
 
 
 
 
 
 
 
 
 
 
 
 filter inductor L to ensure maximum ripple in the current through the inductor 
       will not exceed 40% of the dc current is:                                
 
    416.66667  
 
 uH   
 
 
 
 
 
 
 
 ********For L=100 uH********   
 
 
 output capacitor is:   
 
    1481.4815  
 
 uF   
 
 
 ********For L=500 uH********   
 
 
 
 
 output capacitor is:   
 
    296.2963  
 
 uF   
 
grepthis#Integrated_Circuits_K._R._Botkar_73/CH15/EX15.2/Example15_2.sci #
 
 
 
 
 
 
 
 
 
 
 
 
 
 
 
 ********For input signal frequency W=250 Hz********   
 
 output signal voltage of PLL for  Wo=250 Hz is:   
 
  - 0.25  
 
 V   
 
 ********For input signal frequency Wo=1 kHz********   
 
 output signal voltage of PLL for  Wo=1kHz is:   
 
    0.5  
 
 V   
 
grepthis#Integrated_Circuits_K._R._Botkar_73/CH15/EX15.3/Example15_3.sci #
 
 
 
 
 
 
 
 
 
 
 
 
 
 sum frequency component of phase detector in kHz   
 
    1100.  
 
 kHz   
 
 
 difference frequency component of phase detector in kHz   
 
    100.  
 
 kHz   
 
 
 Both Sum and Difference frequency components are outside the passbandof low-pa 
      ss filter                                                                 
 
 Loop will not acquire lock   
 
 VCO frequency will be its free running frequency   
 
grepthis#Integrated_Circuits_K._R._Botkar_73/CH15/EX15.4/Example15_4.sci #
 
 
 
 
 
 
 
 
 
 
 
 low pass filter bandwidth   
 
    31.406439  
 
 rad/sec   
 
 
 
 
 
 
 bandwidth of d loop system is:   
 
    22.21106  
 
 rad/sec   
 
 
 corresponding system rise time is:   
 
    0.0990498  
 
 sec   
 
grepthis#Integrated_Circuits_K._R._Botkar_73/CH15/EX15.5/Example15_5.sci #
 
 
 
 
 
 
 
 
 
 
 
 
 
 
 
 
 
 
 
 
 
 
 The lock range of the PLL is:   
 
    70.  
 
 kHz   
 
grepthis#Integrated_Circuits_K._R._Botkar_73/CH16/EX16.2/Example16_2.sci #
 
 
 
 
 
 
 
 
 
 
 
 
 
 Noise margins for T=-55 degree celsius are:   
 
 lower limit of noise margin at -55 degree celsius is:   
 
    0.008  
 
 Volt   
 
 upper limit of noise limit at -55 degree celsius is:   
 
    0.004  
 
 volt   
 
 Noise margin for T=25 degree celsius are:   
 
 lower limit of noise margin at 25 degree celsius is:   
 
    0.265  
 
 Volt   
 
 upper limit of noise margin at 25 degree celsius is:   
 
    0.029  
 
 Volt   
 
 Noise margin for T=125 degree celsius are:   
 
 lower limit of noise margin at 125 degree celsius is:   
 
    0.005  
 
 Volt   
 
 uppwr limit of noise margin at 125 degree celsius is:   
 
    0.003  
 
 Volt   
 
grepthis#Integrated_Circuits_K._R._Botkar_73/CH16/EX16.3/Example16_3.sci #
 
 
 
 
 
 
 
 
 
 
 
 
 
 
 
 
 fan out at low output state is:   
 
    10.  
 
 
 
 fan out at high output state is:   
 
    50.  
 
grepthis#Integrated_Circuits_K._R._Botkar_73/CH16/EX16.12/Example16_12.sci #
 
 
 
 
 
 
 
 
 
 
 
 
 drain current in saturation region   
 
    122.5  
 
 uA   
 
 
 region of operation of NMOS transistor on I-V characteristics is LINEAR REGION 
 
 
 
 
 
 
 
 z  =
 
    5.  
    2.  
 
 
 drain to source voltage(Vds) in this Linear Region is:   
 
    2.  
 
 Volt   
 
grepthis#Integrated_Circuits_K._R._Botkar_73/CH16/EX16.13/Example16_13.sci #
 
 
 
 
 
 
 
 
 
 
 
 
 
 
 
 maximum power dissipated by saturated load NMOS inverter is:   
 
    0.7147875  
 
 mW   
 
grepthis#Integrated_Circuits_K._R._Botkar_73/CH16/EX16.14/Example16_14.sci #
 
 
 
 
 
 
 
 
 
 
 
 
 ac power dissipated  by a CMOS inverter is:   
 
    0.002  
 
 W   
 
grepthis#Integrated_Circuits_K._R._Botkar_73/CH17/EX17.2/Example17_2.sci #
 
 
 
 
 
 
 
 
 
 
 
 
 viewing distance is:   
 
    3.4308753  
 
 meters   
 
