grepthis#Hydraulics_And_Fluid_Mechanics_E._H._Lewitt_1466/CH10/EX10.8/10_8.sce #
 
[2J[0;0H 
 
 Q  =
 
    1.5  
 
 w  =
 
    1.  
 
 g  =
 
    32.2  
 
 
 H1  =
 
    0.6176681  
 
 h  =
 
    0.4117787  
 
 v  =
 
    3.6413288  
 
 V  =
 
    1.76  
 
 H  =
 
    0.5695687  
 
 
 depth of water at throat= 0.57 ft 
 
grepthis#Hydraulics_And_Fluid_Mechanics_E._H._Lewitt_1466/CH20/EX20.5/20_5.sce #
[2J[0;0H 
 
 
 W  =
 
    0.    2000.    4000.    6000.    8000.    10000.    12000.    14000.  
 
 V  =
 
    4.    3.76    3.48    3.18    2.86    2.48    2.02    1.47  
 
 
 
 
grepthis#Hydraulics_And_Fluid_Mechanics_E._H._Lewitt_1466/CH24/EX24.1/24_1.sce #
 
 
[2J[0;0H 
 
 l  =
 
    2.  
 
 d  =
 
    1.  
 
 A2  =
 
    0.01446  
 
 dx  =
 
    0.1667  
 
 cf  =
 
    0.01  
 
 v1  =
 
    500.  
 
 T1  =
 
    600.  
 
 T2  =
 
    603.  
 
 p1  =
 
    40.  
 
 g  =
 
    32.2  
 
 R  =
 
    53.3  
 
 nT2  =
 
    601.6  
 
 dv  =
 
  - 20.  
 
 
 A1  =
 
    0.0138889  
 
 dA  =
 
    0.0005711  
 
 mA  =
 
    0.0141744  
 
 k  =
 
    0.0402916  
 
 mP  =
 
    0.1805556  
 
 mPA  =
 
    12.738105  
 
 dT  =
 
    3.  
 
 v2  =
 
    462.53649  
 
 dv  =
 
  - 37.463515  
 
 mT  =
 
    601.5  
 
 mv  =
 
    481.26824  
 
 nv2  =
 
    462.53649  
 
 W  =
 
    1.2507817  
 
 p2  =
 
    41.642787  
 
 

 weight of air flowing per second= 1.25 lb/sec 

 pressure= 40.1 lb/in^2 
 
grepthis#Hydraulics_And_Fluid_Mechanics_E._H._Lewitt_1466/CH24/EX24.2/24_2.sce #
 
 
[2J[0;0H 
 
 A1  =
 
    0.0000954  
 
 A2  =
 
    0.0002082  
 
 p1  =
 
    47.9  
 
 T1  =
 
    180.  
 
 Ma1  =
 
    1.  
 
 Ma2  =
 
    2.28  
 
 g1  =
 
    1.4  
 
 R  =
 
    53.3  
 
 
 v1  =
 
    657.40399  
 
 k  =
 
    0.2  
 
 T2  =
 
    105.89896  
 
 p2  =
 
    7.4817423  
 
 vs2  =
 
    504.24539  
 
 v2  =
 
    1149.6795  
 
 W  =
 
    0.0450899  
 
 
W = 0.045 Lb/sec 
 
