grepthis#Fundamentals_Of_Electric_Drives_And_Control_B._R._Gupta_And_V._Singhal_2123/CH5/EX5.17/Exa_5_17.sce #
 
[2J[0;0H 
 
 
 
 
 
 
 
 
 
 
 
 
 
 
 
 Armature Current in A :    
 
    5.  
 
 
 
 Torque in N-m :    
 
    10.  
 
 
 
 
 
 Speed in rpm :    
 
    1211.3  
 
 
    
 
 
 
 Armature Current in A :    
 
    10.  
 
 
 
 Torque in N-m :    
 
    20.  
 
 
 
 
 
 Speed in rpm :    
 
    1194.1  
 
 
 
 Armature Current in A :    
 
    20.  
 
 
 
 Torque in N-m :    
 
    40.  
 
 
 
 
 
 Speed in rpm :    
 
    1159.8  
 
 
 
 Armature Current in A :    
 
    30.  
 
 
 
 Torque in N-m :    
 
    60.  
 
 
 
 
 
 Speed in rpm :    
 
    1125.4  
 
 
 
 
 
 
