Total number of .sce files(without counting DEPENDENCIES directory): 119

grepthis#Integrated_Circuits_S._Sharma_2204/CH1/EX1.1/ex1_1.sce #
 
 
 
 
 
 
 
 
 
 
 
 
 The constant current in mA is   
 
    4.3  
 
 
grepthis#Integrated_Circuits_S._Sharma_2204/CH1/EX1.2/ex1_2.sce #
 
 
 
 
 
 
 
 
 
 
 
 
 
 
 
 
 
 The value of R_E in kΩ is   
 
    11.936785  
 
 
grepthis#Integrated_Circuits_S._Sharma_2204/CH1/EX1.3/ex1_3.sce #
 
 
 
 
 
 
 
 
 
 
 
 
 
 For transistor Q1, the collector current in mA is   
 
    1.6416195  
 
 
 
 For transistor Q2, the collector current in mA is   
 
    1.6580357  
 
 
 
 For transistor Q3, the collector current in mA is   
 
    1.6580357  
 
 
 
 For transistor Q4, the collector current in mA is   
 
    1.6580357  
 
 
grepthis#Integrated_Circuits_S._Sharma_2204/CH1/EX1.4/ex1_4.sce #
 
 
 
 
 
 
 
 
 
 
 
 
 For transistor Q1, the collector current in mA is   
 
    1.5942651  
 
 
 
 For transistor Q2, the collector current in mA is   
 
    1.5942651  
 
 
 
 For transistor Q3, the collector current in mA is   
 
    1.5942651  
 
 
 
 For transistor Q4, the collector current in mA is   
 
    1.5942651  
 
 
grepthis#Integrated_Circuits_S._Sharma_2204/CH1/EX1.5/ex1_5.sce #
 
 
 
 
 
 
 
 
 
 
 
 
 
 
 
 
 
 
 
 The value of R in kΩ is   
 
    20.  
 
 
 
 The lowest possible value of V_o in V is   
 
    0.3162278  
 
 
 
 The output resistance in MΩ is   
 
    0.2  
 
 
 
 
 The change in output current in µA is   
 
    5.  
 
 
grepthis#Integrated_Circuits_S._Sharma_2204/CH2/EX2.2/ex2_2.sce #
 
 
 
 
 
 
 
 
 
 Input bias current in µA is    
 
    20.  
 
 
 
 Input offset current in µA is   
 
    4.  
 
 
grepthis#Integrated_Circuits_S._Sharma_2204/CH2/EX2.4/ex2_4.sce #
 
 
 
 
 
 
 
 
 
 
 
 
 
 The slew rate in V/µ-sec is   
 
    0.3030303  
 
 
 
 
 
 Maximum possible frequency in kHz is   
 
    4.0190642  
 
 
grepthis#Integrated_Circuits_S._Sharma_2204/CH2/EX2.5/ex2_5.sce #
 
 
 
 
 
 
 
 
 
 
 
 
 
 
 
 Part (i)   
 
 
 The output Voltage in mV is   
 
    313.5  
 
 
 Part (ii)   
 
 
 
 
 
 
 The output voltage in mV is   
 
    300.0135  
 
 
grepthis#Integrated_Circuits_S._Sharma_2204/CH2/EX2.6.2/ex2_6_2.sce #
 
 
 
 
 
 
 
 
 
 
 
 
 The offset voltage in mV is :    
 
    0.274835  
 
 
grepthis#Integrated_Circuits_S._Sharma_2204/CH2/EX2.6/ex2_6.sce #
 
 
 
 
 
 
 
 
 
 A_cm  =
 
    0.0990099  
 
 
 
 
 The value of CMRR in dB is   
 
    60.086427  
 
 
grepthis#Integrated_Circuits_S._Sharma_2204/CH2/EX2.17/ex2_17.sce #
 
 
 
 
 
 
 
 
 
 
 
 
 
 
 The lowest value of R_L in ohm is   
 
    526.31579  
 
 
grepthis#Integrated_Circuits_S._Sharma_2204/CH2/EX2.18/ex2_18.sce #
 
 
 
 
 
 
 
 
 
 
 
 
 
 The slew rate in V/µ-sec is   
 
    0.3030303  
 
 
 
 
 
 Maximum possible frequency in kHz is   
 
    4.0190642  
 
 
grepthis#Integrated_Circuits_S._Sharma_2204/CH3/EX3.1/ex3_1.sce #
 
 
 
 
 
 
 
 
 
 
 
 
 The d loop voltage gain is   
 
  - 9.99945  
 
 
 
 
 
 Input resistance in Ω is   
 
    470.0235  
 
 
 
 
 
 Output Resistance in mΩ is   
 
    4.1247731  
 
 
 
 
 
 Band width with feedback in kHz is   
 
    90.914091  
 
 
 
 
grepthis#Integrated_Circuits_S._Sharma_2204/CH3/EX3.2/ex3_2.sce #
 
 
 
 
 
 
 
 
 
 
 Input resistance in kΩ is   
 
    33.333333  
 
 
grepthis#Integrated_Circuits_S._Sharma_2204/CH3/EX3.4/ex3_4.sce #
 
 
 
 
 
 
 
 
 
 
 
 The value of feedback resistance in kΩ is   
 
    60.  
 
 
grepthis#Integrated_Circuits_S._Sharma_2204/CH3/EX3.5/ex3_5.sce #
 
 
 
 
 
 
 
 
 
 
 
 
 
 
 
 
 The d loop gain is   
 
    10.999395  
 
 
 
 Input resistance in GΩ is   
 
    36.365636  
 
 
 
 
 The output resistance in mΩis   
 
    4.1247731  
 
 
 
 
 
 Bandwidth with feedback in kHz is   
 
    90.914091  
 
 
grepthis#Integrated_Circuits_S._Sharma_2204/CH3/EX3.6/ex3_6.sce #
 
 
 
 
 
 
 
 
 
 
 
 
 
 The voltage gain is    
 
  - 1.  
 
 
 
 Input resistance in Ω is   
 
    330.  
 
 
 
 Output resistance in Ω is   
 
    0.00075  
 
 
 
 
 
 The bandwidth in MHz is   
 
    0.5  
 
 
grepthis#Integrated_Circuits_S._Sharma_2204/CH3/EX3.7/ex3_7.sce #
 
 
 
 
 
 
 
 
 
 
 
 
 
 
 
 
 
 
 
 
 
 
 Part (i) For non-inverting amplifier   
 
 
 The value of A_F is   
 
    11.  
 
 
 
 The value of R_iF in GΩis   
 
    36.365636  
 
 
 
 The value of R_OF in ohm is   
 
    0.0041248  
 
 
 
 
 The value of f_F in kHz is   
 
    90.914091  
 
 
 
 The value of VooT is ±0.0007150 V or ±0.7149607 mV   
 
 
 
 Part (ii) For inverting amplifier   
 
 
 
 
 
 
 The value of A_F is   
 
  - 10.  
 
 R_iF  =
 
    470.  
 
 
 The value of R_iF in Ω is   
 
    470.  
 
 
 
 The value of R_OF in Ω is   
 
    0.0041248  
 
 
 
 
 The value of f_F in kHz is   
 
    90.914091  
 
 
 
 The value of VooT is ±0.0007150 V or ±0.7149607 mV   
 
 
grepthis#Integrated_Circuits_S._Sharma_2204/CH3/EX3.8/ex3_8.sce #
 
 
 
 
 
 
 
 
 
 
 Voltage gain is   
 
  - 100.  
 
 
 
 The Input resistance in kΩ is   
 
    5.  
 
 
 
 Output resistance in Ω is   
 
    0.  
 
 
 
 Output voltage in V is   
 
  - 10.  
 
 
 
 
 Input current in mA is   
 
    0.02  
 
 
grepthis#Integrated_Circuits_S._Sharma_2204/CH3/EX3.9/ex3_9.sce #
 
 
 
 
 
 
 
 
 
 
 
 The value of A_v is   
 
  - 1.  
 
 
 
 
 
 The value of A_in is   
 
    1.  
 
 
 
 The value of A_P is   
 
    1.  
 
 
grepthis#Integrated_Circuits_S._Sharma_2204/CH3/EX3.10/ex3_10.sce #
 
 
 
 
 
 
 
 
 
 
 
 The value of R_F in MΩ is :    
 
    1.  
 
 
 The value of R1 in kΩ is   
 
    33.333333  
 
 
grepthis#Integrated_Circuits_S._Sharma_2204/CH3/EX3.11/ex3_11.sce #
 
 
 
 
 
 
 
 
 
 
 
 
 Minimum value of R1 in kΩ is   
 
    66.666667  
 
 
 
 The minimum value of R_F in kΩ is   
 
    533.33333  
 
 
 
 
grepthis#Integrated_Circuits_S._Sharma_2204/CH4/EX4.1/ex4_1.sce #
 
 
 
 
 
 
 
 
 
 
 
 
 Vout  =
 
  - 7.  
 
 
 The output voltage in volts is :    
 
  - 7.  
 
 
grepthis#Integrated_Circuits_S._Sharma_2204/CH4/EX4.2/ex4_2.sce #
 
 
 
 
 
 
 
 
 
 
 
 
 
 The value of R1 in kΩ is :    
 
    100.  
 
 
 The value of R2 in kΩ is :    
 
    10.  
 
 
 The value of R3 in kΩ is :    
 
    1.  
 
 
grepthis#Integrated_Circuits_S._Sharma_2204/CH4/EX4.3/ex4_3.sce #
 
 
 
 
 
 
 
 
 
 
 
 
 Vout  =
 
    13.  
 
 
 The output voltage in volts is :    
 
    13.  
 
 
grepthis#Integrated_Circuits_S._Sharma_2204/CH4/EX4.4/ex4_4.sce #
 
 
 
 
 
 
 
 
 
 
 
 
 
 
 The value of R1 in kΩ is :    
 
    6.  
 
 
 The value of R2 in kΩ is :    
 
    3.  
 
 
 The value of R3 in kΩ is :    
 
    2.  
 
 
grepthis#Integrated_Circuits_S._Sharma_2204/CH4/EX4.5/ex4_5.sce #
 
 
 
 
 
 
 
 
 
 
 
 
 
 
 The value of RF in kΩ is :    
 
    40.  
 
 
 The value of R2 in kΩ is :    
 
    13.333333  
 
 
 The value of R1 in kΩ is :    
 
    20.  
 
 
grepthis#Integrated_Circuits_S._Sharma_2204/CH4/EX4.6/ex4_6.sce #
 
 
 
 
 
 
 
 
 
 
 
 
 
 
 
 
 
 
 
 The output voltage in volts is :    
 
    1.  
 
 
grepthis#Integrated_Circuits_S._Sharma_2204/CH4/EX4.7/ex4_7.sce #
 
 
 
 
 
 
 
 
 
 
 
 
 Limiting frequency in Hz is :    
 
    15.915494  
 
 
grepthis#Integrated_Circuits_S._Sharma_2204/CH4/EX4.8/ex4_8.sce #
 
 
 
 
 
 
 
 
 
 
 
 
 
 
 
 
 
 
 
 The value of CF in nF is :    
 
    1.5915494  
 
 
 The value of Rcomp in kΩ is :    
 
    9.0909091  
 
 
 
 
grepthis#Integrated_Circuits_S._Sharma_2204/CH4/EX4.9/ex4_9.sce #
 
 
 
 
 
 
 
 
 
 
 
 
 
 
 
 The maximum change in output voltage in volts is :    
 
    25.  
 
 
 
 The minimum slew rate required in V/micro-sec is :    
 
    0.0314159  
 
 
grepthis#Integrated_Circuits_S._Sharma_2204/CH4/EX4.10/ex4_10.sce #
 
 
 
 
 
 
 
 
 
 
 
 The safe frequency in Hz is   
 
    13.262912  
 
 
 
 
 
 
 The d.c gain in dB is   
 
    20.  
 
 
 
 
 
 
 
 The peak of output voltage in mV is   
 
    66.314501  
 
 
grepthis#Integrated_Circuits_S._Sharma_2204/CH4/EX4.11/ex4_11.sce #
 
 
 
 
 
 
 
 
 
 
 
 
 
 
 Output voltage in mV is : 0.0112540*(cos(4000 *t)-1)) mV   
 
 
grepthis#Integrated_Circuits_S._Sharma_2204/CH4/EX4.12/ex4_12.sce #
 
 
 
 
 
 
 
 
 
 
 
 
 
 
 
 
 The capacitor voltage at the end of the pulse in volts is :    
 
    4.5454545  
 
 
 
 The d loop time constant in sec is :    
 
    220.  
 
 
grepthis#Integrated_Circuits_S._Sharma_2204/CH4/EX4.13/ex4_13.sce #
 
 
 
 
 
 
 
 
 
 
 
 
 
 
 The value of RF in kΩ is :    
 
    10.  
 
 
 The value of R1 in kΩ is :    
 
    1.  
 
 
grepthis#Integrated_Circuits_S._Sharma_2204/CH4/EX4.15/ex4_15.sce #
 
 
 
 
 
 
 
 
 
 
 
 
 
 
 Time duration required for saturation of output voltage in second is :    
 
    120.  
 
 
 
grepthis#Integrated_Circuits_S._Sharma_2204/CH4/EX4.16/ex4_16.sce #
 
 
 
 
 
 
 
 
 
 
 The value of R1 in kΩ is   
 
    100.  
 
 
 
 
 The value of R2 in kΩ is   
 
    50.  
 
 
 
 
 The value of R3 in kΩ is   
 
    20.  
 
 
grepthis#Integrated_Circuits_S._Sharma_2204/CH4/EX4.17/ex4_17.sce #
 
 
 
 
 
 
 
 
 The value of f_a in Hz is :    
 
    150.  
 
 
 
 
 
 The value of R_F in kΩ is   
 
    1.061033  
 
 
 
 
 
 The value of C_F in µF is   
 
    0.1  
 
 
 
 The value of R_comp in Ω is   
 
    96.457541  
 
 
grepthis#Integrated_Circuits_S._Sharma_2204/CH4/EX4.18/ex4_18.sce #
 
 
 
 
 
 
 
 
 
 The input voltage is 10*sin (4000%pi*t) µV   
 
 
 
grepthis#Integrated_Circuits_S._Sharma_2204/CH4/EX4.20/ex4_20.sce #
 
 
 
 
 
 
 
 
 
 
 
 
 
 
 
 
 The gain can be varied from 1.4999 to 1000.5   
 
 
grepthis#Integrated_Circuits_S._Sharma_2204/CH4/EX4.21/ex4_21.sce #
 
 
 
 
 
 
 
 
 
 
 
 The value of R_G in ohm is   
 
    9.4949495  
 
 
grepthis#Integrated_Circuits_S._Sharma_2204/CH4/EX4.22/ex4_22.sce #
 
 
 
 
 
 
 
 
 
 
 
 The expression for the resistance at T°C is :    
 
 R_T= Ro*[1+alpha*T]   
 
 
 The transducer resistance at 25°C in Ω is   
 
    109.8  
 
 
 
 
 The transducer resistance at 100°C in Ω is   
 
    139.2  
 
 
grepthis#Integrated_Circuits_S._Sharma_2204/CH4/EX4.23/ex4_23.sce #
 
 
 
 
 
 
 
 
 
 
 
 
 
 
 The value of R1 in kΩ is   
 
    20.  
 
 
 The value of R2 in kΩ is :    
 
    10.  
 
 
grepthis#Integrated_Circuits_S._Sharma_2204/CH4/EX4.24/ex4_24.sce #
 
 
 
 
 
 
 
 
 
 
 
 
 Output voltage is 2*(Vin1-Vin2)   
 
 
grepthis#Integrated_Circuits_S._Sharma_2204/CH4/EX4.25/ex4_25.sce #
 
 
 
 
 
 
 
 
 
 
 
 The gain of instrumentaion amplifier is   
 
    22.  
 
 
grepthis#Integrated_Circuits_S._Sharma_2204/CH4/EX4.27/ex4_27.sce #
 
 
 
 
 
 
 
 
 
 
 
 
 
 
 The output voltage in mV is   
 
    10.  
 
 
grepthis#Integrated_Circuits_S._Sharma_2204/CH4/EX4.28/ex4_28.sce #
 
 
 
 
 
 
 
 
 
 
 
 
 
 
 
 
 
 
 The value of R_G in Ω is   
 
    60.12024  
 
 
grepthis#Integrated_Circuits_S._Sharma_2204/CH4/EX4.31/ex4_31.sce #
 
 
 
 
 
 
 
 
 
 
 
 
 
 
 
 The value of R_F in kΩ is :    
 
    200.016  
 
 
 The value of R_G in Ω is :    
 
    8.0008001  
 
 
 This is the base resistance required in series with the pot of 100 kΩ   
 
 
grepthis#Integrated_Circuits_S._Sharma_2204/CH5/EX5.1/ex5_1.sce #
 
 
 
 
 
 
 
 
 
 
 
 
 Cutoff frequency in kHz is   
 
    15.915494  
 
 
 
 
 
 The passband voltage gain is   
 
    11.  
 
 
grepthis#Integrated_Circuits_S._Sharma_2204/CH5/EX5.2/ex5_2.sce #
 
 
 
 
 
 
 
 
 The value of R_F in kΩ is   
 
    10.  
 
 
 
 
 
 
 
 
 The value of R in kΩ is   
 
    15.915494  
 
 
grepthis#Integrated_Circuits_S._Sharma_2204/CH5/EX5.3/ex5_3.sce #
 
 
 
 
 
 
 
 
 
 
 
 
 
 
 
 
 The value of R1 in kΩ is :    
 
    13.666667  
 
 
 The value of R_F in kΩ is :    
 
    20.5  
 
 
grepthis#Integrated_Circuits_S._Sharma_2204/CH5/EX5.4/ex5_4.sce #
 
 
 
 
 
 
 
 
 
 
 
 
 
 
 The value of R1 in kΩ is :    
 
    33.  
 
 
 The value of R2 and R3 in kΩ is   
 
    31.830989  
 
 
 The value of R_F in kΩ is :    
 
    19.338  
 
 
 The value of C2 and C3 in µF is :   
 
    0.005  
 
 
grepthis#Integrated_Circuits_S._Sharma_2204/CH5/EX5.5/ex5_5.sce #
 
 
 
 
 
 
 
 
 
 
 
 
 
 
 
 
 
 
 Cut off frequency in kHz is   
 
    2.4114385  
 
 
 
 Pass band voltage gain is   
 
    1.5833333  
 
 
grepthis#Integrated_Circuits_S._Sharma_2204/CH5/EX5.6/ex5_6.sce #
 
 
 
 
 
 
 
 
 
 
 
 
 
 
 
 The value of R2 and R3 in kΩ is :    
 
    2.4114385  
 
 
 
 
 The value of R1 in kΩ is :    
 
    13.053043  
 
 
 
 
 The value of R_F in kΩ is :    
 
    8.79  
 
 
 R_F may be taken as a pot of 10 kΩ   
 
 
grepthis#Integrated_Circuits_S._Sharma_2204/CH5/EX5.7/ex5_7.sce #
 
 
 
 
 
 
 
 
 
 
 
 
 
 
 
 
 
 
 The value of R2 and R3 in kΩ is :    
 
    33.  
 
 
 The value of R1 in kΩ is :    
 
    30.  
 
 
 The value of R_F in kΩ is :    
 
    17.58  
 
 
 The standard value of R_F is 20 kΩ   
 
 
grepthis#Integrated_Circuits_S._Sharma_2204/CH5/EX5.8/ex5_8.sce #
 
 
 
 
 
 
 
 
 
 
 The value of R_F in Ω is :    
 
    0.5857864  
 
 
 
 
 The pass band gain is   
 
    1.5857864  
 
 
 
 
 
 
 
 
 
 The value of R1 and R2 in kΩ is   
 
    1.061033  
 
 
 
 
 
 
 The value of C1 and C2 in nF is   
 
    100.  
 
 
 
 
grepthis#Integrated_Circuits_S._Sharma_2204/CH5/EX5.9/ex5_9.sce #
 
 
 
 
 
 
 
 
 
 
 
 
 
 
 
 
 
 
 
 
 
 
 The value of R1 and R2 in k ohm   
 
    1.061033  
 
 
 The value of C1 in nF is   
 
    141.44272  
 
 
 The value of C2 in nF is   
 
    70.7  
 
 
 The value of R_F in k ohm   
 
    2.1220659  
 
 
grepthis#Integrated_Circuits_S._Sharma_2204/CH5/EX5.12/ex5_12.sce #
 
 
 
 
 
 
 
 
 
 
 
 
 
 
 
 
 
 The value of C in µF is :    
 
    0.01  
 
 
 The value of R in kΩ is :    
 
    1.5915494  
 
 
 The value of Rf in kΩ is :    
 
    5.86  
 
 
 Frequency versus gain magnitude shown in following table:   
 
 
       Frequency in Hz                        Gain Magnitude in dB |H(s)|   
 
 
 
 HsdB  =
 
    4.0056294  
 
 
             1000                                               4.0056294   
 
 
 
 HsdB  =
 
    3.9991205  
 
 
             2000                                               3.9991205   
 
 
 
 HsdB  =
 
    3.7427743  
 
 
             5000                                               3.7427743   
 
 
 
 HsdB  =
 
    0.9957637  
 
 
            10000                                              0.9957637   
 
 
 
 HsdB  =
 
  - 23.95968  
 
 
            50000                                             -23.95968   
 
 
 
 HsdB  =
 
  - 35.994371  
 
 
           100000                                           -35.994371   
 
 
grepthis#Integrated_Circuits_S._Sharma_2204/CH5/EX5.13/ex5_13.sce #
 
 
 
 
 
 
 
 
 
 The value of C in µF is   
 
    0.1  
 
 
 
 
 The value of R in kΩ is   
 
    1.5915494  
 
 
 
 
 
 
 
 
 
 
 For first stage the value of R_F in kΩ is   
 
    12.35  
 
 
 
 
 For second stage the value of R_F in kΩ is   
 
    15.2  
 
 
grepthis#Integrated_Circuits_S._Sharma_2204/CH5/EX5.14/ex5_14.sce #
 
 
 
 
 
 
 
 
 
 
 
 
 The value of R in kΩ is   
 
    3.3862754  
 
 
grepthis#Integrated_Circuits_S._Sharma_2204/CH5/EX5.15/ex5_15.sce #
 
 
 
 
 
 
 
 
 
 
 
 
 Cut off frequency in Hz is   
 
    1061.  
 
 
 
 The value of omega_c in k rad/sec is   
 
    6.6664596  
 
 
 
 
grepthis#Integrated_Circuits_S._Sharma_2204/CH5/EX5.16/ex5_16.sce #
 
 
 
 
 
 
 
 
 
 
 
 
 
 
 
 
 
 
 
 
 Cut off frequency in kHz is   
 
    1.1789255  
 
 
 
 Voltage gain is   
 
    1.5925926  
 
 
grepthis#Integrated_Circuits_S._Sharma_2204/CH5/EX5.17/ex5_17.sce #
 
 
 
 
 
 
 
 
 
 
 
 
 
 
 
 
 
 
 
 
 
 
 
 The value of R1 in kΩ is :    
 
    8.7796551  
 
 
 The value of R2 and R_F in kΩ is :    
 
    11.706894  
 
 
 The value of C1 and C2 in nF is :    
 
    10.  
 
 
grepthis#Integrated_Circuits_S._Sharma_2204/CH5/EX5.18/ex5_18.sce #
 
 
 
 
 
 
 
 
 
 
 
 
 
 
 (i) Low-pass Filter Components :    
 
 
 The value of R1desh in kΩ is   
 
    10.  
 
 
 The value of Rdesh in kΩ is :    
 
    15.915494  
 
 
 The value of Rdesh_F in kΩ is :     
 
    10.  
 
 
 The value of C in µF is    
 
    0.01  
 
 
 
 
 
 
 
 
 
 (ii) High pass Filter Components   
 
 
 The value of R1 in kΩ is   
 
    10.  
 
 
 The value of R in kΩ is   
 
    31.830989  
 
 
 The value of R_F in kΩ is   
 
    10.  
 
 
 The value of C in µF is    
 
    0.05  
 
 
 
 The quality factor is   
 
    0.3513642  
 
 
 
 
grepthis#Integrated_Circuits_S._Sharma_2204/CH5/EX5.19/ex5_19.sce #
 
 
 
 
 
 
 
 
 
 
 
 
 
 
 The value of R1 is 3.1830989 kΩ (standard value 3.3 kΩ)   
 
 
 
 
 The value of R2 is 1.4468631 kΩ (standard value 1.5 kΩ)   
 
 
 
 
 The value of R3 is 63.661977 kΩ (standard value 63 kΩ)   
 
 
 
 
 The value of Rdesh_2 is 5.7874525 kΩ (standard value 5.8 kΩ)   
 
 
grepthis#Integrated_Circuits_S._Sharma_2204/CH5/EX5.20/ex5_20.sce #
 
 
 
 
 
 
 
 
 
 
 
 
 
 
 
 
 
 (i) High-pass Section Components :    
 
 
 The value of C in µF is :    
 
    0.01  
 
 
 The value of R in kΩ is   
 
    7.9577472  
 
 
 The value of R_F and R1 in kΩ is   
 
    10.  
 
 
 
 
 
 
 
 
 (ii) Low-pass Section components :    
 
 
 The value of Cdesh in µF is :    
 
    0.1  
 
 
 The value of Rdesh in kΩ is   
 
    15.915494  
 
 
 The value of Rdesh_F and Rdesh1 in kΩ is   
 
    10.  
 
 
 
 
 
 
 (iii) Summing Amplifier component   
 
 
 The value of R_OM in kΩ is   
 
    3.3333333  
 
 
grepthis#Integrated_Circuits_S._Sharma_2204/CH5/EX5.21/ex5_21.sce #
 
 
 
 
 
 
 
 
 
 
 
 Resistance in k ohm is   
 
    6.7725508  
 
 
grepthis#Integrated_Circuits_S._Sharma_2204/CH5/EX5.22/ex5_22.sce #
 
 
 
 
 
 
 
 
 
 
 
 
 
 The phase shift in degree is   
 
  - 102.97623  
 
 
grepthis#Integrated_Circuits_S._Sharma_2204/CH5/EX5.23/ex5_23.sce #
 
 
 
 
 
 
 
 
 
 
 The center frequency in Hz is   
 
    447.2136  
 
 
 
 Quality factor is   
 
    0.5590170  
 
 
grepthis#Integrated_Circuits_S._Sharma_2204/CH5/EX5.24/ex5_24.sce #
 
 
 
 
 
 
 
 
 
 
 
 
 
 
 
 
 
 (i) Low pass Filter components :    
 
 
 The value of Rdesh1 in kΩ is :    
 
    10.  
 
 
 The value of Rdesh in kΩ is :    
 
    1.061033  
 
 
 The value of Rdesh_F in kΩ is :    
 
    4.14  
 
 
 The value of Cdesh in µF is   
 
    0.01  
 
 
 
 
 
 
 
 (ii) High pass Filter components :    
 
 
 The value of R1 in kΩ is :    
 
    10.  
 
 
 The value of R in Ω is :    
 
    636.61977  
 
 
 The value of R_F in kΩ is :    
 
    4.14  
 
 
 The value of C in µF  is :    
 
    0.05  
 
 
grepthis#Integrated_Circuits_S._Sharma_2204/CH6/EX6.3/ex6_3.sce #
 
 
 
 
 
 
 
 
 
 The circuit will work as the oscillator   
 
 
 
 
 
 
 
 
 The frequency of oscillations in kHz is   
 
    31.206852  
 
 
grepthis#Integrated_Circuits_S._Sharma_2204/CH6/EX6.4/ex6_4.sce #
 
 
 
 
 
 
 
 
 
 
 
 
 The value of R1 and R2 in kΩ is   
 
    3.1830989  
 
 
 
 The value of R3 in kΩ is   
 
    10.  
 
 
 
 The value of R4 in kΩ is   
 
    20.  
 
 
grepthis#Integrated_Circuits_S._Sharma_2204/CH8/EX8.2/ex8_2.sce #
 
 
 
 
 
 
 
 
 
 
 
 
 
 
 
 
 
 
 
 
 
 The value of RL in Ω is :    
 
    42000.  
 
 
 
 
 
 The value of (W/L)n is :    
 
    1.5873016  
 
 
grepthis#Integrated_Circuits_S._Sharma_2204/CH8/EX8.4/ex8_4.sce #
 
 
 
 
 
 
 
 
 
 
 
 
 The value of Wp in µm is :    
 
    4.  
 
 
 
 
grepthis#Integrated_Circuits_S._Sharma_2204/CH8/EX8.5/ex8_5.sce #
 
 
 
 
 
 
 
 
 
 
 
 
 
 
 
 
 
 
 
 
 
 
 The value of VOH in volts is :    
 
    1.7647313  
 
 Vout  =
 
    0.2627295  
 
 
 
 The value of VOL in volts is :    
 
    0.2627295  
 
 Vth  =
 
    1.2715116  
 
 
 The value of Vth for circuit A in volts is :    
 
    1.2715116  
 
 
 
 
 
 Vth  =
 
    1.0872599  
 
 
 The value of Vth for circuit B in volts is :    
 
    1.0872599  
 
 
grepthis#Integrated_Circuits_S._Sharma_2204/CH8/EX8.6/ex8_6.sce #
 
 
 
 
 
 
 
 
 
 
 
 
 
 
 
 
 
 The value of Vx in volts is :    
 
    1.6991508  
 
 
grepthis#Integrated_Circuits_S._Sharma_2204/CH10/EX10.1/ex10_1.sce #
 
 
 
 
 
 
 
 
 
 
 
 
 
 When supply voltage is +15V then threshold voltage in mV is   
 
    35.211268  
 
 
 
 
 When supply voltage is -15V then threshold voltage in mV is   
 
  - 35.211268  
 
 
grepthis#Integrated_Circuits_S._Sharma_2204/CH10/EX10.2/ex10_2.sce #
 
 
 
 
 
 
 
 
 
 
 
 R2  =
 
    30000.  
 
 
 The value of R1 in kΩ is   
 
    10.  
 
 
 The value of R2 in kΩ is   
 
    30.  
 
 
grepthis#Integrated_Circuits_S._Sharma_2204/CH10/EX10.3/ex10_3.sce #
 
 
 
 
 
 
 
 
 
 
 
 
 
 
 
 
 
 
 
 The value of T1 in ms is :    
 
    0.6024164  
 
 
 The value of T2 in ms is :    
 
    0.3975836  
 
 
grepthis#Integrated_Circuits_S._Sharma_2204/CH10/EX10.4/ex10_4.sce #
 
 
 
 
 
 
 
 
 
 
 
 
 
 
 
 The resistance in Ω is   
 
    995.  
 
 
 
 
grepthis#Integrated_Circuits_S._Sharma_2204/CH10/EX10.6/ex10_6.sce #
 
 
 
 
 
 
 
 
 
 
 The value of V_LT in V is   
 
  - 4.  
 
 
 
 The value of V_UT in V is   
 
    4.  
 
 
 
 The value of V_H in V is   
 
    8.  
 
 
grepthis#Integrated_Circuits_S._Sharma_2204/CH10/EX10.7/ex10_7.sce #
 
 
 
 
 
 
 
 
 
 
 Upper threshold voltage in V is   
 
    2.5  
 
 
 
 Lower threshold voltage in V is   
 
  - 2.5  
 
 
 
 The hysteresis voltage in V is   
 
    5.  
 
 
grepthis#Integrated_Circuits_S._Sharma_2204/CH10/EX10.10/ex10_10.sce #
 
 
 
 
 
 
 
 
 
 
 The value of V_UT in V is    
 
    6.9354839  
 
 
 
 The value of V_LT in V is   
 
  - 6.9354839  
 
 
 
 
 
 
 
 Frequency of oscillation in Hz is   
 
    49.968426  
 
 
grepthis#Integrated_Circuits_S._Sharma_2204/CH10/EX10.12/ex10_12.sce #
 
 
 
 
 
 
 
 
 
 
 Change in output voltage in mV is :    
 
    0.5  
 
 
grepthis#Integrated_Circuits_S._Sharma_2204/CH12/EX12.1/ex12_1.sce #
 
 
 
 
 
 
 
 
 The resolution is   
 
    256.  
 
 
 That is, the output voltage can have 256 different values including zero   
 
 
 
 
 Resolution is : 10 mV/1LSB   
 
 
 That is, an input change of 1 LSB causes the output to change by 10 mV   
 
 
grepthis#Integrated_Circuits_S._Sharma_2204/CH12/EX12.2/ex12_2.sce #
 
 
 
 
 
 
 
 
 
 
 
 
 Final output voltage in V is   
 
    6.  
 
 
grepthis#Integrated_Circuits_S._Sharma_2204/CH12/EX12.3/ex12_3.sce #
 
 
 
 
 
 
 
 
 
 
 
 
 The value of V_OFS in V is   
 
    5.1  
 
 
 
 The value of V_out in V is   
 
    2.56  
 
 
grepthis#Integrated_Circuits_S._Sharma_2204/CH12/EX12.4/ex12_4.sce #
 
 
 
 
 
 
 
 
 
 
 
 
 When input is 1000 then, the output in V is   
 
    2.6666667  
 
 
 
 
 
 
 When input is 1111 then , the output in V is   
 
    5.  
 
 
grepthis#Integrated_Circuits_S._Sharma_2204/CH12/EX12.5/ex12_5.sce #
 
 
 
 
 
 
 
 
 
 
 
 
 The full scale output voltage in V is :    
 
    32.76  
 
 
 
 Percentage resolution is :   
 
    0.0244200  
 
 
 
 The output voltage in V is :    
 
    11.112  
 
 
grepthis#Integrated_Circuits_S._Sharma_2204/CH12/EX12.6/ex12_6.sce #
 
 
 
 
 
 
 
 
 
 
 
 The value of resistor in kΩ is   
 
    12.5  
 
 
grepthis#Integrated_Circuits_S._Sharma_2204/CH12/EX12.7/ex12_7.sce #
 
 
 
 
 
 
 
 
 
 
 The Resolution in mV/LSB is   
 
    20.  
 
 
 
 
 
 
 The digital output is :   
 
 1000000   
 
 
 
grepthis#Integrated_Circuits_S._Sharma_2204/CH12/EX12.8/ex12_8.sce #
 
 
 
 
 
 
 
 
 
 
 The quantizing error in mV is   
 
    0.5  
 
 
grepthis#Integrated_Circuits_S._Sharma_2204/CH12/EX12.9/ex12_9.sce #
 
 
 
 
 
 
 Part (i)   
 
 
 
 
 
 
 The value of t2 in ms is   
 
    83.33  
 
 
 Part (ii)   
 
 
 
 
 The value of t_2 in ms is   
 
    166.66  
 
 
grepthis#Integrated_Circuits_S._Sharma_2204/CH12/EX12.10/ex12_10.sce #
 
 
 
 
 
 
 
 
 
 
 
 
 The Digital output is : 1000 counts   
 
 
grepthis#Integrated_Circuits_S._Sharma_2204/CH12/EX12.11/ex12_12.sce #
 
 
 
 
 
 
 
 
 
 
 Maximum frequency in Hz is   
 
    69.077666  
 
 
grepthis#Integrated_Circuits_S._Sharma_2204/CH12/EX12.12/ex12_12.sce #
 
 
 
 
 
 
 
 
 
 
 Maximum frequency in Hz is   
 
    69.077666  
 
 
grepthis#Integrated_Circuits_S._Sharma_2204/CH13/EX13.1/ex13_1.sce #
 
 
 
 
 
 
 
 
 
 
 
 
 
 
 
 
 
 
 Frequency in Hz is   
 
    714.35715  
 
 
 
 Duty cycle in % is   
 
    50.49505  
 
 
grepthis#Integrated_Circuits_S._Sharma_2204/CH13/EX13.2/ex13_2.sce #
 
 
 
 
 
 
 
 
 
 
 
 
 
 
 Positive pulse width in ms is   
 
    3.9501  
 
 
 
 
 Negative pulse width in ms is   
 
    0.693  
 
 
 
 Free running frequency in Hz is   
 
    208.95522  
 
 
 
 The duty cycle in % is   
 
    85.074627  
 
 
grepthis#Integrated_Circuits_S._Sharma_2204/CH13/EX13.3/ex13_3.sce #
 
 
 
 
 
 
 
 
 
 
 
 
 
 The value of both the resistors required in kΩ is   
 
    72.  
 
 
grepthis#Integrated_Circuits_S._Sharma_2204/CH13/EX13.4/ex13_4.sce #
 
 
 
 
 
 
 
 
 
 
 
 
 
 The the value of C in µF is :    
 
    0.01  
 
 
 The value of both the resistors in kΩ is   
 
    102.85714  
 
 
 (Standard value of resistor is 100 kΩ)   
 
 
grepthis#Integrated_Circuits_S._Sharma_2204/CH13/EX13.5/ex13_5.sce #
 
 
 
 
 
 
 
 
 
 
 
 
 
 
 
 
 
 
 Frequency in Hz is   
 
    714.35715  
 
 
 
 Duty cycle in % is   
 
    50.49505  
 
 
grepthis#Integrated_Circuits_S._Sharma_2204/CH13/EX13.6/ex13_6.sce #
 
 
 
 
 
 
 
 
 
 
 
 
 
 
 Positive pulse width in ms is   
 
    3.9501  
 
 
 
 
 Negative pulse width in ms is   
 
    0.693  
 
 
 
 Free running frequency in Hz is   
 
    208.95522  
 
 
 
 The duty cycle in % is   
 
    85.074627  
 
 
grepthis#Integrated_Circuits_S._Sharma_2204/CH13/EX13.7/ex13_7.sce #
 
 
 
 
 
 
 
 
 
 
 
 
 
 
 The value of both the resistors required in kΩ is   
 
    72.  
 
 
grepthis#Integrated_Circuits_S._Sharma_2204/CH13/EX13.8/ex13_8.sce #
 
 
 
 
 
 
 
 
 
 
 
 
 
 The the value of C in µF is :    
 
    0.01  
 
 
 The value of both the resistors in kΩ is   
 
    102.85714  
 
 
 (Standard value of resistor is 100 kΩ)   
 
 
grepthis#Integrated_Circuits_S._Sharma_2204/CH13/EX13.9/ex13_9.sce #
 
 
 
 
 
 
 
 
 
 
 
 The value of R_A in kΩ is   
 
    36.  
 
 
 
 The value of R_B in kΩ is    
 
    72.  
 
 
grepthis#Integrated_Circuits_S._Sharma_2204/CH13/EX13.10/ex13_10.sce #
 
 
 
 
 
 
 
 
 
 
 The resistor value in  ohm is   
 
    454545.45  
 
 
grepthis#Integrated_Circuits_S._Sharma_2204/CH13/EX13.11/ex13_11.sce #
 
 
 
 
 
 
 
 
 
 
 
 The value of R2 in Ω is   
 
    144300.14  
 
 
 
 
 
 The value of R1 in Ω is   
 
    288600.29  
 
 
grepthis#Integrated_Circuits_S._Sharma_2204/CH13/EX13.12/ex13_12.sce #
 
 
 
 
 
 
 
 
 
 
 
 
 
 
 
 
 
 Values for first circuit :    
 
 
 The value of R in kΩ is   
 
    41.322314  
 
 
 
 The output voltage in V is   
 
    13.4  
 
 
 
 The value of R_LED in Ω is :    
 
    600.  
 
 
 
 
 
 
 
 
 
 
 
 
 
 Values for second circuit :    
 
 
 The value of R1 in kΩ is :    
 
    129.6  
 
 
 The value of R2 in kΩ is :    
 
    7.2  
 
 
 
grepthis#Integrated_Circuits_S._Sharma_2204/CH13/EX13.13/ex13_13.sce #
 
 
 
 
 
 
 
 
 
 
 
 
 The resistor in kΩ is   
 
    45.454545  
 
 
grepthis#Integrated_Circuits_S._Sharma_2204/CH13/EX13.14/ex13_14.sce #
 
 
 
 
 
 
 
 
 
 
 
 
 
 
 
 
 The value of C in µF is :    
 
    0.1  
 
 
 The value of R2 in kΩ is   
 
    7.2463768  
 
 
 The value of R1 will be 100 Ω +10 kΩ pot   
 
 
grepthis#Integrated_Circuits_S._Sharma_2204/CH13/EX13.15/ex13_15.sce #
 
 
 
 
 
 
 
 
 
 
 
 
 
 
 
 
 
 The value of R_A in kΩ is :    
 
    3.6  
 
 
 The value of R_B in kΩ is :    
 
    7.2  
 
 
 
 
 
grepthis#Integrated_Circuits_S._Sharma_2204/CH13/EX13.16/ex13_16.sce #
 
 
 
 
 
 
 
 
 
 
 
 
 
 
 
 
 
 
 
 The value of R_A in Ω is :    
 
    1.  
 
 
 The value of R_B in kΩ is :    
 
    10.2855  
 
 
 
 
 
grepthis#Integrated_Circuits_S._Sharma_2204/CH13/EX13.17/ex13_17.sce #
 
 
 
 
 
 
 
 
 
 
 
 The output pulse width in ms is   
 
    2.2  
 
 
grepthis#Integrated_Circuits_S._Sharma_2204/CH13/EX13.18/ex13_18.sce #
 
 
 
 
 
 
 
 
 
 The relation between t_p and T is :   
 
 
 t_p = 3.2*T   
 
 
grepthis#Integrated_Circuits_S._Sharma_2204/CH13/EX13.19/ex13_19.sce #
 
 
 
 
 
 
 
 
 
 
 
 
 
 The value of R_A in kΩ is   
 
    95.454545  
 
 
grepthis#Integrated_Circuits_S._Sharma_2204/CH14/EX14.1/ex14_1.sce #
 
 
 
 
 
 
 
 
 
 
 
 
 Free Running frequency is : 5 kHz   
 
 
 
 
 
 Lock range in kHz is : ±2 kHz   
 
 
 
 
 Capture range is :  ±94.031597 Hz   
 
 
grepthis#Integrated_Circuits_S._Sharma_2204/CH14/EX14.2/ex14_2.sce #
 
 
 
 
 
 
 
 
 
 Frequency of reference oscillation in kHz is   
 
    440.  
 
 
 
 
 
 The number of bits required in the phase accumulator is :    
 
    17.  
 
 
