ERROR: Elements_Of_Chemical_Reaction_Engineering_H._S._Fogler_800/CH10/EX1.7/1_7.sce
 
[2J[0;0H 
 
 
 
 
d(X)/d(z}=-ra/U/Ca0
         !--error 2 
Invalid factor.
at line       5 of function f called by :  
endfunction
at line      34 of exec file called by :    
exec('SCI/etc/scilab.start',-1);;exec('Elements_Of_Chemical_Reaction_Engineering_H._S._Fogler_800/CH10/EX1.7/1_7.sce',-1)
 
 
ERROR: Elements_Of_Chemical_Reaction_Engineering_H._S._Fogler_800/CH4/EX4.1/4_1.sce
 
[2J[0;0H 
 
exec("4.1data.sci");
                    !--error 241 
File "4.1data.sci" does not exist.
at line       4 of exec file called by :    
exec('SCI/etc/scilab.start',-1);;exec('Elements_Of_Chemical_Reaction_Engineering_H._S._Fogler_800/CH4/EX4.1/4_1.sce',-1)
 
ERROR: Elements_Of_Chemical_Reaction_Engineering_H._S._Fogler_800/CH4/EX4.7/4_7.sce
 
[2J[0;0H 
 
exec("4.7data.sci");
                    !--error 241 
File "4.7data.sci" does not exist.
at line       4 of exec file called by :    
exec('SCI/etc/scilab.start',-1);;exec('Elements_Of_Chemical_Reaction_Engineering_H._S._Fogler_800/CH4/EX4.7/4_7.sce',-1)
 
ERROR: Elements_Of_Chemical_Reaction_Engineering_H._S._Fogler_800/CH4/EX4.8/4_8.sce
 
[2J[0;0H 
 
exec("4.8data.sci");
                    !--error 241 
File "4.8data.sci" does not exist.
at line       4 of exec file called by :    
exec('SCI/etc/scilab.start',-1);;exec('Elements_Of_Chemical_Reaction_Engineering_H._S._Fogler_800/CH4/EX4.8/4_8.sce',-1)
 
ERROR: Elements_Of_Chemical_Reaction_Engineering_H._S._Fogler_800/CH4/EX4.9/4_9.sce
 
[2J[0;0H 
 
exec("4.9data.sci");
                    !--error 241 
File "4.9data.sci" does not exist.
at line       4 of exec file called by :    
exec('SCI/etc/scilab.start',-1);;exec('Elements_Of_Chemical_Reaction_Engineering_H._S._Fogler_800/CH4/EX4.9/4_9.sce',-1)
 
ERROR: Elements_Of_Chemical_Reaction_Engineering_H._S._Fogler_800/CH4/EX4.10/4_10.sce
 
[2J[0;0H 
 
exec("4.10data.sci");
                     !--error 241 
File "4.10data.sci" does not exist.
at line       4 of exec file called by :    
exec('SCI/etc/scilab.start',-1);;exec('Elements_Of_Chemical_Reaction_Engineering_H._S._Fogler_800/CH4/EX4.10/4_10.sce',-1)
 
ERROR: Elements_Of_Chemical_Reaction_Engineering_H._S._Fogler_800/CH4/EX4.11/4_11.sce
 
[2J[0;0H 
 
exec("4.11data.sci");
                     !--error 241 
File "4.11data.sci" does not exist.
at line       4 of exec file called by :    
exec('SCI/etc/scilab.start',-1);;exec('Elements_Of_Chemical_Reaction_Engineering_H._S._Fogler_800/CH4/EX4.11/4_11.sce',-1)
 
ERROR: Elements_Of_Chemical_Reaction_Engineering_H._S._Fogler_800/CH5/EX5.2/5_2.sce
 
[2J[0;0H 
 
exec("5.2data.sci");
                    !--error 241 
File "5.2data.sci" does not exist.
at line       4 of exec file called by :    
exec('SCI/etc/scilab.start',-1);;exec('Elements_Of_Chemical_Reaction_Engineering_H._S._Fogler_800/CH5/EX5.2/5_2.sce',-1)
 
ERROR: Elements_Of_Chemical_Reaction_Engineering_H._S._Fogler_800/CH5/EX5.3/5_3.sce
 
[2J[0;0H 
 
exec("5.3data.sci");
                    !--error 241 
File "5.3data.sci" does not exist.
at line       4 of exec file called by :    
exec('SCI/etc/scilab.start',-1);;exec('Elements_Of_Chemical_Reaction_Engineering_H._S._Fogler_800/CH5/EX5.3/5_3.sce',-1)
 
ERROR: Elements_Of_Chemical_Reaction_Engineering_H._S._Fogler_800/CH5/EX5.4/5_4.sce
 
[2J[0;0H 
 
exec("5.4data.sci");
                    !--error 241 
File "5.4data.sci" does not exist.
at line       4 of exec file called by :    
exec('SCI/etc/scilab.start',-1);;exec('Elements_Of_Chemical_Reaction_Engineering_H._S._Fogler_800/CH5/EX5.4/5_4.sce',-1)
 
ERROR: Elements_Of_Chemical_Reaction_Engineering_H._S._Fogler_800/CH6/EX6.6/6_6.sce
 
[2J[0;0H 
 
exec("6.6data.sci");
                    !--error 241 
File "6.6data.sci" does not exist.
at line       4 of exec file called by :    
exec('SCI/etc/scilab.start',-1);;exec('Elements_Of_Chemical_Reaction_Engineering_H._S._Fogler_800/CH6/EX6.6/6_6.sce',-1)
 
ERROR: Elements_Of_Chemical_Reaction_Engineering_H._S._Fogler_800/CH6/EX6.8/6_8.sce
 
[2J[0;0H 
 
exec("6.8data.sci");
                    !--error 241 
File "6.8data.sci" does not exist.
at line       4 of exec file called by :    
exec('SCI/etc/scilab.start',-1);;exec('Elements_Of_Chemical_Reaction_Engineering_H._S._Fogler_800/CH6/EX6.8/6_8.sce',-1)
 
ERROR: Elements_Of_Chemical_Reaction_Engineering_H._S._Fogler_800/CH7/EX7.7/7_7.sce
 
[2J[0;0H 
 
exec("7.7data.sci");
                    !--error 241 
File "7.7data.sci" does not exist.
at line       4 of exec file called by :    
exec('SCI/etc/scilab.start',-1);;exec('Elements_Of_Chemical_Reaction_Engineering_H._S._Fogler_800/CH7/EX7.7/7_7.sce',-1)
 
ERROR: Elements_Of_Chemical_Reaction_Engineering_H._S._Fogler_800/CH7/EX7.9/7_9.sce
 
[2J[0;0H 
 
exec("7.9data.sci");
                    !--error 241 
File "7.9data.sci" does not exist.
at line       4 of exec file called by :    
exec('SCI/etc/scilab.start',-1);;exec('Elements_Of_Chemical_Reaction_Engineering_H._S._Fogler_800/CH7/EX7.9/7_9.sce',-1)
 
ERROR: Elements_Of_Chemical_Reaction_Engineering_H._S._Fogler_800/CH8/EX8.4/8_4.sce
 
[2J[0;0H 
 
exec("8.4data.sci");
                    !--error 241 
File "8.4data.sci" does not exist.
at line       4 of exec file called by :    
exec('SCI/etc/scilab.start',-1);;exec('Elements_Of_Chemical_Reaction_Engineering_H._S._Fogler_800/CH8/EX8.4/8_4.sce',-1)
 
ERROR: Elements_Of_Chemical_Reaction_Engineering_H._S._Fogler_800/CH8/EX8.6/8_6.sce
 
[2J[0;0H 
 
exec("8.6data.sci");
                    !--error 241 
File "8.6data.sci" does not exist.
at line       4 of exec file called by :    
exec('SCI/etc/scilab.start',-1);;exec('Elements_Of_Chemical_Reaction_Engineering_H._S._Fogler_800/CH8/EX8.6/8_6.sce',-1)
 
ERROR: Elements_Of_Chemical_Reaction_Engineering_H._S._Fogler_800/CH8/EX8.7/8_7.sce
 
[2J[0;0H 
 
 
exec("8.7data.sci");
                    !--error 241 
File "8.7data.sci" does not exist.
at line       5 of exec file called by :    
exec('SCI/etc/scilab.start',-1);;exec('Elements_Of_Chemical_Reaction_Engineering_H._S._Fogler_800/CH8/EX8.7/8_7.sce',-1)
 
ERROR: Elements_Of_Chemical_Reaction_Engineering_H._S._Fogler_800/CH8/EX8.8/8_8.sce
 
[2J[0;0H 
 
exec("8.8data.sci");
                    !--error 241 
File "8.8data.sci" does not exist.
at line       4 of exec file called by :    
exec('SCI/etc/scilab.start',-1);;exec('Elements_Of_Chemical_Reaction_Engineering_H._S._Fogler_800/CH8/EX8.8/8_8.sce',-1)
 
ERROR: Elements_Of_Chemical_Reaction_Engineering_H._S._Fogler_800/CH8/EX8.9/8_9.sce
 
[2J[0;0H 
 
 
 
 
 
 
X=ode([2;0;1400],W0,W,f);
                         !--error 9999 
ode: external must be real.at line      37 of exec file called by :    
exec('SCI/etc/scilab.start',-1);;exec('Elements_Of_Chemical_Reaction_Engineering_H._S._Fogler_800/CH8/EX8.9/8_9.sce',-1)
 
ERROR: Elements_Of_Chemical_Reaction_Engineering_H._S._Fogler_800/CH8/EX8.10/8_10.sce
 
[2J[0;0H 
 
 
 
 
 
 
X=ode([2;0;1400],W0,W,f);
                         !--error 9999 
ode: external must be real.at line      37 of exec file called by :    
exec('SCI/etc/scilab.start',-1);;exec('Elements_Of_Chemical_Reaction_Engineering_H._S._Fogler_800/CH8/EX8.10/8_10.sce',-1)
 
ERROR: Elements_Of_Chemical_Reaction_Engineering_H._S._Fogler_800/CH8/EX8.11/8_11.sce
 
[2J[0;0H 
 
exec("8.11data.sci");
                     !--error 241 
File "8.11data.sci" does not exist.
at line       4 of exec file called by :    
exec('SCI/etc/scilab.start',-1);;exec('Elements_Of_Chemical_Reaction_Engineering_H._S._Fogler_800/CH8/EX8.11/8_11.sce',-1)
 
ERROR: Elements_Of_Chemical_Reaction_Engineering_H._S._Fogler_800/CH8/EX8.12/8_12.sce
 
[2J[0;0H 
 
exec("8.12data.sci");
                     !--error 241 
File "8.12data.sci" does not exist.
at line       4 of exec file called by :    
exec('SCI/etc/scilab.start',-1);;exec('Elements_Of_Chemical_Reaction_Engineering_H._S._Fogler_800/CH8/EX8.12/8_12.sce',-1)
 
ERROR: Elements_Of_Chemical_Reaction_Engineering_H._S._Fogler_800/CH9/EX9.1/9_1.sce
 
[2J[0;0H 
 
exec("9.1data.sci");
                    !--error 241 
File "9.1data.sci" does not exist.
at line       4 of exec file called by :    
exec('SCI/etc/scilab.start',-1);;exec('Elements_Of_Chemical_Reaction_Engineering_H._S._Fogler_800/CH9/EX9.1/9_1.sce',-1)
 
ERROR: Elements_Of_Chemical_Reaction_Engineering_H._S._Fogler_800/CH9/EX9.2/9_2.sce
 
[2J[0;0H 
 
 
exec("9.2data.sci");
                    !--error 241 
File "9.2data.sci" does not exist.
at line       5 of exec file called by :    
exec('SCI/etc/scilab.start',-1);;exec('Elements_Of_Chemical_Reaction_Engineering_H._S._Fogler_800/CH9/EX9.2/9_2.sce',-1)
 
ERROR: Elements_Of_Chemical_Reaction_Engineering_H._S._Fogler_800/CH9/EX9.3/9_3.sce
 
[2J[0;0H 
 
exec("9.3data.sci");
                    !--error 241 
File "9.3data.sci" does not exist.
at line       4 of exec file called by :    
exec('SCI/etc/scilab.start',-1);;exec('Elements_Of_Chemical_Reaction_Engineering_H._S._Fogler_800/CH9/EX9.3/9_3.sce',-1)
 
ERROR: Elements_Of_Chemical_Reaction_Engineering_H._S._Fogler_800/CH9/EX9.4/9_4.sce
 
[2J[0;0H 
 
 
 
 
 
 
 
 ans  =
 
Handle of type "Figure" with properties:
========================================
children: "Axes"
figure_position = [200,200]
figure_size = [620,590]
axes_size = [610,460]
auto_resize = "on"
viewport = [0,0]
figure_name = "Graphic window number %d"
figure_id = 1
info_message = ""
color_map = matrix 32x3
pixel_drawing_mode = "copy"
anti_aliasing = "off"
immediate_drawing = "on"
background =  -2
visible = "on"
rotation_style = "unary"
event_handler = ""
event_handler_enable = "off"
user_data = []
resizefcn = ""
closerequestfcn = ""
resize = "on"
toolbar = "figure"
toolbar_visible = "on"
menubar = "figure"
menubar_visible = "on"
infobar_visible = "on"
dockable = "on"
layout = "none"
layout_options = "OptNoLayout"
default_axes = "on"
icon = ""
tag = ""
 
 
 
 
 
 ans  =
 
Handle of type "Figure" with properties:
========================================
children: "Axes"
figure_position = [200,200]
figure_size = [620,590]
axes_size = [610,460]
auto_resize = "on"
viewport = [0,0]
figure_name = "Graphic window number %d"
figure_id = 2
info_message = ""
color_map = matrix 32x3
pixel_drawing_mode = "copy"
anti_aliasing = "off"
immediate_drawing = "on"
background =  -2
visible = "on"
rotation_style = "unary"
event_handler = ""
event_handler_enable = "off"
user_data = []
resizefcn = ""
closerequestfcn = ""
resize = "on"
toolbar = "figure"
toolbar_visible = "on"
menubar = "figure"
menubar_visible = "on"
infobar_visible = "on"
dockable = "on"
layout = "none"
layout_options = "OptNoLayout"
default_axes = "on"
icon = ""
tag = ""
 
 
 
 
 ans  =
 
Handle of type "Figure" with properties:
========================================
children: "Axes"
figure_position = [200,200]
figure_size = [620,590]
axes_size = [610,460]
auto_resize = "on"
viewport = [0,0]
figure_name = "Graphic window number %d"
figure_id = 3
info_message = ""
color_map = matrix 32x3
pixel_drawing_mode = "copy"
anti_aliasing = "off"
immediate_drawing = "on"
background =  -2
visible = "on"
rotation_style = "unary"
event_handler = ""
event_handler_enable = "off"
user_data = []
resizefcn = ""
closerequestfcn = ""
resize = "on"
toolbar = "figure"
toolbar_visible = "on"
menubar = "figure"
menubar_visible = "on"
infobar_visible = "on"
dockable = "on"
layout = "none"
layout_options = "OptNoLayout"
default_axes = "on"
icon = ""
tag = ""
 
 
 
 
 
 
 
 
 
xinit('/home/fossee/Downloads/tbc_graphs/Elements_Of_Chemical_Reaction_Engineering_H._S._Fogler_800/9_4');xend();exit();
                                                                                                                 !--error 999 
xend: An error occurred: Unable to create export file, permission denied.
at line      62 of exec file called by :    
exec('SCI/etc/scilab.start',-1);;exec('Elements_Of_Chemical_Reaction_Engineering_H._S._Fogler_800/CH9/EX9.4/9_4.sce',-1)
 
ERROR: Elements_Of_Chemical_Reaction_Engineering_H._S._Fogler_800/CH9/EX9.8/9_8.sce
 
[2J[0;0H 
 
exec("9.8data.sci");
                    !--error 241 
File "9.8data.sci" does not exist.
at line       4 of exec file called by :    
exec('SCI/etc/scilab.start',-1);;exec('Elements_Of_Chemical_Reaction_Engineering_H._S._Fogler_800/CH9/EX9.8/9_8.sce',-1)
 
ERROR: Elements_Of_Chemical_Reaction_Engineering_H._S._Fogler_800/CH10/EX10.3/10_3.sce
 
[2J[0;0H 
 
exec("10.3data.sci");
                     !--error 241 
File "10.3data.sci" does not exist.
at line       4 of exec file called by :    
exec('SCI/etc/scilab.start',-1);;exec('Elements_Of_Chemical_Reaction_Engineering_H._S._Fogler_800/CH10/EX10.3/10_3.sce',-1)
 
ERROR: Elements_Of_Chemical_Reaction_Engineering_H._S._Fogler_800/CH10/EX10.5/10_5.sce
 
[2J[0;0H 
 
exec("10.5data.sci");
                     !--error 241 
File "10.5data.sci" does not exist.
at line       4 of exec file called by :    
exec('SCI/etc/scilab.start',-1);;exec('Elements_Of_Chemical_Reaction_Engineering_H._S._Fogler_800/CH10/EX10.5/10_5.sce',-1)
 
ERROR: Elements_Of_Chemical_Reaction_Engineering_H._S._Fogler_800/CH10/EX10.7/10_7.sce
 
[2J[0;0H 
 
exec("10.7data.sci");
                     !--error 241 
File "10.7data.sci" does not exist.
at line       4 of exec file called by :    
exec('SCI/etc/scilab.start',-1);;exec('Elements_Of_Chemical_Reaction_Engineering_H._S._Fogler_800/CH10/EX10.7/10_7.sce',-1)
 
ERROR: Elements_Of_Chemical_Reaction_Engineering_H._S._Fogler_800/CH13/EX13.8/13_8.sce
 
[2J[0;0H 
 
exec("13.8data.sci");
                     !--error 241 
File "13.8data.sci" does not exist.
at line       4 of exec file called by :    
exec('SCI/etc/scilab.start',-1);;exec('Elements_Of_Chemical_Reaction_Engineering_H._S._Fogler_800/CH13/EX13.8/13_8.sce',-1)
 
ERROR: Elements_Of_Chemical_Reaction_Engineering_H._S._Fogler_800/CH13/EX13.9/13_9.sce
[2J[0;0H 
 
exec("13.9data.sci");
                     !--error 241 
File "13.9data.sci" does not exist.
at line       3 of exec file called by :    
exec('SCI/etc/scilab.start',-1);;exec('Elements_Of_Chemical_Reaction_Engineering_H._S._Fogler_800/CH13/EX13.9/13_9.sce',-1)
 
ERROR: Elements_Of_Chemical_Reaction_Engineering_H._S._Fogler_800/CH14/EX14.3/14_3.sce
 
[2J[0;0H 
 
 
 
 
 
 
X=ode([2000;0],t0,t,f);
                 !--error 4 
Undefined variable: t0
at line      26 of exec file called by :    
exec('SCI/etc/scilab.start',-1);;exec('Elements_Of_Chemical_Reaction_Engineering_H._S._Fogler_800/CH14/EX14.3/14_3.sce',-1)
 
