Total number of .sce files(without counting DEPENDENCIES directory): 187

grepthis#Fundamentals_Of_Engineering_Heat_And_Mass_Transfer_R._C._Sachdeva_1373/CH1/EX1.1/Chapter1_Example1.sce #
 
 
 
 
 
 
 
 
 
 
 
 
 
 
The heat transfered through the material per unit area is 477.5 kW/m^2 
 
 
 
grepthis#Fundamentals_Of_Engineering_Heat_And_Mass_Transfer_R._C._Sachdeva_1373/CH1/EX1.2/Chapter1_Example2.sce #
 
 
 
 
 
 
 
 
 
 
 
 
 
 
 
 
 
Heat transfer rate is 4.05 kW 
 
 
 
grepthis#Fundamentals_Of_Engineering_Heat_And_Mass_Transfer_R._C._Sachdeva_1373/CH1/EX1.3/Chapter1_Example3.sce #
 
 
 
 
 
 
 
 
 
 
 
 
The rate at which the radiator emits radiant heat per unit area is 0.66 kW/m^2 
 
 
 
grepthis#Fundamentals_Of_Engineering_Heat_And_Mass_Transfer_R._C._Sachdeva_1373/CH1/EX1.5/Chapter1_Example5.sce #
 
 
 
 
 
 
 
 
 
 
 
 
 
 
 
 
 
 
 
 
 
 
Overall heat transfer coefficient is 0.906 W/m^2.K 
 
grepthis#Fundamentals_Of_Engineering_Heat_And_Mass_Transfer_R._C._Sachdeva_1373/CH1/EX1.6/Chapter1_Example6.sce #
 
 
 
 
 
 
 
 
 
 
 
 
 
 
 
 
Heat loss per unit length of pipe is 2231.3 W/m 
 
 
 
grepthis#Fundamentals_Of_Engineering_Heat_And_Mass_Transfer_R._C._Sachdeva_1373/CH1/EX1.7/Chapter1_Example7.sce #
 
 
 
 
 
 
 
 
 
 
 
 
 
 
 
 
 
 
Temperature when used in water is 73.3 degree C 
 Temperature when used in air is 1151 degree C 
 
 
 
grepthis#Fundamentals_Of_Engineering_Heat_And_Mass_Transfer_R._C._Sachdeva_1373/CH3/EX3.10/Chapter3_Example10.sce #
 
 
 
 
 
 
 
 
 
 
 
 
 
 
 
 
 
 
 
 
 
 
 
 
 
 
 
 
 
 
 
 
 
 
Heat transfer through the composite wall is 40.8 kW 
 
 
 
 
grepthis#Fundamentals_Of_Engineering_Heat_And_Mass_Transfer_R._C._Sachdeva_1373/CH3/EX3.11/Chapter3_Example11.sce #
 
 
 
 
 
 
 
 
 
 
 
 
 
 
 
 
 
 
 
 
 
 
 
The surface temperature is 398 degree C 
The convective conductance is 72.4 W/m^2.K 
 
 
 
grepthis#Fundamentals_Of_Engineering_Heat_And_Mass_Transfer_R._C._Sachdeva_1373/CH3/EX3.12/Chapter3_Example12.sce #
 
 
 
 
 
 
 
 
 
 
 
 
 
 
 
 
 
 
 
 
 
 
 
Amount of heat loss is 1106.7 W/m^2 
 Thickness of diatomite is 0.0932 m 
 
 
 
grepthis#Fundamentals_Of_Engineering_Heat_And_Mass_Transfer_R._C._Sachdeva_1373/CH3/EX3.13/Chapter3_Example13.sce #
 
 
 
 
 
 
 
 
 
 
 
 
 
 
 
 
 
 
 
 
 
 
Heat loss fro an insulated pipe is 114.43 W/m 
 
 
 
grepthis#Fundamentals_Of_Engineering_Heat_And_Mass_Transfer_R._C._Sachdeva_1373/CH3/EX3.14/Chapter3_Example14.sce #
 
 
 
 
 
 
 
 
 
 
 
 
 
 
 
 
 
 
 
 
 
 
 
Loss of heat per metre length of pipe is 89.6 W/m 
 Interface temperature is 96.3 degree C 
 
 
 
grepthis#Fundamentals_Of_Engineering_Heat_And_Mass_Transfer_R._C._Sachdeva_1373/CH3/EX3.15/Chapter3_Example15.sce #
 
 
 
 
 
 
 
 
 
 
 
 
 
 
 
 
 
 
 
 
 
 
Loss of heat per metre length of pipe is 105.71 W/m 
 
 
 
 
grepthis#Fundamentals_Of_Engineering_Heat_And_Mass_Transfer_R._C._Sachdeva_1373/CH3/EX3.16/Chapter3_Example16.sce #
 
 
 
 
 
 
 
 
 
 
 
 
 
 
 
 
 
 
 
 
 
 
 
 
 
 
 
Mass of steam condensed in 12 hours is 284.43 kg 
 
 
 
grepthis#Fundamentals_Of_Engineering_Heat_And_Mass_Transfer_R._C._Sachdeva_1373/CH3/EX3.17/Chapter3_Example17.sce #
 
 
 
 
 
 
 
 
 
 
 
 
 
 
 
 
 
 
 
 
Rate of heat flow through the sphere is 11.24 kW 
 
 
 
grepthis#Fundamentals_Of_Engineering_Heat_And_Mass_Transfer_R._C._Sachdeva_1373/CH3/EX3.18/Chapter3_Example18.sce #
 
 
 
 
 
 
 
 
 
 
 
 
 
 
 
 
 
 
 
 
Heat loss per metre of pipe at critical radius is 589 W/m 
 Outer surface temperature is 113.93 degree C 
 
 
 
grepthis#Fundamentals_Of_Engineering_Heat_And_Mass_Transfer_R._C._Sachdeva_1373/CH3/EX3.19/Chapter3_Example19.sce #
 
 
 
 
 
 
 
 
 
 
 
 
 
 
 
 
 
 
 
 
 
 
 
 
 
The maximum safe current limit is 1.074 A 
 As the critical radius of insulation is much greater than that provided in the problem, the current carrying capacity of the conductor can be raised considerably in increasing the radius of plastic covering upto 6.2 cm.
 This may however lead to the problem of having too high a temperature at the cable centre if the temperature inside the plastic coating has to be kept within the given limits 
 
 
 
grepthis#Fundamentals_Of_Engineering_Heat_And_Mass_Transfer_R._C._Sachdeva_1373/CH3/EX3.1/Chapter3_Example1.sce #
 
 
 
 
 
 
 
 
 
 
 
 
 
 
 
 
 
 
 
a)Heat transfer rate is 3920 W 
 b)Temperature at interior point of the wall, 20 cm distant from the inner wall is 54 degree C 
 
 
 
grepthis#Fundamentals_Of_Engineering_Heat_And_Mass_Transfer_R._C._Sachdeva_1373/CH3/EX3.20/Chapter3_Example20.sce #
 
 
 
 
 
 
 
 
 
 
 
 
 
 
 
 
 
Surface temperature is 60 degree C 
 Maximum temperature in the wall is 63.333 degree C 
 
 
 
grepthis#Fundamentals_Of_Engineering_Heat_And_Mass_Transfer_R._C._Sachdeva_1373/CH3/EX3.21/Chapter3_Example21.sce #
 
 
 
 
 
 
 
 
 
 
 
 
 
 
 
 
 
 
 
 
 
 
 
Temperature at the outer surface is 57.44 degree C 
 
 
 
grepthis#Fundamentals_Of_Engineering_Heat_And_Mass_Transfer_R._C._Sachdeva_1373/CH3/EX3.22/Chapter3_Example22.sce #
 
 
 
 
 
 
 
 
 
 
 
 
 
 
 
 
 
 
 
 
 
Maximum temperature in the wire is 200.08 degree C 
 Heat transfer coefficient is 10.73 W/m^2.K 
 
 
 
grepthis#Fundamentals_Of_Engineering_Heat_And_Mass_Transfer_R._C._Sachdeva_1373/CH3/EX3.23/Chapter3_Example23.sce #
 
 
 
 
 
 
 
 
 
 
 
 
 
 
 
 
 
 
 
 
 
Diameter of nichrome wire is 2.3078 mm 
 Rate of current flow is 204 A 
 
 
 
grepthis#Fundamentals_Of_Engineering_Heat_And_Mass_Transfer_R._C._Sachdeva_1373/CH3/EX3.24/Chapter3_Example24.sce #
 
 
 
 
 
 
 
 
 
 
 
 
 
 
 
 
Temperature drop from the centre line to the surface is -1171.875 degree C 
 
 
 
grepthis#Fundamentals_Of_Engineering_Heat_And_Mass_Transfer_R._C._Sachdeva_1373/CH3/EX3.25/Chapter3_Example25.sce #
 
 
 
 
 
 
 
 
 
 
 
 
 
 
 
Temperature at the centre of the orange is 50 degree C 
 
 
 
grepthis#Fundamentals_Of_Engineering_Heat_And_Mass_Transfer_R._C._Sachdeva_1373/CH3/EX3.26/Chapter3_Example26.sce #
 
 
 
 
 
 
 
 
 
 
 
 
 
 
 
 
 
 
Total heat dissipated by the rod is 6.841 W 
 
 
 
grepthis#Fundamentals_Of_Engineering_Heat_And_Mass_Transfer_R._C._Sachdeva_1373/CH3/EX3.27/Chapter3_Example27.sce #
 
 
 
 
 
 
 D  =
 
    0.025  
 
 
 
 
 
 
 
 
 
 
 
 
 
Thermal conductivity of the rod material is 406.8 W/m.K 
 
 
 
grepthis#Fundamentals_Of_Engineering_Heat_And_Mass_Transfer_R._C._Sachdeva_1373/CH3/EX3.28/Chapter3_Example28.sce #
 
 
 
 
 
 
 
 
 
 
 
 
 
 
 
 
 
 
 
 
Temperature distribution is given by : T-Ti = -370 cosh[69.97(0.06-x)] 
                                               --------------------
                                                 cosh[69.97(0.06)] 
 Heat transfer rate is -280.4 W 
 
 
 
grepthis#Fundamentals_Of_Engineering_Heat_And_Mass_Transfer_R._C._Sachdeva_1373/CH3/EX3.29/Chapter3_Example29.sce #
 
 
 
 
 
 
 
 
 
 
 
 
 
 
 
 
 
 
 
 
 
 
 
 
 
 
 
Rate of heat transfer is 723.95 W
Temperature at the end of the fin is 146.74 degree C 
 
 
 
grepthis#Fundamentals_Of_Engineering_Heat_And_Mass_Transfer_R._C._Sachdeva_1373/CH3/EX3.2/Chapter3_Example2.sce #
 
 
 
 
 
 
 
 
 
 
 
 
 
 
 
 
 
 
Heat transfer rate is 63420.9 W /m
 Temperature of the point halfway between the inner and outer surface is 141.5 degree C 
 
 
 
grepthis#Fundamentals_Of_Engineering_Heat_And_Mass_Transfer_R._C._Sachdeva_1373/CH3/EX3.31/Chapter3_Example31.sce #
 
 
 
 
 
 
 
 
 
 
 
 
 
 
 
 
 
 
 
 
 
 
 
 
 
Temperature distribution is T=40+257.1(6.0132√x)
Rate of heat flow per unit mass of the fin is 164.10 W/kg 
 
 
 
grepthis#Fundamentals_Of_Engineering_Heat_And_Mass_Transfer_R._C._Sachdeva_1373/CH3/EX3.32/Chapter3_Example32.sce #
 
 
 
 
 
 
 
 
 
 
 
 
 
 
 
 
 
 
 
 
 
Efficiency of fin when aluminium is used is 0.8983
Efficiency of fin when steel is used is 0.524 
 
 
 
grepthis#Fundamentals_Of_Engineering_Heat_And_Mass_Transfer_R._C._Sachdeva_1373/CH3/EX3.33/Chapter3_Example33.sce #
 
 
 
 
 
 
 
 
 
 
 
 
 
 
 
 
 
 
 
 
 
 
 
 
 
Heat loss per fin is 60.94 W 
 
 
 
grepthis#Fundamentals_Of_Engineering_Heat_And_Mass_Transfer_R._C._Sachdeva_1373/CH3/EX3.34/Chapter3_Example34.sce #
 
 
 
 
 
 
 
 
 
 
 
 
 
 
 
 
 
 
 
This large fin only produces an increase of 13 percent in heat dissipation, so naturally this configuration is undesirable 
 
 
 
grepthis#Fundamentals_Of_Engineering_Heat_And_Mass_Transfer_R._C._Sachdeva_1373/CH3/EX3.35/Chapter3_Example35.sce #
 
 
 
 
 
 
 
 
 
 
 
 
 
 
 
 
 
 
 
 
Measurement error is  16 degree C 
 
 
 
grepthis#Fundamentals_Of_Engineering_Heat_And_Mass_Transfer_R._C._Sachdeva_1373/CH3/EX3.3/Chapter3_Example3.sce #
 
 
 
 
 
 
 
 
 
 
 
 
 
 
 
 
 
 
Heat flow rate through the sphere is 9.42 kW 
Temperature at a point a quarter of the way between the inner and outer surfaces is 200 degree C 
 
 
 
grepthis#Fundamentals_Of_Engineering_Heat_And_Mass_Transfer_R._C._Sachdeva_1373/CH3/EX3.4/Chapter3_Example4.sce #
 
 
 
 
 
 
 
 
 
 
 
 
 
 
Heat loss per square meter surface area is 435 W/m^2 
 
 
 
grepthis#Fundamentals_Of_Engineering_Heat_And_Mass_Transfer_R._C._Sachdeva_1373/CH3/EX3.5/Chapter3_Example5.sce #
 
 
 
 
 
 
 
 
 
 
 
 
 
 
 
 
Rate of heat flow is 4649 W/m^2 
 
 
 
grepthis#Fundamentals_Of_Engineering_Heat_And_Mass_Transfer_R._C._Sachdeva_1373/CH3/EX3.6/Chapter3_Example6.sce #
 
 
 
 
 
 
 
 
 
 
 
 
 
 
 
 
 
Heat loss per unit length is 66.45 kW/m 
 
grepthis#Fundamentals_Of_Engineering_Heat_And_Mass_Transfer_R._C._Sachdeva_1373/CH3/EX3.8/Chapter3_Example8.sce #
 
 
 
 
 
 
 
 
 
 
 
 
 
 
 
 
Thickness of the insulation required is 0.161 m 
 
 
 
grepthis#Fundamentals_Of_Engineering_Heat_And_Mass_Transfer_R._C._Sachdeva_1373/CH3/EX3.9/Chapter3_Example9.sce #
 
 
 
 
 
 
 
 
 
 
 
 
 
 
 
 
 
Rate of heat leaking into the room per unit area of the door is 247.5 W/m^2 
 
 
 
grepthis#Fundamentals_Of_Engineering_Heat_And_Mass_Transfer_R._C._Sachdeva_1373/CH5/EX5.10/Chapter5_Example10.sce #
 
 
 
 
 
 
 
 
 
 
 
 
 
 
 
 
 
 
 
 
 
Tempertaure at a distance of 20 cm from the surface after 10 min is 239.63 degree C 
 
 
 
grepthis#Fundamentals_Of_Engineering_Heat_And_Mass_Transfer_R._C._Sachdeva_1373/CH5/EX5.11/Chapter5_Example11.sce #
 
 
 
 
 
 
 
 
 
 
 
 
 
 
 
 
 
 
Time required for the temperature gradient at the surface to reach 4 degree/cm is 0.049 h 
 The depth at which the rate of cooling is maximum after 1 minute is 0.1162 m 
 
 
 
grepthis#Fundamentals_Of_Engineering_Heat_And_Mass_Transfer_R._C._Sachdeva_1373/CH5/EX5.12/Chapter5_Example12.sce #
 
 
 
 
 
 
 
 
 
 
 
 
 
 
 
 
 
 
 
 
 
 
 
 
 
 
 
 
 
 
 
 
Temperature at the centreline and the surface 1 minute after the immersion is 339.36 degree C 
 Heat removed per unit surface area is 31.1*10^6 J/m^2 
 
 
 
grepthis#Fundamentals_Of_Engineering_Heat_And_Mass_Transfer_R._C._Sachdeva_1373/CH5/EX5.13/Chapter5_Example13.sce #
 
 
 
 
 
 
 
 
 
 
 
 
 
 
 
 
 
 
 
 
 
 
 
 
 
 
Time required for the axis temperature to reach 800 degree C is 3064 s 
Temperature at a radius of 5.4 cm at that time is 803 degree C 
 
 
 
grepthis#Fundamentals_Of_Engineering_Heat_And_Mass_Transfer_R._C._Sachdeva_1373/CH5/EX5.14/Chapter5_Example14.sce #
 
 
 
 
 
 
 
 
 
 
 
 
 
 
 
 
 
 
 
 
 
 
 
 
 
 
 
 
 
 
 
 
Time required for cooling in air is 126 s 
Time required for cooling in water is 7.5 s 
Surface temperature at the end of cooling is  30 degree C 
 
 
 
grepthis#Fundamentals_Of_Engineering_Heat_And_Mass_Transfer_R._C._Sachdeva_1373/CH5/EX5.15/Chapter5_Example15.sce #
 
 
 
 
 
 
 
 
 
 
 
 
 
 
 
 
 
 
 
 
 
 
Temperature at a depth of 5 cm after 1 hour is 126 degree C 
 
 
 
grepthis#Fundamentals_Of_Engineering_Heat_And_Mass_Transfer_R._C._Sachdeva_1373/CH5/EX5.16/Chapter5_Example16.sce #
 
 
 
 
 
 
 
 
 
 
 
 
 
 
 
 
 
 
 
 
 
 
 
 
 
 
Temperature at the centre of cylinder 30 minutes after cooling is initiated is 58.27 degree C 
 
 
 
grepthis#Fundamentals_Of_Engineering_Heat_And_Mass_Transfer_R._C._Sachdeva_1373/CH5/EX5.17/Chapter5_Example17.sce #
 
 
 
 
 
 
 
 
 
 
 
 
 
 
 
 
 
 
 
 
 
 
 
 
 
 
 
 
 
 
 
Temperature at the centre of cylinder 90 minutes after heating is initiated is 917.29 degree C 
 
 
 
grepthis#Fundamentals_Of_Engineering_Heat_And_Mass_Transfer_R._C._Sachdeva_1373/CH5/EX5.18/Chapter5_Example18.sce #
 
 
 
 
 
 
 
 
 
 
 
 
 
 
 
 
 
 
 
 
 
 
The surface temperature after 4 min is 121.9 degree C 
 Temperature at 0.15 m from the surface after 4 minutes is 64 degree C 
 
 
 
grepthis#Fundamentals_Of_Engineering_Heat_And_Mass_Transfer_R._C._Sachdeva_1373/CH5/EX5.19/Chapter5_Example19.sce #
 
 
 
 
 
 
 
 
 
 
 
 
 
 
 
 
 
 
 
Elasped time before the centre of the wall attains a temperature of 150 degree C is  27 h 
 
 
 
grepthis#Fundamentals_Of_Engineering_Heat_And_Mass_Transfer_R._C._Sachdeva_1373/CH5/EX5.1/Chapter5_Example1.sce #
 
 
 
 
 
 
 
 
 
 
 
 
 
 
 
 
 
 
 
 
 
 
 
 
 
 
 
 
 
 
 
 
 
a)i)Heat entering the slab is 300 W
 ii)Heat leaving the slab is 183 W
b)Rate of heat storage is 117 W
c)i)Rate of temperature change at one side of slab is 0.0425 degree C/h
 ii)Rate of temperature change at other side of slab is 0.0690 degree C/h
d)For the rate of heating or cooling to be maximum x= 0.33 
 
 
 
grepthis#Fundamentals_Of_Engineering_Heat_And_Mass_Transfer_R._C._Sachdeva_1373/CH5/EX5.20/Chapter5_Example20.sce #
 
 
 
 
 
 
 
 
 
 
 
 
 
 
 
 
 
 
 
 
 
 
 
Temperature at the centre is 114 degree C 
Surface temperature is 50 degree C 
 
 
 
grepthis#Fundamentals_Of_Engineering_Heat_And_Mass_Transfer_R._C._Sachdeva_1373/CH5/EX5.21/Chapter5_Example21.sce #
 
 
 
 
 
 
 
 
 
 
 
 
 
 
 
 
 
 
 
 
 
 
 
 
 
 
 
Amplitude of temperature variation at a depth of 0.1m is 2.39 degree C 
 Time lag of temperature wave at a depth of 0.1 m is 5.47 h 
 Temperature at 0.1m 5 hours after the surface temperature reaches the minimum is -0.946 degree C 
 
 
 
grepthis#Fundamentals_Of_Engineering_Heat_And_Mass_Transfer_R._C._Sachdeva_1373/CH5/EX5.22/Chapter5_Example22.sce #
 
 
 
 
 
 
 
 
 
 
 
 
 
 
 
 
 
 
 
(i)Time lag of the temperature wave at a depth of 10 cm from the inner surface is 0.69 h 
(ii)The flow through a surface located at a distance of 10 cm from the surface during the first six hours interval while the temperature is above the mean value is 38003 kJ/m^2 
 
 
 
grepthis#Fundamentals_Of_Engineering_Heat_And_Mass_Transfer_R._C._Sachdeva_1373/CH5/EX5.23/Chapter5_Example23.sce #
 
 
 
 
 
 
 
 
 
 
 
 
 
 
 
Depth of penetration of the temperature oscillation into the cylinder wall of a single acting cylinder two stroke IC engine is  2 mm 
 
 
 
grepthis#Fundamentals_Of_Engineering_Heat_And_Mass_Transfer_R._C._Sachdeva_1373/CH5/EX5.24/Chapter5_Example24.sce #
 
 
 
 
 
 
 
 
 
 
 
 
 
 
 
 
 
 
 
Instantaneous heat removal rate is -296.7 W/m^2 
 
 
 
grepthis#Fundamentals_Of_Engineering_Heat_And_Mass_Transfer_R._C._Sachdeva_1373/CH5/EX5.2/Chapter5_Example2.sce #
 
 
 
 
 
 
 
 
 
 
 
 
 
 
 
 
 
 
 
 
 
 
 
 
 
 
Time at which slab temperature becomes 90 degree C is 123.43 s 
 
 
 
grepthis#Fundamentals_Of_Engineering_Heat_And_Mass_Transfer_R._C._Sachdeva_1373/CH5/EX5.3/Chapter5_Example3.sce #
 
 
 
 
 
 
 
 
 
 
 
 
 
 
 
 
 
 
 
 
 
 
 
Time at which rod temperature becomes 200 degree C is 82.19 s 
 
 
 
grepthis#Fundamentals_Of_Engineering_Heat_And_Mass_Transfer_R._C._Sachdeva_1373/CH5/EX5.4/Chapter5_Example4.sce #
 
 
 
 
 
 
 
 
 
 
 
 
 
 
 
 
 
 
 
 
 
 
 
Time at which rod temperature becomes 95 degree C is 1356 s 
 
 
 
grepthis#Fundamentals_Of_Engineering_Heat_And_Mass_Transfer_R._C._Sachdeva_1373/CH5/EX5.5/Chapter5_Example5.sce #
 
 
 
 
 
 
 
 
 
 
 
 
 
 
 
 
 
 
 
 
Heat transfer coefficient is 77.29 W/m^2.K 
 
 
 
grepthis#Fundamentals_Of_Engineering_Heat_And_Mass_Transfer_R._C._Sachdeva_1373/CH5/EX5.6/Chapter5_Example6.sce #
 
 
 
 
 
 
 
 
 
 
 
 
 
 
 
 
 
 
Thus at the end of time period t*=1.069 s the temperature difference between the body and the source would be 0.368 of the initial temperature differnce. For getting a true reading of gas temperature, it should be recorded after 4t* = 4 seconds after the thermocouple has been introduced into the stream 
 
 
 
grepthis#Fundamentals_Of_Engineering_Heat_And_Mass_Transfer_R._C._Sachdeva_1373/CH5/EX5.8/Chapter5_Example8.sce #
 
 
 
 
 
 
 
 
 
 
 
 
 
 
 
 
 
 
 
 
Temperarture of the plane is 346.62 degree C
Instanteneous heat flow rate per unit area is 1447 W/m^2
Total heat energy taken up by the wall in 10 hours is 1.454*10^8 J/m^2 
 
 
 
grepthis#Fundamentals_Of_Engineering_Heat_And_Mass_Transfer_R._C._Sachdeva_1373/CH5/EX5.9/Chapter5_Example9.sce #
 
 
 
 
 
 
 
 
 
 
 
 
 
 
 
 
 
 
 
 
Time taken to cool the concrete to 45 degree C is 1.50 h 
 
 
 
grepthis#Fundamentals_Of_Engineering_Heat_And_Mass_Transfer_R._C._Sachdeva_1373/CH6/EX6.2/Chapter6_Example2.sce #
 
 
 
 
 
 
 
 
 
 
 
 
 
 
 
 
 
Since the actual length of the plate is 1 m, which is less than 1.52 m, the flow is laminar over the entire length of plate 
 
 
 
grepthis#Fundamentals_Of_Engineering_Heat_And_Mass_Transfer_R._C._Sachdeva_1373/CH6/EX6.6/Chapter6_Example6.sce #
 
 
 
 
 
 
 
 
 
 
 
 
 
 
 
 
 
 
 
Maximum temperature rise is 45.042 degree C 
 Heat fux to the bearing is -8.7 kW/m^2 
 Heat fux to the shaft is 5.7 kW/m^2 
 
 
 
grepthis#Fundamentals_Of_Engineering_Heat_And_Mass_Transfer_R._C._Sachdeva_1373/CH6/EX6.7/Chapter6_Example7.sce #
 
 
 
 
 
 
 
 
 
 
 
 
 
 
 
 
Since Re which is 1592 less than 2300, the flow is laminar. 
 Entry length is 1.592 m 
 
 
 
grepthis#Fundamentals_Of_Engineering_Heat_And_Mass_Transfer_R._C._Sachdeva_1373/CH6/EX6.8/Chapter6_Example8.sce #
 
 
 
 
 
 
 
 
 
 
 
 
 
 
 
 
 hL  =
 
    1.9478369  
 
 
 
 
Head loss is 1.95 m 
 Power required to maintain this flow rate is 0.4777 W 
 
 
 
grepthis#Fundamentals_Of_Engineering_Heat_And_Mass_Transfer_R._C._Sachdeva_1373/CH6/EX6.9/Chapter6_Example9.sce #
 
 
 
 
 
 
 
 
 
 
 
 
 
 
 
 Dh  =
 
    0.0222222  
 
 
 
 
 
 
 
Pressure drop in smooth rectangular duct is 1.5527*10^4 N/m^2 
 
 
 
grepthis#Fundamentals_Of_Engineering_Heat_And_Mass_Transfer_R._C._Sachdeva_1373/CH7/EX7.10/Chapter7_Example10.sce #
 
 
 
 
 
 
 
 
 
 
 
 
 
 
 
 
 
 
 
 
 
 
 
Heat transfer coefficient between the bus bar and cooling air is 28.31 W/m^2.K 
Maximum admissible current intensity for the bus bar is 899 A 
 
 
 
grepthis#Fundamentals_Of_Engineering_Heat_And_Mass_Transfer_R._C._Sachdeva_1373/CH7/EX7.11/Chapter7_Example11.sce #
 
 
 
 
 
 
 
 
 
 
 
 
 
 
 
 
 
 
 
 
 
 
 
 
Heat transfer coefficient for circular tube is 100.7 W/m^2.K 
Heat transfer coefficient for square tube is 91.02 W/m^2.K 
 
 
 
grepthis#Fundamentals_Of_Engineering_Heat_And_Mass_Transfer_R._C._Sachdeva_1373/CH7/EX7.12/Chapter7_Example12.sce #
 
 
 
 
 
 
 
 
 
 
 
 
 
 
 
 
 
 
 
 
 
 
 
 
 
 
 
 
 
Heat transfer coefficent is 252.04 W/m^2.K 
Pressure drop is 1595 N/m^2 
 
 
 
grepthis#Fundamentals_Of_Engineering_Heat_And_Mass_Transfer_R._C._Sachdeva_1373/CH7/EX7.13/Chapter7_Example13.sce #
 
 
 
 
 
 
 
 
 
 
 
 
 
 
 
 
 
 
 
 
 
 
 
 
 
 
 Heat transfer coefficient is 279.5 W/m^2.K which is 10 percent more than that obtained in the previous example 
 
 
 
grepthis#Fundamentals_Of_Engineering_Heat_And_Mass_Transfer_R._C._Sachdeva_1373/CH7/EX7.14/Chapter7_Example14.sce #
 
 
 
 
 
 
 
 
 
 
 
 
 
 
 
 
 
 
 
 
 
 
 
 
 
 
 
 
 
Convective heat transfer coefficient is 51.58 W/m^2.K 
 
 
 
grepthis#Fundamentals_Of_Engineering_Heat_And_Mass_Transfer_R._C._Sachdeva_1373/CH7/EX7.15/Chapter7_Example15.sce #
 
 
 
 
 
 
 
 
 
 
 
 
 
 
 
Average temperature of the fluid is 85.17 degree C 
 
 
 
grepthis#Fundamentals_Of_Engineering_Heat_And_Mass_Transfer_R._C._Sachdeva_1373/CH7/EX7.16/Chapter7_Example16.sce #
 
 
 
 
 
 
 
 
 
 
 
 
 
 
 
 
 
 
 
 
 
Length of tube is 2.275 m 
Heat transfer coefficient at the outlet is 9750 W/m^2.K 
 
 
 
grepthis#Fundamentals_Of_Engineering_Heat_And_Mass_Transfer_R._C._Sachdeva_1373/CH7/EX7.17/Chapter7_Example17.sce #
 
 
 
 
 
 
 
 
 
 
 
 
 
 
 
 
Heat transfer coefficient is 106.75 W/m^2.K 
Heat transfer rate is 804 W 
 
 
 
grepthis#Fundamentals_Of_Engineering_Heat_And_Mass_Transfer_R._C._Sachdeva_1373/CH7/EX7.18/Chapter7_Example18.sce #
 
 
 
 
 
 
 
 
 
 
 
 
 
 
 
 
 
 
 
 
 
 
Average heat transfer coefficient is 53.24 W/m^2.K 
Length of the tube is 7.502 m 
 
 
 
grepthis#Fundamentals_Of_Engineering_Heat_And_Mass_Transfer_R._C._Sachdeva_1373/CH7/EX5.19/Chapter7_Example19.sce #
 
 
 
 
 
 
 
 
 
 
 
 
 
 
 
 
 
 
 
 
 
 
 
 
 
 
 
Nusselts number in Haussen correlation is 6.90 
Nusselsts number in Sieder - Tate correlation is 8.964 
 
 
 
grepthis#Fundamentals_Of_Engineering_Heat_And_Mass_Transfer_R._C._Sachdeva_1373/CH7/EX7.1/Chapter7_Example1.sce #
 
 
 
 
 
 
 
 
 
 
 
 
 
 
 
 
 
 
 
 
Thickness of boundary layer is 7.1 mm 
Local skin friction coefficient is 2.35*10^-3 
 
 
 
grepthis#Fundamentals_Of_Engineering_Heat_And_Mass_Transfer_R._C._Sachdeva_1373/CH7/EX7.20/Chapter7_Example20.sce #
 
 
 
 
 
 
 
 
 
 
 
 
 
 
 
 
 
 
 
 
 
 
 
 
Heat transfer coefficient using the Colburn analogy is 3697 W/m^2.K 
 
 
 
grepthis#Fundamentals_Of_Engineering_Heat_And_Mass_Transfer_R._C._Sachdeva_1373/CH7/EX7.21/Chapter7_Example21.sce #
 
 
 
 
 
 
 
 
 
 
 
 
 
 
 
 
 
 
 
 
 
 
 
 
 
 
Heat transfer coefficient is 5861 W/m^2.K 
Rate of heat transfered is 27.33 kW 
 
 
 
grepthis#Fundamentals_Of_Engineering_Heat_And_Mass_Transfer_R._C._Sachdeva_1373/CH7/EX7.22/Chapter7_Example22.sce #
 
 
 
 
 
 
 
 
 
 
 
 
 
 
 
 
 
 
 
 
 
 
 
 
Heat transfer coefficient is 9969 W/m^2.K 
 
 
 
grepthis#Fundamentals_Of_Engineering_Heat_And_Mass_Transfer_R._C._Sachdeva_1373/CH7/EX7.23/Chapter7_Example23.sce #
 
 
 
 
 
 
 
 
 
 
 
 
 
 
 
 
 
 
 
 
 
 
 
Average heat transfer coefficient is 373.7 W/m^2.K 
 
 
 
grepthis#Fundamentals_Of_Engineering_Heat_And_Mass_Transfer_R._C._Sachdeva_1373/CH7/EX7.24/Chapter7_Example24.sce #
 
 
 
 
 
 
 
 
 
 
 
 
 
 
 
 
 
 
 
 
 
 
Heat leakage per unit length per unit difference is 48.14 W 
 
 
 
grepthis#Fundamentals_Of_Engineering_Heat_And_Mass_Transfer_R._C._Sachdeva_1373/CH7/EX7.25/Chapter7_Example25.sce #
 
 
 
 
 
 
 
 
 
 
 
 
 
 
 
 
 
 
 
 
 
 
 
 
 
 
Heat transfer coefficient is 122.3 W/m^2.K 
 
 
 
grepthis#Fundamentals_Of_Engineering_Heat_And_Mass_Transfer_R._C._Sachdeva_1373/CH7/EX7.26/Chapter7_Example26.sce #
 
 
 
 
 
 
 
 
 
 
 
 
 
 
 
 
 
 
 
 
 
 
 
 
 
 
 
Minimum length of the tube if the wall temperature is not to exceed 200 degree C is 0.364 m 
 
 
 
grepthis#Fundamentals_Of_Engineering_Heat_And_Mass_Transfer_R._C._Sachdeva_1373/CH7/EX7.2/Chapter7_Example2.sce #
 
 
 
 
 
 
 
 
 
 
 
 
 
 
 
 
 
 
 
 
 
 
 
 
 
 
 
 
 
Heat flow from both sides of the plate is 1452 W 
 
 
 
grepthis#Fundamentals_Of_Engineering_Heat_And_Mass_Transfer_R._C._Sachdeva_1373/CH7/EX7.3/Chapter7_Example3.sce #
 
 
 
 
 
 
 
 
 
 
 
 
 
 
 
 
 
 
 
 
 
 
 
 
 
 
 
Boundary layer thickness at the trailing edge of plate is  14.67 mm 
Drag force on the two sides of the plate is 0.0430 N 
Mass flow of air is 7.9*10^-3 kg/s 
 
 
 
grepthis#Fundamentals_Of_Engineering_Heat_And_Mass_Transfer_R._C._Sachdeva_1373/CH7/EX7.4/Chapter7_Example4.sce #
 
 
 
 
 
 
 
 
 
 
 
 
 
 
 
 
 
 
 
 
 
 
 
 
 
Rate of heat removal is 314.7 W 
 
 
 
grepthis#Fundamentals_Of_Engineering_Heat_And_Mass_Transfer_R._C._Sachdeva_1373/CH7/EX7.5/Chapter7_Example5.sce #
 
 
 
 
 
 
 
 
 
 
 
 
 
 
 
 
 
 
 
 
 
 
 
 
 
 
 
 
 
 
 
 
The drag force exerted on the plate is 11.23*10^-3 N 
 
 
 
grepthis#Fundamentals_Of_Engineering_Heat_And_Mass_Transfer_R._C._Sachdeva_1373/CH7/EX7.6/Chapter7_Example6.sce #
 
 
 
 
 
 
 
 
 
 
 
 
 
 
 
 
 
 
 
 
 
Thickness of the boundary layer at the trailing edge of the plate is 0.0170 m 
Mean value of the heat transfer coefficient is 209 W/m^2.K 
 
 
 
grepthis#Fundamentals_Of_Engineering_Heat_And_Mass_Transfer_R._C._Sachdeva_1373/CH7/EX7.7/Chapter7_Example7.sce #
 
 
 
 
 
 
 
 
 
 
 
 
 
 
 
 
 
 
 
 
 
 
 
 
 
 
Average value of friction coefficient is 3.19*10^-3 
Heat transfer coefficient is 170 W/m^2.K 
Rate of energy dissipation is 8281 W 
 
 
 
grepthis#Fundamentals_Of_Engineering_Heat_And_Mass_Transfer_R._C._Sachdeva_1373/CH7/EX7.8/Chapter7_Example8.sce #
 
 
 
 
 
 
 
 
 
 
 
 
 
 
 
 
 
 
 Nu  =
 
    445.14283  
 
 
 
 
 
Rate of heat loss is 1230.9 W 
 
 
 
grepthis#Fundamentals_Of_Engineering_Heat_And_Mass_Transfer_R._C._Sachdeva_1373/CH7/EX7.9/Chapter7_Example9.sce #
 
 
 
 
 
 
 
 
 
 
 
 
 
 
 
 
 
 
 
 
 
 
 
Heat transfer rate is 12.10 W 
Percentage of power lost due to convection is 12.10 percent 
 
 
 
grepthis#Fundamentals_Of_Engineering_Heat_And_Mass_Transfer_R._C._Sachdeva_1373/CH8/EX8.10/Chapter8_Example10.sce #
 
 
 
 
 
 
 
 
 
 
 
 
 
 
 
 
 
 
 
 
 
 
 
 
 
Heat transfer coefficient is 22.91 W/m^2.K 
Maximum current intensity is 1.45 A 
 
 
 
grepthis#Fundamentals_Of_Engineering_Heat_And_Mass_Transfer_R._C._Sachdeva_1373/CH8/EX8.11/Chapter8_Example11.sce #
 
 
 
 
 
 
 
 
 
 
 
 
 
 
 
 
 
 
 
 
 
 
Rate of convective heat loss is 1.48 W 
 
 
 
grepthis#Fundamentals_Of_Engineering_Heat_And_Mass_Transfer_R._C._Sachdeva_1373/CH8/EX8.12/Chapter8_Example12.sce #
 
 
 
 
 
 
 
 
 
 
 
 
 
 
 
 
Heat loss due to free convection is 355.12 W/m 
 
 
 
grepthis#Fundamentals_Of_Engineering_Heat_And_Mass_Transfer_R._C._Sachdeva_1373/CH8/EX8.13/Chapter8_Example13.sce #
 
 
 
 
 
 
 
 
 
 
 
 
 
 
 
 
 
 
 
 
 
Effective thermal conductivity is 0.0317 W/m.K 
Rate of heat transfer is 844.8 W 
 
 
 
grepthis#Fundamentals_Of_Engineering_Heat_And_Mass_Transfer_R._C._Sachdeva_1373/CH8/EX8.14/Chapter8_Example14.sce #
 
 
 
 
 
 
 
 
 
 
 
 
 
 
 
 
 
 
 
 
 
 
Free convection heat transfer is 166.7 W/m^2 
 
 
 
grepthis#Fundamentals_Of_Engineering_Heat_And_Mass_Transfer_R._C._Sachdeva_1373/CH8/EX8.15/Chapter8_Example15.sce #
 
 
 
 
 
 
 
 
 
 
 
 
 
 
 
 
 
 
 
 
 
 
 
 
 
 
 
 
Convection heat transfer rate is 4.92 W 
 
 
 
grepthis#Fundamentals_Of_Engineering_Heat_And_Mass_Transfer_R._C._Sachdeva_1373/CH8/EX8.16/Chapter8_Example16.sce #
 
 
 
 
 
 
 
 
 
 
 
 
 
 
 
 
 
 
 
 
 
 
 
 
 
 
 
 
Heat transfer in the tube is 40.86 W 
 
 
 
grepthis#Fundamentals_Of_Engineering_Heat_And_Mass_Transfer_R._C._Sachdeva_1373/CH8/EX8.1/Chapter8_Example1.sce #
 
 
 
 
 
 
 
 
 
 
 
 
 
 
 
 
 
 
 
 
 
 
 
Boundary layer thickness at the trailing edge of the plate in free convection is  0.0153 m 
Boundary layer thickness at the trailing edge of the plate in forced convection is 0.0059 m 
 
 
 
grepthis#Fundamentals_Of_Engineering_Heat_And_Mass_Transfer_R._C._Sachdeva_1373/CH8/EX8.2/Chapter8_Example2.sce #
 
 
 
 
 
 
 
 
 
 
 
 
 
 
 
 
 
 
 
 
 
 
 
 
 
Heat transfer coefficient for natural convection is 4.9 W/m^2.K 
Heat transfer coefficient for forced convection is 14.12 W/m^2.K 
 
 
 
grepthis#Fundamentals_Of_Engineering_Heat_And_Mass_Transfer_R._C._Sachdeva_1373/CH8/EX8.3/Chapter8_Example3.sce #
 
 
 
 
 
 
 
 
 
 
 
 
 
 
 
 
 
 
 
 
 
 
 
Heat transfer coefficient is 3.990 W/m^2.K 
Rate of heat transfer is 165.24 W 
 
 
 
grepthis#Fundamentals_Of_Engineering_Heat_And_Mass_Transfer_R._C._Sachdeva_1373/CH8/EX8.4/Chapter8_Example4.sce #
 
 
 
 
 
 
 
 
 
 
 
 
 
 
 
 
 
 
 
 
 
 
 
Convective heat loss from the radiator is 169.85 W 
 
 
 
grepthis#Fundamentals_Of_Engineering_Heat_And_Mass_Transfer_R._C._Sachdeva_1373/CH8/EX8.5/Chapter8_Example5.sce #
 
 
 
 
 
 
 
 
 
 
 
 
 
 
 
 
 
 
 
 
 
 
 
 
 
 
 
 
 
Rate of heat input to the plate necessary to maintain the temperature at 130 degree C is 10.85 kW 
 
 
 
grepthis#Fundamentals_Of_Engineering_Heat_And_Mass_Transfer_R._C._Sachdeva_1373/CH8/EX8.6/Chapter8_Example6.sce #
 
 
 
 
 
 
 
 
 
 
 
 
 
 
 
 
 
 
 
 
 
 
 
 
 
 
 
 
 
 
Rate of heat gained per unit length is 56.11 W/m 
 
 
 
grepthis#Fundamentals_Of_Engineering_Heat_And_Mass_Transfer_R._C._Sachdeva_1373/CH8/EX8.7/Chapter8_Example7.sce #
 
 
 
 
 
 
 
 
 
 
 
 
 
 
 
 
 
 
 
 
 
 
 
 
Heat transfer coefficient is 8.77 W/m^2.K 
 
 
 
grepthis#Fundamentals_Of_Engineering_Heat_And_Mass_Transfer_R._C._Sachdeva_1373/CH8/EX8.8/Chapter8_Example8.sce #
 
 
 
 
 
 
 
 
 
 
 
 
 
 
 
 
 
 
 
 
 
 
 
 
Rate of heat loss per meter length of pipe is 241.24 W/m 
 
 
 
grepthis#Fundamentals_Of_Engineering_Heat_And_Mass_Transfer_R._C._Sachdeva_1373/CH8/EX8.9/Chapter8_Example9.sce #
 
 
 
 
 
 
 
 
 
 
 
 
 
 
 
 
 
 
 
 
 
 
 
Total heat loss per meter length of pipe is 801.20 W/m 
 
 
 
grepthis#Fundamentals_Of_Engineering_Heat_And_Mass_Transfer_R._C._Sachdeva_1373/CH9/EX9.1/Chapter9_Example1.sce #
 
 
 
 
 
 
 
 
 
 
 
 
 
 
Rate of solar radiation on a plane normal to sun rays is 1377 W/m^2 
 
 
 
grepthis#Fundamentals_Of_Engineering_Heat_And_Mass_Transfer_R._C._Sachdeva_1373/CH9/EX9.2/Chapter9_Example2.sce #
 
 
 
 
 
 
 
 
 
 
 
 
 
 
 
 
 
Fraction of thermal radiation emitted by the surface is 35.9 kW/m^2 
 
 
 
grepthis#Fundamentals_Of_Engineering_Heat_And_Mass_Transfer_R._C._Sachdeva_1373/CH9/EX9.3/Chapter9_Example3.sce #
 
 
 
 
 
 
 
 
 
 
 
 
 
 
 
 
 
 
 
Average hemispherical transmittivity of glass is 0.70 
 
 
 
grepthis#Fundamentals_Of_Engineering_Heat_And_Mass_Transfer_R._C._Sachdeva_1373/CH9/EX9.4/Chapter9_Example4.sce #
 
 
 
 
 
 
 
 
 
 
 
 
 
Surface temperature is 5780 K 
Emissive power is 63.3 MW/m^2 
 
 
 
grepthis#Fundamentals_Of_Engineering_Heat_And_Mass_Transfer_R._C._Sachdeva_1373/CH9/EX9.5/Chapter9_Example5.sce #
 
 
 
 
 
 
 
 
 
 
 
 
 
 
 
Wavelength corresponding to the maximum spectral intensity of radiation is 2.63 micro meter 
 
 
 
grepthis#Fundamentals_Of_Engineering_Heat_And_Mass_Transfer_R._C._Sachdeva_1373/CH9/EX9.6/Chapter9_Example6.sce #
 
 
 
 
 
 
 
 
 
 
 
 
 
 
 
Temperature of the body is 1467 degree C 
 
 
 
grepthis#Fundamentals_Of_Engineering_Heat_And_Mass_Transfer_R._C._Sachdeva_1373/CH9/EX9.7/Chapter9_Example7.sce #
 
 
 
 
 
 
 
 
 
 
 
 
 
 
 
Rate of absorption is 43.17 kW/m^2 
Rate of emissin is 0.42 kW/m^2 
 
 
 
grepthis#Fundamentals_Of_Engineering_Heat_And_Mass_Transfer_R._C._Sachdeva_1373/CH9/EX9.8/Chapter9_Example8.sce #
 
 
 
 
 
 
 e1  =
 
    0.3  
 
 
 
 
 
 
 
 
 
 
 
 
 
 
 
 
Total radiation transmitted is 44.12 MW/m^2 
Total radiation absorbed is 19.88 MW/m^2 
 
 
 
grepthis#Fundamentals_Of_Engineering_Heat_And_Mass_Transfer_R._C._Sachdeva_1373/CH10/EX10.14/Chapter10_Example14.sce #
 
 
 
 
 
 
 
 
 
 
 
 
 
 
 
 
 
 
 
Net heat exchange is 2409 W 
Equilibrium temperature is 311.57 K 
 
 
 
grepthis#Fundamentals_Of_Engineering_Heat_And_Mass_Transfer_R._C._Sachdeva_1373/CH10/EX10.15/Chapter10_Example15.sce #
 
 
 
 
 
 
 
 
 
 
 
 
 
 
 
 
 
 
Radiant heat exchange for the plates is 4.55 W 
 
 
 
grepthis#Fundamentals_Of_Engineering_Heat_And_Mass_Transfer_R._C._Sachdeva_1373/CH10/EX10.16/Chapter10_Example16.sce #
 
 
 
 
 
 
 
 
 
 
 
 
 
 
 
 
 
 
 
 
 
 
Net radiation exchange between the opening and the wall is 5.3 kW 
 
 
 
grepthis#Fundamentals_Of_Engineering_Heat_And_Mass_Transfer_R._C._Sachdeva_1373/CH10/EX10.17/Chapter10_Example17.sce #
 
 
 
 
 
 
 
 
 
 
 
 
 
 
 
 
 
 
Heat lost by radiation is 0.88 kW 
Reduction in heat loss if the tank is coated with an aluminium paint is 0.393 kW 
 
 
 
grepthis#Fundamentals_Of_Engineering_Heat_And_Mass_Transfer_R._C._Sachdeva_1373/CH10/EX10.18/Chapter10_Example18.sce #
 
 
 
 
 
 
 
 
 
 
 
 
 
 
 
 
 
 
 
 
Loss of heat by thermal radiation is 5.6*10^3 W/m 
Reduction in heat loss is 213 W/m 
 
 
 
grepthis#Fundamentals_Of_Engineering_Heat_And_Mass_Transfer_R._C._Sachdeva_1373/CH10/EX10.19/Chapter10_Example19.sce #
 
 
 
 
 
 
 
 
 
 
 
 
 
 
 
 
 
 
 
 
Radiation heat transfer through walls into the vessel is 18.146 kJ/h 
Rate of evaporation of liqiud oxygen is 0.0825 kg/h 
 
 
 
grepthis#Fundamentals_Of_Engineering_Heat_And_Mass_Transfer_R._C._Sachdeva_1373/CH10/EX10.1/Chapter10_Example1.sce #
 
 
 
 
 
 
 
 
 
 
 
 
 
 
 
 
Surface temperature of sun is 5771 K 
 
 
 
grepthis#Fundamentals_Of_Engineering_Heat_And_Mass_Transfer_R._C._Sachdeva_1373/CH10/EX10.20/Chapter10_Example20.sce #
 
 
 
 
 
 
 
 
 
 
 
 
 
Net radiant heat exchange is 15.93 kW/m^2 
 
 
 
grepthis#Fundamentals_Of_Engineering_Heat_And_Mass_Transfer_R._C._Sachdeva_1373/CH10/EX10.21/Chapter10_Example21.sce #
 
 
 
 
 
 
 
 
 
 
 
 
 
 
 
Net radiant heat exchange is 435 W/m^2 
 
 
 
grepthis#Fundamentals_Of_Engineering_Heat_And_Mass_Transfer_R._C._Sachdeva_1373/CH10/EX10.22/Chapter10_Example22.sce #
 
 
 
 
 
 
 
 
 
 
 
 
 
 
 
 
 
 
 
 
 
 
 
 
 
 
 
 
 
 
 
 
 
Total heat loss by plate 1 is 20.6 kW 
Total heat loss by plate 2 is 0.1 kW 
Total heat received by the room is 20.83 kW 
 
 
 
grepthis#Fundamentals_Of_Engineering_Heat_And_Mass_Transfer_R._C._Sachdeva_1373/CH10/EX10.23/Chapter10_Example23.sce #
 
 
 
 
 
 
 
 
 
 
 
 
 
 
 
 
 
 
 
 
 
 
 
 
Percentage reduction in heat transfer is  90 percent 
Temperature of the sheild is 641.02 degree C 
 
 
 
grepthis#Fundamentals_Of_Engineering_Heat_And_Mass_Transfer_R._C._Sachdeva_1373/CH10/EX10.24/Chapter10_Example24.sce #
 
 
 
 
 
 
 
 
 
 
 
 
 
 
Number of screens to be placed between the two surfaces to achieve the reduction in heat exchange is  3 
 
 
 
grepthis#Fundamentals_Of_Engineering_Heat_And_Mass_Transfer_R._C._Sachdeva_1373/CH10/EX10.25/Chapter10_Example25.sce #
 
 
 
 
 
 
 
 
 
 
 
 
 
 
 
 
 
 
 
 
 
Loss of heat per unit length by radiation is 13.7 kW/m 
Reduction in heat by radiation due to the provision of the screen is 4.92 kW/m 
 
 
 
grepthis#Fundamentals_Of_Engineering_Heat_And_Mass_Transfer_R._C._Sachdeva_1373/CH10/EX10.26/Chapter10_Example26.sce #
 
 
 
 
 
 
 
 
 
 
 
 
 
 
 
 
 
 
 
 
 
Error between the thermocouple temperature and gas temperature is 60 K 
Error between the thermocouple temperature and gas temperature with the shielded thermocouple arrangement is  4 K 
 
 
 
grepthis#Fundamentals_Of_Engineering_Heat_And_Mass_Transfer_R._C._Sachdeva_1373/CH10/EX10.27/Chapter10_Example27.sce #
 
 
 
 
 
 
 
 
 
 
 
 
 
 
 
 
 
 
 
 
 
 
 
 
 
Heat lost by thermal radiation is 1186 W/m 
Heat lost by convection is 734.4 W/m 
 
 
 
grepthis#Fundamentals_Of_Engineering_Heat_And_Mass_Transfer_R._C._Sachdeva_1373/CH10/EX10.28/Chapter10_Example28.sce #
 
 
 
 
 
 
 
 
 
 
 
 
 
 
 
 
 
Heat transfer coefficient due to radiation is 11.1 W/m^2.K 
Heat transfer coefficient due to convection is 6.87 W/m^2.K 
 
 
 
grepthis#Fundamentals_Of_Engineering_Heat_And_Mass_Transfer_R._C._Sachdeva_1373/CH10/EX10.29/Chapter10_Example29.sce #
 
 
 
 
 
 
 
 
 
 
 
 
 
Extinction coefficient is 46.00/m 
 
 
 
grepthis#Fundamentals_Of_Engineering_Heat_And_Mass_Transfer_R._C._Sachdeva_1373/CH10/EX10.30/Chapter10_Example30.sce #
 
 
 
 
 
 
 
 
 
 
 
 
 
 
 
 
 
 
 
 
 
 
 
 
 
 
 
 
 
 
Emissivity of the gaseous mixture is 0.3142 
 
 
 
grepthis#Fundamentals_Of_Engineering_Heat_And_Mass_Transfer_R._C._Sachdeva_1373/CH10/EX10.31/Chapter10_Example31.sce #
 
 
 
 
 
 
 
 
 
 
 
 
 
 
 
 
 
 
 
 
 
 
 
 
 
 
 
Net radiation exchange between the gas and the tube walls is 5187 W/m^2 
Radiation heat transfer coefficient is 11.53 W/m^2.degree C 
 
 
 
grepthis#Fundamentals_Of_Engineering_Heat_And_Mass_Transfer_R._C._Sachdeva_1373/CH10/EX10.4/Chapter10_Example4.sce #
 
 
 
 
 
 
 
 
 
 
 
 
 
 
 
 
 
The net exchange of energy due to radiation between the plates is 39.7 kW 
 
 
 
grepthis#Fundamentals_Of_Engineering_Heat_And_Mass_Transfer_R._C._Sachdeva_1373/CH10/EX10.5/Chapter10_Example5.sce #
 
 
 
 
 
 
 
 
 
 
 
 
 
 
 
 
 
Shape factor F14 is 0.04 
 
 
 
grepthis#Fundamentals_Of_Engineering_Heat_And_Mass_Transfer_R._C._Sachdeva_1373/CH10/EX10.8/Chapter10_Example8.sce #
 
 
 
 
 
 
 
 
 
 
 
 
 
 
 
 
 
 
 
 
Heat exchange between the floor and window is 1283 W 
Net heat given up by the floor is 100.6 kW 
 
 
 
grepthis#Fundamentals_Of_Engineering_Heat_And_Mass_Transfer_R._C._Sachdeva_1373/CH11/EX11.10/Chapter11_Example10.sce #
 
 
 
 
 
 
 
 
 
 
 
 
 
 
 
 
 
Mass flow rate in the vertical position is 43.82 kg/h 
 
 
 
grepthis#Fundamentals_Of_Engineering_Heat_And_Mass_Transfer_R._C._Sachdeva_1373/CH11/EX11.1/Chapter11_Example1.sce #
 
 
 
 
 
 
 
 
 
 
 
 
 
 
 
 
 
 
 
 Ts  =
 
    101.01902  
 
 
 
Temperature of the bottom surface of the pan is 101.02 degree C 
 
 
 
grepthis#Fundamentals_Of_Engineering_Heat_And_Mass_Transfer_R._C._Sachdeva_1373/CH11/EX11.2/Chapter11_Example2.sce #
 
 
 
 
 
 
 
 
 
 
 
 
 
 
 
 
 
 
 
 
 
Burnout heat flux is 1.520 MW/m^2 
 
 
 
grepthis#Fundamentals_Of_Engineering_Heat_And_Mass_Transfer_R._C._Sachdeva_1373/CH11/EX11.3/Chapter11_Example3.sce #
 
 
 
 
 
 
 
 
 
 
 
 
 
 
 
 
 
 
 
 
 
 
 
 
Mean heat transfer coefficient is 1340.9 W/m^2.K 
Power dissipation rate per unit length of the heater is 1.718 kW/m 
 
 
 
grepthis#Fundamentals_Of_Engineering_Heat_And_Mass_Transfer_R._C._Sachdeva_1373/CH11/EX11.4/Chapter11_Example4.sce #
 
 
 
 
 
 
 
 
 
 
 
 
 
 
 
 
 
Heat transfer coefficient becomes  8 times the original value in the first case 
Heat transfer coefficient is increased only by 32 percent in the second case 
 
 
 
grepthis#Fundamentals_Of_Engineering_Heat_And_Mass_Transfer_R._C._Sachdeva_1373/CH11/EX11.5/Chapter11_Example5.sce #
 
 
 
 
 
 
 
 
 
 
 
 
 
 
 
 
 
Heat transfer rate is 2360.6 W/m 
 
 
 
grepthis#Fundamentals_Of_Engineering_Heat_And_Mass_Transfer_R._C._Sachdeva_1373/CH11/EX11.6/Chapter11_Example6.sce #
 
 
 
 
 
 
 
 
 
 
 
 
 
 
 
 
 
 
 
 
 
 
Thickness of condensate film is 0.09 mm
Local heat transfer coefficient at x=0.2 is 7628 W/m^2.K 
 
 
 
grepthis#Fundamentals_Of_Engineering_Heat_And_Mass_Transfer_R._C._Sachdeva_1373/CH11/EX11.7/Chapter11_Example7.sce #
 
 
 
 
 
 
 
 
 
 
 
 
 
 
 
 
 
 
 
 
 
 
 
 
Heat transfer rate is 17921 W 
 Condensate mass flow rate is 28.6 kg/h 
 
 
 
grepthis#Fundamentals_Of_Engineering_Heat_And_Mass_Transfer_R._C._Sachdeva_1373/CH11/EX11.8/Chapter11_Example8.sce #
 
 
 
 
 
 
 
 
 
 
 
 
 
 
 
 
 
 
 
 
 
 
Heat transfer rate per unit width is 673.52 kW/m 
 
 
 
grepthis#Fundamentals_Of_Engineering_Heat_And_Mass_Transfer_R._C._Sachdeva_1373/CH11/EX11.9/Chapter11_Example9.sce #
 
 
 
 
 
 
 
 
 
 
 
 
 
 
 
 
 
 
 
 
 
 
Rate of formation of condensate per unit length is 21.94 kg/h 
 
 
 
grepthis#Fundamentals_Of_Engineering_Heat_And_Mass_Transfer_R._C._Sachdeva_1373/CH12/EX12.10/Chapter12_Example10.sce #
 
 
 
 
 
 
 
 
 
 
 
 
 Tlm  =
 
    210.22  
 
 
 
 
 
 
 
 
 
The required surface area in a cross flow heat exchanger is 0.91 m^2 
 
 
 
grepthis#Fundamentals_Of_Engineering_Heat_And_Mass_Transfer_R._C._Sachdeva_1373/CH12/EX12.11/Chapter12_Example11.sce #
 
 
 
 
 
 
 
 
 
 
 
 
 
 
 
 
 
 
 
 
 
 
 
 
 
 
 
 
 
 
 
 
 
 
 
 
Number of tubes per pass is 36 
 Number of passes is 2 
 Length of tube per pass is 1.518 m 
 
 
 
grepthis#Fundamentals_Of_Engineering_Heat_And_Mass_Transfer_R._C._Sachdeva_1373/CH12/EX12.12/Chapter12_Example12.sce #
 
 
 
 
 
 
 
 
 
 
 
 
 
 
 
 
 
 
 
 
 
 
 
 
 
 
 
 
 
 
Effectiveness for a parallel flow heat exchanger is 0.647 
 Outlet temperature of water is 24.23 degree C 
 Outlet temperature of cooled liquid is 48.87 degree C 
 
 
 
 
grepthis#Fundamentals_Of_Engineering_Heat_And_Mass_Transfer_R._C._Sachdeva_1373/CH12/EX12.13/Chapter12_Example13.sce #
 
 
 
 
 
 
 
 
 
 
 
 
 
 
 
 
 
 
 
 
 
 
 e  =
 
    0.94  
 
 
 
 
 
 
 
The total heat transfer is 22690.6 W 
 Outlet Temperature of water is 30 degree C 
 Outlet Temperature of oil is 19.74 degree C 
 
 
 
grepthis#Fundamentals_Of_Engineering_Heat_And_Mass_Transfer_R._C._Sachdeva_1373/CH12/EX12.14/Chapter12_Example14.sce #
 
 
 
 
 
 
 
 
 
 
 
 
 
 hfg  =
 
    2380.  
 
 
 
 
 
 
 
 
 Pr  =
 
    5.83  
 
 
 
 
 
 
 
 
 
 
 
 
 
 
 
 
 
The outlet temperature of the cooling water is 38.32 degree C 
 The overall heat transfer coefficient is 6525.8 W/m^2.K 
 Tube length per pass using NTU method is 4.08 m 
 The rate of condensation of steam is  97 kg/s 
 
 
 
 
 
 
grepthis#Fundamentals_Of_Engineering_Heat_And_Mass_Transfer_R._C._Sachdeva_1373/CH12/EX12.15/Chapter12_Example15.sce #
 
 
 
 
 
 
 
 
 
 
 
 
 
 
 
 
 
 
 
 
 
 
 
 
 
 
 
 
The exit temperature of water is 11.8 degree C 
 The exit temperature of air is 7.8 degree C 
 
 
 
grepthis#Fundamentals_Of_Engineering_Heat_And_Mass_Transfer_R._C._Sachdeva_1373/CH12/EX12.16/Chapter12_Example16.sce #
 
 
 
 
 
 
 
 
 
 
 
 
 
 
 
 
 
 
 
 
 
 
 
 
The exit temperature of oil is 74.97 degree C 
 The exit temperature of water is 75.0 degree C 
 
 
 
grepthis#Fundamentals_Of_Engineering_Heat_And_Mass_Transfer_R._C._Sachdeva_1373/CH12/EX12.17/Chapter12_Example17.sce #
 
 
 
 
 
 
 
 
 
 
 
 
 
 
 
New outlet temperature of water is 46.5 degree C 
 
 
 
grepthis#Fundamentals_Of_Engineering_Heat_And_Mass_Transfer_R._C._Sachdeva_1373/CH12/EX12.18/Chapter12_Example18.sce #
 
 
 
 
 
 
 
 
 
 
 
 
 
 
 
 
 
 
 
 
 
 
 
 
 
 
The diameter of the exchanger is 0.365 m 
 The Length of the exchanger is 4.77 m 
 Optimal cost is 16974 Rs 
 
 
 
grepthis#Fundamentals_Of_Engineering_Heat_And_Mass_Transfer_R._C._Sachdeva_1373/CH12/EX12.1/Chapter12_Example1.sce #
 
 
 
 
 
 
 
 
 
 
 
 
 
 
 
 
 
 
 
 
 
 
 
 
 
 
 
 
Overall heat transfer coefficient is 2591.8 W/m^2.K 
 
 
 
 
grepthis#Fundamentals_Of_Engineering_Heat_And_Mass_Transfer_R._C._Sachdeva_1373/CH12/EX12.2/Chapter12_Example2.sce #
 
 
 
 
 
 
 
 
 
 
 
 
 
 
 
 
 
 
 
 
Overall heat transfer coefficient is 1110 W/m^2.K 
 
 
 
 
grepthis#Fundamentals_Of_Engineering_Heat_And_Mass_Transfer_R._C._Sachdeva_1373/CH12/EX12.3/Chapter12_Example3.sce #
 
 
 
 
 
 
 
 
 
 
 
 
 
 
 
 
 
 
 
 
 
 
 
Area of heat exchanger is 19.23 m^2 
 
 
 
grepthis#Fundamentals_Of_Engineering_Heat_And_Mass_Transfer_R._C._Sachdeva_1373/CH12/EX12.4/Chapter12_Example4.sce #
 
 
 
 
 
 
 
 
 
 
 
 
 
 
 
 
 
 
 
 
 
 
 
 
 
 
 
Area of heat exchanger in parallel flow arrangement is 0.973 m^2 
 Area of heat exchanger in counter flow arrangement is 0.892 m^2 
 
 
 
grepthis#Fundamentals_Of_Engineering_Heat_And_Mass_Transfer_R._C._Sachdeva_1373/CH12/EX12.5/Chapter12_Example5.sce #
 
 
 
 
 
 
 
 
 
 
 
 
 
 
 
 
 
 
 
 
 
 
 
 
 
 
Length of the heat exchanger is 19.38 m 
 
 
 
grepthis#Fundamentals_Of_Engineering_Heat_And_Mass_Transfer_R._C._Sachdeva_1373/CH12/EX12.6/Chapter12_Example6.sce #
 
 
 
 
 
 
 
 
 
 
 
 
 
 
 
 
 
 
 
 
 
Surface area of heat exchanger is 0.78 m^2 
 Rate of condensation of steam is 133.2 kg/h 
 
 
 
grepthis#Fundamentals_Of_Engineering_Heat_And_Mass_Transfer_R._C._Sachdeva_1373/CH12/EX12.7/Chapter12_Example7.sce #
 
 
 
 
 
 
 
 
 
 
 
 
 
 
 
 
 
 
 
 
 
 
 
 
 
 
The effective log mean temperature difference for: 
 i)COUNTER FLOW is 47.2 degree C 
 ii)PARALLEL FLOW is 47.2 degree C 
 iii)CROSS FLOW is 47.2 degree C 
 
 
 
grepthis#Fundamentals_Of_Engineering_Heat_And_Mass_Transfer_R._C._Sachdeva_1373/CH12/EX12.8/Chapter12_Example8.sce #
 
 
 
 
 
 
 
 
 
 
 
 
 
 
 
 
 
 
 
 F  =
 
    0.97  
 
 
 
 
Area of shell-and-tube heat exchanger is 0.67 m^2 
 
 
 
grepthis#Fundamentals_Of_Engineering_Heat_And_Mass_Transfer_R._C._Sachdeva_1373/CH12/EX12.9/Chapter12_Example9.sce #
 
 
 
 
 
 
 
 
 Tlm  =
 
    10.92  
 
 
 
 
 
 
 
 
 
Area of shell aand tube heat exchanger is 0.656 m^2 
 
 
 
grepthis#Fundamentals_Of_Engineering_Heat_And_Mass_Transfer_R._C._Sachdeva_1373/CH13/EX13.1/Chapter13_Example1.sce #
 
 
 
 
 
 
 
 
 
 
 
 
 
 
 
 
 
 
 
 
 
 
Molar concentration of O2 is 0.0085 K.mol/m^3 
 Molar concentration of N2 is 0.032 K.mol/m^3 
 Mass density of O2 is 0.271 kg/m^3 
 Mass density of N2 is 0.893 kg/m^3 
 Mole fraction of O2 is 0.21 
 Mole fraction of N2 is 0.79 
 Mass fraction of O2 is 0.233 
 Mass fraction of N2 is 0.767 
 Average molecular weight is 28.84 
 
 
 
grepthis#Fundamentals_Of_Engineering_Heat_And_Mass_Transfer_R._C._Sachdeva_1373/CH13/EX13.2/Chapter13_Example2.sce #
 
 
 
 
 
 
 
 
 
 
 
 
 
 
 
 
 
 
 
 
 
 
 
 
 
 
 
Molar average velocity is 0.4 m/s 
Mass average velocity is 0.04 m/s 
 Mass flux of H2 when it is stationary is 0.04p kg/m2.s3 
Mass flux of O2 when it is stationary is   0 kg/m^2.s 
Molar flux of H2 when it is stationary is 0.04C k.mol/m^2.s 
Molar flux of O2 when it is stationary is   0 k.mol/m^2.s 
Mass diffusion flux of H2 across a surface moving with mass average velocity is 0.0384p kg/m^2.s 
Mass diffusion flux of O2 across a surface moving with mass average velocity is -0.0384p kg/m^2.s  
Molar diffusion flux across a surface moving with molar average velociy for H2 is 0.24C k.mol/m^2.s 
Molar diffusion flux across a surface moving with molar average velociy for O2 is -0.24C k.mol/m^2.s 
 
 
 
grepthis#Fundamentals_Of_Engineering_Heat_And_Mass_Transfer_R._C._Sachdeva_1373/CH13/EX13.3/Chapter13_Example3.sce #
 
 
 
 
 
 
 
 
 
 
 
 
 
 
 
Diffusion flux of helium through the plastic is  15*10^-9 k.mol/sm^2 
 
 
 
grepthis#Fundamentals_Of_Engineering_Heat_And_Mass_Transfer_R._C._Sachdeva_1373/CH13/EX13.4/Chapter13_Example4.sce #
 
 
 
 
 
 
 
 
 
 
 
 
 
 
 
 
 R  =
 
    0.08316  
 
 
 
 
Initial rate of leakage for the system is provided by the decrease of pressure with time which is -3.57*10^-11 bar/s 
 
 
 
grepthis#Fundamentals_Of_Engineering_Heat_And_Mass_Transfer_R._C._Sachdeva_1373/CH13/EX13.5/Chapter13_Example5.sce #
 
 
 
 
 
 
 
 
 
 
 
 
 
 
 
 
 
 
 
Loss of O2 by diffusion per meter length of pipe is 4.51*10^-11 kmol/s 
 
 
 
grepthis#Fundamentals_Of_Engineering_Heat_And_Mass_Transfer_R._C._Sachdeva_1373/CH13/EX13.6/Chapter13_Example6.sce #
 
 
 
 
 
 
 
 
 
 
 
 R  =
 
    0.08205  
 
 
 
 
 
 
 
 
 
Mass transfer rate of CO2 is 2.54*10^-5 kg/h 
Mass transfer rate of air is -1.68*10^-5 kg/h 
 
 
 
grepthis#Fundamentals_Of_Engineering_Heat_And_Mass_Transfer_R._C._Sachdeva_1373/CH13/EX13.7/Chapter13_Example7.sce #
 
 
 
 
 
 
 
 
 
 
 
 
 
 
 
 
 
Diffusion rate of water is 0.0019 gram per hour 
 
 
 
grepthis#Fundamentals_Of_Engineering_Heat_And_Mass_Transfer_R._C._Sachdeva_1373/CH13/EX13.8/Chapter13_Example8.sce #
 
 
 
 
 
 
 
 
 
 
 
 
 
 
 
 
 
Diffusion coefficient of water is 0.259*10^-4 m^2/s 
 
 
 
grepthis#Fundamentals_Of_Engineering_Heat_And_Mass_Transfer_R._C._Sachdeva_1373/CH13/EX13.9/Chapter13_Example9.sce #
 
 
 
 
 
 
 
 
 
 
 
 
 
 
 
 
 
 
Time required to elevate the carbon content of steel is 1808.45 s 
 
 
 
grepthis#Fundamentals_Of_Engineering_Heat_And_Mass_Transfer_R._C._Sachdeva_1373/CH14/EX14.10/Chapter14_Example10.sce #
 
 
 
 
 
 
 
 
 
 
 
 
 
 
 
 
 
 
 
 
 
 
Specific humidity of air is 0.00728 kg/kg of dry air 
 
 
 
grepthis#Fundamentals_Of_Engineering_Heat_And_Mass_Transfer_R._C._Sachdeva_1373/CH14/EX14.11/Chapter14_Example11.sce #
 
 
 
 
 
 
 
 
 
 
 
 
 
 
 DAB  =
 
    0.000026  
 
 
 
 
 
 
 
 
 
 
 
 
 
 
 
 
Rate of evaporation of water is 212.0 kg/day 
 
 
 
grepthis#Fundamentals_Of_Engineering_Heat_And_Mass_Transfer_R._C._Sachdeva_1373/CH14/EX14.1/Chapter14_Example1.sce #
 
 
 
 
 
 
 
 
 
 
 
 
 
 
 
 
Convective mass transfer coefficient is 0.033 m/s 
 
 
 
grepthis#Fundamentals_Of_Engineering_Heat_And_Mass_Transfer_R._C._Sachdeva_1373/CH14/EX14.2/Chapter14_Example2.sce #
 
 
 
 
 
 
 
 
 
 
 
 
 
 
 
 
 
 
 DAB  =
 
    0.000026  
 
 
 
 
Local mass transfer coefficient is 0.0105 m/s 
 
 
 
grepthis#Fundamentals_Of_Engineering_Heat_And_Mass_Transfer_R._C._Sachdeva_1373/CH14/EX14.3/Chapter14_Example3.sce #
 
 
 
 
 
 
 
 
 
 
 
 
 DAB  =
 
    0.000026  
 
 
 
 
 
 
 
 
 
 
Mass transfer coefficient of water vapour is 0.118 m/s 
 
 
 
grepthis#Fundamentals_Of_Engineering_Heat_And_Mass_Transfer_R._C._Sachdeva_1373/CH14/EX14.4/Chapter14_Example4.sce #
 
 
 
 
 
 
 
 
 
 
 
 DAB  =
 
    0.000026  
 
 
 
 
 
 
 
 
 
 
 
Mass transfer coefficient for evaporation is 4.4*10^-3 m/s 
 
 
 
grepthis#Fundamentals_Of_Engineering_Heat_And_Mass_Transfer_R._C._Sachdeva_1373/CH14/EX14.5/Chapter14_Example5.sce #
 
 
 
 
 
 
 
 
 
 
 
 
 
 DAB  =
 
    0.0000062  
 
 
 
 
 
 
Average mass transfer coefficient is 0.00227 m/s 
 
 
 
grepthis#Fundamentals_Of_Engineering_Heat_And_Mass_Transfer_R._C._Sachdeva_1373/CH14/EX14.6/Chapter14_Example6.sce #
 
 
 
 
 
 
 
 
 
 DAB  =
 
    0.0000082  
 
 
 
 
 
 
 
 
 
Mass transfer coefficient is 0.0119 m/s 
 
 
 
grepthis#Fundamentals_Of_Engineering_Heat_And_Mass_Transfer_R._C._Sachdeva_1373/CH14/EX14.7/Chapter14_Example7.sce #
 
 
 
 
 
 
 
 
 
 
 
 
 
 
 
 
 
 
 
 
Steady state temperature of cold water inside the pot is 299.5 K 
 
 
 
grepthis#Fundamentals_Of_Engineering_Heat_And_Mass_Transfer_R._C._Sachdeva_1373/CH14/EX14.8/Chapter14_Example8.sce #
 
 
 
 
 
 
 
 
 
 
 
 
 
 
 
 
 
 
 
True air temperature is 60.99 degree C 
 
 
 
grepthis#Fundamentals_Of_Engineering_Heat_And_Mass_Transfer_R._C._Sachdeva_1373/CH14/EX14.9/Chapter14_Example9.sce #
 
 
 
 
 
 
 
 
 
 
 
 
 
 
 
 
 
 
 
 
 
 
 
 
 
Relative humidity of the airstream is 7.83 percent 
 
 
 
