/home/fossee/Downloads/set/set6/s_Electrical_Power_Systems:_Concepts,_Theory_And_Practice_S._Ray_3035.zip
0
0
/home/fossee/Downloads/set/set6/s_Electronic_Circuits_S._Sharma_3515.zip
254
0
/home/fossee/Downloads/set/set6/s_Electric_Machinery_A._E._Fitzgerald,_C._Kingsley_And_S._D._Umans_38.zip
0
0
/home/fossee/Downloads/set/set6/s_Electric_Machines_D._P._Kothari_And_I._J._Nagrath_503.zip
159
11
/home/fossee/Downloads/set/set6/s_Electronic_And_Electrical_Measuring_Instruments_And_Machines_Bakshi_And_Bakshi_1994.zip
155
0
/home/fossee/Downloads/set/set6/s_Electrical_Measurements_And_Measuring_Instruments_N._V._Suryanarayana_1376.zip
77
3
/home/fossee/Downloads/set/set6/s_Electronic_Circuits_P._Raja_2093.zip
131
0
/home/fossee/Downloads/set/set6/s_Electric_Circuits_M._Navhi_And_J._A._Edminister_154.zip
129
13
/home/fossee/Downloads/set/set6/s_Electric_Machines_C._I._Hubert_3574.zip
93
11
/home/fossee/Downloads/set/set6/s_Electrical_Power_Systems_A._Husain_1118.zip
160
0
/home/fossee/Downloads/set/set6/s_Electronic_Circuit_Analysis_And_Design_D._A._Neamen_1223.zip
176
0
/home/fossee/Downloads/set/set6/s_Electrical_Measurements_Measuring_Instruments_K._Shinghal_2318.zip
172
0
/home/fossee/Downloads/set/set6/s_Electric_Machines_-_I_M._Verma_And_V._Ahuja_695.zip
86
0
/home/fossee/Downloads/set/set6/s_Electronic_Communication_Systems:_Fundamentals_Through_Advanced_W._Tomasi_881.zip
0
0
/home/fossee/Downloads/set/set6/s_Electric_Power_Distribution_System_Engineering_T._Gonen_1904.zip
81
1
/home/fossee/Downloads/set/set6/s_Electrical_Network_R._Singh_1523.zip
172
0
/home/fossee/Downloads/set/set6/s_Electronic_Communication_Systems_G._Kennedy_And_B._Davis_63.zip
58
1
/home/fossee/Downloads/set/set6/s_Electronic_Communication_D._Roddy_752.zip
89
4
/home/fossee/Downloads/set/set6/s_Electric_Machinery_And_Transformers_B._S._Guru_And_H._R._Hiziroglu_380.zip
79
0
/home/fossee/Downloads/set/set6/s_Electrical_Power_Systems_C._L._Wadhwa_1055.zip
121
0
/home/fossee/Downloads/set/set6/s_Electric_Power_Transmission_System_Engineering_Analysis_And_Design_T._Gonen_1820.zip
80
0
/home/fossee/Downloads/set/set6/s_Electronic_Communications:_Principles_And_Systems_W._D._Stanley_And_J._M._Jeffords_2414.zip
0
0
/home/fossee/Downloads/set/set6/s_Electronic_Circuits_M._H._Tooley_995.zip
128
0
/home/fossee/Downloads/set/set6/s_Electric_Machinery_And_Transformers_I._L._Kosow_1092.zip
194
0
/home/fossee/Downloads/set/set6/s_Electrical_Power-1_Transmission_And_Distribution_Of_Electrical_Power_M._L._Anand_1802.zip
112
0
/home/fossee/Downloads/set/set2/s_Applied_Thermodynamics_O._Singh__32.zip
274
11
/home/fossee/Downloads/set/set2/s_Antenna_And_Wave_Propagation_S._Wali_2321.zip
72
0
/home/fossee/Downloads/set/set2/s_Applied_Physics_For_Engineers_N._Mehta_1646.zip
226
0
/home/fossee/Downloads/set/set2/s_Applied_Physics-i_I._A._Shaikh_1928.zip
121
0
/home/fossee/Downloads/set/set2/s_Applied_Physics_P._K._Mittal_2912.zip
109
0
/home/fossee/Downloads/set/set2/s_Applied_Thermodynamics_And_Engineering_T._D._Eastop_And_A._Mcconkey_2175.zip
129
1
/home/fossee/Downloads/set/set2/s_A_Textbook_Of_Electrical_And_Electronics_Engineering_Materials_P._L._Kapoor_2345.zip
76
0
/home/fossee/Downloads/set/set2/s_Applied_Physics_For_Engineers_V._Rajendran_And_A._Marikani_1985.zip
118
0
/home/fossee/Downloads/set/set2/s_Applied_Chemistry_J._A._Parikh_1478.zip
84
0
/home/fossee/Downloads/set/set2/s_A_Textbook_Of_Chemical_Engineering_Thermodynamics_K._V._Narayanan_476.zip
180
4
/home/fossee/Downloads/set/set2/s_Applied_Physics-ii_Dr._I._A._Shaikh_1949.zip
139
0
/home/fossee/Downloads/set/set2/s_A_Textbook_Of_Electronic_Devices_And_Circuits_S._Prakash_And_S._Rawat_1754.zip
95
0
/home/fossee/Downloads/set/set2/s_A_Textbook_Of_Production_Engineering_P._C._Sharma_2660.zip
156
0
/home/fossee/Downloads/set/set2/s_Applied_Physics_M._Arumugam_3651.zip
100
0
/home/fossee/Downloads/set/set2/s_Atomic_And_Nuclear_Physics_N._Subrahmanyam,_B._Lal_And_J._Seshan_1004.zip
0
0
/home/fossee/Downloads/set/set2/s_A_Textbook_Of_Machine_Design_R._S._Khurmi_And_J._K._Gupta_278.zip
277
42
/home/fossee/Downloads/set/set2/s_Applied_Physics_P._K._Palanisamy_2453.zip
98
0
/home/fossee/Downloads/set/set2/s_Antenna_And_Wave_Propagation_K._K._Sharma_1697.zip
91
0
/home/fossee/Downloads/set/set2/s_Automatic_Control_Systems_B._C._Kuo_And_F._Golnaraghi__104.zip
45
51
/home/fossee/Downloads/set/set2/s_Antenna_And_Wave_Propogation_U._A._Bakshi_And_A._V._Bakshi_2863.zip
85
0
/home/fossee/Downloads/set/set2/s_A_Textbook_Of_Engineering_Physics_M._N._Avadhanulu,_And_P._G._Kshirsagar_273.zip
0
0
/home/fossee/Downloads/set/set2/s_A_Text_Book_Of_Physical_Chemistry_K._L._Kapoor_2495.zip
115
0
/home/fossee/Downloads/set/set2/s_A_Textbook_Of_Electronic_Circuits_R._S._Sedha_1658.zip
294
3
/home/fossee/Downloads/set/set2/s_Applied_Physics-ii_H._J._Sawant_1883.zip
108
0
/home/fossee/Downloads/set/set2/s_Applied_Chemistry_T._Paradkar_2966.zip
288
0
/home/fossee/Downloads/set/set9/s_Engineering_Physics_H._K._Malik,_A._Singh_1271.zip
0
0
/home/fossee/Downloads/set/set9/s_Engineering_Physics__D._K._Bhattacharya_1952.zip
129
2
/home/fossee/Downloads/set/set9/s_Engineering_Physics_(volume_2)_Dr._K._V._Kumar_2258.zip
117
0
/home/fossee/Downloads/set/set9/s_Engineering_Mechancis-schaum_Series_Mclean_3137.zip
311
8
/home/fossee/Downloads/set/set9/s_Engineering_Electromagnetics_W._H._Hayt_And_J._A._Buck_854.zip
19
55
/home/fossee/Downloads/set/set9/s_Engineering_Thermodynamics:_A_Computer_Approach_(si_Units_Version)_R._K._Rajput_551.zip
0
0
/home/fossee/Downloads/set/set9/s_Engineering_Physics_G._Aruldhas_1535.zip
117
0
/home/fossee/Downloads/set/set9/s_Engineering_Physics_K._V._Kumar_3537.zip
176
0
/home/fossee/Downloads/set/set9/s_Engineering_Physics_U._Mukherji_1026.zip
85
6
/home/fossee/Downloads/set/set9/s_Engineering_Heat_Transfer_W._S._Janna_1309.zip
73
9
/home/fossee/Downloads/set/set9/s_Engineering_Physics_S._K._Srivastava_And_R._A._Yadav_2780.zip
177
1
/home/fossee/Downloads/set/set9/s_Engineering_Physics_S._D._Jain_And_G._G._Sahasrabudhe_2243.zip
115
0
/home/fossee/Downloads/set/set9/s_Engineering_Physics_T._Sreekanth,_K._V._Kumar_And_S._Chandralingam_1397.zip
0
0
/home/fossee/Downloads/set/set9/s_Engineering_Mechanics_A._K._Tayal__3204.zip
198
3
/home/fossee/Downloads/set/set9/s_Engineering_Physics_K._Rajagopal_2840.zip
27
85
/home/fossee/Downloads/set/set9/s_Engineering_Physics_G._Vijayakumari_1931.zip
151
0
/home/fossee/Downloads/set/set9/s_Engineering_Physics_(volume_-_1)_B._K._Pandey_And_S._Chaturvedi_2333.zip
147
0
/home/fossee/Downloads/set/set9/s_Engineering_Physics_P._V._Naik_710.zip
123
0
/home/fossee/Downloads/set/set9/s_Engineering_Physics_(volume_-_2)_B._K._Pandey_And_S._Chaturvedi_3014.zip
111
0
/home/fossee/Downloads/set/set9/s_Engineering_Physics_V._Yadav_1847.zip
209
0
/home/fossee/Downloads/set/set9/s_Engineering_Physics_A._Marikani_1664.zip
98
0
/home/fossee/Downloads/set/set9/s_Engineering_Physics_M._R._Srinivasan_3411.zip
138
0
/home/fossee/Downloads/set/set9/s_Engineering_Physics__D._C._Ghosh,_N._C._Ghosh_And_P._K._Haldar_2411.zip
0
0
/home/fossee/Downloads/set/set9/s_Engineering_Physics_-_I_G._Senthilkumar_2309.zip
86
0
/home/fossee/Downloads/set/set9/s_Engineering_Physics_S._M._Naidu_3669.zip
121
0
/home/fossee/Downloads/set/set19/s_Solid_State_Devices_B._S._Nair_And_S._R._Deepa_2594.zip
132
0
/home/fossee/Downloads/set/set19/s_Signals_And_Systems_S._Sharma__67.zip
55
68
/home/fossee/Downloads/set/set19/s_Solid_State_Electronic_Devices_B._G._Streetman_And_S._K._Banerjee_296.zip
31
0
/home/fossee/Downloads/set/set19/s_Signals_And_Systems_V._Krishnaveni_And_A._Rajeswari_2279.zip
54
110
/home/fossee/Downloads/set/set19/s_Solid_Mechanics_S._M._A._Kazimi_2732.zip
80
1
/home/fossee/Downloads/set/set19/s_Semiconductor_Device_Physics_And_Design_U._K._Mishra_And_J._Singh_668.zip
39
5
/home/fossee/Downloads/set/set19/s_Semiconductor_Devices_Physics_And_Technology_S._M._Sze_And_M._K._Lee_3440.zip
75
0
/home/fossee/Downloads/set/set19/s_Solid_State_Physics_P._K._Palanisamy_1580.zip
91
0
/home/fossee/Downloads/set/set19/s_Signals_And_Systems_S._Ghosh_162.zip
39
22
/home/fossee/Downloads/set/set19/s_Signals_And_Systems_I._J._Nagrath,_S._N._Sharan_And_R._Ranjan_43.zip
0
0
/home/fossee/Downloads/set/set19/s_Solid_State_Devices_And_Circuits_V._Chaudhary_And_H._K._Maity_2375.zip
108
0
/home/fossee/Downloads/set/set19/s_Solid_State_Devices_And_Circuits_S._Sharma_1382.zip
209
0
/home/fossee/Downloads/set/set19/s_Semiconductor_Devices_Basic_Principle_J._Singh_2792.zip
106
4
/home/fossee/Downloads/set/set19/s_Signals_And_Systems_P._R._Babu_And_R._Anandanatarajan_2294.zip
44
36
/home/fossee/Downloads/set/set19/s_Semiconductor_Physics_And_Devices_D._A._Neamen_284.zip
93
16
/home/fossee/Downloads/set/set19/s_Semiconductor_Circuit_Approximations_Malvino_2330.zip
96
0
/home/fossee/Downloads/set/set19/s_Signals_And_Systems_P._R._Rao_1592.zip
49
64
/home/fossee/Downloads/set/set19/s_Schaums_Outlines_Signals_And_Systems_H._P._Hsu_62.zip
123
85
/home/fossee/Downloads/set/set19/s_Signals_And_Systems_A._V._Oppenheim,_A._S._Willsky_And_S._H._Nawab_842.zip
0
0
/home/fossee/Downloads/set/set19/s_Solid_State_Electronics_J._P._Agrawal_2753.zip
81
0
/home/fossee/Downloads/set/set19/s_Solid_State_Devices_And_Materials_R._K._Singh_And_D._S._Chauhan_2102.zip
148
0
/home/fossee/Downloads/set/set19/s_Semiconductor_Physics_And_Devices_Basic_Principles_D._A._Neamen_3401.zip
80
0
/home/fossee/Downloads/set/set19/s_Solid_State_Physics:_Structure_And_Properties_Of_Materials_M._A._Wahab_635.zip
0
0
/home/fossee/Downloads/set/set19/s_Solid_State_Physics_Principles_And_Applications_R._Asokamani_1736.zip
143
0
/home/fossee/Downloads/set/set17/s_Power_System_Engineering_S._Chakraborthy,_Gupta_And_Bhatnagar_3472.zip
0
0
/home/fossee/Downloads/set/set17/s_Optical_Fiber_Communication_V._S._Bagad_1619.zip
105
0
/home/fossee/Downloads/set/set17/s_Principles_Of_Electric_Machines_And_Power_Electronics_P._C._Sen_10.zip
55
9
/home/fossee/Downloads/set/set17/s_Physical_And_Chemical_Equilibrium_For_Chemical_Engineers_N._De_Nevers_593.zip
127
3
/home/fossee/Downloads/set/set17/s_Optical_Fiber_Communications_-_Principles_And_Practice_J._M._Senior_401.zip
108
7
/home/fossee/Downloads/set/set17/s_Principles_Of_Electrical_Engineering_Materials_S._O._Kasap_3492.zip
86
0
/home/fossee/Downloads/set/set17/s_Power_Electronics_M._D._Singh_And_K._B._Khanchandani_3311.zip
178
5
/home/fossee/Downloads/set/set17/s_Power_Electronics_B._R._Gupta_And_V._Singhal_1733.zip
172
0
/home/fossee/Downloads/set/set17/s_Optical_Fiber_Communication_System_M._K._Raina_1061.zip
187
0
/home/fossee/Downloads/set/set17/s_Power_System_Analysis_And_Design_B._R._Gupta_1076.zip
227
2
/home/fossee/Downloads/set/set17/s_Principle_Of_Communication_Engineering_A._Singh_And_A._K._Chhabra_1574.zip
95
7
/home/fossee/Downloads/set/set17/s_Physics_R._Resnick,_D._Halliday,_K._S._Krane_1862.zip
0
0
/home/fossee/Downloads/set/set17/s_Principles_And_Modern_Applications_Of_Mass_Transfer_Operations_J._Benitez_905.zip
79
12
/home/fossee/Downloads/set/set17/s_Power_Plant_Engineering_P._K._Nag_1943.zip
129
1
/home/fossee/Downloads/set/set17/s_Physical_Chemistry_D._Farrington_1439.zip
138
0
/home/fossee/Downloads/set/set17/s_Physics-_For_Students_Of_Science_And_Engineering(part_2)_D._Halliday_And_R._Resnick_1784.zip
88
0
/home/fossee/Downloads/set/set17/s_Physical_Chemistry_G._H._Duffey_1652.zip
98
0
/home/fossee/Downloads/set/set17/s_Power_Electronics_P._S._Bimbra_1049.zip
187
1
/home/fossee/Downloads/set/set17/s_Principles_Of_Communication_Systems_H._Taub_And_D._L._Schilling_3161.zip
66
2
/home/fossee/Downloads/set/set17/s_Power_System_Operation_And_Control_B._R._Gupta_2441.zip
77
5
/home/fossee/Downloads/set/set17/s_Principles_Of_Communication_Engineering_A._K._Gautam_992.zip
75
0
/home/fossee/Downloads/set/set17/s_Power_Electronics:_Principles_And_Applications_J._M._Jacob_2075.zip
0
0
/home/fossee/Downloads/set/set17/s_Oscillations_And_Waves_S._Prakesh_2381.zip
144
0
/home/fossee/Downloads/set/set17/s_Principles_And_Applications_Of_Gsm_V._K._Garg_And_J._E._Wilkes_287.zip
29
0
/home/fossee/Downloads/set/set17/s_Physical_Chemistry_W._F._Sheehan_1388.zip
150
5
/home/fossee/Downloads/set/set13/s_Introduction_To_Mechanical_Engineering_S._Chandra_And_O._Singh__2267.zip
81
0
/home/fossee/Downloads/set/set13/s_Introduction_To_Chemical_Engineering_Thermodynamics_G._Halder_647.zip
191
2
/home/fossee/Downloads/set/set13/s__introduction_to_nuclear_engineering_J._R._Lamarsh_And_A._J._Baratta_3269.zip
7
109
/home/fossee/Downloads/set/set13/s_Introductory_Methods_Of_Numerical_Analysis_S._S._Sastry_1673.zip
146
0
/home/fossee/Downloads/set/set13/s_Introduction_To_Materials_Science_For_Engineers_J._F._Shackelford_3557.zip
161
7
/home/fossee/Downloads/set/set13/s_Introduction_To_Heat_Transfer__S._K._Som_1910.zip
93
0
/home/fossee/Downloads/set/set13/s_Introduction_To_Fluid_Mechanics_R._W._Fox_And_A._T._Mcdonald_812.zip
0
79
/home/fossee/Downloads/set/set13/s_Introduction_To_Special_Relativity_And_Space_Science_S._P._Singh_1172.zip
128
0
/home/fossee/Downloads/set/set13/s_Internal_Combustion_Engine_M._L._Mathur_And_R._P._Sharma_2657.zip
103
0
/home/fossee/Downloads/set/set13/s_Introduction_To_Chemical_Engineering_S._K._Ghoshal,_S._K._Sanyal_And_S._Datta_858.zip
0
0
/home/fossee/Downloads/set/set13/s_Internal_Combustion_Engines_R._K._Rajput_1226.zip
202
0
/home/fossee/Downloads/set/set13/s_Introduction_To_Electric_Drives_J._S._Katre_2207.zip
67
6
/home/fossee/Downloads/set/set13/s_Irrigation_And_Water_Power_Engineering_B._C._Punmia_2087.zip
248
0
/home/fossee/Downloads/set/set13/s_Internal_Combustion_Engines_H._B._Keswani_2168.zip
145
0
/home/fossee/Downloads/set/set13/s_Introduction_To_Numerical_Methods_In_Chemical_Engineering_P._Ahuja_545.zip
64
3
/home/fossee/Downloads/set/set13/s_Introduction_To_Modern_Physics_Volume_1_R._B._Singh_623.zip
129
1
/home/fossee/Downloads/set/set13/s_Introduction_To_Thermodynamics_And_Heat_Transfer_D._A._Mooney_1100.zip
63
2
/home/fossee/Downloads/set/set13/s_Introduction_To_Electric_Drives_V._Singhal_2231.zip
90
0
/home/fossee/Downloads/set/set13/s_Linear_Algebra_And_Its_Applications_D._C._Lay_26.zip
93
0
/home/fossee/Downloads/set/set13/s_Introduction_To_Nuclear_And_Particle_Physics_V._K._Mittal,_R._C._Verma_And_S._C._Gupta_767.zip
0
0
/home/fossee/Downloads/set/set13/s_Introduction_To_Electrical_Engineering_Er._J._P._Navani_And_Er._S._Sapra_2384.zip
200
0
/home/fossee/Downloads/set/set13/s_Introductory_Fluid_Mechanics_J._Katz_2783.zip
73
2
/home/fossee/Downloads/set/set13/s_Introduction_To_Flight_J._D._Anderson_Jr._548.zip
1
104
/home/fossee/Downloads/set/set13/s_Introduction_To_Chemical_Engineering_Thermodynamics_J._M._Smith,_H._C._Van_Ness_And_M._M._Abbott_23.zip
0
0
/home/fossee/Downloads/set/set13/s_Introduction_To_Thermal_Systems_Engineering:_Thermodynamics,_Fluid_Mechanics,_And_Heat_Transfer_M._J._Moran_2354.zip
0
0
/home/fossee/Downloads/set/set7/s_Electronic_Communication_Systems_R._Blake_761.zip
174
5
/home/fossee/Downloads/set/set7/s_Electronic_Devices_And_Circuits_D._C._Kulshreshtha_2885.zip
107
0
/home/fossee/Downloads/set/set7/s_Electronic_Devices_And_Circuits_D._A._Bell_226.zip
223
27
/home/fossee/Downloads/set/set7/s_Electronic_Principles_A._Malvino_And_D._J._Bates_317.zip
193
3
/home/fossee/Downloads/set/set7/s_Electronic_Instrumentation_H._S._Kalsi_3554.zip
1
72
/home/fossee/Downloads/set/set7/s_Electronics_Devices_And_Circuits_D._A._Bell_1514.zip
44
96
/home/fossee/Downloads/set/set7/s_Electronic_Measurements_And_Instrumentation_R._K._Rajput_2096.zip
169
2
/home/fossee/Downloads/set/set7/s_Electronic_Measurements_And_Instrumentation_P._Sharma_876.zip
85
0
/home/fossee/Downloads/set/set7/s_Electronics_Engineering_P._Raja_2150.zip
180
1
/home/fossee/Downloads/set/set7/s_Electronic_Instrumentation_And_Measurements_D._A._Bell_182.zip
79
6
/home/fossee/Downloads/set/set7/s__elelectronics_instrumentation_and_measurements_U._S._Shah_2195.zip
114
12
/home/fossee/Downloads/set/set7/s_Electronics_Circuits_And_Systems_Y._N._Bapat_2561.zip
120
0
/home/fossee/Downloads/set/set7/s_Electronics_Fundamentals_And_Applications_D._Chattopadhyay_And_P._C._Rakshit_2300.zip
148
0
/home/fossee/Downloads/set/set7/s_Electronics_Devices_And_Circuits_S._Salivahanan,_N._S._Kumar_And_A._Vallavaraj_991.zip
0
0
/home/fossee/Downloads/set/set7/s_Electronic_Devices_And_Circuits_B._Kumar_And_S._B._Jain_135.zip
138
12
/home/fossee/Downloads/set/set7/s_Electronic_Devices_And_Circuits__J._Paul_2045.zip
179
0
/home/fossee/Downloads/set/set7/s_Electronic_Devices_T._L._Floyd_61.zip
138
27
/home/fossee/Downloads/set/set7/s_Electronic_Instrumentation_And_Measurements_U._A._Bakshi,_A._V._Bakshi_And_K._A._Bakshi_2360.zip
0
0
/home/fossee/Downloads/set/set7/s_Electronic_Devices_And_Circuits_I._J._Nagrath_3041.zip
148
8
/home/fossee/Downloads/set/set7/s_Electronic_Devices_And_Circuits_S._L._Kakani_And_K._C._Bhandari_2825.zip
165
5
/home/fossee/Downloads/set/set7/s_Electronic_Instrumentation_And_Measurements_J._B._Gupta_1859.zip
129
0
/home/fossee/Downloads/set/set7/s_Electronics_Devices_And_Circuits_G._S._N._Raju_2534.zip
159
0
/home/fossee/Downloads/set/set7/s_Electronic_Devices_And_Circuits_K._L._Kishore_1511.zip
111
0
/home/fossee/Downloads/set/set7/s_Electronics_Devices_And_Circuit_Theory_R._L._Boylestad_And_L._Nashelsky_69.zip
222
14
/home/fossee/Downloads/set/set7/s_Electronic_Devices_K._C._Nandi_2129.zip
97
2
/home/fossee/Downloads/set/set20/s_Transmission_Lines_And_Networks_U._Sinha_1109.zip
211
0
/home/fossee/Downloads/set/set20/s_Thermodynamics_F._P._Durham_1460.zip
91
0
/home/fossee/Downloads/set/set20/s_Thyristors_Theory_And_Applications_R._K._Sugandhi_And_K._K._Sugandhi_371.zip
79
2
/home/fossee/Downloads/set/set20/s_Thermodynamics_J._P._Holman_1709.zip
84
1
/home/fossee/Downloads/set/set20/s_Thermal_Engineering_S._L._Somasundaram_2015.zip
87
1
/home/fossee/Downloads/set/set20/s_Thermodynamics_K._M._Gupta_2120.zip
92
0
/home/fossee/Downloads/set/set20/s_Thermodynamics_B._L_._Singhal_2135.zip
187
0
/home/fossee/Downloads/set/set20/s_Thermodynamics_And_Heat_Power_I._Granet_And_M._Bluestein_2417.zip
220
0
/home/fossee/Downloads/set/set20/s_Thermodynamics:_From_Concepts_To_Applications_A._Shavit_And_C._Gutfinger_1442.zip
0
0
/home/fossee/Downloads/set/set20/s_Thermodynamics:_A_Core_Course_R._C._Srivastava,_S._K._Saha_And_A._K._Jain_944.zip
0
0
/home/fossee/Downloads/set/set20/s_Thermal_Engineering_K._K._Ramalingam_2063.zip
103
0
/home/fossee/Downloads/set/set20/s_Thermodynamics_For_Engineers_J._S._Doolittle_2837.zip
122
1
/home/fossee/Downloads/set/set20/s_Trigonometry_M._Corral_2915.zip
78
12
/home/fossee/Downloads/set/set20/s_Thermodynamics_For_Chemists_S._Glasstone_1967.zip
107
0
/home/fossee/Downloads/set/set20/s_Thermal_Engineering_A._V._Arasu_1775.zip
108
0
/home/fossee/Downloads/set/set20/s_Thermodynamics:_An_Engineering_Approach_(si_Units)_Y._A._Cengel,_M._A._Boles_167.zip
0
0
/home/fossee/Downloads/set/set20/s_Thermodynamics_An_Engineering_Approach_M._A._Boles_And_Y._A._Cengel_2870.zip
182
0
/home/fossee/Downloads/set/set20/s_Thermodynamics_Obert_2024.zip
131
0
/home/fossee/Downloads/set/set20/s_Thermodynamics_For_The_Practicing_Engineer_L._Theodore,_F._Ricci_Aand_T._Van_Vliet_680.zip
0
0
/home/fossee/Downloads/set/set20/s_The_Theory_Of_Machines_T._Bevan_3594.zip
79
5
/home/fossee/Downloads/set/set20/s_Transmission_And_Distribution_Of_Electrical_Power_P._Jain_2273.zip
101
0
/home/fossee/Downloads/set/set20/s_Transport_Phenomena_R._S._Brodkey_And_H._C._Hershey_914.zip
94
13
/home/fossee/Downloads/set/set20/s_Thermodynamics_C._P._Arora_2006.zip
133
2
/home/fossee/Downloads/set/set20/s_Thermodynamics_Gaggioli_And_Obert_2735.zip
114
0
/home/fossee/Downloads/set/set20/s_Thermodynamics_Demystified_M._C._Potter_2774.zip
86
0
/home/fossee/Downloads/set/set5/s_Electonic_Devices_S._Sharma_2342.zip
139
0
/home/fossee/Downloads/set/set5/s_Electrical_And_Electronic_Engineering_U._A._Bakshi_And_V._U._Bakshi_1370.zip
183
0
/home/fossee/Downloads/set/set5/s_Electrical_Machines_-_1_T._Singh_704.zip
90
0
/home/fossee/Downloads/set/set5/s_Digital_Image_Processing_S._Jayaraman,_S._Esakkirajan_And_T._Veerakumar_125.zip
0
0
/home/fossee/Downloads/set/set5/s_Digital_Electronics:_Circuits_And_Systems_V._K._Puri_1238.zip
0
0
/home/fossee/Downloads/set/set5/s_Digital_Signal_Processing_R._Babu_52.zip
125
36
/home/fossee/Downloads/set/set5/s_Electrical_Engineering_-_Principles_And_Applications_A._R._Hambley_887.zip
118
1
/home/fossee/Downloads/set/set5/s_Electrical_Machines_R._K._Srivastava_2777.zip
130
0
/home/fossee/Downloads/set/set5/s_Electrical_And_Electronic_Principles_And_Technology_J._Bird_1529.zip
328
0
/home/fossee/Downloads/set/set5/s_Electrical_And_Electronics_Engineering_Materials_J._B._Gupta_1730.zip
91
0
/home/fossee/Downloads/set/set5/s_Discrete_Mathematics_S._Lipschutz,_M._Lipson_And_V._H._Patil_55.zip
0
0
/home/fossee/Downloads/set/set5/s_Electrical_Engineering_R._Anandanatarajan_1541.zip
90
0
/home/fossee/Downloads/set/set5/s_Digital_Image_Processing_R._C._Gonzalez_And_R._E._Woods_3176.zip
4
79
/home/fossee/Downloads/set/set5/s_Electrical_Engineering_Materials_R._K._Shukla_And_A._Singh_2438.zip
151
4
/home/fossee/Downloads/set/set5/s_Digital_Signal_Processing:_A_Computer_Based_Approach_S._K._Mitra_692.zip
0
0
/home/fossee/Downloads/set/set5/s_Digital_Signal_Processing_S._Salivahanan,_A._Vallavaraj_And_C._Gnanapriya_758.zip
0
0
/home/fossee/Downloads/set/set5/s_Electrical_Machines-2_T._Singh_1748.zip
126
0
/home/fossee/Downloads/set/set5/s_Electrical_Circuit_Theory_And_Technology_J._O._Bird_608.zip
502
18
/home/fossee/Downloads/set/set5/s_Digital_Signal_Processing:_A_Modern_Introduction_A._Ashok_40.zip
0
0
/home/fossee/Downloads/set/set5/s_Digital_Telephony_J._C._Bellamy_116.zip
26
0
/home/fossee/Downloads/set/set5/s_Digital_Signal_Processing:_Principle,_Algorithms_And_Applications_J._G._Proakis_And_D._G._Manolakis_830.zip
0
0
/home/fossee/Downloads/set/set5/s_Electrical_Machines_M._V._Despande_833.zip
84
0
/home/fossee/Downloads/set/set5/s_Digital_Principals_And_Applications_D._P._Leach_And_A._P._Malvino_45.zip
116
13
/home/fossee/Downloads/set/set5/s_Electrical_Engineering_Fundamentals_V._Del_Toro_293.zip
50
1
/home/fossee/Downloads/set/set5/s_Electrical_Machines_3rd_Edition_S._K._Bhattacharya_431.zip
108
1
/home/fossee/Downloads/set/set1/s_Analog_And_Digital_Communication_S._Sharma_1895.zip
15
128
/home/fossee/Downloads/set/set1/s_Advanced_Mechanics_Of_Materials_A._P._Boresi_And_R._J._Schmidt_3392.zip
88
0
/home/fossee/Downloads/set/set1/s_Aircraft_Propulsion_S._Farokhi_626.zip
86
0
/home/fossee/Downloads/set/set1/s_Advanced_Engineering_Fluid_Mechanics_K._Muralidhar_And_G._Biswas_3375.zip
16
0
/home/fossee/Downloads/set/set1/s_Analog_Electronics_U._A._Bakshi_And_A._P._Godse_1691.zip
118
0
/home/fossee/Downloads/set/set1/s_A_Course_In_Mechanical_Measurements_And_Instrumentation_A._K._Sawhney_And_P._Sawhney_569.zip
206
2
/home/fossee/Downloads/set/set1/s_Advance_Semiconductor_Devices_K._C._Nandi_2198.zip
86
0
/home/fossee/Downloads/set/set1/s_A_Heat_Transfer_Text_Book_J._H._Lienhard,_Iv_And_J._H._Lienhard,_V_581.zip
0
0
/home/fossee/Downloads/set/set1/s_Analog_Communication_V._Chandrasekar_2951.zip
71
9
/home/fossee/Downloads/set/set1/s_An_Introduction_To_Numerical_Analysis_K._E._Atkinson_75.zip
86
25
/home/fossee/Downloads/set/set1/s_Analog_Integrated_Circuits_P._Sharma__1217.zip
113
0
/home/fossee/Downloads/set/set1/s_An_Introduction_To_Electrical_Machines_And_Transformers_G._Mcphersion_3640.zip
45
2
/home/fossee/Downloads/set/set1/s_Advanced_Strength_And_Applied_Elasticity_A._C._Ugural_And_S._K._Fenster_3289.zip
31
0
/home/fossee/Downloads/set/set1/s_Antenna_And_Wave_Propagation_A._K._Gautam_2579.zip
228
0
/home/fossee/Downloads/set/set1/s_Algebra_P._Abbott_And_M._E._Wardle_1322.zip
218
0
/home/fossee/Downloads/set/set1/s_Analog_And_Digital_Communications_H._P._Hsu_2606.zip
96
1
/home/fossee/Downloads/set/set1/s_Advanced_Measurements_And_Instrumentation_A._K._Sawhney_1199.zip
92
2
/home/fossee/Downloads/set/set1/s_Analog_And_Digital_Electronics_U._A._Bakshi_And_A._P._Godse_1133.zip
162
0
/home/fossee/Downloads/set/set1/s_A_Comprehensive_Textbook_Of_Applied_Physics_M._Kumar_1598.zip
86
0
/home/fossee/Downloads/set/set1/s_Advance_Semiconductor_Devices_S._Sharma_2201.zip
143
0
/home/fossee/Downloads/set/set1/s_Aircraft_Structures_For_Engineering_Students_T._H._G._Megson_564.zip
0
101
/home/fossee/Downloads/set/set1/s_Antenna_And_Wave_Propagation_G._S._N._Raju_2891.zip
109
0
/home/fossee/Downloads/set/set1/s_Analog_Integrated_Circuits_J._B._Gupta_2621.zip
96
0
/home/fossee/Downloads/set/set1/s_A_First_Course_On_Electrical_Drives_S._K._Pillai_3422.zip
19
0
/home/fossee/Downloads/set/set1/s_Analog_Integrated_Circuits_R._S._Tomar_2609.zip
123
0
/home/fossee/Downloads/set/set18/s_Problems_In_Fluid_Flow_D._J._Brasch_And_D._Whyman_1379.zip
71
13
/home/fossee/Downloads/set/set18/s_Process_Systems_Analysis_And_Control_S._E._Leblanc_And_D._R._Coughanowr_46.zip
14
35
/home/fossee/Downloads/set/set18/s_Satellite_Communication_A._K._Maini_And_V._Agrawal_2282.zip
83
0
/home/fossee/Downloads/set/set18/s_Programming_In_Ansi_C_E._Balagurusamy_659.zip
97
1
/home/fossee/Downloads/set/set18/s_Probability_And_Statistics_For_Engineers_And_Scientists_S._M._Ross_291.zip
177
17
/home/fossee/Downloads/set/set18/s_Principles_Of_Linear_Systems_And_Signals_B._P._Lathi_22.zip
17
81
/home/fossee/Downloads/set/set18/s_Principles_Of_Electronics_V._K._Mehta_And_R._Mehta_3507.zip
279
5
/home/fossee/Downloads/set/set18/s_Principles_Of_Foundation_Engineering_B._M._Das_2858.zip
93
1
/home/fossee/Downloads/set/set18/s_Radar_Engineering_And_Fundamentals_Of_Navigational_Aids_G._S._N._Raju_1997.zip
129
3
/home/fossee/Downloads/set/set18/s_Principles_Of_Fluid_Mechanics_M._K._Natarajan__1727.zip
111
0
/home/fossee/Downloads/set/set18/s_Process_Heat_Transfer_D._Q._Kern_3516.zip
106
0
/home/fossee/Downloads/set/set18/s_Principles_Of_Heat_Transfer_F._Kreith,_R._M._Manglik_And_M._S._Bohn_1244.zip
0
0
/home/fossee/Downloads/set/set18/s_Radio_-_Frequency_And_Microwave_Communication_Circuits_D._K._Mishra_605.zip
99
2
/home/fossee/Downloads/set/set18/s_Process_Dynamics_And_Controls_D._E._Seborg,_T._F._Edgar,_D._A._Mellichamp_And_F._J._Doyle_Iii_1202.zip
0
0
/home/fossee/Downloads/set/set18/s_Satellite_Communications_D._Roddy_2409.zip
76
0
/home/fossee/Downloads/set/set18/s_Problems_In_Hydraulics_R._S._Paradise_1703.zip
108
0
/home/fossee/Downloads/set/set18/s_Satellite_Communications_D._C._Agarwal_998.zip
108
0
/home/fossee/Downloads/set/set18/s_Principles_Of_Power_Systems_V._K._Mehta_And_R._Mehta_98.zip
271
6
/home/fossee/Downloads/set/set18/s_Quantum_Physics_Of_Atoms,_Molecules,_Solids,_Nuclei_And_Particles_Eisberg_And_R._Resnick_3363.zip
0
0
/home/fossee/Downloads/set/set18/s_Radio_Frequency_Circuit_Design_R._Ludwig_And_G._Bogdanov_339.zip
23
22
/home/fossee/Downloads/set/set18/s_Principles_Of_Physics_P_.v._Naik_1958.zip
93
0
/home/fossee/Downloads/set/set18/s_Principles_Of_Geotechnical_Engineering__B._M._Das_1793.zip
83
0
/home/fossee/Downloads/set/set18/s_Principles_Of_Electronic_Instrumentation_D._Patranabis_978.zip
136
3
/home/fossee/Downloads/set/set18/s_Principles_Of_Electronic_Communication_Systems_L._E._Frenzel_1184.zip
106
0
/home/fossee/Downloads/set/set11/s_Fundamental_Of_Physics_D._Haliday,_R._Resnick_And_J._Walker_24.zip
0
0
/home/fossee/Downloads/set/set11/s_Fluid_Power_With_Applications_A._Esposito_788.zip
115
115
/home/fossee/Downloads/set/set11/s_Fundamentals_Of_Electric_Drives_And_Control_B._R._Gupta_And_V._Singhal_2123.zip
87
1
/home/fossee/Downloads/set/set11/s_Fundamentals_Of_Electronic_Devices_J._B._Gupta_1787.zip
85
1
/home/fossee/Downloads/set/set11/s_Fundamental_Of_Electrical_And_Electronic_Principles_C._R._Robertson_1544.zip
120
0
/home/fossee/Downloads/set/set11/s_Gas_Dynamics_And_Jet_Propulsion_P._Murugaperumal_2126.zip
179
0
/home/fossee/Downloads/set/set11/s_Fundamental_Of_Thermodynamics_Moran_And_Shapiro_3012.zip
121
5
/home/fossee/Downloads/set/set11/s_Fundamentals_Of_Electronic_Devices_P._Raja_And_P._Sharma_2720.zip
121
2
/home/fossee/Downloads/set/set11/s_Fundamentals_Of_Engineering_Heat_And_Mass_Transfer_R._C._Sachdeva_1373.zip
187
0
/home/fossee/Downloads/set/set11/s_Gas_Turbines_V._Ganesan_3511.zip
73
0
/home/fossee/Downloads/set/set11/s_Fundamentals_Of_Aerodynamics_J._D._Anderson_Jr._494.zip
84
3
/home/fossee/Downloads/set/set11/s_Fundamentals_Of_Fluid_Mechanics_B._R._Munson,_D._F._Young_And_T._H._Okiishi_51.zip
0
0
/home/fossee/Downloads/set/set11/s_Fundamentals_Of_Electronic_Devices_And_Circuits_J._B._Gupta_2444.zip
120
1
/home/fossee/Downloads/set/set11/s_Fundamentals_Of_Electronics_Devices_K._C._Nandi_2288.zip
123
0
/home/fossee/Downloads/set/set11/s_Fundamentals_Of_Data_Structure_In_C_S._Sahni_,_S._Anderson-freed_And_E._Horowitz_1034.zip
0
0
/home/fossee/Downloads/set/set11/s_Fundamentals_Of_Electrical_Machines__M._A._Salam_2642.zip
104
0
/home/fossee/Downloads/set/set11/s_Fundamentals_Of_Internal_Combustion_Engines_H._N._Gupta_2090.zip
84
0
/home/fossee/Downloads/set/set11/s_Generation_Distribution_And_Utilization_Of_Electrical_Of_Energy_C._L._Wadhwa_1976.zip
83
1
/home/fossee/Downloads/set/set11/s_Fundamentals_Of_Physical_Chemistry_H._D._Crockford,_J._W._Nowell,_H._W._Baird_And_F._W._Getzen_1385.zip
0
0
/home/fossee/Downloads/set/set11/s_Fundamentals_Of_Nuclear_Science_And_Engineering_J._K._Shultis_And_R._E._Faw_3535.zip
43
0
/home/fossee/Downloads/set/set11/s_Fundamentals_Of_Engineering_Electromagnetics_S._Bhooshan_980.zip
82
2
/home/fossee/Downloads/set/set11/s_Fundamentals_Of_Turbomachinery_W._W._Peng_3136.zip
26
71
/home/fossee/Downloads/set/set11/s_Fundamental_Of_Engineering_Thermodynamics_M._J._Moran,_H._N._Shapiro,_D._D._Boettner_And_M._B._Bailey_572.zip
0
0
/home/fossee/Downloads/set/set11/s_Fundamentals_Of_Optics_F._A._Jenkins_And_H._E.white_3480.zip
19
0
/home/fossee/Downloads/set/set11/s_Fundamentals_Of_Thermodynamics_B._Claus_And_R._E._Sonntag_172.zip
112
0
/home/fossee/Downloads/set/set10/s_Fluid_Mechanics_And_Hydraulic_Machines_B._K._Sarkar_2159.zip
166
0
/home/fossee/Downloads/set/set10/s_Fiber_Optics_And_Optoelectronics_R._P._Khare_2216.zip
60
1
/home/fossee/Downloads/set/set10/s_Fluidization_Engineering_K._Daizo_And_O._Levenspiel_497.zip
62
2
/home/fossee/Downloads/set/set10/s_Essentials_Of_Materials_Science_And_Engineering_D._R._Askeland_And_P._P._Phule_3526.zip
73
0
/home/fossee/Downloads/set/set10/s_Fiber_Optic_Communications:_Fundamentals_And_Applications_S._Kumar_And_M._J._Deen_3547.zip
0
0
/home/fossee/Downloads/set/set10/s_Fluid_Mechanics_J._F._Douglas_557.zip
99
5
/home/fossee/Downloads/set/set10/s_Examples_In_Thermodynamics_Problems__W._R._Crawford_2165.zip
87
0
/home/fossee/Downloads/set/set10/s_Fluid_Power_Theory_And_Applications_J._Sullivan_1280.zip
65
0
/home/fossee/Downloads/set/set10/s_Fluid_Flow_For_The_Practicing_Chemical_Engineer_J._P._Abulencia_And_L._Theodore_1052.zip
182
0
/home/fossee/Downloads/set/set10/s_Feedback_Circuits_And_Operational_Amplifiers_D._H._Horrocks_53.zip
27
0
/home/fossee/Downloads/set/set10/s_Fiber_Optic_Communications_J._C._Palais_3415.zip
11
59
/home/fossee/Downloads/set/set10/s_Engineering_Thermodynamics_P._K._Nag_779.zip
160
12
/home/fossee/Downloads/set/set10/s_Feedback_Control_Of_Dynamic_Systems_G._F._Franklin,_J._D._Powell_And_A._Emami-naeini_3432.zip
0
0
/home/fossee/Downloads/set/set10/s_Fluid_Mechanics_A._K._Choudhary_And_Om_Prakash_2132.zip
124
0
/home/fossee/Downloads/set/set10/s_Fluid_Mechanics_And_Thermodynamics_Of_Turbo_Machinery_S._L._Dixon_3407.zip
32
9
/home/fossee/Downloads/set/set10/s_Fiber_Optics_Communication_H._Kolimbiris_2855.zip
60
87
/home/fossee/Downloads/set/set10/s_Engineering_Thermodynamics_S._S._Khandare_2144.zip
138
0
/home/fossee/Downloads/set/set10/s_Fluid_Mechanics_-_Worked_Examples_For_Engineers_C._Schaschke_650.zip
77
4
/home/fossee/Downloads/set/set10/s_Fluid_Mechanics_For_Chemical_Engineers_N._D._Nevers_896.zip
127
0
/home/fossee/Downloads/set/set10/s_Fluid_Mechanics_I._A._Khan_1962.zip
100
2
/home/fossee/Downloads/set/set10/s_Fluid_Mechanics_And_Turbomachines_M._M._Das_2021.zip
162
0
/home/fossee/Downloads/set/set10/s_Engineering_Thermodynamics_O._Singh_2873.zip
215
0
/home/fossee/Downloads/set/set10/s_Fluid_Mechanics_And_Thermodynamics_Of_Turbomachinery_S._L._Dixon_And_C._A._Hall_3433.zip
40
5
/home/fossee/Downloads/set/set10/s_Fluid_Mechanics_R._H._F._Pao_2066.zip
91
0
/home/fossee/Downloads/set/set10/s_Fluid_Mechanics_With_Engineering_Applications_R._L._A._Daugherty_And_J._B._A._Franzini_1457.zip
85
0
/home/fossee/Downloads/set/set21/s_Switchgear_Protection_And_Power_Systems_S._S._Rao_1067.zip
122
0
/home/fossee/Downloads/set/set21/s__textbook_heat_transfer_applications_for_the_practicing_engineer_L._Theodore_2510.zip
214
12
/home/fossee/Downloads/set/set21/s_Water_And_Wastewater_Engineering_G._M._Fair,_J._C._Geyer_And_D._A._Okun_2513.zip
0
0
/home/fossee/Downloads/set/set21/s_Wireless_Communications_T._L._Singal_2081.zip
102
0
/home/fossee/Downloads/set/set21/s_Theory_Of_Machines_R._S._Khurmi_And_J._K._Gupta_213.zip
229
7
/home/fossee/Downloads/set/set21/s_Switching_And_Finite_Automata_Theory_Z._Kohavi_48.zip
79
12
/home/fossee/Downloads/set/set21/s_Turbines,_Compressors_And_Fans_S._M._Yahya_2223.zip
0
0
/home/fossee/Downloads/set/set21/s_Worked_Examples_In_Engineering_In_Si_Units,_Volume_Iii,_Electrical_Engineering_M._Bates_2276.zip
0
0
/home/fossee/Downloads/set/set21/s_Theory_Of_Machines_B._K._Sarkar_1835.zip
125
0
/home/fossee/Downloads/set/set21/s_Theory_Of_Alternating_Current_Machinery_A._S._Langsdorf_20.zip
18
0
/home/fossee/Downloads/set/set21/s_Textbook_Of_Engineering_Chemistry_R._N._Goyal_And_H._Goel_615.zip
84
0
/home/fossee/Downloads/set/set21/s_Turbomachinery_Design_And_Theory_R._S._R._Gorla_And_A._A._Khan_1358.zip
119
0
/home/fossee/Downloads/set/set21/s_Unix:_Concepts_And_Applications_S._Das_1088.zip
0
0
/home/fossee/Downloads/set/set21/s_Surveying_Volume_3_A._K._Arora_2990.zip
0
98
/home/fossee/Downloads/set/set21/s_Turbomachines_A._V._Arasu_1955.zip
128
0
/home/fossee/Downloads/set/set21/s_Textbook_Of_Heat_Transfer_S._P._Sukhatme_530.zip
83
3
/home/fossee/Downloads/set/set21/s_Wireless_Communications_Principles_And_Practices_T._S._Rappaport_3542.zip
15
42
/home/fossee/Downloads/set/set21/s_The_Fundamentals_Of_Engineering_Physics_P._S._Khare_And_A._Swarup_1871.zip
165
0
/home/fossee/Downloads/set/set21/s_Structural_And_Stress_Analysis_T._H._G._Megson_866.zip
76
4
/home/fossee/Downloads/set/set21/s_Surveying_Volume_3_B._C._Punmia,_A._K._Jain_And_A._K._Jain_1634.zip
0
0
/home/fossee/Downloads/set/set21/s_The_Field_Of_Electronics_R._Morrison_2234.zip
138
0
/home/fossee/Downloads/set/set21/s_Unit_Operations_Of_Chemical_Engineering_W._L._Mccabe,_J._C._Smith_And_P._Harriot_839.zip
0
0
/home/fossee/Downloads/set/set21/s_Wireless_Communications_And_Networking_V._Garg_3446.zip
10
95
/home/fossee/Downloads/set/set21/s_Vector_Mechanics_For_Engineers:_Stastics_And_Dynamics_F._P._Beer,_E._R._Johnston,_D._F._Mazurek,_P._J._Cornwell_And_E._R._Eisenberg_3482.zip
0
0
/home/fossee/Downloads/set/set21/s_Textbook_On_Optical_Fiber_Communication_And_Its_Applications_S._C._Gupta_3543.zip
59
1
/home/fossee/Downloads/set/set21/s_Utilization_Of_Electrical_Energy_And_Traction_J._B._Gupta,_R._Manglik_And_R._Manglik_2213.zip
0
0
/home/fossee/Downloads/set/set21/s_The_Elements_Of_Physical_Chemistry_S._Glasstone_2489.zip
115
0
/home/fossee/Downloads/set/set8/s_Elements_Of_Mechanical_Engineering_N._M._Bhatt_And_J._R._Mehta_2339.zip
207
0
/home/fossee/Downloads/set/set8/s_Engineering_Circuit_Analysis_W._Hayt,_J._Kemmerly_And_S._Durbin_215.zip
0
0
/home/fossee/Downloads/set/set8/s_Elements_Of_Mass_Transfer_(part_1)_N._Anantharaman_And_K._M._M._S._Begum_599.zip
84
1
/home/fossee/Downloads/set/set8/s_Elements_Of_Chemical_Reaction_Engineering_H._S._Fogler_800.zip
0
54
/home/fossee/Downloads/set/set8/s_Elements_Of_Thermodynamics_And_Heat_Transfer_O._N._Young_2519.zip
111
0
/home/fossee/Downloads/set/set8/s_Engineering_And_Chemical_Thermodynamics_M._D._Koretsky_527.zip
118
7
/home/fossee/Downloads/set/set8/s_Engineering_Economics_H._Agarwal_1208.zip
92
2
/home/fossee/Downloads/set/set8/s_Elements_Of_Physical_Chemistry_P._Atkins_1448.zip
85
6
/home/fossee/Downloads/set/set8/s_Engineering_Economics_R._Panneerselvam_1682.zip
86
1
/home/fossee/Downloads/set/set8/s_Elements_Of_Heat_Transfer_M._Jacob_And_G._A._Hawkins_617.zip
59
2
/home/fossee/Downloads/set/set8/s_Elements_Of_Thermal_Technology_J._H._Seely_1022.zip
66
1
/home/fossee/Downloads/set/set8/s_Elementary_Heat_Power_H._L._Solberg_2420.zip
91
0
/home/fossee/Downloads/set/set8/s_Engineering_Chemistry_P._N._Dave_And_S._G._Pillai_3050.zip
32
0
/home/fossee/Downloads/set/set8/s_Elements_Of_Electric_Drives_J._B._Gupta,_R._Manglik_And_R._Manglik_2054.zip
0
0
/home/fossee/Downloads/set/set8/s_Elements_Of_Power_System_Analysis_W._D._Stevenson_14.zip
80
5
/home/fossee/Downloads/set/set8/s_Elementary_Principles_Of_Chemical_Processes_R._M._Felder_And_R._W._Rousseau_575.zip
1
97
/home/fossee/Downloads/set/set8/s_Elementary_Numerical_Analysis:_An_Algorithmic_Approach_S._D._Conte_And_C._De_Boor__60.zip
0
0
/home/fossee/Downloads/set/set8/s_Engineering_Basics_T._Thyagarajan_1853.zip
84
1
/home/fossee/Downloads/set/set8/s_Elements_Of_Chemical_Reaction_Engineering(copy)_H._S._Fogler_824.zip
1
51
/home/fossee/Downloads/set/set8/s_Elements_Of_Power_System_J._B._Gupta_2078.zip
137
0
/home/fossee/Downloads/set/set8/s_Elements_Of_Electrical_Science_P._Mukhopadhyay,_A._K._Pant,_D._S._Chitore_And_V._Kumar_2297.zip
0
0
/home/fossee/Downloads/set/set8/s_Elementary_Fluid_Mechanics_J._K._Vennard_2789.zip
82
0
/home/fossee/Downloads/set/set8/s_Elements_Of_Electromagnetics_M._N._O._Sadiku_42.zip
73
1
/home/fossee/Downloads/set/set8/s_Energy_Management_W._R._Murphy_And_G._A._Mckay_2471.zip
113
2
/home/fossee/Downloads/set/set8/s_Elements_Of_Mechanical_Engineering_R._K._Rajput_2969.zip
111
0
/home/fossee/Downloads/set/set15/s_Mechanics_Of_Material_J._M._Gere_491.zip
72
1
/home/fossee/Downloads/set/set15/s_Modern_Physics_K._S._Krane_446.zip
103
2
/home/fossee/Downloads/set/set15/s_Mechanics_Of_Structures_S._B._Junnarkar_2744.zip
129
8
/home/fossee/Downloads/set/set15/s_Mechanics_Of_Materials_R._C._Hibbeler_1898.zip
1
160
/home/fossee/Downloads/set/set15/s_Modern_Digital_And_Analog_Communication_System_B._P._Lathi_137.zip
58
2
/home/fossee/Downloads/set/set15/s_Modern_Electronic_Instrumentation_And_Measurement_Techniques_A._D._Helfrick_And_W._D._Cooper_174.zip
49
2
/home/fossee/Downloads/set/set15/s_Microelectronic_Circuits_A._S._Sedra_And_K._C._Smith_68.zip
76
6
/home/fossee/Downloads/set/set15/s_Microwave_Engineering_G._S._Raghuvanshi_3281.zip
170
0
/home/fossee/Downloads/set/set15/s_Microwave_Devices_And_Circuits_S._Y._Liao_72.zip
62
3
/home/fossee/Downloads/set/set15/s_Modern_Power_System_Analysis_D._P._Kothari_And_I._J._Nagrath_83.zip
75
8
/home/fossee/Downloads/set/set15/s_Modern_Physics_B.l.theraja_1016.zip
110
0
/home/fossee/Downloads/set/set15/s_Microwave_Engineering_G._S._N._Raju_2681.zip
99
0
/home/fossee/Downloads/set/set15/s_Modern_Control_Engineering_K._Ogata_122.zip
31
108
/home/fossee/Downloads/set/set15/s_Modern_Communication_Circuits_J._R._Smith_1583.zip
82
3
/home/fossee/Downloads/set/set15/s_Modern_Electronics_Communication_J._S._Beasley_And_G._Miller_1595.zip
83
0
/home/fossee/Downloads/set/set15/s_Modern_Physics_R._A._Serway_1868.zip
94
0
/home/fossee/Downloads/set/set15/s_Microwave_Engineering_D._M._Pozar_25.zip
58
36
/home/fossee/Downloads/set/set15/s_Microprocessor_Architecture,_Programming_And_Applications_With_The_8085_R._S._Goankar_2522.zip
0
0
/home/fossee/Downloads/set/set15/s_Microwaves_And_Radar_Principles_And_Applications_A._K._Maini_2219.zip
152
0
/home/fossee/Downloads/set/set15/s_Modern_Digital_Electronics_R._P._Jain_462.zip
93
0
/home/fossee/Downloads/set/set15/s_Microwave_Engineering_M._Kulkarni_728.zip
82
0
/home/fossee/Downloads/set/set15/s_Modern_Physics_For_Engineers_S._P._Taneja_2708.zip
113
0
/home/fossee/Downloads/set/set15/s_Modern_Physics_For_Scientists_And_Engineers_S._T._Thornton_And_A._Rex_2795.zip
115
0
/home/fossee/Downloads/set/set15/s_Mechanics_Of_Fluids_A._C._Walshaw_And_D._A._Jobson_1364.zip
139
3
/home/fossee/Downloads/set/set15/s_Microwave_And_Radar_Engineering_M._Kulkarni_1979.zip
101
0
/home/fossee/Downloads/set/set12/s_Heat_And_Thermodynamics_D._S._Mathur_1286.zip
161
1
/home/fossee/Downloads/set/set12/s_Higher_Engineering_Mathematics_B._S._Grewal_149.zip
144
166
/home/fossee/Downloads/set/set12/s_Integrated_Circuits_S._Sharma_2204.zip
119
0
/home/fossee/Downloads/set/set12/s_Hydraulics_Made_Easy_R._S._Dighe_1484.zip
153
0
/home/fossee/Downloads/set/set12/s_Integrated_Electronics:_Analog_And_Digital_Circuits_And_Systems_J._Millman_And_C._C._Halkias_506.zip
0
0
/home/fossee/Downloads/set/set12/s_Heat_Transfer_(in_Si_Units)_J._P._Holman_405.zip
125
0
/home/fossee/Downloads/set/set12/s_High_Frequency_And_Microwave_Engineering_E._Da_Silva_2210.zip
87
7
/home/fossee/Downloads/set/set12/s_Generation_Of_Electrical_Energy_B._R._Gupta_416.zip
137
0
/home/fossee/Downloads/set/set12/s_High_Voltage_Engineering_Theory_And_Practice__M._A._Salam,_H._Anis,_A._El_Morshedy_And_R._Radwan_3523.zip
0
0
/home/fossee/Downloads/set/set12/s_High_Voltage_Engineering_C._L._Wadhwa_3487.zip
30
0
/home/fossee/Downloads/set/set12/s_Integrated_Circuits_K._R._Botkar_73.zip
57
0
/home/fossee/Downloads/set/set12/s_Hydraulics_J._Lal_1640.zip
104
0
/home/fossee/Downloads/set/set12/s_Heat_And_Mass_Transfer_V._K._Dwivedi_1752.zip
118
0
/home/fossee/Downloads/set/set12/s_Heat_Transfer_K._A._Gavhane_1073.zip
164
0
/home/fossee/Downloads/set/set12/s_Integrated_Circuits_P._Raja_2582.zip
77
0
/home/fossee/Downloads/set/set12/s_Heat_And_Thermodynamics_A._Manna_1571.zip
135
0
/home/fossee/Downloads/set/set12/s_Heat_Transfer:_Principles_And_Applications_B._K._Dutta_1046.zip
0
0
/home/fossee/Downloads/set/set12/s_Heat_And_Thermodynamics_Brijlal_And_N._Subrahmanyam_2741.zip
176
0
/home/fossee/Downloads/set/set12/s_Heat_And_Mass_Transfer_E._R._G._Eckert_And_R._M._Drake_686.zip
32
0
/home/fossee/Downloads/set/set12/s_Industrial_Instrumentation_K._Krishnaswamy_And_S._Vijayachitra_1436.zip
92
0
/home/fossee/Downloads/set/set12/s_Heat_And_Mass_Transfer_-_A_Practical_Approach_Y._A._Cengel_587.zip
133
10
/home/fossee/Downloads/set/set12/s_High_Voltage_Engineering_M._S._Naidu_And_V._Kamaraju_3169.zip
21
29
/home/fossee/Downloads/set/set12/s_Hydraulics_And_Fluid_Mechanics_E._H._Lewitt_1466.zip
144
0
/home/fossee/Downloads/set/set12/s_High_Voltage_Engineering_Theory_And_Practice_M._Khalifa_3369.zip
70
0
/home/fossee/Downloads/set/set14/s_Material_Science_B._S._Narang_3622.zip
22
0
/home/fossee/Downloads/set/set14/s_Machine_Design_T._H._Wentzell,_P._E_2921.zip
0
0
/home/fossee/Downloads/set/set14/s_Material_Science_S._L._Kakani_And_A._Kakani_1085.zip
90
0
/home/fossee/Downloads/set/set14/s_Mechanical_Metallurgy_G._E._Dieter_3456.zip
53
0
/home/fossee/Downloads/set/set14/s_Manufacturing_Engineering_And_Technology_S._Kalpakjian_And_S._R._Schmid_3308.zip
22
0
/home/fossee/Downloads/set/set14/s_Linear_Integrated_Circuits_S._Salivahanan_And_V._S._K._Bhaaskaran_1106.zip
107
0
/home/fossee/Downloads/set/set14/s_Mechanics_Of_Fluid_B._S._Massey_And_A._J._Ward-smith_1187.zip
63
1
/home/fossee/Downloads/set/set14/s_Materials_Science,_Metallurgy_And_Engineering_Materials_K._M._Gupta_1538.zip
0
0
/home/fossee/Downloads/set/set14/s_Manufacturing_Processes_For_Engineering_Materials_S._Kalpakjian_And_S._R._Schmid_3257.zip
46
1
/home/fossee/Downloads/set/set14/s_Mass_-_Transfer_Operations_R._E._Treybal_389.zip
75
26
/home/fossee/Downloads/set/set14/s_Linear_Algebra_K._Hoffman_And_R._Kunze_3293.zip
77
0
/home/fossee/Downloads/set/set14/s_Linear_Integrated_Circuits_J._B._Gupta_1850.zip
122
3
/home/fossee/Downloads/set/set14/s_Manufacturing_Science_A._Ghosh_And_A._K._Mallik_3250.zip
70
1
/home/fossee/Downloads/set/set14/s_Material_Science_V._Rajendran_1826.zip
171
0
/home/fossee/Downloads/set/set14/s_Materials_Science_R._S._Khurmi_And_R._S._Sedha_2153.zip
100
0
/home/fossee/Downloads/set/set14/s_Materials_Science_And_Engineering:_An_Introduction_W._D._Callister_539.zip
0
0
/home/fossee/Downloads/set/set14/s_Linear_Algebra_And_Its_Applications_G._Strang_70.zip
66
1
/home/fossee/Downloads/set/set14/s_Linear_Integrated_Circuit_M._S._Sivakumar_1757.zip
157
0
/home/fossee/Downloads/set/set14/s_Machine_Design_U._C._Jindal_683.zip
216
3
/home/fossee/Downloads/set/set14/s_Mechanical_Engineering_Thermodynamics_D._A._Mooney_1472.zip
85
7
/home/fossee/Downloads/set/set14/s_Material_Science_In_Engineering_Dr._K._M._Gupta_1367.zip
81
0
/home/fossee/Downloads/set/set14/s_Linear_Control_Systems_B._S._Manke__29.zip
32
182
/home/fossee/Downloads/set/set14/s_Mechanical_Vibration_G._K._Grover_3532.zip
89
0
/home/fossee/Downloads/set/set14/s_Measurement_Systems_E._O._Doebelin_And_D._N._Manik_49.zip
44
1
/home/fossee/Downloads/set/set14/s_Materials_Science_And_Engineering_-_A_First_Course_V._Raghavan_3159.zip
52
0
/home/fossee/Downloads/set/set16/s_Nuclear_Physics_D._C._Tayal_1970.zip
172
0
/home/fossee/Downloads/set/set16/s_Numerical_Methods:_Principles,_Analysis,_And_Algorithms_S._Pal_1332.zip
0
0
/home/fossee/Downloads/set/set16/s_Numerical_Methods_For_Engineers_S._C._Chapra_And_R._P._Canale_964.zip
142
27
/home/fossee/Downloads/set/set16/s_Nonlinear_Dynamics_And_Chaos_S._H._Strogatz_27.zip
35
25
/home/fossee/Downloads/set/set16/s_Optical_Fiber_Communication_A._Kalavar_1655.zip
117
1
/home/fossee/Downloads/set/set16/s_Operational_Amplifiers_And_Linear_Integrated_Circuits_R._F._Coughlin_And_F._F._Driscoll_196.zip
59
5
/home/fossee/Downloads/set/set16/s_Optical_Fiber_Communication_A._Selvarajan,_S._Kar_And_T_Srinivas_3506.zip
0
0
/home/fossee/Downloads/set/set16/s_Optical_Fiber_Communication_R._R._Dudeja_2183.zip
129
0
/home/fossee/Downloads/set/set16/s_Op-amps_And_Linear_Integrated_Circuit_S._Sharma_74.zip
86
5
/home/fossee/Downloads/set/set16/s_Numerical_Methods_For_Scientists_And_Engineers_K._S._Rao_845.zip
103
0
/home/fossee/Downloads/set/set16/s_Optical_Communication_Systems_S._B._Gupta_And_A._Goel_1739.zip
85
0
/home/fossee/Downloads/set/set16/s_Optical_Communiation_A._Kalavar_2399.zip
77
0
/home/fossee/Downloads/set/set16/s_Numerical_Methods_For_Scientific_And_Engineering_Computation_M._K._Jain,_S._R._K._Iyengar_And_R._K._Jain_50.zip
0
0
/home/fossee/Downloads/set/set16/s_Operational_Amplifiers_And_Linear_Integrated_Circuits_D._A._Bell_281.zip
88
5
/home/fossee/Downloads/set/set16/s_Numerical_Methods_B._Ram_1670.zip
212
1
/home/fossee/Downloads/set/set16/s_Non_Conventional_Energy_Resources_B._H._Khan_3434.zip
52
3
/home/fossee/Downloads/set/set16/s_Op_Amps_And_Linear_Integrated_Circuits_J._M._Fiore_2528.zip
93
13
/home/fossee/Downloads/set/set16/s_Network_Analysis_And_Synthesis_B._R._Gupta_1760.zip
374
2
/home/fossee/Downloads/set/set16/s_Optical_Communication_S._Katiyar_1946.zip
163
0
/home/fossee/Downloads/set/set16/s_Op-amps_And_Linear_Integrated_Circuits_R._A._Gayakwad_199.zip
86
14
/home/fossee/Downloads/set/set16/s_Non-conventional_Energy_Sources_G._D._Rai_3417.zip
23
0
/home/fossee/Downloads/set/set16/s_Nuclear_Chemistry_Through_Problems_H._J._Arnikar_And_N._S._Rajurkar_2939.zip
181
0
/home/fossee/Downloads/set/set16/s_Numerical_Methods_E._Balaguruswamy_243.zip
135
1
/home/fossee/Downloads/set/set16/s_Numerical_Analysis_I._Jacques_And_C._Judd_191.zip
8
66
/home/fossee/Downloads/set/set16/s_Optical_Fiber_Communication_G._Keiser_848.zip
86
1
/home/fossee/Downloads/set/set3/s_Basic_Electrical_And_Electronics_Engineering-i_S._K._Bhattacharya_And_Debashis_De_2672.zip
207
0
/home/fossee/Downloads/set/set3/s_Basic_Electrical_Engineering_A._Mittle_And_V._N._Mittle_2252.zip
226
0
/home/fossee/Downloads/set/set3/s_Basic_Electrical_And_Electronics_Engineering_B._R._Patil_343.zip
174
6
/home/fossee/Downloads/set/set3/s_Basic_Electronics_R._K._Garg,_A._Dixit_And_P._Yadav_2498.zip
0
0
/home/fossee/Downloads/set/set3/s_Solutions_To_Problems_In_Applied_Mechanics_A._N._Gobby_3647.zip
6
72
/home/fossee/Downloads/set/set3/s_Basic_Electronics_R._D._S._Samuel,_U._B._M._Swamy_And_V._Nattarasu_275.zip
0
0
/home/fossee/Downloads/set/set3/s_Basic_Electronics_S._Biswas_2882.zip
176
1
/home/fossee/Downloads/set/set3/s_Basics_Of_Electrical,_Electronics_And_Communication_Engineering_N._Storey,_E._Hughes_And_W._Tomasi_2627.zip
0
0
/home/fossee/Downloads/set/set3/s_Solid_State_Pulse_Circuits_D._A._Bell_3517.zip
81
0
/home/fossee/Downloads/set/set3/s_Basic_Electronics_And_Linear_Circuits_N._N._Bhargava,_D._C._Kulshreshtha_And_S._C._Gupta_132.zip
0
0
/home/fossee/Downloads/set/set3/s_Basic_Engineering_Thermodynamics_R._Joel_2705.zip
170
4
/home/fossee/Downloads/set/set3/s_Basic_Principles_And_Calculations_In_Chemical_Engineering_D._M._Himmelblau_And_J._B._Riggs_409.zip
170
0
/home/fossee/Downloads/set/set3/s_Basic_Electronics_D._De_181.zip
174
0
/home/fossee/Downloads/set/set3/s_Basic_Electrical_And_Electronics_Engineering_R._R._Singh_323.zip
146
2
/home/fossee/Downloads/set/set3/s_Chemical_Engineering_-_Fluid_Flow,_Heat_Transfer_And_Mass_Transfer_-_Vol._1_J._M._Coulson,_J._F._Richardson,_J._R._Backhurst_And_J._H._Harker_536.zip
0
0
/home/fossee/Downloads/set/set3/s_Basic_Electronics_A._P._Godse_And_U._A._Bakshi_2699.zip
246
0
/home/fossee/Downloads/set/set3/s_Basic_Electrical_And_Electronics_Engineering_R._Muthusubramanian_And_S._Salivahanan_1964.zip
213
1
/home/fossee/Downloads/set/set3/s_Statics_And_Strength_Of_Materials_I._J._Levinson_869.zip
106
8
/home/fossee/Downloads/set/set3/s_Special_Electrical_Machines_S._P._Burman_1892.zip
117
0
/home/fossee/Downloads/set/set3/s_Basic_Electronics_Devices_Circuits_And_Its_Fundamentals_S._Kal_2492.zip
76
0
/home/fossee/Downloads/set/set3/s_Stoichiometry_And_Process_Calculations_K._V._Narayanan_And_B._Lakshmikutty_632.zip
190
6
/home/fossee/Downloads/set/set3/s_Basic_Electrical_Engineering_P._S._Dhogal_2138.zip
130
0
/home/fossee/Downloads/set/set3/s_Basic_Electrical_Engineering_D._C._Kulshreshtha_1628.zip
82
0
/home/fossee/Downloads/set/set3/s_Chemical_Engineering_Thermodynamics_P._Ahuja_770.zip
284
0
/home/fossee/Downloads/set/set3/s_Stoichiometry_B._I._Bhatt_And_S._B._Thakore_1247.zip
171
0
/home/fossee/Downloads/set/set4/s_Chemistry_In_Engineering_And_Technology_Volume_1_J._C._Kuriacose_And_J._Rajaram_821.zip
158
3
/home/fossee/Downloads/set/set4/s_Concepts_Of_Modern_Physics_A._Beiser_34.zip
65
0
/home/fossee/Downloads/set/set4/s_Digital_Control_K._M._Moudgalya_2048.zip
45
78
/home/fossee/Downloads/set/set4/s_Concise_Physics_H._Matyaka_1991.zip
112
0
/home/fossee/Downloads/set/set4/s_Dc_Machines_And_Synchronous_Machines_U._A._Bakshi_And_M._V._Bakshi_1938.zip
224
0
/home/fossee/Downloads/set/set4/s_College_Physics(volume_2)_R._A._Serway_And_J._S._Faughn_2072.zip
111
0
/home/fossee/Downloads/set/set4/s_Chemical_Reactor_Design_P._Harriott_1040.zip
25
79
/home/fossee/Downloads/set/set4/s_Digital_Communication_S._Haykin_851.zip
54
8
/home/fossee/Downloads/set/set4/s_Chemistry_R._Chang_884.zip
128
0
/home/fossee/Downloads/set/set4/s_Diffusion:_Mass_Transfer_In_Fluid_Systems_E._L._Cussler_1394.zip
0
0
/home/fossee/Downloads/set/set4/s_Chemical_Engineering_Thermodynamics_T._E._Daubert_1922.zip
82
0
/home/fossee/Downloads/set/set4/s_Digital_Communications_S._Sharma_1631.zip
105
0
/home/fossee/Downloads/set/set4/s_Data_Structures_Using_C_And_C++_Y._Langsam,_M._Augenstein_And_A._M._Tenenbaum_37.zip
0
0
/home/fossee/Downloads/set/set4/s_Control_Systems_S._Ghosh_773.zip
46
120
/home/fossee/Downloads/set/set4/s_Control_Engineering_-_Theory_And_Practice_M._N._Bandyopadhyay_1299.zip
76
11
/home/fossee/Downloads/set/set4/s_Design_With_Operational_Amplifiers_And_Analog_Integrated_Circuits_S._Franco_929.zip
206
4
/home/fossee/Downloads/set/set4/s_Chemical_Engineering_Thermodynamics_Y._V._C._Rao_611.zip
146
0
/home/fossee/Downloads/set/set4/s_Data_Communications_And_Networking_B._A._Forouzan_1163.zip
208
2
/home/fossee/Downloads/set/set4/s_Control_Systems_Engineering_I._J._Nagrath_And_M._Gopal__28.zip
11
56
/home/fossee/Downloads/set/set4/s_Concepts_Of_Physics_(volume_-_1)_H._C._Verma_2084.zip
311
1
/home/fossee/Downloads/set/set4/s_Concepts_Of_Thermodynamics_F._Obert_2747.zip
83
0
/home/fossee/Downloads/set/set4/s_Digital_Electronics:_An_Introduction_To_Theory_And_Practice_W._H._Gothmann_1241.zip
0
0
/home/fossee/Downloads/set/set4/s_Chemical_Reaction_Engineering_O._Levenspiel_249.zip
77
6
/home/fossee/Downloads/set/set4/s_Cryptography_And_Network_Security_A._Kahate_3544.zip
19
21
