Total number of .sce files(without counting DEPENDENCIES directory): 112

grepthis#Engineering_Physics_K._Rajagopal_2840/CH1/EX1.13/ex1_13.sce #
 
 
 
 
 
 
 
 The twist on the longer cylinder =   
 
    5.625  
 
 degree   
 
 
grepthis#Engineering_Physics_K._Rajagopal_2840/CH2/EX2.1/Ex2_1.sce #
 
 
 
 
 
 
 
 
 
 
 increase in intensity level =   
 
    6.0205999  
 
 dB   
 
 
grepthis#Engineering_Physics_K._Rajagopal_2840/CH2/EX2.2/Ex2_2.sce #
 
 
 
 L2  =
 
    40.  
 
 L1  =
 
    10.  
 
 
 
 
 
 
 
 
 Ratio of their amplitudes =    
 
    31.622777  
 
 
grepthis#Engineering_Physics_K._Rajagopal_2840/CH2/EX2.5/Ex2_5.sce #
 
 B  =
 
    5.  
 
 
 
 
 
 
 Amplified sound is   
 
    3.1622777  
 
 times more intense than the unamplified sound   
 
 
grepthis#Engineering_Physics_K._Rajagopal_2840/CH2/EX2.6/Ex2_6.sce #
 
 
 
 
 
 
 velocity =   
 
    330.  
 
 m/s   
 
 
grepthis#Engineering_Physics_K._Rajagopal_2840/CH2/EX2.7/Ex2_7.sce #
 
 
 V  =
 
    5600.  
 
 T  =
 
    2.  
 
 s  =
 
    700.  
 
 a  =
 
    0.64  
 
 
 absorption coefficient =   
 
    0.64  
 
 
grepthis#Engineering_Physics_K._Rajagopal_2840/CH2/EX2.8/Ex2_8.sce #
 
 
 
 
 
 
 
 
 Reverberation time will reduced to    
 
    0.5  
 
 of its original value   
 
 
grepthis#Engineering_Physics_K._Rajagopal_2840/CH3/EX3.2/ex3_2.sce #
 
 
 
 
 
 
 
 
 e2  =
 
    80.  
 
 
 
 distanc of the flow from near end =   
 
    0.15  
 
 m   
 
 
grepthis#Engineering_Physics_K._Rajagopal_2840/CH3/EX3.3/ex3_3.sce #
 
 f_diff  =
 
    50000.  
 
 v  =
 
    5000.  
 
 
 
 
 t  =
 
    0.05  
 
 
 Thickness of steel plate =   
 
    0.05  
 
 meter   
 
 
grepthis#Engineering_Physics_K._Rajagopal_2840/CH3/EX3.4/ex3_4.sce #
 
 f  =
 
    1000000.  
 
 L  =
 
    1.  
 
 
 
 
 capacitance =   
 
    2.533D-14  
 
 F   
 
 
grepthis#Engineering_Physics_K._Rajagopal_2840/CH4/EX4.2/ex4_2.sce #
 
 
 
 
 n  =
 
    4.  
 
 
 
 lattice constant =    
 
    5.635D-09  
 
 m   
 
 
 
grepthis#Engineering_Physics_K._Rajagopal_2840/CH4/EX4.3/ex4_3.sce #
 
 
 
 
 
 
 
 
 
 
 
 
 
 
 
 
 Miller indices of plane =   
 
    2.  
 
 
  - 3.  
 
 
    4.  
 
 
grepthis#Engineering_Physics_K._Rajagopal_2840/CH4/EX4.4/ex4_4.sce #
 
 r  =
 
    1.246  
 
 a  =
 
    3.5242202  
 
 d_200  =
 
    1.76  
 
 
 d200 =    
 
    1.760D-10  
 
 m   
 
 d_220  =
 
    1.2445079  
 
 
 d220 =    
 
    1.245D-10  
 
 m   
 
 d_111  =
 
    2.0322729  
 
 
 d111 =    
 
    2.032D-10  
 
 m   
 
 
grepthis#Engineering_Physics_K._Rajagopal_2840/CH4/EX4.5/ex4_5.sce #
 
 h  =
 
    1.  
 
 k  =
 
    1.  
 
 l  =
 
    1.  
 
 h1  =
 
    1.  
 
 k1  =
 
    1.  
 
 l1  =
 
    1.  
 
 
 
 
 
 angle between two planes =   
 
    70.528779  
 
 degree   
 
 
grepthis#Engineering_Physics_K._Rajagopal_2840/CH4/EX4.6/ex4_6.sce #
 
 
 
 density  =
 
    7.87  
 
 
 
 
 Number of atoms per unit cell =   
 
    2.0699431  
 
 
 
grepthis#Engineering_Physics_K._Rajagopal_2840/CH4/EX4.7/ex4_7.sce #
 
 
 d  =
 
    7.86  
 
 N  =
 
    6.023D+23  
 
 n  =
 
    2.  
 
 
 
 
 radius of iron atom =   
 
    1.242D-08  
 
 cm   
 
 
grepthis#Engineering_Physics_K._Rajagopal_2840/CH4/EX4.8/ex4_8.sce #
 
 
 d  =
 
    11340.  
 
 N  =
 
    6.023D+26  
 
 
 
 
 
 lattice constant =   
 
    4.951D-10  
 
 m   
 
 
 Atomic radius =   
 
    1.750D-10  
 
 m   
 
 
grepthis#Engineering_Physics_K._Rajagopal_2840/CH4/EX4.9/ex4_9.sce #
 
 
 
 
 
 
 
 
 
 
 
 
 lattice constant =   
 
    3.031D-10  
 
 meters   
 
 
grepthis#Engineering_Physics_K._Rajagopal_2840/CH4/EX4.10/ex4_10.sce #
 
 
 
 
 
 
 
 
 
 
 
 
 
 
 
 
 
 
 
 
 Miller indices of plane =   
 
    2.  
 
 
    3.  
 
 
    4.  
 
 
grepthis#Engineering_Physics_K._Rajagopal_2840/CH5/EX5.1/ex5_1.sce #
 
 refractive_index  =
 
    1.65  
 
 
 
 
 
 Thickness of film =    
 
    0.0001813  
 
 meter   
 
 
grepthis#Engineering_Physics_K._Rajagopal_2840/CH5/EX5.3/ex5_3.sce #
 
 
 
 
 
 distance moved by mirror M1 =   
 
    0.0011786  
 
 meter   
 
 
grepthis#Engineering_Physics_K._Rajagopal_2840/CH5/EX5.5/ex5_5.sce #
 
 
 
 
 
 
 The thickness of quarter wave plate =   
 
    0.0000139  
 
 meter   
 
 
grepthis#Engineering_Physics_K._Rajagopal_2840/CH5/EX5.6/ex5_6.sce #
 
 
 
 
 
 
 Thicknesss of half wave plate =   
 
    0.0000323  
 
 meter   
 
 
grepthis#Engineering_Physics_K._Rajagopal_2840/CH5/EX5.7/ex5_7.sce #
 
 
 
 
 
 
 Thicknesss of half wave plate =   
 
    0.0027473  
 
 cm   
 
 
 
grepthis#Engineering_Physics_K._Rajagopal_2840/CH10/EX10.1/Ex10_1.sce #
 
 
 
 
 
 
 
 
 Temprature =    
 
    292.85958  
 
 kelvin   
 
 
 
grepthis#Engineering_Physics_K._Rajagopal_2840/CH10/EX10.2/Ex10_2.sce #
 
 sx  =
 
    0.01  
 
 x1  =
 
    1.600D-21  
 
 T  =
 
    200.  
 
 
 
 The value of F(E) =   
 
    0.3589993  
 
 
grepthis#Engineering_Physics_K._Rajagopal_2840/CH10/EX10.3/Ex10_3.sce #
 
 density  =
 
    7130.  
 
 M  =
 
    65.4  
 
 N  =
 
    6.023D+26  
 
 n  =
 
    1.313D+29  
 
 
 
 Ef1  =
 
    5.6582293  
 
 
 fermi energy =   
 
    9.4303821  
 
 eV   
 
 
 Mean energy at T=0K =   
 
    5.6582293  
 
 eV   
 
 
 
