Total number of .sce files(without counting DEPENDENCIES directory): 100

grepthis#Materials_Science_R._S._Khurmi_And_R._S._Sedha_2153/CH2/EX2.1/ex_2_1.sce #
 
 
 
 
 
 
 
 
 
 
 
 
 radius,r1(in angstrom)  =    
 
    0.53  
 
 
 
grepthis#Materials_Science_R._S._Khurmi_And_R._S._Sedha_2153/CH2/EX2.2/ex_2_2.sce #
 
 
 
 
 
 
 
 
 
 
 
 
 
 
 
 radius of the second bohr orbit,r2(Angstrom) =    
 
    1.058  
 
 
grepthis#Materials_Science_R._S._Khurmi_And_R._S._Sedha_2153/CH2/EX2.3/ex_2_3.sce #
 
 
 
 
 
 
 
 
 
 
 
 
 
 
 
 ratio of energy for an electron to jump from orbit 3 to orbi 1 and from orbit  
      2 to orbit 1 is 32/27                                                     
 
    1.1851852  
 
 
grepthis#Materials_Science_R._S._Khurmi_And_R._S._Sedha_2153/CH2/EX2.4/ex_2_4.sce #
 
 
 
 
 
 
 
 
 
 
 
 
 
 velocity,vn(m/s) =    
 
    2.2D+06  
 
 
grepthis#Materials_Science_R._S._Khurmi_And_R._S._Sedha_2153/CH2/EX2.5/ex_2_5.sce #
 
 
 
 
 
 
 
 
 
 
 orbital frequency,fn(Hz) =    
 
    6.560D+15  
 
 
grepthis#Materials_Science_R._S._Khurmi_And_R._S._Sedha_2153/CH2/EX2.6.a/ex_2_6_a.sce #
 
 
 
 
 
 
 
 
 
 
 
 
 
 the energy of photon emitted,del_E(eV) =    
 
    1.89  
 
 
grepthis#Materials_Science_R._S._Khurmi_And_R._S._Sedha_2153/CH2/EX2.6.b/ex_2_6_b.sce #
 
 
 
 
 
 
 
 
 
 
 
 
 
 
 
 
 frequency of the photon emitted,v(Hz) =    
 
    4.56D+14  
 
 
grepthis#Materials_Science_R._S._Khurmi_And_R._S._Sedha_2153/CH2/EX2.6.c/ex_2_6_c.sce #
 
 
 
 
 
 
 
 
 
 
 
 
 
 
 
 
 
 
 wavelength of the photon emitted,(m) =    
 
    6.58D-07  
 
 
grepthis#Materials_Science_R._S._Khurmi_And_R._S._Sedha_2153/CH3/EX3.10/ex_3_10.sce #
 
 
 
 
 
 
 
 
 
 
 largest diameter,d(angstrom) =    
 
    2.553  
 
 
grepthis#Materials_Science_R._S._Khurmi_And_R._S._Sedha_2153/CH3/EX3.11/ex_3_11.sce #
 
 
 
 
 
 
 
 
 
 
 
 
 
 volume change in percentage,V(%) =    
 
    99.013486  
 
 
grepthis#Materials_Science_R._S._Khurmi_And_R._S._Sedha_2153/CH3/EX3.12/ex_3_12.sce #
 
 
 
 
 
 
 
 
 
 
 
 
 number of atom for (100) plane, =    
 
    1.1D+13  
 
 
 number of atoms for (110) plan, =    
 
    7.7D+12  
 
 
 number of atoms for (111) plan, =    
 
    6.3D+12  
 
 
grepthis#Materials_Science_R._S._Khurmi_And_R._S._Sedha_2153/CH3/EX3.13/ex_3_13.sce #
 
 
 
 
 
 
 
 
 
 
 
 
 number of atom for (100) plane, =    
 
    1.21D+13  
 
 
 number of atoms for (110) plan, =    
 
    1.72D+13  
 
 
 number of atoms for (111) plan, =    
 
    2.10D+13  
 
 
grepthis#Materials_Science_R._S._Khurmi_And_R._S._Sedha_2153/CH3/EX3.14/ex_3_14.sce #
 
 
 
 
 
 
 
 
 
 
 
 number of atoms for (100) plane) =    
 
    8.229D+12  
 
 
 number of atoms for (110) plan =    
 
    5.818D+12  
 
 
 number of atoms for (111) plan =    
 
    9.504D+12  
 
 
grepthis#Materials_Science_R._S._Khurmi_And_R._S._Sedha_2153/CH3/EX3.15/ex_3_15.sce #
 
 
 
 
 
 
 
 
 
 atom,A(atoms/mm^2) =    
 
    1.13D+14  
 
 
 
grepthis#Materials_Science_R._S._Khurmi_And_R._S._Sedha_2153/CH3/EX3.16/ex_3_16.sce #
 
 
 
 
 
 
 
 
 
 
 volume,V(mm^3) =    
 
    0.0913  
 
 
grepthis#Materials_Science_R._S._Khurmi_And_R._S._Sedha_2153/CH3/EX3.17/ex_3_17.sce #
 
 
 
 
 
 
 
 r  =
 
    1.22  
 
 
 
 
 efficiency =    
 
    0.68  
 
 
 lattice parameter,a(angstrom) =    
 
    2.82  
 
 
grepthis#Materials_Science_R._S._Khurmi_And_R._S._Sedha_2153/CH3/EX3.18/ex_3_18.sce #
 
 
 
 
 
 
 
 
 
 
 
 Interplanor distance(Angstrom) is a*0.5773503   
 
 
grepthis#Materials_Science_R._S._Khurmi_And_R._S._Sedha_2153/CH3/EX3.19/ex_3_19.sce #
 
 
 
 
 
 
 
 
 
 
 
 
 
 
 
 
 
 
 
 
 
 d_200 spacind,d1(angstrom) =    
 
    1.7621101  
 
 
 d_220 spacind,d2(angstrom) =    
 
    1.246  
 
 
 d_111 spacind,d3(angstrom) =    
 
    2.0347095  
 
 
grepthis#Materials_Science_R._S._Khurmi_And_R._S._Sedha_2153/CH3/EX3.1/ex_3_1.sce #
 
 
 
 
 
 
 
 
 
 
 
 
 Miller indices of the plane (112) are: 1,1,0.5   
 
 
 
 
 
 
 
 
 Miller indices of the plane (001) are : Inf,Inf,1   
 
 
 
 
 
 
 
 
 Miller indices of the plane (101) are : 1,Inf,1   
 
 
grepthis#Materials_Science_R._S._Khurmi_And_R._S._Sedha_2153/CH3/EX3.20/ex_3_20.sce #
 
 
 
 
 
 
 
 
 
 
 
 
 inter planer spacing d_220,d(nm) =    
 
    0.112  
 
 
 
grepthis#Materials_Science_R._S._Khurmi_And_R._S._Sedha_2153/CH3/EX3.21/ex_3_21.sce #
 
 
 
 
 
 
 
 
 
 
 
 
 
 ratio of interplanar distances is 1:0.71:0.58   
 
 
grepthis#Materials_Science_R._S._Khurmi_And_R._S._Sedha_2153/CH3/EX3.22/ex_3_22.sce #
 
 
 
 
 
 
 
 
 
 
 
 perpendicular distance between the planes (111) and (222)   
 
    0.2886751  
 
 
 
grepthis#Materials_Science_R._S._Khurmi_And_R._S._Sedha_2153/CH3/EX3.23/ex_3_23.sce #
 
 
 
 
 
 
 
 
 
 
 
 
 
 
 angle between planes (122) and (111) is 15 degree 48 minutes   
 
 
 
 
grepthis#Materials_Science_R._S._Khurmi_And_R._S._Sedha_2153/CH3/EX3.24/ex_3_24.sce #
 
 
 
 
 
 
 
 
 
 
 
 
 number of atoms(atoms/cm^3) =     
 
    8.49D+22  
 
 
grepthis#Materials_Science_R._S._Khurmi_And_R._S._Sedha_2153/CH3/EX3.25/ex_3_25.sce #
 
 
 
 
 
 
 
 
 
 
 
 
 lattice constant,a(angstrom)   
 
    2.866  
 
 
grepthis#Materials_Science_R._S._Khurmi_And_R._S._Sedha_2153/CH3/EX3.26/ex_3_26.sce #
 
 
 
 
 
 
 
 
 
 
 
 
 
 density of copper,b(g/cc) =    
 
    8.93  
 
 
grepthis#Materials_Science_R._S._Khurmi_And_R._S._Sedha_2153/CH3/EX3.27/ex_3_27.sce #
 
 
 
 
 
 
 
 
 
 
 
 
 
 number of atoms,n =    
 
    2.  
 
 
grepthis#Materials_Science_R._S._Khurmi_And_R._S._Sedha_2153/CH3/EX3.28/ex_3_28.sce #
 
 
 
 
 
 
 
 
 
 
 
 
 
 the lattice constant,a(nm) =    
 
    0.4  
 
 
 
grepthis#Materials_Science_R._S._Khurmi_And_R._S._Sedha_2153/CH3/EX3.29/ex_3_29.sce #
 
 
 
 
 
 
 
 
 
 
 
 the number of atom,n =    
 
    2.  
 
 
grepthis#Materials_Science_R._S._Khurmi_And_R._S._Sedha_2153/CH3/EX3.2/ex_3_2.sce #
 
 
 
 
 
 
 
 
 
 
 
 
 Miller indices of the plane (020) are: Inf,0.5,Inf   
 
 
 
 
 
 
 
 
 Miller indices of the plane (120) are : 1,0.5,Inf   
 
 
 
 
 
 
 
 
 Miller indices of the plane (220) are : 0.5,0.5,Inf   
 
 
 
grepthis#Materials_Science_R._S._Khurmi_And_R._S._Sedha_2153/CH3/EX3.30/ex_3_30.sce #
 
 
 
 
 
 
 
 
 
 
 
 
 
 
 
 
 number of vacancies in copper in vacancies/cm^3   
 
    61187299.  
 
 
 
grepthis#Materials_Science_R._S._Khurmi_And_R._S._Sedha_2153/CH3/EX3.31/ex_3_31.sce #
 
 
 
 
 
 
 
 
 
 a  =
 
    0.35  
 
 
 
 interplanar spacing,d(angstrom) =    
 
    2.22  
 
 
grepthis#Materials_Science_R._S._Khurmi_And_R._S._Sedha_2153/CH3/EX3.32/ex_3_32.sce #
 
 
 
 
 
 
 
 
 
 a  =
 
    0.5  
 
 
 
 interatomic spacing,d(angstrom) =    
 
    1.54  
 
 
grepthis#Materials_Science_R._S._Khurmi_And_R._S._Sedha_2153/CH3/EX3.33/ex_3_33.sce #
 
 
 
 
 
 
 
 
 a  =
 
    1.  
 
 
 
 
 number of order,n =    
 
    1.53  
 
 
grepthis#Materials_Science_R._S._Khurmi_And_R._S._Sedha_2153/CH3/EX3.34/ex_3_34.sce #
 
 
 
 
 
 
 
 
 
 
 
 
 size of unit cell in Ä   
 
    3.5141376  
 
 
 
grepthis#Materials_Science_R._S._Khurmi_And_R._S._Sedha_2153/CH3/EX3.35/ex_3_35.sce #
 
 
 
 
 
 
 
 
 
 
 
 
 
 
 angle between planes (122) and (111) is 7 degree 32 minutes   
 
 
 
grepthis#Materials_Science_R._S._Khurmi_And_R._S._Sedha_2153/CH3/EX3.36/ex_3_36.sce #
 
 
 
 
 
 
 
 
 
 
 
 
 interplanner spacing in Ä is   
 
    2.2194317  
 
 
 miller indices are (110) , (011) or (101)   
 
 
grepthis#Materials_Science_R._S._Khurmi_And_R._S._Sedha_2153/CH3/EX3.37/ex_3_37.sce #
 
 
 
 
 
 
 
 
 
 
 
 
 
 
 angle between planes (122) and (111) is 41 degree 13 minutes   
 
 
 interplanner spacing in Ä is   
 
    0.1170040  
 
 
 
grepthis#Materials_Science_R._S._Khurmi_And_R._S._Sedha_2153/CH3/EX3.3/ex_3_3.sce #
 
 
 
 
 
 
 
 
 
 
 
 
 
 miller indices (Case 1) of the given plane are 2 : 0 : 0    
 
 
 miller indices (Case 2) of the given plane are 1 : 0 : 0    
 
 
grepthis#Materials_Science_R._S._Khurmi_And_R._S._Sedha_2153/CH3/EX3.4/ex_3_4.sce #
 
 
 
 
 
 
 
 
 
 
 
 
 
 
 miller indices of the given plane are 2 : 1 : 2    
 
 
grepthis#Materials_Science_R._S._Khurmi_And_R._S._Sedha_2153/CH3/EX3.5/ex_3_5.sce #
 
 
 
 
 
 
 
 
 h1  =
 
    1.  
 
 
 
 
 Miller indices of the plane (110) are: 1,1,Inf   
 
 
 
 
 
 
 
 
 Miller indices of the plane (111) are : 1,1,1   
 
 
 
grepthis#Materials_Science_R._S._Khurmi_And_R._S._Sedha_2153/CH3/EX3.9/ex_3_9.sce #
 
 
 
 
 
 
 
 
 
 
 total number of atoms are   
 
    4.  
 
 
grepthis#Materials_Science_R._S._Khurmi_And_R._S._Sedha_2153/CH5/EX5.10/ex_5_10.sce #
 
 
 
 
 
 
 
 
 
 
 
 
 density,n(m^-3) =    
 
    1.03D+29  
 
 
 
 drift velocity,v(m/s) =    
 
    0.00175  
 
 
grepthis#Materials_Science_R._S._Khurmi_And_R._S._Sedha_2153/CH5/EX5.11/ex_5_11.sce #
 
 
 
 
 
 
 
 Ef  =
 
    2.1  
 
 
 
 
 velocity,vf(m/s) =    
 
    859449.87  
 
 
grepthis#Materials_Science_R._S._Khurmi_And_R._S._Sedha_2153/CH5/EX5.12.a/ex_5_12_a.sce #
 
 
 
 
 
 
 
 
 
 
 
 velocity,vf(m/s) =    
 
    1149056.  
 
 
 
grepthis#Materials_Science_R._S._Khurmi_And_R._S._Sedha_2153/CH5/EX5.12.b/ex_5_12_b.sce #
 
 
 
 
 
 
 
 
 
 
 
 
 mobility,mu(m^2/V-sec) =    
 
    0.0017604  
 
 
grepthis#Materials_Science_R._S._Khurmi_And_R._S._Sedha_2153/CH5/EX5.13/ex_5_13.sce #
 
 
 
 
 
 
 
 
 
 Ef  =
 
    7.  
 
 
 
 
 
 the mean free path,lamda(mm) =    
 
    1.57  
 
 
grepthis#Materials_Science_R._S._Khurmi_And_R._S._Sedha_2153/CH5/EX5.14/ex_5_14.sce #
 
 
 
 
 
 
 
 
 
 
 
 
 
 
 
 
 mobility,mu(m^2/V-s) =    
 
    42.65  
 
 
 
 average time,t(ns) =    
 
    0.242  
 
 
grepthis#Materials_Science_R._S._Khurmi_And_R._S._Sedha_2153/CH5/EX5.15/ex_5_15.sce #
 
 
 
 
 
 
 
 
 
 
 
 
 
 
 
 
 
 
 
 
 
 resistivity,p(ohm-m) =    
 
    4.7D-18  
 
 
grepthis#Materials_Science_R._S._Khurmi_And_R._S._Sedha_2153/CH5/EX5.1.a/ex_5_1_a.sce #
 
 
 
 
 
 
 
 
 
 
 probability for diamond,f_E =    
 
    4.58D-48  
 
 
grepthis#Materials_Science_R._S._Khurmi_And_R._S._Sedha_2153/CH5/EX5.1.b/ex_5_1_b.sce #
 
 
 
 
 
 
 
 
 
 probability for diamond,f_E =    
 
    9.013D-10  
 
 
 
grepthis#Materials_Science_R._S._Khurmi_And_R._S._Sedha_2153/CH5/EX5.2/ex_5_2.sce #
 
 
 
 
 
 
 
 
 resistance of wire,R(ohm) =    
 
    0.25  
 
 
grepthis#Materials_Science_R._S._Khurmi_And_R._S._Sedha_2153/CH5/EX5.3/ex_5_3.sce #
 
 
 
 
 
 
 
 
 
 
 resistance of wire,R(ohm) =    
 
    2.72  
 
 
grepthis#Materials_Science_R._S._Khurmi_And_R._S._Sedha_2153/CH5/EX5.4/ex_5_4.sce #
 
 
 
 
 
 
 
 
 
 
 
 
 
 conductivitty,b(ohm^-1.m^-1) =    
 
    2.9D+07  
 
 
grepthis#Materials_Science_R._S._Khurmi_And_R._S._Sedha_2153/CH5/EX5.5/ex_5_5.sce #
 
 
 
 
 
 
 
 
 
 
 
 
 
 drift velocity of electron,v (m/sec) =    
 
    3.93  
 
 
grepthis#Materials_Science_R._S._Khurmi_And_R._S._Sedha_2153/CH5/EX5.6/ex_5_6.sce #
 
 
 
 
 
 
 
 
 
 
 
 
 
 conductivity,b(mho/m) =    
 
    47466174.  
 
 
grepthis#Materials_Science_R._S._Khurmi_And_R._S._Sedha_2153/CH5/EX5.7/ex_5_7.sce #
 
 
 
 
 
 
 
 
 
 mobility of electrons,mu(m^2/volts.sec) =    
 
    0.00176  
 
 
grepthis#Materials_Science_R._S._Khurmi_And_R._S._Sedha_2153/CH5/EX5.8/ex_5_8.sce #
 
 
 
 
 
 
 
 
 
 
 
 
 mobility of electron,mu(m^2/volt-sec) =    
 
    72.42  
 
 
grepthis#Materials_Science_R._S._Khurmi_And_R._S._Sedha_2153/CH5/EX5.9/ex_5_9.sce #
 
 
 
 
 
 
 
 
 
 
 mobility ,mu(m^2/volt-sec) =    
 
    676.23804  
 
 
 drift velocity,v(m/sec) =    
 
    676.23804  
 
 
 
grepthis#Materials_Science_R._S._Khurmi_And_R._S._Sedha_2153/CH7/EX7.1/ex_7_1.sce #
 
 
 
 
 
 
 
 
 
 
 shear modulus,G(GN/m^2) =    
 
    80.77  
 
 
grepthis#Materials_Science_R._S._Khurmi_And_R._S._Sedha_2153/CH7/EX7.2/ex_7_2.sce #
 
 
 
 
 
 
 
 
 
 
 
 
 
 
 
 
 
 
 young modulus,E(N/m^2) =    
 
    2.09D+11  
 
 
 
 
 yield point stress,Y_stress(N/m^2) =     
 
    1.28D+08  
 
 
 
 ultimate stress,U_stress(N/m^2) =    
 
    1.93D+08  
 
 
 
 percentage elongation,p_elongation(%) =    
 
    3.75  
 
 
 
grepthis#Materials_Science_R._S._Khurmi_And_R._S._Sedha_2153/CH7/EX7.3.a/ex_7_3_A.sce #
 
 
 
 
 
 
 
 
 
 
 
 
 
 
 
 yeild point stress in N/m^2   
 
    3.259D+08  
 
 
grepthis#Materials_Science_R._S._Khurmi_And_R._S._Sedha_2153/CH7/EX7.3.b/ex_7_3_b.sce #
 
 
 
 
 
 
 
 
 
 
 
 
 
 
 
 
 ultimate tensile strangth in N/m^2   
 
    5.826D+08  
 
 
grepthis#Materials_Science_R._S._Khurmi_And_R._S._Sedha_2153/CH7/EX7.3.c/ex_7_3_c.sce #
 
 
 
 
 
 
 
 
 
 
 
 
 
 
 
 percentage elongation is   
 
    27.2  
 
 
 
grepthis#Materials_Science_R._S._Khurmi_And_R._S._Sedha_2153/CH7/EX7.3.d/ex_7_3_d.sce #
 
 
 
 
 
 
 
 
 
 
 
 
 
 
 
 
 
 
 
 modulus of elasticity in N/m^2   
 
    2.1D+11  
 
 
grepthis#Materials_Science_R._S._Khurmi_And_R._S._Sedha_2153/CH7/EX7.3.e/ex_7_3_e.sce #
 
 
 
 
 
 
 
 
 
 
 
 
 
 
 
 
 
 
 
 
 modulus of resilience is   
 
    0.253  
 
 
grepthis#Materials_Science_R._S._Khurmi_And_R._S._Sedha_2153/CH7/EX7.3.f/ex_7_3_f.sce #
 
 
 
 
 
 
 
 
 
 
 
 
 
 
 
 
 
 
 
 
 
 fracture stress in N/m^2   
 
    4.115D+08  
 
 
grepthis#Materials_Science_R._S._Khurmi_And_R._S._Sedha_2153/CH7/EX7.3.g/ex_7_3_g.sce #
 
 
 
 
 
 
 
 
 
 
 
 
 
 
 
 
 
 
 
 
 
 
 
 modulus of toughness in N/m^2   
 
    1.236D+08  
 
 
 
grepthis#Materials_Science_R._S._Khurmi_And_R._S._Sedha_2153/CH7/EX7.4/ex_7_4.sce #
 
 
 
 
 
 
 
 
 
 
 
 
 
 
 true breaking stress,T_stress(N/mm^2) =    
 
   288.  
 
 
 
 nominal breaking stress,N_stress(N/mm^2) =    
 
   111.  
 
 
 
grepthis#Materials_Science_R._S._Khurmi_And_R._S._Sedha_2153/CH7/EX7.5.a/ex_7_5_A.sce #
 
 
 
 
 
 
 
 
 
 
 
 
 
 
 
 yeild point stress in N/mm^2   
 
    300.  
 
 
grepthis#Materials_Science_R._S._Khurmi_And_R._S._Sedha_2153/CH7/EX7.5.b/ex_7_5_b.sce #
 
 
 
 
 
 
 
 
 
 
 
 
 
 
 
 ultimate tensile strangth in N/mm^2   
 
    539.4  
 
 
grepthis#Materials_Science_R._S._Khurmi_And_R._S._Sedha_2153/CH7/EX7.5.c/ex_7_5_c.sce #
 
 
 
 
 
 
 
 
 
 
 
 
 
 
 
 
 percentage reduction is   
 
    66.  
 
 
 
grepthis#Materials_Science_R._S._Khurmi_And_R._S._Sedha_2153/CH7/EX7.5.d/ex_7_5_d.sce #
 
 
 
 
 
 
 
 
 
 
 
 
 
 
 
 
 percentage elonagtion is   
 
    30.  
 
 
 
grepthis#Materials_Science_R._S._Khurmi_And_R._S._Sedha_2153/CH7/EX7.6/ex_7_6.sce #
 
 
 
 
 
 
 
 
 A  =
 
    290.32  
 
 
 
 strain,epsilon (mm) =    
 
    0.0013934  
 
 
grepthis#Materials_Science_R._S._Khurmi_And_R._S._Sedha_2153/CH7/EX7.7/ex_7_7.sce #
 
 
 
 
 
 
 
 
 
 
 true stress,sigma_t(MPa) =    
 
    733.5  
 
 
 
 true strain,epsilon_t =    
 
    0.489  
 
 
grepthis#Materials_Science_R._S._Khurmi_And_R._S._Sedha_2153/CH7/EX7.8/ex_7_8.sce #
 
 
 
 
 
 
 
 
 
 
 
 
 
 stress on aluminium bar is 9.7222222 kg/mm^2 is less than stress on steel bar  
      63.661977 kg/mm^2                                                         
 
 
grepthis#Materials_Science_R._S._Khurmi_And_R._S._Sedha_2153/CH8/EX8.1/ex_8_1.sce #
 
 
 
 
 
 
 
 
 
 
 
 
 
 critical resolved shear stress in MPa   
 
    6.12  
 
 
grepthis#Materials_Science_R._S._Khurmi_And_R._S._Sedha_2153/CH8/EX8.2/ex_8_2.sce #
 
 
 
 
 
 
 
 
 
 
 
 
 
 
 
 
 
 yeild strength for a grain size in MN/mm^2   
 
    173.1  
 
 
 
grepthis#Materials_Science_R._S._Khurmi_And_R._S._Sedha_2153/CH8/EX8.3/ex_8_3.sce #
 
 
 
 
 
 
 
 
 
 
 
 
 
 
 
 
 yeild strength for a grain size in MN/mm^2   
 
    146.49111  
 
 
 
grepthis#Materials_Science_R._S._Khurmi_And_R._S._Sedha_2153/CH8/EX8.4/ex_8_4.sce #
 
 
 
 
 
 
 
 
 
 
 the grain diameter(mm) =    
 
    0.016  
 
 
grepthis#Materials_Science_R._S._Khurmi_And_R._S._Sedha_2153/CH9/EX9.1/ex_9_1.sce #
 
 
 
 
 
 
 
 
 
 
 fracture strength,sigma(MN/m^2) =    
 
    306.95232  
 
 
grepthis#Materials_Science_R._S._Khurmi_And_R._S._Sedha_2153/CH9/EX9.2/ex_9_2.sce #
 
 
 
 
 
 
 
 
 
 
 
 fracture strength,sigma(N/m^2) =    
 
    1.528D+08  
 
 
grepthis#Materials_Science_R._S._Khurmi_And_R._S._Sedha_2153/CH9/EX9.3/ex_9_3.sce #
 
 
 
 
 
 
 
 
 
 
 
 
 maximum length of surface flow,C2(micro-m) =      
 
    18.568  
 
 
grepthis#Materials_Science_R._S._Khurmi_And_R._S._Sedha_2153/CH9/EX9.4.a/ex_9_4_a.sce #
 
 
 
 
 
 
 
 
 
 
 
 
 temperture in kelvin for ductile to brittle transition at a strain rate of 10^ 
      -2 per second                                                             
 
    302.4  
 
 
grepthis#Materials_Science_R._S._Khurmi_And_R._S._Sedha_2153/CH9/EX9.4.b/ex_9_4_b.sce #
 
 
 
 
 
 
 
 
 
 
 
 
 temperture in kelvin for ductile to brittle transition at a strain rate of 10^ 
      -5 per second                                                             
 
    229.  
 
 
grepthis#Materials_Science_R._S._Khurmi_And_R._S._Sedha_2153/CH15/EX15.1/ex_15_1.sce #
 
 
 
 
 
 
 
 
 
 
 
 
 volume ratio of aluminium is   
 
    0.623  
 
 
 volume ratio of boron is   
 
    0.377  
 
 
grepthis#Materials_Science_R._S._Khurmi_And_R._S._Sedha_2153/CH16/EX16.1/ex_16_1.sce #
 
 
 
 
 
 
 
 
 
 
 
 
 the concentration,n_i(/cm^3) =    
 
    1.64D+22  
 
 
grepthis#Materials_Science_R._S._Khurmi_And_R._S._Sedha_2153/CH16/EX16.2/ex_16_2.sce #
 
 
 
 
 
 
 
 
 
 
 
 
 the intrinsic carrier,n_i(/m^3) =    
 
    5.03D+21  
 
 
grepthis#Materials_Science_R._S._Khurmi_And_R._S._Sedha_2153/CH16/EX16.3/ex_16_3.sce #
 
 
 
 
 
 
 
 
 
 
 
 
 in(/m^3) =    
 
    3.47D+07  
 
 
grepthis#Materials_Science_R._S._Khurmi_And_R._S._Sedha_2153/CH16/EX16.4/ex_16_4.sce #
 
 
 
 
 
 
 
 
 
 
 
 number of electrons carrier,n(/m^3) =    
 
    3.12D+21  
 
 
grepthis#Materials_Science_R._S._Khurmi_And_R._S._Sedha_2153/CH16/EX16.5/ex_16_5.sce #
 
 
 
 
 
 
 
 
 
 
 
 
 
 
 impurity concentration is in per m^3   
 
    4.19D+21  
 
 
grepthis#Materials_Science_R._S._Khurmi_And_R._S._Sedha_2153/CH16/EX16.6/ex_16_6.sce #
 
 
 
 
 
 
 
 
 
 
 
 
 
 the concentration,n_i(/m^3) =    
 
    1.095D+16  
 
 
grepthis#Materials_Science_R._S._Khurmi_And_R._S._Sedha_2153/CH16/EX16.7/ex_16_7.sce #
 
 
 
 
 
 
 
 
 
 
 
 the conductivity,sigma(ohm^-1 m^-1) =    
 
    0.0003966  
 
 
grepthis#Materials_Science_R._S._Khurmi_And_R._S._Sedha_2153/CH17/EX17.1/ex_17_1.sce #
 
 
 
 
 
 
 
 
 
 
 
 
 
  C1 24A will hold the more charge than C2 26A    
 
 
grepthis#Materials_Science_R._S._Khurmi_And_R._S._Sedha_2153/CH18/EX18.1/ex_18_1.sce #
 
 
 
 
 
 
 
 
 
 
 
 
 the flux density,B(Wb/m^2) =    
 
    0.0126129  
 
 
 magnetization,M(A/m) =    
 
    37.  
 
 
grepthis#Materials_Science_R._S._Khurmi_And_R._S._Sedha_2153/CH18/EX18.2.a/ex_18_2_a.sce #
 
 
 
 
 
 
 
 
 
 
 
 
 saturation magnetization,Ms(A/m) =    
 
    507834.  
 
 
grepthis#Materials_Science_R._S._Khurmi_And_R._S._Sedha_2153/CH18/EX18.2.b/ex_18_2_b.sce #
 
 
 
 
 
 
 
 
 
 
 
 
 
 
 
 saturation flux density,Bs(tesla) =    
 
    0.64  
 
 
grepthis#Materials_Science_R._S._Khurmi_And_R._S._Sedha_2153/CH18/EX18.3/ex_18_3.sce #
 
 
 
 
 
 
 
 
 
 
 
 
 
 
 
 
 saturation magnetisation,m_mu_b(A.m^2) =    
 
    5.67D-24  
 
 
grepthis#Materials_Science_R._S._Khurmi_And_R._S._Sedha_2153/CH18/EX18.4/ex_18_4.sce #
 
 
 
 
 
 
 
 
 
 
 power loss,Wh(watts) =    
 
    300.  
 
 
grepthis#Materials_Science_R._S._Khurmi_And_R._S._Sedha_2153/CH18/EX18.5/ex_18_5.sce #
 
 
 
 
 
 
 
 
 
 
 
 
 
 
 energy_loss_per_hour(J/hour) =    
 
    3.375D+10  
 
 
 
