Total number of .sce files(without counting DEPENDENCIES directory): 135

grepthis#Heat_And_Thermodynamics_A._Manna_1571/CH2/EX2.1/Chapter2_Example1.sce #
 
 
 
 
 
 
 
 
 
 
 
 
 
 
 
 
 
the temperature of melting ice at 10.75mm of hg is 54.58 deg.C 
 the length of ice corresponding to 50 deg.C is 9.95 mm 
 
grepthis#Heat_And_Thermodynamics_A._Manna_1571/CH2/EX2.2/Chapter2_Example2.sce #
 
 
 
 
 
 
 
 
 
 
 
 
 
the temperature of liquid of air is -187.96 deg.C 
 
grepthis#Heat_And_Thermodynamics_A._Manna_1571/CH2/EX2.3/Chapter2_Example3.sce #
 
 
 
 
 
 
 
 
 
 
 
 
 
 
height of the barometer is 27.83 cm 
 
grepthis#Heat_And_Thermodynamics_A._Manna_1571/CH2/EX2.4/Chapter2_Example4.sce #
 
 
 
 
 
 
 
 
 
 
 
 
the temperature of bulb is 819.00 K 
 
grepthis#Heat_And_Thermodynamics_A._Manna_1571/CH2/EX2.5/Chapter2_Example5.sce #
 
 
 
 
 
 
 
 
 
 
 
 
 
 
 
 
 
 
 
 
 
 
the temperature of the bath is 386.37 deg.C 
 
grepthis#Heat_And_Thermodynamics_A._Manna_1571/CH3/EX3.10/Chapter3_Example10.sce #
 
 
 
 
 
 
 
 
 
 
 
 
 
 
 
the rise in temperature is 37.7 deg.C 
 
grepthis#Heat_And_Thermodynamics_A._Manna_1571/CH3/EX3.11/Chapter3_Example11.sce #
 
 
 
 
 
 
 
 
 
 
 
 
 
the rise in temperature is 0.12 deg.C 
 
grepthis#Heat_And_Thermodynamics_A._Manna_1571/CH3/EX3.12/Chapter3_Example12.sce #
 
 
 
 
 
 
 
 
 
 
 
 
 
 
 
 
 
 
the mechanical equivalent is 4.167 j/cal 
 
grepthis#Heat_And_Thermodynamics_A._Manna_1571/CH3/EX3.13/Chapter3_Example13.sce #
 
 
 
 
 
 
 
 
 
 
 
 
 
 
the rise in the temperature is 68.7 deg,C 
 
grepthis#Heat_And_Thermodynamics_A._Manna_1571/CH3/EX3.14/Chapter3_Example14.sce #
 
 
 
 
 
 
 
 
 
 
 
 
 
 
 
 
 
the mechanical equivalent of heat is 41867283.19 ergs/calories 
 
grepthis#Heat_And_Thermodynamics_A._Manna_1571/CH3/EX3.15/Chapter3_Example15.sce #
 
 
 
 
 
 
 
 
 
 
 
 
 
mechanical equivalent of heat is 41712429.67 ergs/cal 
 
grepthis#Heat_And_Thermodynamics_A._Manna_1571/CH3/EX3.16/Chapter3_Example16.sce #
 
 
 
 
 
 
 
 
 
 
 
 
 
 
 
 
the mechanical equivalent of heat is 4.26 j/cal 
 
grepthis#Heat_And_Thermodynamics_A._Manna_1571/CH3/EX3.17/Chapter3_Example17.sce #
 
 
 
 
 
 
 
 
 
 
 
 
 
 
the mechanical equivalent of heat is 41873022.02 j/cal 
 
grepthis#Heat_And_Thermodynamics_A._Manna_1571/CH3/EX3.18/Chapter3_Example18.sce #
 
 
 
 
 
 
 
 
 
 
 
 
 
 
 
 
mechanical equivalent of heat is 415355829.40 ergs/calorie 
 
grepthis#Heat_And_Thermodynamics_A._Manna_1571/CH3/EX3.19/Chapter3_Example19.sce #
 
 
 
 
 
 
 
 
 
 
 
 
 
 
 
the specific heat at constant volume is 0.16449 calories 
 
grepthis#Heat_And_Thermodynamics_A._Manna_1571/CH3/EX3.1/Chapter3_Example1.sce #
 
 
 
 
 
 
 
 
 
 
 
 
 
 
 
 
 
the rise in temperature of water is 3.57 deg.C 
 
grepthis#Heat_And_Thermodynamics_A._Manna_1571/CH3/EX3.20/Chapter3_Example20.sce #
 
 
 
 
 
 
 
 
 
 
 
 
 
 
 
the height from which ice has fallen is 227251.10 cm 
 
grepthis#Heat_And_Thermodynamics_A._Manna_1571/CH3/EX3.21/Chapter3_Example21.sce #
 
 
 
 
 
 
 
 
 
 
 
 
 
 
the velocity of bullet is 14966.63 cm/sec 
 
grepthis#Heat_And_Thermodynamics_A._Manna_1571/CH3/EX3.22/Chapter3_Example22.sce #
 
 
 
 
 
 
 
 
 
 
 
 
 u  =
 
    3600.  
 
 
 
 
 
the rise in temperature is 1.13 deg.F 
 
grepthis#Heat_And_Thermodynamics_A._Manna_1571/CH3/EX3.2/Chapter3_Example2.sce #
 
 
 
 
 
 
 
 
 
 
 
 
 
 
 
 
 
 
 
 
 
mecanical equivalent of heat is 41461268 erg/cal 
 
grepthis#Heat_And_Thermodynamics_A._Manna_1571/CH3/EX3.3/Chapter3_Example3.sce #
 
 
 
 
 
 
 
 
 
 
 
 
 
 
 
 
the mechanical equivalent of water is 776.5 ft-lb/B.Th.U 
 
grepthis#Heat_And_Thermodynamics_A._Manna_1571/CH3/EX3.4/Chapter3_Example4.sce #
 
 
 
 
 
 
 
 
 
 
 
 
 
 
 
 
the mean rise in temperature is 158.7 deg.C 
 
grepthis#Heat_And_Thermodynamics_A._Manna_1571/CH3/EX3.5/Chapter3_Example5.sce #
 
 
 
 
 
 
 
 
 
 
 
 
 
 
 
 
the raise in temperature is 3.8 deg.C 
 
grepthis#Heat_And_Thermodynamics_A._Manna_1571/CH3/EX3.6/Chapter3_Example6.sce #
 
 
 
 
 
 
 
 
 
 
 
 
 
 
 
 
 
the rate at which horse worked is 33112 ft-lb wt/min 
 
grepthis#Heat_And_Thermodynamics_A._Manna_1571/CH3/EX3.7/Chapter3_Example7.sce #
 
 
 
 
 
 
 
 
 
 
 
 
 
 
 
 
 
 
the rise in temperature is 1.56 deg.C 
 
grepthis#Heat_And_Thermodynamics_A._Manna_1571/CH3/EX3.8/Chapter3_Example8.sce #
 
 
 
 
 
 
 
 
 
 
 
 
 
 
 
 
 
 
 
 
the heat developed is 25355.998215 calories 
 
grepthis#Heat_And_Thermodynamics_A._Manna_1571/CH3/EX3.9/Chapter3_Example9.sce #
 
 
 
 
 
 
 
 
 
 
 
 
 
 
 
 
the quantity of heat produced is 1173.444976 cal 
 the rise in temperature is 0.23 deg.C 
 
grepthis#Heat_And_Thermodynamics_A._Manna_1571/CH4/EX4.10/Chapter4_Example10.sce #
 
 
 
 
 
 
 
 
 
 
 
the temperature of the hydrogen molecule is 1092.000000 
 
grepthis#Heat_And_Thermodynamics_A._Manna_1571/CH4/EX4.11/Chapter4_Example11.sce #
 
 
 
 
 
 
 
 
 
 
 
 
 
 
the rms velocity at 0deg.C is 184254.191656 cm/sec 
 the rms velocity at 100deg.C is 215372.608925 cm/sec 
 
grepthis#Heat_And_Thermodynamics_A._Manna_1571/CH4/EX4.12/Chapter4_Example12.sce #
 
 
 
 
 
 
 
 
 
 
 
 
 
 
 
the rms velocity of gas molecule is 189826.955891cm/sec 
 
grepthis#Heat_And_Thermodynamics_A._Manna_1571/CH4/EX4.13/Chapter4_example13.sce #
 
 
 
 
 
 
 
 
 
 
 
 
 
the avg velocity of  oxygen molecule is 997.1 miles/hour 
 
grepthis#Heat_And_Thermodynamics_A._Manna_1571/CH4/EX4.14/Chapter4_Example14.sce #
 
 
 
 
 
 
 
 
 
 
 
 
 
the ratio of rms to mean velocity is 1.019 
 
grepthis#Heat_And_Thermodynamics_A._Manna_1571/CH4/EX4.15/Chapter4_Example15.sce #
 
 
 
 
 
 
 
 
 mf  =
 
    0.0000072  
 
 
 
the mean free path of the hydrogen molecue is 0.00000723 cm 
 
grepthis#Heat_And_Thermodynamics_A._Manna_1571/CH4/EX4.16/Chapter4_Example16.sce #
 
 
 
 
 
 
 
 
 
 
 
 
 
 
 
the mean free path is 0.000018cm 
 hte collision rate is 8934901960.78 
 the molecular diameter of hydrogen gas is 0.0000000216cm 
 
grepthis#Heat_And_Thermodynamics_A._Manna_1571/CH4/EX4.17/Chapter4_Example17.sce #
 
 
 
 
 
 
 
 
 
 
 
 
 
 
mean free path at ntp is 209177.798616cm 
 
grepthis#Heat_And_Thermodynamics_A._Manna_1571/CH4/EX4.18/Chapter4_Example18.sce #
 
 
 
 
 
 
 
 
 
 
 
 
 
 
diameter of the molecule is 0.0000000298 cm 
 
grepthis#Heat_And_Thermodynamics_A._Manna_1571/CH4/EX4.19/Chapter4_Example19.sce #
 
 
 
 
 
 
 
 
 
 
 
 
 
 
 
the pressure of the oxygen molecule is 0.691 dynes/sq.cm 
 
grepthis#Heat_And_Thermodynamics_A._Manna_1571/CH4/EX4.1/Chapter4_Example1.sce #
 
 
 
 
 
 
 
 
 
 
 
 
 
 
the rms velocity of the molecule is 46145.42cm/s 
 the temperature of the molecule is 141K 
 
grepthis#Heat_And_Thermodynamics_A._Manna_1571/CH4/EX4.20/Chapter4_Example20.sce #
 
 
 
 
 
 
 
 
 
 
 
 
the avagadro number is 604085106382978745892864.00 
 
grepthis#Heat_And_Thermodynamics_A._Manna_1571/CH4/EX4.21/Chapter4_Example21.sce #
 
 
 
 
 
 
 
 
 
 
 
 
 
 
the no. of molecules having no collision in traversing a distance o.5 is 3032.643162 
 the no. of molecules having no collision in traversing a distance 1 is 1839.384910 
 
grepthis#Heat_And_Thermodynamics_A._Manna_1571/CH4/EX4.22/Chapter4_Example22.sce #
 
 
 
 
 
 
 
 
 
 
 
 
the mean kinetic energy of the molecule is 4.965 ev 
 
grepthis#Heat_And_Thermodynamics_A._Manna_1571/CH4/EX4.23/Chapter4_Example23.sce #
 
 
 
 
 
 
 
 
 
 
 
 
 
 
the mean free path is 0.0000081 cm 
 the collision frequency is 5964479999.999998 
 
grepthis#Heat_And_Thermodynamics_A._Manna_1571/CH4/EX4.24/Chapter4_Example24.sce #
 
 
 
 
 
 
 
 
 
 
 
 
the pressure of the gas is 2.285 dynes/sq.cm 
 
grepthis#Heat_And_Thermodynamics_A._Manna_1571/CH4/EX4.25/Chapter4_Example25.sce #
 
 
 
 
 
 
 
 
 
 
 
 
 
the size of the helium atom is 0.0000000163 cm 
 
grepthis#Heat_And_Thermodynamics_A._Manna_1571/CH4/EX4.26/Chapter4_Example26.sce #
 
 
 
 
 
 
 
 
 
 
 
 
 
 
 
 
 
 
 
 
 
 
 x  =
 
    0.0000012  
 
 
 
 
the value of n is 572580111102922614374400.000000 
 
grepthis#Heat_And_Thermodynamics_A._Manna_1571/CH4/EX4.27/Chapter4_Example27.sce #
 
 
 
 
 
 
 
 
 
 
 
 
 
the fractional change in the no.of helium atoms 0.2558 
 
grepthis#Heat_And_Thermodynamics_A._Manna_1571/CH4/EX4.2/Chapter4_Example2.sce #
 
 
 
 
 
 
 
 
 
 
 
 
 
the temperature of the hydrogen molecule is  22K 
 
grepthis#Heat_And_Thermodynamics_A._Manna_1571/CH4/EX4.3/Chapter4_Example3.sce #
 
 
 
 
 
 
 
 
 
 
 
 
 
the rms velocity of the air is 48559.76cm/sec 
 
grepthis#Heat_And_Thermodynamics_A._Manna_1571/CH4/EX4.4/Chapter4_Example4.sce #
 
 
 
 
 
 
 
 
 
 
 
 
 
velocity of oxygen molecule is 46218.56cm/sec 
 
grepthis#Heat_And_Thermodynamics_A._Manna_1571/CH4/EX4.5/Chapter4_Example5.sce #
 
 
 
 
 
 
 
 
 
 
 
 
the kinetic energy of the hydrogen molecule is 0.0000000000000564erg 
 
grepthis#Heat_And_Thermodynamics_A._Manna_1571/CH4/EX4.6/Chapter4_Example6.sce #
 
 
 
 
 
 
 
 
 
 
 
 
 
the kinetic energy of the oxygen is 1246500000.00erg 
 
grepthis#Heat_And_Thermodynamics_A._Manna_1571/CH4/EX4.7/Chapter4_Example7.sce #
 
 
 
 
 
 
 
 
 
 
 
temperature of the oxygen in 614.25K 
 
grepthis#Heat_And_Thermodynamics_A._Manna_1571/CH4/EX4.8/Chapter4_Example8.sce #
 
 
 
 
 
 
 
 
 
 
 
 
 
 
the kinetic energy of the molecule is 152094240000.00ergs 
 
grepthis#Heat_And_Thermodynamics_A._Manna_1571/CH4/EX4.9/Chapter4_Example9.sce #
 
 
 
 
 
 
 
 
 
 
 
 
 
the kinetic energy of the molecule is 20106750000.00ergs 
 
grepthis#Heat_And_Thermodynamics_A._Manna_1571/CH5/EX5.1/Chapter5_Example1.sce #
 
 
 
 
 
 
 
 
 
 
 
 
 
 
the value of the constant b is 0.0019052 
 the value of the constant a is 0.00715 
 
grepthis#Heat_And_Thermodynamics_A._Manna_1571/CH5/EX5.4/Chapter5_Example4.sce #
 
 
 
 
 
 
 
 
 
 
 
 
 
the value of is 1330937.25 atm/cm^6/mol^2 
 the value of b is 36.40 cm^3/mol 
 
grepthis#Heat_And_Thermodynamics_A._Manna_1571/CH5/EX5.5/Chapter5_Example5.sce #
 
 
 
 
 
 
 
 
 
 
 
 
critical temperature of the given problem is 4.26 K 
 
grepthis#Heat_And_Thermodynamics_A._Manna_1571/CH6/EX6.1/Chapter6_Example1.sce #
 
 
 
 
 
 
 
 
 
 
 
 
 
 
 
 
the change in melting point of water is -0.00748050170 
 
grepthis#Heat_And_Thermodynamics_A._Manna_1571/CH6/EX6.2/Chapter6_Example2.sce #
 
 
 
 
 
 
 
 
 
 
 
 
 
 
 
the latent heat of vapourisation is 539.0 cal 
 
grepthis#Heat_And_Thermodynamics_A._Manna_1571/CH6/EX6.3/Chapter6_Example3.sce #
 
 
 
 
 
 
 
 
 
 
 
 
the value of k is 84467562.35 ergs/mol.deg 
 
grepthis#Heat_And_Thermodynamics_A._Manna_1571/CH6/EX6.4/Chapter6_Example4.sce #
 
 
 
 
 
 
 
 
 
 
 
 
 
 
 
 
temperature for the triple point is 0.007188 deg.C 
 
grepthis#Heat_And_Thermodynamics_A._Manna_1571/CH6/EX6.5/Chapter6_Example5.sce #
 
 
 
 
 
 
 
 
 
 
 
 
 
 
 
the slope of vapourisation curve is 444.69 dyne/sq.cm/deg.C 
 the slope of sublimation curve is 503.30 dyne/sq.cm/deg.C 
 
grepthis#Heat_And_Thermodynamics_A._Manna_1571/CH7/EX7.1/Chapter7_Example1.sce #
 
 
 
 
 
 
 
 
 
 
 
 
 
 
 
the inversion temperature of hydrogen is 223.70 K 
 
grepthis#Heat_And_Thermodynamics_A._Manna_1571/CH7/EX7.2/Chapter7_Example2.sce #
 
 
 
 
 
 
 
 
 
 
 
 
 
 
the change of temperature per atmosphere drop of pressure is -0.0004565 deg/atm 
 
grepthis#Heat_And_Thermodynamics_A._Manna_1571/CH7/EX7.3/Chapter7_Example3.sce #
 
 
 
 
 
 
 
 
 
 
 
 
 
 
 
the change of temperature in atmosphere drop of pressure is 0.31 deg/atm/cm^3 
 
grepthis#Heat_And_Thermodynamics_A._Manna_1571/CH7/EX7.4/Chapter7_Example4.sce #
 
 
 
 
 
 
 
 
 
 
 
 
 
 
the change in enthalpy is 750817771.20joules 
 
grepthis#Heat_And_Thermodynamics_A._Manna_1571/CH7/EX7.5/Chapter7_Example5.sce #
 
 
 
 
 
 
 
 
 
 
the inversion temperature of the helium is 35.50 K 
 
grepthis#Heat_And_Thermodynamics_A._Manna_1571/CH7/EX7.6/Chapter7_Example6.sce #
 
 
 
 
 
 
 
 
 
 
 
 
inversion temperature of hydrogen is 218.48 K 
 
grepthis#Heat_And_Thermodynamics_A._Manna_1571/CH7/EX7.7/Chapter7_Example7.sce #
 
 
 
 
 
 
 
 
 
 
 
 
 
 
 
the change in temperature is 12.51 K 
 
grepthis#Heat_And_Thermodynamics_A._Manna_1571/CH7/EX7.8/Chapter7_Example8.sce #
 
 
 
 
 
 
 
 
 
 
 
 
 
the drop in temperature is 202.45 K 
 
grepthis#Heat_And_Thermodynamics_A._Manna_1571/CH8/EX8.10/Chapter8_Example10.sce #
 
 
 
 
 
 
 
 
 
 
 
 
 
 
 
 
 
final pressure when air expands isothermally in cm of hg 38.00 mm of hg 
 final temperature when air expands isothermally is 290.00 K 
 temprature when air expands adiabatically is 219.78 K 
 final pressure when air expands adiabatically is 14.40 mm of hg 
 
grepthis#Heat_And_Thermodynamics_A._Manna_1571/CH8/EX8.11/Chapter8_Example11.sce #
 
 
 
 
 
 
 
 
 
 
 
 
 
 
 
the work done is 41151686.65 erg 
 the heat supplied is 3.391 cal 
 
grepthis#Heat_And_Thermodynamics_A._Manna_1571/CH8/EX8.12/Chapter8_Example12.sce #
 
 
 
 
 
 
 
 
 
 
 
 
 
 
 
 
work done in adiabatic compression is 6177647153.38 ergs 
 
grepthis#Heat_And_Thermodynamics_A._Manna_1571/CH8/EX8.13/Chapter8_Example13.sce #
 
 
 
 
 
 
 
 
 
 
 
 
change in internal energy is 8.60 cal 
 
grepthis#Heat_And_Thermodynamics_A._Manna_1571/CH8/EX8.14/Chapter8_Example14.sce #
 
 
 
 
 
 
 
 
 
 
 
 
 
 
 
 
 
 
the heat supplied to the gas is 83.11 cal 
 
grepthis#Heat_And_Thermodynamics_A._Manna_1571/CH8/EX8.15/Chapter8_Example15.sce #
 
 
 
 
 
 
 
 
 
 
 
 
 
the work done in isothermal expansion is 57977480832.02 ergs 
 
grepthis#Heat_And_Thermodynamics_A._Manna_1571/CH8/EX8.16/Chapter8_Example16.sce #
 
 
 
 
 
 
 
 
 
 
 
 
 
the work done by 2.6lit of neon is 86.98 ergs 
 
grepthis#Heat_And_Thermodynamics_A._Manna_1571/CH8/EX8.18/Chapter8_Example18.sce #
 
 
 
 
 
 
 
 
 
 
 
 
final temperature of the gas is 1047.13 K 
 
grepthis#Heat_And_Thermodynamics_A._Manna_1571/CH8/EX8.19/Chapter8_Example19.sce #
 
 
 
 
 
 
 
 
 
 
 
 
 
the coefficent of expansion is 1.65 
 
grepthis#Heat_And_Thermodynamics_A._Manna_1571/CH8/EX8.1/Chapter8_Example1.sce #
 
 
 
 
 
 
 
 
 
 
 
 
 
the change in internal energy is 3360092000.00 ergs 
 
grepthis#Heat_And_Thermodynamics_A._Manna_1571/CH8/EX8.2/Chapter8_Example2.sce #
 
 
 
 
 
 
 
 
 
 
 
 
 
 
 
 
internal energy of water is 20839977321.60 ergs 
 
grepthis#Heat_And_Thermodynamics_A._Manna_1571/CH8/EX8.3/Chapter8_Example3.sce #
 
 
 
 
 
 
 
 
 
 
 
 
the final temperature is 753.13 K 
 
grepthis#Heat_And_Thermodynamics_A._Manna_1571/CH8/EX8.4/Chapter8_Example4.sce #
 
 
 
 
 
 
 
 
 
 
 
 
 
the change in temperature is 0.106 deg.C 
 
grepthis#Heat_And_Thermodynamics_A._Manna_1571/CH8/EX8.5/Chapter8_Example5.sce #
 
 
 
 
 
 
 
 
 
 
 
 
 
 
drop in temperature is 51.74 K 
 
grepthis#Heat_And_Thermodynamics_A._Manna_1571/CH8/EX8.6/Chapter8_Example6.sce #
 
 
 
 
 
 
 
 
 
 
 
 
the final temperature is 218.3 K 
 
grepthis#Heat_And_Thermodynamics_A._Manna_1571/CH8/EX8.7/Chapter8_Example7.sce #
 
 
 
 
 
 
 
 
 
 
 
 
 
 
 
the final pressure when it is compressed slowly is 50.000000atm 
 the final pressure when it is compressed suddenly is 239.09atm 
 the rise in temperature when it is suddenly compressed is 1305K 
 
grepthis#Heat_And_Thermodynamics_A._Manna_1571/CH8/EX8.8/Chapter8_Example8.sce #
 
 
 
 
 
 
 
 
 
 
 
 
 
the rise in temperature is 300.00 K 
 
grepthis#Heat_And_Thermodynamics_A._Manna_1571/CH8/EX8.9/Chapter8_Example9.sce #
 
 
 
 
 
 
 
 
 
 
 
 
the work done in expanding isothermally is 23040212281.81 ergs 
 
grepthis#Heat_And_Thermodynamics_A._Manna_1571/CH9/EX9.10/Chapter9_Example10.sce #
 
 
 
 
 
 
 
 
 
 
 
 
 
the indicted thermal efficiency is 0.224 
 
grepthis#Heat_And_Thermodynamics_A._Manna_1571/CH9/EX9.11/Chapter9_Example11.sce #
 
 
 
 
 
 
 
 
 
 
 
 
hoose power of the engine is 972.22 
 
grepthis#Heat_And_Thermodynamics_A._Manna_1571/CH9/EX9.12/Chapter9_Example12.sce #
 
 
 
 
 
 
 
 
 
 
 
 
 
 
 
the maximum pressure of the engine is 27.08 atm 
 
grepthis#Heat_And_Thermodynamics_A._Manna_1571/CH9/EX9.13/Chapter9_Example13.sce #
 
 
 
 
 
 
 
 
 
 
 
 
 
 
the efficiency of the engine is 0.554 
 
grepthis#Heat_And_Thermodynamics_A._Manna_1571/CH9/EX9.14/Chapter9_Example14.sce #
 
 
 
 
 
 
 
 
 
 
 
 
 
 
the final pressure is 664.69 lb/sq.inch 
 the final temperature is 1536.17 K 
 
grepthis#Heat_And_Thermodynamics_A._Manna_1571/CH9/EX9.1/Chapter9_Example1.sce #
 
 
 
 
 
 
 
 
 
 
 
 
 
the temperature of the source when 0.4 efficiency is 500.00 K 
 the temperature of the source when 0.6 efficiency is 750.00 K 
 
grepthis#Heat_And_Thermodynamics_A._Manna_1571/CH9/EX9.2/Chapter9_Example2.sce #
 
 
 
 
 
 
 
 
 
 
 
 
 
 
 
work done is 225.20 j 
 heat rejected is 146.38 cal 
 the efficiency of the engine is 0.27 
 
grepthis#Heat_And_Thermodynamics_A._Manna_1571/CH9/EX9.3/Chapter9_Example3.sce #
 
 
 
 
 
 
 
 
 
 
 
 
 
the efficiency of the engine is 0.78 
 the temperature of the source is 1350.00 K 
 
grepthis#Heat_And_Thermodynamics_A._Manna_1571/CH9/EX9.4/Chapter9_Example4.sce #
 
 
 
 
 
 
 
 
 
 
 
 
 
the heat added is 10493.97 cal 
 
grepthis#Heat_And_Thermodynamics_A._Manna_1571/CH9/EX9.5/Chapter9_Example5.sce #
 
 
 
 
 
 
 
 
 
 
 
 
 
efficiency of the engine is 0.06 
 energy to be supplied is 49816849816.85 ergs 
 
grepthis#Heat_And_Thermodynamics_A._Manna_1571/CH9/EX9.6/Chapter9_Example6.sce #
 
 
 
 
 
 
 
 
 
 
 
 
 
work done is 112600536193.03 ergs 
 
grepthis#Heat_And_Thermodynamics_A._Manna_1571/CH9/EX9.7/Chapter9_Example7.sce #
 
 
 
 
 
 
 
 
 
 
 
 
 
 
the efficiency of the engine is 0.40 
 the heat supplied is 44404.76 cal/sec 
 the heat rejected is 26642.86 cal/sec 
 
grepthis#Heat_And_Thermodynamics_A._Manna_1571/CH9/EX9.8/Chapter9_Example8.sce #
 
 
 
 
 
 
 
 
 
 
 
 
 
 
 
 
 
the lowest temperature is 293.02 K 
 work done is 11143854898.31 ergs 
 the efficiency of the engine is 0.51 
 
grepthis#Heat_And_Thermodynamics_A._Manna_1571/CH9/EX9.9/Chapter9_Example9.sce #
 
 
 
 
 
 
 
 
 
 
 
 
 
the percentage of the heat wasted is 96.00 
 
grepthis#Heat_And_Thermodynamics_A._Manna_1571/CH10/EX10.10/Chapter10_Example10.sce #
 
 
 
 
 
 
 
 
 
 
 
 
 
 
the rate of change in melting point is 0.035 per atmosphere 
 
grepthis#Heat_And_Thermodynamics_A._Manna_1571/CH10/EX10.11/Chapter10_Example11.sce #
 
 
 
 
 
 
 
 
 
 
 
 
 
 
change inn freezing point of water is -0.0075 deg.C 
 
grepthis#Heat_And_Thermodynamics_A._Manna_1571/CH10/EX10.1/Chapter10_Example1.sce #
 
 
 
 
 
 
 
 
 
 
 
 
 
the latent heat of fusion is 1.90 lit.atm 
 
grepthis#Heat_And_Thermodynamics_A._Manna_1571/CH10/EX10.2/Chapter10_Example2.sce #
 
 
 
 
 
 
 
 
 
 
 
 
the change in specific heat is -0.0000702 cal/degree 
 
grepthis#Heat_And_Thermodynamics_A._Manna_1571/CH10/EX10.3/Chapter10_Example3.sce #
 
 
 
 
 
 
 
 
 
 
 
 
 
specific heat at constant volume is 0.30 cal/deg.C 
 
grepthis#Heat_And_Thermodynamics_A._Manna_1571/CH10/EX10.5/Chapter10_Example5.sce #
 
 
 
 
 
 
 
 
 
 
 
 
 
the latent heat of fusion is 1.90 lit.atm 
 
grepthis#Heat_And_Thermodynamics_A._Manna_1571/CH10/EX10.6/Chapter10_Example6.sce #
 
 
 
 
 
 
 
 
 
 
 
 
 
 
 
 
the rate of change of saturation pressure is 2.73 cm of hg 
 
grepthis#Heat_And_Thermodynamics_A._Manna_1571/CH10/EX10.7/Chapter10_Example7.sce #
 
 
 
 
 
 
 
 
 
 
 
 
 
 
 
 
 
volume of gram of steam at 100deg.C is 1666.63 cc 
 
grepthis#Heat_And_Thermodynamics_A._Manna_1571/CH10/EX10.8/Chapter10_Example8.sce #
 
 
 
 
 
 
 
 
 
 
 
 
 
 
 
 
specific volume of vapour of carbon is 180.513 cc 
 
grepthis#Heat_And_Thermodynamics_A._Manna_1571/CH10/EX10.9/Chapter10_Example9.sce #
 
 
 
 
 
 
 
 
 
 
 
 
 
 
 
 
 
change in temperature is 0.35 deg.C 
 
grepthis#Heat_And_Thermodynamics_A._Manna_1571/CH11/EX11.10/Chapter11_Example10.sce #
 
 
 
 
 
 
 
 
 
 
 
 
 
 
 
 
 
the distance from which temparature variation can be detected is 89.4 cm 
 
grepthis#Heat_And_Thermodynamics_A._Manna_1571/CH11/EX11.1/Chapter11_Example1.sce #
 
 
 
 
 
 
 
 
 
 
 
 
 
 
 
the amount of heat conducted is 21600.00 cal 
 
grepthis#Heat_And_Thermodynamics_A._Manna_1571/CH11/EX11.2/Chapter11_Example2.sce #
 
 
 
 
 
 
 
 
 
 
 
 
 
 
 
rate flow of water is 4.80 gm/sec 
 
grepthis#Heat_And_Thermodynamics_A._Manna_1571/CH11/EX11.3/Chapter11_Example3.sce #
 
 
 
 
 
 
 
 
 
 
 
 
 
 
 
 
thermal conductivity of slab is 0.00011 cgs unit 
 
grepthis#Heat_And_Thermodynamics_A._Manna_1571/CH11/EX11.4/Chapter11_Example4.sce #
 
 
 
 
 
 
 
 
 
 
 
 
 
 
 
 
thermal conductivity of the tube is 0.0012 cgs unit 
 
grepthis#Heat_And_Thermodynamics_A._Manna_1571/CH11/EX11.5/Chapter11_Example5.sce #
 
 
 
 
 
 
 
 
 
 
 
 
thermal conductivity of first bar is 0.133 cgs unit 
 
grepthis#Heat_And_Thermodynamics_A._Manna_1571/CH11/EX11.6/Chapter11_Example6.sce #
 
 
 
 
 
 
 
 
 
 
 
 
 
welded temperature is 64.79 deg.C 
 
grepthis#Heat_And_Thermodynamics_A._Manna_1571/CH11/EX11.7/Chapter11_Example7.sce #
 
 
 
 
 
 
 
 
 
 
 
 
 
 
 
 
 
 
thermal cnductivity of rubber tube is 0.00035 cgs unit 
 
grepthis#Heat_And_Thermodynamics_A._Manna_1571/CH11/EX11.8/Chapter11_Example8.sce #
 
 
 
 
 
 
 
 
 
 
 
 
 
 
 
 
 
 
heat lost by stone is 161280.00 cal 
 heat lost by steel is 30240000.00 cal 
 
grepthis#Heat_And_Thermodynamics_A._Manna_1571/CH11/EX11.9/Chapter11_Example9.sce #
 
 
 
 
 
 
 
 
 
 
 
 
 
 
 
the temperature of the common surface is  41 deg.C 
 
grepthis#Heat_And_Thermodynamics_A._Manna_1571/CH12/EX12.1/Chapter12_Example1.sce #
 
 
 
 
 
 
 
 
 
 
 
 
 
 
 
ratio of heat lost from two substances is 11.91 
 
grepthis#Heat_And_Thermodynamics_A._Manna_1571/CH12/EX12.2/Chapter12_Example2.sce #
 
 
 
 
 
 
 
 
 
 
 
 
 
 
 
boltzmann constant is 0.0000000000035 cal/sq.cm/sec/deg^4 
 
grepthis#Heat_And_Thermodynamics_A._Manna_1571/CH12/EX12.3/Chapter12_Example3.sce #
 
 
 
 
 
 
 
 
 
 
 
 
 
ratio of intensity of radition is 0.74 
 
grepthis#Heat_And_Thermodynamics_A._Manna_1571/CH12/EX12.4/Chapter12_Example4.sce #
 
 
 
 
 
 
 
 
 
 
 
 
 
total heat radiated is 2496.74 cal/sec 
 
grepthis#Heat_And_Thermodynamics_A._Manna_1571/CH12/EX12.5/Chapter12_Example5.sce #
 
 
 
 
 
 
 
 
 
 
 
 
time for which the sun rays falls is 3.18 min 
 
grepthis#Heat_And_Thermodynamics_A._Manna_1571/CH12/EX12.6/Chapter12_Example6.sce #
 
 
 
 
 
 
 
 
 
 
 
 
 
 
 
amount of heat received by earth is 2096.45 cal 
 
grepthis#Heat_And_Thermodynamics_A._Manna_1571/CH12/EX12.7/Chapter12_Example7.sce #
 
 
 
 
 
 
 
 
 
 
 
 
 
 
 
rate of loss of heat is 1.07 
 
grepthis#Heat_And_Thermodynamics_A._Manna_1571/CH12/EX12.8/Chapter12_Example8.sce #
 
 
 
 
 
 
 
 
 
 
 
 
 
 
end temperature of the temperature is 1687.45 K 
 
grepthis#Heat_And_Thermodynamics_A._Manna_1571/CH12/EX12.9/Chapter12_Example9.sce #
 
 
 
 
 
 
 
 
 
 
 
the temperature of the star is 68511.50 K 
 
grepthis#Heat_And_Thermodynamics_A._Manna_1571/CH13/EX13.1/Chapter13_Example1.sce #
 
 
 
 
 
 
 
 
 
 
 
 
the required probability is 0.06 
 
grepthis#Heat_And_Thermodynamics_A._Manna_1571/CH13/EX13.2/Chapter13_Example2.sce #
 
 
 
 
 
 
 
 
 
 
 
 
 
total probability is 0.0000037 
 
grepthis#Heat_And_Thermodynamics_A._Manna_1571/CH13/EX13.3/Chapter13_Example3.sce #
 
 
 
 
 
 
 
 
 
 
 
 
probability of distribution (8,4) is 0.12085 
 
grepthis#Heat_And_Thermodynamics_A._Manna_1571/CH13/EX13.4/Chapter13_Example4.sce #
 
 
 
 
 
 
 
 
 
 
 
 
 
 
 
probability that the oxygen speed is lies between is 0.0006867793547870 m/sec 
 
