Total number of .sce files(without counting DEPENDENCIES directory): 73

grepthis#Introduction_To_Electric_Drives_J._S._Katre_2207/CH1/EX1.11.1/ex_1_11_1.sce #
 
 
 
 
 
 
 
 
 
 peak reverse recovery current in amperes   
 
    30.  
 
 
grepthis#Introduction_To_Electric_Drives_J._S._Katre_2207/CH1/EX1.18.1/ex_1_18_1.sce #
 
 
 
 
 
 
 
 
 
 
 
 
 the capacitor voltage in volts is   
 
    0.1541  
 
 
 
grepthis#Introduction_To_Electric_Drives_J._S._Katre_2207/CH1/EX1.18.2/ex_1_18_2.sce #
 
 
 
 
 
 
 
 
 
 
 
 
 the capacitor voltage in volts is   
 
    0.1561  
 
 
 
grepthis#Introduction_To_Electric_Drives_J._S._Katre_2207/CH1/EX1.20.1/ex_1_20_1.sce #
 
 
 
 
 
 
 
 
 
 
 
 
 The Circuit Turn Off Time,Tc(micro-sec) =    
 
    34.72  
 
 
grepthis#Introduction_To_Electric_Drives_J._S._Katre_2207/CH1/EX1.20.2/ex_1_20_2.sce #
 
 
 
 
 
 
 
 
 
 
 
 
 
 
 
 Peak Current,It1(A) =    
 
    60.  
 
 
 
 The Circuit Turn Off Time,Tc(micro-sec) =    
 
    69.44  
 
 
grepthis#Introduction_To_Electric_Drives_J._S._Katre_2207/CH1/EX1.21.1/ex_1_21_1.sce #
 
 
 
 
 
 
 
 
 
 
 
 capacitance,C(micro-farad) =    
 
    24.  
 
 
 
 minimum inductance,L_min(micro-Henry) =    
 
    150.  
 
 
 
 
 Maximum inductance,L_max(micro-Henry) =    
 
    263.85725  
 
 
grepthis#Introduction_To_Electric_Drives_J._S._Katre_2207/CH2/EX2.6.1/ex_2_6_1.sce #
 
 
 
 
 
 
 
 
 
 
 
 
 
 
 
 
 
 
 
 
 
 
 
 
 resistance R1 in ohm is   
 
    339.  
 
 
 resistance R in kilo ohm is   
 
    279.67  
 
 
 resistance R2 in ohm is   
 
    653.59  
 
 
grepthis#Introduction_To_Electric_Drives_J._S._Katre_2207/CH2/EX2.7.10/ex_2_7_10.sce #
 
 
 
 
 
 
 
 
 
 
 
 
 
 
 
 
 
 
 
 
 
 
 Vp in volts is   
 
    14.  
 
 
 R1 in ohm is   
 
    400.  
 
 
 R in kilo ohm is   
 
    9.269  
 
 
 minimum resistance in kilo ohm is   
 
    1.75  
 
 
 maximum resistance in kilo ohm is   
 
    600.  
 
 
 R2 in ohm is   
 
    758.  
 
 
 
grepthis#Introduction_To_Electric_Drives_J._S._Katre_2207/CH2/EX2.7.11/ex_2_7_11.sce #
 
 
 
 
 
 
 
 
 
 
 
 
 
 
 triggering angle in degree is   
 
    3.07  
 
 
grepthis#Introduction_To_Electric_Drives_J._S._Katre_2207/CH2/EX2.7.12/ex_2_7_12.sce #
 
 
 
 
 
 
 
 
 
 
 
 
 part (a)   
 
 
 minimum pulse width required to turn on the SCR is in micro seconds   
 
    100.  
 
 
 
 
 
 part (b)   
 
 
 minimum pulse width in micro seconds is   
 
    101.  
 
 
 
grepthis#Introduction_To_Electric_Drives_J._S._Katre_2207/CH2/EX2.7.13/ex_2_7_13.sce #
 
 
 
 
 
 
 
 
 
 
 
 
 
 
 
 
 
 
 
 
 
 
 R1 in ohm is   
 
    371.1  
 
 
 R2 in ohm is   
 
    653.6  
 
 
 R3 in ohm is   
 
    339.  
 
 
 capaictance in micro Farad is   
 
    0.1  
 
 
 
grepthis#Introduction_To_Electric_Drives_J._S._Katre_2207/CH2/EX2.7.1/ex_2_7_1.sce #
 
 
 
 
 
 
 
 
 
 
 
 
 load current in (mA) 10   
 
 
grepthis#Introduction_To_Electric_Drives_J._S._Katre_2207/CH2/EX2.7.2/ex_2_7_2.sce #
 
 
 
 
 
 
 
 
 
 
 
 
 minimum pulse width in micro seconds is   
 
    251.26  
 
 
grepthis#Introduction_To_Electric_Drives_J._S._Katre_2207/CH2/EX2.7.3/ex_2_7_3.sce #
 
 
 
 
 
 
 
 
 
 
 
 
 minimum pulse width in micro seconds is   
 
    484.26  
 
 
grepthis#Introduction_To_Electric_Drives_J._S._Katre_2207/CH2/EX2.7.4/ex_2_7_4.sce #
 
 
 
 
 
 
 
 
 
 
 
 
 
 
 part (a)   
 
 
 resistance Rg in ohm is   
 
    11.248  
 
 
 
 
 part (b)   
 
 
 duty cycle in percentage is   
 
    6.  
 
 
 
 
 part (c)   
 
 
 triggering frequency in kHz is   
 
    3.  
 
 
grepthis#Introduction_To_Electric_Drives_J._S._Katre_2207/CH2/EX2.7.5/ex_2_7_5.sce #
 
 
 
 
 
 
 
 
 
 
 
 
 gate source resistance in ohm    
 
    20.  
 
 
grepthis#Introduction_To_Electric_Drives_J._S._Katre_2207/CH2/EX2.7.6/ex_2_7_6.sce #
 
 
 
 
 
 
 
 
 
 
 
 
 
 
 
 
 
 
 
 
 
 
 
 
 
 
 Voltage is ,(V)=   
 
    24.05  
 
 
 charging resistance in kilo ohm is   
 
    8.306  
 
 
 minimum resistance in kilo ohm is   
 
    3.842  
 
 
 maximum resistance in kilo ohm is   
 
    11.5  
 
 
 minimum frequency is Hz is   
 
    722.2  
 
 
 maximum frequency in kHz is   
 
    2.162  
 
 
 
 
grepthis#Introduction_To_Electric_Drives_J._S._Katre_2207/CH2/EX2.7.7/ex_2_7_7.sce #
 
 
 
 
 
 
 
 
 
 
 
 
 
 maximum resistance in kilo ohm is   
 
    2.5  
 
 
grepthis#Introduction_To_Electric_Drives_J._S._Katre_2207/CH2/EX2.7.8/ex_2_7_8.sce #
 
 
 
 
 
 
 
 
 
 
 
 
 part (a)   
 
 
 resistance in series with SCR gate in ohm is   
 
    14.  
 
 
 
 
 
 part (b)   
 
 
 gate power dissipation in Watt is   
 
    4.  
 
 
 
 
 
 
 part (c)   
 
 
 triggering frequency in kHz is   
 
    18.75  
 
 
grepthis#Introduction_To_Electric_Drives_J._S._Katre_2207/CH2/EX2.7.9/ex_2_7_9.sce #
 
 
 
 
 
 
 
 
 
 
 
 
 
 
 
 
 resistance Rg in ohm is   
 
    7.  
 
 
 average power loss in Watt is   
 
    1.  
 
 
grepthis#Introduction_To_Electric_Drives_J._S._Katre_2207/CH11/EX2.b/ex_2_b.sce #
 
 
 
 
 
 
 
 x  =
 
    0.7853982  
    1.5707963  
 
 
 
 pl1  =
 
    240.47148  
 
 
 
 power aborbed is,(W)=   
 
    240.47148  
 
 
 power aborbed is,(W)=   
 
    132.25  
 
 
grepthis#Introduction_To_Electric_Drives_J._S._Katre_2207/CH3/EX3.3.1/ex_3_3_1.sce #
 
 
 
 
 
 
 
 
Vlms=sqrt((Vm^2/(2*%pi))*intsplin(t,(sin(t))^2));//
                                               !       
at line       9 of exec file called by :    
Katre_2207/CH3/EX3.3.1/ex_3_3_1.sce',-1
 
Warning: Syntax "vector ^ scalar" is obsolete. It will be removed in Scilab 6.0.
  Use "vector .^ scalar" instead.

 
 
 
 part (a)   
 
 
 form factor is 1.9033505 or 190.33505 percentage   
 
 
 
 part (b)   
 
 
 
 ripple factor is 1.6194885 or 161.94885 percentage   
 
 
 
 
 
 
 part (c)   
 
 
 transformation utilization factor is 0.1779679 or 17.796793 percentage   
 
 
 
 
 
 part (d)   
 
 
 PIV=Vm   
 
 
grepthis#Introduction_To_Electric_Drives_J._S._Katre_2207/CH3/EX3.4.5/ex_3_4_5.sce #
 
 
 
 
 
 
 
 
 
 
 
 part (a)   
 
 
 delay angle in degree is   
 
    120.  
 
 
 
 
 
 
 
 
 
 part (b)   
 
 
 rms load current in amperes   
 
    7.05  
 
 
 average load current in amperes   
 
    2.7  
 
 
 
 
Ithrms=sqrt((Im^2/(2*%pi))*intsplin(t,(sin(t))^2));//in amperes
                                                 !       
at line      26 of exec file called by :    
Katre_2207/CH3/EX3.4.5/ex_3_4_5.sce',-1
 
Warning: Syntax "vector ^ scalar" is obsolete. It will be removed in Scilab 6.0.
  Use "vector .^ scalar" instead.

 
 
 part (c)   
 
 
 average thyristor current in amperes is   
 
    1.23  
 
 
 rms thyristor current in amperes is   
 
    4.15  
 
 
 
 
grepthis#Introduction_To_Electric_Drives_J._S._Katre_2207/CH3/EX3.6.1/ex_3_6_1.sce #
 
 
 
 
 
 
 
 
 
 
 
 
 part (a)   
 
 
 average load voltage in volts   
 
    155.3  
 
 
 part (b)   
 
 
 
 
 
 
 
 rms load voltage in volts   
 
    188.61  
 
 
 
 part (c)   
 
 
 
 
 rms load current in ampere   
 
    18.861  
 
 
 average load current in ampere   
 
    15.53  
 
 
 
 part (d)   
 
 
 
 form factor is 1.2145 or 121.45 %   
 
 
 
 ripple factor is 0.6891 or 68.914 %   
 
 
 
grepthis#Introduction_To_Electric_Drives_J._S._Katre_2207/CH3/EX3.7.1/ex_3_7_1.sce #
 
 
 
 
 
 
 
 alpha  =
 
    0.    
    60.   
    90.   
    135.  
    180.  
 
 mean voltage in volts is at angle 0 degree   
 
    108.  
 alpha  =
 
    0.    
    60.   
    90.   
    135.  
    180.  
 
 mean voltage in volts is at angle 60 degree   
 
    81.  
 alpha  =
 
    0.    
    60.   
    90.   
    135.  
    180.  
 
 mean voltage in volts is at angle 90 degree   
 
    54.  
 alpha  =
 
    0.    
    60.   
    90.   
    135.  
    180.  
 
 mean voltage in volts is at angle 135 degree   
 
    16.  
 alpha  =
 
    0.    
    60.   
    90.   
    135.  
    180.  
 
 mean voltage in volts is at angle 180 degree   
 
    0.  
 
 
 
 
 
 
 
 scr average current in amperes   
 
    12.5  
 
 
 average diode current in amperes   
 
    25.  
 
 
 peak current rating for SCR in amperes   
 
    12.5  
 
 
 peak current rating for diode in amperes   
 
    25.  
 
 
grepthis#Introduction_To_Electric_Drives_J._S._Katre_2207/CH3/EX3.7.2/ex_3_7_2.sce #
 
 
 
 
 
 
 
 
 
 
 
 
 
 
 
 
 
 
 
 
 average output voltage (Vldc)in volts is   
 
    54.  
 
 
 Normalised average output voltage (Vn) in volts is   
 
    0.5  
 
 
 RMS load voltage (Vlrms) in volts is   
 
    84.853  
 
 
 Harmonic factor (HF) in percentage is   
 
    48.343  
 
 
 Displacement factor (DF) in percentage is   
 
    70.711  
 
 
 power factor (PF) lagging is   
 
    0.6366  
 
 
grepthis#Introduction_To_Electric_Drives_J._S._Katre_2207/CH3/EX3.7.3/ex_3_7_3.sce #
 
 
 
 
 
 
 
 
 
 
 
!RMS value of 3 harmonic is I3  = -0.2122Io   !
!                                             !
!RMS value of 5 harmonic is I5  = -0.1273Io   !
!                                             !
!RMS value of 7 harmonic is I7  = 0.0909Io    !
!                                             !
!RMS value of 9 harmonic is I9  = 0.0707Io    !
 
 
 
grepthis#Introduction_To_Electric_Drives_J._S._Katre_2207/CH3/EX3.7.5/ex_3_7_5.sce #
 
 
 
 
 
 
 part (a)   
 
 
 
 
 
 
 
 
 
 alpha is in degree 45    
 
 
 part (b)   
 
 
 
 
 
 
 
 
 
 alpha  in degree 135    
 
 
grepthis#Introduction_To_Electric_Drives_J._S._Katre_2207/CH3/EX3.7.6/ex_3_7_6.sce #
 
 
 
 
 
 
 
 
 
 
 
 
 
 
 
 
 
 
 
 
 part (a)   
 
 
 average output voltage (Vldc)in volts is   
 
    99.  
 
 
 part (b)   
 
 
 due to exact 50% duty cycle the rms value of supply current Isrms=Io   
 
 
 
 
 
 part (c)   
 
 
 supply fundamental current is 0.900 Io    
 
 
 part (d)   
 
 
 
 displacement factor is   
 
    0.5  
 
 
 part (a)   
 
 
 
 supply power factor is (lagging)   
 
    0.450  
 
 
 part (f)   
 
 
 
 supply harmonic factor in percentage is   
 
    48.34  
 
 
grepthis#Introduction_To_Electric_Drives_J._S._Katre_2207/CH3/EX3.7.7/ex_3_7_7.sce #
 
 
 
 
 
 
 n  =
 
    0.     
    0.     
    9.425  
    0.     
    15.71  
    0.     
    21.99  
 
 
 
 
!RMS value of 3 harmonic is I3  = 0.300Io   !
!                                           !
!RMS value of 5 harmonic is I5  = 0.180Io   !
!                                           !
!RMS value of 7 harmonic is I7  = 0.129Io   !
 
 
 
grepthis#Introduction_To_Electric_Drives_J._S._Katre_2207/CH4/EX4.8.2/ex_4_8_2.sce #
 
 
 
 
 
 
 
 
 
 
 
 Ithrms is 0.5773503*Io   
 
 
grepthis#Introduction_To_Electric_Drives_J._S._Katre_2207/CH5/EX5.12.1/ex_5_12_1.sce #
 
 
 
 
 
 part (a)   
 
 
 
 
 
 
 
 rms output voltage at fundamental frequency in volts is   
 
    10.8  
 
 
 part (b)   
 
 
 
 output power in Watt is   
 
    48.  
 
 
 part (c)   
 
 
 
 
 average transistor current in amperes is   
 
    2.  
 
 
 transistor peak current in amperes is   
 
    4.  
 
 
 part (d)   
 
 
 
 peak reverse bloacking voltage in volts is   
 
    24.  
 
 
 part (e)   
 
 
 
 
 
 Total Hramonic distortion in percentage is   
 
    48.3  
 
 
 part (f)   
 
 
 
 
 
 
 distortion factor in percentage is   
 
    3.8  
 
 
 
 part (g)   
 
 
 DF3  =
 
    0.04  
 
 
 HF for the third harmonic in percentage is   
 
    33.3  
 
 
 DF the third harmonic in percentage is   
 
    3.7  
 
 
grepthis#Introduction_To_Electric_Drives_J._S._Katre_2207/CH5/EX5.12.2/ex_5_12_2.sce #
 
 
 
 
 
 
 
 
 
 
 part (a)   
 
 
 rms output voltage at fundamental frequency in volts is   
 
    43.2  
 
 
 part (b)   
 
 
 
 output power in Watt is   
 
    960.  
 
 
 part (c)   
 
 
 
 
 average transistor current in amperes is   
 
    10.  
 
 
 transistor peak current in amperes is   
 
    20.  
 
 
 part (d)   
 
 
 
 peak reverse bloacking voltage in volts is   
 
    48.  
 
 
 part (e)   
 
 
 
 
 
 Total Hramonic distortion in percentage is   
 
    48.3  
 
 
 part (f)   
 
 
 
 
 vorms  =
 
    0.9  
 
 
 
 distor factor in percentage is   
 
    91.3  
 
 
 
 part (g)   
 
 
 DF3  =
 
    0.04  
 
 
 HF for the third harmonic in percentage is   
 
    33.3  
 
 
 DF the third harmonic in percentage is   
 
    3.7  
 
 
 
grepthis#Introduction_To_Electric_Drives_J._S._Katre_2207/CH5/EX5.12.3/ex_5_12_3.sce #
 
 
 
 
 
 
 
 
 
 Rms value of third harmonic component of output voltage in volts is   
 
    60.  
 
 
 Rms value of fifth harmonic component of output voltage in volts is   
 
    36.  
 
 
 Rms value of seventh harmonic component of output voltage in volts is   
 
    25.723323  
 
 
grepthis#Introduction_To_Electric_Drives_J._S._Katre_2207/CH5/EX5.12.4/ex_5_12_4.sce #
 
 
 
 
 
 
 
 
 
 
 Vo1rms for half bridge circuit in volts is   
 
    90.  
 
 
 Rms value of third harmonic component for half bridge circuit  in volts is   
 
    30.  
 
 
 Rms value of fifth harmonic component for half bridge circuit in volts is   
 
    18.  
 
 
 Rms value of seventh harmonic component for half bridge circuite in volts is   
 
    12.861662  
 
 
 for bridge inverter   
 
 
 
 
 Vo1rms for half bridge circuit in volts is   
 
    180.  
 
 
 Rms value of third harmonic component for bridge inverter circuit  in volts is 
 
    60.  
 
 
 Rms value of fifth harmonic component for half bridge inverter circuit in volt 
      s is                                                                      
 
    36.  
 
 
 Rms value of seventh harmonic component for half bridge inverter circuite in v 
      olts is                                                                   
 
    25.723323  
 
 
grepthis#Introduction_To_Electric_Drives_J._S._Katre_2207/CH5/EX5.3.1/ex_5_3_1.sce #
 
 
 
 
 
 
 
 
 
 
 
 
 maximum frequency,f(kHz) =    
 
    4.4313728  
 
 
grepthis#Introduction_To_Electric_Drives_J._S._Katre_2207/CH11/EX5.b/ex_5_b.sce #
 
 
 
 
 
 
 
 
 
 
 
 
 
 
 
 
 full load speed is ,(rpm)=   
 
    3456.  
 
 
 
 slip is,=   
 
    0.25  
 
 
 
 
 
 maximum torque is,(N-m)=   
 
    132.83635  
 
 
grepthis#Introduction_To_Electric_Drives_J._S._Katre_2207/CH6/EX6.5.1/ex_6_5_1.sce #
 
 
 
 
 
 
 
 
 
 
 
 
 
 part (a)   
 
 
 average load voltage in volts is   
 
    59.4  
 
 
 part (b)   
 
 
 
 RMS load voltage in volts is   
 
    108.4  
 
 
 part (c)   
 
 
 
 ripple factor is 1.826 or 182.6%   
 
 
 part (d)   
 
 
 
 ripple factor is 1.528 or 152.8%   
 
 
grepthis#Introduction_To_Electric_Drives_J._S._Katre_2207/CH6/EX6.5.2/ex_6_5_2.sce #
 
 
 
 
 
 
 
 
 
 
 
 
 
 
 
 
 part (a)   
 
 
 chopper efficiency is 0.99 or 99%   
 
 
 part (b)   
 
 
 
 input resistance in ohm is   
 
    33.33  
 
 
 part (c)   
 
 
 
 
 
 average load current is,(A)=   
 
    5.94  
 
 
grepthis#Introduction_To_Electric_Drives_J._S._Katre_2207/CH6/EX6.5.3/ex_6_5_3.sce #
 
 
 
 
 
 
 
 
 
 
 
 part (a)   
 
 
 duty cycle is 0.5 or 50%   
 
 
 part (b)   
 
 
 
 Average Load Voltage,(volts) =    
 
    100.  
 
 
 part (c)   
 
 
 
 RMS Load Voltage,VL_rms(volts) =    
 
    141.4  
 
 
 
 
grepthis#Introduction_To_Electric_Drives_J._S._Katre_2207/CH6/EX6.5.6/ex_6_5_6.sce #
 
 
 
 
 
 
 
 
 
 
 
 
 
 
 
 part (a)   
 
 
 Average output voltage,VL_dc(V) =    
 
    174.8  
 
 
 part (b)   
 
 
 
 RMS output voltage,VL_rms(V) =    
 
    195.4  
 
 
 part (c)   
 
 
 
 
 
 chopper efficiency is 0.993 or 99.35%   
 
 
 part (d)   
 
 
 
 
 
 Effective input resistance,Ri(ohm) =    
 
    25.  
 
 
grepthis#Introduction_To_Electric_Drives_J._S._Katre_2207/CH6/EX6.5.7/ex_6_5_7.sce #
 
 
 
 
 
 
 
 
 
 
 
 
 
 average/DC output voltage in volts is   
 
    40.  
 
 
 average load current in amperes is   
 
    4.  
 
 
grepthis#Introduction_To_Electric_Drives_J._S._Katre_2207/CH6/EX6.6.11/ex_6_6_11.sce #
 
 
 
 
 
 
 
 
 
 
 
 
 
 
 
 
 
 
 part (a)   
 
 
 value of current limiting resistor in ohm is   
 
    9.75  
 
 
 
 part (b)   
 
 
 
 
 
 
 
 
 maximum duty cycle in percentage is   
 
    68.42  
 
 
 minimum duty cycle in percentage is   
 
    50.57  
 
 
grepthis#Introduction_To_Electric_Drives_J._S._Katre_2207/CH6/EX6.6.5/ex_6_6_5.sce #
 
 
 
 
 
 
 
 
 
 
 
 
 Average armature current,Ia(A) =    
 
    25.  
 
 
grepthis#Introduction_To_Electric_Drives_J._S._Katre_2207/CH6/EX6.6.6/ex_6_6_6.sce #
 
 
 
 
 
 
 
 
 
 
 
 
 
 
 
 
 
 
 part (a)   
 
 
 minimum instantaneous current in amperes is   
 
    9.021  
 
 
 part (b)   
 
 
 peak instantaneous current in amperes is   
 
    9.729  
 
 
 part (c)   
 
 
 
 maximum peak to peak ripple in the load current in amperes is   
 
    0.709  
 
 
grepthis#Introduction_To_Electric_Drives_J._S._Katre_2207/CH6/EX6.6.7/ex_6_6_7.sce #
 
 
 
 
 
 
 
 
 
 
 
 
 
 inductance in mH is   
 
    27.5  
 
 
grepthis#Introduction_To_Electric_Drives_J._S._Katre_2207/CH6/EX6.6.9/ex_6_6_9.sce #
 
 
 
 
 
 
 
 
 
 
 
 
 
 
 part (c)   
 
 
 As D = 0.3% is greater then D_dash = 0.131% so load current is continous   
 
 
 part (d)   
 
 
 
 Average output current,Io(A) =    
 
    42.  
 
 
 
 Maximum steady state putput current,I_max(A) =    
 
    51.46  
 
 
 
 Minimum steady state output current,I_min(A) =    
 
    33.  
 
 
 part (e)   
 
 
 
 
 
 
 
 
 fundamental component of load current in amperes is   
 
    5.09  
 
 
 second harmonic component of load current in amperes is   
 
    1.498  
 
 
grepthis#Introduction_To_Electric_Drives_J._S._Katre_2207/CH6/EX6.9.1/ex_6_9_1.sce #
 
 
 
 
 
 
 
 
 
 
 
 
 
 pulse width (ton) in micro seconds is   
 
    200.  
 
 
 new output voltage in volts is   
 
    330.  
 
 
grepthis#Introduction_To_Electric_Drives_J._S._Katre_2207/CH6/EX6.9.2/ex_6_9_2.sce #
 
 
 
 
 
 
 
 
 
 
 
 
 
 
 chopping frequency in Hz is   
 
    3333.33  
 
 
 new output voltage in volts is   
 
    300.  
 
 
grepthis#Introduction_To_Electric_Drives_J._S._Katre_2207/CH8/EX8.12.1/ex_8_12_1.sce #
 
 
 
 
 
 
 
 
 
 
 
 
 
 
 
 
 
 
 
 part (a)   
 
 
 Back emf,Eg(Volts) =    
 
    132.25  
 
 
 part (b)   
 
 
 
 Required armature voltage,Ea(volts) =    
 
    142.94  
 
 
 part (c)   
 
 
 
 rated armature current in amperes is   
 
    50.87  
 
 
grepthis#Introduction_To_Electric_Drives_J._S._Katre_2207/CH8/EX8.12.2/ex_8_12_2.sce #
 
 
 
 
 
 
 
 
 
 
 
 
 
 
 
 
 part (a)   
 
 
 Field current,If(A) =    
 
    1.3805  
 
 
 part (b)   
 
 
 
 
 
 
 
 angle in degree   
 
    83.903  
 
 
 part (c)   
 
 
 
 
 power factor (lagging) is   
 
    0.6815  
 
 
grepthis#Introduction_To_Electric_Drives_J._S._Katre_2207/CH8/EX8.12.3/ex_8_12_3.sce #
 
 
 
 
 
 
 
 
 
 
 
 
 
 
 
 
 
 
 part (a)   
 
 
 Torque developed by the motor,T(N/m) =    
 
    96.634  
 
 
 
 
 
 
 part (b)   
 
 
 Speed,N(rpm) =    
 
    661.71  
 
 
 part (c)   
 
 
 
 
 
 
 power factor (lagging) is   
 
    0.6366  
 
 
 
grepthis#Introduction_To_Electric_Drives_J._S._Katre_2207/CH8/EX8.12.4/ex_8_12_4.sce #
 
 
 
 
 
 
 
 
 
 
 
 
 
 
 
 part (a)   
 
 
 Motor torque,T(N-m) =    
 
    69.519  
 
 
 part (b)   
 
 
 
 
 Speed of the motor,N(rpm) =    
 
    930.39  
 
 
 part (c)   
 
 
 
 
 Power factor,PF(lagging) =    
 
    0.7797  
 
 
grepthis#Introduction_To_Electric_Drives_J._S._Katre_2207/CH8/EX8.18.1/ex_8_18_1.sce #
 
 
 
 
 
 
 
 
 
 
 
 
 
 
 
 
 
 
 
 part (a)   
 
 
 No load speed at alfa=0 degree,(rpm) =    
 
    2156.  
 
 
 No load speed at alfa=30 degree,(rpm) =    
 
    1866.  
 
 
 part (b)   
 
 
 
 
 
 
 
 the firng angel,alfa(degree) =    
 
    31.58  
 
 
 part (c)   
 
 
 
 
 
 Power Factor,PF(lagging) =    
 
    0.814  
 
 
 part (d)   
 
 
 
 
 
 
 
 
 
 
 
 
 Speed Regulation,SR(%) =    
 
    2.  
 
 
grepthis#Introduction_To_Electric_Drives_J._S._Katre_2207/CH8/EX8.18.2/ex_8_18_2.sce #
 
 
 
 
 
 
 
 
 
 
 
 
 
 
 
 Ia  =
 
    53.3  
 
 
 
 
 
 
 
 
 
 part (a)   
 
 
 Delay Angel Of Armature,alfa_a(degree) =    
 
    7.94  
 
 
 part (b)   
 
 Ia1  =
 
    5.33  
 
 
 
 
 
 NO load speed at alfa|_a,(rpm) =    
 
   1882.  
 
 
 
 part (c)   
 
 
 
 Speed Regulation,SR(%) =    
 
    4.54  
 
 
 
grepthis#Introduction_To_Electric_Drives_J._S._Katre_2207/CH8/EX8.18.3/ex_8_18_3.sce #
 
 
 
 
 
 
 
 
 
 
 
 
 
 
 
 
 
 
 
 
 alpha  =
 
    19.617  
 
 
 part (a)   
 
 
 alpha in degree is   
 
    20.  
 
 
 part (b)   
 
 
 
 
 
 
 
 
 
 
 
 speed in rpm is   
 
    1058.4  
 
 
 
 part (c)   
 
 
 
 
 
 
 
 
 
 
 
 
 
 
 
 
 
 
 
 
 
 
 
 delay angle in degree is   
 
    53.707  
 
 
grepthis#Introduction_To_Electric_Drives_J._S._Katre_2207/CH8/EX8.19.1/ex_8_19_1.sce #
 
 
 
 
 
 
 
 
 
 
 
 
 
 
 part (a)   
 
 
 Firing angle to keep motor current,alfa_a(degree) =    
 
    29.368  
 
 
 
 
 Firing angle ,alfa_a(degree) =   
 
    140.26  
 
 
 part (b)   
 
 
 
 
 
 
 
 Power fed back,P(Watt) =    
 
    7200.  
 
 
grepthis#Introduction_To_Electric_Drives_J._S._Katre_2207/CH8/EX8.19.2/ex_8_19_2.sce #
 
 
 
 
 
 
 
 
 
 
 
 
 
 part (a)   
 
 
 Average armature current,Ea(volts) =    
 
    193.  
 
 
 part (b)   
 
 
 
 Back emf,Eb(volts) =    
 
    173.  
 
 
 part (c)   
 
 
 
 Speed of the motor,N(rpm) =    
 
    866.  
 
 
 part (d)   
 
 
 
 
 Torque,T(N/m) =    
 
    76.4  
 
 
 part (e)   
 
 
 
 
 power factor (lagging) is   
 
    0.92  
 
 
grepthis#Introduction_To_Electric_Drives_J._S._Katre_2207/CH8/EX8.19.3/ex_8_19_3.sce #
 
 
 
 
 
 
 
 
 
 
 
 
 
 
 
 
 part (a)   
 
 
 torque in N/m is   
 
    21.196  
 
 
 part (b)   
 
 
 
 
 
 speed in rpm   
 
    2599.7  
 
 
 
 part (c)   
 
 
 
 
 
 
 
 
 power factor (lagging) is   
 
    0.6454  
 
 
grepthis#Introduction_To_Electric_Drives_J._S._Katre_2207/CH8/EX8.19.4/ex_8_19_4.sce #
 
 
 
 
 
 
 
 
 
 
 
 
 
 
 
 
 
 
 
 
 part (a)   
 
 
 back emf in volts is   
 
    101.2  
 
 
 part (b)   
 
 
 
 
 armature voltage in volts is   
 
    111.5  
 
 
 firing angle in degree is   
 
    57.41  
 
 
 part (c)   
 
 
 
 
 
 rated armature current in amperes is   
 
    67.82  
 
 
grepthis#Introduction_To_Electric_Drives_J._S._Katre_2207/CH8/EX8.21.1/ex_8_21_1.sce #
 
 
 
 
 
 
 
 
 
 
 
 
 Average armature current,Ia(A) =    
 
    25.  
 
 
grepthis#Introduction_To_Electric_Drives_J._S._Katre_2207/CH9/EX9.5.1/ex_9_5_1.sce #
 
 
 
 
 
 
 
 
 
 
 
 
 
 (a)for PAC   
 
 
 (1) Is_rms(A) =    
 
    11.268  
 
 
 
 (2) I1_rms(A) =    
 
    10.618  
 
 
 
 
 (3) FPF(lag) =    
 
    0.9828  
 
 
 
 (4) CDF =    
 
    0.9423  
 
 
 
 (4) PF (lag)=    
 
    0.9261  
 
 
 
 (5) HF =    
 
    0.3552  
 
 
 
 
 
 
 
 
 (b)for SAC   
 
 
 (1) Is_rms(A) =    
 
    10.953  
 
 
 
 (2) I1_rms(A) =    
 
    10.435  
 
 
 
 
 (3) FPF =    
 
    1.  
 
 
 
 (4) CDF =    
 
    0.9527  
 
 
 
 
 (4) PF (lagging)=    
 
    0.9527  
 
 
 
 (5) HF (%) =    
 
    31.909  
 
 
 
grepthis#Introduction_To_Electric_Drives_J._S._Katre_2207/CH9/EX9.5.2/ex_9_5_2.sce #
 
 
 
 
 
 
 
 
 
 
 
 
 
 
 
 
 average voltage in volts is   
 
    129.39  
 
 
 
  Is_rms(A) =    
 
    7.0711  
 
 
 
  I1_rms(A) =    
 
    5.6256  
 
 
 
 
 FPF =    
 
    1.  
 
 
 
  DF =    
 
    0.7956  
 
 
 
  PF(lag)=    
 
    0.7956  
 
 
 
  HF(%) =    
 
    76.153  
 
 
grepthis#Introduction_To_Electric_Drives_J._S._Katre_2207/CH9/EX9.5.3/ex_9_5_3.sce #
 
 
 
 
 
 
 
 
 
 
 average output voltage is,(V)=   
 
    179.33026  
 
 
 
 rms value of supply current is,(A)=   
 
    8.1649658  
 
 
 
 rms value of fundamental component of supply current is,(A)=   
 
    7.796968  
 
 
 
 HF of supply current is,(%)=   
 
    31.084194  
 
 
 
 PF (lagging)of supply current is,(%)=   
 
    0.9201811  
 
 
grepthis#Introduction_To_Electric_Drives_J._S._Katre_2207/CH10/EX10.15.1/ex_10_15_1.sce #
 
 
 
 
 
 
 
 
 
 
 
 
 
 part (1)   
 
 
 slip is 0.363 or 36.34 %    
 
 
 part (2)   
 
 
 
 
 
 
 
 (a)the air gap power,pag(W) =    
 
   15708.  
 
 
 (b)slip power(W) =   
 
    5708.  
 
 
 (c)Mech o/p power,P_mech(W) =    
 
   10000.  
 
 
 
 part (3)   
 
 
 
 efficiency of the rotor circuit is 0.637 or 63.66 %    
 
 
grepthis#Introduction_To_Electric_Drives_J._S._Katre_2207/CH10/EX10.15.2/ex_10_15_2.sce #
 
 
 
 
 
 
 
 
 
 
 part (1)   
 
 
 supply voltage (V) =    
 
    120.  
 
 
 part (2)   
 
 
 
 
 
 
 slip is 0.04 or 4 %    
 
 
 part (3)   
 
 
 
 slip frequency(Hz) =    
 
    2.  
 
 
 part (4)   
 
 
 
 
 
 slip is 0.08 or 8 %    
 
 
 part (5)   
 
 
 
 
 
 Rotor loss(%) =    
 
    0.087  
 
 
grepthis#Introduction_To_Electric_Drives_J._S._Katre_2207/CH10/EX10.15.6/ex_10_15_6.sce #
 
 
 
 
 
 
 
 
 
 
 
 
 
 
 
 
 
 
 
 supply voltage (V) =    
 
    120.  
 
 
 slip,S(%) =    
 
    2.  
 
 
 slip frequency at 50Hz (Hz) =    
 
    2.  
 
 
 slip frequency at 25Hz (Hz) =    
 
    0.5  
 
 
 Rotor loss(%) =    
 
    0.0204082  
 
 
 speed in rpm is   
 
    735.  
 
 
