ERROR: Fluid_Mechanics_And_Thermodynamics_Of_Turbo_Machinery_S._L._Dixon_3407/CH2/EX2.1/Ex2_1.sce
errcatch(-1,"stop");mode(2); all;
                               !--error 4 
Undefined variable: all
at line       1 of exec file called by :    
exec('SCI/etc/scilab.start',-1);;exec('Fluid_Mechanics_And_Thermodynamics_Of_Turbo_Machinery_S._L._Dixon_3407/CH2/EX2.1/Ex2_1.sce',-1)
 
ERROR: Fluid_Mechanics_And_Thermodynamics_Of_Turbo_Machinery_S._L._Dixon_3407/CH2/EX2.2/Ex2_2.sce
errcatch(-1,"stop");mode(2); all;
                               !--error 4 
Undefined variable: all
at line       1 of exec file called by :    
exec('SCI/etc/scilab.start',-1);;exec('Fluid_Mechanics_And_Thermodynamics_Of_Turbo_Machinery_S._L._Dixon_3407/CH2/EX2.2/Ex2_2.sce',-1)
 
ERROR: Fluid_Mechanics_And_Thermodynamics_Of_Turbo_Machinery_S._L._Dixon_3407/CH2/EX2.3/Ex2_3.sce
errcatch(-1,"stop");mode(2); all;
                               !--error 4 
Undefined variable: all
at line       1 of exec file called by :    
exec('SCI/etc/scilab.start',-1);;exec('Fluid_Mechanics_And_Thermodynamics_Of_Turbo_Machinery_S._L._Dixon_3407/CH2/EX2.3/Ex2_3.sce',-1)
 
ERROR: Fluid_Mechanics_And_Thermodynamics_Of_Turbo_Machinery_S._L._Dixon_3407/CH2/EX2.4/Ex2_4.sce
errcatch(-1,"stop");mode(2); all;
                               !--error 4 
Undefined variable: all
at line       1 of exec file called by :    
exec('SCI/etc/scilab.start',-1);;exec('Fluid_Mechanics_And_Thermodynamics_Of_Turbo_Machinery_S._L._Dixon_3407/CH2/EX2.4/Ex2_4.sce',-1)
 
ERROR: Fluid_Mechanics_And_Thermodynamics_Of_Turbo_Machinery_S._L._Dixon_3407/CH2/EX2.5/Ex2_5.sce
errcatch(-1,"stop");mode(2); all;
                               !--error 4 
Undefined variable: all
at line       1 of exec file called by :    
exec('SCI/etc/scilab.start',-1);;exec('Fluid_Mechanics_And_Thermodynamics_Of_Turbo_Machinery_S._L._Dixon_3407/CH2/EX2.5/Ex2_5.sce',-1)
 
ERROR: Fluid_Mechanics_And_Thermodynamics_Of_Turbo_Machinery_S._L._Dixon_3407/CH3/EX3.1/Ex3_1.sce
errcatch(-1,"stop");mode(2); all;
                               !--error 4 
Undefined variable: all
at line       1 of exec file called by :    
exec('SCI/etc/scilab.start',-1);;exec('Fluid_Mechanics_And_Thermodynamics_Of_Turbo_Machinery_S._L._Dixon_3407/CH3/EX3.1/Ex3_1.sce',-1)
 
ERROR: Fluid_Mechanics_And_Thermodynamics_Of_Turbo_Machinery_S._L._Dixon_3407/CH4/EX4.1/Ex4_1.sce
errcatch(-1,"stop");mode(2); all;
                               !--error 4 
Undefined variable: all
at line       1 of exec file called by :    
exec('SCI/etc/scilab.start',-1);;exec('Fluid_Mechanics_And_Thermodynamics_Of_Turbo_Machinery_S._L._Dixon_3407/CH4/EX4.1/Ex4_1.sce',-1)
 
ERROR: Fluid_Mechanics_And_Thermodynamics_Of_Turbo_Machinery_S._L._Dixon_3407/CH4/EX4.2/Ex4_2.sce
errcatch(-1,"stop");mode(2); all;
                               !--error 4 
Undefined variable: all
at line       1 of exec file called by :    
exec('SCI/etc/scilab.start',-1);;exec('Fluid_Mechanics_And_Thermodynamics_Of_Turbo_Machinery_S._L._Dixon_3407/CH4/EX4.2/Ex4_2.sce',-1)
 
ERROR: Fluid_Mechanics_And_Thermodynamics_Of_Turbo_Machinery_S._L._Dixon_3407/CH4/EX4.3/Ex4_3.sce
errcatch(-1,"stop");mode(2); all;
                               !--error 4 
Undefined variable: all
at line       1 of exec file called by :    
exec('SCI/etc/scilab.start',-1);;exec('Fluid_Mechanics_And_Thermodynamics_Of_Turbo_Machinery_S._L._Dixon_3407/CH4/EX4.3/Ex4_3.sce',-1)
 
