ERROR: Fiber_Optics_Communication_H._Kolimbiris_2855/CH1/EX1.1/Ex1_1.sce
 
 
 
 
 
 
 
 
 all;
   !--error 4 
Undefined variable: all
at line       9 of exec file called by :    
exec('SCI/etc/scilab.start',-1);;exec('Fiber_Optics_Communication_H._Kolimbiris_2855/CH1/EX1.1/Ex1_1.sce',-1)
 
ERROR: Fiber_Optics_Communication_H._Kolimbiris_2855/CH1/EX1.17/Ex1_17.sce
 
 
 
 
 
 all;
   !--error 4 
Undefined variable: all
at line       6 of exec file called by :    
exec('SCI/etc/scilab.start',-1);;exec('Fiber_Optics_Communication_H._Kolimbiris_2855/CH1/EX1.17/Ex1_17.sce',-1)
 
ERROR: Fiber_Optics_Communication_H._Kolimbiris_2855/CH3/EX3.1/Ex3_1.sce
 
 
 
 
 all;
   !--error 4 
Undefined variable: all
at line       5 of exec file called by :    
exec('SCI/etc/scilab.start',-1);;exec('Fiber_Optics_Communication_H._Kolimbiris_2855/CH3/EX3.1/Ex3_1.sce',-1)
 
ERROR: Fiber_Optics_Communication_H._Kolimbiris_2855/CH3/EX3.2/Ex3_2.sce
 
 
 
 
 all;
   !--error 4 
Undefined variable: all
at line       5 of exec file called by :    
exec('SCI/etc/scilab.start',-1);;exec('Fiber_Optics_Communication_H._Kolimbiris_2855/CH3/EX3.2/Ex3_2.sce',-1)
 
ERROR: Fiber_Optics_Communication_H._Kolimbiris_2855/CH3/EX3.3/Ex3_3.sce
 
 
 
 
 all;
   !--error 4 
Undefined variable: all
at line       5 of exec file called by :    
exec('SCI/etc/scilab.start',-1);;exec('Fiber_Optics_Communication_H._Kolimbiris_2855/CH3/EX3.3/Ex3_3.sce',-1)
 
ERROR: Fiber_Optics_Communication_H._Kolimbiris_2855/CH3/EX3.4/Ex3_4.sce
 
 
 
 
 all;
   !--error 4 
Undefined variable: all
at line       5 of exec file called by :    
exec('SCI/etc/scilab.start',-1);;exec('Fiber_Optics_Communication_H._Kolimbiris_2855/CH3/EX3.4/Ex3_4.sce',-1)
 
ERROR: Fiber_Optics_Communication_H._Kolimbiris_2855/CH3/EX3.5/Ex3_5.sce
 
 
 
 
 all;
   !--error 4 
Undefined variable: all
at line       5 of exec file called by :    
exec('SCI/etc/scilab.start',-1);;exec('Fiber_Optics_Communication_H._Kolimbiris_2855/CH3/EX3.5/Ex3_5.sce',-1)
 
ERROR: Fiber_Optics_Communication_H._Kolimbiris_2855/CH3/EX3.6/Ex3_6.sce
 
 
 
 
 all;
   !--error 4 
Undefined variable: all
at line       5 of exec file called by :    
exec('SCI/etc/scilab.start',-1);;exec('Fiber_Optics_Communication_H._Kolimbiris_2855/CH3/EX3.6/Ex3_6.sce',-1)
 
ERROR: Fiber_Optics_Communication_H._Kolimbiris_2855/CH3/EX3.7/Ex3_7.sce
 
 
 
 
 all;
   !--error 4 
Undefined variable: all
at line       5 of exec file called by :    
exec('SCI/etc/scilab.start',-1);;exec('Fiber_Optics_Communication_H._Kolimbiris_2855/CH3/EX3.7/Ex3_7.sce',-1)
 
ERROR: Fiber_Optics_Communication_H._Kolimbiris_2855/CH7/EX7.1/Ex7_1.sce
 
 
 
 
 all;
   !--error 4 
Undefined variable: all
at line       5 of exec file called by :    
exec('SCI/etc/scilab.start',-1);;exec('Fiber_Optics_Communication_H._Kolimbiris_2855/CH7/EX7.1/Ex7_1.sce',-1)
 
ERROR: Fiber_Optics_Communication_H._Kolimbiris_2855/CH7/EX7.2/Ex7_2.sce
 
 
 
 
 all;
   !--error 4 
Undefined variable: all
at line       5 of exec file called by :    
exec('SCI/etc/scilab.start',-1);;exec('Fiber_Optics_Communication_H._Kolimbiris_2855/CH7/EX7.2/Ex7_2.sce',-1)
 
ERROR: Fiber_Optics_Communication_H._Kolimbiris_2855/CH7/EX7.3/Ex7_3.sce
 
 
 
 
 all;
   !--error 4 
Undefined variable: all
at line       5 of exec file called by :    
exec('SCI/etc/scilab.start',-1);;exec('Fiber_Optics_Communication_H._Kolimbiris_2855/CH7/EX7.3/Ex7_3.sce',-1)
 
ERROR: Fiber_Optics_Communication_H._Kolimbiris_2855/CH9/EX9.1/Ex9_1.sce
 
 
 
 
 all;
   !--error 4 
Undefined variable: all
at line       5 of exec file called by :    
exec('SCI/etc/scilab.start',-1);;exec('Fiber_Optics_Communication_H._Kolimbiris_2855/CH9/EX9.1/Ex9_1.sce',-1)
 
ERROR: Fiber_Optics_Communication_H._Kolimbiris_2855/CH9/EX9.2/Ex9_2.sce
 
 
 
 
 all;
   !--error 4 
Undefined variable: all
at line       5 of exec file called by :    
exec('SCI/etc/scilab.start',-1);;exec('Fiber_Optics_Communication_H._Kolimbiris_2855/CH9/EX9.2/Ex9_2.sce',-1)
 
ERROR: Fiber_Optics_Communication_H._Kolimbiris_2855/CH9/EX9.3/Ex9_3.sce
 
 
 
 
 all;
   !--error 4 
Undefined variable: all
at line       5 of exec file called by :    
exec('SCI/etc/scilab.start',-1);;exec('Fiber_Optics_Communication_H._Kolimbiris_2855/CH9/EX9.3/Ex9_3.sce',-1)
 
ERROR: Fiber_Optics_Communication_H._Kolimbiris_2855/CH9/EX9.4/Ex9_4.sce
 
 
 
 
 all;
   !--error 4 
Undefined variable: all
at line       5 of exec file called by :    
exec('SCI/etc/scilab.start',-1);;exec('Fiber_Optics_Communication_H._Kolimbiris_2855/CH9/EX9.4/Ex9_4.sce',-1)
 
ERROR: Fiber_Optics_Communication_H._Kolimbiris_2855/CH9/EX9.5/Ex9_5.sce
 
 
 
 
 
 
 
 
 
 all;
   !--error 4 
Undefined variable: all
at line      10 of exec file called by :    
exec('SCI/etc/scilab.start',-1);;exec('Fiber_Optics_Communication_H._Kolimbiris_2855/CH9/EX9.5/Ex9_5.sce',-1)
 
ERROR: Fiber_Optics_Communication_H._Kolimbiris_2855/CH9/EX9.6/Ex9_6.sce
 
 
 
 
 
 
 
 
 
 all;
   !--error 4 
Undefined variable: all
at line      10 of exec file called by :    
exec('SCI/etc/scilab.start',-1);;exec('Fiber_Optics_Communication_H._Kolimbiris_2855/CH9/EX9.6/Ex9_6.sce',-1)
 
ERROR: Fiber_Optics_Communication_H._Kolimbiris_2855/CH9/EX9.7/Ex9_7.sce
 
 
 
 
 
 
 
 
 
 all;
   !--error 4 
Undefined variable: all
at line      10 of exec file called by :    
exec('SCI/etc/scilab.start',-1);;exec('Fiber_Optics_Communication_H._Kolimbiris_2855/CH9/EX9.7/Ex9_7.sce',-1)
 
ERROR: Fiber_Optics_Communication_H._Kolimbiris_2855/CH9/EX9.8/Ex9_8.sce
 
 
 
 
 
 
 
 
 
 all;
   !--error 4 
Undefined variable: all
at line      10 of exec file called by :    
exec('SCI/etc/scilab.start',-1);;exec('Fiber_Optics_Communication_H._Kolimbiris_2855/CH9/EX9.8/Ex9_8.sce',-1)
 
ERROR: Fiber_Optics_Communication_H._Kolimbiris_2855/CH9/EX9.9/Ex9_9.sce
 
 
 
 
 
 
 
 
 
 all;
   !--error 4 
Undefined variable: all
at line      10 of exec file called by :    
exec('SCI/etc/scilab.start',-1);;exec('Fiber_Optics_Communication_H._Kolimbiris_2855/CH9/EX9.9/Ex9_9.sce',-1)
 
ERROR: Fiber_Optics_Communication_H._Kolimbiris_2855/CH9/EX9.10/Ex9_10.sce
 
 
 
 
 all;
   !--error 4 
Undefined variable: all
at line       5 of exec file called by :    
exec('SCI/etc/scilab.start',-1);;exec('Fiber_Optics_Communication_H._Kolimbiris_2855/CH9/EX9.10/Ex9_10.sce',-1)
 
ERROR: Fiber_Optics_Communication_H._Kolimbiris_2855/CH9/EX9.11/Ex9_11.sce
 
 
 
 
 all;
   !--error 4 
Undefined variable: all
at line       5 of exec file called by :    
exec('SCI/etc/scilab.start',-1);;exec('Fiber_Optics_Communication_H._Kolimbiris_2855/CH9/EX9.11/Ex9_11.sce',-1)
 
ERROR: Fiber_Optics_Communication_H._Kolimbiris_2855/CH9/EX9.12/Ex9_12.sce
 
 
 
 
 
 
 
 
 
 all;
   !--error 4 
Undefined variable: all
at line      10 of exec file called by :    
exec('SCI/etc/scilab.start',-1);;exec('Fiber_Optics_Communication_H._Kolimbiris_2855/CH9/EX9.12/Ex9_12.sce',-1)
 
ERROR: Fiber_Optics_Communication_H._Kolimbiris_2855/CH9/EX9.13/Ex9_13.sce
 
 
 
 
 all;
   !--error 4 
Undefined variable: all
at line       5 of exec file called by :    
exec('SCI/etc/scilab.start',-1);;exec('Fiber_Optics_Communication_H._Kolimbiris_2855/CH9/EX9.13/Ex9_13.sce',-1)
 
ERROR: Fiber_Optics_Communication_H._Kolimbiris_2855/CH9/EX9.14/Ex9_14.sce
 
 
 
 
 all;
   !--error 4 
Undefined variable: all
at line       5 of exec file called by :    
exec('SCI/etc/scilab.start',-1);;exec('Fiber_Optics_Communication_H._Kolimbiris_2855/CH9/EX9.14/Ex9_14.sce',-1)
 
ERROR: Fiber_Optics_Communication_H._Kolimbiris_2855/CH9/EX9.15/Ex9_15.sce
 
 
 
 
 all;
   !--error 4 
Undefined variable: all
at line       5 of exec file called by :    
exec('SCI/etc/scilab.start',-1);;exec('Fiber_Optics_Communication_H._Kolimbiris_2855/CH9/EX9.15/Ex9_15.sce',-1)
 
ERROR: Fiber_Optics_Communication_H._Kolimbiris_2855/CH9/EX9.16/Ex9_16.sce
 
 
 
 
 all;
   !--error 4 
Undefined variable: all
at line       5 of exec file called by :    
exec('SCI/etc/scilab.start',-1);;exec('Fiber_Optics_Communication_H._Kolimbiris_2855/CH9/EX9.16/Ex9_16.sce',-1)
 
ERROR: Fiber_Optics_Communication_H._Kolimbiris_2855/CH9/EX9.17/Ex9_17.sce
 
 
 
 
 all;
   !--error 4 
Undefined variable: all
at line       5 of exec file called by :    
exec('SCI/etc/scilab.start',-1);;exec('Fiber_Optics_Communication_H._Kolimbiris_2855/CH9/EX9.17/Ex9_17.sce',-1)
 
ERROR: Fiber_Optics_Communication_H._Kolimbiris_2855/CH9/EX9.18/Ex9_18.sce
 
 
 
 
 all;
   !--error 4 
Undefined variable: all
at line       5 of exec file called by :    
exec('SCI/etc/scilab.start',-1);;exec('Fiber_Optics_Communication_H._Kolimbiris_2855/CH9/EX9.18/Ex9_18.sce',-1)
 
ERROR: Fiber_Optics_Communication_H._Kolimbiris_2855/CH9/EX9.19/Ex9_19.sce
 
 
 
 
 all;
   !--error 4 
Undefined variable: all
at line       5 of exec file called by :    
exec('SCI/etc/scilab.start',-1);;exec('Fiber_Optics_Communication_H._Kolimbiris_2855/CH9/EX9.19/Ex9_19.sce',-1)
 
ERROR: Fiber_Optics_Communication_H._Kolimbiris_2855/CH9/EX9.20/Ex9_20.sce
 
 
 
 
 all;
   !--error 4 
Undefined variable: all
at line       5 of exec file called by :    
exec('SCI/etc/scilab.start',-1);;exec('Fiber_Optics_Communication_H._Kolimbiris_2855/CH9/EX9.20/Ex9_20.sce',-1)
 
ERROR: Fiber_Optics_Communication_H._Kolimbiris_2855/CH9/EX9.21/Ex9_21.sce
 
 
 
 
 all;
   !--error 4 
Undefined variable: all
at line       5 of exec file called by :    
exec('SCI/etc/scilab.start',-1);;exec('Fiber_Optics_Communication_H._Kolimbiris_2855/CH9/EX9.21/Ex9_21.sce',-1)
 
ERROR: Fiber_Optics_Communication_H._Kolimbiris_2855/CH9/EX9.22/Ex9_22.sce
 
 
 
 
 all;
   !--error 4 
Undefined variable: all
at line       5 of exec file called by :    
exec('SCI/etc/scilab.start',-1);;exec('Fiber_Optics_Communication_H._Kolimbiris_2855/CH9/EX9.22/Ex9_22.sce',-1)
 
ERROR: Fiber_Optics_Communication_H._Kolimbiris_2855/CH9/EX9.23/Ex9_23.sce
 
 
 
 
 all;
   !--error 4 
Undefined variable: all
at line       5 of exec file called by :    
exec('SCI/etc/scilab.start',-1);;exec('Fiber_Optics_Communication_H._Kolimbiris_2855/CH9/EX9.23/Ex9_23.sce',-1)
 
ERROR: Fiber_Optics_Communication_H._Kolimbiris_2855/CH9/EX9.24/Ex9_24.sce
 
 
 
 
 all;
   !--error 4 
Undefined variable: all
at line       5 of exec file called by :    
exec('SCI/etc/scilab.start',-1);;exec('Fiber_Optics_Communication_H._Kolimbiris_2855/CH9/EX9.24/Ex9_24.sce',-1)
 
ERROR: Fiber_Optics_Communication_H._Kolimbiris_2855/CH9/EX9.25/Ex9_25.sce
 
 
 
 
 all;
   !--error 4 
Undefined variable: all
at line       5 of exec file called by :    
exec('SCI/etc/scilab.start',-1);;exec('Fiber_Optics_Communication_H._Kolimbiris_2855/CH9/EX9.25/Ex9_25.sce',-1)
 
ERROR: Fiber_Optics_Communication_H._Kolimbiris_2855/CH9/EX9.26/Ex9_26.sce
 
 
 
 
 all;
   !--error 4 
Undefined variable: all
at line       5 of exec file called by :    
exec('SCI/etc/scilab.start',-1);;exec('Fiber_Optics_Communication_H._Kolimbiris_2855/CH9/EX9.26/Ex9_26.sce',-1)
 
ERROR: Fiber_Optics_Communication_H._Kolimbiris_2855/CH9/EX9.27/Ex9_27.sce
 
 
 
 
 all;
   !--error 4 
Undefined variable: all
at line       5 of exec file called by :    
exec('SCI/etc/scilab.start',-1);;exec('Fiber_Optics_Communication_H._Kolimbiris_2855/CH9/EX9.27/Ex9_27.sce',-1)
 
ERROR: Fiber_Optics_Communication_H._Kolimbiris_2855/CH9/EX9.28/Ex9_28.sce
 
 
 
 
 all;
   !--error 4 
Undefined variable: all
at line       5 of exec file called by :    
exec('SCI/etc/scilab.start',-1);;exec('Fiber_Optics_Communication_H._Kolimbiris_2855/CH9/EX9.28/Ex9_28.sce',-1)
 
ERROR: Fiber_Optics_Communication_H._Kolimbiris_2855/CH10/EX10.1/Ex10_1.sce
 
 
 
 
 all;
   !--error 4 
Undefined variable: all
at line       5 of exec file called by :    
exec('SCI/etc/scilab.start',-1);;exec('Fiber_Optics_Communication_H._Kolimbiris_2855/CH10/EX10.1/Ex10_1.sce',-1)
 
ERROR: Fiber_Optics_Communication_H._Kolimbiris_2855/CH10/EX10.2/Ex10_2.sce
 
 
 
 
 all;
   !--error 4 
Undefined variable: all
at line       5 of exec file called by :    
exec('SCI/etc/scilab.start',-1);;exec('Fiber_Optics_Communication_H._Kolimbiris_2855/CH10/EX10.2/Ex10_2.sce',-1)
 
ERROR: Fiber_Optics_Communication_H._Kolimbiris_2855/CH11/EX11.1/Ex11_1.sce
 
 
 
 
 all;
   !--error 4 
Undefined variable: all
at line       5 of exec file called by :    
exec('SCI/etc/scilab.start',-1);;exec('Fiber_Optics_Communication_H._Kolimbiris_2855/CH11/EX11.1/Ex11_1.sce',-1)
 
ERROR: Fiber_Optics_Communication_H._Kolimbiris_2855/CH11/EX11.2/Ex11_2.sce
 
 
 
 
 all;
   !--error 4 
Undefined variable: all
at line       5 of exec file called by :    
exec('SCI/etc/scilab.start',-1);;exec('Fiber_Optics_Communication_H._Kolimbiris_2855/CH11/EX11.2/Ex11_2.sce',-1)
 
ERROR: Fiber_Optics_Communication_H._Kolimbiris_2855/CH11/EX11.3/Ex11_3.sce
 
 
 
 
 all;
   !--error 4 
Undefined variable: all
at line       5 of exec file called by :    
exec('SCI/etc/scilab.start',-1);;exec('Fiber_Optics_Communication_H._Kolimbiris_2855/CH11/EX11.3/Ex11_3.sce',-1)
 
ERROR: Fiber_Optics_Communication_H._Kolimbiris_2855/CH12/EX12.1/Ex12_1.sce
 
 
 
 
 all;
   !--error 4 
Undefined variable: all
at line       5 of exec file called by :    
exec('SCI/etc/scilab.start',-1);;exec('Fiber_Optics_Communication_H._Kolimbiris_2855/CH12/EX12.1/Ex12_1.sce',-1)
 
ERROR: Fiber_Optics_Communication_H._Kolimbiris_2855/CH12/EX12.2/Ex12_2.sce
 
 
 
 
 all;
   !--error 4 
Undefined variable: all
at line       5 of exec file called by :    
exec('SCI/etc/scilab.start',-1);;exec('Fiber_Optics_Communication_H._Kolimbiris_2855/CH12/EX12.2/Ex12_2.sce',-1)
 
ERROR: Fiber_Optics_Communication_H._Kolimbiris_2855/CH12/EX12.3/Ex12_3.sce
 
 
 
 
 all;
   !--error 4 
Undefined variable: all
at line       5 of exec file called by :    
exec('SCI/etc/scilab.start',-1);;exec('Fiber_Optics_Communication_H._Kolimbiris_2855/CH12/EX12.3/Ex12_3.sce',-1)
 
ERROR: Fiber_Optics_Communication_H._Kolimbiris_2855/CH12/EX12.4/Ex12_4.sce
 
 
 
 
 all;
   !--error 4 
Undefined variable: all
at line       5 of exec file called by :    
exec('SCI/etc/scilab.start',-1);;exec('Fiber_Optics_Communication_H._Kolimbiris_2855/CH12/EX12.4/Ex12_4.sce',-1)
 
ERROR: Fiber_Optics_Communication_H._Kolimbiris_2855/CH12/EX12.5/Ex12_5.sce
 
 
 
 
 
 
 
 
 all;
   !--error 4 
Undefined variable: all
at line       9 of exec file called by :    
exec('SCI/etc/scilab.start',-1);;exec('Fiber_Optics_Communication_H._Kolimbiris_2855/CH12/EX12.5/Ex12_5.sce',-1)
 
ERROR: Fiber_Optics_Communication_H._Kolimbiris_2855/CH12/EX12.6/Ex12_6.sce
 
 
 
 
 all;
   !--error 4 
Undefined variable: all
at line       5 of exec file called by :    
exec('SCI/etc/scilab.start',-1);;exec('Fiber_Optics_Communication_H._Kolimbiris_2855/CH12/EX12.6/Ex12_6.sce',-1)
 
ERROR: Fiber_Optics_Communication_H._Kolimbiris_2855/CH12/EX12.7/Ex12_7.sce
 
 
 
 
 all;
   !--error 4 
Undefined variable: all
at line       5 of exec file called by :    
exec('SCI/etc/scilab.start',-1);;exec('Fiber_Optics_Communication_H._Kolimbiris_2855/CH12/EX12.7/Ex12_7.sce',-1)
 
ERROR: Fiber_Optics_Communication_H._Kolimbiris_2855/CH12/EX12.8/Ex12_8.sce
 
 
 
 
 all;
   !--error 4 
Undefined variable: all
at line       5 of exec file called by :    
exec('SCI/etc/scilab.start',-1);;exec('Fiber_Optics_Communication_H._Kolimbiris_2855/CH12/EX12.8/Ex12_8.sce',-1)
 
ERROR: Fiber_Optics_Communication_H._Kolimbiris_2855/CH12/EX12.9/Ex12_9.sce
 
 
 
 
 all;
   !--error 4 
Undefined variable: all
at line       5 of exec file called by :    
exec('SCI/etc/scilab.start',-1);;exec('Fiber_Optics_Communication_H._Kolimbiris_2855/CH12/EX12.9/Ex12_9.sce',-1)
 
ERROR: Fiber_Optics_Communication_H._Kolimbiris_2855/CH12/EX12.10/Ex12_10.sce
 
 
 
 
 all;
   !--error 4 
Undefined variable: all
at line       5 of exec file called by :    
exec('SCI/etc/scilab.start',-1);;exec('Fiber_Optics_Communication_H._Kolimbiris_2855/CH12/EX12.10/Ex12_10.sce',-1)
 
ERROR: Fiber_Optics_Communication_H._Kolimbiris_2855/CH12/EX12.11/Ex12_11.sce
 
 
 
 
 all;
   !--error 4 
Undefined variable: all
at line       5 of exec file called by :    
exec('SCI/etc/scilab.start',-1);;exec('Fiber_Optics_Communication_H._Kolimbiris_2855/CH12/EX12.11/Ex12_11.sce',-1)
 
ERROR: Fiber_Optics_Communication_H._Kolimbiris_2855/CH12/EX12.12/Ex12_12.sce
 
 
 
 
 all;
   !--error 4 
Undefined variable: all
at line       5 of exec file called by :    
exec('SCI/etc/scilab.start',-1);;exec('Fiber_Optics_Communication_H._Kolimbiris_2855/CH12/EX12.12/Ex12_12.sce',-1)
 
ERROR: Fiber_Optics_Communication_H._Kolimbiris_2855/CH12/EX12.13/Ex12_13.sce
 
 
 
 
 all;
   !--error 4 
Undefined variable: all
at line       5 of exec file called by :    
exec('SCI/etc/scilab.start',-1);;exec('Fiber_Optics_Communication_H._Kolimbiris_2855/CH12/EX12.13/Ex12_13.sce',-1)
 
ERROR: Fiber_Optics_Communication_H._Kolimbiris_2855/CH12/EX12.14/Ex12_14.sce
 
 
 
 
 all;
   !--error 4 
Undefined variable: all
at line       5 of exec file called by :    
exec('SCI/etc/scilab.start',-1);;exec('Fiber_Optics_Communication_H._Kolimbiris_2855/CH12/EX12.14/Ex12_14.sce',-1)
 
ERROR: Fiber_Optics_Communication_H._Kolimbiris_2855/CH12/EX12.15/Ex12_15.sce
 
 
 
 
 all;
   !--error 4 
Undefined variable: all
at line       5 of exec file called by :    
exec('SCI/etc/scilab.start',-1);;exec('Fiber_Optics_Communication_H._Kolimbiris_2855/CH12/EX12.15/Ex12_15.sce',-1)
 
ERROR: Fiber_Optics_Communication_H._Kolimbiris_2855/CH12/EX12.16/Ex12_16.sce
 
 
 
 
 all;
   !--error 4 
Undefined variable: all
at line       5 of exec file called by :    
exec('SCI/etc/scilab.start',-1);;exec('Fiber_Optics_Communication_H._Kolimbiris_2855/CH12/EX12.16/Ex12_16.sce',-1)
 
ERROR: Fiber_Optics_Communication_H._Kolimbiris_2855/CH12/EX12.17/Ex12_17.sce
 
 
 
 
 all;
   !--error 4 
Undefined variable: all
at line       5 of exec file called by :    
exec('SCI/etc/scilab.start',-1);;exec('Fiber_Optics_Communication_H._Kolimbiris_2855/CH12/EX12.17/Ex12_17.sce',-1)
 
ERROR: Fiber_Optics_Communication_H._Kolimbiris_2855/CH12/EX12.18/Ex12_18.sce
 
 
 
 
 all;
   !--error 4 
Undefined variable: all
at line       5 of exec file called by :    
exec('SCI/etc/scilab.start',-1);;exec('Fiber_Optics_Communication_H._Kolimbiris_2855/CH12/EX12.18/Ex12_18.sce',-1)
 
ERROR: Fiber_Optics_Communication_H._Kolimbiris_2855/CH12/EX12.19/Ex12_19.sce
 
 
 
 
 all;
   !--error 4 
Undefined variable: all
at line       5 of exec file called by :    
exec('SCI/etc/scilab.start',-1);;exec('Fiber_Optics_Communication_H._Kolimbiris_2855/CH12/EX12.19/Ex12_19.sce',-1)
 
ERROR: Fiber_Optics_Communication_H._Kolimbiris_2855/CH12/EX12.20/Ex12_20.sce
 
 
 
 
 all;
   !--error 4 
Undefined variable: all
at line       5 of exec file called by :    
exec('SCI/etc/scilab.start',-1);;exec('Fiber_Optics_Communication_H._Kolimbiris_2855/CH12/EX12.20/Ex12_20.sce',-1)
 
ERROR: Fiber_Optics_Communication_H._Kolimbiris_2855/CH12/EX12.21/Ex12_21.sce
 
 
 
 
 all;
   !--error 4 
Undefined variable: all
at line       5 of exec file called by :    
exec('SCI/etc/scilab.start',-1);;exec('Fiber_Optics_Communication_H._Kolimbiris_2855/CH12/EX12.21/Ex12_21.sce',-1)
 
ERROR: Fiber_Optics_Communication_H._Kolimbiris_2855/CH12/EX12.22/Ex12_22.sce
 
 
 
 
 
 
 
 
 
 all;
   !--error 4 
Undefined variable: all
at line      10 of exec file called by :    
exec('SCI/etc/scilab.start',-1);;exec('Fiber_Optics_Communication_H._Kolimbiris_2855/CH12/EX12.22/Ex12_22.sce',-1)
 
ERROR: Fiber_Optics_Communication_H._Kolimbiris_2855/CH12/EX12.23/Ex12_23.sce
 
 
 
 
 all;
   !--error 4 
Undefined variable: all
at line       5 of exec file called by :    
exec('SCI/etc/scilab.start',-1);;exec('Fiber_Optics_Communication_H._Kolimbiris_2855/CH12/EX12.23/Ex12_23.sce',-1)
 
ERROR: Fiber_Optics_Communication_H._Kolimbiris_2855/CH12/EX12.24/Ex12_24.sce
 
 
 
 
 all;
   !--error 4 
Undefined variable: all
at line       5 of exec file called by :    
exec('SCI/etc/scilab.start',-1);;exec('Fiber_Optics_Communication_H._Kolimbiris_2855/CH12/EX12.24/Ex12_24.sce',-1)
 
ERROR: Fiber_Optics_Communication_H._Kolimbiris_2855/CH12/EX12.25/Ex12_25.sce
 
 
 
 
 all;
   !--error 4 
Undefined variable: all
at line       5 of exec file called by :    
exec('SCI/etc/scilab.start',-1);;exec('Fiber_Optics_Communication_H._Kolimbiris_2855/CH12/EX12.25/Ex12_25.sce',-1)
 
ERROR: Fiber_Optics_Communication_H._Kolimbiris_2855/CH12/EX12.26/Ex12_26.sce
 
 
 
 
 all;
   !--error 4 
Undefined variable: all
at line       5 of exec file called by :    
exec('SCI/etc/scilab.start',-1);;exec('Fiber_Optics_Communication_H._Kolimbiris_2855/CH12/EX12.26/Ex12_26.sce',-1)
 
ERROR: Fiber_Optics_Communication_H._Kolimbiris_2855/CH12/EX12.27/Ex12_27.sce
 
 
 
 
 all;
   !--error 4 
Undefined variable: all
at line       5 of exec file called by :    
exec('SCI/etc/scilab.start',-1);;exec('Fiber_Optics_Communication_H._Kolimbiris_2855/CH12/EX12.27/Ex12_27.sce',-1)
 
ERROR: Fiber_Optics_Communication_H._Kolimbiris_2855/CH12/EX12.28/Ex12_28.sce
 
 
 
 
 all;
   !--error 4 
Undefined variable: all
at line       5 of exec file called by :    
exec('SCI/etc/scilab.start',-1);;exec('Fiber_Optics_Communication_H._Kolimbiris_2855/CH12/EX12.28/Ex12_28.sce',-1)
 
ERROR: Fiber_Optics_Communication_H._Kolimbiris_2855/CH12/EX12.29/Ex12_29.sce
 
 
 
 
 all;
   !--error 4 
Undefined variable: all
at line       5 of exec file called by :    
exec('SCI/etc/scilab.start',-1);;exec('Fiber_Optics_Communication_H._Kolimbiris_2855/CH12/EX12.29/Ex12_29.sce',-1)
 
ERROR: Fiber_Optics_Communication_H._Kolimbiris_2855/CH12/EX12.32/Ex12_32.sce
 
 
 
 
 
 
 
 
 
 all ;
   !--error 4 
Undefined variable: all
at line      10 of exec file called by :    
exec('SCI/etc/scilab.start',-1);;exec('Fiber_Optics_Communication_H._Kolimbiris_2855/CH12/EX12.32/Ex12_32.sce',-1)
 
ERROR: Fiber_Optics_Communication_H._Kolimbiris_2855/CH12/EX12.33/Ex12_33.sce
 
 
 
 
 all;
   !--error 4 
Undefined variable: all
at line       5 of exec file called by :    
exec('SCI/etc/scilab.start',-1);;exec('Fiber_Optics_Communication_H._Kolimbiris_2855/CH12/EX12.33/Ex12_33.sce',-1)
 
ERROR: Fiber_Optics_Communication_H._Kolimbiris_2855/CH12/EX12.34/Ex12_34.sce
 
 
 
 
 all;
   !--error 4 
Undefined variable: all
at line       5 of exec file called by :    
exec('SCI/etc/scilab.start',-1);;exec('Fiber_Optics_Communication_H._Kolimbiris_2855/CH12/EX12.34/Ex12_34.sce',-1)
 
ERROR: Fiber_Optics_Communication_H._Kolimbiris_2855/CH12/EX12.35/Ex12_35.sce
 
 
 
 
 all;
   !--error 4 
Undefined variable: all
at line       5 of exec file called by :    
exec('SCI/etc/scilab.start',-1);;exec('Fiber_Optics_Communication_H._Kolimbiris_2855/CH12/EX12.35/Ex12_35.sce',-1)
 
ERROR: Fiber_Optics_Communication_H._Kolimbiris_2855/CH12/EX12.36/Ex12_36.sce
 
 
 
 
 
 
 
 
 
 all;
   !--error 4 
Undefined variable: all
at line      10 of exec file called by :    
exec('SCI/etc/scilab.start',-1);;exec('Fiber_Optics_Communication_H._Kolimbiris_2855/CH12/EX12.36/Ex12_36.sce',-1)
 
ERROR: Fiber_Optics_Communication_H._Kolimbiris_2855/CH12/EX12.38/Ex12_38.sce
 
 
 
 
 
 all;
   !--error 4 
Undefined variable: all
at line       6 of exec file called by :    
exec('SCI/etc/scilab.start',-1);;exec('Fiber_Optics_Communication_H._Kolimbiris_2855/CH12/EX12.38/Ex12_38.sce',-1)
 
ERROR: Fiber_Optics_Communication_H._Kolimbiris_2855/CH12/EX12.40/Ex12_40.sce
 
 
 
 
 all;
   !--error 4 
Undefined variable: all
at line       5 of exec file called by :    
exec('SCI/etc/scilab.start',-1);;exec('Fiber_Optics_Communication_H._Kolimbiris_2855/CH12/EX12.40/Ex12_40.sce',-1)
 
ERROR: Fiber_Optics_Communication_H._Kolimbiris_2855/CH12/EX12.41/Ex12_41.sce
 
 
 
 
 all;
   !--error 4 
Undefined variable: all
at line       5 of exec file called by :    
exec('SCI/etc/scilab.start',-1);;exec('Fiber_Optics_Communication_H._Kolimbiris_2855/CH12/EX12.41/Ex12_41.sce',-1)
 
ERROR: Fiber_Optics_Communication_H._Kolimbiris_2855/CH12/EX12.42/Ex12_42.sce
 
 
 
 
 all;
   !--error 4 
Undefined variable: all
at line       5 of exec file called by :    
exec('SCI/etc/scilab.start',-1);;exec('Fiber_Optics_Communication_H._Kolimbiris_2855/CH12/EX12.42/Ex12_42.sce',-1)
 
ERROR: Fiber_Optics_Communication_H._Kolimbiris_2855/CH12/EX12.45/Ex12_45.sce
 
 
 
 
 all;
   !--error 4 
Undefined variable: all
at line       5 of exec file called by :    
exec('SCI/etc/scilab.start',-1);;exec('Fiber_Optics_Communication_H._Kolimbiris_2855/CH12/EX12.45/Ex12_45.sce',-1)
 
ERROR: Fiber_Optics_Communication_H._Kolimbiris_2855/CH13/EX13.1/Ex13_1.sce
 
 
 
 
 all;
   !--error 4 
Undefined variable: all
at line       5 of exec file called by :    
exec('SCI/etc/scilab.start',-1);;exec('Fiber_Optics_Communication_H._Kolimbiris_2855/CH13/EX13.1/Ex13_1.sce',-1)
 
ERROR: Fiber_Optics_Communication_H._Kolimbiris_2855/CH13/EX13.2/Ex13_2.sce
 
 
 
 
 all;
   !--error 4 
Undefined variable: all
at line       5 of exec file called by :    
exec('SCI/etc/scilab.start',-1);;exec('Fiber_Optics_Communication_H._Kolimbiris_2855/CH13/EX13.2/Ex13_2.sce',-1)
 
ERROR: Fiber_Optics_Communication_H._Kolimbiris_2855/CH13/EX13.3/Ex13_3.sce
 
 
 
 
 all;
   !--error 4 
Undefined variable: all
at line       5 of exec file called by :    
exec('SCI/etc/scilab.start',-1);;exec('Fiber_Optics_Communication_H._Kolimbiris_2855/CH13/EX13.3/Ex13_3.sce',-1)
 
