Total number of .sce files(without counting DEPENDENCIES directory): 147

grepthis#Fiber_Optics_Communication_H._Kolimbiris_2855/CH1/EX1.2/Ex1_2.sce #
 
 
 
 
 
 
 
 
 
 
 
Angle of refraction is 0.5
  

 Angle of refraction is 30 degree 
  
 
 
 
 
 

 Velocity of optical ray through medium second 2.25*10^8 m/s
 
 

 Wavelenght of optical ray through medium second 465.1 nm 
 
grepthis#Fiber_Optics_Communication_H._Kolimbiris_2855/CH1/EX1.3/Ex1_3.sce #
 
 
 
 
 
 
 
 
 
 
 
 
 
 
 
Angle of refraction is 33.72 degree
  
 
Angle of deviation is 26.3 degree
  
 
 
grepthis#Fiber_Optics_Communication_H._Kolimbiris_2855/CH1/EX1.4/Ex1_4.sce #
 
 
 
 
 Solution (i)   
 
 

 The value of tan(w2) is 0.4 
 
 
 

 The value of w2 is 21.8 degree
 

 The value of sin(w2) is 0.37 
 
 
 Solution (ii)   
 
 
 
 
 

 The value of sin(w1) is 0.53 
 

 The value of w1 is  32 degree 
 
 
 
 
 

 the optical distance is 35.64 cm
 
 
grepthis#Fiber_Optics_Communication_H._Kolimbiris_2855/CH1/EX1.5/Ex1_5.sce #
 
 
 
 
 
 
 
 Solution (i) is    
 
 
 u  =
 
    830.  
 
 

 Wavelength is 553 nm 
 
 
 Solution (ii) is    
 
 
 

  frequency is 542 THz
 
 
 Solution (iii) is    
 
 
 

  phase velocity  is 2.997e+08 m/s
 
 
 
 
grepthis#Fiber_Optics_Communication_H._Kolimbiris_2855/CH1/EX1.6/Ex1_6.sce #
 
 
 
 
 
 
 Solution (i) is    
 
 
 
 
 
 Wavelenth is   
 
    480.  
 
 nm   
 
 
 Solution (ii) is    
 
 
 
 
 Velocity  is   
 
    2.000D+08  
 
 m/s   
 
 
grepthis#Fiber_Optics_Communication_H._Kolimbiris_2855/CH1/EX1.7/Ex1_7.sce #
 
 
 
 
 
 
 Solution (i)   
 
 
 
 
 

 The wavelength is 469.3 nm
 
 
 Solution (ii)   
 
 

 Refractive Index is 1.364 
 
 
grepthis#Fiber_Optics_Communication_H._Kolimbiris_2855/CH1/EX1.8/Ex1_8.sce #
 
 
 
 
 
 
 
 
 
 
 
 
 
 
 
 Solution (ii)   
 
 
 

  Io is 0.207 of Ii 
 
 
grepthis#Fiber_Optics_Communication_H._Kolimbiris_2855/CH1/EX1.9/Ex1_9.sce #
 
 
 
 
 
 
 
 
 

Length of tube, d = 3 cm   
 
 
grepthis#Fiber_Optics_Communication_H._Kolimbiris_2855/CH1/EX1.10/Ex1_10.sce #
 
 
 
 
 
 
 
 
 

 The degree of polarisation is 0.3    
 
 
grepthis#Fiber_Optics_Communication_H._Kolimbiris_2855/CH1/EX1.11/Ex1_11.sce #
 
 
 
 
 
 
 
 
 

 Thus it will require 5 reflective plate to achive a degree of polarization equal to 0.45 
 
grepthis#Fiber_Optics_Communication_H._Kolimbiris_2855/CH1/EX1.12/Ex1_12.sce #
 
 
 
 
 
 
 
 
 
 
 
 The ratio of optical ray intensity ,I1/I0=   
 
    0.75  
 
 
grepthis#Fiber_Optics_Communication_H._Kolimbiris_2855/CH1/EX1.13/Ex1_13.sce #
 
 
 
 
 
 
 
 

 cos w is 0.74  

 The angle bw polarizer and analyser , w is 42 degree 
 
 
 
grepthis#Fiber_Optics_Communication_H._Kolimbiris_2855/CH1/EX1.14/Ex1_14.sce #
 
 
 
 
 
 Solution (i) is    
 
 
 
 
 
 
 

 Time difference, t is 0.01 ps 
 
 Solution (ii) is    
 
 
 
 

 Phase difference is 25.5 rad 
 
 
 
grepthis#Fiber_Optics_Communication_H._Kolimbiris_2855/CH1/EX1.15/Ex1_15.sce #
 
 
 
 
 
 
 
 
 
 
 
 
wavelength of a electromagnetic radiation is 0.414 nm 
 
 
grepthis#Fiber_Optics_Communication_H._Kolimbiris_2855/CH1/EX1.16/Ex1_16.sce #
 
 
 
 
 
 
 Solution (i) is    
 
 l  =
 
    670.  
 
 
 c  =
 
    3.000D+17  
 
 Ek  =
 
    0.75  
 
 
 

 Characteristic of material = 1.1 eV
 
 
 Solution (ii) is    
 
 
 

 Cuttoff frequency is = 265 THz
 
 

 Cuttoff wavelength is = 1132 nm
 
 
grepthis#Fiber_Optics_Communication_H._Kolimbiris_2855/CH1/EX1.18/Ex1_18.sce #
 
 
 
 
 
 
 Solution (i) is    
 
 x  =
 
    620.  
 
 h  =
 
    6.630D-34  
 
 
 
 m  =
 
    9.110D-31  
 
 

 The uncertanity in electron velocity is 93 m/s  
 
 
grepthis#Fiber_Optics_Communication_H._Kolimbiris_2855/CH2/EX2.1/Ex2_1.sce #
 
 
 
 
 
 
 

 Maximum number of electron in 1st shell is 2
  
 
 

 Maximum number of electron in 2nd shell is 8  
 
grepthis#Fiber_Optics_Communication_H._Kolimbiris_2855/CH2/EX2.2/Ex2_2.sce #
 
 
 
 
 
 
 
 
 

 Band gap energy of silicon at 50 K is 1.168 eV 
 Band gap energy of silicon at 100 K is 1.164 eV 
 Band gap energy of silicon at 150 K is 1.156 eV 
 Band gap energy of silicon at 200 K is 1.147 eV 
 Band gap energy of silicon at 250 K is 1.137 eV 
 Band gap energy of silicon at 300 K is 1.125 eV 
 Band gap energy of silicon at 350 K is 1.111 eV 
 Band gap energy of silicon at 400 K is 1.097 eV  
 
 
    
 
 
 
 

 Band gap energy of germanium at 50 K is 0.740 eV 
 Band gap energy of germanium at 100 K is 0.729 eV 
 Band gap energy of germanium at 150 K is 0.716 eV 
 Band gap energy of germanium at 200 K is 0.700 eV 
 Band gap energy of germanium at 250 K is 0.682 eV 
 Band gap energy of germanium at 300 K is 0.663 eV 
 Band gap energy of germanium at 350 K is 0.644 eV 
 Band gap energy of germanium at 400 K is 0.623 eV  
 
 
 
    
 
 
 
 

 Band gap energy of GaAs at 50 K is 1.514 eV 
 Band gap energy of GaAs at 100 K is 1.501 eV 
 Band gap energy of GaAs at 150 K is 1.485 eV 
 Band gap energy of GaAs at 200 K is 1.465 eV 
 Band gap energy of GaAs at 250 K is 1.445 eV 
 Band gap energy of GaAs at 300 K is 1.422 eV 
 Band gap energy of GaAs at 350 K is 1.399 eV 
 Band gap energy of GaAs at 400 K is 1.376 eV  
 
grepthis#Fiber_Optics_Communication_H._Kolimbiris_2855/CH2/EX2.3/Ex2_3.sce #
 
 
 
 
 
 
 
 
 
 
 
 
 
 
 
 
 
 
 
 
 

 Electron velocity :vn is  168 m/s  

 Hole velocity :vp is  0.060 km/s  

 Current density : Jn 875.52 A/m^2 
 
 

 Total current :I_T is  77 mA  
 
grepthis#Fiber_Optics_Communication_H._Kolimbiris_2855/CH2/EX2.4/Ex2_4.sce #
 
 
 
 
 
 
 
 
 
 
 
 

 Electron :n is  7.017544e+13 electrons  
 n  =
 
    7.000D+13  
 
 

 Conductivity :P is  4.56 S/m  
 
 
grepthis#Fiber_Optics_Communication_H._Kolimbiris_2855/CH2/EX2.5/Ex2_5.sce #
 
 
 
 
 
 
 
 
 
 
 

 VT is  25.7 mV 
 
 
 

 Barrier Voltage of Silicon VB is  492 mV  
 
grepthis#Fiber_Optics_Communication_H._Kolimbiris_2855/CH2/EX2.6/Ex2_6.sce #
 
 
 
 
 
 
 
 
 
 
 
 
 
 
 
 

 VT(20 deg Cel) is  0.02527 V 
 
 
 
 

 VT(100 deg Cel) is  0.03217 V 
 
 

 I(100 deg Cel) is  0.36 microA 
 
 
grepthis#Fiber_Optics_Communication_H._Kolimbiris_2855/CH2/EX2.7/Ex2_7.sce #
 
 
 
 
 
 
 
 

 I(100 deg Cel) is  102.40 microA 
 
 
 
grepthis#Fiber_Optics_Communication_H._Kolimbiris_2855/CH2/EX2.8/Ex2_8.sce #
 
 
 
 
 
 
 
 
 
 
 
 
 
 
 
 

 T_Ge is  0.095 micro-s 
 
 

 T_Si is  2.79 micro-s 
 
 

 T_InAs is  59 ps 
 
 

 T_GeAs is  7 ps 
 
 
 
grepthis#Fiber_Optics_Communication_H._Kolimbiris_2855/CH4/EX4.1/Ex4_1.sce #
 
 
 
 
 
 
 
 
 Response time   
 
    0.5  
 
 ps   
 
 
grepthis#Fiber_Optics_Communication_H._Kolimbiris_2855/CH4/EX4.2/Ex4_2.sce #
 
 
 
 
 
 
 
 
 
 
 

 Value of TJ is 25.23 deg C
 

 Value of TF is 12.36 deg C
 
 
 
 
 
 
 
 Value of RF   
 
    6.799D-09  
 

 Value of MTBF is 147*10^6 hours 
 
 
grepthis#Fiber_Optics_Communication_H._Kolimbiris_2855/CH4/EX4.3/Ex4_3.sce #
 
 
 
 
 
 
 
 
 

 Decay Loss 0.4326 
 
 
 

 Photon lifetime 92.46 fs
 
 

 Bandwidth 10.8 Thz
 
 
 
grepthis#Fiber_Optics_Communication_H._Kolimbiris_2855/CH5/EX5.1/Ex5_1.sce #
 
 
 
 
 
 
 

 input power 0.4 mW
 
 
grepthis#Fiber_Optics_Communication_H._Kolimbiris_2855/CH5/EX5.2/Ex5_2.sce #
 
 
 
 
 
 
 
 

 PRBS =2^17 -1 
 
 
grepthis#Fiber_Optics_Communication_H._Kolimbiris_2855/CH6/EX6.1/Ex6_1.sce #
 
 
 
 
 
 
 
 
 
 

 Rth = 36 K/W 

 No Heat sink is required 
 
 
grepthis#Fiber_Optics_Communication_H._Kolimbiris_2855/CH6/EX6.2/Ex6_2.sce #
 
 
 
 
 
 
 
 
 
 
 
Rth = 19 K/W 

 Yes,Heat sink is required 
 
 
grepthis#Fiber_Optics_Communication_H._Kolimbiris_2855/CH6/EX6.3/Ex6_3.sce #
 
 
 
 
 
 
 
 
 
 
 
 
RthH-a <= 34.5 K/W 
 
 
grepthis#Fiber_Optics_Communication_H._Kolimbiris_2855/CH6/EX6.4/Ex6_4.sce #
 
 
 
 
 
 
 
 
 
 
 
 
 
 Power dissipation under dynamic condition   
 
    68.4  
 
 mW   
 
 
 
 power dissipation under static condition   
 
    120.  
 
 mW   
 
 
 
 total power dissipation   
 
    188.4  
 
 mW   
 
 
 
 
 
 

 Temp. of junction temp 41 degree C 
 
 
grepthis#Fiber_Optics_Communication_H._Kolimbiris_2855/CH6/EX6.5/Ex6_5.sce #
 
 
 
 
 
 
 
 
 
 

 R3= 68 ohm 
 

 R0= 11 ohm 
 

 R1= 11 ohm 
 

 R2= 1 ohm 
 

 C1= 189 pF 
 
grepthis#Fiber_Optics_Communication_H._Kolimbiris_2855/CH6/EX6.6/Ex6_6.sce #
 
 
 
 
 
 
 
 
 
 

 Reference current is 15.625 microA 
 

 External bias resistor value Rref1is 96 kohm 
 
 

 Also,Rref1=24/Impd 
 External bias resistor value is 96 kohm 
 

 Ref0 current is 6.25 microA 
 

 External bias resistor value Rrefz is 240 kohm 
 
grepthis#Fiber_Optics_Communication_H._Kolimbiris_2855/CH6/EX6.7/Ex6_7.sce #
 
 
 
 
 
 
 
 
 

 nlaser = 0.01  
 

 Tone = 320 micros  
 

 BWone = 497 Hz  
 
 

 BWzero = 497 Hz  
 
 
grepthis#Fiber_Optics_Communication_H._Kolimbiris_2855/CH6/EX6.8/Ex6_8.sce #
 
 
 
 
 
 
 
 

 Alarm resistor RalarmH is 28 kOhm 
 

 Alarm resistor RalarmL is 90 kOhm 
 
 

 Alarm current  IalarmH is 53 microA 
 
 

 Alarm current  IalarmL is 17 microA 
 
 
 
grepthis#Fiber_Optics_Communication_H._Kolimbiris_2855/CH6/EX6.9/Ex6_9.sce #
 
 
 
 
 
 
 
 
 
 
 
Total modulation current is 
Imod=52.50 mA
 
 
The current complementary output is 
Ildq=12.0 mA
 
 
The laser voltage for optical high is 
Vld=-3.70 V
 
 
The laser voltage for optical dark is 
Vld=-1.95 V
 
 
The laser voltage at complimentary o/p is 
Vldq=-1.75 V
 
 
 

Vchock=-0.075 V
 
 

Vbias=-2.9 V
 
 
 
 

Pdvcc=12.5 mW
 
 

Pdvee1=360 mW
 
 
 

Pdvee2=960 mW
 
 
 

PdLD=93.75 mW
 
 
 

PdLDQ=48.75 mW
 
 
 

Pdbias=43.5 mW
 
 
 

Total power dissipation (PT)=1146.5 mW
 
 
grepthis#Fiber_Optics_Communication_H._Kolimbiris_2855/CH6/EX6.10/Ex6_10.sce #
 
 
 
 
 
 
 
 
 
 
 
 
 
 
 
Pt= 859 mW 
 
 
 

 Tcase(max)= 99 degree Cel 
 
grepthis#Fiber_Optics_Communication_H._Kolimbiris_2855/CH6/EX6.11/Ex6_11.sce #
 
 
 
 
 
 
 
 
 
 

 Zdiff= 99.6 ohm 
 

 Zcm= 50.1 ohm 
 
grepthis#Fiber_Optics_Communication_H._Kolimbiris_2855/CH6/EX6.12/Ex6_12.sce #
 
 
 
 
 
 
 
 
 
 

 Zdiff= 114.4 ohm 
 

 Zcm= 73.6 ohm 
 
 
grepthis#Fiber_Optics_Communication_H._Kolimbiris_2855/CH6/EX6.13/Ex6_13.sce #
 
 
 
 
 
 
 
 
 
fLcable = 177 kHz 
 
grepthis#Fiber_Optics_Communication_H._Kolimbiris_2855/CH6/EX6.14/Ex6_14.sce #
 
 
 
 
 
 
 
 
 

 The maximum allowed parasitic cable inductance (Lcable) must not exceed 16.6 nH 
 
grepthis#Fiber_Optics_Communication_H._Kolimbiris_2855/CH6/EX6.15/Ex6_15.sce #
 
 
 
 
 
 
 
 
 
 
fHnoise = 5.1 MHz 
 
grepthis#Fiber_Optics_Communication_H._Kolimbiris_2855/CH6/EX6.16/Ex6_16.sce #
 
 
 
 
 
 
 
 
 
 
fLnoise = 36 kHz 
 
grepthis#Fiber_Optics_Communication_H._Kolimbiris_2855/CH6/EX6.17/Ex6_17.sce #
 
 
 
 
 
 
 
 
 
 
 

 fLnoise = 64 kHz
  
 

 fHnoise = 10 MHz
  
 

 Bwnoise = 9.88 MHZ 
 
grepthis#Fiber_Optics_Communication_H._Kolimbiris_2855/CH6/EX6.18/Ex6_18.sce #
 
 
 
 
 
 
 
 
 
 

 fCdecoupling(high) = 42.4 MHz
  
 
grepthis#Fiber_Optics_Communication_H._Kolimbiris_2855/CH6/EX6.19/Ex6_19.sce #
 
 
 
 
 
 
 
 
 
 
 

 fLnoise = 4 MHz
  
 

 fHnoise (from last question i.e. 6.18)= 42.3 MHz
  

  4MHz <= B.W.noise <= 42.30MHZ 
 
grepthis#Fiber_Optics_Communication_H._Kolimbiris_2855/CH12/EX12.37/Ex12_37.sce #
 
 
 
 
 
 
 
 
 
 
 
 

 Zs = 1126 km 
 
 

 Ps = 0.47 mW 
 
grepthis#Fiber_Optics_Communication_H._Kolimbiris_2855/CH12/EX12.39/Ex12_39.sce #
 
 
 
 
 
 
 
 
 

 For Q=4 ,BER  = 3*10^-5  

 For Q=6 ,BER  = 9.9*10^-10  
 
 
 
 
 
grepthis#Fiber_Optics_Communication_H._Kolimbiris_2855/CH12/EX12.43/Ex12_43.sce #
 
 
 
 
 
 
 
 
 
 

 Ncollision for S=4,is 8 
 

 Ncollision for S=5,is 15 
 
 
 
 
 
 
 
grepthis#Fiber_Optics_Communication_H._Kolimbiris_2855/CH12/EX12.44/Ex12_44.sce #
 
 
 
 
 
 
 

 Maximum number of solition Collisions
 

 M=1    N=1     S=4 ,is     14
 M=2    N=2     S=4 ,is     28
 M=3    N=3     S=4 ,is     42
 M=4    N=4     S=4 ,is     56
 M=5    N=5     S=4 ,is     70 
 
grepthis#Fiber_Optics_Communication_H._Kolimbiris_2855/CH12/EX12.46/Ex12_46.sce #
 
 
 
 
 
 
 
 
 
 

 Channel spacing 1.7 nm 
 
 
grepthis#Fiber_Optics_Communication_H._Kolimbiris_2855/CH12/EX12.47/Ex12_47.sce #
 
 
 
 
 
 
 
 
 
 

 Bit period Tb = 240 ps 
 
 
grepthis#Fiber_Optics_Communication_H._Kolimbiris_2855/CH12/EX12.48/Ex12_48.sce #
 
 
 
 
 
 
 
 
 
 

 Maximum modulator spacing Zr = 106.67 km 
 
grepthis#Fiber_Optics_Communication_H._Kolimbiris_2855/CH12/EX12.49/Ex12_49.sce #
 
 
 
 
 
 
 
 
 
 

 Length of Dispersion compensation fiber, Ldsf = 19 km 
 
grepthis#Fiber_Optics_Communication_H._Kolimbiris_2855/CH12/EX12.50/Ex12_50.sce #
 
 
 
 
 
 
 
 
 
 
 
 
 
 
 

 Collision length without dispersion slope compensation = 228.6 km
 
 

 Collision length with dispersion slope compensation = 400 km 
 
 
grepthis#Fiber_Optics_Communication_H._Kolimbiris_2855/CH12/EX12.51/Ex12_51.sce #
 
 
 
 
 
 
 
 
 

 Total solition Collisions length With DSC ,Ltotal = 1200 km
 
 

 Total solition Collisions length With non-DSC ,Ltotal = 240 km
 
 
