Total number of .sce files(without counting DEPENDENCIES directory): 131

grepthis#Engineering_Physics__D._K._Bhattacharya_1952/CH12/EX12.1/Ex1.sce #
 
 lam  =
 
    0.0000006  
 
 T  =
 
    543.  
 
 k  =
 
    1.380D-23  
 
 h  =
 
    6.625D-34  
 
 c  =
 
    3.000D+08  
 
 N  =
 
    2.995D-20  
 
 
 
Relative population of Na atoms in the 1st excited state and in ground state
 
 
    2.995D-20  
 
 
grepthis#Engineering_Physics__D._K._Bhattacharya_1952/CH1/EX1.1/Ex1_1.sce #
 
 v  =
 
    1440.  
 
 t  =
 
    0.33  
 
 d  =
 
    475.2  
 
 d1  =
 
    237.6  
 
 
  the velocity of ultrasonic waves ( in m) is    
 
    475.2  
 
 
  the depth of submarine ( in m) is    
 
    237.6  
 
 
 
grepthis#Engineering_Physics__D._K._Bhattacharya_1952/CH1/EX1.2/Ex1_2.sce #
 
 d  =
 
    7250.  
 
 E  =
 
    1.150D+11  
 
 l  =
 
    0.04  
 
 n  =
 
    49784.016  
 
 
 the natural frequency of rod (in kHz) is    
 
    49.784016  
 
yes,the rod can be used for producing  ultrasonic waves because its frequency lies in the ultrasonic  range 
 
 
grepthis#Engineering_Physics__D._K._Bhattacharya_1952/CH1/EX1.3/Ex1_3.sce #
 
 l  =
 
    0.001  
 
 E  =
 
    7.900D+10  
 
 d  =
 
    2650.  
 
 p  =
 
    1.  
 
 n  =
 
    2729987.2  
 
Fundamental  frequency of quartz crystal
 
n=2729987.21 Hz 
 
grepthis#Engineering_Physics__D._K._Bhattacharya_1952/CH1/EX1.4/Ex1_4.sce #
 
 lam  =
 
    0.0011  
 
 n  =
 
    1450000.  
 
 v  =
 
    1595.  
 
velocity of waves in sea water
 
v=1595.0 m/s 
 
 
 
 
grepthis#Engineering_Physics__D._K._Bhattacharya_1952/CH1/EX1.5/Ex1_5.sce #
 
 l  =
 
    0.05  
 
 d  =
 
    7250.  
 
 E  =
 
    1.150D+11  
 
 n  =
 
    39827.213  
 
Natural frequency of rod
 
n=39.83 KHz 
 
grepthis#Engineering_Physics__D._K._Bhattacharya_1952/CH1/EX1.6/Ex1_6.sce #
 
 l  =
 
    0.002  
 
 d  =
 
    2650.  
 
 E  =
 
    7.900D+10  
 
 p  =
 
    1.  
 
 n  =
 
    1364993.6  
 
frequency of crystal
 
n=1.365 MHz 
 
grepthis#Engineering_Physics__D._K._Bhattacharya_1952/CH1/EX1.7/Ex1_7.sce #
 
 l  =
 
    0.003  
 
 d  =
 
    2500.  
 
 E  =
 
    8.000D+10  
 
 p  =
 
    1.  
 
 n  =
 
    942809.04  
 
frequency of ultrasound
 
n=942.809 KHz 
 
grepthis#Engineering_Physics__D._K._Bhattacharya_1952/CH1/EX1.8/Ex1_8.sce #
 
 l  =
 
    0.0015  
 
 d  =
 
    2650.  
 
 E  =
 
    7.900D+10  
 
 p  =
 
    1.  
 
 n  =
 
    1819991.5  
 
frequency of crystal
 
n=1.820 MHz 
 
grepthis#Engineering_Physics__D._K._Bhattacharya_1952/CH1/EX1.9/Ex1_9.sce #
 
 v  =
 
    1440.  
 
 t  =
 
    0.95  
 
 d  =
 
    1368.  
 
 d1  =
 
    684.  
 
 
  the depth of sea ( in m) is    
 
    684.  
 
 
 
grepthis#Engineering_Physics__D._K._Bhattacharya_1952/CH1/EX1.10/Ex1_10.sce #
 
 v  =
 
    1440.  
 
 t  =
 
    0.83  
 
 d  =
 
    1195.2  
 
 d1  =
 
    597.6  
 
 
  the velocity of ultrasonic waves ( in m) is    
 
    1195.2  
 
 
  the depth of submarine ( in m) is    
 
    597.6  
 
 
 
grepthis#Engineering_Physics__D._K._Bhattacharya_1952/CH1/EX1.11/Ex1_11.sce #
 
 aS  =
 
    1050.  
 
 
 V  =
 
    9000.  
 
 T  =
 
    1.4142857  
 
Reverberation time of hall
 
T=1.4143 sec 
 
grepthis#Engineering_Physics__D._K._Bhattacharya_1952/CH1/EX1.12/Ex1_12.sce #
 
 V  =
 
    13500.  
 
 T  =
 
    1.2  
 
 a  =
 
    0.65  
 
 S  =
 
    2855.7692  
 
Area of interior surface
 
S=2855.8 m^2 
 
grepthis#Engineering_Physics__D._K._Bhattacharya_1952/CH1/EX1.13/Ex1_13.sce #
 
 V  =
 
    15000.  
 
 T1  =
 
    1.3  
 
 aS  =
 
    1903.8462  
 
 T2  =
 
    1.1230366  
 
Reverberation time of hall after adding 300 chairs
 
T2=1.123 sec 
 
grepthis#Engineering_Physics__D._K._Bhattacharya_1952/CH1/EX1.14/Ex1_14.sce #
 
 v  =
 
    1440.  
 
 t  =
 
    0.5  
 
 d  =
 
    720.  
 
 d1  =
 
    360.  
 
 
  the velocity of ultrasonic waves ( in m) is    
 
    720.  
 
 
  the depth of submarine ( in m) is    
 
    360.  
 
 
 
grepthis#Engineering_Physics__D._K._Bhattacharya_1952/CH1/EX1.15/Ex1_15.sce #
 
 lam  =
 
    0.0008  
 
 n  =
 
    1500000.  
 
 v  =
 
    1200.  
 
velocity of waves in sea water
 
v=1200.0 m/s 
 
grepthis#Engineering_Physics__D._K._Bhattacharya_1952/CH1/EX1.16/Ex1_16.sce #
 
 l  =
 
    0.04  
 
 E  =
 
    1.150D+11  
 
 d  =
 
    7250.  
 
 p  =
 
    1.  
 
 n  =
 
    49784.016  
 
Fundamental  frequency of quartz crystal
 
n=49.78  KHz 
 
grepthis#Engineering_Physics__D._K._Bhattacharya_1952/CH12/EX12.2/Ex2.sce #
 
 lam  =
 
    0.0000005  
 
 T  =
 
    523.  
 
 k  =
 
    1.380D-23  
 
 h  =
 
    6.625D-34  
 
 c  =
 
    3.000D+08  
 
 N  =
 
    1.205D-24  
 
 
 
Relative population of Na atoms in the 1st excited state and in ground state
 
 
    1.205D-24  
 
 
grepthis#Engineering_Physics__D._K._Bhattacharya_1952/CH13/EX13.1.2/Ex2.sce #
 
 l  =
 
    0.0007  
 
 E  =
 
    8.800D+10  
 
 d  =
 
    2800.  
 
 p  =
 
    1.  
 
 n  =
 
    4004370.8  
 
Fundamental  frequency of quartz crystal)
 
n=4004370.79   Hz 
 
grepthis#Engineering_Physics__D._K._Bhattacharya_1952/CH13/EX13.2.1/Ex2_1.sce #
 
 l  =
 
    0.04  
 
 E  =
 
    2.070D+08  
 
 d  =
 
    8900.  
 
 p  =
 
    1.  
 
 n  =
 
    1906.3392  
 
Fundamental  frequency of quartz crystal)
 
n=1906.34   Hz 
 
grepthis#Engineering_Physics__D._K._Bhattacharya_1952/CH2/EX2.1/Ex2_1.sce #
 
 lam  =
 
    0.0000006  
 
 T  =
 
    523.  
 
 k  =
 
    1.380D-23  
 
 h  =
 
    6.625D-34  
 
 c  =
 
    3.000D+08  
 
 N  =
 
    5.367D-21  
 
 
 
Relative population of Na atoms in the 1st excited state and in ground state
 
 
    5.367D-21  
 
 
grepthis#Engineering_Physics__D._K._Bhattacharya_1952/CH2/EX2.2/Ex2_2.sce #
 
 T  =
 
    523.  
 
 h  =
 
    6.625D-34  
 
 c  =
 
    3.000D+08  
 
 lam  =
 
    0.0000006  
 
 k  =
 
    1.380D-23  
 
 N  =
 
    5.367D-21  
 
Ratio of stimulated  emission to spontaneous  emission is 
 
    5.367D-21  
 
 
 
 
 
grepthis#Engineering_Physics__D._K._Bhattacharya_1952/CH2/EX2.3/Ex2_3.sce #
 
 lam  =
 
    0.0000006  
 
 Em  =
 
    0.18882  
 
 c  =
 
    3.000D+08  
 
 h  =
 
    6.625D-34  
 
 n  =
 
    4.741D+14  
 
 E  =
 
    3.141D-19  
 
 N  =
 
    6.012D+17  
 
Number of photons emitted per minute 
 
    6.012D+17  
 
 
grepthis#Engineering_Physics__D._K._Bhattacharya_1952/CH13/EX13.2.7/Ex2_7.sce #
 
 lam  =
 
    5.000D-10  
 
 h  =
 
    6.625D-34  
 
 c  =
 
    3.000D+08  
 
 m0  =
 
    9.110D-31  
 
 phi  =
 
    0.7853982  
 
 delta_H  =
 
    7.100D-13  
 
 LAM  =
 
    5.007D-10  
 
wavelength of scattered radiation (im m)= 
 
    5.007D-10  
 
 
grepthis#Engineering_Physics__D._K._Bhattacharya_1952/CH13/EX13.2.13/Ex2_13.sce #
 
 n1  =
 
    1.5  
 
 n2  =
 
    1.447  
 
 n0  =
 
    1.  
 
 NA  =
 
    0.3952101  
 
 alpha_m  =
 
    0.4062965  
 
NA=0.4 
 
alpha_m=23.28  degree
 
 
grepthis#Engineering_Physics__D._K._Bhattacharya_1952/CH12/EX12.3/Ex3.sce #
 
 T  =
 
    533.  
 
 h  =
 
    6.625D-34  
 
 c  =
 
    3.000D+08  
 
 lam  =
 
    0.0000006  
 
 k  =
 
    1.380D-23  
 
 N  =
 
    1.288D-20  
 
Ratio of stimulated  emission to spontaneous  emission is 
 
    1.288D-20  
 
 
grepthis#Engineering_Physics__D._K._Bhattacharya_1952/CH3/EX3.1/Ex3_1.sce #
 
 n1  =
 
    1.5  
 
 n2  =
 
    1.47  
 
 n0  =
 
    1.  
 
 NA  =
 
    0.2984962  
 
 alpha_m  =
 
    0.3031167  
 
 phi_m  =
 
    0.2003348  
 
 phi_c  =
 
    1.3704615  
 
NA=0.3 
 
alpha_m=17.37  degree
 
phi_m=11.48 degree
 
phi_c=78.52  degree 
 
 
 
 
 
grepthis#Engineering_Physics__D._K._Bhattacharya_1952/CH3/EX3.2/Ex3_2.sce #
 
 n1  =
 
    1.5  
 
 n2  =
 
    1.47  
 
 c  =
 
    3.000D+08  
 
 P  =
 
    1.020D-10  
 
 
pulse broadening per unit length due to multiple dispersion(in s/m) 
 
    1.020D-10  
 
 
grepthis#Engineering_Physics__D._K._Bhattacharya_1952/CH3/EX3.3/Ex3_3.sce #
 
 n1  =
 
    1.5  
 
 n2  =
 
    1.47  
 
 n0  =
 
    1.  
 
 a  =
 
    0.00005  
 
 NA  =
 
    0.2984962  
 
 alpha_m  =
 
    0.3031167  
 
 phi_m  =
 
    0.2003348  
 
 L  =
 
    0.0002462  
 
Minimum number of reflections per metre=zero
 
 
 N  =
 
    2030.5866  
 
 
 Maximum number of reflections per metre(in m^-1)=   
 
N=2031 
 
 
 
grepthis#Engineering_Physics__D._K._Bhattacharya_1952/CH13/EX13.3.11/Ex3_11.sce #
 
 Un  =
 
    0.003  
 
 e  =
 
    1.600D-19  
 
 Me  =
 
    9.110D-31  
 
 T  =
 
    1.708D-14  
 
Mean free time(in S) 
 
    1.708D-14  
 
 
grepthis#Engineering_Physics__D._K._Bhattacharya_1952/CH13/EX13.3.12/Ex3_12.sce #
 
 ni  =
 
    1.500D+16  
 
 Un  =
 
    1.35  
 
 up  =
 
    0.48  
 
 e  =
 
    1.600D-19  
 
 
 Ix  =
 
    0.001  
 
 d  =
 
    0.0001  
 
 Bz  =
 
    0.1  
 
 Un1  =
 
    0.07  
 
 n  =
 
    1.000D+23  
 
 
 sigma  =
 
    0.004392  
 
 rho  =
 
    227.6867  
 
 Vh  =
 
  - 0.0000625  
 
Resistivity(in ohm*m) 
 
    227.6867  
 
Hall voltage (in V) 
 
  - 0.0000625  
 
 
grepthis#Engineering_Physics__D._K._Bhattacharya_1952/CH13/EX13.3.13/Ex3_13.sce #
 
 A  =
 
    250.  
 
 f  =
 
    50.  
 
 d  =
 
    7500.  
 
 M  =
 
    10.  
 
 
 H  =
 
    2000.  
 
 Xm  =
 
    1000.  
 
 U0  =
 
    0.0000013  
 
 
 V  =
 
    0.0013333  
 
 N  =
 
    180000.  
 
 EL  =
 
    60000.  
 
 I  =
 
    2000000.  
 
 Ur  =
 
    1001.  
 
 B  =
 
    2.5157874  
 
Energy loss per hour (in J) 
 
    60000.  
 
Intensity of magnetization (in Wb/m^3) 
 
    2000000.  
 
Magnetic flux density(in T) 
 
    2.5157874  
 
 
grepthis#Engineering_Physics__D._K._Bhattacharya_1952/CH13/EX13.3.14/Ex3_14.sce #
 
 Er1  =
 
    1.0000684  
 
 N  =
 
    2.700D+25  
 
 E0  =
 
    8.850D-12  
 
 Er2  =
 
    6.  
 
 E  =
 
    100.  
 
 A  =
 
    0.02  
 
 Er3  =
 
    3.7  
 
 d  =
 
    0.001  
 
 V  =
 
    300.  
 
 Alpha_e  =
 
    2.242D-41  
 
 R  =
 
    5.864D-11  
 
 P  =
 
    4.425D-09  
 
 C  =
 
    6.549D-10  
 
 E1  =
 
    300000.  
 
Electronic polarization (in F*m^2) 
 
    2.242D-41  
 
Radius of He atom(in m) 
 
    5.864D-11  
 
polarization(in C/m^2) 
 
    4.425D-09  
 
capacitance(in F) 
 
    6.549D-10  
 
Electric flux density (in V/m) 
 
    300000.  
 
 
grepthis#Engineering_Physics__D._K._Bhattacharya_1952/CH12/EX12.4/Ex4.sce #
 
 lam  =
 
    0.0000006  
 
 Em  =
 
    0.1896  
 
 c  =
 
    3.000D+08  
 
 h  =
 
    6.625D-34  
 
 n  =
 
    4.741D+14  
 
 E  =
 
    3.141D-19  
 
 N  =
 
    6.037D+17  
 
Number of photons emitted per minute 
 
    6.037D+17  
 
 
grepthis#Engineering_Physics__D._K._Bhattacharya_1952/CH4/EX4.1/Ex4_1.sce #
 
 c  =
 
    3.000D+08  
 
 h  =
 
    6.625D-34  
 
 lam  =
 
    1.200D-10  
 
 E  =
 
    10351.562  
 
 p  =
 
    5.521D-24  
 
Energy of photo
 
E=10351.6 eV
 
momentum of photon(in Kg m/sec)
 
 
    5.521D-24  
 
 
grepthis#Engineering_Physics__D._K._Bhattacharya_1952/CH4/EX4.2/Ex4_2.sce #
 
 E1  =
 
    10000.  
 
 n  =
 
    900000.  
 
 h  =
 
    6.625D-34  
 
 E  =
 
    5.962D-28  
 
 N  =
 
    1.677D+31  
 
number of photons emitted per second
 
 
    1.677D+31  
 
 
grepthis#Engineering_Physics__D._K._Bhattacharya_1952/CH4/EX4.3/Ex4_3.sce #
 
 c  =
 
    3.000D+08  
 
 h  =
 
    6.625D-34  
 
 E1  =
 
    100.  
 
 lam  =
 
    0.0000006  
 
 E  =
 
    3.373D-19  
 
 N  =
 
    2.965D+20  
 
number of photons emitted per second
 
 
    2.965D+20  
 
 
 
 
 
grepthis#Engineering_Physics__D._K._Bhattacharya_1952/CH4/EX4.4/Ex4_4.sce #
 
 lam  =
 
    2.800D-10  
 
 theta  =
 
    0.5235988  
 
 c  =
 
    3.000D+08  
 
 h  =
 
    6.625D-34  
 
 m0  =
 
    9.110D-31  
 
 lam1  =
 
    2.803D-10  
 
wavelength of scattered radiation(in m)
 
 
    2.803D-10  
 
wavelength of scattered radiation(in Angstrom)
 
 
    2.8032476  
 
 
 
 
 
grepthis#Engineering_Physics__D._K._Bhattacharya_1952/CH4/EX4.5/Ex4_5.sce #
 
 m  =
 
    0.04  
 
 v  =
 
    1000.  
 
 h  =
 
    6.625D-34  
 
 p  =
 
    40.  
 
 lam  =
 
    1.656D-35  
 
de Broglie wavelength(in m)
 
 
    1.656D-35  
 
de Broglie wavelength(in A)
 
 
    1.656D-25  
 
 
 
 
 
 
grepthis#Engineering_Physics__D._K._Bhattacharya_1952/CH4/EX4.6/Ex4_6.sce #
 
 a  =
 
    1.000D-10  
 
 n  =
 
    1.  
 
 h  =
 
    6.625D-34  
 
 m  =
 
    9.110D-31  
 
 E  =
 
    6.022D-18  
 
Energy of electron in ground state(in J)
 
 
    6.022D-18  
 
E=37.581 eV 
 
 
grepthis#Engineering_Physics__D._K._Bhattacharya_1952/CH4/EX4.7/Ex4_7.sce #
 
 a  =
 
    4.000D-09  
 
 n  =
 
    1.  
 
 h  =
 
    6.625D-34  
 
 m  =
 
    9.110D-31  
 
 E  =
 
    3.764D-21  
 
Energy of electron in ground state(in J)
 
 
    3.764D-21  
 
E=0.02349 eV 
 
 
grepthis#Engineering_Physics__D._K._Bhattacharya_1952/CH4/EX4.8/Ex4_8.sce #
 
 a  =
 
    1.000D-10  
 
 n1  =
 
    1.  
 
 n  =
 
    6.  
 
 h  =
 
    6.625D-34  
 
 m  =
 
    9.110D-31  
 
 
 E1  =
 
    6.022D-18  
 
 E6  =
 
    2.168D-16  
 
 E  =
 
    2.108D-16  
 
energy required to excite the electron from ground state  to the 6th excited state(in J)
 
 
    2.108D-16  
 
E=1315.33 eV 
 
grepthis#Engineering_Physics__D._K._Bhattacharya_1952/CH4/EX4.9/Ex4_9.sce #
 
 h  =
 
    6.625D-34  
 
 c  =
 
    3.000D+08  
 
 m0  =
 
    9.110D-31  
 
 phi  =
 
    1.5707963  
 
 delta_H  =
 
    2.424D-12  
 
change in wavelength of x-ray photon(in m)
 
 
    2.424D-12  
 
 
grepthis#Engineering_Physics__D._K._Bhattacharya_1952/CH12/EX12.5/Ex5.sce #
 
 lam  =
 
    0.0000005  
 
 Em  =
 
    0.3  
 
 c  =
 
    3.000D+08  
 
 h  =
 
    6.625D-34  
 
 n  =
 
    5.556D+14  
 
 E  =
 
    3.681D-19  
 
 N  =
 
    8.151D+17  
 
Number of photons emitted per minute 
 
    8.151D+17  
 
 
grepthis#Engineering_Physics__D._K._Bhattacharya_1952/CH5/EX5.1/Ex5_1.sce #
 
 
 
 
 p  =
 
    1.  
 
 q  =
 
    2.  
 
 s  =
 
    3.  
 
 
 r1  =
 
    1.  
 
 r2  =
 
    0.5  
 
 r3  =
 
    0.3333333  
 
 
 v  =
 
  1  2  3  
 
 l  =
 
    6.  
 
 m1  =
 
    6.  
 
 m2  =
 
    3.  
 
 m3  =
 
    2.  
 
miler indices= 
 
    6.  
 
    3.  
 
    2.  
 
 
grepthis#Engineering_Physics__D._K._Bhattacharya_1952/CH5/EX5.2/Ex5_2.sce #
 
 a  =
 
    5.430D-08  
 
 M  =
 
    28.1  
 
 n  =
 
    8.  
 
 N  =
 
    6.020D+23  
 
 C  =
 
    4.997D+22  
 
 D  =
 
    2.3323855  
 
Density of Si= 
D=2.33  g/cm^3 
 
grepthis#Engineering_Physics__D._K._Bhattacharya_1952/CH5/EX5.3/Ex5_3.sce #
 
 
 a  =
 
    5.000D-10  
 
 
 
 
 n111  =
 
    2.309D+18  
 
surface density of atoms in (1 1 1)plane of BCC structure (in atoms/m^2) 
 
    2.309D+18  
 
 
grepthis#Engineering_Physics__D._K._Bhattacharya_1952/CH5/EX5.4/Ex5_4.sce #
 
 a  =
 
    4.049  
 
 h  =
 
    2.  
 
 k  =
 
    2.  
 
 l  =
 
    0.  
 
 d  =
 
    1.4315377  
 
spacing of (2 2 0) planes= 
d=1.432  Angstrom 
 
grepthis#Engineering_Physics__D._K._Bhattacharya_1952/CH5/EX5.5/Ex5_5.sce #
 
 d110  =
 
    2.03  
 
 h  =
 
    1.  
 
 k  =
 
    1.  
 
 l  =
 
    0.  
 
 a  =
 
    2.8708535  
 
size of unit cell= 
a=2.87 angstrom 
 
grepthis#Engineering_Physics__D._K._Bhattacharya_1952/CH5/EX5.6/Ex5_6.sce #
 
 a  =
 
    5.64  
 
 h1  =
 
    1.  
 
 k1  =
 
    0.  
 
 l1  =
 
    0.  
 
 h2  =
 
    1.  
 
 k2  =
 
    1.  
 
 l2  =
 
    0.  
 
 h3  =
 
    1.  
 
 k3  =
 
    1.  
 
 l3  =
 
    1.  
 
 d100  =
 
    5.64  
 
 d110  =
 
    3.9880822  
 
 d111  =
 
    3.2562555  
 
spacing of (1 0 0) planes= 
d100=5.64  Angstrom
 
spacing of (1 1 0) planes= 
d110=3.99  Angstrom
 
spacing of (1 1 1) planes= 
d111=3.26  Angstrom 
 
grepthis#Engineering_Physics__D._K._Bhattacharya_1952/CH5/EX5.7/Ex5_7.sce #
 
 r  =
 
    1.605D-10  
 
 a  =
 
    3.210D-10  
 
 c  =
 
    5.242D-10  
 
 V  =
 
    1.403D-28  
 
volume of unit cell(in m^3)
 
 
    1.403D-28  
 
 
grepthis#Engineering_Physics__D._K._Bhattacharya_1952/CH12/EX12.6/Ex6.sce #
 
 n1  =
 
    1.5  
 
 n2  =
 
    1.45  
 
 n0  =
 
    1.  
 
 NA  =
 
    0.3840573  
 
 alpha_m  =
 
    0.3941866  
 
 phi_m  =
 
    0.2589215  
 
 phi_c  =
 
    1.3118748  
 
NA=0.38 
 
alpha_m=22.59  degree
 
phi_m=14.84 degree
 
phi_c=75.16  degree 
 
grepthis#Engineering_Physics__D._K._Bhattacharya_1952/CH13/EX13.1.6/Ex6.sce #
 
 n1  =
 
    1.5  
 
 n2  =
 
    1.47  
 
 theta_c  =
 
    1.3704615  
 
critical angle=
 
theta_c=78.52  degree 
 
grepthis#Engineering_Physics__D._K._Bhattacharya_1952/CH6/EX6.1/Ex6_1.sce #
 
 Vf  =
 
    1000000.  
 
 m  =
 
    9.110D-31  
 
 Ef  =
 
    4.555D-19  
 
Fermi energy for the electrons  in the metal= 
Ef=2.8  eV 
 
grepthis#Engineering_Physics__D._K._Bhattacharya_1952/CH6/EX6.2/Ex6_2.sce #
 
 Ef0  =
 
    1.126D-18  
 
 T  =
 
    300.  
 
 k  =
 
    1.380D-23  
 
 Ef  =
 
    1.126D-18  
 
Fermi energy at 300 K = 
Ef=7.0399  eV 
 
grepthis#Engineering_Physics__D._K._Bhattacharya_1952/CH6/EX6.3/Ex6_3.sce #
 
 d  =
 
    2700.  
 
 Ma  =
 
    27.  
 
 Me  =
 
    9.110D-31  
 
 e  =
 
    1.600D-19  
 
 T  =
 
    1.000D-14  
 
 Na  =
 
    6.022D+23  
 
 N  =
 
    3000.  
 
 n  =
 
    1.807D+29  
 
 sigma  =
 
    50767245.  
 
Conductivity of Al  (in /(ohm*m)) 
 
    50767245.  
 
 
grepthis#Engineering_Physics__D._K._Bhattacharya_1952/CH6/EX6.4/Ex6_4.sce #
 
 sigma  =
 
    58700000.  
 
 K  =
 
    390.  
 
 T  =
 
    293.  
 
 L  =
 
    2.268D-08  
 
Lorentz number   (in  W*ohm /K^2) 
 
    2.268D-08  
 
 
grepthis#Engineering_Physics__D._K._Bhattacharya_1952/CH6/EX6.5/Ex6_5.sce #
 
 d  =
 
    8900.  
 
 M  =
 
    63.5  
 
 T  =
 
    1.000D-14  
 
 N  =
 
    6.022D+23  
 
 N1  =
 
    1000.  
 
 e  =
 
    1.600D-19  
 
 me  =
 
    9.110D-31  
 
 
 n  =
 
    8.440D+28  
 
 sigma  =
 
    23718030.  
 
Electrical conductivity(in ohm m)= 
 
    23718030.  
 
 
grepthis#Engineering_Physics__D._K._Bhattacharya_1952/CH6/EX6.6/Ex6_6.sce #
 
 rho  =
 
    1.540D-08  
 
 Ef  =
 
    5.5  
 
 E  =
 
    100.  
 
 n  =
 
    5.800D+28  
 
 e  =
 
    1.600D-19  
 
 Me  =
 
    9.110D-31  
 
 T  =
 
    3.984D-14  
 
 Un  =
 
    0.0069973  
 
 Vd  =
 
    0.6997313  
 
 Vf  =
 
    1389943.5  
 
 lam_m  =
 
    5.538D-08  
 
 
Relaxation time of electron (in s) 
 
    3.984D-14  
 
Mobility of electron  (in m^2/(V*s)) 
 
    0.0069973  
 
Drift velocity of electron (in m/s) 
 
    0.6997313  
 
Fermi velocity of electrons (in m/s) 
 
    1389943.5  
 
Mean free path(in m) 
 
    5.538D-08  
 
 
grepthis#Engineering_Physics__D._K._Bhattacharya_1952/CH6/EX6.7/Ex6_7.sce #
 
 L  =
 
    2.260D-08  
 
 T  =
 
    300.  
 
 rho  =
 
    1.720D-08  
 
 
 
 K  =
 
    394.18605  
 
Thermal conductivity = 
K=394  W/(m*K) 
 
grepthis#Engineering_Physics__D._K._Bhattacharya_1952/CH6/EX6.8/Ex6_8.sce #
 
 sigma  =
 
    58700000.  
 
 K  =
 
    390.  
 
 T  =
 
    293.  
 
 L  =
 
    2.268D-08  
 
Lorentz number   (in  W*ohm /K^2) 
 
    2.268D-08  
 
 
grepthis#Engineering_Physics__D._K._Bhattacharya_1952/CH6/EX6.9/Ex6_9.sce #
 
 del_E  =
 
    1.600D-21  
 
 T  =
 
    200.  
 
 k  =
 
    1.380D-23  
 
 F_E  =
 
    0.3589993  
 
F_E=0.36 
 
grepthis#Engineering_Physics__D._K._Bhattacharya_1952/CH6/EX6.10/Ex6_10.sce #
 
 lam  =
 
    4.000D-08  
 
 n  =
 
    8.400D+28  
 
 Vth  =
 
    1600000.  
 
 e  =
 
    1.600D-19  
 
 Me  =
 
    9.110D-31  
 
 sigma  =
 
    59012075.  
 
Electrical conductivity (in /(ohm*m)) 
 
    59012075.  
 
 
grepthis#Engineering_Physics__D._K._Bhattacharya_1952/CH6/EX6.11/Ex6_11.sce #
 
 Tr  =
 
    1.000D-14  
 
 T  =
 
    300.  
 
 n  =
 
    6.000D+28  
 
 Me  =
 
    9.110D-31  
 
 e  =
 
    1.600D-19  
 
 k  =
 
    1.380D-23  
 
 sigma  =
 
    16860593.  
 
 K  =
 
    56.442151  
 
 L  =
 
    1.116D-08  
 
Electrical conductivity   (in /(ohm*m)) 
 
    16860593.  
 
Thermal conductivity    (in W/(m*K)) 
 
    56.442151  
 
Lorentz  number   (in(W*ohm)/K^2) 
 
    1.116D-08  
 
 
grepthis#Engineering_Physics__D._K._Bhattacharya_1952/CH6/EX6.12/Ex6_12.sce #
 
 n  =
 
    5.800D+28  
 
 e  =
 
    1.600D-19  
 
 rho  =
 
    1.540D-08  
 
 M  =
 
    9.110D-31  
 
 T  =
 
    3.984D-14  
 
Relaxation time(in s) 
 
    3.984D-14  
 
 
grepthis#Engineering_Physics__D._K._Bhattacharya_1952/CH6/EX6.13/Ex6_13.sce #
 
 rho  =
 
    1.540D-08  
 
 E  =
 
    100.  
 
 n  =
 
    5.800D+28  
 
 e  =
 
    1.600D-19  
 
 Me  =
 
    9.110D-31  
 
 T  =
 
    3.984D-14  
 
 Vd  =
 
    0.6997313  
 
 U  =
 
    0.0069973  
 
Relaxation time  (in s) 
 
    3.984D-14  
 
Drift veloity  (in m/s) 
 
    0.6997313  
 
Mobility(in m^2/(V*s)) 
 
    0.0069973  
 
 
grepthis#Engineering_Physics__D._K._Bhattacharya_1952/CH6/EX6.14/Ex6_14.sce #
 
 T  =
 
    300.  
 
 l  =
 
    2.  
 
 R  =
 
    0.02  
 
 u  =
 
    0.0043  
 
 I  =
 
    15.  
 
 V  =
 
    0.3  
 
 E  =
 
    0.15  
 
 Vd  =
 
    0.000645  
 
Drift velocity (in m/s) 
 
    0.000645  
 
 
grepthis#Engineering_Physics__D._K._Bhattacharya_1952/CH6/EX6.15/Ex6_15.sce #
 
 m  =
 
    9.110D-31  
 
 k  =
 
    1.380D-23  
 
 e  =
 
    1.600D-19  
 
 Vf  =
 
    860000.  
 
 Ef  =
 
    2.1055487  
 
 Tf  =
 
    24412.159  
 
Fermi energy= 
Ef=2.1  eV 
 
Fermi temperature = 
Tf=24412  K 
 
grepthis#Engineering_Physics__D._K._Bhattacharya_1952/CH6/EX6.16/Ex6_16.sce #
 
 Tf  =
 
    2460.  
 
 m  =
 
    9.110D-31  
 
 k  =
 
    1.380D-23  
 
 Vf  =
 
    273000.16  
 
Fermi velocity  (in m/s)= 
 
    273000.16  
 
 
grepthis#Engineering_Physics__D._K._Bhattacharya_1952/CH12/EX12.7/Ex7.sce #
 
 n1  =
 
    1.5  
 
 n2  =
 
    1.45  
 
 n0  =
 
    1.1  
 
 NA  =
 
    0.3840573  
 
 alpha_m  =
 
    0.3566564  
 
 phi_m  =
 
    0.2589215  
 
 phi_c  =
 
    1.3118748  
 
NA=0.38 
 
alpha_m=20.43  degree
 
phi_m=14.84 degree
 
phi_c=75.16  degree 
 
grepthis#Engineering_Physics__D._K._Bhattacharya_1952/CH7/EX7.1/Ex7_1.sce #
 
 Er  =
 
    13.2  
 
 Me  =
 
    9.110D-31  
 
 Mnc  =
 
    6.104D-32  
 
 h  =
 
    6.625D-34  
 
 Eo  =
 
    8.850D-12  
 
 e  =
 
    1.600D-19  
 
 E  =
 
    8.348D-22  
 
Donor binding energy (in J)= 
 
    8.348D-22  
 
E=0.0052   eV 
 
grepthis#Engineering_Physics__D._K._Bhattacharya_1952/CH7/EX7.3/Ex7_3.sce #
 
 Nd  =
 
    1.000D+14  
 
 e  =
 
    1.600D-19  
 
 Un  =
 
    3900.  
 
 sigma  =
 
    0.0624  
 
 rho  =
 
    16.025641  
 
Resistivity=
 
rho=16.03    ohm*cm 
 
grepthis#Engineering_Physics__D._K._Bhattacharya_1952/CH7/EX7.4/Ex7_4.sce #
 
 e  =
 
    1.600D-19  
 
 Ix  =
 
    0.002  
 
 d  =
 
    0.02  
 
 Bz  =
 
    0.00005  
 
 Un  =
 
    800.  
 
 n  =
 
    5.000D+16  
 
 
 sigma  =
 
    6.4  
 
 rho  =
 
    0.15625  
 
 Rh  =
 
  - 125.  
 
 Vh  =
 
  - 0.000625  
 
Resistivity(in ohm*cm) 
 
    0.15625  
 
Hall coefficient(in cm^3/C) 
 
  - 125.  
 
Hall voltage (in V) 
 
  - 0.000625  
 
 
grepthis#Engineering_Physics__D._K._Bhattacharya_1952/CH7/EX7.5/Ex7_5.sce #
 
 T  =
 
    300.  
 
 Un  =
 
    0.4  
 
 Up  =
 
    0.2  
 
 e  =
 
    1.600D-19  
 
 h  =
 
    6.625D-34  
 
 Eg  =
 
    0.7  
 
 k  =
 
    1.380D-23  
 
 Me  =
 
    9.110D-31  
 
 Mn  =
 
    5.011D-31  
 
 Mp  =
 
    3.371D-31  
 
 ni  =
 
    1.015D+19  
 
 sigma  =
 
    0.9743165  
 
 rho  =
 
    1.0263606  
 
Intrinsic concentration (in m^-3) 
 
    1.015D+19  
 
Intrinsic conductivity (in /(ohm*m) 
 
    0.9743165  
 
Intrinsic resistivity  (in ohm*m) 
 
    1.0263606  
 
 
 
 
 
grepthis#Engineering_Physics__D._K._Bhattacharya_1952/CH7/EX7.6/Ex7_6.sce #
 
 Nd  =
 
    1.000D+16  
 
 ni  =
 
    1.450D+10  
 
 T  =
 
    300.  
 
 e  =
 
    1.600D-19  
 
 k  =
 
    1.380D-23  
 
 E  =
 
    5.566D-20  
 
Fermi energy  with respect to  Fermi energy in intrinsic Si(in eV) 
 
    0.3478621  
 
 
grepthis#Engineering_Physics__D._K._Bhattacharya_1952/CH7/EX7.7/Ex7_7.sce #
 
 rho  =
 
    2300.  
 
 ni  =
 
    1.600D+16  
 
 Ue  =
 
    0.15  
 
 e  =
 
    1.600D-19  
 
 
 l  =
 
    0.01  
 
 b  =
 
    0.01  
 
 w  =
 
    0.01  
 
 Nsi  =
 
    5.000D+28  
 
 x  =
 
    1.000D-09  
 
 A  =
 
    0.0001  
 
 R1  =
 
    230000.  
 
 Nd  =
 
    5.000D+19  
 
 p  =
 
    5.120D+12  
 
 sigma  =
 
    1.2  
 
 R  =
 
    83.333333  
 
Resistance of pure Si crystal  (in ohm) 
 
    230000.  
 
Resistance of doped Si crystal (in ohm) 
 
    83.333333  
 
 
 
 
 
grepthis#Engineering_Physics__D._K._Bhattacharya_1952/CH7/EX7.8/Ex7_8.sce #
 
 rho  =
 
    2.12  
 
 T  =
 
    300.  
 
 Un  =
 
    0.36  
 
 Up  =
 
    0.17  
 
 h  =
 
    6.625D-34  
 
 k  =
 
    1.380D-23  
 
 e  =
 
    1.600D-19  
 
 Me  =
 
    9.110D-31  
 
 Mn  =
 
    4.555D-31  
 
 Mp  =
 
    3.371D-31  
 
 ni  =
 
    5.562D+18  
 
 Nc  =
 
    8.871D+24  
 
 Nv  =
 
    5.647D+24  
 
 Eg  =
 
    1.164D-19  
 
Forbidden energy gap= 
Eg=0.727  eV 
 
grepthis#Engineering_Physics__D._K._Bhattacharya_1952/CH7/EX7.9/Ex7_9.sce #
 
 ni  =
 
    2.400D+19  
 
 Un  =
 
    0.39  
 
 up  =
 
    0.19  
 
 e  =
 
    1.600D-19  
 
 sigma  =
 
    2.2272  
 
Electrical conductivity
 
sigma=2.227   (ohm*m)^-1 
 
grepthis#Engineering_Physics__D._K._Bhattacharya_1952/CH7/EX7.10/Ex7_10.sce #
 
 T1  =
 
    300.  
 
 e  =
 
    1.600D-19  
 
 k  =
 
    1.380D-23  
 
 T2  =
 
    330.  
 
 E1  =
 
    0.3  
 
 E2  =
 
    0.33  
 
At 330 K the Fermi energy kevel lies  
 
    0.33  
 
(in eV) below conduction band 
 
grepthis#Engineering_Physics__D._K._Bhattacharya_1952/CH7/EX7.11/Ex7_11.sce #
 
 T  =
 
    300.  
 
 e  =
 
    1.600D-19  
 
 h  =
 
    6.625D-34  
 
 Eg  =
 
    1.1  
 
 k  =
 
    1.380D-23  
 
 Me  =
 
    9.110D-31  
 
 Mn  =
 
    2.824D-31  
 
 ni  =
 
    2.542D+15  
 
Intrinsic concentration (in m^-3) 
 
    2.542D+15  
 
 
grepthis#Engineering_Physics__D._K._Bhattacharya_1952/CH7/EX7.12/Ex7_12.sce #
 
 T  =
 
    300.  
 
 Rh  =
 
    5.500D-11  
 
 sigma  =
 
    59000000.  
 
 DM  =
 
    0.003245  
 
Drift mobility  (in m^2/(V *s))= 
 
    0.003245  
 
 
grepthis#Engineering_Physics__D._K._Bhattacharya_1952/CH7/EX7.13/Ex7_13.sce #
 
 Ud  =
 
    0.0032  
 
 sigma  =
 
    59000000.  
 
 e  =
 
    1.600D-19  
 
 Na  =
 
    6.022D+23  
 
 ni  =
 
    1.152D+29  
 
 Aw  =
 
    63.5  
 
 d  =
 
    8960.  
 
 n  =
 
    1000.  
 
 N  =
 
    8.497D+28  
 
 Avg_N  =
 
    1.3561478  
 
concentration of free electrons in pure Cu   (in m^-3) 
 
    8.497D+28  
 
Average number of electrons contributed per Cu atom
 
Avg_N=1.36  
 
grepthis#Engineering_Physics__D._K._Bhattacharya_1952/CH7/EX7.14/Ex7_14.sce #
 
 RH  =
 
    3.660D-11  
 
 e  =
 
    1.600D-19  
 
 sigma  =
 
    1.120D+09  
 
 n  =
 
    1.708D+29  
 
 Un  =
 
    0.040992  
 
charge carrier density(in m^-3)= 
 
    1.708D+29  
 
Electron mobility= 
Un=0.041   m^2/(A*s) 
 
grepthis#Engineering_Physics__D._K._Bhattacharya_1952/CH7/EX7.15/Ex7_15.sce #
 
 I  =
 
    50.  
 
 B  =
 
    1.5  
 
 d  =
 
    0.002  
 
 n  =
 
    8.400D+28  
 
 e  =
 
    1.600D-19  
 
 VH  =
 
    0.0000028  
 
Hall voltage(in V)= 
 
    0.0000028  
 
 
 
 
 
 
 
grepthis#Engineering_Physics__D._K._Bhattacharya_1952/CH7/EX7.16/Ex7_16.sce #
 
 ni  =
 
    2.500D+19  
 
 Un  =
 
    0.39  
 
 up  =
 
    0.19  
 
 e  =
 
    1.600D-19  
 
 l  =
 
    0.01  
 
 A  =
 
    0.000001  
 
 sigma  =
 
    2.32  
 
 R  =
 
    4310.3448  
 
Resistance of intrinsic Ge rod
 
R=4310   ohm 
 
grepthis#Engineering_Physics__D._K._Bhattacharya_1952/CH7/EX7.17/Ex7_17.sce #
 
 Eg  =
 
    1.12  
 
 T  =
 
    300.  
 
 Me  =
 
    9.110D-31  
 
 Mn  =
 
    1.093D-31  
 
 Mp  =
 
    2.551D-31  
 
 k  =
 
    1.380D-23  
 
 Ef  =
 
    0.5764429  
 
position of Fermi level 
Ef=0.576   eV 
 
grepthis#Engineering_Physics__D._K._Bhattacharya_1952/CH7/EX7.18/Ex7_18.sce #
 
 ni  =
 
    1.500D+16  
 
 Un  =
 
    0.13  
 
 up  =
 
    0.05  
 
 e  =
 
    1.600D-19  
 
 sigma  =
 
    0.000432  
 
Electrical conductivity
 
sigma=0.000432   (ohm*m)^-1 
 
grepthis#Engineering_Physics__D._K._Bhattacharya_1952/CH7/EX7.19/Ex7_19.sce #
 
 ni  =
 
    2.150D+13  
 
 Un  =
 
    3900.  
 
 up  =
 
    1900.  
 
 e  =
 
    1.600D-19  
 
 sigma_I  =
 
    0.019952  
 
 rho_I  =
 
    50.120289  
 
Intrinsic resistivity
 
rho_I=50   ohm*cm 
 
 
 
 
 
 
grepthis#Engineering_Physics__D._K._Bhattacharya_1952/CH7/EX7.20/Ex7_20.sce #
 
 ni  =
 
    2.100D+19  
 
 Un  =
 
    0.4  
 
 up  =
 
    0.2  
 
 e  =
 
    1.600D-19  
 
 sigma  =
 
    2.016  
 
Electrical conductivity
 
sigma=2.016   (ohm*m)^-1 
 
grepthis#Engineering_Physics__D._K._Bhattacharya_1952/CH7/EX7.21/Ex7_21.sce #
 
 e  =
 
    1.600D-19  
 
 I  =
 
    0.005  
 
 V  =
 
    1.35  
 
 Vh  =
 
    0.02  
 
 B  =
 
    0.45  
 
 l  =
 
    0.01  
 
 b  =
 
    0.005  
 
 d  =
 
    0.001  
 
 R  =
 
    270.  
 
 A  =
 
    0.000005  
 
 rho  =
 
    0.135  
 
 E  =
 
    20.  
 
 J  =
 
    1000.  
 
 Rh  =
 
    0.0444444  
 
 Un  =
 
    0.3292181  
 
Hall coefficient = 
Rh=0.044  m^3/C 
 
Electron mobility= 
Un=0.33 m^2/(V*S) 
 
grepthis#Engineering_Physics__D._K._Bhattacharya_1952/CH7/EX7.22/Ex7_22.sce #
 
 Ix  =
 
    200.  
 
 Bz  =
 
    1.5  
 
 d  =
 
    0.001  
 
 p  =
 
    8.400D+28  
 
 e  =
 
    1.600D-19  
 
 VH  =
 
    0.0000223  
 
Hall voltage(in V)= 
 
    0.0000223  
 
 
grepthis#Engineering_Physics__D._K._Bhattacharya_1952/CH12/EX12.8/Ex8.sce #
 
 n1  =
 
    1.5  
 
 n2  =
 
    1.45  
 
 c  =
 
    3.000D+08  
 
 P  =
 
    1.724D-10  
 
 
pulse broadening per unit length due to multiple dispersion(in s/m) 
 
    1.724D-10  
 
 
grepthis#Engineering_Physics__D._K._Bhattacharya_1952/CH8/EX8.1/Ex8_1.sce #
 
 I  =
 
    12.  
 
 A  =
 
    0.00075  
 
 M  =
 
    0.009  
 
Magnetic moment associated with  the loop(in   A m^2)= 
 
    0.009  
 
M is directed away from  the observer  and is perpendicular  to the plane  of the loop 
 
grepthis#Engineering_Physics__D._K._Bhattacharya_1952/CH8/EX8.2/Ex8_2.sce #
 
 r  =
 
    5.000D-11  
 
 e  =
 
    1.600D-19  
 
 n  =
 
    1.000D+16  
 
 I  =
 
    0.0016  
 
 A  =
 
    7.854D-21  
 
 M  =
 
    1.257D-23  
 
Magnetic moment associated with  motion of electron (in  A m^2) 
 
    1.257D-23  
 
 
grepthis#Engineering_Physics__D._K._Bhattacharya_1952/CH8/EX8.3/Ex8_3.sce #
 
 ur  =
 
    5000.  
 
 xm  =
 
    4999.  
 
Magnetic susceptibility= 
 
    4999.  
 
 
grepthis#Engineering_Physics__D._K._Bhattacharya_1952/CH8/EX8.4/Ex8_4.sce #
 
 H  =
 
    1800.  
 
 phi  =
 
    0.00003  
 
 A  =
 
    0.00002  
 
 B  =
 
    1.5  
 
 u  =
 
    0.0008333  
 
permeability (in  H/m )= 
 
    0.0008333  
 
 
grepthis#Engineering_Physics__D._K._Bhattacharya_1952/CH8/EX8.5/Ex8_5.sce #
 
 B  =
 
    0.65  
 
 d  =
 
    8906.  
 
 M  =
 
    58.7  
 
 e  =
 
    1.600D-19  
 
 h  =
 
    6.625D-34  
 
 m  =
 
    9.110D-31  
 
 Uo  =
 
    0.0000013  
 
 Na  =
 
    6.023D+26  
 
 Ub  =
 
    9.259D-24  
 
 N  =
 
    9.138D+28  
 
 Ur  =
 
    5.660D-24  
 
 M  =
 
    0.6113197  
 
Magnetic moment 
M=0.61   A*m^2 
 
grepthis#Engineering_Physics__D._K._Bhattacharya_1952/CH12/EX12.9/Ex9.sce #
 
 n1  =
 
    1.55  
 
 n2  =
 
    1.48  
 
 c  =
 
    3.000D+08  
 
 P  =
 
    2.444D-10  
 
 
pulse broadening per unit length due to multiple dispersion(in s/m) 
 
    2.444D-10  
 
 
grepthis#Engineering_Physics__D._K._Bhattacharya_1952/CH9/EX9.1/Ex9_1.sce #
 
 H0  =
 
    65000.  
 
 T  =
 
    4.2  
 
 Tc  =
 
    7.18  
 
 Hc  =
 
    42758.552  
 
critical magnetic field intensity
 
Hc=42759   A/m 
 
grepthis#Engineering_Physics__D._K._Bhattacharya_1952/CH9/EX9.2/ex9_2.sce #
 
 M1  =
 
    199.5  
 
 Tc1  =
 
    4.185  
 
 Tc2  =
 
    4.133  
 
 alpha  =
 
    0.5  
 
 
 
 M2  =
 
    204.55166  
 
Isotopic mass at critical temperature 4.133K
 
M2=204.552  
 
grepthis#Engineering_Physics__D._K._Bhattacharya_1952/CH12/EX12.10/Ex10.sce #
 
 n1  =
 
    1.5  
 
 n2  =
 
    1.45  
 
 n0  =
 
    1.  
 
 NA  =
 
    0.3840573  
 
 alpha_m  =
 
    0.3941866  
 
 a  =
 
    0.00005  
 
 phi_m  =
 
    0.2589215  
 
 L  =
 
    0.0001888  
 
Minimum number of reflections per metre=zero
 
 
 N  =
 
    2648.6709  
 
 
 Maximum number of reflections per metre(in m^-1)=   
 
N=2649 
 
 
 
grepthis#Engineering_Physics__D._K._Bhattacharya_1952/CH13/EX13.1.10/Ex10.sce #
 
 a  =
 
    4.938  
 
 h  =
 
    2.  
 
 k  =
 
    2.  
 
 l  =
 
    0.  
 
 d  =
 
    1.7458466  
 
spacing of (2 2 0) planes= 
d=1.746  Angstrom 
 
grepthis#Engineering_Physics__D._K._Bhattacharya_1952/CH10/EX10.1/Ex10_1.sce #
 
 Er  =
 
    1.0000684  
 
 N  =
 
    2.700D+25  
 
 E0  =
 
    8.850D-12  
 
 Alpha_e  =
 
    2.242D-41  
 
Electronic polarization (in F*m^2)
 
 
    2.242D-41  
 
 
grepthis#Engineering_Physics__D._K._Bhattacharya_1952/CH10/EX10.2/Ex10_2.sce #
 
 Er  =
 
    1.0024  
 
 N  =
 
    2.700D+25  
 
 E0  =
 
    8.850D-12  
 
 Alpha_e  =
 
    7.867D-40  
 
Electronic polarization (in F*m^2)
 
 
    7.867D-40  
 
 
grepthis#Engineering_Physics__D._K._Bhattacharya_1952/CH12/EX12.11/Ex11.sce #
 
 c  =
 
    3.000D+08  
 
 h  =
 
    6.625D-34  
 
 lam  =
 
    1.400D-10  
 
 E  =
 
    8872.7679  
 
 p  =
 
    4.732D-24  
 
Energy of photo
 
E=8872.8 eV
 
momentum of photon(in Kg m/sec)
 
 
    4.732D-24  
 
 
grepthis#Engineering_Physics__D._K._Bhattacharya_1952/CH12/EX12.12/Ex12.sce #
 
 E1  =
 
    20000.  
 
 n  =
 
    1000000.  
 
 h  =
 
    6.625D-34  
 
 E  =
 
    6.625D-28  
 
 N  =
 
    3.019D+31  
 
number of photons emitted per second
 
 
    3.019D+31  
 
 
grepthis#Engineering_Physics__D._K._Bhattacharya_1952/CH13/EX13.1.12/Ex12.sce #
 
 Eg  =
 
    1.280D-19  
 
 h  =
 
    6.625D-34  
 
 c  =
 
    3.000D+08  
 
 lam  =
 
    0.0000016  
 
wavelength of light emitted (in m)is= 
 
    0.0000016  
 
 
grepthis#Engineering_Physics__D._K._Bhattacharya_1952/CH12/EX12.13/Ex13.sce #
 
 m  =
 
    0.05  
 
 v  =
 
    2000.  
 
 h  =
 
    6.625D-34  
 
 p  =
 
    100.  
 
 lam  =
 
    6.625D-36  
 
de Broglie wavelength(in m)
 
 
    6.625D-36  
 
de Broglie wavelength(in A)
 
 
    6.625D-26  
 
 
grepthis#Engineering_Physics__D._K._Bhattacharya_1952/CH12/EX12.14/Ex14.sce #
 
 h  =
 
    6.625D-34  
 
 c  =
 
    3.000D+08  
 
 m0  =
 
    9.110D-31  
 
 phi  =
 
    1.4835299  
 
 delta_H  =
 
    2.213D-12  
 
change in wavelength of x-ray photon(in m)
 
 
    2.213D-12  
 
 
grepthis#Engineering_Physics__D._K._Bhattacharya_1952/CH13/EX13.1.14/Ex14.sce #
 
 lam  =
 
    1.240D-13  
 
 h  =
 
    6.625D-34  
 
 c  =
 
    3.000D+08  
 
 m0  =
 
    9.110D-31  
 
 phi  =
 
    1.5707963  
 
 delta_H  =
 
    2.424D-12  
 
 LAM  =
 
    2.548D-12  
 
 E  =
 
    7.800D-14  
 
Energy of  scattered  photon   (in J)= 
 
    7.800D-14  
 
 
grepthis#Engineering_Physics__D._K._Bhattacharya_1952/CH12/EX12.15/Ex15.sce #
 
 
 
 
 p  =
 
    2.  
 
 q  =
 
    2.  
 
 s  =
 
    3.  
 
 
 r1  =
 
    0.5  
 
 r2  =
 
    0.5  
 
 r3  =
 
    0.3333333  
 
 
 v  =
 
  2  2  3  
 
 l  =
 
    6.  
 
 m1  =
 
    3.  
 
 m2  =
 
    3.  
 
 m3  =
 
    2.  
 
miler indices= 
 
    3.  
 
    3.  
 
    2.  
 
 
grepthis#Engineering_Physics__D._K._Bhattacharya_1952/CH13/EX13.1.15/Ex15.sce #
 
 a  =
 
    2.880D-08  
 
 d  =
 
    7200.  
 
 C  =
 
    3.349D+23  
 
 n  =
 
    8.  
 
 n1  =
 
    4.186D+22  
 
 
 
 
 
 N  =
 
    5.814D+24  
 
Number of unit cells present in 1 Kg of metal= 
 
    5.814D+24  
 
unit cells 
 
grepthis#Engineering_Physics__D._K._Bhattacharya_1952/CH12/EX12.16/Ex16.sce #
 
 
 
 
 p  =
 
    4.  
 
 q  =
 
    2.  
 
 s  =
 
    4.  
 
 
 r1  =
 
    0.25  
 
 r2  =
 
    0.5  
 
 r3  =
 
    0.25  
 
 
 v  =
 
  4  2  4  
 
 l  =
 
    4.  
 
 m1  =
 
    1.  
 
 m2  =
 
    2.  
 
 m3  =
 
    1.  
 
miler indices= 
 
    1.  
 
    2.  
 
    1.  
 
 
grepthis#Engineering_Physics__D._K._Bhattacharya_1952/CH12/EX12.17/Ex17.sce #
 
 d110  =
 
    1.96  
 
 h  =
 
    1.  
 
 k  =
 
    1.  
 
 l  =
 
    0.  
 
 a  =
 
    2.7718586  
 
size of unit cell= 
a=2.77 angstrom 
 
grepthis#Engineering_Physics__D._K._Bhattacharya_1952/CH12/EX12.18/Ex18.sce #
 
 r  =
 
    1.575D-10  
 
 a  =
 
    3.150D-10  
 
 c  =
 
    5.144D-10  
 
 V  =
 
    1.326D-28  
 
volume of unit cell(in m^3)
 
 
    1.326D-28  
 
 
grepthis#Engineering_Physics__D._K._Bhattacharya_1952/CH12/EX12.19/Ex19.sce #
 
 Vf  =
 
    700000.  
 
 m  =
 
    9.110D-31  
 
 Ef  =
 
    2.232D-19  
 
Fermi energy for the electrons  in the metal= 
Ef=1.4  eV 
 
 
 
 
 
 
grepthis#Engineering_Physics__D._K._Bhattacharya_1952/CH12/EX12.20/Ex20.sce #
 
 rho  =
 
    1.800D-08  
 
 Ef  =
 
    4.8  
 
 E  =
 
    100.  
 
 n  =
 
    6.200D+28  
 
 e  =
 
    1.600D-19  
 
 Me  =
 
    9.110D-31  
 
 T  =
 
    3.189D-14  
 
 Un  =
 
    0.0056004  
 
 Vd  =
 
    0.5600358  
 
 Vf  =
 
    1298483.5  
 
 lam_m  =
 
    4.140D-08  
 
 
Relaxation time of electron (in s) 
 
    3.189D-14  
 
Mobility of electron  (in m^2/(V*s)) 
 
    0.0056004  
 
Drift velocity of electron (in m/s) 
 
    0.5600358  
 
Fermi velocity of electrons (in m/s) 
 
    1298483.5  
 
Mean free path(in m) 
 
    4.140D-08  
 
 
grepthis#Engineering_Physics__D._K._Bhattacharya_1952/CH12/EX12.21/Ex21.sce #
 
 del_E  =
 
    3.200D-21  
 
 T  =
 
    220.  
 
 k  =
 
    1.380D-23  
 
 F_E  =
 
    0.2584542  
 
F_E=0.258 
 
grepthis#Engineering_Physics__D._K._Bhattacharya_1952/CH12/EX12.23/Ex23.sce #
 
 I  =
 
    40.  
 
 B  =
 
    1.4  
 
 d  =
 
    0.02  
 
 n  =
 
    8.400D+28  
 
 e  =
 
    1.600D-19  
 
 VH  =
 
    0.0000002  
 
Hall voltage(in V)= 
 
    0.0000002  
 
 
grepthis#Engineering_Physics__D._K._Bhattacharya_1952/CH12/EX12.24/Ex24.sce #
 
 e  =
 
    1.600D-19  
 
 Ix  =
 
    0.002  
 
 d  =
 
    0.022  
 
 Bz  =
 
    0.00005  
 
 Un  =
 
    800.  
 
 n  =
 
    9.000D+16  
 
 
 sigma  =
 
    11.52  
 
 rho  =
 
    0.0868056  
 
 Rh  =
 
  - 69.444444  
 
 Vh  =
 
  - 0.0003157  
 
Resistivity(in ohm*cm) 
 
    0.0868056  
 
Hall coefficient(in cm^3/C) 
 
  - 69.444444  
 
Hall voltage (in V) 
 
  - 0.0003157  
 
 
grepthis#Engineering_Physics__D._K._Bhattacharya_1952/CH12/EX12.25/Ex25.sce #
 
 I  =
 
    10.  
 
 A  =
 
    0.0008  
 
 M  =
 
    0.008  
 
Magnetic moment associated with  the loop(in   A m^2)= 
 
    0.008  
 
M is directed away from  the observer  and is perpendicular  to the plane  of the loop 
 
grepthis#Engineering_Physics__D._K._Bhattacharya_1952/CH12/EX12.26/Ex26.sce #
 
 I  =
 
    22.  
 
 A  =
 
    0.009  
 
 M  =
 
    0.198  
 
Magnetic moment associated with  the loop(in   A m^2)= 
 
    0.198  
 
M is directed towards the observer  and is perpendicular  to the plane  of the loop 
 
grepthis#Engineering_Physics__D._K._Bhattacharya_1952/CH12/EX12.27/Ex27.sce #
 
 r  =
 
    6.200D-11  
 
 e  =
 
    1.600D-19  
 
 n  =
 
    1.000D+15  
 
 I  =
 
    0.00016  
 
 A  =
 
    1.208D-20  
 
 M  =
 
    1.932D-24  
 
Magnetic moment associated with  motion of electron (in  A m^2) 
 
    1.932D-24  
 
 
grepthis#Engineering_Physics__D._K._Bhattacharya_1952/CH12/EX12.28/Ex28.sce #
 
 H  =
 
    2000.  
 
 phi  =
 
    0.00005  
 
 A  =
 
    0.00002  
 
 B  =
 
    2.5  
 
 u  =
 
    0.00125  
 
permeability (in  H/m )= 
 
    0.00125  
 
 
grepthis#Engineering_Physics__D._K._Bhattacharya_1952/CH12/EX12.29/Ex29.sce #
 
 ur  =
 
    4000.  
 
 xm  =
 
    3999.  
 
Magnetic susceptibility= 
 
    3999.  
 
 
grepthis#Engineering_Physics__D._K._Bhattacharya_1952/CH12/EX12.30/Ex30.sce #
 
 H0  =
 
    60000.  
 
 T  =
 
    4.2  
 
 Tc  =
 
    8.  
 
 Hc  =
 
    43462.5  
 
critical magnetic field intensity
 
Hc=43462   A/m 
 
grepthis#Engineering_Physics__D._K._Bhattacharya_1952/CH12/EX12.31/Ex31.sce #
 
 H0  =
 
    70000.  
 
 T  =
 
    4.2  
 
 Tc  =
 
    8.2  
 
 Hc  =
 
    51635.931  
 
critical magnetic field intensity
 
Hc=51636   A/m 
 
grepthis#Engineering_Physics__D._K._Bhattacharya_1952/CH12/EX12.32/Ex32.sce #
 
 M1  =
 
    198.5  
 
 Tc1  =
 
    4.175  
 
 Tc2  =
 
    4.213  
 
 alpha  =
 
    0.5  
 
 
 
 M2  =
 
    194.93533  
 
Isotopic mass at critical temperature 4.133K
 
M2=194.935  
 
 
grepthis#Engineering_Physics__D._K._Bhattacharya_1952/CH12/EX12.33/Ex33.sce #
 
 M1  =
 
    199.  
 
 Tc1  =
 
    4.18  
 
 Tc2  =
 
    4.14  
 
 alpha  =
 
    0.5  
 
 
 
 M2  =
 
    202.86399  
 
Isotopic mass at critical temperature 4.133K
 
M2=202.8640  
 
 
