Total number of .sce files(without counting DEPENDENCIES directory): 157

grepthis#Linear_Integrated_Circuit_M._S._Sivakumar_1757/CH3/EX3.1/EX3_1.sce #
 
 
 
 
 
 
 
 
 
 
 
 
 
 
 
 
 
 
 
   The  collector  current  of  difference  amplifier  Ic1 = Ic2 = 0.5 mA    
 
 
 
 
 
 
  The collector voltages of transistors Q1 and Q2 are  Vc1 = Vc2 = 5 volt    
 
 
 
 
 
 
 
 
 
 
 
 
 For Ve = -0.7 Volt  the  collector - emitter  voltage  Vce1  =  5.7 Volt   
 
 
 
 
 
 For Ve = 4.3 Volt  the  collector - emitter  voltage  Vce1  =  0.7 Volt   
 
 
 
 
 
 For Ve = -5.7 Volt  the  collector - emitter  voltage  Vce1  =  10.7 Volt   
 
 
grepthis#Linear_Integrated_Circuit_M._S._Sivakumar_1757/CH3/EX3.2/EX3_2.sce #
 
 
 
 
 
 
 
 
 
 
 
 
Warning : redefining function: beta                    . Use funcprot(0) to avoid this message

 
 
 
 
 
 
 
 
 
 
 
  The differential mode gain Ad = 184.61538      
 
 
 
 
 
 
  The common mode gain Acm = -0.2373183      
 
 
grepthis#Linear_Integrated_Circuit_M._S._Sivakumar_1757/CH3/EX3.3/EX3_3.sce #
 
 
 
 
 
 
 
 
 
 
 
        The output of a difference amplifier is  Vo  = -47.4sinwt uV    
 
 
grepthis#Linear_Integrated_Circuit_M._S._Sivakumar_1757/CH3/EX3.4/EX3_4.sce #
 
 
 
 
 
 
 
 
 
 
 
 
Warning : redefining function: beta                    . Use funcprot(0) to avoid this message

 
 
 
 
 
 
 
 
 
 
 
 
  The differential mode gain Ad = 184.61538      
 
 
 
 
 
 
  The common mode gain Acm = -0.2373183      
 
 
 
 
 
 
  The CMRR of difference amplifier is = 388.96154     
 
 
 
 
 
  In decibel CMRR is = 51.798133     
 
 
grepthis#Linear_Integrated_Circuit_M._S._Sivakumar_1757/CH3/EX3.5/EX3_5.sce #
 
 
 
 
 
 
 
 
 
 
 
 
Warning : redefining function: beta                    . Use funcprot(0) to avoid this message

 
 
 
 
 
 
 
 
 
  The CMRR of difference amplifier is = 31622.777     
 
 
 
 
 RE  =
 
    2035.097  
 
 
  The value of resistance RE is = 2035.097 K ohm    
 
 
grepthis#Linear_Integrated_Circuit_M._S._Sivakumar_1757/CH3/EX3.6/EX3_6.sce #
 
 
 
 
 
 
 
 
 
 
 
 
 
 
 
 
 
  The differential mode gain Ad is = 320.51282      
 
 
grepthis#Linear_Integrated_Circuit_M._S._Sivakumar_1757/CH4/EX4.1/EX4_1.sce #
 
 
 
 
 
 
 
 
 
 
 
 
 
   d loop gain of an op-amp is = 35     
 
Warning : redefining function: beta                    . Use funcprot(0) to avoid this message

 
 
 
 
 
   the input impedance Zin = 10000 ohm    
 
 
 
 
 
   the output impedance Z0 = 0.0198287 ohm    
 
 
 
grepthis#Linear_Integrated_Circuit_M._S._Sivakumar_1757/CH4/EX4.2/EX4_2.sce #
 
 
 
 
 
 
 
 
 
 
 
   The difference voltage is = 10 V    
 
 
 
 
 
   The open loop gain is = 2     
 
 
grepthis#Linear_Integrated_Circuit_M._S._Sivakumar_1757/CH4/EX4.3/EX4_3.sce #
 
 
 
 
 
 
 
 
 
 
 
   The difference voltage is = 5 V    
 
 
 
 
 
   The open loop gain is = 4     
 
 
grepthis#Linear_Integrated_Circuit_M._S._Sivakumar_1757/CH4/EX4.4/EX4_4.sce #
 
 
 
 
 
 
 
 
 
 
 
   The difference voltage is = 5 V    
 
 
 
 
 
   The open loop gain is = 4     
 
 
 
grepthis#Linear_Integrated_Circuit_M._S._Sivakumar_1757/CH4/EX4.5/EX4_5.sce #
 
 
 
 
 
 
 
 
 
 
 
   The difference voltage is = -10 V    
 
 
 
 
 
   The open loop gain is = 2     
 
 
 
 
grepthis#Linear_Integrated_Circuit_M._S._Sivakumar_1757/CH4/EX4.6/EX4_6.sce #
 
 
 
 
 
 
 
 
 
 
 
 The Closed loop gain of an inverting op-amp is = -2.5     
 
 
 
 The |Ac| Closed loop gain of an inverting op-amp is = 2.5     
 
 
 
 
 
   The output voltage of an inverting op-amp is = -25 V    
 
 
grepthis#Linear_Integrated_Circuit_M._S._Sivakumar_1757/CH4/EX4.7/EX4_7.sce #
 
 
 
 
 
 
 
 
 
 
 
 
 The Closed loop gain of an non-inverting op-amp is = 3.5     
 
 
 
 
 
  The output voltage of an non-inverting op-amp is = 35 V    
 
 
 
grepthis#Linear_Integrated_Circuit_M._S._Sivakumar_1757/CH4/EX4.8/EX4_8.sce #
 
 
 
 
 
 
 
 
 
 
 
 
 
 
 
 The d loop gain of differntial op-amp is = 2.5     
 
 
 
 
 
 The output voltage of an non-inverting op-amp is= 50 V    
 
 
grepthis#Linear_Integrated_Circuit_M._S._Sivakumar_1757/CH4/EX4.9/EX4_9.sce #
 
 
 
 
 
 
 
 
 
 
 
 
   The upper voltage is = 2.8571429 V    
 
 
 
 
 
   The lower voltage is = -2.8571429 V    
 
 
 
grepthis#Linear_Integrated_Circuit_M._S._Sivakumar_1757/CH5/EX5.1/EX5_1.sce #
 
 
 
 
 
 
 
 
 
 
 
 
  the output voltage (Vo) of an op-amp circuit due to input offset voltage (Vos 
      ) is = 404 mV                                                             
 
 
 
 
 
  the output voltage (Vo) of an op-amp circuit due to input offset current (Ios 
      ) is = 75 mV                                                              
 
 
 
 
 
  the total offset voltage (Vo) of an op-amp circuit is = 479 mV    
 
 
grepthis#Linear_Integrated_Circuit_M._S._Sivakumar_1757/CH5/EX5.2/EX5_2.sce #
 
 
 
 
 
 
 
 
 
 
 
 
  the output voltage (Vo) of an op-amp circuit due to input offset voltage (Vos 
      ) is = 52 mV                                                              
 
 
 
 
 
  the output voltage (Vo) of an op-amp circuit due to input offset current (Ios 
      ) is = 5 mV                                                               
 
 
 
 
 
  the total offset voltage (Vo) of an op-amp circuit is = 57 mV    
 
 
 
grepthis#Linear_Integrated_Circuit_M._S._Sivakumar_1757/CH5/EX5.3/EX5_3.sce #
 
 
 
 
 
 
 
 
 
 
 
 the input offset voltage (Vos) of an op-amp circuit is = 1.1868421 mV    
 
 
grepthis#Linear_Integrated_Circuit_M._S._Sivakumar_1757/CH5/EX5.4/EX5_4.sce #
 
 
 
 
 
 
 
 
 
 
 
 the output voltage due to the input offset voltage  is = 36 mV    
 
 
grepthis#Linear_Integrated_Circuit_M._S._Sivakumar_1757/CH5/EX5.5/EX5_5.sce #
 
 
 
 
 
 
 
 
 
 
 
 the output voltage of the circuit due to bias current is = 0.11 V    
 
 
 
 
 
 Bias compensated resistor is = 9.0909091 kilo ohm    
 
 
 
 
 
 Bias compensated output voltage is = 0.01 V    
 
 
grepthis#Linear_Integrated_Circuit_M._S._Sivakumar_1757/CH5/EX5.6/EX5_6.sce #
 
 
 
 
 
 
 
 
 
 
 
 
 the output voltage (Vo) of an op-amp circuit due to input offset current (Ios) 
       is = 8.000D-08 A                                                         
 
 
 
grepthis#Linear_Integrated_Circuit_M._S._Sivakumar_1757/CH5/EX5.7/EX5_7.sce #
 
 
 
 
 
 
 
 
 
 
 
 
 
 
 
 
 
 The current in the inverting input terminal is = 27.5 nA    
 
 
 
 
 The current in the non-inverting input terminal is= 32.5 nA    
 
 
grepthis#Linear_Integrated_Circuit_M._S._Sivakumar_1757/CH5/EX5.8/EX5_8.sce #
 
 
 
 
 
 
 
 
Warning : redefining function: beta                    . Use funcprot(0) to avoid this message

 
 
 Feedback transfer function is = 0.00999   
 
 
 
 OR 1/Beta  is = 100.1001   
 
 
 
 
 
 
 
 
 Feedback transfer function is = -0.00999   
 
 
 
 OR 1/Beta  is = -100.1001   
 
 
 
grepthis#Linear_Integrated_Circuit_M._S._Sivakumar_1757/CH5/EX5.9/EX5_9.sce #
 
 
 
 
Warning : redefining function: beta                    . Use funcprot(0) to avoid this message

 
 
 
 
 open loop gain is = 2000   
 
 
grepthis#Linear_Integrated_Circuit_M._S._Sivakumar_1757/CH5/EX5.10/EX5_10.sce #
 
 
 
 
 
 
Warning : redefining function: beta                    . Use funcprot(0) to avoid this message

 
 
 
 
 
 
  loop gain dAf is = 49.776008   
 
 
 
 
 
 the percent change of d loop gain dAf is = 0.4479841%   
 
 
grepthis#Linear_Integrated_Circuit_M._S._Sivakumar_1757/CH5/EX5.11/EX5_11.sce #
 
 
 
 
 
 
 
 
 
 
 
 
Warning : redefining function: beta                    . Use funcprot(0) to avoid this message

 
 
 the feedback transfer function beta is = 0.0199   
 
 
 
 
 
 the d loop bandwidth wfH is = 125600   
 
 
grepthis#Linear_Integrated_Circuit_M._S._Sivakumar_1757/CH5/EX5.12/EX5_12.sce #
 
 
 
 
 
 
 
 
 
 
 
 the unity gain bandwidth is = 1000000Hz   
 
 
 
 
 
 the maximum  loop gain ACL is = 50   
 
 
grepthis#Linear_Integrated_Circuit_M._S._Sivakumar_1757/CH5/EX5.13/EX5_13.sce #
 
 
 
 
 
 
 
 
 
 
 
 the unity gain bandwidth is = 60000Hz   
 
 
 
 
 
 the maximum  loop gain ACL is = 5   
 
 
 
grepthis#Linear_Integrated_Circuit_M._S._Sivakumar_1757/CH5/EX5.14/EX5_14.sce #
 
 
 
 
 
 
 
Warning : redefining function: p_margin                . Use funcprot(0) to avoid this message

 
 
 
 
 
 the dominant pole frequency (fPD) of an op-amp is = 2500Hz   
 
 
 
grepthis#Linear_Integrated_Circuit_M._S._Sivakumar_1757/CH5/EX5.15/5_15.sce #
 
 
 
 
 
 
 
 
 
 
 
 
 
 
 
 
 
 
 FL = 6.3694268 KHz    
 
 
 
 
 
 
 
 
 
 
 Acom =  [ magnitude = 6.3*10^-3   angle = -89.6 degree ]   
 
 
 
 
 
 
 
 Ac =  [ magnitude = 0.68   angle = 0.4 degree ]   
 
 
grepthis#Linear_Integrated_Circuit_M._S._Sivakumar_1757/CH5/EX5.16/5_16.sce #
 
 
 
 
 
 
 
 
 
 
 
 
 
 
 
 
 FL = 1.0615711 KHz    
 
 
 
 
 
 
 
 
 
 
 Acom =  [ magnitude = 0.68   angle = -47.7 degree ]   
 
 
grepthis#Linear_Integrated_Circuit_M._S._Sivakumar_1757/CH5/EX5.17/5_17.sce #
 
 
 
 
 
 
 
 
 
 
 
 
 
 
 
 
 
 
 FL = 4.2462845 KHz    
 
 
 
 
 
 
 
 
 
 
 
 
 
 
 
 
 
 
 
 Acom for F = 0 KHz =   [ magnitude = 150   angle = 85 degree ]   
 
 
 
 
 
 
 
 
 
 
 Acom for F = 2 KHz=  [  magnitude = 136.4   angle = 64.5 degree ]   
 
 
 
 
 
 
 
 
 
 
 Acom for F = 4 KHz = [ magnitude = 107.14   angle = 41.7 degree ]   
 
 
 
 
 
 
 
 
 
 
 Acom for F = 6 KHz =  [ magnitude = 88.24   angle = 30.25 degree ]   
 
 
 
 
 
 
 
 
 
 
 
 Acom for F = 8 KHz  =  [ magnitude = 71.4   angle = 23 degree ]   
 
 
 
 
 
 
 
 
 
 
 
 Acom  for F = 10 KHz =   [ magnitude = 58.59  angle = 18 degree ]   
 
 
 
 
 
 
 
 
 
 
 
 Acom for F = 20 KHz =  [ magnitude = 31.12   angle = 7 degree ]   
 
 
 
 
 
 
 
 
 
 
 
 Acom  for F = 40 KHz =  [ magnitude = 15.9   angle = 1.1 degree ]   
 
 
 
 
 
 
 
 
 
 
 
 
 
 Acom for F = 80 KHz =  [ magnitude = 7.9  angle = -2 degree ]   
 
 
 
 
 
 
 
 
 
 
 
 
 Acom for F = 100 KHz =  [ magnitude = 6.4   angle = -2.6 degree ]   
 
 
 
 
 
 
 
 
 
 
 
 
 Acom for F = 200 KHz =  [ magnitude = 3.18  angle = -3.8 degree ]   
 
 
 
 
 
 
 
 
 
 
 
 Acom for F = 400 KHz =  [ magnitude = 1.59   angle = -4.4 degree ]   
 
 
 
 
 
 
 
 
 
 
 Acom for F = 800 KHz =  [ magnitude = 0.79   angle = -4.7 degree ]   
 
 
 
 
 
 
 
 
 
 
 Acom for F = 1 MHz =  [ magnitude = 0.64   angle = -4.7 degree ]   
 
 
 
 
 
 
 
 
 
 
 Acom for F = 1.2 MHz =  [ magnitude = 0.52   angle = -4.7 degree ]   
 
 
 
 
 
 
 
 
 
 
 
 Acom for F = 1.4 MHz =  [ magnitude = 0.45   angle = -4.7 degree ]   
 
 
 
 
 
 
 
 
 
 
 Acom for F = 1.6 MHz =  [ magnitude = 0.4   angle = -4.7 degree ]   
 
 
grepthis#Linear_Integrated_Circuit_M._S._Sivakumar_1757/CH5/EX5.18/EX5_18.sce #
 
 
 
 
 
 
 
 
 
 
 
 
 The compensating resistor value is = 15.923567 ohm    
 
 
 
 
grepthis#Linear_Integrated_Circuit_M._S._Sivakumar_1757/CH5/EX5.19/5_19.sce #
 
 
 
 
 
 
 
 
 
 
 
 
 
 
 
 
 
 
 
 
 FH = 6.3694268 KHz    
 
 
 
 
 
 FL = 2.1231423 KHz    
 
 
 
 
 
 
 
 
 
 
 
 
 Acom =  [ magnitude = 0.34   angle = -0.24 degree ]   
 
 
 
 
 
 
 
 Ac = [ magnitude = 34   angle = 89.76 degree ]   
 
 
grepthis#Linear_Integrated_Circuit_M._S._Sivakumar_1757/CH5/EX5.20/5_20.sce #
 
 
 
 
 
 
 
 
 
 
 
 
 
 
 
 
 
 
 FH = 1.5923567 KHz    
 
 
 
 
 
 FL = 0.6369427 KHz    
 
 
 
 
 
 
 
 
 
 
 
 
 Acom =   [magnitude = 0.4]     
 
 
grepthis#Linear_Integrated_Circuit_M._S._Sivakumar_1757/CH5/EX5.21/EX5_21.sce #
 
 
 
 
 
 
 
 
 
 
 
 
 
 
 The compensating first resistor R1 value is = 0.7961783 K ohm    
 
 
 
 The compensating second resistor R2 value is = 7.1656051 K ohm    
 
 
grepthis#Linear_Integrated_Circuit_M._S._Sivakumar_1757/CH5/EX5.22/EX5_22.sce #
 
 
 
 
 
 
 
 
 
 
 The input miller capacitance Cin value is = 10.1uF    
 
 
 
 The output miller capacitance Cout value is = 0.101uF    
 
 
grepthis#Linear_Integrated_Circuit_M._S._Sivakumar_1757/CH5/EX5.23/EX5_23.sce #
 
 
 
 
 
 
 
 
 
 
 The input miller capacitance Cin value is = 3.02uF    
 
 
 
 The output miller capacitance Cout value is = 0.0201333uF    
 
 
 
 
 
 
 
 
 The initiated frequency of miller compensating network by pole is = 7.9050468  
      KHz                                                                       
 
 
grepthis#Linear_Integrated_Circuit_M._S._Sivakumar_1757/CH5/EX5.24/EX5_24.sce #
 
 
 
 
 
 
 
 
 
 
 
 
 the slew rate of an op-amp is = 17.584 V/u sec    
 
 
 
 
 
 
 The compansated capacitance value is = 0.0000011F    
 
 
 
 
grepthis#Linear_Integrated_Circuit_M._S._Sivakumar_1757/CH5/EX5.25/EX5_25.sce #
 
 
 
 
 
 
 
 
 
 
 
 
 
 Cut -off frequency of an op-amp is = 5 Hz    
 
 
grepthis#Linear_Integrated_Circuit_M._S._Sivakumar_1757/CH5/EX5.26/EX5_26.sce #
 
 
 
 
 
 
 
 
 
 
 
 
 
 
 the d loop gain ACL is = 35    
 
 
 
 
 
 The output gain factor K is = 0.875 V   
 
 
 
 
 
 
 The maximum frequency of an op-amp fmax = 145.5869 KHz   
 
 
grepthis#Linear_Integrated_Circuit_M._S._Sivakumar_1757/CH5/EX5.27/EX5_27.sce #
 
 
 
 
 
 
 
 
 
 
 
 
 
 the d loop gain ACL is = 24    
 
 
 
 
 
 The output gain factor K is = 0.36 V   
 
 
 
 
 
 The wmax is = 2.2222222*10^6 rad/sec   
 
 
 
 
grepthis#Linear_Integrated_Circuit_M._S._Sivakumar_1757/CH5/EX5.28/EX5_28.sce #
 
 
 
 
 
 
 
 
 
 
 
 
 
 
 the unity frequency f is = 568698.82 Hz    
 
 
 
 
 
 
 The compansated capacitance Cm value is = 2.000D-10 F    
 
 
 
 
 
grepthis#Linear_Integrated_Circuit_M._S._Sivakumar_1757/CH5/EX5.29/EX5_29.sce #
 
 
 
 
 
 
 
 
 the Slew rate of an op-amp is = 0.5 V/u sec   
 
 
grepthis#Linear_Integrated_Circuit_M._S._Sivakumar_1757/CH5/EX5.30/EX5_30.sce #
 
 
 
 
 
 
 
 
 the Slew rate of an op-amp is = 0.6774194 V/u sec   
 
 
 
grepthis#Linear_Integrated_Circuit_M._S._Sivakumar_1757/CH5/EX5.31/EX5_31.sce #
 
 
 
 
 
 
 
 
 
 
 
 
 
 The full power bandwidth FPBW is = 8121.0191 Hz    
 
 
 
 
 
 The 3-db frequency or small signal band width f3db is = 10000 Hz    
 
 
 
 
 
 
grepthis#Linear_Integrated_Circuit_M._S._Sivakumar_1757/CH5/EX5.32/EX5_32.sce #
 
 
 
 
 
 
 
 
 
 
 
 
 
 The full power bandwidth FPBW is = 8121.0191 Hz    
 
 
 
 
 
 The 3-db frequency or small signal band width f3db is = 10000 Hz    
 
 
 
 
 
 
 
grepthis#Linear_Integrated_Circuit_M._S._Sivakumar_1757/CH5/EX5.33/EX5_33.sce #
 
 
 
 
 
 
 
 
 
 
 
 
 
 
 the Slew rate of an op-amp is = 0.314 V/u sec    
 
 
 
 
 
 
 
 The d loop gain ACL is = 83.333333    
 
 
grepthis#Linear_Integrated_Circuit_M._S._Sivakumar_1757/CH6/EX6.1/EX6_1.sce #
 
 
 
 
 
 
 
 
 
 
 
 
 
 
 
 
 
 the value of resistance R1 is = 199000 ohm   
 
 
 
 
 
 
 the value of resistance R2 is  = 1000000 ohm   
 
 
grepthis#Linear_Integrated_Circuit_M._S._Sivakumar_1757/CH6/EX6.2/EX6_2.sce #
 
 
 
 
 
 
 
 
 
 
 the value of resistance R1 is = 8000 ohm   
 
 
 
 
 
 
 the value of resistance R2 is  = 72000 ohm   
 
 
grepthis#Linear_Integrated_Circuit_M._S._Sivakumar_1757/CH6/EX6.3/EX6_3.sce #
 
 
 
 
 
 
 
 
 
 
 
 
 
 
 
 
 
 
 
 
 
 
 
 the value of resistance R1 is  = 20000 ohm   
 
 
 
 
 the value of resistance R2 is  = 80000 ohm   
 
 
 
 
 
 the output current I2 is  = 0.00005 A   
 
 
grepthis#Linear_Integrated_Circuit_M._S._Sivakumar_1757/CH6/EX6.4/EX6_4.sce #
 
 
 
 
 
 
 
 
 
 
 
 
 
 
 
 
 
 
 the value of resistance Ria is  = 20000 ohm   
 
 
 
 
 the value of resistance Rib is  = 15000 ohm   
 
 
 
 
 the value of resistance Ric is  = 30000 ohm   
 
 
grepthis#Linear_Integrated_Circuit_M._S._Sivakumar_1757/CH6/EX6.5/EX6_5.sce #
 
 
 
 
 
 
 
 
 
 
 
 
 
 
 
 
 
 
 the value of resistance Ria is  = 90000 ohm   
 
 
 
 
 the value of resistance Rib is  = 42000 ohm   
 
 
 
 
 the value of resistance Ric is  = 63000 ohm   
 
 
 
 
 the value of resistance Rid is  = 210000 ohm   
 
 
grepthis#Linear_Integrated_Circuit_M._S._Sivakumar_1757/CH6/EX6.6/EX6_6.sce #
 
 
 
 
 
 
 
 
 
 
 
 
 
 
 
 
 
 
 
 
 
 
 
 the value of resistance R2 is  = 300000 ohm   
 
 
 
 
 
 the value of resistance R4 is  = 33333.333 ohm   
 
 
 
 
grepthis#Linear_Integrated_Circuit_M._S._Sivakumar_1757/CH6/EX6.7/EX6_7.sce #
 
 
 
 
 
 
 
 
 
 
 
 
 
 
 The load current iL is  = 0.005 A   
 
 
 
 
 
 The voltage across load VL is  = 1 V   
 
 
 
 
 
 The non-inverting current across i3 is = 0.001 A   
 
 
 
 
 The non-inverting current across i4 is  = 0.006 A   
 
 
 
 
 
 The output voltage of given voltage to current converter is  = 6 V   
 
 
grepthis#Linear_Integrated_Circuit_M._S._Sivakumar_1757/CH6/EX6.8/EX6_8.sce #
 
 
 
 
 
 
 
 
 
 
 
 
 
 
 
 
 
 
 
 
 
 
 
 
 
 
 
 
 
 
 
 
 
 
 
 
 
 
 
 The common mode rejection ratio CMRR is  = 120.5    
 
 
 
 
 
 
 The common mode rejection ratio CMRR in decibel is  = 41.619741 dB    
 
 
grepthis#Linear_Integrated_Circuit_M._S._Sivakumar_1757/CH6/EX6.9/EX6_9.sce #
 
 
 
 
 
 
 
 
 
 
 
 
 
 
 
 
 
 
 
 
 The output of the difference amplifier is  = -8.125 V    
 
 
 
 
 
 
 
 
 The output of the difference amplifier is  = 0.125 V    
 
 
 
 
 
 the common mode input of difference amplifier is = 2    
 
 
 
 ACM  =
 
    0.0625  
 
 
 the common mode gain ACM of difference amplifier is = 0.0625    
 
 
 
 
 
 the differential gain of the difference amplifier is = 2    
 
 
 
 
 
 The common mode rejection ratio CMRR is  = 32    
 
 
 
 
 
 The common mode rejection ratio CMRR in decibel is  = 30.103 dB    
 
 
 
grepthis#Linear_Integrated_Circuit_M._S._Sivakumar_1757/CH6/EX6.10/EX6_10.sce #
 
 
 
 
 
 
 
 
 
 
 
 
 
 
 
 
 
 
 
 the maximum differential voltage gain of the instrumentation amplifier is = 10 
      1                                                                         
 
 
 
 
 
 
 the minimum differential voltage gain of the instrumentation amplifier is = 5  
 
 
 
  the range of the differential voltage gain of the instrumentation amplifier i 
      s                                                                         
 
 
                     5 <= Av <= 101    
 
 
grepthis#Linear_Integrated_Circuit_M._S._Sivakumar_1757/CH6/EX6.11/EX6_11.sce #
 
 
 
 
 
 
 
 
 
 
 
 
 
 
 
 
 
 
 
 
 
 
 
 
 
 
 
 
 
 
 
 The variable resistance R1 varies is  401 ohm <= R1 <= 100.2 K-ohm    
 
 
grepthis#Linear_Integrated_Circuit_M._S._Sivakumar_1757/CH6/EX6.12/EX6_12.sce #
 
 
 
 
 
 
 
 
 
 
 
  The time constant of the given filter is RC = 0.0002 sec    
 
 
grepthis#Linear_Integrated_Circuit_M._S._Sivakumar_1757/CH6/EX6.13/EX6_13.sce #
 
 
 
 
 
 
 
 
 
 
 
  The time constant of the given filter is RC = 0.0001 sec    
 
 
 
 
 
 The capacitor value is = 1.000D-07  F   
 
 
grepthis#Linear_Integrated_Circuit_M._S._Sivakumar_1757/CH6/EX6.14/EX6_14.sce #
 
 
 
 
 
 
 
 
 
 
 
 
 
 
 
 
 
 
 
 
 
 The value of resistance RIa is = 90 K ohm    
 
 
 
 
 The value of resistance RIb is = 22.5 K ohm    
 
 
 
 
 The value of resistance RIc is = 18 K ohm    
 
 
 
 
 The value of resistance RId is = 15 K ohm    
 
 
grepthis#Linear_Integrated_Circuit_M._S._Sivakumar_1757/CH6/EX6.15/EX6_15.sce #
 
 
 
 
 
 
 
 
 
 
 
 
 
 
 
 The output of first op-amp A1 is = -275*sin wt mV    
 
 
 
 
 
 
 The output of second op-amp A2 is = 275*sin wt mV    
 
 
 
 
 
 
 The output of third op-amp A3 is = 825*sin wt mV    
 
 
 
 
 
 current through the resistor R1 and R2 is = 5 sin wt uA    
 
 
 
 
 
 current through the non-inverting terminal resistor R3 and R4 = 5.5 sin wt uA  
 
 
 
 
 
 current through the inverting terminal resistor R3 and R4 = 22 sin wt uA    
 
 
grepthis#Linear_Integrated_Circuit_M._S._Sivakumar_1757/CH6/EX6.16/EX6_16.sce #
 
 
 
 
 
 
 
 
 
 
 
 
 
 
 
 
 
 
 
 
 
 
 
 
 
 
 
 
 
 
 
 
 
 
 
 
 
 
 
 
 Rin  =
 
    0.0099900  
 
 
 The input resistance Rin is = 0.0099900 ohm    
 
 
 
 
 
 
 
  The value of Resistance Rs is = 1.099 K ohm    
 
 
grepthis#Linear_Integrated_Circuit_M._S._Sivakumar_1757/CH6/EX6.17/EX6_17.sce #
 
 
 
 
 
 
 
 
 
 
 
 
 
 
 
 for Aop = 10^4 d loop gain is = 0.9999000    
 
 
 
 
 
 
 for Aop = 10^3 d loop gain is = 0.999001    
 
 
 
 
 
 
 for Aop = 10^2 d loop gain is = 0.9900990    
 
 
 
 
 
 
 for Aop = 10^1 d loop gain is = 0.9090909    
 
 
grepthis#Linear_Integrated_Circuit_M._S._Sivakumar_1757/CH6/EX6.18/EX6_18.sce #
 
 
 
 
 
 
 
 
 
 
 
 
 
 
 
 
 
 
 
 for the frequency f = 10 Hz  the output is = 106.1033 V    
 
 
 
 
 
 
 for the frequency f = 1000 Hz  the output is = 1.061033 V    
 
 
 
 
 
 
 for the frequency f = 10000 Hz  the output is = 0.1061033 V    
 
 
 
grepthis#Linear_Integrated_Circuit_M._S._Sivakumar_1757/CH6/EX6.19/EX6_19.sce #
 
 
 
 
 
 
 
 
 
 
 
 
 
 
 
 
 The cutoff frequency of the integrator is = 13262.912 Hz   
 
 
 
 
 
 The gain of the integrator is = 3.0766975    
 
 
grepthis#Linear_Integrated_Circuit_M._S._Sivakumar_1757/CH6/EX6.20/EX6_20.sce #
 
 
 
 
 
 
 
 
 
 
 
 
 
 
 
 
 the break frequency fa is = 31830.989 Hz    
 
 
 
 
 
 the break frequency fb is = 21220.659 Hz    
 
 
 
 
 
 The gain of the differentiator is = 0.6136835    
 
 
 
grepthis#Linear_Integrated_Circuit_M._S._Sivakumar_1757/CH6/EX6.21/EX6_21.sce #
 
 
 
 
 
 
 
 
 
 
 
 The input voltage of an op-amp is = -0.04 V   
 
 
grepthis#Linear_Integrated_Circuit_M._S._Sivakumar_1757/CH6/EX6.22/EX6_22.sce #
 
 
 
 
 
 
 
 
 
 
 
 the output voltage of follower Vo1 is = 2  V   
 
 
 
 
 The output voltage of an inverting amplifier is = -20 V    
 
 
 
grepthis#Linear_Integrated_Circuit_M._S._Sivakumar_1757/CH6/EX6.23/EX6_23.sce #
 
 
 
 
 
 
 
 
 
 
 
 
 
 
 
 
 The output of the inverting amplifier is = -15 V   
 
 
 
 
 
 The output of the non-inverting amplifier is = 20 V   
 
 
grepthis#Linear_Integrated_Circuit_M._S._Sivakumar_1757/CH6/EX6.24/EX6_24.sce #
 
 
 
 
 
 
 
 
 
 
 
 
 
 
 The output voltage of an inverting amplifier is = 27.5 V    
 
 
 
 
 
 the output voltage of follower Vo1 is = 2.5  V   
 
 
 
 
 
 
 the output of the inverting summing amplifier is = 101.25 V    
 
 
 
 
grepthis#Linear_Integrated_Circuit_M._S._Sivakumar_1757/CH6/EX6.25/EX6_25.sce #
 
 
 
 
 
 
 
 
 
 
 
 
 
 
 the total gain of the circuit is = 36    
 
 
 
 
 
 The  output voltage of the op-amp is = 90 V   
 
 
grepthis#Linear_Integrated_Circuit_M._S._Sivakumar_1757/CH6/EX6.26/EX6_26.sce #
 
 
 
 
 
 
 
 
 
 
 
 
 
 
 The output of op-amp A1 is = -10V1   
 
 
 
 
 
 
 The output of op-amp A2 is  Vo = 40V1 - 2V2    
 
 
 
 The output is equal to the difference between 40V1 and 2V2    
 
 
grepthis#Linear_Integrated_Circuit_M._S._Sivakumar_1757/CH6/EX6.27/EX6_27.sce #
 
 
 
 
 
 
 
 
 
 
 
 
 the upper crossover voltage of schmitt trigger is = 1 V   
 
 
 
 
 
 the lower crossover voltage of schmitt trigger is = -1 V   
 
 
 
 
 
 the hysteresis width HW of schmitt trigger is = 2 V   
 
 
grepthis#Linear_Integrated_Circuit_M._S._Sivakumar_1757/CH6/EX6.28/EX6_28.sce #
 
 
 
 
 
 
 
 
 
 
 
 
 the upper crossover voltage of schmitt trigger is = 1.4285714 V   
 
 
 
 
 
 the lower crossover voltage of schmitt trigger is = -1.4285714 V   
 
 
 
 
 
 the hysteresis width HW of schmitt trigger is = 2.8571429 V   
 
 
grepthis#Linear_Integrated_Circuit_M._S._Sivakumar_1757/CH6/EX6.29/EX6_29.sce #
 
 
 
 
 
 
 
 
 
 
 
 
 
 
 
 
 the value of resistance R1 is = 5000 ohm   
 
 
grepthis#Linear_Integrated_Circuit_M._S._Sivakumar_1757/CH6/EX6.30/EX6_30.sce #
 
 
 
 
 
 
 
 
 
 
 
 
 
 
 
 
 
 
 the value of resistance R2 is = 30000 ohm   
 
 
grepthis#Linear_Integrated_Circuit_M._S._Sivakumar_1757/CH6/EX6.31/EX6_31.sce #
 
 
 
 
 
 
 
 
 
 
 
 
 the input resistance is = 20000 ohm   
 
 
 
 
 
 
 The resistance R2 is = 100000 ohm   
 
 
 
grepthis#Linear_Integrated_Circuit_M._S._Sivakumar_1757/CH6/EX6.32/EX6_32.sce #
 
 
 
 
 
 
 
 
 
 
 
 
 the input resistance is = 20000 ohm   
 
 
 
 
 
 
 The resistance R2 is = 80000 ohm   
 
 
 
 
grepthis#Linear_Integrated_Circuit_M._S._Sivakumar_1757/CH6/EX6.33/EX6_33.sce #
 
 
 
 
 
 
 
 
 
 
 
 the cut off frequency of phase shifter is = 723.43156Hz   
 
 
 
 
 
 
 
 The phase shift is = -15.749531    
 
 
grepthis#Linear_Integrated_Circuit_M._S._Sivakumar_1757/CH6/EX6.34/EX6_34.sce #
 
 
 
 
 
 
 
 
 
 
 R  =
 
    1921.  
 
 
 The value of resistance is = 1921 ohm   
 
 
 
grepthis#Linear_Integrated_Circuit_M._S._Sivakumar_1757/CH6/EX6.35/EX6_35.sce #
 
 
 
 
 
 Ad  =
 
    30.  
 
 
 
 
 The value of resistance R1 is = 25000 ohm   
 
 
 
 The value of resistance R3 is = 25000 ohm   
 
 
 
 
 
 
 The value of resistance R2 is = 750000 ohm   
 
 
 
 
 The value of resistance R4 is = 750000 ohm   
 
 
grepthis#Linear_Integrated_Circuit_M._S._Sivakumar_1757/CH6/EX6.36/EX6_36.sce #
 
 
 
 
 
 
 
 
 
 
 THe common mode rejection ratio is = 26.581174 dB   
 
 
grepthis#Linear_Integrated_Circuit_M._S._Sivakumar_1757/CH6/EX6.37/EX6_37.sce #
 
 
 
 
 
 
 
 
 
 
 
  The feedback resistance is = 100000 ohm   
 
 
 
 
  The value of resistance R1 is = 100000 ohm   
 
 
grepthis#Linear_Integrated_Circuit_M._S._Sivakumar_1757/CH6/EX6.38/EX6_38.sce #
 
 
 
 
 
 
 
 
 
 
 
 
 
 
 
 
 
 
 The value of resistance R2 is = 44776.119 ohm   
 
 
grepthis#Linear_Integrated_Circuit_M._S._Sivakumar_1757/CH6/EX6.39/EX6_39.sce #
 
 
 
 
 
 
 
 
 
 
 
 
 
 The load current iL is = 0.005 A   
 
 
 
 
 
 
 The current i3 is = 0.0005 A   
 
 
 
 
 The current iA is = 0.0055 A   
 
 
 
 
 
 The output voltage is = 6 V   
 
 
 
 
 
 
 
 The current i1 is = -0.00055 A   
 
 
 
 
 The current i2 is = -0.00055 A   
 
 
grepthis#Linear_Integrated_Circuit_M._S._Sivakumar_1757/CH6/EX6.40/EX6_40.sce #
 
 
 
 
 
 
 
 
 
 
 
 
 
 
 
 
 
 
 
 The value of resistance R1f is = 0.0606 K ohm    
 
 
 
 The value of resistance R2 is = 75.5 K ohm    
 
 
 
grepthis#Linear_Integrated_Circuit_M._S._Sivakumar_1757/CH6/EX6.41/EX6_41.sce #
 
 
 
 
 
 
 
 
 
 
 
 
 
 
 
 The value of resistane R1 is = 9090.9091 ohm   
 
 
grepthis#Linear_Integrated_Circuit_M._S._Sivakumar_1757/CH6/EX6.42/EX6_42.sce #
 
 
 
 
 
 
 
 
 
 
 
  At t = 1 msec the time constant RC is = 0.1 m sec   
 
 
 
  if C = 0.01 uF then R of RC time constant is = 10 K ohm    
 
 
 
  if C = 0.001 uF then R of RC time constant is = 100 K ohm    
 
 
grepthis#Linear_Integrated_Circuit_M._S._Sivakumar_1757/CH6/EX6.43/EX6_43.sce #
 
 
 
 
 
 
 
 
 
 
  THe feedback resistance Rf is = 100000 ohm   
 
 
 
 
 
 The frequency fa is = 2000 Hz   
 
 
 
 
 
 
 
  The value of capacitor C is = 7.958D-10 F    
 
 
grepthis#Linear_Integrated_Circuit_M._S._Sivakumar_1757/CH7/EX7.1/EX7_1.sce #
 
 
 
 
 
 
 
 
 
 
 
 
 
 The resistor value is = 1.5915494 k ohm    
 
 
grepthis#Linear_Integrated_Circuit_M._S._Sivakumar_1757/CH7/EX7.2/EX7_2.sce #
 
 
 
 
 
 
 
 
 
 
 
 
 
 The resistor value is = 106.1033 ohm    
 
 
 
 
 
 
 Af  =
 
    1.5  
 
 
 The pass band gain is = 1.5    
 
 
grepthis#Linear_Integrated_Circuit_M._S._Sivakumar_1757/CH7/EX7.3/EX7_3.sce #
 
 
 
 
 
 
 
 
 
 
 
 
 
 
 
 The resistor value is = 0.1591549 ohm    
 
 
 
 
 
 
 
 
 The resistor R2 value is = 900 k ohm    
 
 
 
 
 
 The magnitude of an active low pass filter is = 1.9611614    
 
 
 
 
 
 The phase angle of the filter is = -78.690068    
 
 
 
 
grepthis#Linear_Integrated_Circuit_M._S._Sivakumar_1757/CH7/EX7.4/EX7_4.sce #
 
 
 
 
 
 
 
 
 
 
 
 
 The frequency of the first order low pass filter is = 2.6525824 KHz    
 
 
 
 
 
 The pass band gain of filter is = 13   
 
 
grepthis#Linear_Integrated_Circuit_M._S._Sivakumar_1757/CH7/EX7.5/EX7_5.sce #
 
 
 
 
 
 
 
 
 
 
 
 The capacitor of high pass filter is = 25.132741 uF    
 
 
 
 
 
 
 The second resistor value is = 90 K ohm    
 
 
 
 
 
grepthis#Linear_Integrated_Circuit_M._S._Sivakumar_1757/CH7/EX7.6/EX7_6.sce #
 
 
 
 
 
 
 
 
 
 
 
 The resistance R3 is = 1.5915494 K ohm    
 
 
grepthis#Linear_Integrated_Circuit_M._S._Sivakumar_1757/CH7/EX7.7/EX7_7.sce #
 
 
 
 
 
 
 
 
 
 
 
 The resistance R3 is = 0.0636620 ohm    
 
 
 
 
 
 
 Af  =
 
    1.2  
 
 
 The pass band gain is = 1.2    
 
 
grepthis#Linear_Integrated_Circuit_M._S._Sivakumar_1757/CH7/EX7.8/EX7_8.sce #
 
 
 
 
 
 
 
 
 
 
 
 
 
 
 The resistance R3 is = 159.15494 K ohm    
 
 
 
 
 
 
 R2  =
 
    700.  
 
 
 The resistance R2 is = 700 K ohm    
 
 
 
 
 
 The magnitude of an active high pass filter is = 14.552138    
 
 
 
 
 
 The phase angle of the filter is = 14.036243 degree   
 
 
grepthis#Linear_Integrated_Circuit_M._S._Sivakumar_1757/CH7/EX7.9/EX7_9.sce #
 
 
 
 
 
 
 
 
 
 
 
 
 The lower cut-off frequency FLC of band pass filter is = 159.15494 Hz    
 
 
 
 
 
 The upper cut-off frequency FUC of band pass filter is = 15.915494 KHz    
 
 
grepthis#Linear_Integrated_Circuit_M._S._Sivakumar_1757/CH7/EX7.10/EX7_10.sce #
 
 
 
 
 
 
 
 
 
 
 
 
 
 The resistance R3 Value is = 7.9577472 M ohm    
 
 
 
 
 
 
 The resistance R6 value is = 1.5915494 M ohm    
 
 
grepthis#Linear_Integrated_Circuit_M._S._Sivakumar_1757/CH7/EX7.11/EX7_11.sce #
 
 
 
 
 
 
 
 
 
 
 
 
 
 
 The resistance R3 Value is = 7.9577472 M ohm    
 
 
 
 
 
 
 The resistance R6 value is = 3.9788736 M ohm    
 
 
 
 
 
 
 
 
 
 
 
 The desire pass band gain of filter is = 15    
 
 
grepthis#Linear_Integrated_Circuit_M._S._Sivakumar_1757/CH7/EX7.12/EX7_12.sce #
 
 
 
 
 
 
 
 
 
 
 
 
 
 
 
 
 The resistance R3 Value is = 7.9577472 M ohm    
 
 
 
 
 
 
 The resistance R6 value is = 1.9894368 M ohm    
 
 
 
 
 
 
 
 
 
 
 
 The desire pass band gain of filter is = 15    
 
 
 
 
 
 The magnitude of gain of band pass filter  is = 11.485573    
 
 
 
 
 
 The phase angle of gain of band pass filter  is = 49.969741 degree   
 
 
grepthis#Linear_Integrated_Circuit_M._S._Sivakumar_1757/CH7/EX7.13/EX7_13.sce #
 
 
 
 
 
 
 
 
 
 
 
 
 
 
 
 Vo  =
 
  - 20.  
 
 
 The output of the half wave precision rectifier Vo is = -20 V    
 
 
grepthis#Linear_Integrated_Circuit_M._S._Sivakumar_1757/CH7/EX7.14/EX7_14.sce #
 
 
 
 
 
 
 
 
 
 
 
 
 
 
 
 
 
 
 
 The output of the half wave precision rectifier Vo is = -15 V    
 
 
 
 
 
 
 
 
 
 The output of the half wave precision rectifier Vo is = 15 V    
 
 
grepthis#Linear_Integrated_Circuit_M._S._Sivakumar_1757/CH7/EX7.15/EX7_15.sce #
 
 
 
 
 
 
 
 
 
 
 
 
 
 
 
 
 
 
 
 
 
 The gain of precision full wave rectifier A is = 6    
 
 
 
 
 
 
 
 
 
 The output voltage Vo is = 42 V    
 
 
 
 
 
 
 
 
 The output voltage Vo is = 42 V    
 
 
grepthis#Linear_Integrated_Circuit_M._S._Sivakumar_1757/CH8/EX8.1/EX8_1.sce #
 
 
 
 
 
 
 
 
 
 
 
 
 
 
 
 
 
 
 
 the output voltage of inverting amplifier (V2) is = 3 V    
 
 
grepthis#Linear_Integrated_Circuit_M._S._Sivakumar_1757/CH8/EX8.2/EX8_2.sce #
 
 
 
 
 
 
 
 
 
 
 
 
 
 the output voltage of multiplier is = 225 V    
 
 
grepthis#Linear_Integrated_Circuit_M._S._Sivakumar_1757/CH8/EX8.3/EX8_3.sce #
 
 
 
 
 
 
 
 
 
 the output voltage of inverting amplifier is = 4 V    
 
 
 
 
 
 the output voltage of multiplier is = 16 V    
 
 
grepthis#Linear_Integrated_Circuit_M._S._Sivakumar_1757/CH8/EX8.4/EX8_4.sce #
 
 
 
 
 
 
 
 
 
 
 
 
 
 
           The output voltage of multiplier is  =      (K^2*Ac1*Ac2*Am2)/2*(cos 
      *wm*t+cos*wm*t*cos*2*w*t)                                                 
 
 
 
 
 
 
           The output voltage of low pass filter is  =   100coswmt   
 
 
grepthis#Linear_Integrated_Circuit_M._S._Sivakumar_1757/CH8/EX8.5/EX8_5.sce #
 
 
 
 
 
 
 
 
 
 
 
 output voltage of RMS detector is = 10 V    
 
 
grepthis#Linear_Integrated_Circuit_M._S._Sivakumar_1757/CH9/EX9.1/EX9_1.sce #
 
 
 
 
 
 
 
 
 
 
 
 
 
 
 
 
 
 
 
 The output voltage of switching regulator circuit is = -0.3 V    
 
 
 
 
 
 
 The output voltage of switching regulator circuit is = 1.5 V    
 
 
grepthis#Linear_Integrated_Circuit_M._S._Sivakumar_1757/CH9/EX9.2/EX9_2.sce #
 
 
 
 
 
 
 
 
 
 
Warning : redefining function: sum                     . Use funcprot(0) to avoid this message

 
 
 The sum frequency produce by phase detector is = 900 KHz    
 
 
 
 
 The difference frequency produce by phase detector is = 100 KHz    
 
 
 
 The phase detector frequencies are outside of the low pass filter   
 
 
 
 The VCO will be in its free running frequency    
 
 
grepthis#Linear_Integrated_Circuit_M._S._Sivakumar_1757/CH9/EX9.3/EX9_3.sce #
 
 
 
 
 
 
 
 
 
 
 
 
 
 
 
 
 The sensitivity of phase detector Kd is = 0.4456338   
 
 
 
 
 
 The maximum control voltage of VCO Vfmax = 1.4 V   
 
 
 
 
 
 The maximum frequency swing of VCO = 35 KHz   
 
 
 
 
 
 The maximum range of frequency which lock a PLL is = 15 KHz    
 
 
 
 
 The maximum range of frequency which lock a PLL is = 85 KHz    
 
 
 
 The maximum and minimum rage between 15 KHz to 85 KHZ    
 
 
 
 
 
 
 The lock range is = 70 KHz    
 
 
grepthis#Linear_Integrated_Circuit_M._S._Sivakumar_1757/CH9/EX9.4/EX9_4.sce #
 
 
 
 
 
 Vcs  =
 
    6.  
 
 
 
 
 
 
 
 The current through the control resistor R is = 0.6 mA    
 
 
 
 
 
 The charging time of capacitor is = 5 msec    
 
 
 
 
 
 The total time period of tringular and square wave is = 10 msec    
 
 
 
 
 
 The output frequency of VCO is = 0.1 KHz    
 
 
grepthis#Linear_Integrated_Circuit_M._S._Sivakumar_1757/CH9/EX9.5/EX9_5.sce #
 
 
 
 
 
 
 
 
 
 
 
 
 
 
 
 
 The charging or discharging time of capacitor is = 0.025 msec    
 
 
 
 
 
 The output frequency of VCO is is = 20 Hz    
 
 
 
 
 
 
 The output frequency of VCO is = 0.625 ohm   
 
 
 
 
 
 The current through the control resistor R is = 1.6 uA    
 
 
 
 
 
 
 The capacitor charging current is = 2 V = 0.33Vcc    
 
 
grepthis#Linear_Integrated_Circuit_M._S._Sivakumar_1757/CH9/EX9.6/EX9_6.sce #
 
 
 
 
 
 
 
 
 
 
 
 The center frequency of VCO is is = 0.54 Hz    
 
 
 
 
 
 
 The lock range of PLL is = 2.6666667 KHz/V    
 
 
 
 
 
 The lock range of PLL is = 0.0255922 Hz/V    
 
 
grepthis#Linear_Integrated_Circuit_M._S._Sivakumar_1757/CH9/EX9.7/EX9_7.sce #
 
 
 
 
 
 
 
 
 
 
 
 
 The total time period of VCO is = 0.000005 sec    
 
 
 
 
 
 
 
 
 The charging or discharging time of capacitor is = 0.0000025 sec    
 
 
 
 
 
 The voltage swing of VCO for 12 V supply is = 3 V    
 
 
 
 
 
 
 The lock range of PLL FL is = 0.9549297 Hz    
 
 
 
 
 
 The capture range is = 437.01937 Hz    
 
 
grepthis#Linear_Integrated_Circuit_M._S._Sivakumar_1757/CH11/EX11.1/EX11_1.sce #
 
 
 
 
 
 
 
 
 
 
 
 the full scale voltage of D/A converter VFS is = 24 V    
 
 
grepthis#Linear_Integrated_Circuit_M._S._Sivakumar_1757/CH11/EX11.2/EX11_2.sce #
 
 
 
 
 
 
 
 
 
 
 
 
 
 
 For BI 10101010 the output of D/A converter is = 2.04 V    
 
 
 
 
 
 
 
 For BI 11001100 the output of D/A converter is = 2.448 V    
 
 
 
 
 
 
 
 For BI 11101110 the output of D/A converter is = 2.856 V    
 
 
 
 
 
 
 
 For BI 00010001 the output of D/A converter is = 0.204 V    
 
 
grepthis#Linear_Integrated_Circuit_M._S._Sivakumar_1757/CH11/EX11.3/EX11_3.sce #
 
 
 
 
 
 
 
 
 
 
 the resolution of 4-bit D/A converter is = 0.8 V    
 
 
grepthis#Linear_Integrated_Circuit_M._S._Sivakumar_1757/CH11/EX11.4/EX11_4.sce #
 
 
 
 
 
 
 
 
 
 
 
 
 the number of bit required to design a 4-bit D/A converter is = 8.9686668   =  
      9                                                                         
 
 
 
grepthis#Linear_Integrated_Circuit_M._S._Sivakumar_1757/CH11/EX11.5/EX11_5.sce #
 
 
 
 
 
 
 
 
 
 
 
 
 
 
 
 
 
 
 
 
 
 
 
 
 
 for the binary input 101 analog output is = -60 V    
 
 
 
 
 
 
 
 
 
 for the binary input 111 analog output is = -84 V    
 
 
 
 
 
 
 
 
 
 for the binary input 011 analog output is = -72 V    
 
 
 
 
 
 
 
 
 
 for the binary input 001 analog output is = -48 V    
 
 
 
 
 
 
 
 
 
 for the binary input 100 analog output is = -12 V   
 
 
grepthis#Linear_Integrated_Circuit_M._S._Sivakumar_1757/CH11/EX11.6/EX11_6.sce #
 
 
 
 
 
 
 
 
 
 
 
 
 
 
 
 
 
 
 
 
 
 
 
 
 
 
 for the binary input 1001 analog output is = -67.5 V    
 
 
 
 
 
 the feedback current If is = 2.7 mA    
 
 
 
 
 
 
 
 
 
 
 for the binary input 1101 analog output is = -82.5 V    
 
 
 
 
 
 the feedback current If is = 3.3 mA    
 
 
 
 
 
 
 
 
 
 
 for the binary input 1010 analog output is = -37.5 V    
 
 
 
 
 
 the feedback current If is = 1.5 mA    
 
 
 
 
 
 
 
 
 
 
 for the binary input 0011 analog output is = -90 V    
 
 
 
 
 
 the feedback current If is = 3.6 mA    
 
 
grepthis#Linear_Integrated_Circuit_M._S._Sivakumar_1757/CH11/EX11.7/EX11_7.sce #
 
 
 
 
 
 
 
 
 
 
 
 
 
 
 
 
 
 
 
 
 
 
 
 
 
 
 for the binary input 001 analog output is = 1.6 mA    
 
 
 
 
 
 An analog output voltage Vo is = -40 V    
 
 
 
 
 
 
 
 
 
 for the binary input 010 analog output is = 0.8 mA   
 
 
 
 
 
 An analog output voltage Vo is = -20 V    
 
 
 
 
 
 
 
 
 
 for the binary input 110 analog output is = 1.2 mA    
 
 
 
 
 
 An analog output voltage Vo is = -30 V    
 
 
grepthis#Linear_Integrated_Circuit_M._S._Sivakumar_1757/CH11/EX11.8/EX11_8.sce #
 
 
 
 
 
 
 
 
 
 
 
 
 
 
 
 
 
 
 
 
 
 
 
 
 
 for the binary input 101 analog output is = 0.000625 A    
 
 
 
 
 
 An analog output voltage Vo is = -15.625 V    
 
 
 
 
 
 
 
 
 
 for the binary input 011 analog output is = 0.00075 A   
 
 
 
 
 
 An analog output voltage Vo is = -18.75 V    
 
 
 
 
 
 
 
 
 
 for the binary input 100 analog output is = 0.000125 A    
 
 
 
 
 
 An analog output voltage Vo is = -3.125 V    
 
 
 
 
 
 
 
 
 for the binary input 001 analog output is = 0.0005 A    
 
 
 
 
 
 An analog output voltage Vo is = -12.5 V    
 
 
 
grepthis#Linear_Integrated_Circuit_M._S._Sivakumar_1757/CH11/EX11.9/EX11_9.sce #
 
 
 
 
 
 
 
 
 
 
 
 
 
 
 
 
 
 
 
 
 
 
 
 
 
 
 for the binary input 1001 analog output is = -14.0625 V    
 
 
 
 
 
 the feedback current If is = 0.28125 mA    
 
 
 
 
 
 
 
 
 
 
 for the binary input 1100 analog output is = -4.6875 V    
 
 
 
 
 
 the feedback current If is = 0.09375 mA    
 
 
 
 
 
 
 
 
 
 
 for the binary input 1010 analog output is = -7.8125 V    
 
 
 
 
 
 the feedback current If is = 0.15625 mA    
 
 
 
 
 
 
 
 
 
 
 for the binary input 0011 analog output is = -18.75 V    
 
 
 
 
 
 the feedback current If is = 0.375 mA    
 
 
 
grepthis#Linear_Integrated_Circuit_M._S._Sivakumar_1757/CH11/EX11.10/EX11_10.sce #
 
 
 
 
 
 
 
 
 
 
 
 
 
 
 
 
 Vo  =
 
    18.75  
 
 
 for the binary input 1000 output voltage is = 18.75 V    
 
 
 
 
 
 the feedback current If is = -0.46875 mA    
 
 
 
grepthis#Linear_Integrated_Circuit_M._S._Sivakumar_1757/CH11/EX11.11/EX11_11.sce #
 
 
 
 
 
 
 BI  =
 
    1000110.  
 
 
 
 
 
 
 
 
 
 
 
 
 
 
 For the BI 10101111 output analog voltage is = 6.8627451 V    
 
 
 
 
 
 
 
 For the BI 11100010 output analog voltage is = 8.8627451 V    
 
 
 
 
 
 
 
 For the BI 00101001 output analog voltage is = 1.6078431 V    
 
 
 
 
 
 
 
 For the BI 01000110 output analog voltage is = 2.745098 V    
 
 
 
grepthis#Linear_Integrated_Circuit_M._S._Sivakumar_1757/CH12/EX12.2/EX12_2.sce #
 
 
 
 
 
 
 
 
 
 
 Normalized step size of A/D converter is = 0.0039063    
 
 
 
 
 
 Actual step size of A/D converter is = 0.046875    
 
 
 
 
 
 Normalized maximum quantization level of A/D converter is = 0.9960938    
 
 
 
 
 
 Actual maximum quantization level of A/D converter is = 11.953125    
 
 
 
 
 
 Normalized peak quantization error of A/D converter is = 0.0019531    
 
 
 
 
 
 Actual peak quantization error of A/D converter is = 0.0234375 V    
 
 
 
 
 
 Percentage of quantization error of A/D converter is = 0.1953125    
 
 
grepthis#Linear_Integrated_Circuit_M._S._Sivakumar_1757/CH12/EX12.3/EX12_3.sce #
 
 
 
 
 
 
 
 
 
 
 
 
 
 
 
 
 
 charging time of capacitor  is = 128 u sec   
 
 
 
 
 
 
 the integrator output is = -5.44 V   
 
 
 
 
 
 the decimal output of a dual slope A/D converter is = 217.6   = 218   
 
 
 
 
 
   The binary output of a dual slope A/D converter is = 11011010    
 
 
grepthis#Linear_Integrated_Circuit_M._S._Sivakumar_1757/CH12/EX12.4/EX12_4.sce #
 
 
 
 
 
 
 
 
 
 
 Resolution of an A/D converter is = 0.0036630 V    
 
 
 
grepthis#Linear_Integrated_Circuit_M._S._Sivakumar_1757/CH12/EX12.5/EX12_5.sce #
 
 
 
 
 
 
 
 
 
 
 
 
 The output time of a V/T converter is =0.00015 sec   
 
 
 
 
 
 
 
 The duty cycle of V?T converter is = 2    
 
 
 
 
 
 The output voltage of an integrator is is = -0.75 V   
 
 
grepthis#Linear_Integrated_Circuit_M._S._Sivakumar_1757/CH13/EX13.1/EX13_1.sce #
 
 
 
 
 
 
 
 
 
 
 
 
 
 
 
 
 the frequency selective element resistor is = 6.4974733 K ohm    
 
 
 
 
 
 The feedback resistance is = 188.42673 K ohm   
 
 
grepthis#Linear_Integrated_Circuit_M._S._Sivakumar_1757/CH13/EX13.2/EX13_2.sce #
 
 
 
 
 
 
 
 
 
 
 the oscillator frequency of practical RC phase shift oscillator f is = 0.51979 
      79 KHz                                                                    
 
 
grepthis#Linear_Integrated_Circuit_M._S._Sivakumar_1757/CH13/EX13.3/EX13_3.sce #
 
 
 
 
 
 
 
 
 
 
 the oscillator frequency of practical RC phase shift oscillator f is = 6631.45 
      6 Hz                                                                      
 
 
 
grepthis#Linear_Integrated_Circuit_M._S._Sivakumar_1757/CH13/EX13.4/EX13_4.sce #
 
 
 
 
 
 
 
 
 
 
 
 
 
 
 the resistor R is = 15.915494 K ohm    
 
 
 
 
 
 
 
 
 The resistor R2 value is = 20 K ohm    
 
 
grepthis#Linear_Integrated_Circuit_M._S._Sivakumar_1757/CH13/EX13.5/EX13_5.sce #
 
 
 
 
 
 
 
 
 
 
 
 
 the frequency of wien bridge oscillator f is = 159.15494 Hz    
 
 
 
 
grepthis#Linear_Integrated_Circuit_M._S._Sivakumar_1757/CH13/EX13.6/EX13_6.sce #
 
 
 
 
 
 
 
 
 
 
 
 The frequency of the astable multivibrator is= 0.87/RC    
 
 
grepthis#Linear_Integrated_Circuit_M._S._Sivakumar_1757/CH13/EX13.7/EX13_7.sce #
 
 
 
 
 
 
 
 
 
 
 
 
 
 The value of resistance R2 is = 32.857143 K ohm    
 
 
 
 
 
 
 
 
 The value of resistor R is = 10.516935 K ohm   
 
 
grepthis#Linear_Integrated_Circuit_M._S._Sivakumar_1757/CH13/EX13.8/EX13_8.sce #
 
 
 
 
 
 
 
 
 
 
 
 The value of resistor R is = 200 ohm    
 
 
grepthis#Linear_Integrated_Circuit_M._S._Sivakumar_1757/CH13/EX13.9/EX13_9.sce #
 
 
 
 
 
 
 
 
 
 
 
 
 The value of resistance R is = 579.71014 ohm    
 
 
 
 
 
 
 
 The value of resistance R2 is = 9.9372 K ohm    
 
 
grepthis#Linear_Integrated_Circuit_M._S._Sivakumar_1757/CH13/EX13.10/EX13_10.sce #
 
 
 
 
 
 
 
 
 
 
 
 
 the output of monostable multivibrator is = 6011.2293 Hz   
 
 
grepthis#Linear_Integrated_Circuit_M._S._Sivakumar_1757/CH13/EX13.11/EX13_11.sce #
 
 
 
 
 
 
 
 
 
 
 
 
 the output of monostable multivibrator is = 4 KHz   
 
 
grepthis#Linear_Integrated_Circuit_M._S._Sivakumar_1757/CH14/EX14.1/EX14_1.sce #
 
 
 
 
 
 
 
 
 
 
 
 
 the output voltage of the adjustable voltage regulator is = 22.25 V    
 
 
grepthis#Linear_Integrated_Circuit_M._S._Sivakumar_1757/CH14/EX14.2/EX14_2.sce #
 
 
 
 
 
 
 
 
 
 
 
 
 
 
 the total power dissipation of the IC is = 25 mA    
 
 
grepthis#Linear_Integrated_Circuit_M._S._Sivakumar_1757/CH14/EX14.3/EX14_3.sce #
 
 
 
 
 
 
 
 
 
 
 
 the output voltage of the adjustable voltage regulator is = 7.5 V    
 
 
grepthis#Linear_Integrated_Circuit_M._S._Sivakumar_1757/CH14/EX14.4/EX14_4.sce #
 
 
 
 
 
 
 
 
 
 
 The output voltage of switching regulator circuit is = 3.5 V    
 
 
grepthis#Linear_Integrated_Circuit_M._S._Sivakumar_1757/CH14/EX14.5/EX14_5.sce #
 
 
 
 
 
 
 
 
 
 
 
 
 
 The output voltage of switching regulator circuit is = 0.96     
 
 
grepthis#Linear_Integrated_Circuit_M._S._Sivakumar_1757/CH14/EX14.6/EX14_6.sce #
 
 
 
 
 
 
 
 
 
 
 
 The output voltage of switching regulator circuit is = 0.5     
 
 
grepthis#Linear_Integrated_Circuit_M._S._Sivakumar_1757/CH14/EX14.7/EX14_7.sce #
 
 
 
 
 
 
 
 
 
 
 
 
 
 The output voltage of switching regulator circuit is = 0.6666667     
 
 
grepthis#Linear_Integrated_Circuit_M._S._Sivakumar_1757/CH14/EX14.8/EX14_8.sce #
 
 
 
 
 
 
 
 
 
 
 
 
 
 
 The emitter bias voltage is = 3.8 V    
 
 
 
 
 
 The output voltage of the IC LM380 is = 7.9 V    
 
 
grepthis#Linear_Integrated_Circuit_M._S._Sivakumar_1757/CH14/EX14.9/EX14_9.sce #
 
 
 
 
 
 
 
 
 
 
 
 
 
 
 The emitter bias voltage is = 3.3331667 V    
 
 
 
 
 
 The output voltage of the IC LM380 is = 6.6665833 V    
 
 
grepthis#Linear_Integrated_Circuit_M._S._Sivakumar_1757/CH14/EX14.10/EX14_10.sce #
 
 
 
 
 
 
 
 
 
 
 
 
 
 
 
 
 
 
 
 
 
 
 
 
 
 
 
 
 The emitter resistor of Q3 is = 52 ohm ( at temperature 25 degree celsius)    
 
 
 
 
 
 The trans conductance of transistor is = 38.461538 mA/V    
 
 
 
 
 
 The base emitter resistor rbe is = 1.3 K ohm    
 
 
 
 
 
 The emitter capacitor Ce = 6.121D-12 F    
 
 
 
 
 
 
 
 
 
 
 
 
 
 The value of resistance RL is = 264.55026 ohm    
 
 
 
 
 
 
 
 
 The pole frequency fa is = 601.91143 M Hz    
 
 
 
 
 
 
 
 The pole frequency fb is = 1073.7389 M Hz    
 
 
 
 
 The pole frequency fc is = 3060.672 M Hz    
 
 
 
  Hence fa is a dominant pole frequency    
 
 
grepthis#Linear_Integrated_Circuit_M._S._Sivakumar_1757/CH14/EX14.11/EX14_11.sce #
 
 
 
 
 
 
 
 
 
 
 
 
 
 
 
 
 
 
 
 
 
 
 
 
 
 
 
 The emitter resistor of Q3 is = 52 ohm    
 
 
 
 
 
 The trans conductance of transistor is = 0.0384615 A/V    
 
 
 
 
 
 The base emitter resistor rbe is = 1300 ohm    
 
 
 
 
 
 The emitter capacitor is = 6.121D-12 F    
 
 
 
 
 
 
 
 
 
 
 
 
 The value of resistance RL is = 265 ohm    
 
 
 
 Rl  =
 
    265.  
 
 
 
 The pole frequency fa is = 6.006D+08 Hz    
 
 
 
 
 
 The pole frequency fb is = 1.060D+09 Hz    
 
 
 
 
 The pole frequency fc is = 3.061D+09 Hz    
 
 
 
  Hence fa is a dominant pole frequency    
 
 
 
grepthis#Linear_Integrated_Circuit_M._S._Sivakumar_1757/CH14/EX14.12/EX14_12.sce #
 
 
 
 
 
 
 
 
 
 
 
 
 The input current is = 0.0005 A    
 
 
 
 
 
 
 
 
 The output of an op-amp is = 27.5 V    
 
 
grepthis#Linear_Integrated_Circuit_M._S._Sivakumar_1757/CH14/EX14.13/EX14_13.sce #
 
 
 
 
 
 
 
 
 
 
 
 
 The input current is = 0.012 A    
 
 
 
 
 
 
 
 
 The output of an op-amp is = 204 V    
 
 
 
