grepthis#Heat_And_Mass_Transfer_-_A_Practical_Approach_Y._A._Cengel_587/CH3/EX3.12/example3_12.sce #
 
[2J[0;0H 
 
 
 
 
 
 
 
 
 
 
 
 
 
 
 
 In case of no fins   
 
 
 
 
 
 Rate of heat transfer when no finis attached   
 
    537.21234  
 
 W   
 
 
 
 
 
 
 
 
 
 
    0.2065591  
 
 
 
 
 
 
 
 Heat transfer due to the finned tube   
 
    25.30485  
 
 W   
 
 
 
 
 
 Heat transfer from the unfinned portion of the tube is   
 
    1.611637  
 
 W   
 
 
 
 
 The total Heat transfer from the finned tube is   
 
    5383.2975  
 
 W   
 
 
 
 The increase in heat transfer from the tube per meter of length as a result of 
       the addition of fins is                                                  
 
    4846.0851  
 
 W   
 
 
 
 The rate of heat transfer from the steam tube increases by a factor of   
 
    10.0208  
 
 
 as a result of adding fins   
 
 
