Total number of .sce files(without counting DEPENDENCIES directory): 90

grepthis#Material_Science_S._L._Kakani_And_A._Kakani_1085/CH2/EX2.1/ex2_1.sce #
 
 
 
 
 
 
 
 
 
 
 
 
 d  =
 
    1.668D-14  
 
 
 distance of the st approach alpha particles from the copper nucleus(in meter)= 
 
    1.668D-14  
 
grepthis#Material_Science_S._L._Kakani_And_A._Kakani_1085/CH2/EX2.2/ex2_2.sce #
 
 
 
 
 
 
 
 
 
 
 
 
 
 first orbit radius of hydrogen atom(in m)=   
 
    5.308D-11  
 
 
 
 Orbital frequency of electron(in Hz)=   
 
    6.541D+15  
 
grepthis#Material_Science_S._L._Kakani_And_A._Kakani_1085/CH2/EX2.3/ex2_3.sce #
 
 
 
 
 
 
 
 
 
 
 
 
 radius of the second bohr orbit in a singly ionized helium atom(in A)=   
 
    1.058  
 
grepthis#Material_Science_S._L._Kakani_And_A._Kakani_1085/CH2/EX2.4/ex2_4.sce #
 
 
 
 
 
 
 
 
 
 
 
 
 
 
 
 
 ratio of energy released =   
 
    1.1851852  
 
grepthis#Material_Science_S._L._Kakani_And_A._Kakani_1085/CH2/EX2.5/ex2_5.sce #
 
 
 
 
 
 
 
 
 
 
 
 
 revolutions per second of an electron in the bohr orbit of hydrogen atom=   
 
    7.516D+15  
 
grepthis#Material_Science_S._L._Kakani_And_A._Kakani_1085/CH2/EX2.6/ex2_6.sce #
 
 
 
 
 
 
 
 
 
 
 
 
 orbital frequency of an electron in the first bohr orbit in a hydrogen atom(in 
       Hz)=                                                                     
 
    6.532D+15  
 
grepthis#Material_Science_S._L._Kakani_And_A._Kakani_1085/CH2/EX2.7/ex2_7.sce #
 
 
 
 
 
 
 
 
 
 
 
 
 
 
 
 Total energy(in eV)=   
 
  - 13.6  
 
 
 kinetic energy(in eV)=   
 
    13.576672  
 
 
 potential energy(in eV)=   
 
  - 27.176672  
 
grepthis#Material_Science_S._L._Kakani_And_A._Kakani_1085/CH2/EX2.8/ex2_8.sce #
 
 
 
 
 
 
 
 
 
 
 
 velocity of electron in hydrogen atom in bohr first orbit(in meter/sec)=   
 
    2188990.2  
 
grepthis#Material_Science_S._L._Kakani_And_A._Kakani_1085/CH2/EX2.9/ex2_9.sce #
 
 
 
 
 
 
 
 
 
 
 
 K  =
 
    2.187D-18  
 
 
 
 
 
 
 
 principal quntum number when 10.2 eV energy excites electron=   
 
    2.  
 
 
 
 wavelength of radiation when 10.2 eV energy excites electron(in A)=   
 
    1216.9118  
 
 
 
 
 
 principal quntum number when 12.09 eV energy excites electron=   
 
    3.  
 
 
 wavelength of radiation when 12.09 eV energy excites electron(in A)=   
 
    1026.6749  
 
grepthis#Material_Science_S._L._Kakani_And_A._Kakani_1085/CH2/EX2.13/ex2_13.sce #
 
 
 
 
 
 
 
 
 
 weight of one atom(in gm)=   
 
    1.055D-22  
 
 
 weight of one proton(in gm)=   
 
    1.675D-24  
 
grepthis#Material_Science_S._L._Kakani_And_A._Kakani_1085/CH2/EX2.15/ex2_15.sce #
 
 
 
 
 
 
 
 
 
 
 
 percentage of Si in Copper silicide(Cu_5_Si)=   
 
    8.1234275  
 
grepthis#Material_Science_S._L._Kakani_And_A._Kakani_1085/CH3/EX3.10/ex3_10.sce #
 
 
 
 
 
 
 
 
 
 
 
 
 
 angle Between normals to the planes (111) and (121)(in degrees)=   
 
    19.471221  
 
grepthis#Material_Science_S._L._Kakani_And_A._Kakani_1085/CH3/EX3.11/ex3_11.sce #
 
 
 
 
 
 
 
 
 
 
 
 
 
 
 
 
 
 
 
 Packing efficiency of sodium chloride(in %)=   
 
    66.28824  
 
 
 density of sodium chloride(in Kg/m3)=   
 
    2233.4472  
 
grepthis#Material_Science_S._L._Kakani_And_A._Kakani_1085/CH3/EX3.12/ex3_12.sce #
 
 
 
 
 
 
 
 
 
 
 
 radius(in A)=   
 
    4.0486332  
 
 
 
 Diameter(in A)=   
 
    2.8632484  
 
grepthis#Material_Science_S._L._Kakani_And_A._Kakani_1085/CH3/EX3.13/ex3_13.sce #
 
 
 
 
 
 
 
 
 
 
 
 
 
 
 
 
 
 interplaner distance of (200) plane of nickel crystal(in A)=   
 
    1.7606959  
 
 
 interplaner distance of (111) plane of nickel crystal(in A)=   
 
    2.0330765  
 
grepthis#Material_Science_S._L._Kakani_And_A._Kakani_1085/CH3/EX3.14/ex3_14.sce #
 
 
 
 
 
 
 
 
 
 Number of atoms in the (100) plane of a simple cubic structure(in per mm^2)=   
 
    1.089D+13  
 
 
 Number of atoms in the (110) plane of a simple cubic structure(in per mm^2)=   
 
    7.701D+12  
 
 
 Number of atoms in the (111) plane of a simple cubic structure(in per mm^2)=   
 
    6.317D+12  
 
grepthis#Material_Science_S._L._Kakani_And_A._Kakani_1085/CH3/EX3.15/ex3_15.sce #
 
 
 
 
 
 
 
 
 
 
 the planer density of Ni (in atoms per mm^2)=   
 
    1.613D+13  
 
grepthis#Material_Science_S._L._Kakani_And_A._Kakani_1085/CH3/EX3.16/ex3_16.sce #
 
 
 
 
 
 
 
 
 
 
 
 
 
 
 
 
 Planar density of plane 100(in atoms/mm^2)=   
 
    8.163D+12  
 
 
 Planar density of plane 110(in atoms/mm^2)=   
 
    5.772D+12  
 
 
 Planar density of plane 111(in atoms/mm^2)=   
 
    9.426D+12  
 
grepthis#Material_Science_S._L._Kakani_And_A._Kakani_1085/CH3/EX3.17/ex3_17.sce #
 
 
 
 
 
 
 
 
 
 
 
 
 linear atomic density along (110) of copper crystal lattice(in atoms/mm)=   
 
    3917489.1  
 
 
 linear atomic density along (111) of copper crystal lattice(in atoms/mm)=   
 
    1599308.2  
 
grepthis#Material_Science_S._L._Kakani_And_A._Kakani_1085/CH3/EX3.18/ex3_18.sce #
 
 
 
 
 
 
 
 
 
 
 Value of lattice constant(in A)=   
 
    2.8665817  
 
grepthis#Material_Science_S._L._Kakani_And_A._Kakani_1085/CH3/EX3.19/ex3_19.sce #
 
 
 
 
 
 
 
 
 
 
 Numbers of atoms per unit cell=   
 
    2.  
 
grepthis#Material_Science_S._L._Kakani_And_A._Kakani_1085/CH3/EX3.20/ex3_20.sce #
 
 
 
 
 
 
 
 
 
 line energy of disslocation(in J/m)=   
 
    2.471D-09  
 
grepthis#Material_Science_S._L._Kakani_And_A._Kakani_1085/CH3/EX3.22/ex3_22.sce #
 
 
 
 
 
 
 
 
 
 
 
 
 number of vacancies created during heating(in per m^3)=   
 
    6.543D+23  
 
grepthis#Material_Science_S._L._Kakani_And_A._Kakani_1085/CH3/EX3.23/ex3_23.sce #
 
 
 
 
 
 
 
 
 
 
 
 
 E_b   
 
    1.405D-19  
 
 
 
 
 Surface energy (enthalpy) of copper(in J/m^2)=   
 
    2.4861697  
 
grepthis#Material_Science_S._L._Kakani_And_A._Kakani_1085/CH3/EX3.24/ex3_24.sce #
 
 
 
 
 
 
 
 
 
 
 equilibrium concentration of vacancies in aluminium at 300 K=   
 
    1.445D-12  
 
grepthis#Material_Science_S._L._Kakani_And_A._Kakani_1085/CH3/EX3.25/ex3_25.sce #
 
 
 
 
 
 
 
 
 
 the interplanar spacing between atomic plane(in A)=   
 
    2.2194317  
 
grepthis#Material_Science_S._L._Kakani_And_A._Kakani_1085/CH3/EX3.26/ex3_26.sce #
 
 
 
 
 
 
 
 
 
 
 
 
 
 
 Size of unit cell(in Angstrom)=   
 
    3.5141376  
 
grepthis#Material_Science_S._L._Kakani_And_A._Kakani_1085/CH3/EX3.27/ex3_27.sce #
 
 
 
 
 
 
 
 
 
 
 
 
 
 
 Bragg angle(in degree)=   
 
    7.5271187  
 
grepthis#Material_Science_S._L._Kakani_And_A._Kakani_1085/CH3/EX3.28/ex3_28.sce #
 
 
 
 
 
 
 
 
 
 bragg reflection index for BCC crystal=   
 
    1.5337662  
 
grepthis#Material_Science_S._L._Kakani_And_A._Kakani_1085/CH3/EX3.29/ex3_29.sce #
 
 
 
 
 
 
 
 
 
 
 3rd order reflection angle=   
 
    31.39563  
 
grepthis#Material_Science_S._L._Kakani_And_A._Kakani_1085/CH3/EX3.30/ex3_30.sce #
 
 
 
 
 
 
 
 
 
 
 
 interplanar spacing of reflection plane   
 
    2.2194317  
 
 
 miller indices of the reflection plane   
 
    2.  
 
 
    11.  
 
    110.  
 
    101.  
 
grepthis#Material_Science_S._L._Kakani_And_A._Kakani_1085/CH3/EX3.31/ex3_31.sce #
 
 
 
 
 
 
 
 
 
 
 
 
 
 
 interatomic spacing(in angstrom)=   
 
    3.4641016  
 
grepthis#Material_Science_S._L._Kakani_And_A._Kakani_1085/CH4/EX4.1/ex4_1.sce #
 
 
 
 
 r_o  =
 
    2.8  
 
 
 
 
 U_o  =
 
    1.280D-18  
 
 
 
 
 
 
 proportionality constant for attraction (in J-m2)=   
 
    1.254D-37  
 
 
 proportionality constant for repulsion (in J-m2)=   
 
    9.47D-115  
 
 
 interatomic distance at which the dissociation occurs (in m)=   
 
    3.294D-10  
 
 
 the force required to dissociate the molecule (in N)=   
 
  - 5.106D-09  
 
grepthis#Material_Science_S._L._Kakani_And_A._Kakani_1085/CH4/EX4.2/ex4_2.sce #
 
 
 
 
 
 
 
 
 
 
 
 
 
 repulsive exponent n=   
 
    8.5734307  
 
grepthis#Material_Science_S._L._Kakani_And_A._Kakani_1085/CH4/EX4.3/ex4_3.sce #
 
 
 
 
 
 
 
 
 
 
 
 
 
 
 
 Ionic Radius of Cl- ion (in Angstrom)=   
 
    1.8096527  
 
grepthis#Material_Science_S._L._Kakani_And_A._Kakani_1085/CH4/EX4.4/ex4_4.sce #
 
 
 
 
 
 
 
 
 
 
 
 
 
 
 
 force of attraction between ions(in Newton)=   
 
    1.484D-08  
 
grepthis#Material_Science_S._L._Kakani_And_A._Kakani_1085/CH4/EX4.5/ex4_5.sce #
 
 
 
 
 
 
 
 
 
 Net spent energy in whole process(in eV)=   
 
    1.12  
 
grepthis#Material_Science_S._L._Kakani_And_A._Kakani_1085/CH4/EX4.6/ex4_6.sce #
 
 
 
 
 
 
 
 
 
 fraction of hydrogen bonds that are broken when ice melts=   
 
    0.1468293  
 
grepthis#Material_Science_S._L._Kakani_And_A._Kakani_1085/CH5/EX5.1/ex5_1.sce #
 
 
 
 
 
 
 
 
 
 
 
 
 
 
 temperature at which there is one per cent probability that a state with an en 
      ergy 0.5 eV above the Fermi energy will be occupied by an electron(in K)= 
 
    1262.  
 
grepthis#Material_Science_S._L._Kakani_And_A._Kakani_1085/CH5/EX5.2/ex5_2.sce #
 
 
 
 
 
 
 
 
 
 
 
 
 
 drift velocity of carriers(in meter/sec)=   
 
    3.9302723  
 
grepthis#Material_Science_S._L._Kakani_And_A._Kakani_1085/CH5/EX5.3/ex5_3.sce #
 
 
 
 
 
 
 
 
 
 
 
 
 
 
 conductivity of copper at 300K(in mho/m)=   
 
    47466174.  
 
grepthis#Material_Science_S._L._Kakani_And_A._Kakani_1085/CH5/EX5.4/ex5_4.sce #
 
 
 
 
 
 
 
 
 
 mobility of condution electron(in m^2/V-s)=   
 
    0.0017582  
 
grepthis#Material_Science_S._L._Kakani_And_A._Kakani_1085/CH5/EX5.5/ex5_5.sce #
 
 
 
 
 
 
 
 
 
 
 
 
 mobility of condution electron(in m^2/V-s)=   
 
    677.08333  
 
 
 drift velocity(in m/sec)=   
 
    677.08333  
 
grepthis#Material_Science_S._L._Kakani_And_A._Kakani_1085/CH5/EX5.6/ex5_6.sce #
 
 
 
 
 
 
 
 
 
 
 
 
 number of free electrons=   
 
    5.861D+22  
 
 
 mobility of electrons(in cm^2/V-s)=   
 
    72.511721  
 
grepthis#Material_Science_S._L._Kakani_And_A._Kakani_1085/CH5/EX5.7/ex5_7.sce #
 
 
 
 
 
 
 
 
 
 
 
 
 maximum velocity of an electron in a metal(in m/s)=   
 
    1149056.  
 
 
 mobility of electrons(in m^2/V-s)=   
 
    0.0017604  
 
grepthis#Material_Science_S._L._Kakani_And_A._Kakani_1085/CH5/EX5.8/ex5_8.sce #
 
 
 
 
 
 
 
 
 
 
 velocity of an electrons at fermi level(in m/sec)   
 
    859874.77  
 
grepthis#Material_Science_S._L._Kakani_And_A._Kakani_1085/CH5/EX5.9/ex5_9.sce #
 
 
 
 
 
 
 
 
 
 
 
 
 Mean free path(in meter)=   
 
    0.0015689  
 
grepthis#Material_Science_S._L._Kakani_And_A._Kakani_1085/CH5/EX5.10/ex5_10.sce #
 
 
 
 
 
 
 
 
 
 
 
 
 
 conductivity of copper(in ohm^-1/m)=   
 
    47466174.  
 
grepthis#Material_Science_S._L._Kakani_And_A._Kakani_1085/CH6/EX6.1/ex6_1.sce #
 
 
 
 
 
 
 
 
 
 
 
 
 
 
 kinetic energy of the ejected electron(in eV)=   
 
    1.4990942  
 
grepthis#Material_Science_S._L._Kakani_And_A._Kakani_1085/CH6/EX6.2/ex6_2.sce #
 
 
 
 
 
 
 
 
 
 
 
 
 threshold frequency(Hz)=   
 
    5.562D+14  
 
 
 Wavelength (in Angstrom)=   
 
    5394.0726  
 
grepthis#Material_Science_S._L._Kakani_And_A._Kakani_1085/CH6/EX6.3/ex6_3.sce #
 
 
 
 
 
 
 
 
 
 
 
 threshold frequency(in Hz)=   
 
    4.412D+14  
 
 
 work function of metal(in joule)=   
 
    2.923D-19  
 
grepthis#Material_Science_S._L._Kakani_And_A._Kakani_1085/CH6/EX6.4/ex6_4.sce #
 
 
 
 
 
 
 
 
 
 
 
 number of photons emitted by lamp per second=   
 
    2.717D+19  
 
grepthis#Material_Science_S._L._Kakani_And_A._Kakani_1085/CH6/EX6.5/ex6_5.sce #
 
 
 
 
 
 
 
 
 
 
 
 
 region of electrons spectrum is less than(in angstrom)   
 
    5524.5536  
 
grepthis#Material_Science_S._L._Kakani_And_A._Kakani_1085/CH6/EX6.6/ex6_6.sce #
 
 
 
 
 
 
 
 
 
 
 
 Number of photons emitted/sec by radio receiver=   
 
    3.431D+31  
 
grepthis#Material_Science_S._L._Kakani_And_A._Kakani_1085/CH6/EX6.7/ex6_7.sce #
 
 
 
 
 
 
 
 
 
 
 
 
 
 
 wavelength of light which can just eject electron from tungsten(in Angstrom)=  
 
    2746.1283  
 
 
 wavelength of light which can just eject electron from barrium(in Angstrom)=   
 
    4965.  
 
grepthis#Material_Science_S._L._Kakani_And_A._Kakani_1085/CH7/EX7.1/ex7_1.sce #
 
 
 
 
 
 
 
 
 
 
 
 
 time required for carburization(in sec)=   
 
    8568.5413  
 
grepthis#Material_Science_S._L._Kakani_And_A._Kakani_1085/CH7/EX7.2/ex7_2.sce #
 
 
 
 
 
 
 
 
 
 
 
 
 ==   
 
    2.5370388  
 
 
 
 time required to get a boron content of 1023 atoms per m3 at a depth of 2 micr 
      o meter(in sec)=                                                          
 
    3844.6751  
 
 
    0.9996667  
 
 
 
 ==   
 
    3844.6751  
 
grepthis#Material_Science_S._L._Kakani_And_A._Kakani_1085/CH7/EX7.3/ex7_3.sce #
 
 
 
 
 
 
 
 
 
 
 
 
 
 
 
 activation energy(in J)=   
 
  - 2.926D-19  
 
 
 
 constant of the equation(in m2/s)=   
 
    0.0002677  
 
 
 
 
 
 diffusion coefficient at 500°C(in m2/s)=   
 
    3.271D-16  
 
grepthis#Material_Science_S._L._Kakani_And_A._Kakani_1085/CH7/EX7.4/ex7_4.sce #
 
 
 
 
 
 
 
 
 
 
 Time at 500*C that will produce the same diffusion as in 600*C(in Hours)=   
 
    110.41667  
 
grepthis#Material_Science_S._L._Kakani_And_A._Kakani_1085/CH8/EX8.1/ex8_1.sce #
 
 
 
 
 
 
 
 
 
 
 fracture strength(in MN/m^2)=   
 
    287.31128  
 
grepthis#Material_Science_S._L._Kakani_And_A._Kakani_1085/CH8/EX8.2/ex8_2.sce #
 
 
 
 
 
 
 
 
 
 
 
 
 
 
 
 engineering stress(in N/mm^2)=   
 
    599.71029  
 
 
 true stress(in N/mm^2)=   
 
    671.71717  
 
 
 engineering strain=   
 
    0.1200694  
 
 
 true strain=   
 
    0.1133907  
 
grepthis#Material_Science_S._L._Kakani_And_A._Kakani_1085/CH8/EX8.3/ex8_3.sce #
 
 
 
 
 
 
 
 
 
 
 fracture strength(in Newton/m^2)=   
 
    1.636D+08  
 
grepthis#Material_Science_S._L._Kakani_And_A._Kakani_1085/CH8/EX8.4/ex8_4.sce #
 
 
 
 
 
 
 
 
 
 resultant elongation(in mm)=   
 
    0.7652727  
 
grepthis#Material_Science_S._L._Kakani_And_A._Kakani_1085/CH8/EX8.5/ex8_5.sce #
 
 
 
 
 
 
 
 
 
 Strain hardening exponent for an alloy=   
 
    0.3968923  
 
grepthis#Material_Science_S._L._Kakani_And_A._Kakani_1085/CH9/EX9.1/ex9_1.sce #
 
 
 
 
 
 
 
 
 
 % Proeutectoid ferrite=   
 
    37.5  
 
 
 % Pearlite ferrite=   
 
    62.5  
 
grepthis#Material_Science_S._L._Kakani_And_A._Kakani_1085/CH9/EX9.2/ex9_2.sce #
 
 
 
 
 
 
 
 
 
 
 
 
 
 
 
 
 Degrees of freedom for 1 phase=   
 
    3.  
 
 
 Degrees of freedom for 2 phases=   
 
    2.  
 
 
 Degrees of freedom for 3 phases=   
 
    1.  
 
 
 Degrees of freedom for 4 phases=   
 
    0.  
 
grepthis#Material_Science_S._L._Kakani_And_A._Kakani_1085/CH9/EX9.3/ex9_3.sce #
 
 
 
 
 
 
 
 
 
 the minimum number of components in the system=   
 
    3.  
 
grepthis#Material_Science_S._L._Kakani_And_A._Kakani_1085/CH10/EX10.1/ex10_1.sce #
 
 
 
 
 
 
 
 
 
 
 
 Average grain diameter(in mm)=   
 
    0.0224506  
 
grepthis#Material_Science_S._L._Kakani_And_A._Kakani_1085/CH11/EX11.1/ex11_1.sce #
 
 
 
 
 
 
 
 
 
 
 
 
 
 
 
 
 
 
 
 
 
 
 Critical resolved shear stress(in MPa)=   
 
    0.8981004  
 
grepthis#Material_Science_S._L._Kakani_And_A._Kakani_1085/CH11/EX11.3/ex11_3.sce #
 
 
 
 
 
 
 
 
 
 
 Yield stress for a polycrystalline alloy(in MN/m^2)   
 
    525.47727  
 
grepthis#Material_Science_S._L._Kakani_And_A._Kakani_1085/CH11/EX11.4/ex11_4.sce #
 
 
 
 
 
 
 
 
 
 
 
 
 
 
 
 
 
 Yield stress for a polycrystalline alloy for grain size ASTM 9(in MN*m^-2)=   
 
    179.  
 
grepthis#Material_Science_S._L._Kakani_And_A._Kakani_1085/CH12/EX12.1/ex12_1.sce #
 
 
 
 
 
 
 
 
 
 the distance at which magnisium anode capable of giving 2MA (in meters)=   
 
    199.  
 
grepthis#Material_Science_S._L._Kakani_And_A._Kakani_1085/CH12/EX12.2/ex12_2.sce #
 
 
 
 
 
 
 
 
 
 
 
 
 magnesium required per square meter of the hull surface for a design life of 1 
      0 years(in Kg/m2)=                                                        
 
    0.5956509  
 
grepthis#Material_Science_S._L._Kakani_And_A._Kakani_1085/CH13/EX13.1/ex13_1.sce #
 
 
 
 
 
 
 
 
 
 
 maximum temperature(in °C) the rod may be heated without exceeding a compress 
      ive stress of 172 MPa=                                                    
 
    106.  
 
grepthis#Material_Science_S._L._Kakani_And_A._Kakani_1085/CH14/EX14.1/ex14_1.sce #
 
 
 
 
 
 
 
 
 
 resistance of an aluminium wire(in Ohm)=   
 
    0.8866667  
 
grepthis#Material_Science_S._L._Kakani_And_A._Kakani_1085/CH14/EX14.2/ex14_2.sce #
 
 
 
 
 
 
 
 
 
 
 
 Resistivity of copper alloy containing one atomic percent Ni and 3 atomic perc 
      ent Ag(in micro-ohm-cm)=                                                  
 
    3.23  
 
grepthis#Material_Science_S._L._Kakani_And_A._Kakani_1085/CH14/EX14.3/ex14_3.sce #
 
 
 
 
 
 
 
 
 resistivity due to impurity scattering per percent of Ni in the Cu lattice(in  
      ohm-meter)=                                                               
 
    1.300D-08  
 
grepthis#Material_Science_S._L._Kakani_And_A._Kakani_1085/CH14/EX14.4/ex14_4.sce #
 
 
 
 
 
 
 
 
 
 
 
 Relative dielectric constant of a barium titanate crystal   
 
    2259.  
 
grepthis#Material_Science_S._L._Kakani_And_A._Kakani_1085/CH14/EX14.5/ex14_5.sce #
 
 
 
 
 
 d_1  =
 
    0.06  
 
 d_2  =
 
    0.08  
 
 d_3  =
 
    0.06  
 
 
 
 
 
 
 
 
 
 
 
 polarization(in C/m^2)=   
 
    0.1604090  
 
 
 ==   
 
    1.024D-29  
 
grepthis#Material_Science_S._L._Kakani_And_A._Kakani_1085/CH14/EX14.6/ex14_6.sce #
 
 
 
 
 V  =
 
    2.364D-29  
 
 N  =
 
    2.  
 
 
 M_Net  =
 
    2.068D-23  
 
 
 
 
 The magnetic moment (in units of U_B)=   
 
    2.2306605  
 
grepthis#Material_Science_S._L._Kakani_And_A._Kakani_1085/CH14/EX14.7/ex14_7.sce #
 
 
 
 
 
 
 
 
 
 
 
 
 
 
 the saturation magnetization=   
 
    507998.35  
 
 
 Saturation flux density=   
 
    0.6386265  
 
grepthis#Material_Science_S._L._Kakani_And_A._Kakani_1085/CH14/EX14.8/ex14_8.sce #
 
 
 
 
 
 
 
 
 
 
 
 the saturation magnetization=   
 
    502440.17  
 
grepthis#Material_Science_S._L._Kakani_And_A._Kakani_1085/CH14/EX14.9/ex14_9.sce #
 
 
 
 
 
 
 
 
 
 
 
 
 The eddy current loss at the normal voltage and frequency(in W)=   
 
    1600.  
 
grepthis#Material_Science_S._L._Kakani_And_A._Kakani_1085/CH15/EX15.1/ex15_1.sce #
 
 
 
 
 U_n  =
 
    1350.  
 
 U_h  =
 
    480.  
 
 Sigma  =
 
    1.072D+10  
 
 
 
 
 
 
 Conductivity of pure silicon crystal(in mho/cm)=   
 
    0.0000031  
 
 
 Resistivity of silicon crystal (in Ohm-m)=   
 
    3185.9147  
 
grepthis#Material_Science_S._L._Kakani_And_A._Kakani_1085/CH15/EX15.2/ex15_2.sce #
 
 
 
 
 
 
 
 
 
 
 resistivity of silicon wafer if all donor atom are active(in ohm-cm)=   
 
    520.83333  
 
grepthis#Material_Science_S._L._Kakani_And_A._Kakani_1085/CH15/EX15.3/ex15_3.sce #
 
 
 
 
 U_n  =
 
    3900.  
 
 U_h  =
 
    1900.  
 
 
 
 
 
 
 
 
 
 
 
 
 
 Resistance of an intrinsic germanium rod (in K-Ohm)=   
 
    4.3103448  
 
grepthis#Material_Science_S._L._Kakani_And_A._Kakani_1085/CH15/EX15.4/ex15_4.sce #
 
 
 
 
 
 
 
 
 
 n_p/n_i=   
 
    0.2272727  
 
grepthis#Material_Science_S._L._Kakani_And_A._Kakani_1085/CH16/EX16.1/ex16_1.sce #
 
 
 
 
 
 
 
 
 
 h  =
 
    6.600D-34  
 
 
 
 
 energy gap (in electron volt)=   
 
    0.0011025  
 
 
 wavelength of a photon (in m)=   
 
    0.0011224  
 
grepthis#Material_Science_S._L._Kakani_And_A._Kakani_1085/CH18/EX18.1/ex18_1.sce #
 
 
 
 
 
 
 
 
 
 
 modulus of elasticity(in Gpa)=   
 
    30.  
 
grepthis#Material_Science_S._L._Kakani_And_A._Kakani_1085/CH18/EX18.2/ex18_2.sce #
 
 
 
 
 
 
 
 
 
 
 modulus of elasticity when the stress is applied perpendicular to the directio 
      n of the fibre alignment(in Gpa)=                                         
 
    5.4864359  
 
