Total number of .sce files(without counting DEPENDENCIES directory): 115

grepthis#Engineering_Physics_S._D._Jain_And_G._G._Sahasrabudhe_2243/CH1/EX1.1/Ex1_1.sce #
 
 
 
 
 
 
 
 
 
 
 
 
 
Percentage Error = 4 percentage. 
 
grepthis#Engineering_Physics_S._D._Jain_And_G._G._Sahasrabudhe_2243/CH1/EX1.2/Ex1_2.sce #
 
 
 
 
 
 
 delta_M  =
 
    0.2  
 
 delta_V  =
 
    0.05  
 
 
 
 
Percentage error = 2.9 percentage. 
 
 
grepthis#Engineering_Physics_S._D._Jain_And_G._G._Sahasrabudhe_2243/CH1/EX1.3/Ex1_3.sce #
 
 
 
 
 lc  =
 
    0.1  
 
 c  =
 
    6.9  
 
 r  =
 
    1.1  
 
 
 
 
 
 
 
 
 
 
(a)Actual Value of c/r ranges between 5.94 - 6.60 and Percentage error =  5.27 percentage.
  
 
 
 
 
 
 
 
 
 
 
(b)Actual Value of c/r ranges between 6.281 - 6.288 and Percentage error = 0.06 percentage.
 
 
 
grepthis#Engineering_Physics_S._D._Jain_And_G._G._Sahasrabudhe_2243/CH1/EX1.4/Ex1_4.sce #
 
 
 
 
 
 
 
 
 
 
 
 
 
(a) It is is 15 percentage lower than the experimental value.

 
 
 
 
 
 gama  =
 
    1.41  
 
 
 
 
 
(b) It is 0.6  percantage  higher than the experimental value.
 
 
 
grepthis#Engineering_Physics_S._D._Jain_And_G._G._Sahasrabudhe_2243/CH2/EX2.3/Ex2_3.sce #
 
 
 
 
 
 
 
 
 
 
 
 
 
 
 Wave parameters from the space profile and time profile
 
 (1)Amplitude is 0.02 m 
 (2)Wavelength  is 6 m 
 (3)Time period is 2 s 
 (4)Frequency is 0.5 Hz 
 (5)Angular Frequency is 3.142 rad/s
 (6)Wave number is 1.047 rad/m 
 (7)Initial phase is 3.142 radians
 
 
 
 
 
 
 (8)The velocity of wave is 3 m/s 
 (9)Intensity is proportional to : 4.0 x 10^-4 m^2. 
 
 
grepthis#Engineering_Physics_S._D._Jain_And_G._G._Sahasrabudhe_2243/CH2/EX2.6/Ex2_6.sce #
 
 
 
 
 
 
 
 
 
 
 
 
For Sound wave : 

 Frequency: 440 Hz 
 Velocity: 340 m/s 
 Wavelegth: 0.773 m
 Wave number : 8.13 m 
 Wave Equation for Sound wave: y =  A*sin((8.13*x)-(2764.602*t)) 

 
For Light wave : 

 Frequency: 5 x 10^14 Hz 
 Velocity: 3 x 10^8 m/s 
 Wavelegth: 6.0 x 10^-7 m
 Wave number : 1.05 x 10^7 m 
 Wave Equation for Sound wave: y =  A*sin((1.05*10^7*x)-(3.1*10^15*t)) 

 
 
grepthis#Engineering_Physics_S._D._Jain_And_G._G._Sahasrabudhe_2243/CH3/EX3.3/Ex3_3.sce #
 
 
 
 
 
 
 
 
 
 
 
 
 
 
 
Cycles : 979 , Wavelength 5890 A 
 
Cycles : 978 , Wavelength 5896 A 
 
 
grepthis#Engineering_Physics_S._D._Jain_And_G._G._Sahasrabudhe_2243/CH3/EX3.4/Ex3_4.sce #
 
 
 
 
 
 
 
 
 
 
 
 
 
 
 
 
 
 
 
 
 
For Orange line of Krypton : 

 Coherence Length : 	 0.3670 m 
 Bandwidth : 		 8.17 x 10^8 Hz 
 Coherence : 		 0.12 x 10^-8 s 
 Degree of Monochromaticity :  1.65 x 10^-6  

 
For Laser Source : 

 Coherence Length : 	 24.47 m 
 Bandwidth : 		 1.23 x 10^7 Hz 
 Coherence : 		 8.16 x 10^-8 s 
 Degree of Monochromaticity :  2.48 x 10^-8  

 
 
grepthis#Engineering_Physics_S._D._Jain_And_G._G._Sahasrabudhe_2243/CH3/EX3.5/Ex3_5.sce #
 
 
 
 
 
 
 
 
 
 
 
 
 
 
 
 
Optical path = 7.9515 mu m
 
Number of waves : 13.5
 
The distance in vaccum for those waves is : 7.9515 mu m  
 
Phase difference = 84.823
 
 
 
grepthis#Engineering_Physics_S._D._Jain_And_G._G._Sahasrabudhe_2243/CH3/EX3.6/Ex3_6.sce #
 
 
 
 
 
 
 
 
 
 
 
 
 
 
 
 
 
 
 
 
 
 
 
 
 
 
 
 
 
 
 
 
 
 
 
 
 
 
 
 
 
 
 
Parameters 			 Air 			 Water 			 Oil 			Glass 

 
Wavelength : 		 5890 A 		 4428.6 A 		 4237.4 A 		 3591.5 A 
 
Velocity : 		 3 x 10^8 m/s 		 2.26 x 10^8m/s 	 2.16 x 10^8 m/s 	 1.83 x 10^8 m/s 
 
Time of travel : 	 33.3 x 10^-10 s	 44.3 x 10^-10 s	 46.3 x 10^-10 s	 54.7 x 10^-10 s 
 
Number of waves: 	 1.7 x 10^6 		 2.3 x 10^6 		 2.4 x 10^6 		 2.8 x10^6 
 
Optical path : 		 100 cm 		 133 cm 		 139 cm 		 164 cm 

 
 The total optical path = 536 cm

 
 
 
 
 
 
grepthis#Engineering_Physics_S._D._Jain_And_G._G._Sahasrabudhe_2243/CH3/EX3.8/Ex3_8.sce #
 
 
 
 
 
 
 
 
 
 
 
The maximum number of fringes observable are :

 
(a) For a krypton source : 605800 

 
(b) For a laser source : 40386666 

 
 
 
 
grepthis#Engineering_Physics_S._D._Jain_And_G._G._Sahasrabudhe_2243/CH3/EX3.9/Ex3_9.sce #
 
 
 
 
 
 
 
 
 t_max : 6.195 x 10^5 A 

 
 
 
 
 
grepthis#Engineering_Physics_S._D._Jain_And_G._G._Sahasrabudhe_2243/CH3/EX3.10/Ex3_10.sce #
 
 
 
 
 
 
 
 
 
 
Wedge angle = 0.003 rad 
 
 
grepthis#Engineering_Physics_S._D._Jain_And_G._G._Sahasrabudhe_2243/CH3/EX3.13/Ex3_13.sce #
 
 
 
 
 
 
 
 
 
 
 
 
 
 
 
 
 
 
 
 
 
 
 
 
 
 (a)For Sound waves : 18.76 m 
 
 (b)For Ultrasonic waves : 2.50 m 
 
 (c)For Microwaves  : 0.73 m 
 
 (d)For IR waves : 250.1 mu m 
 
 (e)For Light waves : 14.73 mu m 
 
 
 
 
 
 
grepthis#Engineering_Physics_S._D._Jain_And_G._G._Sahasrabudhe_2243/CH3/EX3.14/Ex3_14.sce #
 
 
 
 
 
 
 
 
 
 
 
Maximum Intensity 

 
---> theta = 0 degrees
---> theta = 30 degrees
---> theta = 90 degrees
 
 
 
 
Minimum Intensity 

 
--> theta = 14.5 degrees
 
 
 
 
 
grepthis#Engineering_Physics_S._D._Jain_And_G._G._Sahasrabudhe_2243/CH3/EX3.15/Ex3_15.sce #
 
 
 
 
 
 
 
 
 
 
 
 
 
The linear expansivity of the metal of the cylinder using Newtons rings apparatus is : 7.9 x 10^-6/K  
 
grepthis#Engineering_Physics_S._D._Jain_And_G._G._Sahasrabudhe_2243/CH3/EX3.16/Ex3_16.sce #
 
 
 
 
 
 
 
 
 Wavelength : 6.5 x 10^-4 mm  
 
grepthis#Engineering_Physics_S._D._Jain_And_G._G._Sahasrabudhe_2243/CH3/EX3.17/Ex3_17.sce #
 
 
 
 
 
 
 
The refractive index of the liquid is 1.211 
 
grepthis#Engineering_Physics_S._D._Jain_And_G._G._Sahasrabudhe_2243/CH3/EX3.18/Ex3_18.sce #
 
 
 
 
 
 
 
 
The minimum thickness = 996.4 A

 
 
 
 
 
 alpha = 3.142 for MgF2 and 3.369 for lucite

 
 For MgF2 : I = (0.000000)*I_0

 
 For lucite : I = (0.052)*I_0

 
For Lucite : (0.052)*I_0 , indicates 5.2 percentage  of the incident light is reflected ,so it is less suitable for coating. 
 
 
 
grepthis#Engineering_Physics_S._D._Jain_And_G._G._Sahasrabudhe_2243/CH4/EX4.4/Ex4_4.sce #
 
 
 
 
 
 
 
 
 
theta = 0.412 degrees .

 
 
When p = 0 
theta = 0.026 degrees . 

When p = 1 
theta = 0.078 degrees . 

When p = 2 
theta = 0.129 degrees . 

When p = 3 
theta = 0.181 degrees . 

When p = 4 
theta = 0.233 degrees . 

When p = 5 
theta = 0.285 degrees . 

When p = 6 
theta = 0.337 degrees . 

When p = 7 
theta = 0.388 degrees . 

When p = 8 
theta = 0.440 degrees . 

 When p >= 8 ,  theta > 0.412 degrees .

Between the first two diffraction minima , 16 interference minima are possible. 
 
grepthis#Engineering_Physics_S._D._Jain_And_G._G._Sahasrabudhe_2243/CH4/EX4.6/Ex4_6.sce #
 
 
 
 
 
 
 
For line D1  and Wavelength 5890 A:

 
 Angles at which first order and second order maxima will be observed are :
 
 
 Order :1 ,20.355 degrees 
 Order :2 ,44.081 degrees 
 
For line D2 and Wavelength 5895.9 A :

 
 Angles at which first order and second order maxima will be observed are :
 
 
Order : 1, 20.376 degrees 
Order : 2, 44.136 degrees 
 
 When n = 3,  sin(theta)= ((n*lambda*10^-8)/a_plus_b)>1 , which falls outside the sine range, hence third order maximum is not visible 
 
grepthis#Engineering_Physics_S._D._Jain_And_G._G._Sahasrabudhe_2243/CH4/EX4.8/Ex4_8.sce #
 
 
 
 
 
 
 
 
 
 
 
 
 
 
 
 
 
 
 
 
 
 
 
 
 
 
 
 
 
 
 
 
 
 
 
 
 
 Number of lines 	Grating element (in A)	 Angle of diffraction(degrees)	 Dispersion (degrees/A) 	 Resolving Power
 
15000 /inch			 16933		 20.36 				 0.37 x 10^-3			 15000
 
15000 /cm			 6667		 62.07 				 1.89 x 10^-3			 15000
 
5906 /cm			 16932		 20.36 				 0.37 x 10^-3			 5906
 
 
 
grepthis#Engineering_Physics_S._D._Jain_And_G._G._Sahasrabudhe_2243/CH4/EX4.9/Ex4_9.sce #
 
 
 
 
 
 
 
 
 
 
 
 
 
 
 
 
 
(a)Wavelength :4680  A 
 Angle of 1st order Diffraction : 28.0 degrees 
 Spacing = 9968.7 A

 
(b)Wavelength :4800  A 
 Angle of 1st order Diffraction : 28.7 degrees 
 Spacing = 9995.3 A

 
(c)Wavelength :5770  A 
 Angle of 1st order Diffraction : 35.5 degrees 
 Spacing = 9936.2 A

 
Mean Spacing = 9966.7 A 
 
grepthis#Engineering_Physics_S._D._Jain_And_G._G._Sahasrabudhe_2243/CH4/EX4.10/Ex4_10.sce #
 
 
 
 
 
 
 
 
 
The first order maximum will be obtained at : 0.0034 degrees .

 
 
 
 
grepthis#Engineering_Physics_S._D._Jain_And_G._G._Sahasrabudhe_2243/CH4/EX4.11/Ex4_11.sce #
 
 
 
 
 
 
 
 
 
 
 
 
 
Maximum value for L should be : 3633.9 mm 
 
grepthis#Engineering_Physics_S._D._Jain_And_G._G._Sahasrabudhe_2243/CH5/EX5.4/Ex5_4.sce #
 
 
 
 
 
 
 
Angle = 36.9 degrees 
 
grepthis#Engineering_Physics_S._D._Jain_And_G._G._Sahasrabudhe_2243/CH5/EX5.5/Ex5_5.sce #
 
 
 
 
 
 
 
 
Critical angle =  69 degrees 
 
 
grepthis#Engineering_Physics_S._D._Jain_And_G._G._Sahasrabudhe_2243/CH5/EX5.6/Ex5_6.sce #
 
 
 
 
 
 
 
 
 
 
 
Minimum thickness :

 
(a)Plane polarised light : 3.27 x 10^-3 cm 

 
(b)Circularly polarised light : 1.64 x 10^-3 cm  
 
 
grepthis#Engineering_Physics_S._D._Jain_And_G._G._Sahasrabudhe_2243/CH5/EX5.7/Ex5_7.sce #
 
 
 
 
 
 
 
 
 
 
 
 
 
 
 
(a)Calcite crystal : 
  Phase difference is 9.541 radians 
 
(a)Quartz crystal : 
  Phase difference is 2.247 radians 
 
 
 
grepthis#Engineering_Physics_S._D._Jain_And_G._G._Sahasrabudhe_2243/CH5/EX5.9/Ex5_9.sce #
 
 
 
 
 
 
 
 
 
Change in theta :0.132 degrees.

 
 
The concentration of 1 mg/cm^3 will be detected by the given urinalysis tube. 
 
grepthis#Engineering_Physics_S._D._Jain_And_G._G._Sahasrabudhe_2243/CH6/EX6.1/Ex6_1.sce #
 
 
 
 
 
 
 
 
 
Energy at First three levels for a 1s simple pendulum :

 
E_1 : 6.625 x 10^-34 J
E_2 : 13.250 x 10^-34 J
E_3 : 19.875 x 10^-34 J
 
 
 
Energy at First three levels  for a hydrogen electron :

 
E_1 : -13.60 J
E_2 : -3.40 J
E_3 : -1.51 J
 
 
 
 
 
 
 
 
 
 
Quantum number n is : 2.98 x 10^28 

 
 
 
 
 
Percentage change in energy ( pendulum ) is 3.356 x 10^-27 

 
 
 
 
 
 
 
 
Percentage change in energy (hydrogen electron) is  75.0 
 
grepthis#Engineering_Physics_S._D._Jain_And_G._G._Sahasrabudhe_2243/CH6/EX6.2/Ex6_2.sce #
 
 
 
 
 
 
 
 
Energy of a photon is 19.8750 x 10^-16 /lambda(in A)  J
 
 
Energy of a photon is 12422/lambda(in A)  eV

 
 
 
 
 
 
 
Hence the range of energies for visible photos is  1.8 eV  to  3.1 eV 
 
grepthis#Engineering_Physics_S._D._Jain_And_G._G._Sahasrabudhe_2243/CH6/EX6.3/Ex6_3.sce #
 
 
 
 
 
 
 
 
 
 
 
 
 
 
 
 It will take 93  days 
 
 
 
grepthis#Engineering_Physics_S._D._Jain_And_G._G._Sahasrabudhe_2243/CH6/EX6.4/Ex6_4.sce #
 
 
 
 
 
 
 
 
 
 
 
Plancks constant h is 6.6 x 10^-34 Js  and Work function phi is 1.76 eV  
 
grepthis#Engineering_Physics_S._D._Jain_And_G._G._Sahasrabudhe_2243/CH6/EX6.5/Ex6_5.sce #
 
 
 
 
 
 
 
 
 
 
 
 
 
 
 
Incident photon wavelength in Compton scattering is 0.11 A 
 
 
 
 
 
grepthis#Engineering_Physics_S._D._Jain_And_G._G._Sahasrabudhe_2243/CH6/EX6.6/Ex6_6.sce #
 
 
 
 
 
 
 
 
 
 
 
 
Percentage change in energy for radiation in microwave range is : 8 x 10^-9 
 
 
 
 
Percentage change in energy for radiation in visible range is : 5 x 10^-4 
 
 
 
 
Percentage change in energy for radiation in X-ray range is : 2.4
 
 
 
 
Percentage change in energy for radiation in Gamma range is : 66.9
 
 
 
grepthis#Engineering_Physics_S._D._Jain_And_G._G._Sahasrabudhe_2243/CH6/EX6.7/Ex6_7.sce #
 
 
 
 
 
 
 
 
 
 
 
 
 
 
 
 
 
 
 
 
 
Photoelectric effect :

 
Electron energy : 3.9 eV 
 Electron momentum  : 1.07 x 10^-24 kg m/s 
 Momentum of incident photon : 3.31 x 10^-27 kg m/s 
 pe/pp : 322 

 
Compton  effect :

 
Electron energy : 568.9 eV 
 Electron momentum  : 1.3 x 10^-23 kg m/s 
 Momentum of incident photon : 6.63 x 10^-24 kg m/s 
 pe/pp : 1.94 

 
 
grepthis#Engineering_Physics_S._D._Jain_And_G._G._Sahasrabudhe_2243/CH6/EX6.8/Ex6_8.sce #
 
 
 
 
 
 
 
 
 
 
 
 
 
 
 
 
 
 
 
 
 
 
 
 
 
 
 
 
 
 
 
Gamma-rays,X-rays : 
  Energy : 1.24 x 10^6 eV 
 Momentum : 6.6 x 10^-22 kg m/s 

 
 UV : 
  Energy : 124.22 eV 
 Momentum : 6.6 x 10^-26 kg m/s

 
 IR : 
  Energy : 0.0124 eV 
 Momentum : 6.6 x 10^-30 kg m/s

 
 Microwave : 
  Energy : 1.24 x 10^-6 eV 
 Momentum : 6.6 x 10^-34 kg m/s

 
 Radio waves : 
  Energy : 1.24 x 10^-8 eV 
 Momentum : 6.6 x 10^-36 kg m/s 
 
 
 
grepthis#Engineering_Physics_S._D._Jain_And_G._G._Sahasrabudhe_2243/CH6/EX6.9/Ex6_9.sce #
 
 
 
 
 
 
 
 
 
Lambda(A) = 12.27/sqrt(V)  
 
grepthis#Engineering_Physics_S._D._Jain_And_G._G._Sahasrabudhe_2243/CH6/EX6.10/Ex6_10.sce #
 
 
 
 
 
 
 
 
 
 
 
 
De Broglie wavelength 

 (a)Rock : 3.31 x 10^-34 m 
 (b)For an electron : 1.74 A 
 
grepthis#Engineering_Physics_S._D._Jain_And_G._G._Sahasrabudhe_2243/CH6/EX6.14/Ex6_14.sce #
 
 
 
 
 
 
 
 
 
 
 
 
 
Uncertainty in  position for a ball : 2.45 x 10^-32 m 
 
 
 
 
 
 
 
 
 
 
Uncertainty in  position for an electron : 243 A 
 
 
grepthis#Engineering_Physics_S._D._Jain_And_G._G._Sahasrabudhe_2243/CH6/EX6.17/Ex6_17.sce #
 
 
 
 
 
 
 
 
(a)Marble 

 
E_1 : 5.5 x 10^-64 J
E_2 : 21.9 x 10^-64 J
E_3 : 49.4 x 10^-64 J
 
 
 
 
 
(b)For an electron 

 
E_1 : 37.6 eV
E_2 : 150.5 eV
E_3 : 338.7 eV
 
 
 
 
 
 
 
 
 
 
 
 
 
 
 
 
 
 
 
grepthis#Engineering_Physics_S._D._Jain_And_G._G._Sahasrabudhe_2243/CH7/EX7.1/Ex7_1.sce #
 
 
 
 
 
 
 
 
 
 
 
 
For hydrogen atom : 
 Radius  = 0.53 A 
 Velocity = 2.2 x 10^6 m/s 
 Energy of an electron = -13.6 eV 
 
grepthis#Engineering_Physics_S._D._Jain_And_G._G._Sahasrabudhe_2243/CH7/EX7.2/Ex7_2.sce #
 
 
 
 
 
 
 
 
 
 
Rydberg constant for hydrogen : 109737.16 cm^-1

 
 
 
 
 
Rydberg Constant is 109677.43 cm^-1 
 
grepthis#Engineering_Physics_S._D._Jain_And_G._G._Sahasrabudhe_2243/CH7/EX7.3/Ex7_3.sce #
 
 
 
 
 
 
 
M/m value is : 1840.4  
 
grepthis#Engineering_Physics_S._D._Jain_And_G._G._Sahasrabudhe_2243/CH7/EX7.4/Ex7_4.sce #
 
 
 
 
 
 
 
 
 
 
Uncertainty in position : 0.53 A 
 
 
grepthis#Engineering_Physics_S._D._Jain_And_G._G._Sahasrabudhe_2243/CH8/EX8.1/Ex8_1.sce #
 
 
 
 
 
 
 
 
 
 
Nu density is 2.3 x 10^17 kg/m^3 
 
Nu density is 7.2 x 10^13 times Atomic density. 
 
 
 
grepthis#Engineering_Physics_S._D._Jain_And_G._G._Sahasrabudhe_2243/CH8/EX8.2/Ex8_2.sce #
 
 
 
 
 
 
 
 
 
Rest mass of a pion is 226 times the rest mass of an electron 
 
 
grepthis#Engineering_Physics_S._D._Jain_And_G._G._Sahasrabudhe_2243/CH8/EX8.3/Ex8_3.sce #
 
 
 
 
 
 
 
 
 
Binding energy : 2.225 MeV 
 
grepthis#Engineering_Physics_S._D._Jain_And_G._G._Sahasrabudhe_2243/CH8/EX8.4/Ex8_4.sce #
 
 
 
 
 
 
 
 
 
Average binding energy per nucleon : 7.074 MeV 
 
grepthis#Engineering_Physics_S._D._Jain_And_G._G._Sahasrabudhe_2243/CH8/EX8.5/Ex8_5.sce #
 
 
 
 
 
 
 
 
 
 
Q value is 4.7  MeV 
 
grepthis#Engineering_Physics_S._D._Jain_And_G._G._Sahasrabudhe_2243/CH8/EX8.7/Ex8_7.sce #
 
 
 
 
 
 
 
 
 
 
Angle of ejection is 90 degrees 
 
grepthis#Engineering_Physics_S._D._Jain_And_G._G._Sahasrabudhe_2243/CH8/EX8.8/Ex8_8.sce #
 
 
 
 
 
 
 
 
 
 
 
 
 
 
 
 
Energy for an electron : 0.6 x 10^-17 x n^2  J 
 
Energy for a nucleon : 3.29 x 10^-11 x n^2  J 
 
grepthis#Engineering_Physics_S._D._Jain_And_G._G._Sahasrabudhe_2243/CH8/EX8.9/Ex8_9.sce #
 
 
 
 
 
 
 
 
 
 
 
 
 
 
Energy released : 2 x 10^10 cal 
 
 2.8 tonnes of Coal
 
 19588 tonnes of TNT
 
 
 
grepthis#Engineering_Physics_S._D._Jain_And_G._G._Sahasrabudhe_2243/CH8/EX8.10/Ex8_10.sce #
 
 
 
 
 
 
 
 
 
 
 
 
 
 
 
 
 2798 tonnes of Coal
 
 Electric power for 30 percent conversion efficiency : 284775.4 kW 
 
 
 
 
grepthis#Engineering_Physics_S._D._Jain_And_G._G._Sahasrabudhe_2243/CH8/EX8.11/Ex8_11.sce #
 
 
 
 
 
 
 
 
 
 
 
 
 
 
 
 
 
The tree died 3354  years ago 
 
 
grepthis#Engineering_Physics_S._D._Jain_And_G._G._Sahasrabudhe_2243/CH8/EX8.12/Ex8_12.sce #
 
 
 
 
 
 
 
 
Original amount : 20 mg 
 
Remaining amount after 48 days : 0.313 mg 
 
grepthis#Engineering_Physics_S._D._Jain_And_G._G._Sahasrabudhe_2243/CH8/EX8.13/Ex8_13.sce #
 
 
 
 
 
 
Equivalent dose is 700  rem 
 
grepthis#Engineering_Physics_S._D._Jain_And_G._G._Sahasrabudhe_2243/CH9/EX9.3/Ex9_3.sce #
 
 
 
 
 
 
 
 
 
 
 
 
 
 
 
Miller indices of the plane are : ( 6 3 2 ) 
 
grepthis#Engineering_Physics_S._D._Jain_And_G._G._Sahasrabudhe_2243/CH9/EX9.7/Ex9_7.sce #
 
 
 
 
 
 
 
 
 
 
 
 
 
 
 Since, r/a = 0.4321  and r = 0.432148*a  Crystal Structure : BCC 
 
 
grepthis#Engineering_Physics_S._D._Jain_And_G._G._Sahasrabudhe_2243/CH9/EX9.8/Ex9_8.sce #
 
 
 
 
 
 
 
 
 
 
 
 
 
 
 
 
 
 Density of silver : 10615.7 kg/m^3 
 
grepthis#Engineering_Physics_S._D._Jain_And_G._G._Sahasrabudhe_2243/CH10/EX10.1/Ex10_1.sce #
 
 
 
 
 
 
 
R : 0.6 x 10^-10 m 
 
grepthis#Engineering_Physics_S._D._Jain_And_G._G._Sahasrabudhe_2243/CH10/EX10.2/Ex10_2.sce #
 
 
 
 
 
 
 
 m  =
 
    9.100D-31  
 
 
 
 
Susceptibility of diamagnetic materials  is -0.44 x 10^-5 
 
 
grepthis#Engineering_Physics_S._D._Jain_And_G._G._Sahasrabudhe_2243/CH10/EX10.3/Ex10_3.sce #
 
 
 
 
 
 
 
 
 
 
 
 
 
Dipole moment = 0.96 debye 
 
 
 
Sum =  1.6 x 10^-39 farad m^2 
 
grepthis#Engineering_Physics_S._D._Jain_And_G._G._Sahasrabudhe_2243/CH10/EX10.4/Ex10_4.sce #
 
 
 
 
 
 
 
 
 
 E = 1.55 x 10^7 V/m 
 
grepthis#Engineering_Physics_S._D._Jain_And_G._G._Sahasrabudhe_2243/CH10/EX10.5/Ex10_5.sce #
 
 
 
 
 
 
 
 
 
 
Susceptibility = 1.30 x 10^-3 
 
 
grepthis#Engineering_Physics_S._D._Jain_And_G._G._Sahasrabudhe_2243/CH10/EX10.6/Ex10_6.sce #
 
 
 
 
 
 
 
 
 
 
 
 
Relative dielectric constant = 3.81  
 
 
 
grepthis#Engineering_Physics_S._D._Jain_And_G._G._Sahasrabudhe_2243/CH10/EX10.7/Ex10_7.sce #
 
 
 
 
 
 
 
 
 
 
 
Power loss = 250 W  
 
 
 
grepthis#Engineering_Physics_S._D._Jain_And_G._G._Sahasrabudhe_2243/CH10/EX10.8/Ex10_8.sce #
 
 
 
 
 
 
 
 
 
U = 21.5 x 10^-25  
 
grepthis#Engineering_Physics_S._D._Jain_And_G._G._Sahasrabudhe_2243/CH10/EX10.9/Ex10_9.sce #
 
 
 
 
 
 
 
 
 
 Saturation Magnetisation = 3.14 x 10^6 A/m 
 
grepthis#Engineering_Physics_S._D._Jain_And_G._G._Sahasrabudhe_2243/CH10/EX10.10/Ex10_10.sce #
 
 
 
 
 
 
 
 
 
 
Percentage = 78.3 
 
grepthis#Engineering_Physics_S._D._Jain_And_G._G._Sahasrabudhe_2243/CH11/EX11.3/Ex11_3.sce #
 
 
 
 
 
Fermi energy : 7.06 eV  
 
grepthis#Engineering_Physics_S._D._Jain_And_G._G._Sahasrabudhe_2243/CH11/EX11.4/Ex11_4.sce #
 
 
 
 
 
 
Fraction of electrons which are excited  are 0.0055  or 0.55 percentage. 
 
grepthis#Engineering_Physics_S._D._Jain_And_G._G._Sahasrabudhe_2243/CH11/EX11.6/Ex11_6.sce #
 
 
 
 
 
 
 
 
 
 
 
 
 
 
Resistivity of Ge 0.446 ohm m 
 
Resistivity of Si 2.315 x 10^3 ohm m 
 
grepthis#Engineering_Physics_S._D._Jain_And_G._G._Sahasrabudhe_2243/CH11/EX11.7/Ex11_7.sce #
 
 
 
 
 
 
 
 
 
 
 
 
 
 For 30 K , n/N  = 7.4 x 10^-61
 
 For 300 K , n/N  = 9.7 x 10^-7
 
 For 1210 K , n/N  = 0.032 
 
 
grepthis#Engineering_Physics_S._D._Jain_And_G._G._Sahasrabudhe_2243/CH11/EX11.8/Ex11_8.sce #
 
 
 
 
 
 
 
 
 
 
For Germanium , n/N = 9.7 x 10^-7
 
For Silicon , n/N = 6.5 x 10^-10
 
For diamond, n/N = 1.7 x 10^-47 
 
grepthis#Engineering_Physics_S._D._Jain_And_G._G._Sahasrabudhe_2243/CH11/EX11.9/Ex11_9.sce #
 
 
 
 
 
 
 
 
Temperature = 0.14 K 
 
grepthis#Engineering_Physics_S._D._Jain_And_G._G._Sahasrabudhe_2243/CH11/EX11.10/Ex11_10.sce #
 
 
 
 
 
 
 
 
 
 
 
 
 
 
 
 
 
 
 
 
 
 
 
 
 
Nd = 2.8 x 10^24 / m^3 
 
Nd_plus = 1.13 x 10^24 / m^3 
 
n = 1.13 x 10^24 / m^3
 
p = 9.6 x 10^6 / m^3 
 
grepthis#Engineering_Physics_S._D._Jain_And_G._G._Sahasrabudhe_2243/CH11/EX11.11/Ex11_11.sce #
 
 
 
 
 
 
 
 
 
 
 
 
 
 
 
 
Major carrier concentration  = 1.0 x 10^21 electrons/m^3 
 
Minor carrier concentration  = 2.25 x 10^11 holes/m^3
 
Resistivity  = 0.046 ohm m 
 
grepthis#Engineering_Physics_S._D._Jain_And_G._G._Sahasrabudhe_2243/CH11/EX11.12/Ex11_12.sce #
 
 
 
 
 
 
 
 
 
 
Thus, sigma_473 is  2389  times  sigma_300 
 
grepthis#Engineering_Physics_S._D._Jain_And_G._G._Sahasrabudhe_2243/CH11/EX11.13/Ex11_13.sce #
 
 
 
 
 
 
 
 
 
 
Wavelength for Ge = 17252.8 A 
 
Wavelength for Si = 11292.7 A 
 
Wavelength for GaAs = 9410.61 A 
 
grepthis#Engineering_Physics_S._D._Jain_And_G._G._Sahasrabudhe_2243/CH11/EX11.14/Ex11_14.sce #
 
 
 
 
 
 
 
 
 
 
 
 
 
 
 
Conductivity increased 26968 times . 
 
 
grepthis#Engineering_Physics_S._D._Jain_And_G._G._Sahasrabudhe_2243/CH12/EX12.1/Ex12_1.sce #
 
 
 
 
 
 
 
 
 
 
 
 
 
 
 
 
V0 = 0.36 V 
 
grepthis#Engineering_Physics_S._D._Jain_And_G._G._Sahasrabudhe_2243/CH12/EX12.2/Ex12_2.sce #
 
 
 
 
 
 
 
(a) np = 47 x np0 
 
 
 
 
(b) np = 1.98 x 10^-17 x np0 
 
 
grepthis#Engineering_Physics_S._D._Jain_And_G._G._Sahasrabudhe_2243/CH12/EX12.3/Ex12_3.sce #
 
 
 
 
 
 
 
 
 I  =
 
    4.5812668  
 
Current = 4.58 muA  
 
grepthis#Engineering_Physics_S._D._Jain_And_G._G._Sahasrabudhe_2243/CH12/EX12.4/Ex12_4.sce #
 
 
 
 
 
 
 
 
 
 
 
 
 
 
 
 
 
 
 
Input volatge = 41 V , Iz = 4 mA
 
Load resistance = 4k ohm , Iz = 4.5 mA 
 
 
grepthis#Engineering_Physics_S._D._Jain_And_G._G._Sahasrabudhe_2243/CH12/EX12.5/Ex12_5.sce #
 
 
 
 
 
 
 
 
 
 
 
Voltage gain = 997.5  
 
grepthis#Engineering_Physics_S._D._Jain_And_G._G._Sahasrabudhe_2243/CH13/EX13.1/Ex13_1.sce #
 
 
 
 
 
 
 
 
 
 
v_x = 4.4 x 10^5 m/s
 
 
 
 
 
x = 7.33 mm
 
 
 
 
 
t = 0.95 x 10^-7 s 
 
 
 
grepthis#Engineering_Physics_S._D._Jain_And_G._G._Sahasrabudhe_2243/CH13/EX13.5/Ex13_5.sce #
 
 
 
 
 
 
 
 
 
 
 
 
 
 
 
z_max = 1.2 mm 
 
T = 1.63 x 10^-8 s  
 
H = 6.7  mm 
 
grepthis#Engineering_Physics_S._D._Jain_And_G._G._Sahasrabudhe_2243/CH13/EX13.7/Ex13_7.sce #
 
 
 
 
 
 
 
 
 
 
 
 
 
 
 
 
B = 0.57 x 10^-3 Wb/m^2 
 
T = 6.28 x 10^-8 s  
 
p = 2.72 m 
 
grepthis#Engineering_Physics_S._D._Jain_And_G._G._Sahasrabudhe_2243/CH13/EX13.9/Ex13_9.sce #
 
 
 
 
 
 
 
T = 3.58 x 10^-11 / B  
 
grepthis#Engineering_Physics_S._D._Jain_And_G._G._Sahasrabudhe_2243/CH13/EX13.11/Ex13_11.sce #
 
 
 
 
 
 
 
 
theta2 = 30 degrees 
 
grepthis#Engineering_Physics_S._D._Jain_And_G._G._Sahasrabudhe_2243/CH13/EX13.12/Ex13_12.sce #
 
 
 
 
 
 
 
 
 
 
 
 
S2-S1 =  8 mm 
 
grepthis#Engineering_Physics_S._D._Jain_And_G._G._Sahasrabudhe_2243/CH13/EX13.13/Ex13_13.sce #
 
 
 
 
 
 
 
 
 
 
 
 
 
 
 
 
 
B = 1.2 Wb/m^2  
 
f = 9.15 MHz  
 
t = 5.47  mu s  
 
grepthis#Engineering_Physics_S._D._Jain_And_G._G._Sahasrabudhe_2243/CH14/EX14.2/Ex14_2.sce #
 
 
 
 
 
 
 
 
 
 
 
 
Ratio =  1.70 x 10^-35 
 
T = 34650 K 
 
 
grepthis#Engineering_Physics_S._D._Jain_And_G._G._Sahasrabudhe_2243/CH14/EX14.3/Ex14_3.sce #
 
 
 
 
 
 
 
 
 
 
 
 
 
Difference = 0.025 A 
 
grepthis#Engineering_Physics_S._D._Jain_And_G._G._Sahasrabudhe_2243/CH14/EX14.5/Ex14_5.sce #
 
 
 
 
 
 
 
 
 
 
 
 
 
Laser source = 1.67 x 10^-10 
 
Ordinary  source = 1.67 x 10^-7 
 
 
 
grepthis#Engineering_Physics_S._D._Jain_And_G._G._Sahasrabudhe_2243/CH14/EX14.6/Ex14_6.sce #
 
 
 
 
 
 
 
 
 
Intensity =  4 x 10^6 kW/cm^2 
 
Intensity of this laser source is 0.6 x 10^6 times the intensity of Sun radiation 
 
 
grepthis#Engineering_Physics_S._D._Jain_And_G._G._Sahasrabudhe_2243/CH14/EX14.7/Ex14_7.sce #
 
 
 
 
 
 
 
 
 
 
 
 
 
 
 
 
 
 Number of Telephone conversations = 3.2 x 10^11 
 
 Number of Television programmes  = 3.2 x 10^7 
 
 
grepthis#Engineering_Physics_S._D._Jain_And_G._G._Sahasrabudhe_2243/CH15/EX15.1/Ex15_1.sce #
 
 
 
 
 
 
 
 
 
With cladding , NA  and Acceptance angle = 0.1225  and 7.035 degrees 
  
Without cladding , NA = 1.1214  
 
grepthis#Engineering_Physics_S._D._Jain_And_G._G._Sahasrabudhe_2243/CH15/EX15.2/Ex15_2.sce #
 
 
 
 
 
 
 
 
 
Ls = 1230.9 mu_m 
 
Reflections per m = 812 
 
grepthis#Engineering_Physics_S._D._Jain_And_G._G._Sahasrabudhe_2243/CH15/EX15.3/Ex15_3.sce #
 
 
 
 
 
 
 
 
 
Limiting diameter = 7.92 mu_m 
 
grepthis#Engineering_Physics_S._D._Jain_And_G._G._Sahasrabudhe_2243/CH15/EX15.4/Ex15_4.sce #
 
 
 
 
 
 
 
 
 
 
 
 
 
 
 
 
Attenuation = 2.6 dB/km 
 
grepthis#Engineering_Physics_S._D._Jain_And_G._G._Sahasrabudhe_2243/CH15/EX15.5/Ex15_5.sce #
 
 
 
 
 
 
 
 
 
 
 
Maximum delay = 16.7 ps 
 
Bandwidth of 2MHz can propogate a distance of 15.0  km  
 
grepthis#Engineering_Physics_S._D._Jain_And_G._G._Sahasrabudhe_2243/CH16/EX16.1/Ex16_1.sce #
 
 
 
 
 
 
 
 
 
 
Ratio = 1.0017  
 
delta_v = 0.6 m/s 
 
grepthis#Engineering_Physics_S._D._Jain_And_G._G._Sahasrabudhe_2243/CH16/EX16.2/Ex16_2.sce #
 
 
 
 
 
 
 
 
 
 
 
 
 
 
 
 
 
Minimum displacement amplitude = 10.85  pm 
 
Maximum displacement amplitude = 11 mu m 
 
grepthis#Engineering_Physics_S._D._Jain_And_G._G._Sahasrabudhe_2243/CH16/EX16.3/Ex16_3.sce #
 
 
 
 
 
 
 
 
 
 
 
 
 
I_max/I_min = 1.0 x 10^12  
 
grepthis#Engineering_Physics_S._D._Jain_And_G._G._Sahasrabudhe_2243/CH16/EX16.4/Ex16_4.sce #
 
 
 
 
 
 
 
 
 
 
 
Hearing Threshold : 1.0 x 10^-12 W/m^2 
 
Speech Activity : 1.0 x 10^-6 W/m^2 
 
Pain Threshold : 1.0 W/m^2 
 
grepthis#Engineering_Physics_S._D._Jain_And_G._G._Sahasrabudhe_2243/CH16/EX16.5/Ex16_5.sce #
 
 
 
 
 
 
 
 
 
 
 
 
 
 
For auditorium : 1.68 s 
 
When people are present 1.39 s 
 
grepthis#Engineering_Physics_S._D._Jain_And_G._G._Sahasrabudhe_2243/CH16/EX16.6/Ex16_6.sce #
 
 
 
 
 
 
 
 
 
 
 
alpha = 0.02  
 
alpha_e = 0.52   
 
grepthis#Engineering_Physics_S._D._Jain_And_G._G._Sahasrabudhe_2243/CH16/EX16.7/Ex16_7.sce #
 
 
 
 
 
 
 
Frequency is 34.3 kHz 
 
grepthis#Engineering_Physics_S._D._Jain_And_G._G._Sahasrabudhe_2243/CH16/EX16.8/Ex16_8.sce #
 
 
 
 
 
 
 
 
 
 
Piezoelectric generator 

 
For  n = 1  , Frequency  = 1.42  MHz
For  n = 2  , Frequency  = 2.84  MHz
For  n = 3  , Frequency  = 4.26  MHz
 
 
Magnetostriction generator

 
For  n = 1  , Frequency  = 48.9  kHz
For  n = 2  , Frequency  = 97.7  kHz
For  n = 3  , Frequency  = 146.6  kHz
 
 
 
grepthis#Engineering_Physics_S._D._Jain_And_G._G._Sahasrabudhe_2243/CH16/EX16.9/Ex16_9.sce #
 
 
 
 
 
 
 
 
 
 
 
Amplified Rock Music : 0.10 W/m^2 
 
Jet plane  : 1.0 x 10^3 W/m^2 
 
Rocket engine : 1.0 x 10^6 W/m^2 
 
grepthis#Engineering_Physics_S._D._Jain_And_G._G._Sahasrabudhe_2243/CH16/EX16.10/Ex16_10.sce #
 
 
 
 
 
 
 
 
Depth = 600 m 
 
