Total number of .sce files(without counting DEPENDENCIES directory): 171

grepthis#Electronic_Measurements_And_Instrumentation_R._K._Rajput_2096/CH1/EX1.10/ex_1_10.sce #
 
 
 
 
 
 
 
 
 
 
 
 
 deflection on the chart in mm   
 
    6.9632  
 
 
grepthis#Electronic_Measurements_And_Instrumentation_R._K._Rajput_2096/CH1/EX1.11/ex_1_11.sce #
 
 
 
 
 
 
 
 smallest change,Sc = (N)   
 
    0.3  
 
 
grepthis#Electronic_Measurements_And_Instrumentation_R._K._Rajput_2096/CH1/EX1.12/ex_1_12.sce #
 
 
 
 
 
 
 
 
 
 
 
 one scale division,O = (v)   
 
    1.  
 
 
 resolution,R = (v)   
 
    0.1  
 
 
grepthis#Electronic_Measurements_And_Instrumentation_R._K._Rajput_2096/CH1/EX1.13/ex_1_13.sce #
 
 
 
 
 
 
 
 
 
 resolution,R(mv) =    
 
    1.  
 
 
grepthis#Electronic_Measurements_And_Instrumentation_R._K._Rajput_2096/CH1/EX1.14/ex_1_14.sce #
 
 
 
 
 
 
 
 
 
 
 
 
 span of pyrometer,S(degree celcius) =    
 
    500.  
 
 
 dead zone,D(degree celcius) =    
 
    0.55  
 
 
grepthis#Electronic_Measurements_And_Instrumentation_R._K._Rajput_2096/CH1/EX1.15.b.ii/ex_1_15_b_ii.sce #
 
 
 
 
 
 
 
 
 
 
 
 
 
 percentage loading error,Le(%) =    
 
    0.04  
 
 
grepthis#Electronic_Measurements_And_Instrumentation_R._K._Rajput_2096/CH1/EX1.15.b.i/ex_1_15_b_i.sce #
 
 
 
 
 
 
 
 
 
 
 
 
 
 percentage loading error,Le(%) =    
 
    24.  
 
 
grepthis#Electronic_Measurements_And_Instrumentation_R._K._Rajput_2096/CH1/EX1.18.a/ex_1_18_a.sce #
 
 
 
 
 
 
 
 
 
 
 
 
 thermometer reading,Io(degree celcius) =    
 
    67.267475  
 
 
grepthis#Electronic_Measurements_And_Instrumentation_R._K._Rajput_2096/CH1/EX1.18.b/ex_1_18_b.sce #
 
 
 
 
 
 
 
 
 
 
 
 
 thermometer reading,Io(degree celcius) =    
 
    78.859041  
 
 
grepthis#Electronic_Measurements_And_Instrumentation_R._K._Rajput_2096/CH1/EX1.19/ex_1_19.sce #
 
 
 
 
 
 
 
 
 
 
 
 thermometer reading,Io(celcius) =    
 
    142.40641  
 
 
grepthis#Electronic_Measurements_And_Instrumentation_R._K._Rajput_2096/CH1/EX1.1.a/ex_1_1_a.sce #
 
 
 
 
 
 
 
 
 static error,Es = (V)   
 
    0.08  
 
 
grepthis#Electronic_Measurements_And_Instrumentation_R._K._Rajput_2096/CH1/EX1.1.b/ex_1_1_b.sce #
 
 
 
 
 
 
 
 
 
 static corection,Cs = (V)   
 
  - 0.08  
 
 
grepthis#Electronic_Measurements_And_Instrumentation_R._K._Rajput_2096/CH1/EX1.20/ex_1_20.sce #
 
 
 
 
 
 
 
 
 
 the time taken,T (second) =    
 
    2.0794415  
 
 
grepthis#Electronic_Measurements_And_Instrumentation_R._K._Rajput_2096/CH1/EX1.21/ex_1_21.sce #
 
 
 
 
 
 
 
 
 
 
 
 
 
 resistance,Rt(ohm) =    
 
    111.73623  
 
 
grepthis#Electronic_Measurements_And_Instrumentation_R._K._Rajput_2096/CH1/EX1.22.a/ex_1_22_a.sce #
 
 
 
 
 
 
 
 
 
 
 
 
 time constant in seconds   
 
    6.1168957  
 
 
grepthis#Electronic_Measurements_And_Instrumentation_R._K._Rajput_2096/CH1/EX1.22.b/ex_1_22_b.sce #
 
 
 
 
 
 
 
 
 
 
 
 
 
 thermometer reading,Io(degree celcius) =    
 
    139.15776  
 
 
grepthis#Electronic_Measurements_And_Instrumentation_R._K._Rajput_2096/CH1/EX1.23/ex_1_23.sce #
 
 
 
 
 
 
 
 
 
 time constant,T(seconds) =    
 
    19.5  
 
 
grepthis#Electronic_Measurements_And_Instrumentation_R._K._Rajput_2096/CH1/EX1.24/ex_1_24.sce #
 
 
 
 
 
 
 
 
 
 
 
 
 
 
 
 actual altitude,A(meter) =    
 
    2460.  
 
 
grepthis#Electronic_Measurements_And_Instrumentation_R._K._Rajput_2096/CH1/EX1.25.a/ex_1_25_a.sce #
 
 
 
 
 
 
 
 
 
 
 ratio of output to input,I =    
 
    0.8467330  
 
 
grepthis#Electronic_Measurements_And_Instrumentation_R._K._Rajput_2096/CH1/EX1.25.b/ex_1_25_b.sce #
 
 
 
 
 
 
 
 
 P  =
 
    0.5609821  
 
 T  =
 
    44.641538  
 
 
 the time lag,T(seconds) =    
 
    44.641538  
 
 
grepthis#Electronic_Measurements_And_Instrumentation_R._K._Rajput_2096/CH1/EX1.26.a/ex_1_26_a.sce #
 
 
 
 
 
 
 
 
 
 
 
 
 
 
 the variation in the indiacated temperature,Io(degree celcius) = ±   
 
    22.147707  
 
 
grepthis#Electronic_Measurements_And_Instrumentation_R._K._Rajput_2096/CH1/EX1.26.b/ex_1_26_b.sce #
 
 
 
 
 
 
 
 
 
 
 
 L  =
 
    18.424333  
 
 
 the lag,L(seconds)=    
 
    18.424333  
 
 
grepthis#Electronic_Measurements_And_Instrumentation_R._K._Rajput_2096/CH1/EX1.27/ex_1_27.sce #
 
 
 
 
 
 
 
 
 I  =
 
    0.96  
 
 
 b  =
 
    1.0416667  
 
 
 
 
 
 maximum time constant,t(sec) =    
 
    0.0000553  
 
 
 time lag at 90 cycles per seconds in seconds   
 
    0.0000552  
 
 
grepthis#Electronic_Measurements_And_Instrumentation_R._K._Rajput_2096/CH1/EX1.28.a/ex_1_28_a.sce #
 
 
 
 
 
 
 
 
 
 
 
 
 
 
 
 
 
 maximum temperature,Tmax(celcius) =    
 
    568.68031  
 
 
 minimum temperature,Tmin(celcius) =    
 
    531.31969  
 
 
 
 
grepthis#Electronic_Measurements_And_Instrumentation_R._K._Rajput_2096/CH1/EX1.28.b/ex_1_28_b.sce #
 
 
 
 
 
 
 
 
 
 
 
 
 
 
 
 the time lag,L(seconds) =    
 
    7.1511268  
 
 
grepthis#Electronic_Measurements_And_Instrumentation_R._K._Rajput_2096/CH1/EX1.29/ex_1_29.sce #
 
 
 
 
 
 
 
 
 
 
 
 
 the phase shift,pi(celcius)   
 
    82.405357  
 
 
 the output expression,Io = 0.0462sin(25t-82.4)   
 
 
grepthis#Electronic_Measurements_And_Instrumentation_R._K._Rajput_2096/CH1/EX1.2/ex_1_2.sce #
 
 
 
 
 
 
 
 
 true value of temperature Vt = (degree celcius)   
 
    92.28  
 
 
grepthis#Electronic_Measurements_And_Instrumentation_R._K._Rajput_2096/CH1/EX1.30.a/ex_1_30_a.sce #
 
 
 
 
 
 
 
 
 
 
 
 
 
 
 
 the maximum indicated temperature,Tmax(celcius) = ±   
 
    6.8209839  
 
 
grepthis#Electronic_Measurements_And_Instrumentation_R._K._Rajput_2096/CH1/EX1.30.b/ex_1_30_b.sce #
 
 
 
 
 
 
 
 
 
 
 
 
 
 the time lag,L(seconds) =    
 
    35.11904  
 
 
grepthis#Electronic_Measurements_And_Instrumentation_R._K._Rajput_2096/CH1/EX1.31/ex_1_31.sce #
 
 
 
 
 
 
 
 
 
  output current equation is  0.857sin(2t-30.96)+0.316sin(10t-71.56)   
 
 
grepthis#Electronic_Measurements_And_Instrumentation_R._K._Rajput_2096/CH1/EX1.32/ex_1_32.sce #
 
 
 
 
 
 
 
 
 
 
 
 
 x  =
 
    0.2  
 
 
 
 
 
 
 
 
 Overall output is 1.956sin(2t-16.7)-0.128sin(8t+%pi-50.19)   
 
 
grepthis#Electronic_Measurements_And_Instrumentation_R._K._Rajput_2096/CH1/EX1.34.b/ex_1_34_b.sce #
 
 
 
 
 
 
 
 
 
 percentage change in mass is   
 
    24.385633  
 
 
grepthis#Electronic_Measurements_And_Instrumentation_R._K._Rajput_2096/CH1/EX1.35.a/ex_1_35.sce #
 
 
 
 
 
 
 
 
 
 
 damping ratio is   
 
    0.2738613  
 
 
 damped natural frequency in rad/s is   
 
    5.2678269  
 
 
 static sensivity is   
 
    1.  
 
 
 time constant in seconds is   
 
    0.1825742  
 
 
grepthis#Electronic_Measurements_And_Instrumentation_R._K._Rajput_2096/CH1/EX1.36/ex_1_36.sce #
 
 
 
 
 
 
 
 
 
 
 
 
 
 natural frequency in rad/s   
 
    2.9519969  
 
 
 damping ratio is   
 
    0.555  
 
 
 damped natural frequency in rad/s is   
 
    2.4556196  
 
 
 time constant in seconds is   
 
    0.3387537  
 
 
grepthis#Electronic_Measurements_And_Instrumentation_R._K._Rajput_2096/CH1/EX1.37/ex_1_37.sce #
 
 
 
 
 
 
 
 
 
 
 
 damping ratio is   
 
    0.56  
 
 
 undamped natural frequency in Hz is   
 
    2.7432077  
 
 
grepthis#Electronic_Measurements_And_Instrumentation_R._K._Rajput_2096/CH1/EX1.38/ex_1_38.sce #
 
 
 
 
 
 
 
 
 
 
 percentage error due to proximity of excitation frequency with the natural fre 
      quency of the system                                                      
 
    49.590627  
 
 
grepthis#Electronic_Measurements_And_Instrumentation_R._K._Rajput_2096/CH1/EX1.39/ex_1_39.sce #
 
 
 
 
 
 
 M2  =
 
    0.88  
 
 
 
 
 
 
 excitation frequency in cps   
 
    723.2  
 
 
 
grepthis#Electronic_Measurements_And_Instrumentation_R._K._Rajput_2096/CH1/EX1.3.a/ex_1_3_a.sce #
 
 
 
 
 
 
 
 
 
 absolute error,Es = (V)   
 
  - 0.05  
 
 
 correction,Cs = (V)   
 
    0.05  
 
 
grepthis#Electronic_Measurements_And_Instrumentation_R._K._Rajput_2096/CH1/EX1.3.b/ex_1_3_b.sce #
 
 
 
 
 
 
 
 
 
 
 
 relative error as a function of true value is -0.0185185 or -1.8518519 %   
 
 
 relative error as a function of full scale deflection is -0.01 or -1 %   
 
 
grepthis#Electronic_Measurements_And_Instrumentation_R._K._Rajput_2096/CH1/EX1.40/ex_1_40.sce #
 
 
 
 
 
 
 
 
 
 
 
 
 output frequency in rad/s   
 
    3.7699112  
 
 
 magnitude of amplitude is   
 
    0.4952315  
 
 
 pahse lag in degree is   
 
    68.988972  
 
 
grepthis#Electronic_Measurements_And_Instrumentation_R._K._Rajput_2096/CH1/EX1.41/ex_1_41.sce #
 
 
 
 
 
 
 
 
 
 
 
 
 
 
 strating range,w1(watt) =    
 
    49.25  
 
 
 last range,w2(watt) =    
 
    50.75  
 
 
grepthis#Electronic_Measurements_And_Instrumentation_R._K._Rajput_2096/CH1/EX1.42/ex_1_42.sce #
 
 
 
 
 
 
 
 
 
 
  peercentage limiting error in percentage in ±   
 
    6.  
 
 
grepthis#Electronic_Measurements_And_Instrumentation_R._K._Rajput_2096/CH1/EX1.43/ex_1_43.sce #
 
 
 
 
 
 
 
 
 
 
 
 
 
 
 magnitude of resultant resistance in ohms   
 
    135.  
 
 
 resultane error in percentage is ±   
 
    5.4  
 
 
  percentage limiting error in percentage is ±   
 
    4.  
 
 
grepthis#Electronic_Measurements_And_Instrumentation_R._K._Rajput_2096/CH1/EX1.44/ex_1_44.sce #
 
 
 
 
 
 
 
  peercentage limiting error in percentage is ±   
 
    2.8  
 
 
grepthis#Electronic_Measurements_And_Instrumentation_R._K._Rajput_2096/CH1/EX1.45/ex_1_45.sce #
 
 
 
 
 
 
 
 
 
 
 
 
 
 
 
 VALUE OF RESISTANCE IN OHMS   
 
    4466.  
 
 
 VALUE OF RESISTANCE IN OHMS   
 
    4334.  
 
 
   limiting error in OHMS is ±   
 
    66.  
 
 
grepthis#Electronic_Measurements_And_Instrumentation_R._K._Rajput_2096/CH1/EX1.46/ex_1_46.sce #
 
 
 
 
 
 
 
 
 
 
 
 
 
 
 
 
 
 
  peercentage limiting error in percentage is ±   
 
    0.2473333  
 
 
 
grepthis#Electronic_Measurements_And_Instrumentation_R._K._Rajput_2096/CH1/EX1.47/ex_1_47.sce #
 
 
 
 
 
 
 
 
 
 
 
 
 lr  =
 
    0.0338931  
 
 
 magnitude of power in watts   
 
    1.9927226  
 
 
   limiting error in watts is ±   
 
    0.0338931  
 
 
grepthis#Electronic_Measurements_And_Instrumentation_R._K._Rajput_2096/CH1/EX1.48.b/ex_1_48_b.sce #
 
 
 
 
 
 
 
 
 true power as a percentage of orignal power   
 
    101.98878  
 
 
grepthis#Electronic_Measurements_And_Instrumentation_R._K._Rajput_2096/CH1/EX1.4.a/ex_1_4_a.sce #
 
 
 
 
 
 
 
 static error,Es = (bar)   
 
    0.6  
 
 
grepthis#Electronic_Measurements_And_Instrumentation_R._K._Rajput_2096/CH1/EX1.4.b/ex_1_4_b.sce #
 
 
 
 
 
 
 
 
 
 static corrction,Cs = (bar)   
 
  - 0.6  
 
 
grepthis#Electronic_Measurements_And_Instrumentation_R._K._Rajput_2096/CH1/EX1.4.c/ex_1_4_c.sce #
 
 
 
 
 
 
 
 
 
 relative error  is 0.0144928 or 1.4492754 %   
 
 
grepthis#Electronic_Measurements_And_Instrumentation_R._K._Rajput_2096/CH1/EX1.50.a/ex_1_50_a.sce #
 
 
 
 
 
 
 
 
 
 
 
 
 
 
 
 
 the arithmetic mean,q(kHz) =    
 
    419.25  
 
 
grepthis#Electronic_Measurements_And_Instrumentation_R._K._Rajput_2096/CH1/EX1.50.b/ex_1_50_b.sce #
 
 
 
 
 
 
 
 
 
 
 
 
 
 
 
 
 
 
 
 
 
 
 
 
 
 the average deviation,d(kHz) =    
 
    5.75  
 
 
grepthis#Electronic_Measurements_And_Instrumentation_R._K._Rajput_2096/CH1/EX1.50.c/ex_1_50_c.sce #
 
 
 
 
 
 
 
 
 
 
 
 
 
 
 
 
 
 
 
 
 
 
 
 
 
 
 the standard deviation(kHz) =    
 
    6.541079  
 
 
grepthis#Electronic_Measurements_And_Instrumentation_R._K._Rajput_2096/CH1/EX1.50.d/ex_1_50_d.sce #
 
 
 
 
 
 
 
 
 
 
 
 
 
 
 
 
 
 
 
 
 
 
 
 
 
 
 
 the variance,V  (kHz)^2 =    
 
    42.785714  
 
 
grepthis#Electronic_Measurements_And_Instrumentation_R._K._Rajput_2096/CH1/EX1.51/ex_1_51.sce #
 
 
 
 
 
 
 
 
 
 
 
 
 
 
 
 
 
 
 
 
 
 
 
 
 
 
 
 
 
 
 
 
 
 
 the arithmetic mean,q(degree celcius) =    
 
    39.87  
 
 
 the standard deviation(degree celcius) =    
 
    0.2213594  
 
 
 probable error of one reading,r1(degree celcius) =    
 
    0.1493069  
 
 
 probable error of mean,rm(degree celcius) =    
 
    0.0497690  
 
 
 range,R(degree celcius) =    
 
    0.8  
 
 
grepthis#Electronic_Measurements_And_Instrumentation_R._K._Rajput_2096/CH1/EX1.52/ex_1_52.sce #
 
 
 
 
 
 
 
 
 
 
 
 
 
 
 
 
 
 
 arithematic mean in degreebcelsius   
 
    200.77  
 
 
 average deviation in degree celsius   
 
    1.096  
 
 
 standard deviation in degree celsius   
 
    1.4822955  
 
 
 variance in degree celsius square   
 
    2.1972  
 
 
 probable error of the one reading degree celsius   
 
    0.9998083  
 
 
 probable error of the mean in degree celsius   
 
    0.0999808  
 
 
 standard deviation of the standard deviation   
 
    0.1048141  
 
 
grepthis#Electronic_Measurements_And_Instrumentation_R._K._Rajput_2096/CH1/EX1.53/ex_1_53.sce #
 
 
 
 
 
 
 
 
 
 standard deviation is   
 
    1.5243902  
 
 
 probablity of an error for 1.2A in percentage is   
 
    56.84  
 
 
 
grepthis#Electronic_Measurements_And_Instrumentation_R._K._Rajput_2096/CH1/EX1.54/ex_1_54.sce #
 
 
 
 
 
 
 
 
 
 
 
 number of readings having deviation of 3.1mm   
 
    16.  
 
 
grepthis#Electronic_Measurements_And_Instrumentation_R._K._Rajput_2096/CH1/EX1.55/ex_1_55.sce #
 
 
 
 
 
 
 
 
 NR  =
 
    4953.  
 
 
 
 total number of rods whose length lie betweem specified limits of 19.5mm and 2 
      0.25mm                                                                    
 
    8953.  
 
 
grepthis#Electronic_Measurements_And_Instrumentation_R._K._Rajput_2096/CH1/EX1.56/ex_1_56.sce #
 
 
 
 
 
 
 
 
 
 
 
 probability of an error ±15 rpm is,=   
 
    0.603  
 
 
 no. of readings lie between 1485 to 1515 r.p.m   
 
    12.  
 
 
grepthis#Electronic_Measurements_And_Instrumentation_R._K._Rajput_2096/CH1/EX1.57/ex_1_57.sce #
 
 
 
 
 
 
 
 
 
 
 standard deviation is   
 
    0.3833333  
 
 
 75% of the depth measurement lie wtih the range of (15±0.0904)cm   
 
 
grepthis#Electronic_Measurements_And_Instrumentation_R._K._Rajput_2096/CH1/EX1.58/ex_1_58.sce #
 
 
 
 
 
 
 
 
 
 
 
 
 
 
 
 
 
 
 precision index in part a   
 
    0.0994369  
 
 
 expected no. of false alarms   
 
    6.  
 
 
 precision index in part b is   
 
    0.1154941  
 
 
grepthis#Electronic_Measurements_And_Instrumentation_R._K._Rajput_2096/CH1/EX1.5.a/ex_1_5_a.sce #
 
 
 
 
 
 
 
 
 
 the percentage error,Pe(%)= ±   
 
    0.3  
 
 
grepthis#Electronic_Measurements_And_Instrumentation_R._K._Rajput_2096/CH1/EX1.5.b/ex_1_5_b.sce #
 
 
 
 
 
 
 
 
 
 the percentage error,Pe(%)= ±   
 
    1.5  
 
 
grepthis#Electronic_Measurements_And_Instrumentation_R._K._Rajput_2096/CH1/EX1.60/ex_1_60.sce #
 
 
 
 
 
 m  =
 
    3.96  
 m  =
 
    3.96   
    14.72  
 m  =
 
    3.96   
    14.72  
    34.32  
 m  =
 
    3.96   
    14.72  
    34.32  
    57.6   
 m  =
 
    3.96   
    14.72  
    34.32  
    57.6   
    91.2   
 m  =
 
    3.96   
    14.72  
    34.32  
    57.6   
    91.2   
    134.   
 
 
 
 
 
 
 
 
 variable a is   
 
    0.6720890  
 
 
 variable b is   
 
    0.5910388  
 
 
 best linear equation is 0.672u+0.591   
 
 x  =
 
  - 0.3992009  
 dx  =
 
    0.1593614  
 x  =
 
  - 0.3992009  
    0.4826484  
 dx  =
 
    0.1593614  
    0.2329495  
 x  =
 
  - 0.3992009  
    0.4826484  
  - 0.1731735  
 dx  =
 
    0.1593614  
    0.2329495  
    0.0299891  
 x  =
 
  - 0.3992009  
    0.4826484  
  - 0.1731735  
    0.2398402  
 dx  =
 
    0.1593614  
    0.2329495  
    0.0299891  
    0.0575233  
 x  =
 
  - 0.3992009  
    0.4826484  
  - 0.1731735  
    0.2398402  
    0.2528539  
 dx  =
 
    0.1593614  
    0.2329495  
    0.0299891  
    0.0575233  
    0.0639351  
 x  =
 
  - 0.3992009  
    0.4826484  
  - 0.1731735  
    0.2398402  
    0.2528539  
  - 0.4029680  
 dx  =
 
    0.1593614  
    0.2329495  
    0.0299891  
    0.0575233  
    0.0639351  
    0.1623832  
 
 
 
 
 
 
 
 standard deviation is ±   
 
    0.3430601  
 
 
 standard deviation in u is ±   
 
    0.5104385  
 
 
 standard deviation in a is ±   
 
    0.0354898  
 
 
 standard deviation in b is ±   
 
    0.3102333  
 
 
grepthis#Electronic_Measurements_And_Instrumentation_R._K._Rajput_2096/CH1/EX1.61/ex_1_61.sce #
 
 
 
 
 
 m  =
 
    23.001  
 m  =
 
    23.001  
    31.003  
 m  =
 
    23.001   
    31.003   
    46.9965  
 m  =
 
    23.001   
    31.003   
    46.9965  
    61.      
 
 
 
 
 
 
 
 
 variable a is   
 
    0.0000457  
 
 
 variable b is   
 
    0.0151877  
 
 
 best linear equation is 45.7*10^-6*f^2+15.18*10^-3*f in mW   
 
 
 
 
grepthis#Electronic_Measurements_And_Instrumentation_R._K._Rajput_2096/CH1/EX1.62/ex_1_62.sce #
 
 
 
 
 
 
 
 
 
 
 
 limiting error,Le(%) =    
 
    1.3333333  
 
 
 standard deviation,Sd(%) =    
 
    0.9428090  
 
 
grepthis#Electronic_Measurements_And_Instrumentation_R._K._Rajput_2096/CH1/EX1.63/ex_1_63.sce #
 
 
 
 
 
 
 
 
 
 
 resistance in series,Rs(ohm) =    
 
    97.5  
 
 
 resistance in parallel,Rsh(ohm) =    
 
    0.0252525  
 
 
grepthis#Electronic_Measurements_And_Instrumentation_R._K._Rajput_2096/CH1/EX1.64/ex_1_64.sce #
 
 
 
 
 
 
 
 
 
 
 shunt resistance,Rsh(ohm) =    
 
    0.0502513  
 
 
 series resistance,Rs(ohm) =    
 
    990.  
 
 
grepthis#Electronic_Measurements_And_Instrumentation_R._K._Rajput_2096/CH1/EX1.65/ex_1_65.sce #
 
 
 
 
 
 
 
 
 
 turning moment,T(N-m) =    
 
    0.000081  
 
 
grepthis#Electronic_Measurements_And_Instrumentation_R._K._Rajput_2096/CH1/EX1.66/ex_1_66.sce #
 
 
 
 
 
 
 
 
 
 
 
 
 
 
 
 
 
 
 
 
 
 
 
 
 
 
 
 
 
 
 the percentage error,Pe1(low) =    
 
    7.1286364  
 
 
 the percentage error,Pe2(low) =    
 
    1.5119526  
 
 
grepthis#Electronic_Measurements_And_Instrumentation_R._K._Rajput_2096/CH1/EX1.67/ex_1_67.sce #
 
 
 
 
 
 
 
 
 
 
 
 
 
 
 
 
 
 percentage error,Pe =    
 
    0.7803385  
 
 
grepthis#Electronic_Measurements_And_Instrumentation_R._K._Rajput_2096/CH1/EX1.68/ex_1_68.sce #
 
 
 
 
 
 
 
 
 
 
 
 
 
 
 
 Vr2  =
 
    14.547582  
 
 
 the voltmeter reading at f1,Vr1(V) =    
 
    14.970479  
 
 
 the volt meter reading at f2, Vr1(V) =    
 
    14.547582  
 
 
grepthis#Electronic_Measurements_And_Instrumentation_R._K._Rajput_2096/CH1/EX1.69/ex_1_69.sce #
 
 
 
 
 
 
 
 
 cos_fi  =
 
    0.7506307  
 
 
 the power factor,cos_fi(lag) =    
 
    0.7506307  
 
 
grepthis#Electronic_Measurements_And_Instrumentation_R._K._Rajput_2096/CH1/EX1.6/ex_1_6.sce #
 
 
 
 
 
 
 
 
 
 
 
 maximum possible error,Me(%) = ±   
 
    2.6  
 
 
 root sqare accuracy,Rs(%) = ±   
 
    1.6911535  
 
 
grepthis#Electronic_Measurements_And_Instrumentation_R._K._Rajput_2096/CH1/EX1.70/ex_1_70.sce #
 
 
 
 
 
 
 
 
 
 
 
 
 
 true power,P(k-watt) =    
 
    8.1  
 
 
 the power factor,cos_fi(lag) =    
 
    0.2244913  
 
 
 the line current,IL(A) =    
 
    47.344788  
 
 
grepthis#Electronic_Measurements_And_Instrumentation_R._K._Rajput_2096/CH1/EX1.71/ex_1_71.sce #
 
 
 
 
 
 
 
 
 
 
 
 
 
 reading in kW   
 
    22.12  
 
 
 reading in kW   
 
    2.88  
 
 
grepthis#Electronic_Measurements_And_Instrumentation_R._K._Rajput_2096/CH1/EX1.72/ex_1_72.sce #
 
 
 
 
 
 
 
 
 
 
 
 
 
 
 percentage error is (fast)   
 
    0.3344482  
 
 
grepthis#Electronic_Measurements_And_Instrumentation_R._K._Rajput_2096/CH1/EX1.73/ex_1_73.sce #
 
 
 
 
 
 
 
 
 
 
 
 
 
 percentage error is (slow),(%)=   
 
    1.04521  
 
 
 
grepthis#Electronic_Measurements_And_Instrumentation_R._K._Rajput_2096/CH1/EX1.74/ex_1_74.sce #
 
 
 
 
 
 
 
 
 power in watts is   
 
    800.  
 
 
grepthis#Electronic_Measurements_And_Instrumentation_R._K._Rajput_2096/CH1/EX1.75/ex_1_75.sce #
 
 
 
 
 
 
 
 
 
 
 
 
 
 percentage error is   
 
    6.6666667  
 
 
 
grepthis#Electronic_Measurements_And_Instrumentation_R._K._Rajput_2096/CH1/EX1.7/ex_1_7.sce #
 
 
 
 
 
 
 
 
 
 
 
 
 maximum static error,Se(bar)= ±   
 
    0.11  
 
 
grepthis#Electronic_Measurements_And_Instrumentation_R._K._Rajput_2096/CH1/EX1.8/ex_1_8.sce #
 
 
 
 
 
 
 
 
 sensitivity,S = (mm/pa)   
 
    7.8539816  
 
 
 
 
grepthis#Electronic_Measurements_And_Instrumentation_R._K._Rajput_2096/CH1/EX1.9.a/ex_1_9_a.sce #
 
 
 
 
 
 
 
 sensitivity,S = (mm/ohm)   
 
    0.4  
 
 
 
grepthis#Electronic_Measurements_And_Instrumentation_R._K._Rajput_2096/CH1/EX1.9.b/ex_1_9_b.sce #
 
 
 
 
 
 
 
 deflection factor = (ohm/mm)   
 
    2.5  
 
 
grepthis#Electronic_Measurements_And_Instrumentation_R._K._Rajput_2096/CH2/EX2.11/ex_2_11.sce #
 
 
 
 
 
 
 
 
 
 
 the possible angles,pi(degree) 30 or 330 =    
 
 
grepthis#Electronic_Measurements_And_Instrumentation_R._K._Rajput_2096/CH2/EX2.12/ex_2_12.sce #
 
 
 
 
 
 
 
 
 
 
 
 the unknown resistance,Rx(killo-ohm) =    
 
    120.  
 
 
grepthis#Electronic_Measurements_And_Instrumentation_R._K._Rajput_2096/CH2/EX2.13/ex_2_13.sce #
 
 
 
 
 
 
 
 
 
 
 
 
 
 
 
 
 the unknown resistance,Rx(micro-ohm) =    
 
    49.976533  
 
 
grepthis#Electronic_Measurements_And_Instrumentation_R._K._Rajput_2096/CH2/EX2.14/EX_2_14.sce #
 
 
 
 Z1  =
 
    50.  
 
 Za  =
 
    80.  
 
 Z2  =
 
    125.  
 
 Z3  =
 
    200.  
 
 Zc  =
 
    30.  
 
 Z4  =
 
    500.  
 
 
 magnitude of Z4 arm(in ohm)=   
 
    500.  
 
 Zd  =
 
  - 50.  
 
 
 phase angle of Z4 arm(in degree)=   
 
  - 50.  
 
 
grepthis#Electronic_Measurements_And_Instrumentation_R._K._Rajput_2096/CH2/EX2.15/EX_2_15.sce #
 
 
 
 
 
 
 
 
 
 
 
 
 
 
 
 
 
 
 
 resistance in arm CD in ohms   
 
    133.33333  
 
 
 capacitance in micro farads   
 
    1.5889692  
 
 
grepthis#Electronic_Measurements_And_Instrumentation_R._K._Rajput_2096/CH2/EX2.16/EX_2_16.sce #
 
 
 
 
 
 
 
 
 
 
 
 
 
 
 
 
 
 resistance in arm CD in ohms   
 
    140.  
 
 
 capacitance in arm CD in micro farads   
 
    0.0115  
 
 
grepthis#Electronic_Measurements_And_Instrumentation_R._K._Rajput_2096/CH2/EX2.17/EX_2_17.sce #
 
 
 
 
 
 
 
 
 
 
 unknown resistance in killo ohms   
 
    0.5319149  
 
 
 inductance in henry   
 
    1.5  
 
 
grepthis#Electronic_Measurements_And_Instrumentation_R._K._Rajput_2096/CH2/EX2.18/EX_2_18.sce #
 
 
 
 
 
 
 
 
 
 
 
 
 unknown resistance in killo ohms   
 
    4.3172188  
 
 
 inductance in henry   
 
    0.2961055  
 
 
 
grepthis#Electronic_Measurements_And_Instrumentation_R._K._Rajput_2096/CH2/EX2.19/EX_2_19.sce #
 
 
 
 
 
 
 
 
 
 
 
 
 unknown resistance in killo ohms   
 
    3.  
 
 
 unknown capacitance in micro farads   
 
    0.2  
 
 
 dissipation factor is   
 
    3.7699112  
 
 
grepthis#Electronic_Measurements_And_Instrumentation_R._K._Rajput_2096/CH2/EX2.1/ex_2_1.sce #
 
 
 
 
 
 
 
 
 
 
 
 
 
 
 
 the ammeter current,i(mA) =    
 
    2.43309  
 
 
grepthis#Electronic_Measurements_And_Instrumentation_R._K._Rajput_2096/CH2/EX2.20/EX_2_20.sce #
 
 
 
 
 
 
 
 
 
 
 
 unknown resistance in killo ohms   
 
    11.200393  
 
 
 CAPACITANCE IN PICO FARAD IS   
 
    42.067602  
 
 
 
grepthis#Electronic_Measurements_And_Instrumentation_R._K._Rajput_2096/CH2/EX2.21/EX_2_21.sce #
 
 
 
 
 
 
 
 
 
 resistance in ohms   
 
    26.82  
 
 
 inductance in mH   
 
    52.6  
 
 
grepthis#Electronic_Measurements_And_Instrumentation_R._K._Rajput_2096/CH2/EX2.22/EX_2_22.sce #
 
 
 
 
 
 
 
 
 
 
 
 
 
 
 
 
 unknown resistance in ohms   
 
    34.31147  
 
 
 unknow capacitance in mH   
 
    29.  
 
 
grepthis#Electronic_Measurements_And_Instrumentation_R._K._Rajput_2096/CH2/EX2.23/EX_2_23.sce #
 
 
 
 
 
 
 
 
 
 
 
 
 
 
 
 
 
 unknown resistance in ohms   
 
    373.34852  
 
 
 unknown capacitance in micro farads   
 
    0.1818182  
 
 
grepthis#Electronic_Measurements_And_Instrumentation_R._K._Rajput_2096/CH2/EX2.24/EX_2_24.sce #
 
 
 
 
 
 
 
 
 
 
 
 
 
 
 
 
 unknown resistance in ohms   
 
    167.  
 
 
 unknow capacitance in Henry   
 
    0.1  
 
 
grepthis#Electronic_Measurements_And_Instrumentation_R._K._Rajput_2096/CH2/EX2.25/EX_2_25.sce #
 
 
 
 
 
 
 
 
 
 
 
 
 
 
 
 
 capacitance in pico farad    
 
    124.9661  
 
 
 power factor is   
 
    0.055  
 
 
 realtive permittivity is   
 
    6.2397953  
 
 
grepthis#Electronic_Measurements_And_Instrumentation_R._K._Rajput_2096/CH2/EX2.26/ex_2_26.sce #
 
 
 
 
 
 
 
 
 
 the self capacitance,Cd(pico-farad) =    
 
    20.  
 
 
grepthis#Electronic_Measurements_And_Instrumentation_R._K._Rajput_2096/CH2/EX2.27/ex_2_27.sce #
 
 
 
 
 
 
 
 
 
 
 
 
 the self capacitance,Cd(pico-farad) =    
 
    18.571429  
 
 
grepthis#Electronic_Measurements_And_Instrumentation_R._K._Rajput_2096/CH2/EX2.28/ex_2_28.sce #
 
 
 
 
 
 
 
 
 
 
 
 
 
 
 the resistive,Rx(ohm) =    
 
    48.178999  
 
 
 the reactive component,Xx(ohm) =    
 
    492.73976  
 
 
grepthis#Electronic_Measurements_And_Instrumentation_R._K._Rajput_2096/CH2/EX2.29/ex_2_29.sce #
 
 
 
 
 
 
 
 
 
 
 
 
 
 
 the percentage error,Pe(%) =    
 
    0.4975124  
 
 
grepthis#Electronic_Measurements_And_Instrumentation_R._K._Rajput_2096/CH2/EX2.2/ex_2_2.sce #
 
 
 
 
 
 
 
 
 
 
 
 
 
 
 
 the percentage error,Pe(%) =    
 
  - 3.8711802  
 
 
 
grepthis#Electronic_Measurements_And_Instrumentation_R._K._Rajput_2096/CH2/EX2.30/ex_2_30.sce #
 
 
 
 
 
 
 
 
 Cd  =
 
    9.8901099  
 
 
 the self capacitance,Cd(pico-farad) =    
 
    9.8901099  
 
 
grepthis#Electronic_Measurements_And_Instrumentation_R._K._Rajput_2096/CH2/EX2.31/ex_2_31.sce #
 
 
 
 
 
 
 
 
 
 
 
 
 
 
 inductance,L(micro-H) =    
 
    719.61068  
 
 
 resistance,R(ohm) =    
 
    16.441626  
 
 
grepthis#Electronic_Measurements_And_Instrumentation_R._K._Rajput_2096/CH2/EX2.32/ex_2_32.sce #
 
 
 
 
 
 
 
 
 
 
 
 inductance,L(micro henry) =    
 
    7.329368  
 
 
 capacitance in pF is   
 
    858.  
 
 
grepthis#Electronic_Measurements_And_Instrumentation_R._K._Rajput_2096/CH2/EX2.33/ex_2_33.sce #
 
 
 
 
 
 
 
 
 
 
 
 
 
 
 
 inductance in MH   
 
    35.980534  
 
 
 unknown resistance in ohms   
 
    17.322882  
 
 
 
 
grepthis#Electronic_Measurements_And_Instrumentation_R._K._Rajput_2096/CH2/EX2.34/ex_2_34.sce #
 
 
 
 
 
 
 
 
 
 
 
 
 
 
 Q factor,Q =    
 
    100.  
 
 
 resistance,R(ohm) =    
 
    8.28932  
 
 
grepthis#Electronic_Measurements_And_Instrumentation_R._K._Rajput_2096/CH2/EX2.35/EX_2_35.sce #
 
 
 
 
 
 
 
 
 
 
 
 capacitance in pico farad   
 
    13.333333  
 
 
 inductance in micro henry   
 
    292.96875  
 
 
grepthis#Electronic_Measurements_And_Instrumentation_R._K._Rajput_2096/CH2/EX2.3/ex_2_3.sce #
 
 
 
 
 
 
 
 
 
 
 the percentage error,Pe(%) =    
 
    11.  
 
 
 
grepthis#Electronic_Measurements_And_Instrumentation_R._K._Rajput_2096/CH2/EX2.4/ex_2_4.sce #
 
 
 
 
 
 
 
 
 
 
 
 
 
 
 
 inout voltage,I(V) =    
 
    1.  
 
 
grepthis#Electronic_Measurements_And_Instrumentation_R._K._Rajput_2096/CH2/EX2.5/ex_2_5.sce #
 
 
 
 
 
 
 
 
 
 
 
 
 
 
 deflection voltage,Vd(V) =    
 
    150.  
 
 
 deflection sensitivity,S(mm/V) =    
 
    0.2  
 
 
grepthis#Electronic_Measurements_And_Instrumentation_R._K._Rajput_2096/CH2/EX2.6/ex_2_6.sce #
 
 
 
 
 
 
 
 
 
 
 
 
 
 
 deflection sensitivity,S(mm/V) =    
 
    0.16  
 
 
grepthis#Electronic_Measurements_And_Instrumentation_R._K._Rajput_2096/CH2/EX2.7/ex_2_7.sce #
 
 
 
 
 
 
 
 
 
 
 
 
 
 
 
 the beem speed,v(m/s)   
 
    29653838.  
 
 
 deflection sensitivity,S(mm/V) =    
 
    0.3  
 
 
grepthis#Electronic_Measurements_And_Instrumentation_R._K._Rajput_2096/CH2/EX2.8/ex_2_8.sce #
 
 
 
 
 
 
 
 
 
 
 
 
 
 
 
 the density magnetic field,B(mWb/m^2) =    
 
    1.5831088  
 
 
 
grepthis#Electronic_Measurements_And_Instrumentation_R._K._Rajput_2096/CH2/EX2.9/ex_2_9.sce #
 
 
 
 
 
 
 
 
 
 
 
 
 
 
 
 
 voltage,Vd(V)   
 
    30.194539  
 
 
grepthis#Electronic_Measurements_And_Instrumentation_R._K._Rajput_2096/CH5/EX5.1/ex_5_1.sce #
 
 
 
 
 
 
 
 
 
 frequency,f(k-Hz) =    
 
    4.5  
 
 
grepthis#Electronic_Measurements_And_Instrumentation_R._K._Rajput_2096/CH5/EX5.2/ex_5_2.sce #
 
 
 
 
 
 
 
 
 
 
 
 
 
 
 the possible error,Pe(V) =    
 
    0.015  
 
 
grepthis#Electronic_Measurements_And_Instrumentation_R._K._Rajput_2096/CH5/EX5.3/ex_5_3.sce #
 
 
 
 
 
 
 
 
 resolution,R =    
 
    0.0001  
 
 
grepthis#Electronic_Measurements_And_Instrumentation_R._K._Rajput_2096/CH6/EX6.10/EX_6_10.sce #
 
 
 
 
 
 
 
 
 
 
 
 pf  =
 
    0.42  
 
 
 
 
 
 
 
 
 
 
 
 phase angle in radians at no load   
 
  - 0.0015648  
 
 
 
 burden in VA is   
 
    15.32549  
 
 
grepthis#Electronic_Measurements_And_Instrumentation_R._K._Rajput_2096/CH6/EX6.11/EX_6_11.sce #
 
 
 
 
 
 
 
 
 
 
 
 
 
 
 
 percetage ratio error is   
 
  - 0.7936508  
 
 
 phase error in degree is   
 
  - 0.3437747  
 
 
grepthis#Electronic_Measurements_And_Instrumentation_R._K._Rajput_2096/CH6/EX6.1/EX_6_1.sce #
 
 
 
 
 
 
 
 
 
 
 
 
 
 
 
 
 
 
 
 temp  =
 
    0.5739213  
 
 
 actual transformation ratio is   
 
    240.76678  
 
 
 the phase angle is 4 degree and 34min   
 
 
 maximum flux density in Wb/meter square   
 
    0.0938438  
 
 
grepthis#Electronic_Measurements_And_Instrumentation_R._K._Rajput_2096/CH6/EX6.2/EX_6_2.sce #
 
 
 
 
 
 
 
 
 
 
 
 
 
 
 
 
 
 
 
 
 
 ratio error in percentage is   
 
  - 0.0449798  
 
 
 the phase angle is 3 min and 4 seconds   
 
 
 
grepthis#Electronic_Measurements_And_Instrumentation_R._K._Rajput_2096/CH6/EX6.3/EX_6_3.sce #
 
 
 
 
 
 
 
 
 
 
 
 
 
 
 
 
 
 
 
 maximum flux density in Wb   
 
    0.0001577  
 
 
 ratio error in percentage is   
 
  - 3.8461538  
 
 
grepthis#Electronic_Measurements_And_Instrumentation_R._K._Rajput_2096/CH6/EX6.4/EX_6_4.sce #
 
 
 
 
 
 
 
 
 
 
 
 
 
 
 
 
 
 
 
 
 
 
 
 
 ratio error in percentage is   
 
  - 5.5688643  
 
 
 phase angle in degree is   
 
    2.0085743  
 
 
grepthis#Electronic_Measurements_And_Instrumentation_R._K._Rajput_2096/CH6/EX6.5/EX_6_5.sce #
 
 
 
 
 
 
 
 
 
 
 
 
 
 
 
 
 
 
 
 
 
 
 
 
 
 Nsd  =
 
    282.90132  
 
 
 
 primary current in ampere   
 
    1585.4934  
 
 
 actual transformation ratio   
 
    317.09868  
 
 
 reduction in secondary winding turns   
 
    17.  
 
 
grepthis#Electronic_Measurements_And_Instrumentation_R._K._Rajput_2096/CH6/EX6.6/EX_6_6.sce #
 
 
 
 
 
 
 Knom  =
 
    100.  
 
 
 
 
 
 
 
 
 
 
 
 
 phase angle in degree is   
 
    0.6406046  
 
 
 actual transformation ratio   
 
    101.41065  
 
 
grepthis#Electronic_Measurements_And_Instrumentation_R._K._Rajput_2096/CH6/EX6.7/EX_6_7.sce #
 
 
 
 
 
 
 
 
 
 
 
 
 
 
 
 
 
 
 
 
 
 
 actual ratio when 0.8 p.f. lagging   
 
    201.76  
 
 
 percentage ratio error when 0.8 p.f. lagging   
 
  - 0.8723236  
 
 
 phase angle when 0.8 p.f. lagging in degree    
 
    0.1948057  
 
 
 actual ratio when 0.8 p.f. leading   
 
    199.84  
 
 
 percentage ratio error when 0.8 p.f. leading   
 
    0.0800641  
 
 
 phase angle when 0.8 p.f. leading in degree   
 
    0.5385803  
 
 
grepthis#Electronic_Measurements_And_Instrumentation_R._K._Rajput_2096/CH6/EX6.8/EX_6_8.sce #
 
 
 
 
 
 
 
 
 
 
 
 
 
 
 
 
 
 
 
 
 Knom  =
 
    100.  
 
 
 
 
 
 
 
 current error in percentage is   
 
  - 0.8644619  
 
 
 phase error in degree is   
 
    0.4074367  
 
 
grepthis#Electronic_Measurements_And_Instrumentation_R._K._Rajput_2096/CH6/EX6.9/EX_6_9.sce #
 
 
 
 
 
 
 
 
 
 
 
 
 
 Knom  =
 
    20.  
 
 
 
 
 
 
 
 current error in percentage is   
 
  - 1.1981484  
 
 
 phase error in degree is   
 
    0.6531246  
 
 
 
grepthis#Electronic_Measurements_And_Instrumentation_R._K._Rajput_2096/CH7/EX7.10/ex_7_10.sce #
 
 
 
 
 
 
 
 
 
 
 
 
 
 
 
 
 
 
 
 strain,S =    
 
    0.0138889  
 
 
 charge,Q(pC) =    
 
    900.  
 
 
 capacitance,C(pF) =    
 
    300.  
 
 
grepthis#Electronic_Measurements_And_Instrumentation_R._K._Rajput_2096/CH7/EX7.11/ex_7_11.sce #
 
 
 
 
 
 
 
 
 
 
 
 
 Theta  =
 
    1.0704019  
 
 temp  =
 
    0.0704019  
 
 
 the hall angle is 1 degree and 4min   
 
 
grepthis#Electronic_Measurements_And_Instrumentation_R._K._Rajput_2096/CH7/EX7.12/ex_7_12.sce #
 
 
 
 
 
 
 
 
 
 
 
 
 
 
 voltage between contact,V(V) =    
 
    0.002556  
 
 
grepthis#Electronic_Measurements_And_Instrumentation_R._K._Rajput_2096/CH7/EX7.13/ex_7_13.sce #
 
 
 
 
 
 
 
 
 poissons ratio,mu =     
 
    1.6  
 
 
grepthis#Electronic_Measurements_And_Instrumentation_R._K._Rajput_2096/CH7/EX7.14/ex_7_14.sce #
 
 
 
 
 
 
 
 
 
 
 
 
 
 
 
 
 resistance due to change in stress,dR(m-ohm) =    
 
    48.  
 
 
 resistance due to change of temperature,dR1(m-ohm) =    
 
    48.  
 
 
 
grepthis#Electronic_Measurements_And_Instrumentation_R._K._Rajput_2096/CH7/EX7.15/ex_7_15.sce #
 
 
 
 
 
 
 
 
 
 
 
 
 
 
 
 change in length,L(m) =    
 
    0.0000037  
 
 
 the force,F(kN) =    
 
    2.4378099  
 
 
grepthis#Electronic_Measurements_And_Instrumentation_R._K._Rajput_2096/CH7/EX7.16/ex_7_16.sce #
 
 
 
 
 
 
 
 
 
 
 the strain,e(microstrain) =    
 
    594.49498  
 
 
grepthis#Electronic_Measurements_And_Instrumentation_R._K._Rajput_2096/CH7/EX7.17/ex_7_17.sce #
 
 
 
 
 
 
 
 
 
 
 
 
 
 
 
 the strain,S(microstrain) =    
 
    392.073  
 
 
grepthis#Electronic_Measurements_And_Instrumentation_R._K._Rajput_2096/CH7/EX7.18/ex_7_18.sce #
 
 
 
 
 
 
 
 
 
 
 
 
 longitudinal,a(MN/m^2) =    
 
    70.01287  
 
 
 hoop stress,b(MN/m^2) =    
 
    146.20335  
 
 
grepthis#Electronic_Measurements_And_Instrumentation_R._K._Rajput_2096/CH7/EX7.19/ex_7_19.sce #
 
 
 
 
 
 
 
 
 
 
 
 
 
 
 modulus of elasticity,E(GN/m^2) =    
 
    147.57969  
 
 
 poisson ratio,ey =    
 
    0.2727273  
 
 
grepthis#Electronic_Measurements_And_Instrumentation_R._K._Rajput_2096/CH7/EX7.21/ex_7_21.sce #
 
 
 
 
 
 
 
 
 
 
 
 
 
 
 
 
 
 principle strain (e_max)   
 
    0.0000673  
 
 
 principle strain (e_min)   
 
  - 0.0000193  
 
 
 principle stresses (a_max) in MN/m^2   
 
    13.513545  
 
 
 principle stresses (a_min)in MN/m^2   
 
    0.2007405  
 
 
 maximm shear stress (tau_max) in MN/m^2   
 
    6.6564024  
 
 
 location of the princinple planes (B)  in degree   
 
    16.845034  
 
 
grepthis#Electronic_Measurements_And_Instrumentation_R._K._Rajput_2096/CH7/EX7.22/ex_7_22.sce #
 
 
 
 
 
 
 
 
 
 
 
 
 Si  =
 
    353677.65  
 
 
 
 
 
 
 the sesitivity,S(microvolt/kN) =    
 
    13.793428  
 
 
grepthis#Electronic_Measurements_And_Instrumentation_R._K._Rajput_2096/CH7/EX7.2/ex_7_2.sce #
 
 
 
 
 
 
 
 
 
 
 
 
 
 
 
 
 
 
 displacement in case 1 ,D1(mm) =    
 
    5.75  
 
 
 displacement in case 2,D2(mm) =    
 
    12.8  
 
 
 resolution,R(mm) =    
 
    0.05  
 
 
grepthis#Electronic_Measurements_And_Instrumentation_R._K._Rajput_2096/CH7/EX7.3/ex_7_3.sce #
 
 
 
 
 
 
 
 
 
 
 
 
 resistance R35(ohm) =    
 
    50.  
 
 
grepthis#Electronic_Measurements_And_Instrumentation_R._K._Rajput_2096/CH7/EX7.4/ex_7_4.sce #
 
 
 
 
 
 
 
 
 
 
 
 
 
 
  inductance ,L(mH) =    
 
    2.0408163  
 
 
 inductance,dL(mH) =    
 
    0.0408163  
 
 
 the ratio of displacement to original gap length,D =    
 
    0.02  
 
 
grepthis#Electronic_Measurements_And_Instrumentation_R._K._Rajput_2096/CH7/EX7.5/ex_7_5.sce #
 
 
 
 
 
 
 
 
 
 age linearity,A(%) = ±    
 
    0.25  
 
 
grepthis#Electronic_Measurements_And_Instrumentation_R._K._Rajput_2096/CH7/EX7.6/ex_7_6.sce #
 
 
 
 
 
 
 
 
 
 
 
 
 
 
 
 sensitivity of LVDT,S(mV/mm) =    
 
    3.  
 
 
 resolution,R(mm) =    
 
    0.0066667  
 
 
grepthis#Electronic_Measurements_And_Instrumentation_R._K._Rajput_2096/CH7/EX7.7.a/ex_7_7_a.sce #
 
 
 
 
 
 
 
 
 
 
 
 
 capacitance,C(pF) =    
 
    13.275  
 
 
grepthis#Electronic_Measurements_And_Instrumentation_R._K._Rajput_2096/CH7/EX7.7.b/ex_7_7_b.sce #
 
 
 
 
 
 
 
 
 
 
 
 
 
 
 
 
 
 
 
 capacitance,dC(pF) =    
 
    1.475  
 
 
 ratio of per unit cahnge of capacitance to per unit change of displacement,R = 
                                                                                
 
    1.1111111  
 
 
grepthis#Electronic_Measurements_And_Instrumentation_R._K._Rajput_2096/CH7/EX7.7.c/ex_7_7_c.sce #
 
 
 
 
 
 
 
 
 
 
 
 
 
 
 
 
 
 
 
 
 
 Capacitance ,C(pF)=   
 
    13.882353  
 
 
 capacitance,dC(pF) =    
 
    1.6212967  
 
 
 ratio of per unit cahnge of capacitance to per unit change of displacement,R = 
                                                                                
 
    1.1678832  
 
 
grepthis#Electronic_Measurements_And_Instrumentation_R._K._Rajput_2096/CH7/EX7.8/ex_7_8.sce #
 
 
 
 
 
 
 
 
 
 
 
 
 
 voltage output,E(V) =    
 
    192.5  
 
 
 charge sensitivity,C(pC/N) =    
 
    2.233  
 
 
grepthis#Electronic_Measurements_And_Instrumentation_R._K._Rajput_2096/CH7/EX7.9/ex_7_9.sce #
 
 
 
 
 
 
 
 
 
 
 
 
 force,F(N) =    
 
    43.636364  
 
 
grepthis#Electronic_Measurements_And_Instrumentation_R._K._Rajput_2096/CH8/EX8.1/EX_8_1.sce #
 
 
 
 
 
 
 
 
 
 
 
 total gain in dB   
 
    138.0618  
 
 
grepthis#Electronic_Measurements_And_Instrumentation_R._K._Rajput_2096/CH8/EX8.2/EX_8_2.sce #
 
 
 
 
 
 
 
 
 
 
 power gain in db   
 
    73.856063  
 
 
 resultant power gain in db   
 
    63.856063  
 
 
grepthis#Electronic_Measurements_And_Instrumentation_R._K._Rajput_2096/CH12/EX12.1.b/ex_12_1_b.sce #
 
 
 
 
 
 
 
 
 
 
 
 
 percentange change in resistance,P(%) =    
 
    0.1  
 
 
grepthis#Electronic_Measurements_And_Instrumentation_R._K._Rajput_2096/CH12/EX12.4/ex_12_4.sce #
 
 
 
 
 
 
 
 
 
 
 
 
 
 M  =
 
    1.0327956  
 
 
 
 
 water flow rate,Q(m^3/s) =    
 
    0.0586241  
 
 
grepthis#Electronic_Measurements_And_Instrumentation_R._K._Rajput_2096/CH12/EX12.5/ex_12_5.sce #
 
 
 
 
 
 
 
 
 
 
 
 
 
 
 
 
 rate of flow of oil in m^3/s is   
 
    0.1379573  
 
 
 
grepthis#Electronic_Measurements_And_Instrumentation_R._K._Rajput_2096/CH12/EX12.6/ex_12_6.sce #
 
 
 
 
 
 
 
 
 
 
 
 
 
 
 
 
 
 
 difference in thr pressure head is 4952.0729 N/m^2 or 0.5084551 m of water   
 
 
grepthis#Electronic_Measurements_And_Instrumentation_R._K._Rajput_2096/CH12/EX12.7/ex_12_7.sce #
 
 
 
 
 
 
 
 
 
 
 the flow rate,Q0(m^3/s) =    
 
    0.7422680  
 
 
grepthis#Electronic_Measurements_And_Instrumentation_R._K._Rajput_2096/CH12/EX12.8/ex_12_8.sce #
 
 
 
 
 
 
 
 
 
 
 
 
 
 velocity of sub-marine,V(m/s) 6.9383557 or 24.978081 km/h   
 
 
grepthis#Electronic_Measurements_And_Instrumentation_R._K._Rajput_2096/CH13/EX13.1/ex_13_1.sce #
 
 
 
 
 
 
 
 
 
 
 
 
 
 resistance,R(ohm) =    
 
    500.  
 
 
 inductance,L(H) =    
 
    0.3  
 
 
grepthis#Electronic_Measurements_And_Instrumentation_R._K._Rajput_2096/CH13/EX13.2/ex_13_2.sce #
 
 
 
 
 
 
 
 
 
 
 
 
 
 resistance,R(ohm) =    
 
    500.  
 
 
 inductance,L(H) =    
 
    1.95  
 
 
grepthis#Electronic_Measurements_And_Instrumentation_R._K._Rajput_2096/CH13/EX13.3/ex_13_3.sce #
 
 
 
 
 
 
 
 
 
 
 
 
 
 
 
 
 resistance in ohms is   
 
    80.645161  
 
 
 impedance of the specimen,Z1(ohm) =    
 
    132.24002  
 
 
grepthis#Electronic_Measurements_And_Instrumentation_R._K._Rajput_2096/CH13/EX13.4/ex_13_4.sce #
 
 
 
 
 
 
 
 
 
 
 
 
 
 
 capacitance,C(micro-farad) =    
 
    0.9175  
 
 
 the series resistance,Rs(ohm) =    
 
    1.753406  
 
 
