Total number of .sce files(without counting DEPENDENCIES directory): 160

grepthis#Electrical_Power_Systems_A._Husain_1118/CH1/EX1.1/eg1_1.sce #
 
 
 
 
 
 
 
 
 
 
 
 
 
 
 
 
 
 

 The average load of the consumer is:  350.00 W 
 

 The monthly energy consumption of the consumer is:  252 kWh 
 
 

 The load factor of the consumer is:  0.2333 
 
 
grepthis#Electrical_Power_Systems_A._Husain_1118/CH1/EX1.2/eg1_2.sce #
 
 
 
 
 
 
 
 
 

 the load factor for consumer 1 is:  0.20 
 
 
 
 
 
 
 

 the avg load for consumer 2 is:  0.30 
 
 
 
 
 
 
 

 the load factor for consumer 3 is:  0.25 
 
 
 
 
 
 
 

 the avg load for consumer 4 is:  2.50 
 
 
 

 the total avg load is:  4.30 
 
 
 

 the total maximum demand is:  19.00
   
 
 

 the total demand at 8pm is:  12.60
  
 
 

 the diversity factor is:  1.51
  
 
 

 the load factor is:  0.34
  
 
grepthis#Electrical_Power_Systems_A._Husain_1118/CH1/EX1.3/eg1_3.sce #
 
 
 
 
 
 
 
The maximum demand is:55.56 kW
 
 
 
 
The energy consumed in 24h is:866.67 kWh 
 
grepthis#Electrical_Power_Systems_A._Husain_1118/CH1/EX1.5/eg1_5.sce #
 
 
 
 
 
 
 
 
 
 
 
 

 the maximum demand is:  15.00 MW
  
 
 

 the actual energy consumed is:  240.00 MWH
  
 
 

 the average demand is:  10.00 MW
  
 
 

 the load factor is:  0.67
  
 
grepthis#Electrical_Power_Systems_A._Husain_1118/CH1/EX1.6/eg1_6.sce #
 
 
 
 
 
 
 

 the average annual load is:  450.000000 MW
  
 
 

 the capacity factor is:  0.600000
  
 
 

 the load factor is:  0.900000
  
 
 

 the utilization factor is:  0.666667
  
 
grepthis#Electrical_Power_Systems_A._Husain_1118/CH1/EX1.8/eg1_8.sce #
 
 
 
 
 
 
 
 
 

 the maximum demand is:  255.00 kW
  
 
 

 the diversity factor is:  1.24
  
 
grepthis#Electrical_Power_Systems_A._Husain_1118/CH1/EX1.9/eg1_9.sce #
 
 
 
 
 
 
 
 
 
 

 the maximum demand is:  45.45 MW
  
 
 

 the installed capacity is:  75.00 MW
  
 
 
 

 the energy supplied in a year is:  238909.09 MWH
  
 
grepthis#Electrical_Power_Systems_A._Husain_1118/CH2/EX2.1/eg2_1.sce #
 
 
 
 
 
 
 
 
 
 
the percenatge saving in the conductor material is:37.50 per cent 
 
grepthis#Electrical_Power_Systems_A._Husain_1118/CH2/EX2.2/eg2_2.sce #
 
 
 
 
 
 
 
 
 b  =
 
    6.  
 
 
 
 
 
 
the ratio of the volumes of the conductors is:0.29 
 
grepthis#Electrical_Power_Systems_A._Husain_1118/CH2/EX2.3/eg2_3.sce #
 
 
 
 
 
 
 
 
 
 
 
 
 
the volume of theconductor required is:16.36 cubic meter 
 
 
 
 
 
 
 vol  =
 
    12.267562  
 

 the volume of theconductor required is:12.27 cubic meter 
 
 
 
 
 
 
 
 
 
 
grepthis#Electrical_Power_Systems_A._Husain_1118/CH2/EX2.4/eg2_4.sce #
 
 
 
 
 
 
 
 
 
 
 
 
 
 
 
 
 
the percentage of additional load is:100.00 
 
grepthis#Electrical_Power_Systems_A._Husain_1118/CH2/EX2.5/eg2_5.sce #
 
 
 
 rhoa  =
 
    2.85  
 
 
 
 
 
 
the ratio of diameters is:1.29
 
 
 
the ratio of weights is:0.51 
 
grepthis#Electrical_Power_Systems_A._Husain_1118/CH3/EX3.1/eg3_1.sce #
 
 
 
 
 
 dep  =
 
    0.1  
 
 
 
 
 
 
 
 
 
 

 the most economical size is:  2.51 cm
  
 
 
grepthis#Electrical_Power_Systems_A._Husain_1118/CH3/EX3.2/eg3_2.sce #
 
 
 
 
 
 res  =
 
    0.173  
 
 
 
 
 
 
 
 
 
 
 
 

 the most economical area is:  1.12 sq cm
  
 
grepthis#Electrical_Power_Systems_A._Husain_1118/CH3/EX3.3/eg3_3.sce #
 
 
 
 
 
 
 
 
 

 the current density is: 179.21 A/sq meter
  
 
grepthis#Electrical_Power_Systems_A._Husain_1118/CH3/EX3.4/eg3_4.sce #
 
 
 
 
 
 
The rms value of current is:68.23 A 
 
grepthis#Electrical_Power_Systems_A._Husain_1118/CH3/EX3.5/eg3_5.sce #
 
 
 
 
 
 
 
 
 
 
 
 
 
 
 
 
 
 
The area is:1.66 sq cm 
 
grepthis#Electrical_Power_Systems_A._Husain_1118/CH3/EX3.6/eg3_6.sce #
 
 
 
 
 
 
 
 
 
 
 
 
 
 
The current density is:116.24 A/sq cm 
 
grepthis#Electrical_Power_Systems_A._Husain_1118/CH4/EX4.1/eg4_1.sce #
 
 
 
 
 
 
 
 

 the maximum electric stress on the insulation is:  1.42 kV/mm
 
 
grepthis#Electrical_Power_Systems_A._Husain_1118/CH4/EX4.2/eg4_2.sce #
 
 
 
 
 

 the economical core diameter is:  29.94mm
 
 
 
 

 the inner diameter of the sheath is:  81.38mm
 
 
grepthis#Electrical_Power_Systems_A._Husain_1118/CH4/EX4.3/eg4_3.sce #
 
 
 
 
 
 
 
 
 
 
 
 
 
 
 
 

 the potenial gradient at the surface of the conductor is:7.01 kV/mm
 
 
grepthis#Electrical_Power_Systems_A._Husain_1118/CH4/EX4.4/eg4_4.sce #
 
 
 
 
 
 
 
 
 
 
 
 
 
 
 
 
 
 
 
 
 
 
 
 
 
 
 
 
 
 
 

 the minimum diameter is:  82.80 mm
  
 
grepthis#Electrical_Power_Systems_A._Husain_1118/CH4/EX4.5/eg4_5.sce #
 
 
 
 
 
 
 
 
 
 
 
 
 

 the diameter of cable is:  56.400000 cm
  
 
 
 
 
 
 
 
 
 
 
 

 the diameter of cable without sheath is:  81.55 mm
  
 
grepthis#Electrical_Power_Systems_A._Husain_1118/CH4/EX4.6/eg4_6.sce #
 
 
 
 
 
 

 the capacitance between conductors is:  0.15 uF
  
 
 
 

 the charging current is:  1.695 A
  
 
grepthis#Electrical_Power_Systems_A._Husain_1118/CH4/EX4.7/eg4_7.sce #
 
 
 
 
 
 
 
 
 

 the charging kvar is:113.98 KVAR
  
 
grepthis#Electrical_Power_Systems_A._Husain_1118/CH4/EX4.8/eg4_8.sce #
 
 
 
 
 
 
 
 
 
 

 the resistivity is:13.71 M-Ohm-M
  
 
grepthis#Electrical_Power_Systems_A._Husain_1118/CH4/EX4.9/eg4_9.sce #
 
 
 
 
 
 
 
 
 
 
 
 
 
 
 
 

 the total capacitance is:  0.82 F
  
 
 
 
 

 the charging current is:  2.84 A
  
 
 
 

 the reactive var is:  31.23 kVAR
  
 
 
 
 

 the dielectric loss is:  968.28 W
  
 

 the resistance is:  0.12 M-OHM
  
 
grepthis#Electrical_Power_Systems_A._Husain_1118/CH5/EX5.1/eg5_1.sce #
 
 
 
 
 
 
 

 the voltage1 is:  19.72 V
  
 
 

 the volatge2 is:  41.43 V
  
 
 

 the voltage3 is:  67.32 V
  
 
 

 the voltage4 is:  100.00 V
  
 
 
 
 
 
 
 
 
 
 

 the string efficiency is:  76.51 percent
  
 
grepthis#Electrical_Power_Systems_A._Husain_1118/CH5/EX5.2/eg5_2.sce #
 
 
 
 
 
 
 

 the voltage across lowest unit is:  28.59 V
  
 

 the string efficiency is:  58.30 percent 
 
grepthis#Electrical_Power_Systems_A._Husain_1118/CH5/EX5.3/eg5_3.sce #
 
 
 
 
 
 
 
 
The voltage across unit1 is:0.31 pu
The voltage across unit2 is:0.30 pu
The voltage across unit3 is:0.39 pu
 
 
 

 the string efficiency is:  86.13 percent
 
 
 
 
 
 
 
The voltage across unit1 is:0.33 pu
The voltage across unit2 is:0.28 pu
The voltage across unit3 is:0.39 pu
 
 
 

 the string efficiency is:  85.21 percent 
 
 
grepthis#Electrical_Power_Systems_A._Husain_1118/CH5/EX5.6/5_6.sce #
 
 
 
 
 
 
 
 
 
 
 
 
 
 
 
 

 the string efficiency is:  62.79 percent 
 
 
 
grepthis#Electrical_Power_Systems_A._Husain_1118/CH5/EX5.7/5_7.sce #
 
 
 
 
 
 
 
 
 
 
 
 
The voltage across unit1 is:31.50 percent
The voltage across unit2 is:28.30 percent
The voltage across unit3 is:40.20 percent
 
 
 
 
 
grepthis#Electrical_Power_Systems_A._Husain_1118/CH6/EX6.1/eg6_1.sce #
 
 
 
 
 
 
 
 
 
 
The sag is:1.049 m 
 
grepthis#Electrical_Power_Systems_A._Husain_1118/CH6/EX6.2/eg6_2.sce #
 
 
 
 
 
 
 
 
 
 
 
 
 
 
 
 
The deflected sag is:5.354 m 
 
 

 The vertical component of sag is:3.90 m 
 
grepthis#Electrical_Power_Systems_A._Husain_1118/CH6/EX6.3/eg6_3.sce #
 
 
 
 
 
 
 
 
 
 
 
 
 
 
 
 
 
 
 
The maximum working stress is:7370.00 kgf 
 

 The deflected sag is:5.413 m 
 
 
 
 
 
 
 
 
 
 
 
 
 

 The sag is:6.202 m 
 
 
 
 
 
 
 
 
 
 
 

 The maximum working stress is:3132.00 
 

 The sag is:8.08 m 
 
 
grepthis#Electrical_Power_Systems_A._Husain_1118/CH6/EX6.4/eg6_4.sce #
 
 
 
 
 
 
 
 
 
 
 
 
 
 
 
 
 
 
 
 
 
 
 
 
The temperature at which the sag will remain the same:55.00 degC 
 
grepthis#Electrical_Power_Systems_A._Husain_1118/CH6/EX6.5/eg6_5.sce #
 
 
 
 
 
 
 
 
 
 
 
 
 
 
 
The ance between the conductor and water at point m is:54.94 m 
 
grepthis#Electrical_Power_Systems_A._Husain_1118/CH7/EX7.1/eg7_1.sce #
 
 
 
 
 
 

 the inductive reactance  is:  1.19 mH/km
  
 
 

 the loop inductance  is:  2.38 mH/km
  
 
 
 
 

 the inductive reactance  is:  0.75 Ohm/km
  
 
 
 
 
 
 
 

 the loop inductance  is:  7.28 mH/km
  
 
 ans  =
 
    2.  
 
 
grepthis#Electrical_Power_Systems_A._Husain_1118/CH7/EX7.2/eg7_2.sce #
 
 
 
 
 
 
 
 
 
 
 
 
 

 the inductance is:  0.00123 H/km
  
 
 

 the inductive reactance is:  0.000039 Ohm/km
  
 
grepthis#Electrical_Power_Systems_A._Husain_1118/CH7/EX7.3/eg7_3.sce #
 
 
 
 
 
 
 
 
 
 
 
 

 the inducatnce is:  0.42 Ohm/km
 
 
grepthis#Electrical_Power_Systems_A._Husain_1118/CH7/EX7.4/eg7_4.sce #
 
 
 
 
 
 
 
 
 
 
 
 
 
 
 
 
 
 
 

 the average inductance is:  1.162897 mH/km
 
 
 
grepthis#Electrical_Power_Systems_A._Husain_1118/CH7/EX7.5/eg7_5.sce #
 
 
 
 
 
 
 
 

 the inductance is:  1.226 mH/km
 
 
grepthis#Electrical_Power_Systems_A._Husain_1118/CH7/EX7.6/eg7_6.sce #
 
 
 
 
 
 
 
 
 
 
 
 
 
 
 
 
 
 
 
 
 
 
 
 
 
 
 
 
 
 
 

 the inductance  is:  0.0202 Ohm/km
  
 
grepthis#Electrical_Power_Systems_A._Husain_1118/CH7/EX7.7/eg7_7.sce #
 
 
 
 
 
 
 
 
 
 
 
 
 
 
 
 
 
 
 
 
 
 

 the line inductance is:  0.396 Ohm/km
 
 
 

 the pu reduction is:  0.217
 
 
 
grepthis#Electrical_Power_Systems_A._Husain_1118/CH7/EX7.8/eg7_8.sce #
 
 
 
 
 

 the capacitance is:  9.75 F/km
  
 
 

 the line to line capacitance is:  4.87*10^(-9)F/km
  
 
 

 the capacitance susceptance is:  3.06*10^(-6) S/km
  
 
grepthis#Electrical_Power_Systems_A._Husain_1118/CH7/EX7.9/eg7_9.sce #
 
 
 
 
 
 
 
 
 
 
 
 

 the charging current is:0.226 A/km
 
 
 

 the volt-ampere is:51.71 kVAr
 
 
grepthis#Electrical_Power_Systems_A._Husain_1118/CH7/EX7.10/eg7_10.sce #
 
 
 
 
 
 
 
 
the capacitance is: 8.67*10^(-9) F/km
  
 
 
the reactance is: 3.67*10^(5) Ohm
  
 
grepthis#Electrical_Power_Systems_A._Husain_1118/CH7/EX7.11/eg7_11.sce #
 
 
 
 
 
 
 
 
 
 
 

 the capacitance is: 17.98 uF/km
  
 
 

 the reactance is: 177049.70 Ohm/km
  
 
grepthis#Electrical_Power_Systems_A._Husain_1118/CH7/EX7.12/eg7_12.sce #
 
 
 
 
 
 
 
 
 
 
 
 
 
 
 
 

 the capacitance  is:  9.792165*10^(-12) F/m
  
 
 

 the capacitance  is:  4.896082*10^(-9) F/km
  
 
grepthis#Electrical_Power_Systems_A._Husain_1118/CH7/EX7.13/eg7_13.sce #
 
 
 
 
 
 
 
 
 
 
 

 the capacitance per km is: 11.54 F/km
 
 
 

 the reactance is: 2.76 Ohm
 
 
 
 
 
 

 the capacitance is: 9.17 F/km
 
 
 

 the reactance is: 347116.41 Ohm
 
 
 
 

 the per unit capacitance is: 0.496
 
 
grepthis#Electrical_Power_Systems_A._Husain_1118/CH7/EX7.14/eg7_14.sce #
 
 
 
 
 
 
 
 
 
 
 
 
 
 
 
 
 
 
 
 
the capacitance is: 11.98*10^(-9) F/km
 
 
 
 the reactance is: 2.66*10^(5) Ohm/km
 
 
grepthis#Electrical_Power_Systems_A._Husain_1118/CH7/EX7.15/eg7_15.sce #
 
 
 
 
 
 
 
 
 
 
 
 
 

 the voltage induced per unit length is: 1.166 V/km
 
 
grepthis#Electrical_Power_Systems_A._Husain_1118/CH7/EX7.16/7_16.sce #
 
 
 
 
 
 
 
 Db1  =
 
    10.196152  
 
 
 
 
 
 
 
 
 
 
 
 
 
 
 
 
 
 
 
 
 
 
 
 
 
 
 
The voltage induced is :3.56 kV 
 
 
 
 
 
 
 
grepthis#Electrical_Power_Systems_A._Husain_1118/CH7/EX7.17/eg7_17.sce #
 
 
 
 
 
 
 
 
 
 
 
 
 
 
 
 
 
 
 
 
 
 
 
 
 
 
 
 
 
 
 
 
 
 
 
 
 
 
 
the inductance per unit length is: 0.00001058 uH/m
 
 
 
grepthis#Electrical_Power_Systems_A._Husain_1118/CH7/EX7.18/eg7_18.sce #
 
 
 
 
 
 
 
 
 
 
 
 
 
 
 
 
 
 
 
 
 
 
 
 
 
 
 
 
 
 
 
 
 
 
 
 
 
 
 
the loop inductance is: 0.116 mH
 
 
 
grepthis#Electrical_Power_Systems_A._Husain_1118/CH8/EX8.1/eg8_1.sce #
 
 
 
 
 
 
the per unit impedance is: 
 
    0.0075614 + 0.1134216i  
 
 
 
 
the per unit admittance is: 
 
    1.058i  
 
 
grepthis#Electrical_Power_Systems_A._Husain_1118/CH8/EX8.2/eg8_2.sce #
 
 
 
 
 

 the pu value for the three phase is: 0.80
 
 
 
 
 
 

 the pu kva is: 0.80
 
 
grepthis#Electrical_Power_Systems_A._Husain_1118/CH8/EX8.3/eg8_3.sce #
 
 
 sb  =
 
    5000.  
 
 
 
 
 
 
 
 
 

 Total per unit resistnce refered to primary is: 0.39 
 
 
 
 

 Total per unit resistnce refered to secondary is: 0.39 
 
 
 
 
 
 Primary per unit reactance is: 0.08  
 
 

 Seconadary per unit reactnace is: 0.31 Ohm 
 
grepthis#Electrical_Power_Systems_A._Husain_1118/CH8/EX8.4/eg8_4.sce #
 
 
 
 
 
 
 
 
 
 
 
 
 
 
 
 

 The per unit reactance of generator 1 is: 18.00 
 

 The per unit reactance of generator 2 is: 24.00 
 

 The per unit reactance of transformer is: 6.00 
 

 The per unit impedance of transmission line is: 
 
    0.0011342 + 0.0170132i  
 
 
 
grepthis#Electrical_Power_Systems_A._Husain_1118/CH8/EX8.5/eg8_5.sce #
 
 
 
 
 
 
 

 Voltage drop in the line is: 2749.29 V 
 
 
 
 
 
 
 
 
 
 
 
 

 voltage drop in the line per phase is: 2749.29 V 
 
grepthis#Electrical_Power_Systems_A._Husain_1118/CH8/EX8.6/eg8_6.sce #
 
 
 
 
 previousprot  =
 
    1.  
 
 ans  =
 
    0.  
 
 
 
 
 
 previousprot  =
 
    0.  
 
 ans  =
 
    0.  
 
 
 
 
 
 
 
 
 

 the per unit reactance of the generator is:  0.166667 
 
 
 
 
 
 
 
 
 

 the per unit reactance of generator 2 is:   0.250000 
 
 
 
 
 
 
 
 

 the per unit reactnace of generator 1 is on 60MVA base:  0.400000 
 
 
 
 
 
 
 
 

 the per unit reactnace of generator 2 is on 60MVA base: 0.600000 
 
 
 
 
 
 
 
 
 
 

 the per unit reactnace of generator 1 is on 30MVA base:  0.042 
 
 
 
 
 
 
 
 

 the per unit reactnace of generator 1 is on 60MVA base:  0.100 
 
 
 
 

 the through impedance at 25MVA base is:  j0.142 
 
 

 the through impedance at 60MVA base is:  j0.340 
 
 
 sb1  =
 
    25.  
 
 

 actual impedance in ohms on 25MVA base is: j0.686 
 
 
 

 actual impedance in ohms on 60MVA base is: j0.686 
 
 
grepthis#Electrical_Power_Systems_A._Husain_1118/CH8/EX8.7/eg8_7.sce #
 
 
 
 
 
 
 
 xtf  =
 
    0.1  
 
 
 
 
 
 
 
 
 
 
 vpu  =
 
    0.9545455  
 
 
 
 
The terminal voltage per phase is: 13.86 kV 
 
 
 
grepthis#Electrical_Power_Systems_A._Husain_1118/CH8/EX8.8/eg8_8.sce #
 
 
 
 
 
 
 
 
 
 
 
 
 
 
 
 
 
 
 
 
 
 kvlm  =
 
    30.  
 
 
 
 

 The per unit reacance of transformer 1 is:  
 
    0.0537778i  
 
 
 

 The per unit reacance of transformer 2 is:  
 
    0.0535396i  
 
 

 The per unit reacance of motor 1 is:  
 
    0.1106189i  
 
 

 The per unit reacance of motor 2 is:  
 
    0.1659284i  
 
 

 The per unit impedance of transmission line is:  
 
    0.0385802 + 0.1157407i  
 
 
 
grepthis#Electrical_Power_Systems_A._Husain_1118/CH8/EX8.9/eg8_9.sce #
 
 
 
 
 
 
 
 
 
 
 
 
 
 
 
 
 
 
 
 
 previousprot  =
 
    1.  
 
 ans  =
 
    0.  
 
 
 
 
 
 

 the terminal voltage at the generator is: 11.40 kV 
 
 
grepthis#Electrical_Power_Systems_A._Husain_1118/CH8/EX8.10/eg8_10.sce #
 
 
 
 
 previousprot  =
 
    1.  
 
 ans  =
 
    0.  
 
 
 
 
 
 
 
 

 the per unit reactance of the generator is: 0.12 
 
 
 

 the per unit reactance of the generator is: 0.20 
 
 
 

 the per unit reactance of the generator is: 0.08 
 
 
 

 the per unit reactance of the generator is: 0.10 
 
 
 
 
 
 
 
 
 
 
 
 
 
 
 
 
 
 
 
 
 
 
 
 
 
 
 
 
 previousprot  =
 
    0.  
 
 ans  =
 
    0.  
 
 
 

the terminal generator voltage is: 14.57 kV 
 
grepthis#Electrical_Power_Systems_A._Husain_1118/CH9/EX9.1/eg9_1.sce #
 
 
 
 
 
 
 
 
 
 
 
 
 
the power factor of the sending end is:0.9997
  
 
 
 
 
 
 
 
 
 the power factor of the sending end is:0.804
 
 
 
 
 
 
 
 
 
 the power factor of the sending end is:0.827
 
 
grepthis#Electrical_Power_Systems_A._Husain_1118/CH9/EX9.2/eg9_2.sce #
 
 
 
 
 
 
 
 
 
 
 
 
 
 
 
 
 

 the line voltage at the sending end is: 35.17 kv 
 
 
 
 
 

 the power factor of the sending end is:0.8275 
 
 
 
 

 the line regulation of is:0.07 
 
 
 
 

 the transission efficiency is: 96.38 percent 
 
 
 
 
 
 
 
 
 
 
grepthis#Electrical_Power_Systems_A._Husain_1118/CH9/EX9.3/eg9_3.sce #
 
 
 
 
 
 
 
 
 
 
 
 
 
 
 
 
 
 
 
 
 
 

 the line voltage at the sending end is: 13.06 kv 
 
 
 
 

 the power factor of the sending end is:0.74 (lagging) 
 
 
 
 
 
 
 
 
 
 
 
 
 
grepthis#Electrical_Power_Systems_A._Husain_1118/CH9/EX9.4/eg9_4.sce #
 
 
 
 
 
 
 
 
 
 
 
 
 
 
 
 
 
 
 
 
 
 
 

 the line voltage at the sending end is: 35.05 kv 
 
 
 
 

 the power factor of the sending end is:0.783 
 
 
 
 
 
 
 
 
 
 
 
 
grepthis#Electrical_Power_Systems_A._Husain_1118/CH9/EX9.5/eg9_5.sce #
 
 
 
 
 
 
 
 
 
 
 
 
 
 
 
 
 
 
 
the volatge at the genertor busbars is:6781.268 V 
 
grepthis#Electrical_Power_Systems_A._Husain_1118/CH9/EX9.6/eg9_6.sce #
 
 
 
 
 
 
 
 previousprot  =
 
    1.  
 
 ans  =
 
    0.  
 
 
 
 
 
 
 
 
 
 
 
 
 
 
 
 
 
 
 
 
 
 
 
 

 The current in A at the sending end is: 
 
    199.76799 - 145.08292i  
 
 
 
 
 
 

 The volatge  in V at the sending end is: 
 
    65134.862 + 5910.6872i  
 
 
 
 

 The lagging power factor at the sending end is: 
 
    0.7527089  
 
 

 The apparent power  in VA at the sending end is: 
 
    36462961. + 31892166.i  
 
 

 The transmission efficiency is: 98.7303 per cent 
 
 
 
 
 
 previousprot  =
 
    0.  
 
 ans  =
 
    0.  
 
 
 
 
 
 
 
 
 
 
 
 

 The regulation is:9.1388 per cent 
 
 

 
 Calculations based on pi model: 
 
 
 
 

 
The volatge  in V at the sending end is: 
 
    65138.367 + 5914.0758i  
 
 icd  =
 
  - 0.2322452 + 2.5579777i  
 
 

 The current in A at the sending end is: 
 
    199.76775 - 145.08583i  
 
 
 

 The lagging power factor at the sending end is: 
 
    0.7526715  
 
 

 The apparent power  in VA at the sending end is: 
 
    36463490. + 31896287.i  
 
 

 The transmission efficiency is:98.73 per cent 
 
 
 
 
 
 previousprot  =
 
    0.  
 
 ans  =
 
    0.  
 
 
 
 
 
 
 
 
 
 
 
 

 The regulation is:9.1451 per cent 
 
 
 
 
grepthis#Electrical_Power_Systems_A._Husain_1118/CH9/EX9.7/eg9_7.sce #
 
 
 
 
 
 
 
 
 
 
 
 
 
 
 
 
 
The load current is:173.280 A 
 
 
 
 
 
 
 
 
 
 
grepthis#Electrical_Power_Systems_A._Husain_1118/CH9/EX9.8/eg9_8.sce #
 
 
 
 
 
 
 
 
 
 
 
 
 previousprot  =
 
    1.  
 
 ans  =
 
    0.  
 
 
 
 
 
 
 
 
 
 
 
 
 
 
 
 
 
 
 
 
 
 
 
 
 
 
 
    0.9530489 + 0.0099798i  
 
 
    19.022401 + 91.797361i  
 
 
    0.001i  
 
 
    0.9530489 + 0.0099798i  
 
 
 
 
 
 
    89233.81 + 18257.846i  
 
 
 
 
 
    209.77799 - 50.777717i  
 
 
 
 

 The power factor at the sending end is:0.905 (lagging) 
 
 
 
 
 
 previousprot  =
 
    0.  
 
 ans  =
 
    0.  
 
 
 
 
 
 
 
 
 
 
 

 The efficiency of transmission is:93.67 per cent 
 
grepthis#Electrical_Power_Systems_A._Husain_1118/CH10/EX10.1/eg10_1.sce #
 
 
 
 
 
 
 
 
 
 
 
 

 the constant A is:  0.985514
  
 
 
 

 the constant D is:  0.985514
  
 
 
 
 

 the constant B is:  12.379260
  
 
 
 

 the constant C is:  -0.000000
  
 
 
grepthis#Electrical_Power_Systems_A._Husain_1118/CH10/EX10.2/eg10_2.sce #
 
 
 
 
 
 
 
 
 
 
 
 
 
 
 
the sending end current is: 
 
    517.90117 - 179.54091i  
 
 
the sending end voltage is: 
 
    179666.93 + 31768.03i  
 
 
 
 

 the transmission efficiency is:  0.954 pu
  
 
 
 
 
 
 

 the voltage regulation is:  0.166 pu
  
 
grepthis#Electrical_Power_Systems_A._Husain_1118/CH11/EX11.2/eg11_2.sce #
 
 
 
 
 previousprot  =
 
    1.  
 
 ans  =
 
    0.  
 
 
 
 
 
 
 
 
 
 
 
 
 
 
 
 
 
 
 
 
 
 
 
 
 
 
 
 
 
 
 
 
 
 
 
 
 
the voltage at the sending end is: 
 
    93506.589 + 18762.285i  
 
 
the current at the sending end is: 
 
    179.28038 - 81.360226i  
 
 
The power factor is:0.8115 
 
grepthis#Electrical_Power_Systems_A._Husain_1118/CH11/EX11.3/eg11_3.sce #
 
 
 
 
 
 previousprot  =
 
    1.  
 
 ans  =
 
    0.  
 
 
 
 
 
 
 
 
 
 
 
 
 
 
 
 
 
 
 
 
 
 
 
 
 
 
 
 
 
 
 
 
 
 
 
 
 
 
 
 
 
 
 
 
 
 
the sending end phase voltage is: 
 
    79923.175 + 5063.8301i  
 
 
grepthis#Electrical_Power_Systems_A._Husain_1118/CH11/EX11.4/eg11_4.sce #
 
 
 
 
 previousprot  =
 
    1.  
 
 ans  =
 
    0.  
 
 
 
 
 
 
 
 
 
 
 
 
the value of A is: 
 
    0.7401924 + 0.15i  
 
 
the value of B is: 
 
    60. + 103.92305i  
 
 
the value of C is: 
 
  - 0.000375 + 0.0043505i  
 
 
the value of D is: 
 
    0.7401924 + 0.15i  
 
 
grepthis#Electrical_Power_Systems_A._Husain_1118/CH11/EX11.5/eg11_5.sce #
 
 
 
 
 
 
 

 the R3 resistance is:  687.895341 ohm
 
 
 

 the R2 resistance is:  222.104659 ohm
 
 
 

 the R1 resistance is:  552.104659 ohm
 
 
grepthis#Electrical_Power_Systems_A._Husain_1118/CH13/EX13.1/eg13_1.sce #
 
 
 
 
 
 
 
 
 previousprot  =
 
    1.  
 
 ans  =
 
    0.  
 
 
 
 
 
 
 
 
 
 
 
 
 
 
 

 the maximum power is:  376.76 MW
 
 
 
 

 the maximum power angle is:  71.57 degrees
 
 
 
 
 
 
 
 
 
 
 
 
 
 

 the rating of the phase modifier is:  93.25 (leading) 
 
grepthis#Electrical_Power_Systems_A._Husain_1118/CH13/EX13.2/eg13_2.sce #
 
 
 
 
 previousprot  =
 
    1.  
 
 ans  =
 
    0.  
 
 
 
 
 
 
 
 
 
 
 
 
 
 
 
 
 
 
 
 

 the rating of the synchronous phase modifier is:  19.00 MVAr
 
 

 the pf is:  20.81 (lagging)
 
 
grepthis#Electrical_Power_Systems_A._Husain_1118/CH13/EX13.3/eg13_3.sce #
 
 
 
 
 
 
 
 previousprot  =
 
    1.  
 
 ans  =
 
    0.  
 
 
 
 
 
 
 
 previousprot  =
 
    0.  
 
 ans  =
 
    0.  
 
 
 
 
 
 
 
 
 
 
 
 
 
 
 
 
 
 
 
 
 
 
 
 
 
 
 
 
 
The line voltage at the sending end: 
 
    338027.8 + 106933.95i  
 
 

 the maximum power is:  595.88 MW
 
 
 
 
 
 
 
 
 
 
 
 

 the rating of the phase modifier is:  345.40 MVAr 
 
grepthis#Electrical_Power_Systems_A._Husain_1118/CH13/EX13.4/eg13_4.sce #
 
 
 
 
 
 
 
 
 
 
 
 
 previousprot  =
 
    1.  
 
 ans  =
 
    0.  
 
 
 
 
 
 
 
 
 
 
 
 
 
 
 
 
 
 
 
 
 
 
 
 
 
 
 
 
 
 
 
 
 
 
 
 
 
 
 

 the rating of the synchronous phase modifier is:  15.69 MVAr
 
 
grepthis#Electrical_Power_Systems_A._Husain_1118/CH14/EX14.1/eg14_1.sce #
 
 
 
 
 
 
 
 
 z34  =
 
    0.3i  
 
 
 
 
 
 
 
 
 
 
 
 
 
 
 
 
  - 12.i    5.i    0             2.i           5.i  
    5.i   - 9.i    4.i           0             0    
    0       4.i  - 7.3333333i    3.3333333i    0    
    2.i     0      3.3333333i  - 9.3333333i    4.i  
    5.i     0      0             4.i         - 9.i  
 
 
grepthis#Electrical_Power_Systems_A._Husain_1118/CH14/EX14.2/eg14_2.sce #
 
 
 
 y  =
 
  - 12.i    5.i    0        2.i      5.i  
    5.i   - 9.i    4.i      0        0    
    0       4.i  - 7.33i    3.33i    0    
    2.i     0      3.33i  - 9.33i    4.i  
    5.i     0      0        4.i    - 9.i  
 
 
 
 
 
 
 
 
 
 
 
  - 12.i    5.i      0        2.i      5.i    
    5.i   - 11.5i    4.i      0        2.5i   
    0       4.i    - 7.33i    3.33i    0      
    2.i     0        3.33i  - 9.33i    4.i    
    5.i     2.5i     0        4.i    - 11.5i  
 
 
 
 
 
 
 
 
 
 
 
 
 
 
 
 
 
 
grepthis#Electrical_Power_Systems_A._Husain_1118/CH14/EX14.3/eg14_3.sce #
 
 
 
 
 
 
 
 
 
 
 
 
 
 
 
 
 
 
 
 
 
  - 112.i    5.i    100.i      2.i      5.i   
    5.i    - 9.i    4.i        0        0     
    100.i    4.i  - 127.33i    3.33i    20.i  
    2.i      0      3.33i    - 9.33i    4.i   
    5.i      0      20.i       4.i    - 29.i  
 
 
 
 
 
 
 
grepthis#Electrical_Power_Systems_A._Husain_1118/CH14/EX14.4/eg14_4.sce #
 
 
 
 
 
 
 
 
 
 
 
 
 
 
 
 
 
 
 
    5. - 15.i         - 1.6666667 + 5.i    - 3.3333333 + 10.i    
  - 1.6666667 + 5.i     2.9166667 - 8.75i  - 1.25 + 3.75i        
  - 3.3333333 + 10.i  - 1.25 + 3.75i         4.5833333 - 13.75i  
 
 
 
grepthis#Electrical_Power_Systems_A._Husain_1118/CH14/EX14.5/eg14_5.sce #
 
 
 
 
 
 
 
 
 
 
 
 
 
 
 
 
 
 
 
    5. - 20.i    - 1.67 + 5.i     - 3.33 + 10.i    
  - 1.67 + 5.i     2.91 - 13.75i  - 1.25 + 3.75i   
  - 3.33 + 10.i  - 1.25 + 3.75i     4.58 - 18.75i  
 
 
grepthis#Electrical_Power_Systems_A._Husain_1118/CH14/EX14.6/eg14_6.sce #
 
 
 
 
 
 
 
 
 
 
 
 
 
 
 
 
 
 
 
 
 
 
 
 
         column 1 to 3
 
    0.7254902 - 2.9019608i  - 0.2352941 + 0.9411765i  - 0.2941176 + 1.1764706i  
  - 0.2352941 + 0.9411765i    0.5294118 - 2.1176471i  - 0.2941176 + 1.1764706i  
  - 0.2941176 + 1.1764706i  - 0.2941176 + 1.1764706i    0.9803922 - 3.9215686i  
  - 0.1960784 + 0.7843137i    0                       - 0.3921569 + 1.5686275i  
 
         column 4
 
  - 0.1960784 + 0.7843137i  
    0                       
  - 0.3921569 + 1.5686275i  
    0.5882353 - 2.3529412i  
 
 
grepthis#Electrical_Power_Systems_A._Husain_1118/CH14/EX14.7/eg14_7.sce #
 
 
 
 
 
 
 
 
 
 
 
 
 
 
 
 
 
 
 
 
 
 
 
 
 
 
 
 
 
 
 
 
 
 
 
 
 
 
 
         column 1 to 3
 
    0.7254902 - 3.1419608i  - 0.2352941 + 0.9411765i  - 0.2941176 + 1.1764706i  
  - 0.2352941 + 0.9411765i    0.5294118 - 2.1976471i  - 0.2941176 + 1.1764706i  
  - 0.2941176 + 1.1764706i  - 0.2941176 + 1.1764706i    0.9803922 - 4.0015686i  
  - 0.1960784 + 0.7843137i    0                       - 0.3921569 + 1.5686275i  
 
         column 4
 
  - 0.1960784 + 0.7843137i  
    0                       
  - 0.3921569 + 1.5686275i  
    0.5882353 - 2.4329412i  
 
 
 
 
 
 
 
 
 
grepthis#Electrical_Power_Systems_A._Husain_1118/CH14/EX14.8/eg14_8.sce #
 
 
 
 
 
 
 
 
 
 
 
 
 
 
 
 
 
 
 
 
 
 
 
 
 
 
 
 
 
 
 
 
 
The voltages at the end of:1 iteration are 
    1.02    0.992 - 0.05i    0.9537778 - 0.1511111i  
The voltages at the end of:2 iteration are 
    1.02    0.9479335 - 0.1703730i    0.9238407 - 0.1612311i  
 
 
grepthis#Electrical_Power_Systems_A._Husain_1118/CH15/EX15.1/eg15_1.sce #
 
 
 
 
 
 
 
 
 
 
the incremental fuel cost of first generator is:5.00 Rs/MWh 

 the incremental fuel cost of second generator is:5.00 Rs/MWh 
 
grepthis#Electrical_Power_Systems_A._Husain_1118/CH15/EX15.2/eg15_2.sce #
 
 
 
 
 
 
 
 
 
 
 
 
For the plant output 100.00 MW p1=50.00MW   p2=50.00MW
 
 
For the plant output 137.50 MW p1=62.50MW   p2=75.00MW
For the plant output 193.75 MW p1=93.75MW   p2=100.00MW
For the plant output 250.00 MW p1=125.00MW   p2=125.00MW
For the plant output 306.25 MW p1=156.25MW   p2=150.00MW
For the plant output 362.50 MW p1=187.50MW   p2=175.00MW
 
 
 
 
For the plant output 400.00 MW p1=200.00MW   p2=200.00MW
 
 
 
grepthis#Electrical_Power_Systems_A._Husain_1118/CH15/EX15.3/eg15_3.sce #
 
 
 
 
 
 
 
 
the increase in cost of unit 1 is:289.500 Rs/h
 
the increase in cost of unit 2 is:-279.375 Rs/h
 
 
 
 
The total yearly saving is:88695.00 Rs 
 
 
 
 
 
 
 
 
 
 
 
 
grepthis#Electrical_Power_Systems_A._Husain_1118/CH15/EX15.4/eg15_4.sce #
 
 
 
 
 
 
 
 
 
 
 
 
 
 
 
 
 
 
 
 
The transmission loss is:0.2016 pu 
 
 
grepthis#Electrical_Power_Systems_A._Husain_1118/CH15/EX15.5/eg15_5.sce #
 
 
 
 
 
 
 
 
 
The penalty factor of plant 1 is: 1.5625 
 
grepthis#Electrical_Power_Systems_A._Husain_1118/CH15/EX15.6/eg15_6.sce #
 
 
 
 
 
 
 
 
 
 
The penalty factor of plant 1 is: 1.3245
 
 
 
The incremental cost is:151 Rs/MWh 
 
grepthis#Electrical_Power_Systems_A._Husain_1118/CH15/EX15.7/eg15_7.sce #
 
 
 
 
 
 
 
 
 
The penalty factor of plant 1 is: 1.111
 
The penalty factor of plant 2 is: 1.000
 
 
 
grepthis#Electrical_Power_Systems_A._Husain_1118/CH15/EX15.8/eg15_8.sce #
 
 
 
 
 pl  =
 
    12.5  
 
 
 
 
 
 
 
 
 
 
The total load is:177.3786 MW
 
 
 
 
 
for the optimal dispatch P1=82.87 MW
 
for the optimal dispatch P2=100.00 MW 
grepthis#Electrical_Power_Systems_A._Husain_1118/CH16/EX16.1/eg16_1.sce #
 
 
 
 
 
 
 
 
 
 
 
 
 
 
 
 
 
 
 
 
 
 
 
 
 
The fault current is:1749.55 A
 
 
 
 
 
 
 
 
 
 
The fault current is:608.87 A 
 
grepthis#Electrical_Power_Systems_A._Husain_1118/CH16/EX16.2/eg16_2.sce #
 
 
 
 
 
 
 
 
 
 
 
 
 
 
 
 
 
 
 
The total subtransient short circuit current is:4.889 pu
 
 
 
 
 
 
 
 
 
 
 
 
 
 
 
 
 
 
 
 
 
 
 
 
 
 
 
The total transient short circuit current is:4.558 pu
 
 
 
 
 
 
 
 
 
 
 
 
 
 
 
 
 
 
The total synchronous short circuit current is:2.924 pu
 
 
grepthis#Electrical_Power_Systems_A._Husain_1118/CH16/EX16.3/eg16_3.sce #
 
 
 
 
 
 
 
 
 
 
 
 
 
 
the reactance of the reactor is:1.45 Ohm 
 
grepthis#Electrical_Power_Systems_A._Husain_1118/CH16/EX16.4/eg16_4.sce #
 
 
 
 
 
 
 
 
 
 
 
 
 
 
 
 
 
 
the reactance of the reactor is:0.105 A 
 
grepthis#Electrical_Power_Systems_A._Husain_1118/CH16/EX16.5/16_5.sce #
 
 
 
 
 
 
 
 
The ohmic reactance of each reactor is: 0.91 ohm 
 
 
 
 
 
 

The ohmic reactance of each reactor is: 2.72 ohm 
 
 
 
 
 
 
 
 
grepthis#Electrical_Power_Systems_A._Husain_1118/CH16/EX16.6/16_6.sce #
 
 
 
 
 
 

 The short circuit MVA is: 225.00 
 
 
 
 

 The fault current in A is: 
 
  - 11809.i  
 
 

 The fault current in A supplied by generator 1 is: 
 
  - 6561.i  
 
 

 The fault current in A in reactor is: 
 
  - 5249.i  
 
 
 
 
 

 The reactance of each reactor is: 2.72 ohm 
 
 
 
 
 
 
 
 
 
 
 
grepthis#Electrical_Power_Systems_A._Husain_1118/CH17/EX17.1/eg17_1.sce #
 
 
 
 
 
 previousprot  =
 
    1.  
 
 ans  =
 
    0.  
 
 
 
 
 
 
 
 
 
 
 
 
 
 
 
 
 
 
 
The zero sequence component of current in amperes is: 
 
    27.200847 + 2.2329099i  
 
 
 
 
 
 
 
 
The positive sequence component of current in amperes is: 
 
    42.200847 + 39.760677i  
 
 
 
The negative sequence component of current in amperes is: 
 
    17.200847 + 8.0064126i  
 
 
 
The return current to the neutral conductor in amperes is: 
 
    81.60254 + 6.6987298i  
 
 
grepthis#Electrical_Power_Systems_A._Husain_1118/CH17/EX17.2/eg17_2.sce #
 
 
 
 
 
 previousprot  =
 
    1.  
 
 ans  =
 
    0.  
 
 
 
 
 
 
 
 
 
 
 
The zero sequence component of current in amperes is: 
 
    3. + 1.3333333i  
 
 
The positive sequence component of current in amperes ia1= 
 
    10.850853 + 10.127562i  
 
 
 
The positive sequence component of current in amperes ib1= 
 
    3.3452995 - 14.460895i  
 
 
 
The positive sequence component of current in amperes ic1= 
 
  - 14.196152 + 4.3333333i  
 
 
 
The negative sequence component of current in amperes ia2= 
 
The negative sequence component of current in amperes ib2= 
 
    5.6547005 + 1.127562i  
 
 
The negative sequence component of current in amperes ic2= 
 
  - 3.8038476 + 4.3333333i  
 
 
grepthis#Electrical_Power_Systems_A._Husain_1118/CH17/EX17.3/eg17_3.sce #
 
 
 
 
 
 previousprot  =
 
    1.  
 
 ans  =
 
    0.  
 
 
 
 
 
 
 
 
 
 
 
 
 
 
 
 
 
 
 
 
The zero sequence component of current in amperes is: 
 
    0  
 
 
The positive sequence component of current in amperes ia1= 
 
    150.  
 
 
The negative sequence component of current in amperes ia2= 
 
    0  
 
 
 
 
 
 
The zero sequence component of current in amperes is: 
 
    50.  
 
 
 
The positive sequence component of current in amperes ia1= 
 
    50.  
 
 
 
The negative sequence component of current in amperes ia2= 
 
    50.  
 
 
grepthis#Electrical_Power_Systems_A._Husain_1118/CH17/EX17.7/eg17_7.sce #
 
 
 
 
 
 previousprot  =
 
    1.  
 
 ans  =
 
    0.  
 
 
 
 
 
 
 
 
 
 
 
 
 
 
 
 
 
 
 
 
 
 
 
 
 
 
 
 
 
 
 
 
 
 
 
 
 
 
 
 
 
 
 
 
 
 
 
 
 
 
 
 
 
 
 
 
 
 
 
 
 
 
 
 
 
The complex power with symmetrical components in VA is: 
 
    10245.796 - 2777.9169i  
 
 
 
The complex power unbalanced three phase components in VA is: 
 
    10245.796 - 2777.9169i  
 
 
grepthis#Electrical_Power_Systems_A._Husain_1118/CH18/EX18.1/eg18_1.sce #
 
 
 
 
 
 
 
 previousprot  =
 
    1.  
 
 ans  =
 
    0.  
 
 
 
 
 
 
 
 
 
 
 
 
 
 
 
 
 
 
 
 
 
 
 
 
 
 
 
 
 
 
 
 
 
 
 
 
 
 
 
 
 
 
 
 
 
 
 
 
 
 
 
The voltage of line ab in kV is vab= 
 
    3.9499207 + 5.5i  
 
 
 
The voltage of line bc in kV is vbc= 
 
  - 11.i  
 
 
 
The voltage of line ca in kV is vca= 
 
  - 3.9499207 + 5.5i  
 
 
 
 
 
grepthis#Electrical_Power_Systems_A._Husain_1118/CH18/EX18.2/eg18_2.sce #
 
 
 
 
 
 
 
 
 previousprot  =
 
    1.  
 
 ans  =
 
    0.  
 
 
 
 
 
 
 
 
 
 
 
 
 
 
 
 
 
 
 
 
 
 
 
 
 
 
 
 
 
 
 
The positive sequence current in amperes is: 
 
  - 3.132426i  
 
 
 
The zero sequence current in amperes is: 
 
  - 1.6219297  
 
 
 
The negative sequence current in amperes is: 
 
    1.5311859i  
 
 
 
 
 
The positive sequence current in amperes is: 
 
  - 2.4383214i  
 
 
 
The negative sequence current in amperes is: 
 
    2.4383214i  
 
 
 
phase a fault current  is: 
 
    0  
 
 
 
 
 
 
 
 
phase b fault current in pu is: 
 
  - 4.2232966 + 6.661D-16i  
 
 
 
phase c fault current in pu is: 
 
    4.2232966 - 6.661D-16i  
 
 
grepthis#Electrical_Power_Systems_A._Husain_1118/CH18/EX18.3/18_3.sce #
 
 
 
 
 
 
 
 
 
 
 
 
 
 
 
 
 
 
 
 
 
 
The voltage to neutral of the faulty phase is:4233.90 V 
 
grepthis#Electrical_Power_Systems_A._Husain_1118/CH19/EX19.1/eg19_1.sce #
 
 
 
 
 
 
 
 
 
 
 
 
 
the steady state stability limit is:191.29 MW
 
 
 
 
 
 
 
 
 
 
 
the steady state stability limit is:191.08 MW
 
 
 
 
 
 
 
 
 
the steady state stability limit is:309.04 MW
 
 
 
grepthis#Electrical_Power_Systems_A._Husain_1118/CH19/EX19.2/eg19_3.sce #
 
 
 
 
 
 
 
 previousprot  =
 
    1.  
 
 ans  =
 
    0.  
 
 
 
 
 
 
 
 
 
 
 
 
 
 
the steady state stability limit with inductor switch S open is:0.80 pu
 
 
 
 
 
 
 
 
 
 
 
 
 
the steady state stability limit with inductor switch S d is:0.57 pu
 
 
 
 
 
 
 
 
 
the steady state stability limit with the inductor replaced with a shunt capaicitor is:0.57 pu
 
 
 
 
 
 
 
the steady state stability limit when the shunt capaicitor is replaced with a series capacitor is:1.33 pu
 
 
 
 
 
 
 
 
 
 
 
 
 
 
 
 
 
 
 
 
 
 
 
the steady state stability limit when the shunt inductor is replaced with a resistor is:1.21 pu
 
 
grepthis#Electrical_Power_Systems_A._Husain_1118/CH19/EX19.4/eg19_4.sce #
 
 
 
 
 
 
 
 
 
The kinetic energy at rated speed is:444 MJ
 
 
 
 
 
the inertia constants H is:7.402 MJ/MVA
 
 
 
the inertia constants M is:0.049 MJs/elec.deg
 
 
 
 
 
The inertia constant is:0.000987 pu 
 
grepthis#Electrical_Power_Systems_A._Husain_1118/CH19/EX19.5/eg19_5.sce #
 
 
 
 
 
 
 
 
 
the inertia constants H is:68 MJ/MVA
 
 
grepthis#Electrical_Power_Systems_A._Husain_1118/CH19/EX19.6/eg19_6.sce #
 
 
 
 
 
 
 
 
 
 
 
 
 
 
 
 
 
 
 
 
 
 
 the generator will remain stable   
 
 
grepthis#Electrical_Power_Systems_A._Husain_1118/CH19/EX19.7/eg19_7.sce #
 
 
 
 
 
 
 
 
 
 
 
 
 
 
 
The maximum permissible sudden increase of load is:22.17 MW 
 
grepthis#Electrical_Power_Systems_A._Husain_1118/CH19/EX19.8/eg19_8.sce #
 
 
 
 
 
 
 
 
 
 
 
 
 
 
 
 
 
 
 
 
 
 
 
 the generator will remain stable   
 
 
grepthis#Electrical_Power_Systems_A._Husain_1118/CH19/EX19.9/eg19_9.sce #
 
 
 
 
 
 
 
 
 
 
 
The critical ing angle is:65.41 deg 
 
grepthis#Electrical_Power_Systems_A._Husain_1118/CH19/EX19.10/eg19_10.sce #
 
 
 
 
 
 
 
 
 
 
 
 
 
 
 
 
 
 
 
 
 
 
 
 
 
 
 
 
 
 
 
 
 
 
the critical ing angle is:91.28 deg 
 
grepthis#Electrical_Power_Systems_A._Husain_1118/CH20/EX20.1/eg20_1.sce #
 
 
 
 
 
 
The surge impedance of the overhead line is:447 Ohm
 
 
The velocity of the wave in overhead line is:223606.80 km/s
 
 
 
 
 
 
The surge impedance of the cable line is:49.51 Ohm
 
 
The velocity of the wave in cable is:198029.51 km/s
 
 
 
 
 
 
 
 
The transmitted voltage in the cable is:19.93 kV
 
 
 
 
The transmitted current in the cable is:402.64 A
 
 
 
 
The reflected voltage in the cable is:-80.07 kV
 
 
 
 
 
The reflected current in the cable is:179.03 A
 
 
 
 the surge voltage has been changed to 100kV   
 
 
 
 
 
 
 
 
The transmitted voltage in the cable is:180.07 kV
 
 
 
 
The transmitted current in the cable is:402.64 A
 
 
 
 
The reflected voltage in the cable is:80.07 kV
 
 
 
 
The reflected current in the cable is:-1617.26 A 
 
grepthis#Electrical_Power_Systems_A._Husain_1118/CH20/EX20.2/eg20_2.sce #
 
 
 
 
 
 
 
The voltage transmitted into the cable is:-81.82 kV
 
 
 
The voltage transmitted into the cable is:18.18 kV 
 
grepthis#Electrical_Power_Systems_A._Husain_1118/CH20/EX20.3/eg20_3.sce #
 
 
 
 
 
 
 
 
The reflected voltage in the line is:579 V
 
 
 
 
 
The current in the cable is:4.21 A
 
 
 
grepthis#Electrical_Power_Systems_A._Husain_1118/CH20/EX20.4/eg20_4.sce #
 
 
 
 
 
 
 
 
 
 
 
 
 
The transmitted part entering the line BC is:3.95 kV
 
 
 
 
 
The second pulse entering the line BC is:2.39 kV 
 
grepthis#Electrical_Power_Systems_A._Husain_1118/CH20/EX20.5/eg20_5.sce #
 
 
 
 
 
 
 
 
 
 
 
The incident voltage in the cable is:91 kV
 
 
 
The reflected voltage at the transformer end is:84 kV
 
 
 
The voltage at the junction is:175 kV 
 
grepthis#Electrical_Power_Systems_A._Husain_1118/CH20/EX20.6/eg20_6.sce #
 
 
 
 
 
 
 
 
The voltage reflected in line1 is:7 kV
 
 
 
The current reflected in line1 is:17.50 kV
 
 
 
The resistance at the junction is:1200 Ohm 
 
grepthis#Electrical_Power_Systems_A._Husain_1118/CH20/EX20.7/eg20_7.sce #
 
 
 
 
 
 
 
 
 
 
 
The voltage across load after 5us is:16.72 kV 
 
grepthis#Electrical_Power_Systems_A._Husain_1118/CH20/EX20.8/eg20_8.sce #
 
 
 
 
 
 
 
 
 
 
 
 
 
 
The maximum voltage is:31.61 kV 
 
grepthis#Electrical_Power_Systems_A._Husain_1118/CH22/EX22.1/eg22_1.sce #
 
 
 
 
 
 
 
 
 
 
 
 
 
 
 
 
 
The disruptive critical voltage is:101.35 kV
 
 
 
The visual critical voltage for local corona is:112.39 kV
 
 
 
The visual critical voltage for general corona is:128.00 kV 
 
 
grepthis#Electrical_Power_Systems_A._Husain_1118/CH22/EX22.2/eg22_2.sce #
 
 
 
 
 
 
 
 
 
 
 
 
 
 
 
 
 
 
 
 
The total corona loss is: 317.37 kW 
 
 
grepthis#Electrical_Power_Systems_A._Husain_1118/CH24/EX24.1/eg24_1.sce #
 
 
 
 
 
The inductive reactance to neutralize 100 percent of the capacitance is:884.19 Ohm
 
 
 
The inductive reactance to neutralize 90 percent of the capacitance is:982.44 Ohm
 
 
 
The inductive reactance to neutralize 80 percent of the capacitance is:1105.24 Ohm 
 
 
grepthis#Electrical_Power_Systems_A._Husain_1118/CH24/EX24.2/eg24_2.sce #
 
 
 
 l  =
 
    80.  
 
 
 
 
 
 
The inductance is:4.62 H
 
 
 
 
The rating of the arc suppression coil is:4002.52 kVA 
 
grepthis#Electrical_Power_Systems_A._Husain_1118/CH25/EX25.1/eg25_1.sce #
 
 
 
 
 
 
 
 
 
 
 
 
the overall cost is:1.29 Rs 
 
grepthis#Electrical_Power_Systems_A._Husain_1118/CH25/EX25.2/eg25_2.sce #
 
 
 
 
 
 
 
 
 
 
 
 
 
the annual bill is:175000 Rs 
 
grepthis#Electrical_Power_Systems_A._Husain_1118/CH25/EX25.3/eg25_3.sce #
 
 
 
 
 
 
 
 
 
 
 
the cost of energy per kwh at the busbars is:0.608 Rs 
 
 
grepthis#Electrical_Power_Systems_A._Husain_1118/CH25/EX25.4/eg25_4.sce #
 
 
 
 
 
 
 
 
 
 
 
 
 
 
 
The annual energy consumption is:733650 kWh
 
 
 
 
 
 
the energy consumption per year and the yearly bill is:1053745 Rs 
 
grepthis#Electrical_Power_Systems_A._Husain_1118/CH25/EX25.5/eg25_5.sce #
 
 
 
 
 
 
 
 
 
 
 
 
 
 
The saving in energy cost is:14269.41 Rs 
 
grepthis#Electrical_Power_Systems_A._Husain_1118/CH25/EX25.6/eg25_6.sce #
 
 
 
 
 
 
 
 
 
 
the total energy consumed is:854100 kWh
 
 
 
 
The annual electricity bill is:1274964 Rs 
 
grepthis#Electrical_Power_Systems_A._Husain_1118/CH25/EX25.7/eg25_7.sce #
 
 
 
 
 
 
 
 
 
 
 
 
 
 
 
 two part tariff is better   
 
 
grepthis#Electrical_Power_Systems_A._Husain_1118/CH25/EX25.8/eg25_8.sce #
 
 
 
 
 
 
 
 
 
 
 
 
 
 
 
 
 
 
 
 
 
 
 
 
 
 
 
The annual bill is:1712500 Rs
 
 
 
 
 
 
 
 
The annual bill is:1972800 Rs 
 
grepthis#Electrical_Power_Systems_A._Husain_1118/CH25/EX25.9/eg25_9.sce #
 
 
 
 
 
 
 
the number of units for which the tariff is econimical is:1000 
 
 
grepthis#Electrical_Power_Systems_A._Husain_1118/CH25/EX25.10/25_10.sce #
 
 
 
 
 
 
 
The energy consumed per year is: 602.00 kWh 
 
grepthis#Electrical_Power_Systems_A._Husain_1118/CH25/EX25.11/eg25_11.sce #
 
 
 
 
 
 
 
 
 
 
 
 
 
 
 
 
 
 
 
 
 
the generation cost per kwh is:1.47 Rs 
 
grepthis#Electrical_Power_Systems_A._Husain_1118/CH26/EX26.1/eg26_1.sce #
 
 
 
 
 
 
 
 
 
The capaciatnce is:8.91 uF
 
 
 
 
 
 
The capaciatnce is:7.46 uF
 
 
grepthis#Electrical_Power_Systems_A._Husain_1118/CH26/EX26.2/eg26_2.sce #
 
 
 
 
 
 
 
 
 
 
 
The capaciatnce is:82.54 uF
 
 
 
The kVAr is:1.372 kVAr
 
 
the new supply current is:16.67 A 
 
grepthis#Electrical_Power_Systems_A._Husain_1118/CH26/EX26.3/eg26_3.sce #
 
 
 
 
 
 
 
 
The kVAr is:172.880 kVAr
 
 
The capacitance is:3439 uF
 
 
grepthis#Electrical_Power_Systems_A._Husain_1118/CH26/EX26.4/eg26_4.sce #
 
 
 
 
 
 
 
 
 
 
 
 
 
The capacitance is:237.42 uF
 
 
grepthis#Electrical_Power_Systems_A._Husain_1118/CH26/EX26.5/eg26_5.sce #
 
 
 
 
 
 
 
 
 
 
 
 
 
 
the current is:49.98 A
 
 
 
 
 
The capacitance is:457.47 uF
 
 
 
grepthis#Electrical_Power_Systems_A._Husain_1118/CH26/EX26.6/eg26_6.sce #
 
 
 
 
 
 
 
 
 
 
The capacitance is:147.71 uF
 
 
 
 
 
 
 
 
The capacitance is:443.14 uF
 
 
grepthis#Electrical_Power_Systems_A._Husain_1118/CH26/EX26.7/eg26_7.sce #
 
 
 
 
 
 
 
The kVAr is:302.94 kVAr
 
 
 
The kVA is:319.02 kVA
 
 
 
The power factor is:0.313 leading
 
 
grepthis#Electrical_Power_Systems_A._Husain_1118/CH26/EX26.8/eg26_8.sce #
 
 
 
 
 
 
 
 
 
 
 
 
 
 
 
 
 
 
The power factor is:0.9974 leading
 
 
 
 
The kVAr is:0.936 kVAr
 
 
 
 
The kVA is:13 kVA
 
 
grepthis#Electrical_Power_Systems_A._Husain_1118/CH26/EX26.9/eg26_9.sce #
 
 
 
 
 
 
 
 
 
 
 
 
 
 
 
 
The kVA is:75.43 kVA
 
 
 
The power factor is:0.7822 lagging
 
 
 
The capacitance is:47 kVAr leading
 
 
grepthis#Electrical_Power_Systems_A._Husain_1118/CH26/EX26.10/eg26_10.sce #
 
 
 
 
 
 
 
 
 
 
 
 
The annual saving is:106875 Rs 
 
grepthis#Electrical_Power_Systems_A._Husain_1118/CH26/EX26.11/eg26_11.sce #
 
 
 
 
 
 
 
The power factor is:0.9539 lagging
 
 
 
 
The capacitance is:769 uF
 
 
grepthis#Electrical_Power_Systems_A._Husain_1118/CH26/EX26.12/eg26_12.sce #
 
 
 
 
 
 
 
 
 
 
 
 
 
 
 
 
The annual saving is:53215 Rs 
 
grepthis#Electrical_Power_Systems_A._Husain_1118/CH26/EX26.13/eg26_13.sce #
 
 
 
 
 
 
 
 
 
the limiting cost per kvar is:4912.12 Rs 
 
 
