Total number of .sce files(without counting DEPENDENCIES directory): 126

grepthis#Electrical_Machines-2_T._Singh_1748/CH1/EX1.1/Exa1_1.sce #
 
 
 
 
 
 
 
 
 
 
 
 As the winding is in single layer, each slot contains one coil slide only.   
 
 
 
 
 
 Total no. of Coils :    
 
    12.  
 
 
 
 No. of poles :    
 
    4.  
 
 
 
 Poles Pitch =    
 
    6.  
 
 
 In case of single layer winding, the pole ppitch is generally taken in odd num 
      bers only, such as 5,7.9 etc. One slot will remain unoccupied, if the pit 
      ch is taken as even number.                                               
 
 
 let pole pitch = 5(for short pitch winding)   
 
 
 
 Coil Span or coil through = 1-6   
 
 
 
 No. of Coils/Pole/Phase =    
 
    1.  
 
 
 
 
 
 Electrical Degrees/Slot =    
 
    30.  
 
 
 
 No. of slotes required for proper phase displacement =    
 
    4.  
 
 
 Winding Table is as follows :   
 
 
 Coil No.     Connection Lead from     Coil Span     Phase and Group No.   
 
 
    1                   A1               1-6                  A1   
 
 
    2                                    3-8                  C4   
 
 
    3                   B1               5-10                 B1   
 
 
    4                                    7-12                 A2   
 
 
    5                   C1               9-14                 C1   
 
 
    6                                   11-16                 B2   
 
 
    7                                   13-18                 A3   
 
 
    8                                   15-20                 C2   
 
 
    9                                   17-22                 B3   
 
 
   10                                   19-24                 A4   
 
 
   11                                   21-2                  C3   
 
 
   12                                   23-4                  B4   
 
grepthis#Electrical_Machines-2_T._Singh_1748/CH1/EX1.1.p/prob1_1.sce #
 
 
 
 
 
 
 
 
 
 
 
 
 
 
 Distribution factor for 36 slots :    
 
    0.96  
 
 
grepthis#Electrical_Machines-2_T._Singh_1748/CH1/EX1.2/Exa1_2.sce #
 
 
 
 
 
 
 
 
 
 
 As the winding is in double layer, each slot contains 2 coils per slide.   
 
 
 
 
 
 Total no. of Coils :    
 
    24.  
 
 
 
 Pole Pitch =    
 
    6.  
 
 
 
 No. of Coils/Pole/Phase =    
 
    2.  
 
 
 
 
 
 Electrical Degrees/Slot =    
 
    30.  
 
 
 
 No. of slotes required for proper phase displacement =    
 
    4.  
 
 
 ie. Phase A1 is brought out from slot no. = 1   
 
 
 Phase B1 at slot no. = 1+4 = 5   
 
 
 Phase C1 at slot no. = 5+4 = 9   
 
 
 Col Connection - end to start to start   
 
 
 Winding Table is as follows :   
 
 
 Coil No.     Connection Lead from     Coil Span     Phase and Group No.   
 
 
    1                   A1               1-6                  A1   
 
 
    2                                    2-7                       
 
 
    3                                    3-8                  C4   
 
 
    4                                    4-9                       
 
 
    5                   B1               5-10                 B1   
 
 
    6                                    6-11                      
 
 
    7                                    7-12                 A2   
 
 
    8                                    8-13                      
 
 
    9                   C1               9-14                 C1   
 
 
   10                                   10-15                      
 
 
   11                                   11-16                 B2   
 
 
   12                                   12-17                      
 
 
   13                                   13-18                 A3   
 
 
   14                                   14-19                      
 
 
   15                                   15-20                 C2   
 
 
   16                                   16-21                      
 
 
   17                                   17-22                 B3   
 
 
   18                                   18-23                      
 
 
   19                                   19-24                 A4   
 
 
   20                                   20-1                       
 
 
   21                                   21-2                  C3   
 
 
   22                                   22-3                       
 
 
   23                                   23-4                       
 
 
   24                                   24-5                  B4   
 
grepthis#Electrical_Machines-2_T._Singh_1748/CH1/EX1.2.p/prob1_2.sce #
 
 
 
 
 
 
 
 
 
 
 
 
 
 
 Distribution factor :    
 
    0.97  
 
 
 
 
 Pitch factor :    
 
    0.97  
 
 
grepthis#Electrical_Machines-2_T._Singh_1748/CH1/EX1.3/Exa1_3.sce #
 
 
 
 
 
 
 
 
 
 
 
 Slots/Pole =    
 
    9.  
 
 
 Here the coil span falls short by, 40 Degree   
 
 
 
 
 Pitch Factor or coil span factor :    
 
    0.9  
 
grepthis#Electrical_Machines-2_T._Singh_1748/CH1/EX1.3.p/prob1_3.sce #
 
 
 
 
 
 
 
 
 
 
 
 No. of poles :    
 
    4.  
 
 
 
 Voltage per phase of alternator(in volt) :    
 
   6351.  
 
 
grepthis#Electrical_Machines-2_T._Singh_1748/CH1/EX1.4/Exa1_4.sce #
 
 
 
 
 
 
 
 
 
 
 
 
 
 
 
 
 
 
 
 
 
 
 
 Frequency in Hz :    
 
    50.  
 
 
 Phase Electromotive force in Volt :    
 
    1534.14  
 
 
 Line Electromotive force in Volt :    
 
    2657.2  
 
grepthis#Electrical_Machines-2_T._Singh_1748/CH1/EX1.4.p/prob1_4.sce #
 
 
 
 
 
 
 
 
 
 
 
 
 
 
 Distribution factor :    
 
    0.9598  
 
 
 
 
 
 
 Pitch factor :    
 
    0.9848  
 
 
grepthis#Electrical_Machines-2_T._Singh_1748/CH1/EX1.5/Exa1_5.sce #
 
 
 
 
 
 
 
 
 
 
 
 
 The phase difference difference between the induced emf in two coils lying in  
      adjacent slots = 20 degree                                                
 
 
 
 The breadth factor :     
 
    0.960  
 
grepthis#Electrical_Machines-2_T._Singh_1748/CH1/EX1.5.p/prob1_5.sce #
 
 
 
 
 
 
 
 
 
 
 
 
 
 
 Frequency in Hz :    
 
    50.  
 
 
 
 
 
 
 
 
 
 
 EMF per phase in volt :    
 
    1790.  
 
 
 
 Line EMF in volt :    
 
    3100.  
 
 
grepthis#Electrical_Machines-2_T._Singh_1748/CH1/EX1.6/Exa1_6.sce #
 
 
 
 
 
 
 StatorSlots  =
 
    24.  
 
 
 
 
 
 If the sides of the coil are placed in slots 1 and 7, then it is full pitched, 
       but if the coil slides are placed in 1 and 6 then it is short pitched an 
      d the distance equal to 5/6th of pole-pitch.                              
 
 
 Since it falls short by 1/6th of the pole-pitch, hence it is short by :   
 
 
 
 30 Degree.   
 
 
 
 Pitch-factor Kp :    
 
    0.9659  
 
grepthis#Electrical_Machines-2_T._Singh_1748/CH1/EX1.6.p/prob1_6.sce #
 
 
 
 
 
 
 
 
 
 
 
 
 
 
 Distribution factor :    
 
    0.9598  
 
 
 
 
 
 
 Pitch factor :    
 
    0.9848  
 
 
grepthis#Electrical_Machines-2_T._Singh_1748/CH1/EX1.7/Exa1_7.sce #
 
 
 
 
 
 
 
 
 
 
 StatorSlots  =
 
    144.  
 
 
 
 
 
 
 
 
 
 
 
 The Flux per pole in weber :    
 
    0.0745  
 
grepthis#Electrical_Machines-2_T._Singh_1748/CH1/EX1.7.p/prob1_7.sce #
 
 
 
 
 
 
 
 
 
 
 
 
 
 
 
 
 
 
 
 
 
 
 
 
 Useful flux per pole in Wb :    
 
    0.943  
 
 
 
grepthis#Electrical_Machines-2_T._Singh_1748/CH1/EX1.8/Exa1_8.sce #
 
 
 
 
 
 
 
 
 
 
 
 
 
 
 
 
 
 
 
 The coil span falls short of 2 slots i.e. 40 degree.   
 
 
 
 
 
 
 
 
 The speed is 375 in rpm   
 
 
 The line emf is 2064.1 Volts   
 
 
grepthis#Electrical_Machines-2_T._Singh_1748/CH1/EX1.8.p/prob1_8.sce #
 
 
 
 
 
 
 
 
 
 
 
 
 
 
 
 
 
 
 
 % regulation when power factor lagging :    
 
    21.8  
 
 
 
 
 
 % regulation when power factor leading :    
 
  - 3.08  
 
 
grepthis#Electrical_Machines-2_T._Singh_1748/CH1/EX1.9/Exa1_9.sce #
 
 
 
 
 
 
 
 
 
 
 
 
 
 
 
 
 
 
 
 
 
 
 
 
 
 
 
 Full load perentage regulation at a power factor of 0.8 lagging :    
 
    2.207  
 
 
 
 
 
 
 Full load perentage regulation at a power factor of 0.8 leading :    
 
  - 1.78  
 
 
 Negative regulation due to leading power factor.   
 
grepthis#Electrical_Machines-2_T._Singh_1748/CH1/EX1.9.p/prob1_9.sce #
 
 
 
 
 
 
 
 
 
 
 
 
 
 
 
 
 Armature conductor connected in series per phase :    
 
    361.  
 
 
 
grepthis#Electrical_Machines-2_T._Singh_1748/CH1/EX1.10/Exa1_10.sce #
 
 
 
 
 
 
 
 
 
 
 
 
 Some exciting curent on short circuit produces a current of 100 A.   
 
 
 
 
 
 
 Impedence of the alternator in Ohm :    
 
    0.995  
 
 
 
 
 
 
 
 Regulation at U.P.F. in % :   
 
    7.711  
 
grepthis#Electrical_Machines-2_T._Singh_1748/CH1/EX1.10.p/prob1_10.sce #
 
 
 
 
 
 
 
 
 
 
 
 
 
 
 
 
 Armature conductor connected in series per phase :    
 
    361.  
 
 
 
grepthis#Electrical_Machines-2_T._Singh_1748/CH1/EX1.11/Exa1_11.sce #
 
 
 
 
 
 
 
 
 
 
 
 
 
 
 
 For a star connected alternator, line current is equal to phase current. There 
      fore Ia=IL                                                                
 
 
 
 
 
 
 
 
 
 Voltage Regulation at Full Load in % :   
 
    12.975  
 
grepthis#Electrical_Machines-2_T._Singh_1748/CH1/EX1.11.p/prob1_11.sce #
 
 
 
 
 
 
 
 
 
 
 
 
 
 
 
 
 
 Minimum current by putting cosfi=1 in Ampere is :     
 
    12.5  
 
 
 
 
 
 
 Line Induced emf in volt :    
 
    455.  
 
 
grepthis#Electrical_Machines-2_T._Singh_1748/CH1/EX1.12/Exa1_12.sce #
 
 
 
 
 
 
 
 
 
 
 
 
 
 
 
 
 
 E  =
 
    2137.8  
 
 
 
 Regulation at U.P.F. in % :   
 
    6.8878  
 
 
 
 
 
 E  =
 
    2422.  
 
 
 
 Regulation at 0.71 pf lagging in % :   
 
    21.098  
 
 
 
 
 
 E  =
 
    1822.5  
 
 
 
 Regulation at 0.8 pf leading in % :   
 
  - 8.8756  
 
grepthis#Electrical_Machines-2_T._Singh_1748/CH1/EX1.12.p/prob1_12.sce #
 
 
 
 
 
 
 
 
 
 
 
 
 
 
 
 
 
 
 
 
 
 
 
 
 Line emf in volt :    
 
    426.8  
 
 
grepthis#Electrical_Machines-2_T._Singh_1748/CH1/EX1.13/Exa1_13.sce #
 
 
 
 
 
 
 
 EMF induced on 900 Volt on open circuit can be ragarded as being responsible f 
      or circulationg short circuit current of 150 mA, through the synchronous  
      impedence of the winding when the excitation current is 10 mA.            
 
 
 The value of synchronous impedence at this excitation :   
 
 
 
 
 
 Zs equals to 6 Ohm   
 
 
 Internal Voltage drop when tthe load current is 60A=Ia*Zs=360 Volts   
 
grepthis#Electrical_Machines-2_T._Singh_1748/CH1/EX1.13.p/prob1_13.sce #
 
 
 
 
 
 
 
 P  =
 
    1200.  
 
 
 
 
 
 
 
 
 
 
 Power of alternator B in KW :    
 
    786.  
 
 
 
 
 Leading power factor of alternator B :    
 
    0.9690  
 
 
 
 Current in alternator B in Ampere :    
 
    352.68  
 
 
grepthis#Electrical_Machines-2_T._Singh_1748/CH1/EX1.14/Exa1_14.sce #
 
 
 
 
 
 
 
 
 
 
 
 
 
 
 
 
 
 
 
 
 
 Percentage Change in Terminal Voltage :   
 
    14.9  
 
grepthis#Electrical_Machines-2_T._Singh_1748/CH1/EX1.14.p/prob1_14.sce #
 
 
 
 
 
 
 P1  =
 
    600.  
 
 
 
 P2  =
 
    800.  
 
 
 
 P3  =
 
    800.  
 
 
 
 
 
 
 
 
 
 
 
 
 
 
 Active power supplied by alternator B in KW :    
 
    1200.  
 
 
 
 
 
 Power factor of alternator B(leading) :    
 
    0.8217  
 
 
grepthis#Electrical_Machines-2_T._Singh_1748/CH1/EX1.15/Exa1_15.sce #
 
 
 
 
 
 
 
 
 
 
 
 
 
 
 
 
 
 
 
 
 
 
 
 
 
 
 Regulation at U.P.F. in % :   
 
    25.901  
 
 
 
 
 
 E  =
 
    1647.7  
 
 
 
 Regulation at 0.71 pf lagging in % :   
 
  - 13.517  
 
 
grepthis#Electrical_Machines-2_T._Singh_1748/CH1/EX1.16/Exa1_16.sce #
 
 
 
 
 
 
 
 
 
 
 
 
 
 
 
 
 
 
 
 Induced emf in volt :    
 
    4366.0726  
 
 
 As excitation remains constant, E at 4364 volt remains constant.   
 
 
 
 Let the terminal voltage for the same excitation and load current at 0.8 power 
       factor leading be V.                                                     
 
 
 4364=sqrt((V*cos_fi+Ia*Ra)^2+(VPerPhase*sin_fi+Ia*Xs)^2)   
 
 
 V=4743 Volts   
 
 
 
 
 Terminal voltage line to line in Volts :    
 
    8215.117  
 
 
grepthis#Electrical_Machines-2_T._Singh_1748/CH1/EX1.16.p/prob1_16.sce #
 
 
 
 
 
 
 
 
 
 
 
 
 Terminal voltage in volt :    
 
    4500.  
 
 
 
 
 
 Reactive Power(MVAR) :    
 
    13.5  
 
 
grepthis#Electrical_Machines-2_T._Singh_1748/CH1/EX1.17/Exa1_17.sce #
 
 
 
 
 
 
 
 
 
 
 
 
 
 
 
 
 
 
 
 
 
 
 
 
 
 
 
 
 
 KW output of second machine :    
 
    3500.  
 
 
 
 
 
 
 
 Power factor of other machine : 0.8682431 lagging   
 
grepthis#Electrical_Machines-2_T._Singh_1748/CH1/EX1.18/Exa1_18.sce #
 
 
 
 
 
 
 
 
 
 
 
 
 
 
 
 
 
 
 
 
 
 
 
 
 
 
 
 
 
 
 
 
 
 
 
 
 
 
 
 
 
 KW supplied by other machine : 1300   
 
 
 KVAR supplied by other machine : 349.05579   
 
 
 
 
 
 Power factor of the other machine : 0.9657916   
 
grepthis#Electrical_Machines-2_T._Singh_1748/CH1/EX1.18.p/prob1_18.sce #
 
 
 
 
 
 
 
 
 
 
 
 
 
 
 Line current in Ampere :    
 
    3800.  
 
 
grepthis#Electrical_Machines-2_T._Singh_1748/CH1/EX1.19/Exa1_19.sce #
 
 
 
 
 
 
 
 
 
 
 
 
 
 cos_fi  =
 
    0.8  
 
 
 
 
 
 
 
 
 
 
 
 
 
 
 
 
 
 Load of other machine,KW : 28000   
 
 
 
 
 
 
 Power factor of the other machine : 0.9247570   
 
grepthis#Electrical_Machines-2_T._Singh_1748/CH1/EX1.20/Exa1_20.sce #
 
 
 
 
 
 
 
 
 
 
 
 
 
 
 
 
 
 
 
 
 
 
 
 
 
 
 Power factor of the other machine : 0.6424576   
 
grepthis#Electrical_Machines-2_T._Singh_1748/CH1/EX1.21/Exa1_21.sce #
 
 
 
 
 
 
 
 
 
 
 
 
 
 
 KVA rating of the alternator : 7500 KVA   
 
 
 
 
 
 
 Current Rating in Ampere :    
 
    721.69  
 
 
 
 
 Power Input(in KW) :   
 
    6666.7  
 
 
 
 Power Input(in hp) :   
 
    9064.1  
 
grepthis#Electrical_Machines-2_T._Singh_1748/CH1/EX1.22/Exa1_22.sce #
 
 
 
 
 
 
 
 
 
 
 
 
 
 
 Line volts(in V):    
 
    13856.  
 
 
 
 
 Line Current in Ampere :    
 
    418.  
 
 
 
 
 Rating (in KVA) :   
 
    10032.  
 
 
 
 
 Full Load Power in KW :   
 
    8025.6  
 
grepthis#Electrical_Machines-2_T._Singh_1748/CH2/EX2.1/Exa2_1.sce #
 
 
 
 
 
 
 
 
 
 
 
 
 Synchronous speed in rpm :    
 
    3600.  
 
 
 Percentage Slip :    
 
    4.  
 
grepthis#Electrical_Machines-2_T._Singh_1748/CH2/EX2.1.p/problem2_1.sce #
 
 
 
 
 
 
 
 
 
 Synchronous speed in rpm :    
 
    750.  
 
 
grepthis#Electrical_Machines-2_T._Singh_1748/CH2/EX2.2/Exa2_2.sce #
 
 
 
 
 
 
 
 
 
 
 
 Synchronous speed in rpm :    
 
    750.  
 
 
 
 
 Slip(in %) :    
 
    6.6666667  
 
 
 
 
 
 Rotor frequeny at the time of starting(in Hz) :    
 
    50.  
 
 
 
 
 Rotor frequeny at the given speed(in Hz) :    
 
    3.3333333  
 
 
grepthis#Electrical_Machines-2_T._Singh_1748/CH2/EX2.2.p/problem2_2.sce #
 
 
 
 
 
 
 
 
 
 Maximum speed in rpm :    
 
    3000.  
 
 
grepthis#Electrical_Machines-2_T._Singh_1748/CH2/EX2.3/Exa2_3.sce #
 
 
 
 
 
 
 
 
 
 
 
 
 
 
 
 
 
 Induction motor speed is somewhat less than the synchronous speed. In this cas 
      e indution motor speed, Nr is 1440 rpm.                                   
 
 
 
 Percentage Slip(in %) : 4   
 
 
 No. of poles : 4   
 
grepthis#Electrical_Machines-2_T._Singh_1748/CH2/EX2.3.p/problem2_3.sce #
 
 
 
 
 
 
 
 
 
 
 
 
 
 Synchronous speed in rpm :    
 
    375.  
 
 
 
 
 Actual speed of motor in rpm :    
 
    365.625  
 
 
grepthis#Electrical_Machines-2_T._Singh_1748/CH2/EX2.4/Exa2_4.sce #
 
 
 
 
 
 
 
 
 
 
 
 
 
 
 Motor running speed in rpm :    
 
    728.  
 
 
 Slip(in %):   
 
    3.  
 
grepthis#Electrical_Machines-2_T._Singh_1748/CH2/EX2.4.p/problem2_4.sce #
 
 
 
 
 
 
 
 
 
 
 
 
 Slip(%) :    
 
    3.17  
 
 
 
 Rotor frequency(in Hz) :    
 
    1.58  
 
 
grepthis#Electrical_Machines-2_T._Singh_1748/CH2/EX2.5/Exa2_5.sce #
 
 
 
 
 
 
 
 
 
 
 
 
 Synchronous speed in rpm :    
 
    1500.  
 
 
 
 Slip = 4% or 0.04   
 
 
 
 
 Actual speed in rpm :   
 
    1440.  
 
grepthis#Electrical_Machines-2_T._Singh_1748/CH2/EX2.5.p/problem2_5.sce #
 
 
 
 
 
 
 
 
 
 
 Rotor Copper Loss(KW) :    
 
    1.5  
 
 
 
 Total mechanical power devloped(KW) :    
 
    48.5  
 
 
grepthis#Electrical_Machines-2_T._Singh_1748/CH2/EX2.6/Exa2_6.sce #
 
 
 
 
 
 
 
 
 
 
 Slip :    
 
    0.03  
 
 
 
 
 Speed of motor in rpm :   
 
    1455.  
 
grepthis#Electrical_Machines-2_T._Singh_1748/CH2/EX2.6.p/problem2_6.sce #
 
 
 
 
 
 
 
 
 
 
 
 
 
 
 
 
 
 
 
 Slip :    
 
    0.052  
 
 
 
 
 
 
 Torque Devloped in Nw-m :    
 
    128.3  
 
 
 
 Torque Available(Nw-m) :    
 
    114.2  
 
 
grepthis#Electrical_Machines-2_T._Singh_1748/CH2/EX2.7/Exa2_7.sce #
 
 
 
 
 
 
 
 
 For this speed of 1440 rpm the synchronous speed may be either 1500 rpm or 300 
      0 rpm.                                                                    
 
 
 If the synchronous speed is 3000 rpm then in generl case the speed will not be 
       too slow. o the synchronous speed for this motor is 1500 rpm and and no. 
       of poles corresponding to this speed is 4.                               
 
 
 
 
 No. of poles :    
 
    4.  
 
 
 
 Slip(in %) :    
 
    4.  
 
 
 
 Speed of rotor flux with respect to rotor in rpm :    
 
    60.  
 
 
 
 Speed of rotor flux with respect to stator in rpm :   
 
    1500.  
 
grepthis#Electrical_Machines-2_T._Singh_1748/CH2/EX2.7.p/problem2_7.sce #
 
 
 
 
 
 
 
 
 
 
 
 
 
 
 
 
 Total Input to the rotor(KW) :    
 
    8.8  
 
 
 
 
 Rotor Copper Loss(watts) :    
 
    352.  
 
 
 
 Mechanical Power devloped(in Watts)   
 
   8445.  
 
 
 
grepthis#Electrical_Machines-2_T._Singh_1748/CH2/EX2.8/Exa2_8.sce #
 
 
 
 
 
 
 
 
 
 
 
 
 
 At 4% slip, Rotor current in Ampere :    
 
    46.040926  
 
 
 
 At 4% slip, Phase angle between rotor voltage and rotor current in degree :   
 
    4.5739213  
 
 
 
 
 
 At 100% slip, Rotor current in Ampere :    
 
    516.39778  
 
 
 
 At 100% slip, Phase angle between rotor voltage and rotor current in degree :  
 
    63.434949  
 
grepthis#Electrical_Machines-2_T._Singh_1748/CH2/EX2.8.p/problem2_8.sce #
 
 
 
 
 
 
 
 
 
 
 
 
 
 
 Rotor current in Ampere :    
 
    11.3  
 
 
 
 
 For developing maximum torque   
 
 
 Slip is :    
 
    0.2  
 
 
 
 Rotor current in Ampere :    
 
    40.8  
 
 
grepthis#Electrical_Machines-2_T._Singh_1748/CH2/EX2.9/Exa2_9.sce #
 
 
 
 
 
 
 
 
 
 
 
 
 
 
 Rotor currentt in Ampere :    
 
    5.6326856  
 
grepthis#Electrical_Machines-2_T._Singh_1748/CH2/EX2.9.p/problem2_9.sce #
 
 
 
 
 
 
 
 
 
 
 
 
 
 
 Max. Torque condition : R2=X2   
 
 
 
 
 External resistance to be added(ohm/phase) :    
 
    0.9  
 
 
grepthis#Electrical_Machines-2_T._Singh_1748/CH2/EX2.10/Exa2_10.sce #
 
 
 
 
 
 
 
 
 
 
 
 
 
 
 
 At standstill : Rotor current in Ampere :    
 
    17.23455  
 
 
 
 
 
 
 for 10% slip : Rotor current in Ampere :    
 
    12.247449  
 
 
 
 
 
 
 for 5% slip : Rotor current in Ampere :    
 
    7.7459667  
 
 
 
 
 
 
 for 1% slip : Rotor current in Ampere :    
 
    1.723455  
 
 
grepthis#Electrical_Machines-2_T._Singh_1748/CH2/EX2.10.p/problem2_10.sce #
 
 
 
 
 
 
 
 
 
 
 
 
 
 
 
 
 
 Tstarting=k*E2^2*R2/(R2^2+X2^2)=Tmax/2   
 
 
 and Tmax=k*E2^2/(2*X2^2)   
 
 
 This two eqn gives a polynomoial p for R2.   
 
 
 
 
 Additional resistance is  8.293 ohm or  0.595 ohm   
 
 
 Higher value should be neglected. So answer is  0.595 ohm.   
 
 
grepthis#Electrical_Machines-2_T._Singh_1748/CH2/EX2.11/Exa2_11.sce #
 
 
 
 
 
 
 
 
 
 
 
 
 
 Sliprings are short circuited, Rotor current in Ampere :    
 
    6.3757671  
 
 
 
 Power factor :    
 
    0.1104315  
 
 
 
 
 
 
 Sliprings are short circuited, Rotor current in Ampere :    
 
    6.389809  
 
 
 
 Power factor :    
 
    0.0885398  
 
 
grepthis#Electrical_Machines-2_T._Singh_1748/CH2/EX2.11.p/problem2_11.sce #
 
 
 
 
 
 
 
 
 Motor running at full load, no. of poles should be 20   
 
 
 
 
 
 T is proportional to S/R2 but T is same   
 
 
 
 New value of slip is :    
 
    6.6666667  
 
 
grepthis#Electrical_Machines-2_T._Singh_1748/CH2/EX2.12/Exa2_12.sce #
 
 
 
 
 
 
 
 
 
 
 Torque at standing will be maximum if R2/X2=S=1   
 
 
 Since at start speed is zero and slip is, therefore, unity or R2=X2   
 
 
 
 External resistance per phase added to the rotor circuit in ohms :    
 
    0.08  
 
grepthis#Electrical_Machines-2_T._Singh_1748/CH2/EX2.12.p/problem2_12.sce #
 
 
 
 
 
 
 
 
 
 Ts is proportional to Is^2   
 
 
 and Tf is proportional to If^2/S   
 
 
 From these eqn we get :   
 
 
 
 Starting torque is 40 % of full load torque.   
 
 
grepthis#Electrical_Machines-2_T._Singh_1748/CH2/EX2.13/Exa2_13.sce #
 
 
 
 
 
 
 
 
 
 
 
 
 
 Speed corresponding to maximum torque(in rpm) :   
 
    1125.  
 
 
 Let r be the external resistance introduced per phase in the rotor circuit. Ra 
      tio of rotor circuit resistance to rotor standstill resistance=alfa       
 
 
 
 
 
 
 
 
 rejecting higher values, alfa = 0.4514162   
 
 
 
 
 External rotor resistance per phase(in ohm) :    
 
    0.0241699  
 
grepthis#Electrical_Machines-2_T._Singh_1748/CH2/EX2.13.p/problem2_13.sce #
 
 
 
 
 
 
 
 
 
 
 
 
 
 
 
 
 
 
 Starting torque(Nw-m) :    
 
    3.054  
 
 
 
 
 Maximum torque(Nw-m) :    
 
    9.415  
 
 
 
grepthis#Electrical_Machines-2_T._Singh_1748/CH2/EX2.14/Exa2_14.sce #
 
 
 
 
 
 
 
 
 
 
 Since the torque under running condition is maximum at that value of slip whic 
      h makes rotor reactance per phase equal to the rotor resistance per phase 
      .                                                                         
 
 
 
 
 
 Speed corresponding to maximum torque in rpm :    
 
    1440.  
 
grepthis#Electrical_Machines-2_T._Singh_1748/CH2/EX2.14.p/problem2_14.sce #
 
 
 
 
 
 
 
 
 
 
 
 
 
 
 
 
 
 
 
 
 
 
 Starting torque(Nw-m) :    
 
    40.48  
 
 
 
grepthis#Electrical_Machines-2_T._Singh_1748/CH2/EX2.15/Exa2_15.sce #
 
 
 
 
 
 
 
 
 
 
 
 
 Maximum torque, Tmax=2.6Tf   
 
 
 Since the torque under running condition is maximum at that value of slip whic 
      h makes rotor reactance per phase equal to the rotor resistance per phase 
      .                                                                         
 
 
 
 
 
 Speed corresponding to maximum torque in rpm :    
 
    800.  
 
grepthis#Electrical_Machines-2_T._Singh_1748/CH2/EX2.15.p/problem2_15.sce #
 
 
 
 
 
 
 
 
 
 
 
 
 
 
 
 
 
 
 
 Resistance to be added in ohm :    
 
    2.1333  
 
 
 
 
  Input to the rotor(in watts)  :    
 
    15625.  
 
 
 
 Rotor Copper Loss(in watts) :    
 
    7291.7  
 
 
 
 Output power(in Watts) :    
 
    8333.3  
 
 
 Input at a slip of 4%(in Watts) :    
 
    15625.  
 
 
 
grepthis#Electrical_Machines-2_T._Singh_1748/CH2/EX2.16/Exa2_16.sce #
 
 
 
 
 
 
 
 
 
 
 
 
 
 Speed at maximum torque in rpm :    
 
    470.  
 
 
 
 
 Ratio of full load torque to max torque(in %) :   
 
    32.432432  
 
grepthis#Electrical_Machines-2_T._Singh_1748/CH2/EX2.16.p/problem2_16.sce #
 
 
 
 
 
 
 
 
 
 
 
 
 
 
 
 
 
 
 
 
 
 
 
 
 Slip is :    
 
    0.068  
 
 
grepthis#Electrical_Machines-2_T._Singh_1748/CH2/EX2.17/Exa2_17.sce #
 
 
 
 
 
 
 
 
 
 
 
 
 
 At maximum torque, Tmax is proportional to 1/2*X2 or 1/20   
 
 
 Now if a resistance R is to be inserted in series with each phase of the rotor 
       to reduce the starting torque to 1/3 of maximum torque, then             
 
 
 Ts is proportional to (R2+R)/((R2+R)^2+X2^2)   
 
 
 Also, Ts is proportional to 1(20*3)   
 
 
 Equating the two eqn we have : (0.5*R)/(R2+R)^2+X2^2   
 
 
 
 
 
 
 Resistance R to be inserted in series (in ohm) :   
 
    1.2157288  
 
 
grepthis#Electrical_Machines-2_T._Singh_1748/CH2/EX2.17.p/problem2_17.sce #
 
 
 
 
 
 
 
 
 
 
 
 
 
 
 
 
 
 
 
 Rotor current in Ampere :    
 
    28.28  
 
 
grepthis#Electrical_Machines-2_T._Singh_1748/CH2/EX2.18/Exa2_18.sce #
 
 
 
 
 
 
 
 
 
 
 
 
 
 
 
 
 Starting torque, Tst=0.9615385k   
 
 
 Maximum torque, Tm=K/0.4   
 
 
 Thus, Tst in terms of Tm can be expressed as :    
 
 
 Tst/Tm=0.384 or Tst=0.384Tm   
 
 
 Therefore, staring torque is 38.4% of maximum torque.   
 
grepthis#Electrical_Machines-2_T._Singh_1748/CH2/EX2.18.p/problem2_18.sce #
 
 
 
 
 
 
 
 
 
 
 
 
 
 
 
 
 
 
 
 % of max torque is :    
 
    27.  
 
 
 
 
 
 
 % of max torque at slip 3% is :    
 
    41.  
 
 
grepthis#Electrical_Machines-2_T._Singh_1748/CH2/EX2.19/Exa2_19.sce #
 
 
 
 
 
 
 
 
 
 
 
 
 
 
 % Slip :    
 
    6.  
 
 
 
 Speed of motor in rpm :    
 
    940.  
 
 
 
 
 Rotor Copper Loss per phase(in KW) :    
 
    2.238  
 
grepthis#Electrical_Machines-2_T._Singh_1748/CH2/EX2.19.p/problem2_19.sce #
 
 
 
 
 
 
 
 
 
 
 
 
 
 
 
 Rotor current per phase(Ampere) :    
 
    6.38  
 
 
 
 Rotor power factor :    
 
    0.11  
 
 
 
 
 
 
 Rotor current per phase(Ampere) :    
 
    4.54  
 
 
 
 Rotor power factor :    
 
    0.71  
 
 
grepthis#Electrical_Machines-2_T._Singh_1748/CH2/EX2.20/Exa2_20.sce #
 
 
 
 
 
 
 
 
 
 
 
 
 
 Rotor Copper Losses per phase(in watts) :    
 
    590.  
 
 
 
 Total mechanial power developed(in KW) :    
 
    57.23  
 
grepthis#Electrical_Machines-2_T._Singh_1748/CH2/EX2.20.p/problem2_20.sce #
 
 
 
 
 
 
 
 
 
 
 
 
 
 (a) For direct on line starting, ratio starting torque to Full load torque is  
      :                                                                         
 
    0.495  
 
 
 
 
 (b) For star delta starting, ratio starting torque to Full load torque is :    
 
    0.165  
 
 
 
 
 (c) For star delta starting, ratio starting torque to Full load torque is :    
 
    0.278  
 
 
grepthis#Electrical_Machines-2_T._Singh_1748/CH2/EX2.21/Exa2_21.sce #
 
 
 
 
 
 
 
 
 
 
 
 
 
 Speed of motor(in rpm) :    
 
    960.  
 
 
 
 
 
 Rotor Copper Loss(in watts) :    
 
    843.75  
 
grepthis#Electrical_Machines-2_T._Singh_1748/CH2/EX2.22/Exa2_22.sce #
 
 
 
 
 
 
 
 
 
 
 
 
 
 
 Slip :    
 
    0.033  
 
 
 
 
 Rotor Speed(in rpm) :    
 
    967.  
 
 
 
 Total mechanial power developed(in KW) :    
 
    105.1  
 
 
 
 Rotor Copper Loss(in watts) :    
 
    2667.  
 
 
 
 Copper Loss per phase(in watts) :    
 
    888.9  
 
 
 
 
 Rotorresistance per phase(in ohm) :    
 
    0.247  
 
 
grepthis#Electrical_Machines-2_T._Singh_1748/CH2/EX2.23/Exa2_23.sce #
 
 
 
 
 
 
 
 
 
 
 
 
 
 
 
 Rotor Copper Loss(in KW) :    
 
    41.92  
 
 
 
 
 Effiiency(in %) :   
 
    41.55  
 
grepthis#Electrical_Machines-2_T._Singh_1748/CH2/EX2.24/Exa2_24.sce #
 
 
 
 
 
 
 
 
 
 
 
 
 
 
 Slip :    
 
    0.033  
 
 
 
 
 Rotor Speed(in rpm) :    
 
    967.  
 
 
 
 
 
 Copper Loss per phase(in watts) :    
 
    888.9  
 
 
 
 
 Rotorresistance per phase(in ohm) :    
 
    0.247  
 
 
 
 Total mechanial power developed(in H.P.) :    
 
    105.1  
 
 
grepthis#Electrical_Machines-2_T._Singh_1748/CH2/EX2.25/Exa2_25.sce #
 
 
 
 
 
 
 
 
 
 
 
 
 
 
 
 
 
 
 Slip :   
 
    0.029999  
 
 
 or 2.999927%   
 
grepthis#Electrical_Machines-2_T._Singh_1748/CH2/EX2.26/Exa2_26.sce #
 
 
 
 
 
 
 
 
 
 
 
 
 
 
 
 
 
 
 Motor current per phase(in Ampere) :   
 
    28.28  
 
grepthis#Electrical_Machines-2_T._Singh_1748/CH2/EX2.27/Exa2_27.sce #
 
 
 
 
 
 
 
 
 
 
 
 
 
 
 
 
 Slip :    
 
    0.005  
 
 
 
 Rotor Cu Loss(in watts) :    
 
    73.92  
 
 
 
 Power input to rotor(in KW) :   
 
    14.78  
 
 
 
 Line Current(in A) :   
 
    19.62  
 
 
 
 Rotor Frequency(in Hz) :   
 
    0.25  
 
grepthis#Electrical_Machines-2_T._Singh_1748/CH2/EX2.28/Exa2_28.sce #
 
 
 
 
 
 
 
 
 
 
 
 
 
 
 
 
 
 
 
 
 Pull On Belt(in Kg.) :    
 
    194.7  
 
grepthis#Electrical_Machines-2_T._Singh_1748/CH2/EX2.29/Exa2_29.sce #
 
 
 
 
 
 
 
 
 
 
 
 
 
 
 
 
 Mechanical power output at a slip of 5%(in KW) :    
 
    23.51  
 
grepthis#Electrical_Machines-2_T._Singh_1748/CH2/EX2.30/Exa2_30.sce #
 
 
 
 
 
 
 
 
 
 
 
 
 
 
 
 
 
 Cu Loss in the rotor circuit(in KW) :   
 
    41.92  
 
 
 
 
 Motor Efficiency(in %) :    
 
    41.55  
 
grepthis#Electrical_Machines-2_T._Singh_1748/CH2/EX2.31/Exa2_31.sce #
 
 
 
 
 
 
 
 
 
 
 
 
 
 
 
 
 Slip :   
 
    0.04  
 
 
 
 
 
 Torque(in Kg-meter) :   
 
    4.972  
 
 
 
 Rotor Cu Loss per phase(in watts) :    
 
    102.2  
 
 
 
 Power input to rotor(in KW) :   
 
    7.661  
 
 
 
 Line Current(in A) :   
 
    13.82  
 
grepthis#Electrical_Machines-2_T._Singh_1748/CH2/EX2.32/Exa2_32.sce #
 
 
 
 
 
 
 
 
 
 
 
 
 
 
 
 Slip :    
 
    0.033  
 
 
 
 
 Rotor speed(in rpm) :    
 
    967.  
 
 
 
 Rotor Cu Loss per phase(in watts) :    
 
    888.9  
 
 
 
 
 Rotor resistance per phase(in ohm) :    
 
    0.210  
 
 
 
 Output power of rotor(in H.P.) :    
 
    105.2  
 
 
grepthis#Electrical_Machines-2_T._Singh_1748/CH2/EX2.33/Exa2_33.sce #
 
 
 
 
 
 
 
 
 
 
 
 
 
 
 
 
 
 I2  =
 
    28.28  
 
 
 Motor current per phase(in Ampere) :   
 
    28.28  
 
grepthis#Electrical_Machines-2_T._Singh_1748/CH2/EX2.34/Exa2_34.sce #
 
 
 
 
 
 
 
 
 
 
 
 
 
 
 
 
 Slip :    
 
    0.005  
 
 
 
 Rotor Cu Loss(in watts) :   
 
    73.92  
 
 
 
 Power input to rotor(in KW) :   
 
    14.784  
 
 
 
 Line current (in Ampere) :   
 
    19.622  
 
 
 
 Rotor frequency(in Hz) :   
 
    0.25  
 
grepthis#Electrical_Machines-2_T._Singh_1748/CH2/EX2.35/Exa2_35.sce #
 
 
 
 
 
 
 
 
 
 
 
 
 
 
 
 
 
 
 
 
 
 Slip :   
 
    0.052  
 
 Ns  =
 
    1500.  
 
 
 
 
 
 Torque developed(in Nm) :   
 
    121.6  
 
 
 
 
 Torque at the shaft(in Kg-meter) :   
 
    11.64  
 
grepthis#Electrical_Machines-2_T._Singh_1748/CH2/EX2.36/Exa2_36.sce #
 
 
 
 
 
 
 
 
 
 
 
 
 
 
 
 
 
 Rotor I2R Loss(in KW) :   
 
    1.44  
 
 
 Rotor core loss at 3% slip is very less and can be neglected.   
 
 
 
 Power developed by the rotor(in H.P.) :    
 
    63.304  
 
 
 
 
 Efficiency of the motor(in %) :   
 
    91.12  
 
grepthis#Electrical_Machines-2_T._Singh_1748/CH2/EX2.37/Exa2_37.sce #
 
 
 
 
 
 
 
 
 
 
 
 
 
 
 
 
 
 Rotor I2R Loss(in watts) :   
 
    633.75  
 
 
 
 
 Rotor speed(in rpm) :   
 
    1440.  
 
grepthis#Electrical_Machines-2_T._Singh_1748/CH2/EX2.38/Exa2_38.sce #
 
 
 
 
 
 
 
 
 
 
 
 
 
 
 
 
 
 
 
 
 
 
 
 
 
 
 
 
 
 Extra Resistance(in ohm) : 0.242 ohm or 0.018 ohm.   
 
grepthis#Electrical_Machines-2_T._Singh_1748/CH2/EX2.39/Exa2_39.sce #
 
 
 
 
 
 
 
 
 
 
 
 
 
 
 
 
 
 Rotor I2R Loss(in watts) :   
 
    464.05  
 
 
 Rotor iron loss at 3% slip is very small and can be neglected.   
 
 
 
 Rotor Input(in Watts) :   
 
    15468.  
 
 
 
 
 
 
 Output torque(in Nm) :    
 
    96.543  
 
grepthis#Electrical_Machines-2_T._Singh_1748/CH2/EX2.40/Exa2_40.sce #
 
 
 
 
 
 
 
 
 
 
 
 
 
 
 Slip :   
 
    0.025  
 
 
 
 
 
 
 Rotor Cu Losses(in KW) :   
 
    0.975  
 
 
 
 
 Output Horse Power :    
 
    51.73  
 
 
 
 Efficiency(in %) :   
 
    95.06  
 
grepthis#Electrical_Machines-2_T._Singh_1748/CH2/EX2.41/Exa2_41.sce #
 
 
 
 
 
 
 
 
 
 
 
 
 
 
 
 Slip :    
 
    0.04  
 
 
 
 Rotor speed(in rpm) :   
 
    960.  
 
 
 
 
 Rotor Cu Loss per phase(in watts) :   
 
    1067.  
 
 
 
 
 Mechanical power devloped(in H.P.) :   
 
    104.4  
 
 
 
 
 Rotor resistance per phase(in ohm) :   
 
    0.296  
 
grepthis#Electrical_Machines-2_T._Singh_1748/CH2/EX2.43/Exa2_43.sce #
 
 
 
 
 
 
 
 
 
 
 
 
 
 
 
 
 
 Resistance to be added(in ohm) :    
 
    1.8  
 
grepthis#Electrical_Machines-2_T._Singh_1748/CH2/EX2.44/Exa2_44.sce #
 
 
 
 
 
 
 
 
 
 
 
 
 
 External resistance to be included(in ohm/phase) :    
 
    0.9  
 
grepthis#Electrical_Machines-2_T._Singh_1748/CH2/EX2.45/Exa2_45.sce #
 
 
 
 
 
 
 
 
 
 
 
 
 
 
 
 
 
 
 
 Additional Rotor Resistance(in ohm) :    
 
    0.48  
 
grepthis#Electrical_Machines-2_T._Singh_1748/CH2/EX2.46/Exa2_46.sce #
 
 
 
 
 
 
 
 
 
 
 
 
 
 
 Ratio of torque produced by two cages at standstill :    
 
    5.  
 
 
 
 
 
 
 Ratio of torque produced by two cages at full load(slip=5%) :    
 
    0.21  
 
grepthis#Electrical_Machines-2_T._Singh_1748/CH2/EX2.47/Exa2_47.sce #
 
 
 
 
 
 
 
 
 
 
 
 
 
 
 
 
 
 Strting current(in Ampere) :   
 
    14.92  
 
grepthis#Electrical_Machines-2_T._Singh_1748/CH2/EX2.48/Exa2_48.sce #
 
 
 
 
 
 
 
 
 
 
 for star delta starter :    
 
 
 
 Starting torque is 33.33% of full load torque.   
 
 
 
 for auto transformer starter :    
 
 
 
 
 Starting torque is 25% of full load torque.   
 
grepthis#Electrical_Machines-2_T._Singh_1748/CH2/EX2.49/Exa2_49.sce #
 
 
 
 
 
 
 
 
 
 
 
 
 
 Tapping(in %) :   
 
    72.2  
 
grepthis#Electrical_Machines-2_T._Singh_1748/CH2/EX2.50/Exa2_50.sce #
 
 
 
 
 
 
 
 
 
 
 
 
 
 Starting torque is 75% of full load torque.   
 
grepthis#Electrical_Machines-2_T._Singh_1748/CH2/EX2.51/Exa2_51.sce #
 
 
 
 
 
 
 
 Star delta starter :   
 
 
 
 
 
 
 Starting torque is 48% of full load value.   
 
 
 For an auto transformer :   
 
 
 
 
 
 Starting torque is 72% of full load torque.   
 
grepthis#Electrical_Machines-2_T._Singh_1748/CH2/EX2.52/Exa2_52.sce #
 
 
 
 
 
 
 
 
 
 
 
 
 
 
 
 Necessary tapping(in %) :   
 
    67.8  
 
 
 
 Starting torque is 30.4% of full load value.   
 
grepthis#Electrical_Machines-2_T._Singh_1748/CH2/EX2.53/Exa2_53.sce #
 
 
 
 
 
 
 
 
 
 
 
 
 
 Auto Transormation ratio :   
 
    1.41  
 
 
 
 Ratio of starting torque to full load torque :   
 
    0.2  
 
 
 or Starting torque is 20% of full load value.   
 
grepthis#Electrical_Machines-2_T._Singh_1748/CH2/EX2.54/Exa2_54.sce #
 
 
 
 
 
 
 
 
 
 
 
 
 
 Auto Transormation ratio(in %) :   
 
    72.17  
 
grepthis#Electrical_Machines-2_T._Singh_1748/CH2/EX2.55/Exa2_55.sce #
 
 
 
 
 
 
 
 
 
 
 
 
 
 
 
 
 
 
 Line Current(in Ampere) :   
 
    4.477  
 
 
grepthis#Electrical_Machines-2_T._Singh_1748/CH2/EX2.56/Exa2_56.sce #
 
 
 
 
 
 
 
 
 
 
 
 
 
 
 
 
 
 
 
 Ratio of line current at starting to full load current :   
 
    1.25  
 
grepthis#Electrical_Machines-2_T._Singh_1748/CH2/EX2.57/Exa2_57.sce #
 
 
 
 
 
 
 
 
 
 
 
 
 
 
 Full load Slip :    
 
    0.038  
 
 
 
 
 
 
 Ratio of line current at starting to full load current :   
 
    0.672  
 
grepthis#Electrical_Machines-2_T._Singh_1748/CH2/EX2.58/Exa2_58.sce #
 
 
 
 
 
 
 
 
 
 
 
 
 
 
 
 
 
 
 
 
 Value of resistance to be added(in ohm) :   
 
    1.225  
 
grepthis#Electrical_Machines-2_T._Singh_1748/CH2/EX2.59/Exa2_59.sce #
 
 
 
 
 
 
 
 
 
 
 
 
 
 
 
 
 
 
 External resistance per phase(in ohm) :   
 
    1.  
 
 
 
 
 
 
 
 External resistance per phase(in ohm) :   
 
    0.808  
 
grepthis#Electrical_Machines-2_T._Singh_1748/CH2/EX2.60/Exa2_60.sce #
 
 
 
 
 
 
 
 
 
 
 
 
 
 
 
 
 New speed(in rpm) :   
 
    1224.  
 
 
 
 
 New Slip :    
 
    0.184  
 
grepthis#Electrical_Machines-2_T._Singh_1748/CH2/EX2.61/Exa2_61.sce #
 
 
 
 
 
 
 
 
 
 
 
 
 
 
 
 
 
 Rotor speed(in rpm) :   
 
    1440.  
 
 
 
 
 Rotor Cu Loss(in KW) :    
 
    2.352  
 
 
 
 
 Efficiency(in %) :   
 
    91.  
 
 
 
 Horse Power(inH.P.) :   
 
    74.3  
 
grepthis#Electrical_Machines-2_T._Singh_1748/CH3/EX3.1/Exa3_1.sce #
 
 
 
 
 
 
 
 
 
 
 
 
 
 
 
 
 Capacitance(in micro Farad) :   
 
    353.68  
 
grepthis#Electrical_Machines-2_T._Singh_1748/CH4/EX4.1/Exa4_1.sce #
 
 
 
 
 
 
 
 
 
 
 
 Stepping Angle(in degree) :   
 
    1.8  
 
grepthis#Electrical_Machines-2_T._Singh_1748/CH4/EX4.2/Exa4_2.sce #
 
 
 
 
 
 
 
 
 
 Resolution :    
 
    360.  
 
 
 
 Steps per revolution :    
 
    144.  
 
 
 
 Steps required for making 25 revolution(in rps) :    
 
    25.  
 
grepthis#Electrical_Machines-2_T._Singh_1748/CH4/EX4.3/Exa4_3.sce #
 
 
 
 
 
 
 
 
 
 
 No. of rotor :   
 
    8.  
 
 
 
 
 No. of stator poles if Ns>Nr :   
 
    12.  
 
 
 
 
 No. of stator poles if Nr>Ns :   
 
    6.  
 
grepthis#Electrical_Machines-2_T._Singh_1748/CH4/EX4.4/Exa4_4.sce #
 
 
 
 
 
 
 
 
 
 
 No. of rotor teeth :   
 
    50.  
 
 
 In multi stack motor rotor teeth equals to stator teeth equals to :    
 
    50.  
 
