grepthis#Electrical_Machines-2_T._Singh_1748/CH1/EX1.15.p/prob1_15.sce #
 
[2J[0;0H 
 
 
 
 
 P  =
 
    1000.  
 
 
 
 
 
 
 
 
 
 
 
 
 
 
 
 
 
 
 (a) Induced emf(V) :    
 
    11284.  
 
 
 
 
 Angular retardation 18 degree 47min   
 
 
 
 
 
 (b) Induced emf(V) :    
 
    8984.7  
 
 
 
 
 Angular retardation 17 degree 36min   
 
 
 
 
 
 (c) Induced emf(V) :    
 
    13294.  
 
 
 
 
 Angular retardation 13 degree 29min   
 
 
 
 
grepthis#Electrical_Machines-2_T._Singh_1748/CH1/EX1.17.p/prob1_17.sce #
 
[2J[0;0H 
 
 
 
 
 
 
 
 
 
 
 
 
 Induced emf in volt :    
 
    7199.  
 
 
 
 
 
 
 
 
 
 Torque in Kg-m :    
 
   19079.  
 
 
 
 
grepthis#Electrical_Machines-2_T._Singh_1748/CH1/EX1.19.p/prob1_19.sce #
 
[2J[0;0H 
 
 
 
 
 
 
 
 
 
 
 
 
 
 
 
 
 
 
 
 
 
 
 
 
 Torque in Nw-m :    
 
    254648.  
 
 
 Speed in rpm is    
 
    3000.  
 
 
 
