ERROR: Fundamentals_Of_Electronic_Devices_P._Raja_And_P._Sharma_2720/CH4/EX4.16.13/ex4_16_13.sce
 
[2J[0;0H 
 
 
 
 
 
 
 
 when diode is OFF, the voltage in volts is :    
 
    10.  
 
 
 
 
 when diode is ON, the current in mA is   
 
    40.  
 
 
 
 
 
 
 
 
 DC load line shown in figure   
 
 
xinit('/home/fossee/Downloads/tbc_graphs/Fundamentals_Of_Electronic_Devices_P._Raja_And_P._Sharma_2720/ex4_16_13');xend();exit();
                                                                                                                   !--error 999 
xend: An error occurred: Unable to create export file, permission denied.
at line      21 of exec file called by :    
vices_P._Raja_And_P._Sharma_2720/CH4/EX4.16.13/ex4_16_13.sce',-1
 
ERROR: Fundamentals_Of_Electronic_Devices_P._Raja_And_P._Sharma_2720/CH5/EX5.11.6/ex5_11_6.sce
 
[2J[0;0H 
 
 
 
 
 
 
 
 The current gain is   
 
    100.  
 
 
 
 
 
 
 
 
 
 
 Transfer Characteristics is shown in figure   
 
 
xinit('/home/fossee/Downloads/tbc_graphs/Fundamentals_Of_Electronic_Devices_P._Raja_And_P._Sharma_2720/ex5_11_6');xend();exit();
                                                                                                                   !--error 999 
xend: An error occurred: Unable to create export file, permission denied.
at line      20 of exec file called by :    
Devices_P._Raja_And_P._Sharma_2720/CH5/EX5.11.6/ex5_11_6.sce',-1
 
