Total number of .sce files(without counting DEPENDENCIES directory): 123

grepthis#Fundamentals_Of_Electronic_Devices_P._Raja_And_P._Sharma_2720/CH1/EX1.18.3/ex1_18_3.sce #
 
 
 
 
 
 
 
 
 
 
 
 
 
 
 
 
 The volume density in kg/m^3 is   
 
    1.2490435  
 
 
grepthis#Fundamentals_Of_Electronic_Devices_P._Raja_And_P._Sharma_2720/CH1/EX1.18.4/ex1_18_4.sce #
 
 
 
 
 
 
 
 
 
 
 
 
 
 
 
 
 
 The density of copper crystal in kg/m^3 is   
 
    8.9288044  
 
 
grepthis#Fundamentals_Of_Electronic_Devices_P._Raja_And_P._Sharma_2720/CH1/EX1.21.1/ex1_21_1.sce #
 
 
 
 
 
 
 
 
 
 
 
 
 
 The wavelength of X-ray in Å is    
 
    0.9793757  
 
 
grepthis#Fundamentals_Of_Electronic_Devices_P._Raja_And_P._Sharma_2720/CH1/EX1.21.2/ex1_21_2.sce #
 
 
 
 
 
 
 
 
 
 
 
 
 
 The spacing of atomic layer in the crystal in Å is   
 
    3.2612145  
 
 
grepthis#Fundamentals_Of_Electronic_Devices_P._Raja_And_P._Sharma_2720/CH1/EX1.21.3/ex1_21_3.sce #
 
 
 
 
 
 
 
 
 
 
 
 
 
 The interplaner spacing in Å is   
 
    1.78  
 
 
grepthis#Fundamentals_Of_Electronic_Devices_P._Raja_And_P._Sharma_2720/CH1/EX1.21.4/ex1_21_4.sce #
 
 
 
 
 
 
 
 
 
 
 Part (i) : At angle of 6.45°, Interplaner spacing of the crystal in Å is    
 
    2.5815384  
 
 
 
 
 Part(ii) : At angle of 9.15°, Interplaner spacing of the crystal in Å is    
 
    1.8236736  
 
 
 
 
 
 Part(iii) : At angle of 13°, Interplaner spacing of the crystal in Å is    
 
    1.2891693  
 
 
 
 
 
 Part (iv) : The interplaner spacing in Å is :    
 
    2.5783387  
 
 
 The interplaner spacing for some other set of reflecting in Å is :    
 
    1.8236736  
 
 
grepthis#Fundamentals_Of_Electronic_Devices_P._Raja_And_P._Sharma_2720/CH1/EX1.21.5/ex1_21_5.sce #
 
 
 
 
 
 
 
 
 
 
 
 
 
 
 
 The glacing angle in degree is   
 
    14.614241  
 
 
grepthis#Fundamentals_Of_Electronic_Devices_P._Raja_And_P._Sharma_2720/CH1/EX1.21.6/ex1_21_6.sce #
 
 
 
 
 
 
 
 
 
 
 
 
 
 
 
 Wavelength of X ray in Å is   
 
    6.3219854  
 
 
grepthis#Fundamentals_Of_Electronic_Devices_P._Raja_And_P._Sharma_2720/CH1/EX1.21.7/ex1_21_7.sce #
 
 
 
 
 
 
 
 
 
 
 
 
 
 
 
 
 
 
 
 
 
 The glancing angle in degree is   
 
    4.4893143  
 
 
 
grepthis#Fundamentals_Of_Electronic_Devices_P._Raja_And_P._Sharma_2720/CH1/EX1.21.8/ex1_21_8.sce #
 
 
 
 
 
 
 
 
 
 
 
 
 
 
 
 The wavelength in Å is   
 
    1.5636987  
 
 
 
 
 
 The glacing angle for second order in degree is   
 
    48.522268  
 
 
 To get the 2nd order spectrum the position of the detector should be 97.044535 °   
 
 
grepthis#Fundamentals_Of_Electronic_Devices_P._Raja_And_P._Sharma_2720/CH1/EX1.21.9/ex1_21_9.sce #
 
 
 
 
 
 
 
 
 
 
 
 
 
 
 
 
 Lattice constant in Å is   
 
    3.6070069  
 
 
grepthis#Fundamentals_Of_Electronic_Devices_P._Raja_And_P._Sharma_2720/CH1/EX1.22.1/ex1_22_1.sce #
 
 
 
 
 
 
 
 
 
 
 
 The distance between d_211 plains in Å is   
 
    1.9595918  
 
 
grepthis#Fundamentals_Of_Electronic_Devices_P._Raja_And_P._Sharma_2720/CH1/EX1.22.2/ex1_22_2.sce #
 
 
 
 
 
 
 
 
 
 
 
 
 
 
 The density in gm/cc is   
 
    8.887016  
 
 
grepthis#Fundamentals_Of_Electronic_Devices_P._Raja_And_P._Sharma_2720/CH1/EX1.22.3/ex1_22_3.sce #
 
 
 
 
 
 
 
 
 
 M  =
 
    55.85  
 
 
 
 
 The number of atoms per unit cell is    
 
    2.  
 
 
 
grepthis#Fundamentals_Of_Electronic_Devices_P._Raja_And_P._Sharma_2720/CH1/EX1.22.4/ex1_22_4.sce #
 
 
 
 
 
 
 
 
 
 
 
 
 
 
 The radius in Å is   
 
    1.4139209  
 
 
grepthis#Fundamentals_Of_Electronic_Devices_P._Raja_And_P._Sharma_2720/CH1/EX1.22.5/ex1_22_5.sce #
 
 
 
 
 
 
 
 
 
 
 
 
 
 
 The Packing factor is   
 
    0.6801748  
 
 
grepthis#Fundamentals_Of_Electronic_Devices_P._Raja_And_P._Sharma_2720/CH1/EX1.22.6/ex1_22_6.sce #
 
 
 
 
 
 
 
 
 
 
 
 
 
 
 The number of unit cell in its 20 gm is :    
 
    5.019D+22  
 
 
 
 
grepthis#Fundamentals_Of_Electronic_Devices_P._Raja_And_P._Sharma_2720/CH1/EX1.22.7/ex1_22_7.sce #
 
 
 
 
 
 
 
 
 
 
 
 
 
 
 
 
 
 The distance between ions in Å is   
 
    3.8009558  
 
 
 
grepthis#Fundamentals_Of_Electronic_Devices_P._Raja_And_P._Sharma_2720/CH2/EX2.6.1/ex2_6_1.sce #
 
 
 
 
 
 
 
 
 
 
 
 
 The energy gap in eV is   
 
    1.1292614  
 
 
 
 
grepthis#Fundamentals_Of_Electronic_Devices_P._Raja_And_P._Sharma_2720/CH2/EX2.6.2/ex2_6_2.sce #
 
 
 
 
 
 
 
 
 
 
 
 
 
 The wavelength in Å is   
 
    16575.  
 
 
grepthis#Fundamentals_Of_Electronic_Devices_P._Raja_And_P._Sharma_2720/CH2/EX2.15.1/ex2_15_1.sce #
 
 
 
 
 
 
 
 
 
 
 
 
 The Fermi level will be 0.33 eV below the conduction band   
 
 
grepthis#Fundamentals_Of_Electronic_Devices_P._Raja_And_P._Sharma_2720/CH2/EX2.15.2/ex2_15_2.sce #
 
 
 
 
 
 
 
 
 
 
 The probbaility in the condition band is occupied by an electron is    
 
    0.0000643  
 
 
 
 The thermal equilibrium electron concentration in cm^-3 is   
 
    1.799D+15  
 
 
 
grepthis#Fundamentals_Of_Electronic_Devices_P._Raja_And_P._Sharma_2720/CH2/EX2.15.3/ex2_15_3.sce #
 
 
 
 
 
 
 
 
 
 
 
 
 
 The thermal equilibrium hole concentration in per cm^3 is   
 
    6.440D+15  
 
 
grepthis#Fundamentals_Of_Electronic_Devices_P._Raja_And_P._Sharma_2720/CH2/EX2.16.1/ex2_16_1.sce #
 
 
 
 
 
 
 
 
 
 
 
 
 
 The electron mobility in cm^2/volt-sec is   
 
    43.281302  
 
 
grepthis#Fundamentals_Of_Electronic_Devices_P._Raja_And_P._Sharma_2720/CH2/EX2.16.2/ex2_16_2.sce #
 
 
 
 
 
 
 
 
 
 
 
 
 
 
 
 
 
 
 
 
 
 
 The mobility in m^2/V-sec is   
 
    4.33D-05  
 
 
grepthis#Fundamentals_Of_Electronic_Devices_P._Raja_And_P._Sharma_2720/CH2/EX2.16.3/ex2_16_3.sce #
 
 
 
 
 
 
 
 
 
 
 
 
 
 
 
 
 
 
 The drift velocity in m/s is   
 
    7.D-05  
 
 
 
 
grepthis#Fundamentals_Of_Electronic_Devices_P._Raja_And_P._Sharma_2720/CH2/EX2.16.4/ex2_16_4.sce #
 
 
 
 
 
 
 
 
 
 
 
 
 
 
 
 
 
 
 The conductivity of copper in mho/m is   
 
    5.531D+07  
 
 
 
 
 The mobility in m^2/V-sec is   
 
    4.115D-03  
 
 
grepthis#Fundamentals_Of_Electronic_Devices_P._Raja_And_P._Sharma_2720/CH2/EX2.16.5/ex2_16_5.sce #
 
 
 
 
 
 
 
 
 
 
 
 
 
 
 The resistivity in ohm-cm is   
 
    1.7D-06  
 
 
grepthis#Fundamentals_Of_Electronic_Devices_P._Raja_And_P._Sharma_2720/CH2/EX2.17.1/ex2_17_1.sce #
 
 
 
 
 
 
 
 
 
 
 
 
 The conductivity of pure semiconductor in mho/cm is   
 
    5.12D-06  
 
 
grepthis#Fundamentals_Of_Electronic_Devices_P._Raja_And_P._Sharma_2720/CH2/EX2.17.2/ex2_17_2.sce #
 
 
 
 
 
 
 
 
 
 
 The number of donor atom must be added to achieve in per cm^3 is    
 
    1.250D+15  
 
 
grepthis#Fundamentals_Of_Electronic_Devices_P._Raja_And_P._Sharma_2720/CH2/EX2.17.3/ex2_17_3.sce #
 
 
 
 
 
 
 
 
 
 
 
 
 
 
 The conductivity in mho/cm is   
 
    0.2682101  
 
 
grepthis#Fundamentals_Of_Electronic_Devices_P._Raja_And_P._Sharma_2720/CH2/EX2.17.4/ex2_17_4.sce #
 
 
 
 
 
 
 
 
 
 
 
 
 The mobility of electron in germanium in m^2/V.sec is   
 
    0.3902918  
 
 
grepthis#Fundamentals_Of_Electronic_Devices_P._Raja_And_P._Sharma_2720/CH2/EX2.17.5/ex2_17_5.sce #
 
 
 
 
 
 
 
 
 
 
 
 
 
 
 
 
 
 
 Mobility of holes in m^2/V.sec is   
 
    0.0334492  
 
 
grepthis#Fundamentals_Of_Electronic_Devices_P._Raja_And_P._Sharma_2720/CH2/EX2.17.6/ex2_17_6.sce #
 
 
 
 
 
 
 
 
 
 
 
 
 
 
 
 
 
 
 The current produced in a small germanium plate in amp is   
 
    1.1306667  
 
 
 
 
grepthis#Fundamentals_Of_Electronic_Devices_P._Raja_And_P._Sharma_2720/CH2/EX2.17.7/ex2_17_7.sce #
 
 
 
 
 
 
 
 
 
 
 
 
 
 The resistivity of drop Ge in ohm m is    
 
    4.134D-04  
 
 
grepthis#Fundamentals_Of_Electronic_Devices_P._Raja_And_P._Sharma_2720/CH2/EX2.17.8/ex2_17_8.sce #
 
 
 
 
 
 
 
 
 
 
 
 
 
 
 
 
 
 
 The current produced in a Ge sample in Amp is   
 
    6.784  
 
 
grepthis#Fundamentals_Of_Electronic_Devices_P._Raja_And_P._Sharma_2720/CH2/EX2.17.9/ex2_17_9.sce #
 
 
 
 
 
 
 
 
 
 
 
 
 Conductivity of pure silicon at room temperature in mho/cm is   
 
    5.12D-06  
 
 
grepthis#Fundamentals_Of_Electronic_Devices_P._Raja_And_P._Sharma_2720/CH2/EX2.19.1/ex2_19_1.sce #
 
 
 
 
 
 
 
 
 
 
 
 
 
 
 
 The hall Voltage produced in volts is   
 
    3.333D-08  
 
 
 
grepthis#Fundamentals_Of_Electronic_Devices_P._Raja_And_P._Sharma_2720/CH2/EX2.19.2/ex2_19_2.sce #
 
 
 
 
 
 
 
 
 
 
 
 
 
 
 
 
 
 
 The hall coefficient in m^3/c is   
 
    7.4D-11  
 
 
 
 The mobility  of electrons in copper in m^2/volt-sec is    
 
    4.3D-03  
 
 
grepthis#Fundamentals_Of_Electronic_Devices_P._Raja_And_P._Sharma_2720/CH2/EX2.20.1/ex2_20_1.sce #
 
 
 
 
 
 
 
 
 
 
 
 The ratio of electrons to hole concentration is   
 
    1.000D+12  
 
 
grepthis#Fundamentals_Of_Electronic_Devices_P._Raja_And_P._Sharma_2720/CH2/EX2.20.2/ex2_20_2.sce #
 
 
 
 
 
 
 
 
 
 
 
 The hall angle for a hall coefficient in degree is   
 
    1.0704019  
 
 
grepthis#Fundamentals_Of_Electronic_Devices_P._Raja_And_P._Sharma_2720/CH2/EX2.20.3/ex2_20_3.sce #
 
 
 
 
 
 
 
 
 
 
 
 
 Density of charge carriers in per m^3 is   
 
    1.736D+22  
 
 
 
 Mobility of charge carriers in m^2/V-s is   
 
    0.04  
 
 
 
grepthis#Fundamentals_Of_Electronic_Devices_P._Raja_And_P._Sharma_2720/CH2/EX2.24.1/ex2_24_1.sce #
 
 
 
 
 
 
 
 
 
 
 
 
 The current density of specimen in A/m^2 is   
 
    2482.7586  
 
 
grepthis#Fundamentals_Of_Electronic_Devices_P._Raja_And_P._Sharma_2720/CH2/EX2.24.2/ex2_24_2.sce #
 
 
 
 
 
 
 
 
 
 
 
 
 Relaxation Time in sec is    
 
    4.004D-14  
 
 
 
 Resistivity of conductor in ohm-m is    
 
    1.531D-08  
 
 
 
 Velocity of electrons with fermi-energy in m/s is   
 
    1390707.  
 
 
 
grepthis#Fundamentals_Of_Electronic_Devices_P._Raja_And_P._Sharma_2720/CH2/EX2.24.3/ex2_24_3.sce #
 
 
 
 
 
 
 
 
 
 
 
 
 T  =
 
    756.  
 
 
 The temperature in K is :    
 
    756.  
 
 
 
grepthis#Fundamentals_Of_Electronic_Devices_P._Raja_And_P._Sharma_2720/CH2/EX2.24.4/ex2_24_4.sce #
 
 
 
 
 
 
 
 
 
 
 
 
 
 The thermal equilibrium hole concentration in silicon in cm^-3 is    
 
    6.440D+15  
 
 
 
grepthis#Fundamentals_Of_Electronic_Devices_P._Raja_And_P._Sharma_2720/CH2/EX2.24.5/ex2_24_5.sce #
 
 
 
 
 
 
 
 
 
 
 
 
 
 
 
 
 Minimum donor concentration required in cm^-3 is   
 
    1.396D+15  
 
 
 
grepthis#Fundamentals_Of_Electronic_Devices_P._Raja_And_P._Sharma_2720/CH2/EX2.24.6/ex2_24_6.sce #
 
 
 
 
 
 
 
 
 
 
 
 
 
 
 
 
 The Fermi level for thermal equillibrium in eV is :    
 
    0.2981848  
 
 
 The quase-Fermi level for electrons in non equillibrium in eV is :    
 
    0.2984425  
 
 
 The quasi-Fermi level for holes in non equillibrium in eV is :    
 
    0.1789109  
 
 
 The quasi-Fermi level for electrons is above E_Fi    
 
 
 While the quasi-Fermi level for holes is below E_Fi   
 
 
grepthis#Fundamentals_Of_Electronic_Devices_P._Raja_And_P._Sharma_2720/CH3/EX3.21.10/ex3_21_10.sce #
 
 
 
 
 
 
 
 
 
 
 
 
 
 
 
 The ratio of donor atom to silicon atom is   
 
    1.0D-06  
 
 
 
 
 
grepthis#Fundamentals_Of_Electronic_Devices_P._Raja_And_P._Sharma_2720/CH3/EX3.21.11/ex3_21_11.sce #
 
 
 
 
 
 
 
 
 
 The equilibrium electron density per cm^3 is   
 
    100000.  
 
 
 
 Hole density in per cm^3 is   
 
    2.250D+15  
 
 
grepthis#Fundamentals_Of_Electronic_Devices_P._Raja_And_P._Sharma_2720/CH3/EX3.21.12/ex3_21_12.sce #
 
 
 
 
 
 
 
 
 
 Carrier concentration per cm^3 is   
 
    1.000D+16  
 
 
grepthis#Fundamentals_Of_Electronic_Devices_P._Raja_And_P._Sharma_2720/CH3/EX3.21.13/ex3_21_13.sce #
 
 
 
 
 
 
 
 
 
 The rate of generation of minority carrier in electron hole pairs/sec/cm^3 is    
 
    1.000D+20  
 
 
grepthis#Fundamentals_Of_Electronic_Devices_P._Raja_And_P._Sharma_2720/CH3/EX3.21.14/ex3_21_14.sce #
 
 
 
 
 
 
 
 
 
 The mobility of minority charge carrier in cm^2/V-sec is    
 
    5000.  
 
 
grepthis#Fundamentals_Of_Electronic_Devices_P._Raja_And_P._Sharma_2720/CH3/EX3.21.15/ex3_21_15.sce #
 
 
 
 
 
 
 
 
 
 
 
 
 
 
 
 
 
 
 
 
 
 
 Hole concentration at thermal equilibrium per cm^3 is   
 
    50000.  
 
 
 
 Diffusion length of electron in cm is   
 
    0.0054772  
 
 
 
 Diffusion length of holes in cm is   
 
    0.0034641  
 
 
 
 
 Concentration gradient of holes at distance in cm^4 is   
 
    1.000D+22  
 
 
 
 
 Concentration gradient of electrons in per cm is   
 
    1.880D+22  
 
 
 
 Current density of holes due to diffusion in A/cm^2 is   
 
  - 19200.  
 
 
 
 Current density of electrons due to diffusion in A/cm^2 is   
 
    90240.  
 
 
grepthis#Fundamentals_Of_Electronic_Devices_P._Raja_And_P._Sharma_2720/CH3/EX3.21.16/ex3_21_16.sce #
 
 
 
 
 
 
 
 
 
 
 
 
 
 The energy band gap of the semiconductor material in eV is   
 
    2.2629781  
 
 
grepthis#Fundamentals_Of_Electronic_Devices_P._Raja_And_P._Sharma_2720/CH3/EX3.21.17/ex3_21_17.sce #
 
 
 
 
 
 
 
 
 
 
 
 
 
 
 The current density in silicon in A/cm^2 is   
 
  - 1120.  
 
 
grepthis#Fundamentals_Of_Electronic_Devices_P._Raja_And_P._Sharma_2720/CH3/EX3.21.18/ex3_21_18.sce #
 
 
 
 
 
 
 
 
 
 
 
 
 
 
 
 
 
 
 The resistance of the bar in MΩ is   
 
    1.  
 
 
grepthis#Fundamentals_Of_Electronic_Devices_P._Raja_And_P._Sharma_2720/CH3/EX3.21.19/ex3_21_19.sce #
 
 
 
 
 
 
 
 
 Depletion width in µm is   
 
    0.3333333  
 
 
grepthis#Fundamentals_Of_Electronic_Devices_P._Raja_And_P._Sharma_2720/CH3/EX3.21.1/ex3_21_1.sce #
 
 
 
 
 
 
 
 
 
 
 
 
 The holes concentration at equilibrium in holes/cm^3 is   
 
    2.25D+03  
 
 
grepthis#Fundamentals_Of_Electronic_Devices_P._Raja_And_P._Sharma_2720/CH3/EX3.21.20/ex3_21_20.sce #
 
 
 
 
 
 
 
 
 
 The majority carrier density per m^3 is   
 
    4.500D+11  
 
 
grepthis#Fundamentals_Of_Electronic_Devices_P._Raja_And_P._Sharma_2720/CH3/EX3.21.21/ex3_21_21.sce #
 
 
 
 
 
 
 
 
 
 
 
 
 
 
 
 
 The collector current density in A/cm^2 is   
 
    0.8  
 
 
 
 
grepthis#Fundamentals_Of_Electronic_Devices_P._Raja_And_P._Sharma_2720/CH3/EX3.21.22/ex3_21_22.sce #
 
 
 
 
 
 
 
 
 
 
 
 
 
 The band gap of the material in eV is   
 
    1.4310345  
 
 
grepthis#Fundamentals_Of_Electronic_Devices_P._Raja_And_P._Sharma_2720/CH3/EX3.21.23/ex3_21_23.sce #
 
 
 
 
 
 
 
 
 
 
 
 
 
 
 
 
 The absorbed power in watt or J/s is   
 
    0.009  
 
 
 
 
 The amount of energy converted to heat per second in J/s is :    
 
    0.002565  
 
 
 
 The number of photon per sec given off from recombination events in photons/s is   
 
    2.813D+16  
 
 
grepthis#Fundamentals_Of_Electronic_Devices_P._Raja_And_P._Sharma_2720/CH3/EX3.21.24/ex3_21_24.sce #
 
 
 
 
 
 
 
 
 
 
 
 
 
 
 
 
 
 
 
 
 
 
 
 The hole current in A is :    
 
    1.90D+03  
 
 
 
 The value of Qp in C is :    
 
    1.44D-07  
 
 
 
 
 
grepthis#Fundamentals_Of_Electronic_Devices_P._Raja_And_P._Sharma_2720/CH3/EX3.21.3/ex3_21_3.sce #
 
 
 
 
 
 
 
 
 
 
 
 
 The energy band for this type material is Ei + 0.4069571 eV   
 
 
grepthis#Fundamentals_Of_Electronic_Devices_P._Raja_And_P._Sharma_2720/CH3/EX3.21.4/ex3_21_4.sce #
 
 
 
 
 
 
 
 
 
 
 
 
 
 
 The diffusion coefficient of electrons in m^2/s is   
 
    4.40D-03  
 
 
 
 The diffusion coefficient of  holes in m^2/s is    
 
    6.47D-04  
 
 
grepthis#Fundamentals_Of_Electronic_Devices_P._Raja_And_P._Sharma_2720/CH3/EX3.21.5/ex3_21_5.sce #
 
 
 
 
 
 
 
 
 
 
 
 
 
 
 The diffusion coefficient in m^2/s is   
 
    3.88D-03  
 
 
 
 The Diffusion length in m is   
 
    1.97D-05  
 
 
 
 The diffusion current density in A/m^2 is   
 
    3.15D+03  
 
 
 
 
 
grepthis#Fundamentals_Of_Electronic_Devices_P._Raja_And_P._Sharma_2720/CH3/EX3.21.6/ex3_21_6.sce #
 
 
 
 
 
 
 
 
 
 
 
 The concentration of electrons per m^3 is   
 
    4.808D+20  
 
 
 
 
 The concentration of holes per m^3 is   
 
    4.680D+11  
 
 
grepthis#Fundamentals_Of_Electronic_Devices_P._Raja_And_P._Sharma_2720/CH3/EX3.21.7/ex3_21_7.sce #
 
 
 
 
 
 
 
 
 
 
 
 
 
 Electron transit time in seconds is   
 
    3.846D-08  
 
 
 
 Photo conductor gain is   
 
    36.  
 
 
 
 
grepthis#Fundamentals_Of_Electronic_Devices_P._Raja_And_P._Sharma_2720/CH3/EX3.21.8/ex3_21_8.sce #
 
 
 
 
 
 
 
 
 
 
 
 
 
 The resistivity of intrinsic germanium in ohm-cm is   
 
    45.  
 
 
 
 
 
 If a donor type impurity is added to the extent of 1 atom per 10^8 Ge atoms, then the resistivity drops in ohm-cm is   
 
    3.7380383  
 
 
grepthis#Fundamentals_Of_Electronic_Devices_P._Raja_And_P._Sharma_2720/CH3/EX3.21.9/ex3_21_9.sce #
 
 
 
 
 
 
 
 
 
 Electron concentration per m^3 is   
 
    1.000D+22  
 
 
 
 Hole concentration per m^3 is   
 
    1.000D+10  
 
 
grepthis#Fundamentals_Of_Electronic_Devices_P._Raja_And_P._Sharma_2720/CH4/EX4.16.10/ex4_16_10.sce #
 
 
 
 
 
 
 
 
 
 
 
 
 
 The forward biasing voltage across the junction in V is   
 
    0.6463192  
 
 
grepthis#Fundamentals_Of_Electronic_Devices_P._Raja_And_P._Sharma_2720/CH4/EX4.16.11/ex4_16_11.sce #
 
 
 
 
 
 
 
 
 
 
 The Diode current in nA is     
 
  - 10.  
 
 
grepthis#Fundamentals_Of_Electronic_Devices_P._Raja_And_P._Sharma_2720/CH4/EX4.16.12/ex4_16_12.sce #
 
 
 
 
 
 
 
 
 
 
 
 
 
 
 
 
 
 The diode dynamic resistance in Ω is   
 
    27.783765  
 
 
 
grepthis#Fundamentals_Of_Electronic_Devices_P._Raja_And_P._Sharma_2720/CH4/EX4.16.14/ex4_16_14.sce #
 
 
 
 
 
 
 
 
 
 
 
 
 
 The ac resistance of the diode in ohm is   
 
    1.4450525  
 
 
grepthis#Fundamentals_Of_Electronic_Devices_P._Raja_And_P._Sharma_2720/CH4/EX4.16.15/ex4_16_15.sce #
 
 
 
 
 
 
 
 
 
 
 
 
 
 
 
 The junction potential in V is   
 
    0.3287324  
 
 
grepthis#Fundamentals_Of_Electronic_Devices_P._Raja_And_P._Sharma_2720/CH4/EX4.16.16/ex4_16_16.sce #
 
 
 
 
 
 
 
 
 
 
 
 
 
 
 
 
 The forward dynamic resistance in ohm is   
 
    3.3913067  
 
 
 
 The Reverse dynamic resistance in kΩ is   
 
    386.63749  
 
 
 
grepthis#Fundamentals_Of_Electronic_Devices_P._Raja_And_P._Sharma_2720/CH4/EX4.16.17/ex4_16_17.sce #
 
 
 
 
 
 
 
 
 
 
 
 
 
 
 
 
 
 
 The width of depletion layer in µm is   
 
    7.7783246  
 
 
 
 the space charge capacitance in pF is   
 
    18.212662  
 
 
grepthis#Fundamentals_Of_Electronic_Devices_P._Raja_And_P._Sharma_2720/CH4/EX4.16.18/ex4_16_18.sce #
 
 
 
 
 
 
 
 
 
 
 
 
 
 
 The barrier capacitance in pF is   
 
    70.832  
 
 
 
grepthis#Fundamentals_Of_Electronic_Devices_P._Raja_And_P._Sharma_2720/CH4/EX4.16.19/ex4_16_19.sce #
 
 
 
 
 
 
 
 
 
 
 
 
 
 
 
 
 
 
 
 
 
 
 
 
 
 The diameter in mm is   
 
    1.3975259  
 
 
 
grepthis#Fundamentals_Of_Electronic_Devices_P._Raja_And_P._Sharma_2720/CH4/EX4.16.1/ex4_16_1.sce #
 
 
 
 
 
 
 
 
 
 
 
 
 
 
 
 
 The contact potential in V is   
 
    0.3287324  
 
 
 
 
 
 
 
 
 
 
 
 
 The contact potential  in V is   
 
    0.7211459  
 
 
grepthis#Fundamentals_Of_Electronic_Devices_P._Raja_And_P._Sharma_2720/CH4/EX4.16.20/ex4_16_20.sce #
 
 
 
 
 
 
 
 
 
 
 
 
 
 
 
 
 
 
 
 The Temperature of junction in °C is   
 
    14.275784  
 
 
grepthis#Fundamentals_Of_Electronic_Devices_P._Raja_And_P._Sharma_2720/CH4/EX4.16.21/ex4_16_21.sce #
 
 
 
 
 
 
 
 
 
 
 
 
 
 The reverse bias voltage in volts is   
 
  - 0.0598672  
 
 
grepthis#Fundamentals_Of_Electronic_Devices_P._Raja_And_P._Sharma_2720/CH4/EX4.16.22/ex4_16_22.sce #
 
 
 
 
 
 
 
 
 
 
 
 
 
 
 Reverse saturation current in µA is   
 
    3.3349589  
 
 
 
 
 Dynamic resistance of the diode in Ω is   
 
    3.5575915  
 
 
grepthis#Fundamentals_Of_Electronic_Devices_P._Raja_And_P._Sharma_2720/CH4/EX4.16.2/ex4_16_2.sce #
 
 
 
 
 
 
 
 
 
 
 
 
 
 
 
 
 
 For Ge the height of the energy barrier in V is   
 
    0.2191017  
 
 
 
 
 
 
 
 
 
 For Si p-n junction  the height of the energy barrier in V is   
 
    0.6660607  
 
 
grepthis#Fundamentals_Of_Electronic_Devices_P._Raja_And_P._Sharma_2720/CH4/EX4.16.3/ex4_16_3.sce #
 
 
 
 
 
 
 
 
 
 
 
 The voltage in volts is :    
 
  - 0.0598672  
 
 
 
 
 ratio  =
 
  - 6.8419784  
 
 
 The ratio of the current for a forward bias to reverse bias is :    
 
  - 6.8419784  
 
 
 
 
 
 
 
 
 For V=0.1 V , the value of I in mA is :    
 
    0.4581267  
 
 
 
 
 
 For V=0.2 V , the value of I in mA is :    
 
    21.904259  
 
 
 
 
 
 For V=0.3 V , the value of I in A is :    
 
    1.0258549  
 
 
 From three value of I, for small rise in forward voltage, the diode current increase rapidly   
 
 
grepthis#Fundamentals_Of_Electronic_Devices_P._Raja_And_P._Sharma_2720/CH4/EX4.16.4/ex4_16_4.sce #
 
 
 
 
 
 
 
 
 
 
 
 Anticipated factor for Ge is :    
 
    45.  
 
 
 
 
 
 
 Anticipated factor for Si is :    
 
    5793.  
 
 
grepthis#Fundamentals_Of_Electronic_Devices_P._Raja_And_P._Sharma_2720/CH4/EX4.16.5/ex4_16_5.sce #
 
 
 
 
 
 
 
 
 
 
 
 
 
 
 
 
 The leakage resistance in MΩ is :    
 
    5.5  
 
 
grepthis#Fundamentals_Of_Electronic_Devices_P._Raja_And_P._Sharma_2720/CH4/EX4.16.6/ex4_16_6.sce #
 
 
 
 
 
 
 
 
 
 
 
 
 
 
 The dynamic resistance in the forward direction in ohm is    
 
    3.3612492  
 
 
 
 The dynamic resistance in the reverse direction in kohm is   
 
    389.07869  
 
 
grepthis#Fundamentals_Of_Electronic_Devices_P._Raja_And_P._Sharma_2720/CH4/EX4.16.7/ex4_16_7.sce #
 
 
 
 
 
 
 
 
 
 
 The barrier capacitance in pF is   
 
    70.73553  
 
 
grepthis#Fundamentals_Of_Electronic_Devices_P._Raja_And_P._Sharma_2720/CH4/EX4.16.8/ex4_16_8.sce #
 
 
 
 
 
 
 
 
 
 
 
 
 
 
 
 
 
 
 
 The width of the depletion layer  for an applied reverse voltage of 10V in µm is    
 
    7.7593299  
 
 
 
 
 
 
 The width of the depletion layer  for an applied reverse voltage of 0.1V in µm is    
 
    1.3307141  
 
 
 
 
 
 The width of the depletion layer  for an applied for a forward bias of 0.1V in µm is    
 
    0.7682881  
 
 
 
 The space charge capacitance for an applied reverse voltage of 10V  in pF is   
 
    18.257247  
 
 
 The space charge capacitance for an applied reverse voltage of 0.1V  in pF is   
 
    106.45713  
 
 
 
 
grepthis#Fundamentals_Of_Electronic_Devices_P._Raja_And_P._Sharma_2720/CH4/EX4.16.9/ex4_16_9.sce #
 
 
 
 
 
 
 
 
 
 
 
 
 The current in the junction in mA is   
 
    0.1846557  
 
 
grepthis#Fundamentals_Of_Electronic_Devices_P._Raja_And_P._Sharma_2720/CH5/EX5.9.1/ex5_9_1.sce #
 
 
 
 
 
 
 
 
 
 
 
 The value of I_C in mA is   
 
    4.8666667  
 
 
 
 
 
 The value of V_CB in V is   
 
    12.16  
 
 
grepthis#Fundamentals_Of_Electronic_Devices_P._Raja_And_P._Sharma_2720/CH5/EX5.9.2/ex5_9_2.sce #
 
 
 
 
 
 
 
 
 
 
 The value of base current in mA is   
 
    0.1  
 
 
grepthis#Fundamentals_Of_Electronic_Devices_P._Raja_And_P._Sharma_2720/CH5/EX5.11.1.a/ex5_11_1a.sce #
 
 
 
 
 
 
 
 
 
 
 The base current in µA is   
 
    166.66667  
 
 
 
 
 The Emitter current in mA is   
 
    15.166667  
 
 
 
 The value of alpha_dc is   
 
    0.9890110  
 
 
grepthis#Fundamentals_Of_Electronic_Devices_P._Raja_And_P._Sharma_2720/CH5/EX5.11.1/ex5_11_1.sce #
 
 
 
 
 
 
 
 
 
 
 
 
 The Emitter current in mA is   
 
    1.02  
 
 
grepthis#Fundamentals_Of_Electronic_Devices_P._Raja_And_P._Sharma_2720/CH5/EX5.11.3/ex5_11_3.sce #
 
 
 
 
 
 
 
 
 
 
 
 
 The change in I_B in µA is   
 
    90.  
 
 
 
grepthis#Fundamentals_Of_Electronic_Devices_P._Raja_And_P._Sharma_2720/CH5/EX5.11.4/ex5_11_4.sce #
 
 
 
 
 
 
 
 
 
 
 
 
 
 
 
 
 
 
 The base current in µA is   
 
    21.5  
 
 
 
 The collector current in mA is   
 
    2.15002  
 
 
 
 Emitter current in mA is   
 
    2.17152  
 
 
 
 Collector emitter voltage in V is   
 
    3.54994  
 
 
 
grepthis#Fundamentals_Of_Electronic_Devices_P._Raja_And_P._Sharma_2720/CH5/EX5.11.5/ex5_11_5.sce #
 
 
 
 
 
 
 
 
 
 
 
 The collector current in mA is   
 
    4.404  
 
 
grepthis#Fundamentals_Of_Electronic_Devices_P._Raja_And_P._Sharma_2720/CH5/EX5.11.7/ex5_11_7.sce #
 
 
 
 
 
 
 
 
 
 Value of beta_dc is   
 
    18.090909  
 
 
 
 The value of alpha_dc is   
 
    0.9476190  
 
 
grepthis#Fundamentals_Of_Electronic_Devices_P._Raja_And_P._Sharma_2720/CH5/EX5.14.10/ex5_14_10.sce #
 
 
 
 
 
 
 
 
 
 
 
 
 
 
 
 
 
 
 
 The minimum value of R_C in kΩ is :     
 
    2.3434783  
 
 
 
 
 
 
 
 
 The maximum value of R_B in kΩ is :    
 
    112.65306  
 
 
 
grepthis#Fundamentals_Of_Electronic_Devices_P._Raja_And_P._Sharma_2720/CH5/EX5.14.11/ex5_14_11.sce #
 
 
 
 
 
 
 
 
 
 
 
 
 
 
 
 
 
 
 
 
 
 
 
 
 
 The value of I_B in µA is :    
 
    58.638778  
 
 
 The minimum value of I_B in µA is :    
 
    32.774834  
 
 
 Since the value of I_B is greater than the value of I_Bmin,    
 
 Hence the transistor is in saturation .   
 
 
 
 
 The value of R_E in kΩ is :    
 
    1.8193494  
 
 
 So R_E should be greater than this value in order to bring the transistor just out of saturation    
 
 
 
grepthis#Fundamentals_Of_Electronic_Devices_P._Raja_And_P._Sharma_2720/CH5/EX5.14.12/ex5_14_12.sce #
 
 
 
 
 
 
 
 
 
 
 
 
 
 
 
 
 
 
 I_B  =
 
    0.1039474  
 
 
 
 Since the value of I_B (0.1039474 mA) is greater than the value of I_Bmin (0.0414098 mA)   
 
 So the transistor is in saturation    
 
 
 
 The value of collector voltage in volts is :    
 
    3.2026316  
 
 
 
 The minimum value of bita that will change the state of the trasistor is :    
 
    27.886076  
 
 
grepthis#Fundamentals_Of_Electronic_Devices_P._Raja_And_P._Sharma_2720/CH5/EX5.14.1/ex5_14_1.sce #
 
 
 
 
 
 
 
 
 
 
 
 
 The value of alpha_dc is :    
 
    0.995  
 
 
 The value of I_E in mA is :    
 
    15.075377  
 
 
grepthis#Fundamentals_Of_Electronic_Devices_P._Raja_And_P._Sharma_2720/CH5/EX5.14.2/ex5_14_2.sce #
 
 
 
 
 
 
 
 
 
 
 
 
 The value of I_C in mA is   
 
    9.91  
 
 
 
 
 The value of I_B in µA is   
 
    90.  
 
 
grepthis#Fundamentals_Of_Electronic_Devices_P._Raja_And_P._Sharma_2720/CH5/EX5.14.3/ex5_14_3.sce #
 
 
 
 
 
 
 
 
 
 
 
 
 
 
 I_B  =
 
    45.  
 
 
 The value of I_B in µA is   
 
    45.  
 
 
grepthis#Fundamentals_Of_Electronic_Devices_P._Raja_And_P._Sharma_2720/CH5/EX5.14.5/ex5_14_5.sce #
 
 
 
 
 
 
 
 
 
 
 
 
 
 
 The value of I_E in mA is   
 
    6.6  
 
 
grepthis#Fundamentals_Of_Electronic_Devices_P._Raja_And_P._Sharma_2720/CH5/EX5.14.6/ex5_14_6.sce #
 
 
 
 
 
 
 
 
 
 
 
 
 
 
 
 
 
 
 
 
 
 
 
 
 
 Since the value of I_B (5.46875µA) is less than the value of I_Bmin (19.578125µA)   
 
 So the transistor is not in the saturation region. But it is conducting hence it can not be in cutoff.   
 
 Therefore the transistor is in the active region   
 
 
grepthis#Fundamentals_Of_Electronic_Devices_P._Raja_And_P._Sharma_2720/CH5/EX5.14.7/ex5_14_7.sce #
 
 
 
 
 
 
 
 
 
 
 
 
 
 
 
 
 
 
 
 
 
 
 The value of I_B in µA is :    
 
    17.063492  
 
 
 The value of I_C in mA is :    
 
    1.7063492  
 
 
 The value of V_CE in volts is :    
 
    1.434127  
 
 
grepthis#Fundamentals_Of_Electronic_Devices_P._Raja_And_P._Sharma_2720/CH5/EX5.14.8/ex5_14_8.sce #
 
 
 
 
 
 
 
 
 
 
 
 
 
 
 
 Since the value of I_B (61.333333µA) is greater than the value of I_Bmin (49µA)   
 
 So the transistor is in the saturation region.   
 
 
grepthis#Fundamentals_Of_Electronic_Devices_P._Raja_And_P._Sharma_2720/CH5/EX5.14.9/ex5_14_9.sce #
 
 
 
 
 
 
 
 
 
 
 
 
 
 
 
 
 
 
 
 
 The value of I_B(min) in mA is :    
 
    0.1973510  
 
 
 The value of V_BB in volts is :    
 
    14.415894  
 
 
grepthis#Fundamentals_Of_Electronic_Devices_P._Raja_And_P._Sharma_2720/CH6/EX6.9.1/ex6_9_1.sce #
 
 
 
 
 
 
 
 
 
 
 
 
 
 
 
 The Pinch off voltage in V is   
 
    6.7858401  
 
 
 
 
 The value of b in µm is :    
 
    0.879  
 
 
 Hence the channel width has been reduced to about one third of its value for V_GS = 0   
 
 
 
grepthis#Fundamentals_Of_Electronic_Devices_P._Raja_And_P._Sharma_2720/CH6/EX6.9.2/ex6_9_2.sce #
 
 
 
 
 
 
 
 
 
 
 The value of V_GS in V is   
 
  - 1.5505103  
 
 
 
 The value of V_DS in V is   
 
    2.4494897  
 
 
grepthis#Fundamentals_Of_Electronic_Devices_P._Raja_And_P._Sharma_2720/CH6/EX6.9.3/ex6_9_3.sce #
 
 
 
 
 
 
 
 
 
 
 
 The drain current in mA is    
 
    2.25  
 
 
grepthis#Fundamentals_Of_Electronic_Devices_P._Raja_And_P._Sharma_2720/CH6/EX6.9.4/ex6_9_4.sce #
 
 
 
 
 
 
 
 
 
 
 
 
 The value of transconductance in mS is   
 
    3.3333333  
 
 
grepthis#Fundamentals_Of_Electronic_Devices_P._Raja_And_P._Sharma_2720/CH6/EX6.9.5/ex6_9_5.sce #
 
 
 
 
 
 
 
 
 
 
 
 
 The Transconductance in mS is   
 
    2.  
 
 
 
 The drain current in mA is   
 
    2.5  
 
 
grepthis#Fundamentals_Of_Electronic_Devices_P._Raja_And_P._Sharma_2720/CH7/EX7.6.1/ex7_6_1.sce #
 
 
 
 
 
 
 
 
 
 
 The resistance value in Ω is   
 
    700.  
 
 
 As this is not standard value, use R=680 Ω which is a standard value   
 
 
grepthis#Fundamentals_Of_Electronic_Devices_P._Raja_And_P._Sharma_2720/CH7/EX7.23.1/ex7_23_1.sce #
 
 
 
 
 
 
 
 
 
 
 
 
 
 
 
 
 
 
 
 
 
 
 
 
 
 Open circuit voltage in V is   
 
    0.5217624  
 
 
grepthis#Fundamentals_Of_Electronic_Devices_P._Raja_And_P._Sharma_2720/CH7/EX7.23.2/ex7_23_2.sce #
 
 
 
 
 
 
 
 
 
 
 
 
 
 
 
 Photo current density in mA/cm^2 is   
 
    14.68664  
 
 
grepthis#Fundamentals_Of_Electronic_Devices_P._Raja_And_P._Sharma_2720/CH8/EX8.13.1/ex8_13_1.sce #
 
 
 
 
 
 
 
 
 
 
 
 Part (i) : For 300 V voltage :    
 
 
 The anode current in mA is :    
 
    30.  
 
 
 
 
 
 Part (ii) : For 100 V voltage :    
 
 
 The anode current in mA is :    
 
    10.  
 
 
grepthis#Fundamentals_Of_Electronic_Devices_P._Raja_And_P._Sharma_2720/CH8/EX8.14.1/ex8_14_1.sce #
 
 
 
 
 
 
 
 
 
 The peak reverse recovery current in A is   
 
    30.  
 
 
