grepthis#Introduction_To_Materials_Science_For_Engineers_J._F._Shackelford_3557/CH3/EX3.18/Ex3_18.sce #
 
 
 
 l  =
 
    0.936  
 
l = 0.936000 nm 
 
 
 ld  =
 
    2.1367521  
 

 ld = 2.136752 atoms/nm 
 
grepthis#Introduction_To_Materials_Science_For_Engineers_J._F._Shackelford_3557/CH3/EX3.19/Ex3_19.sce #
 
 
 
 a  =
 
    0.5403999  
 
a= 0.540400 nm 
 s  =
 
    0.7642408  
 

 s= 0.764241 nm 
 
 A  =
 
    0.2529071  
 

 A = 0.252907 nm^2 
 

 p = 7.908041 atoms/nm^2 
 
grepthis#Introduction_To_Materials_Science_For_Engineers_J._F._Shackelford_3557/CH3/EX3.21/Ex3_21.sce #
 
 
 
 
 
 b  =
 
    1.7320508  
 
 d111  =
 
    0.2332495  
 
d111 = 0.233250 = nm 
 
 
 
 

 d200 = 0.202000 nm 
 
 
 
 

 d220 = 0.142836 nm 
 
 thetha111  =
 
    19.301999  
 

thetha111 = 19.301999 degree 
 t111  =
 
    38.603998  
 

t111 = 38.603998 degree 
 thetha200  =
 
    22.437981  
 

thetha200 = 22.437981 degree 
 t200  =
 
    44.875962  
 

t200 = 44.875962 degree 
 thetha220  =
 
    32.668767  
 

thetha220 = 32.668767 degree 
 t220  =
 
    65.337533  
 

t220 = 65.337533 degree 
 
grepthis#Introduction_To_Materials_Science_For_Engineers_J._F._Shackelford_3557/CH5/EX5.5/Ex5_5.sce #
 
 
 
 
 d  =
 
    37182.324  
 
d = 3.718232e+04 h 
 
 
 t  =
 
    10.328423  
 

t = 10.328423 h 
 
grepthis#Introduction_To_Materials_Science_For_Engineers_J._F._Shackelford_3557/CH6/EX6.1/Ex6_1.sce #
 
 
 
 
 E1  =
 
    6.977D+10  
 
E1 = 6.976744e+10 GPa= 70GPa  
  (As G= 10^9) 
 

Y.S. =410MPa 
 

 T.S = 480MPa 
 
 f  =
 
    8.  
 

 f = 8 percent 
 
grepthis#Introduction_To_Materials_Science_For_Engineers_J._F._Shackelford_3557/CH6/EX6.11/Ex6_11.sce #
 
 
 
 
 
 
 
 x  =
 
    540.    595.    650.  
 
 y  =
 
    125.    95.    65.  
 
 
 
 
 T = 585 degree C 
 
grepthis#Introduction_To_Materials_Science_For_Engineers_J._F._Shackelford_3557/CH15/EX15.8/Ex15_8.sce #
 
 
 
 prt  =
 
    2.360D-08  
 
 
 
 
 p  =
 
    3.102D-08  
 
p = 3.101984e-08 ohm m 
 
grepthis#Introduction_To_Materials_Science_For_Engineers_J._F._Shackelford_3557/CH15/EX15.12/Ex15_12.sce #
 
 
 
 
 
 
 P  =
 
    0.1645937  
 
P = 0.164594 C/m^2 
 
grepthis#Introduction_To_Materials_Science_For_Engineers_J._F._Shackelford_3557/CH19/EX19.8/Ex19_8.sce #
 
 
 
 
 i0  =
 
    0.001  
 
 n  =
 
    0.27  
 
n = 0.270000 V 
 
 
 
 V  =
 
  - 0.493  
 

V = -0.493000 V 
 
