Total number of .sce files(without counting DEPENDENCIES directory): 105

grepthis#Digital_Communications_S._Sharma_1631/CH2/EX2.1.a/Ex2_1a.sce #
 
 
 
 
 
 
 
 
 
 
 
 
 Probability Getting red ball is   
 
 
 P(R)=   
 
    0.25  
 
 
 
grepthis#Digital_Communications_S._Sharma_1631/CH2/EX2.1.b/Ex2_1b.sce #
 
 
 
 
 
 
 
 
 
 
 
 
 
 
 Probability not getting black ball   
 
 
 P(B~)=   
 
    0.5833333  
 
 
grepthis#Digital_Communications_S._Sharma_1631/CH2/EX2.1.c/Ex2_1c.sce #
 
 
 
 
 
 
 
 
 
 
 
 
 
 
 pwb  =
 
    0.75  
 
 
 Probability Getting white ball or black ball will be    
 
 
 P(B+W)=   
 
    0.75  
 
 
 
grepthis#Digital_Communications_S._Sharma_1631/CH2/EX2.2/Ex2_2.sce #
 
 
 
 
 
 
 
 
 
 
 
 Probability of getting 5 is   
 
    0.1111111  
 
 
 
grepthis#Digital_Communications_S._Sharma_1631/CH2/EX2.3/Ex2_3.sce #
 
 
 
 
 
 
 
 
 
 
 
 
 
 
 Probability that one card is Diamond and Othercard is Heart   
 
    0.1274510  
 
 
grepthis#Digital_Communications_S._Sharma_1631/CH2/EX2.4/Ex2_4.sce #
 
 
 
 
 
 
 
 
 
 
 
 
 
 probability of first two balls are white and third ball is black   
 
    0.1714286  
 
 
 
grepthis#Digital_Communications_S._Sharma_1631/CH2/EX2.5/Ex2_5.sce #
 
 
 
 
 
 
 
 
 
 
 
 
 
 
 
 
 
 
 
 Probability of balls will be in different colours   
 
    0.25  
 
 
grepthis#Digital_Communications_S._Sharma_1631/CH2/EX2.6/Ex2_6.sce #
 
 
 
 
 
 
 
 
 
 
 
 
 
 
 
 
 
 
 
 probability that problem willbe solved   
 
    0.9375  
 
 
grepthis#Digital_Communications_S._Sharma_1631/CH2/EX2.7/Ex2_7.sce #
 
 
 
 
 
 
 
 
 
 
 pr2  =
 
    0.5  
 
 probability  =
 
    0.3  
 
 
 probability of first ball is white and second ball is red   
 
    0.3  
 
 
grepthis#Digital_Communications_S._Sharma_1631/CH2/EX2.8/Ex2_8.sce #
 
 
 
 
 
 
 
 
 
 
 
 
 
 
 probability of getting recorded number is 2   
 
    0.0972222  
 
 
grepthis#Digital_Communications_S._Sharma_1631/CH2/EX2.9/Ex2_9.sce #
 
 
 
 
 
 
 
 
 
 
 
 Probability of program is correct   
 
    0.9923596  
 
 
grepthis#Digital_Communications_S._Sharma_1631/CH2/EX2.12/Ex2_12.sce #
 
 
 
 
 
 
 
 
 
 
 y  =
 
    100k   
 
 
 
 
 i) k =    
 
    0.01  
 
 
 
 
 
 ii) P(X<=5) =    
 
    0.25  
 
 
 
 
 
 
 
 iii)PDF a) fX(x) =   
 
    0.02x   
 
   for 0<x<=10   
 
 
    b)fX(x) =    
 
    0.  
 
   -infinte<x<=0,10<x<infine   
 
 
 x1  =
 
    5.  
 
 
 
 
 iv) P(5<X<=7) =   
 
    0.24  
 
 
grepthis#Digital_Communications_S._Sharma_1631/CH2/EX2.13/Ex2_13.sce #
 
 
 
 
 
 
 
 
 
 
 
 
 P(1<X<3)=   
 
    0.1328565  
 
 
grepthis#Digital_Communications_S._Sharma_1631/CH2/EX2.14/Ex2_14.sce #
 
 
 
 
 
 
 
 
 
 
 
 P(X<=1/2)=   
 
    0.5625  
 
 
 P(X>1/2)=   
 
    0.4375  
 
 
grepthis#Digital_Communications_S._Sharma_1631/CH2/EX2.20/Ex2_20.sce #
 
 
 
 
 
 
 
 
 
 
 
 
 
 
 
 
 C =    
 
    0.0476190  
 
 
grepthis#Digital_Communications_S._Sharma_1631/CH2/EX2.23/Ex2_23.sce #
 
 
 
 
 
 
 
 
 
 
 
 
 
 
 
 
 
 
 
 
 
 
 
 Area =   
 
    1.  
 
 
   Therefore area under PDF curve is  unity.   
 
 
 
 
 
 
 
 
 
 
 
 
 
 Mean value =   
 
    0.  
 
 
  Therefore mean value is  zero.   
 
 
 
 
grepthis#Digital_Communications_S._Sharma_1631/CH2/EX2.24/Ex2_24.sce #
 
 
 
 
 
 
 
 
 
 
 
 
 Mean value mx=   
 
    3.1415927  
 
 
 
 
 
 
 
 
 Mean square value X^2 =   
 
    13.159473  
 
 
 
 
 
 Standard deviation sigma=   
 
    1.8137994  
 
 
grepthis#Digital_Communications_S._Sharma_1631/CH2/EX2.31/Ex2_31.sce #
 
 
 
 
 
 
 
 
 
 
 
 
 
 
 
 
 
 
 i)Mean of X  =   
 
    0.25  
 
 
   Mean of Y  =   
 
    0.25  
 
 
 
 
 
 
 
 
 
 
 
 
 
 
 
 
 ii)Variance of X   
 
    0.0375  
 
 
 
   Variance of Y   
 
    0.0375  
 
 
 
grepthis#Digital_Communications_S._Sharma_1631/CH3/EX3.1/Ex3_1.sce #
 
 
 
 
 
 
 
 
 
 
 
 
 
 
 
 
 maximum frquency of the signal is   
 
    150.  
 
 
  Hz   
 
 
 
 Nquist Rate of Signal is   
 
 
    300.  
 
  Hz   
 
 
 
grepthis#Digital_Communications_S._Sharma_1631/CH3/EX3.2/Ex3_2.sce #
 
 
 
 
 
 
 
 
 
 
 
 
 
 i) maximum frquency of the signal is   
 
    2500.  
 
  Hz   
 
 
 
 
 ii) Nquist Rate of the given Signal is   
 
    5000.  
 
  Hz   
 
 
 
 iii) Nquist Interval of the given signal is   
 
    0.2  
 
 m Sec   
 
 
 
grepthis#Digital_Communications_S._Sharma_1631/CH3/EX3.3/Ex3_3.sce #
 
 
 
 
 
 
 
 
 
 
 (i)To avoid aliasing Nquist Rate is    
 
    200.  
 
  Hz   
 
 
grepthis#Digital_Communications_S._Sharma_1631/CH3/EX3.4/Ex3_4.sce #
 
 
 
 
 
 
 
 
 
 
 
 
 
 
 
 
 Highest frquency component of the message signal will be   
 
 
 fmax=   
 
    150.  
 
 
  Hz   
 
 
 
 Nquist Rate of the given Signal is   
 
 
    300.  
 
  Hz   
 
 
grepthis#Digital_Communications_S._Sharma_1631/CH3/EX3.7/Ex3_7.sce #
 
 
 
 
 
 
 
 
 
 
 
 
 
 
 
 |H(1)|=   
 
    19.866933  
 
 
 %   
 
 
grepthis#Digital_Communications_S._Sharma_1631/CH3/EX3.8/Ex3_8.sce #
 
 
 
 
 
 
 
 
 
 
 
 
 
 
 Transmission Bandwidth of PAM signal is     
 
 
 BW>=   
 
    40.  
 
 kHz   
 
 
 
grepthis#Digital_Communications_S._Sharma_1631/CH4/EX4.2.iii/Ex4_2iii.sce #
 
 
 
 
 
 
 
 
 
 q  =
 
    512.  
 
 
 
 
 
 Final Bit rate    
 
    75600000.  
 
 
 bits/sec   
 
 
grepthis#Digital_Communications_S._Sharma_1631/CH4/EX4.2.ii/Ex4_2ii.sce #
 
 
 
 
 
 
 
 
 
 q  =
 
    512.  
 
 
 
 
 The transmission Bandwidth is    
 
    37.8  
 
 
 MHz   
 
 
grepthis#Digital_Communications_S._Sharma_1631/CH4/EX4.2.i/Ex4_2i.sce #
 
 
 
 
 
 
 
 
 
 q  =
 
    512.  
 
 
 
 
 The code word legth is    
 
    9.  
 
 
 bits   
 
 
 
grepthis#Digital_Communications_S._Sharma_1631/CH4/EX4.2.iv/Ex4_2iv.sce #
 
 
 
 
 
 
 
 
 
 q  =
 
    512.  
 
 
 
 
 Output signal to noise ratio is   
 
    58.8  
 
 
 dB   
 
 
grepthis#Digital_Communications_S._Sharma_1631/CH4/EX4.3.ii/Ex4_3ii.sce #
 
 
 
 
 
 
 
 
 
 
 
 
 
 
 
 Transmission Bandwith   
 
    840.  
 
 
 kHz   
 
 
 Signaling rate   
 
    1680.  
 
 bits/sec   
 
 
grepthis#Digital_Communications_S._Sharma_1631/CH4/EX4.3.i/Ex4_3i.sce #
 
 
 
 
 
 
 
 
 
 
 
 
 
 Number of bits required per sample are   
 
    7.  
 
 
 bits   
 
 
 
grepthis#Digital_Communications_S._Sharma_1631/CH4/EX4.4/Ex4_4.sce #
 
 
 
 
 
 
 
 
 
 
 
 
 
 
 
 
 
 
 i)sampling Frequncy   
 
    200.  
 
 
 Hz.   
 
 
 ii)no.of bits in PCM   
 
    14.  
 
 
 bits.   
 
 
 iii)sampling rate   
 
    2800.  
 
 
 bits per second.   
 
 
 iv)Transmission Bandwidth   
 
    1400.  
 
 
 Hz.   
 
 
 
 
 
 
grepthis#Digital_Communications_S._Sharma_1631/CH4/EX4.5/Ex4_5.sce #
 
 
 
 
 
 
 
 
 
 
 
 
 
 
 Channel Bandwith is   
 
    81.6  
 
 
 kHz   
 
 
 
 
 
 
 sampling frequency   
 
    7812.5  
 
 
 Hz or samples per second.   
 
 
 
 
grepthis#Digital_Communications_S._Sharma_1631/CH4/EX4.6/Ex4_6.sce #
 
 
 
 
 
 
 
 
 
 
 
 
 Maximum message Bandwidth is    
 
    3.5714286  
 
 
 MHz   
 
 
 
 
 signal to quantization niose ration   
 
    43.8  
 
 
 dB   
 
 
 
grepthis#Digital_Communications_S._Sharma_1631/CH4/EX4.7/Ex4_7.sce #
 
 
 
 
 
 
 
 
 
 
 
 
 bits in code word   
 
    4.  
 
 
 bits   
 
 
 
 
 bit trasmission rate   
 
    24000.  
 
 
 bits per second   
 
 
grepthis#Digital_Communications_S._Sharma_1631/CH4/EX4.8/Ex4_8.sce #
 
 
 
 
 
 
 
 
 
 
 
 
 
 
 
 
 
 
 signal to niose ratio   
 
    33.  
 
 
 dB   
 
 
grepthis#Digital_Communications_S._Sharma_1631/CH4/EX4.10/Ex4_10.sce #
 
 
 
 
 
 
 
 
 
 
 
 Signal to Quantization noise ratio   
 
    61.8  
 
 
 dB.   
 
 
 
 
 
    7.  
 
 bits required to get signal to niose ratio of 40dB   
 
 
grepthis#Digital_Communications_S._Sharma_1631/CH4/EX4.11/Ex4_11.sce #
 
 
 
 
 
 
 
 
 
 
 
 
 
 Maximum frequency is   
 
    4.  
 
 
 kHz   
 
 
grepthis#Digital_Communications_S._Sharma_1631/CH4/EX4.13/Ex4_13.sce #
 
 
 
 
 
 
 
 
 
 
 
 
 
 
 Maximum Amplitude    
 
    0.5968310  
 
 Volts   
 
 
 
grepthis#Digital_Communications_S._Sharma_1631/CH4/EX4.14/Ex4_14.sce #
 
 
 
 
 
 
 
 
 
 
 
 
 i)Signaling rate of PCM is   
 
    48.  
 
 
 kHz   
 
 
 
 
 
 
 ii)The signaling rate of DM is   
 
    603.18579  
 
 
 kHz   
 
 
grepthis#Digital_Communications_S._Sharma_1631/CH4/EX4.15/Ex4_15.sce #
 
 
 
 
 
 
 
 
 
 
 SNRO  =
 
    27.941515  
 
 
 Output signal to noise ratio =   
 
    27.941515  
 
 dB   
 
 
 
grepthis#Digital_Communications_S._Sharma_1631/CH4/EX4.16/Ex4_16.sce #
 
 
 
 
 
 
 
 
 
 
 
 
 Signal to Quatization noise ratio of PCM system is   
 
    49.8  
 
 
 dB   
 
 
grepthis#Digital_Communications_S._Sharma_1631/CH4/EX4.17/Ex4_17.sce #
 
 
 
 
 
 
 
 
 
 
 
 
 
 
 
 quantizing level q=   
 
    32.  
 
 
 sampling rate fs=   
 
    7.2  
 
 
 kHz   
 
 
 Number of binary digits =   
 
    5.  
 
 
grepthis#Digital_Communications_S._Sharma_1631/CH4/EX4.18/Ex4_18.sce #
 
 
 
 
 
 
[0mEnter the Nyquist rate of Signal fs(Hz)=[0m[1m
grepthis#Digital_Communications_S._Sharma_1631/CH4/EX4.20/Ex4_20.sce #
 
 
 
 
 
 
 
 
 
 
 
 
 
 
 
 
 
 Output Signal to Quantization noise ratio   
 
    43.9  
 
 dB   
 
 
grepthis#Digital_Communications_S._Sharma_1631/CH4/EX4.21.iii/Ex4_21iii.sce #
 
 
 
 
 
 
 
 
 
 
 
 
 
 
 
 
 Quantizing  levels need is   
 
    102.  
 
 
 minimum number of bits per sample is   
 
    7.  
 
 
 
 
 
 minimum required bandwidth   
 
    28.  
 
 
 kHz   
 
 
grepthis#Digital_Communications_S._Sharma_1631/CH4/EX4.21.ii/Ex4_21ii.sce #
 
 
 
 
 
 
 
 
 
 
 
 
 
 minimum required bandwidth   
 
    20.  
 
 
 kHz   
 
 
grepthis#Digital_Communications_S._Sharma_1631/CH4/EX4.21.i/Ex4_21i.sce #
 
 
 
 
 
 
 
 
 
 
 
 
 
 
 
 Quantizing  levels required is   
 
    26.  
 
 
 minimum number of bits per sample are   
 
    5.  
 
 
 
grepthis#Digital_Communications_S._Sharma_1631/CH4/EX4.24/Ex4_24.sce #
 
 
 
 
 
 
 
 
 
 
 Ts  =
 
    0.0003333  
 
 
 
 
 Maximum Amplitude,   
 
    0.7161972  
 
 V   
 
 
 
 
 
grepthis#Digital_Communications_S._Sharma_1631/CH4/EX4.26/Ex4_26.sce #
 
 
 
 
 
 
 
 
 
 
 
 
 
 
 
 
 
 Bits required per sample   
 
    7.  
 
 
grepthis#Digital_Communications_S._Sharma_1631/CH4/EX4.27.iii/Ex4_27iii.sce #
 
 
 
 
 
 
 Nq  =
 
    0.0001272  
 
 
 
 
 
 
 Signal to quantization noise ratio   
 
    41.967136  
 
 dB   
 
 
 
grepthis#Digital_Communications_S._Sharma_1631/CH4/EX4.27.ii/Ex4_27ii.sce #
 
 
 
 
 
 
 
 
 
 
 
 
 
 
 
 bit transmission rate   
 
    48.  
 
 K bits/s   
 
 
 
grepthis#Digital_Communications_S._Sharma_1631/CH4/EX4.27.i/Ex4_27i.sce #
 
 
 
 
 
 
 
 
 
 
 
 
 
 
 Normalized power for quantization noise   
 
    0.0001272  
 
 W   
 
 
 
grepthis#Digital_Communications_S._Sharma_1631/CH4/EX4.28/Ex4_28.sce #
 
 
 
 
 
 
 
 
 
 
 
 i)Out put signal noise ratio   
 
    97.76  
 
 dB   
 
 
 
 
 ii)output bit rate   
 
    2.8224  
 
 Mbits/sec   
 
 
 
 iii)no.of bits recorded in CD   
 
    10.16064  
 
 gigabits   
 
 
 
grepthis#Digital_Communications_S._Sharma_1631/CH4/EX4.29/Ex4_29.sce #
 
 
 
 
 
 
 
 
 
 
 
 
 Output signal to noise ratio   
 
    24.931215  
 
 dB   
 
 
 
grepthis#Digital_Communications_S._Sharma_1631/CH4/EX4.30.iii/Ex4_30iii.sce #
 
 
 
 
 
 
 
 
 
 
 
 
 
 
 Output signal noise ratio   
 
    23.660673  
 
 dB   
 
 
grepthis#Digital_Communications_S._Sharma_1631/CH4/EX4.30.ii/Ex4_30ii.sce #
 
 
 
 
 
 
 
 
 
 
 
 
 
 Quantizatio noise power    
 
    2.1522995  
 
 mW   
 
 
grepthis#Digital_Communications_S._Sharma_1631/CH4/EX4.30.i/Ex4_30i.sce #
 
 
 
 
 
 
 
 
 
 
 
 
 Step Size    
 
    343.6117  
 
 mV   
 
 
grepthis#Digital_Communications_S._Sharma_1631/CH4/EX4.31/Ex4_31.sce #
 
 
 
 
 
 
 
 
 
 
 
 
 
 no.of bits/sec   
 
    108.  
 
 M bit/sec   
 
 
grepthis#Digital_Communications_S._Sharma_1631/CH4/EX4.32/Ex4_32.sce #
 
 
 
 
 
 
 
 
 
 
 
 
 
 i)step size   
 
    1.5707963  
 
 Volt   
 
 Nq  =
 
    0.8224670  
 
 
 ii)noise power   
 
    0.8224670  
 
 W   
 
 
 
 iii)SNR=   
 
    19.453667  
 
 
grepthis#Digital_Communications_S._Sharma_1631/CH4/EX4.33/Ex4_33.sce #
 
 
 
 
 
 
 
 
 
 
 
 
 
 i)signaling rate,   
 
 
 r=   
 
    576.  
 
 K bits/sec   
 
 
 
 ii)bandwidth   
 
 
 BW min=   
 
    288.  
 
 kHz   
 
 
grepthis#Digital_Communications_S._Sharma_1631/CH4/EX4.34/Ex4_34.sce #
 
 
 
 
 
 
 
 
 
 
 
 i)step size   
 
    0.3436117  
 
 Volts   
 
 
 
 ii)Nq=   
 
    0.0021523  
 
 W   
 
 
grepthis#Digital_Communications_S._Sharma_1631/CH5/EX5.1/Ex5_1.sce #
 
 
 
 
 
 
 
 
 
 
 Sampling rate   
 
    9.  
 
 kHz   
 
 
grepthis#Digital_Communications_S._Sharma_1631/CH5/EX5.2/Ex5_2.sce #
 
 
 
 
 
 
 
 
 
 
 
 
 
 
 
 
 
 
 
 i)Nyquest rate of x1   
 
    6000.  
 
 kHz   
 
 
   Nyquest rate of x2   
 
    2000.  
 
 kHz   
 
 
   Nyquest rate of x3   
 
    2000.  
 
 kHz   
 
 
   Nyquest rate of x4   
 
    2000.  
 
 kHz   
 
 
 
 
 iii)Signaling rate   
 
    12000.  
 
 Samples/sec   
 
 
 
 iv)Minimum channel bandwidth   
 
    6000.  
 
 Hz   
 
 
grepthis#Digital_Communications_S._Sharma_1631/CH5/EX5.3/Ex5_3.sce #
 
 
 
 
 
 
 
 
 
 
 T  =
 
    5.  
 
 
 
 The spacing between two successive pules   
 
    4.  
 
 u sec   
 
 
grepthis#Digital_Communications_S._Sharma_1631/CH5/EX5.4/Ex5_4.sce #
 
 
 
 
 
 
 
 
 
 
 
 Signaling rate   
 
    60.  
 
 K bits/sec   
 
 
 
 Bandwith to avoid the cross talk in TDM is   
 
    30.  
 
 kHz   
 
 
grepthis#Digital_Communications_S._Sharma_1631/CH6/EX6.25/Ex6_25.sce #
 
 
 
 
 
 
 
 
 
 alpha  =
 
    0.5  
 
 
 factor alpha =    
 
    0.5  
 
 
grepthis#Digital_Communications_S._Sharma_1631/CH6/EX6.26/Ex6_26.sce #
 
 
 
 
 
 
 
 alpha  =
 
    0.2  
 
 
 
 
 
 
 
 
 
 
 Transmission Bandwidth   
 
    168.  
 
 kHz   
 
 
grepthis#Digital_Communications_S._Sharma_1631/CH8/EX8.1/Ex8_1.sce #
 
 
 
 
 
 
 
 
 
 
 
 
 
 
 
 
 
 z =    
 
    3.1622777  
 
 
 
 
 probability of bit error when P(s1)=P(s2)=1/2    
 
 
 P(e)=   
 
    0.0007827  
 
 
grepthis#Digital_Communications_S._Sharma_1631/CH8/EX8.2/Ex8_2.sce #
 
 
 
 
 
 
 
 
 
 
 
 
 
 Transmission pulse Amplitude   
 
    2.1215636  
 
 Volts   
 
 
grepthis#Digital_Communications_S._Sharma_1631/CH8/EX8.4/Ex8_4.sce #
 
 
 
 
 
 
 
 
 
 
 
 
 
 
 
 
 Pe  =
 
    0.0015654  
 
 
 Error probability of PSK is    
 
 
 P(e) =   
 
    0.0015654  
 
 
grepthis#Digital_Communications_S._Sharma_1631/CH8/EX8.5/Ex8_5.sce #
 
 
 
 
 
 
 
 
 
 
 Eb  =
 
    5.000D-11  
 
 
 
 Pe  =
 
    0.0015654  
 
 
 bit error probability    
 
 
 Pe =   
 
    0.0015654  
 
 
grepthis#Digital_Communications_S._Sharma_1631/CH8/EX8.7/Ex8_7.sce #
 
 
 
 
 
 
 
 
 
 
 z  =
 
    2.6  
 
 
 
 
 
 
 
 Carrier Amplitude   
 
    52.  
 
 mV   
 
 
grepthis#Digital_Communications_S._Sharma_1631/CH8/EX8.8/Ex8_8.sce #
 
 
 
 
 
 
 
 
 r  =
 
    1000000.  
 
 
 
 
 z  =
 
    3.71  
 
 
 
 
 
 
 
 
 Average carrier power  =   
 
    1.37641  
 
 watts   
 
 
 
 Channel Bandwidth  =   
 
    1.  
 
 MHz   
 
 
grepthis#Digital_Communications_S._Sharma_1631/CH8/EX8.10/Ex8_10.sce #
 
 
 
 
 
 
 
 
 
 
 
 
 
 Probability of error is    
 
    0.0006363  
 
 
grepthis#Digital_Communications_S._Sharma_1631/CH8/EX8.11/Ex8_11.sce #
 
 
 
 
 
 
 
 rb  =
 
    2500000.  
 
 
 
 
 
 z  =
 
    2.236068  
 
 
 
 probability of symbol error   
 
    0.0007827  
 
 
grepthis#Digital_Communications_S._Sharma_1631/CH9/EX9.1/Ex9_1.sce #
 
 
 
 
 
 
 
 
 
 
 
 
 
 
 
Information Content 

 	I(x1) =  1 bit 
 
 	I(x2) =  2 bits
 
 	I(x3) =  3 bits
 
 	I(x4) =  3 bits
 
 
 
 
grepthis#Digital_Communications_S._Sharma_1631/CH9/EX9.2/Ex9_2.sce #
 
 
 
 
 
 
 
 
 
 The amount of Information 
 
	 I(Xi) = 02 bits 
 
grepthis#Digital_Communications_S._Sharma_1631/CH9/EX9.3/Ex9_3.sce #
 
 
 
 
 
 
 
 
 
 
 
 
 The amount of Information 
 
	 I(X1) = 01 bit
 
 
 The amount of Information 
 
	 I(X2) = 01 bit 
 
grepthis#Digital_Communications_S._Sharma_1631/CH9/EX9.4/Ex9_4.sce #
 
 
 
 
 
 
 
 
 
 
 
 
 The amount of Information 
 
	 I(X1) = 02 bits
 
 
 	 I(X2) = 0.415 bits 
 
grepthis#Digital_Communications_S._Sharma_1631/CH9/EX9.9/Ex9_9.sce #
 
 
 
 
 
 
 
 
 
 
 
 
  Entropy 
 
	  i) H(X) = 1.85 bits/symbol,
 
 
 
 
 
  Amount of information 
 
	 ii) I(x1x2x1x3) = 6.70 bits/symbol,
 
 
 
 
 
 	 
 	 I(x4x3x3x2) = 9.70 bits/symbol.
 
 
grepthis#Digital_Communications_S._Sharma_1631/CH9/EX9.12/Ex9_12.sce #
 
 
 
 
 
 
 
 
 
 n  =
 
    32.  
 
 
 
 
 
 R  =
 
    2.560D+08  
 
Average rate of information
  
 	 R = 256 Mbs 
 
grepthis#Digital_Communications_S._Sharma_1631/CH9/EX9.13/Ex9_13.sce #
 
 
 
 
 
 
 
 
 
 
 
 
 
 
 
Average rate of information
 
 	 R = 1.72 b/s 
 
grepthis#Digital_Communications_S._Sharma_1631/CH9/EX9.14/Ex9_14.sce #
 
 
 
 
 
 
[0mEnter the frequncy f=[0m[1m
grepthis#Digital_Communications_S._Sharma_1631/CH9/EX9.15/Ex9_15.sce #
 
 
 
 
 
 
 
 
 
 
 
[0mEnter the frequncy of system fm(in Hz) =[0m[1m
grepthis#Digital_Communications_S._Sharma_1631/CH9/EX9.16/Ex9_16.sce #
 
 
 
 
 
 
 
 
 
 
 
 
 
 
i) source entropy

  	H(X) = 1.88 bits/symbol
 
 
 


 ii)information rate 

 	 R = 1875 bits/sec 
 
grepthis#Digital_Communications_S._Sharma_1631/CH9/EX9.17/Ex9_17.sce #
 
 
 
 
 
 
 
 
 
 
 
 
 
 r  =
 
    16.  
 
 
 
i) Entropy

  	H(X) = 1.88 bits/symbol
 
 
 


 ii)information rate 

 	 R = 30 bits/sec 
 
grepthis#Digital_Communications_S._Sharma_1631/CH9/EX9.18/Ex9_18.sce #
 
 
 
 
 
 
 
 
 
 
 
 
 
 
 
 
 
 
 
 H(X) =    
 
    2.7414461  
 
 bits/message   
 
 
 
 
 R =    
 
    54828.921  
 
 bits/sec   
 
 
grepthis#Digital_Communications_S._Sharma_1631/CH9/EX9.19/Ex9_19.sce #
 
 
 
 
 
 
 
 
 
 
 
 
 
 
 
 
 
    i)Channel Matrix  [P(Y/X)]=   
 
    0.9    0.1  
    0.2    0.8  
 
 

  ii) P(y1)=0.55 and P(y2)=0.45 
 
 
 
 

 iii)P(x1y2)=0.05 and P(x2y1)=0.10 
 
 
grepthis#Digital_Communications_S._Sharma_1631/CH9/EX9.21/Ex9_21.sce #
 
 
 
 
 
 
 
 
 
 
 PY  =
 
    0.4    0.2    0.4  
 
 
 [P(Y)]   
 
    0.4    0.2    0.4  
 
 
 P(y1)=   
 
    0.4  
 
 
 P(y2)=   
 
    0.2  
 
 
 P(y3)=   
 
    0.4  
 
 
grepthis#Digital_Communications_S._Sharma_1631/CH9/EX9.35/Ex9_35.sce #
 
 
 
 
 
 
 
 
 
 
 
 

 Capacity of Channel 

	 C=54.439(10^3) b/s 
 
grepthis#Digital_Communications_S._Sharma_1631/CH9/EX9.36.iii/Ex9_36iii.sce #
 
 
 
 
 
 
 
 
 
 
 
 
 SNR =   
 
    24.065402  
 
 dB   
 
 
grepthis#Digital_Communications_S._Sharma_1631/CH9/EX9.36.ii/Ex9_36ii.sce #
 
 
 
 
 
 
 
 
 
 SNR  =
 
    100.  
 
 
 
 C =   
 
    66.582115  
 
 kb/s   
 
 
grepthis#Digital_Communications_S._Sharma_1631/CH9/EX9.36.i/Ex9_36i.sce #
 
 
 
 
 
 
 
 
 
 
 
 
 
 
Information Rate 

 	 R= 80 kb/s 
 
grepthis#Digital_Communications_S._Sharma_1631/CH9/EX9.36.iv/Ex9_36iv.sce #
 
 
 
 
 
 
 
 
 
 
 
 
 Bandwidth  B =    
 
    12.015239  
 
 kHz   
 
 
grepthis#Digital_Communications_S._Sharma_1631/CH9/EX9.37/Ex9_37.sce #
 
 
 
 
 
 
 
 
 
 
 
 
 
 

	code efficiency = 46.90  
 
             %   
 
 
 


	code redundancy = 53.10  
 
             %   
 
 
grepthis#Digital_Communications_S._Sharma_1631/CH9/EX9.38/Ex9_38.sce #
 
 
 
 
 
 
 
 
 
 
 
 
 
 
 
 
 
 
 
 

	code efficiency = 72.71   
 
             %   
 
 
 


	code redundancy = 27.3  
 
             %   
 
 
grepthis#Digital_Communications_S._Sharma_1631/CH9/EX9.44/Ex9_44.sce #
 
 
 
 
 
 
 
 
 
 
 
 n1  =
 
    1.  
 
 
 
 
 
 
 
 
 
 
 
 
 
 
 
 

	code efficiency = 100.00   
 
             %   
 
 
grepthis#Digital_Communications_S._Sharma_1631/CH9/EX9.50/Ex9_50.sce #
 
 
 
 
 
 
 
 
 
 
 P3  =
 
    0.125  
 
 
 
 
 
 

 	 i)Entropy of system 

 	  H=1.9375 bits/message
 
 

 	 ii)Information rate
 
	 R = 31 bits/sec 
 
 
grepthis#Digital_Communications_S._Sharma_1631/CH9/EX9.51/Ex9_51.sce #
 
 
 
 
 
 
 
 
 
 
 
 

 	 i)Entropy of X 

 	  H(X)=1.571 bits/symbol
 
 
 PYX  =
 
    0.8    0.2    0.   
    0.     1.     0.   
    0.     0.3    0.7  
 
 PX  =
 
    0.3    0.4    0.3  
 
 
 
 
 
 
 

 	 ii)Entropy of Y 

 	  H(Y)=1.44 bits/symbol
 
 
 
grepthis#Digital_Communications_S._Sharma_1631/CH9/EX9.52/Ex9_52.sce #
 
 
 
 
 
 
 
 
 
 
 
 
 HX  =
 
    1.1812909  
 

 	 i)Entropy of system 

 	  H(X)=1.1813 bits/symbol
 
 
 
 

 	 ii)Entropy of second order system extension of source can be 
 

 	  H(X^2)=1.1813 bits/symbol
 
 
grepthis#Digital_Communications_S._Sharma_1631/CH9/EX9.54/Ex9_54.sce #
 
 
 
 
 
 
 
 
 
 S3  =
 
    0.25  
 
 
 
 

 	 i)Entropy of system 

 	  H(X)=1.9591 bits/symbol
 
 
 
grepthis#Digital_Communications_S._Sharma_1631/CH9/EX9.56/Ex9_56.sce #
 
 
 
 
 
 
 
 SNR  =
 
    30.  
 
 
 C  =
 
    33888.569  
 
Information capacity of telephone is 

 	C = 33.89 kbps 
 
 
grepthis#Digital_Communications_S._Sharma_1631/CH10/EX10.4/Ex10_4.sce #
 
 
 
 
 
 
 dmin  =
 
    5.  
 
 
 
 i)Number of detected errors 

 	 s <= 4   
 
 
 


 ii) Number of corrected errors

 	  t<= 2  
 
grepthis#Digital_Communications_S._Sharma_1631/CH10/EX10.17/Ex10_17.sce #
 
 
 
 
 
 
 
 
 
 
 
 
 
 
 
 X  =
 
    1.    0.    0.    1.    1.    1.    0.  
 
 
 The code vectors are    
 
    1.    0.    0.    1.    1.    1.    0.  
 
 
grepthis#Digital_Communications_S._Sharma_1631/CH10/EX10.19/Ex10_19.sce #
 
 
 
 
 
 
 
 
 
 
 
 
 
 
 
 X  =
 
    1.    0.    1.    0.    0.    1.    1.  
 
 
 The required code word    
 
    1.    0.    1.    0.    0.    1.    1.  
 
 
 
