Total number of .sce files(without counting DEPENDENCIES directory): 90

grepthis#Electrical_Engineering_R._Anandanatarajan_1541/CH1/EX1.10/Chapter1_Example10.sce #
 
 
 
 
 
 
 
 
 
 
 
 
 
 
 
 
 
 
 
 
 
 
a)Generated emf is 221.855 V 
 b)Output of the prime mover is 43254.10 W 
 c)Mechanical efficiency is 94.35 percent 
 d)Electrical efficiency is 96.22 percent 
 e)Overall efficiency is 91.55 percent 
 
 
 
grepthis#Electrical_Engineering_R._Anandanatarajan_1541/CH1/EX1.11/Chapter1_Example11.sce #
 
 
 
 
 
 
 
 
 
 
 
 
 
 
 
 
 
 
 
i)Back emf is 219.59 V 
ii)Total mechanical power developed in the armature is 3.03 kW 
 
 
 
grepthis#Electrical_Engineering_R._Anandanatarajan_1541/CH1/EX1.12/Chapter1_Example12.sce #
 
 
 
 
 
 
 
 
 
 
 
 
 
 
 
 
 
Change in back emf from no load to full load is  10 V 
 
 
 
grepthis#Electrical_Engineering_R._Anandanatarajan_1541/CH1/EX1.13/Chapter1_Example13.sce #
 
 
 
 
 
 
 
 
 
 
 
 
 
 
 
 
 
 
 
Speed of the motor is 1075.9 rpm 
 
 
 
grepthis#Electrical_Engineering_R._Anandanatarajan_1541/CH1/EX1.14/Chapter1_Example14.sce #
 
 
 
 
 
 
 
 
 
 
 
 
 
 
 
 
 
 
i)Armature resistance is 0.67 ohm 
ii)Armature current will be maximum at the moment of start up and it is 376.54 A 
 
 
 
grepthis#Electrical_Engineering_R._Anandanatarajan_1541/CH1/EX1.15/Chapter1_Example15.sce #
 
 
 
 
 
 
 
 
 
 
 
 
 
 
 
 
 
 
 
 
Back emf is 388 V 
 
 
 
grepthis#Electrical_Engineering_R._Anandanatarajan_1541/CH1/EX1.16/Chapter1_Example16.sce #
 
 
 
 
 
 
 
 
 
 
 
 
 
 
 
 
 
 
 
 
 
 
Total power developed in the armature when 
i)the dc machine is operated as a generator is 31170 W 
ii)when the dc machine is operated as a motor is 28869.8 W 
 
 
 
grepthis#Electrical_Engineering_R._Anandanatarajan_1541/CH1/EX1.17/Chapter1_Example17.sce #
 
 
 
 
 
 
 
 
 
 
 
 
 
 
 
 
Armature torque is 311.67 N.m 
 
 
 
grepthis#Electrical_Engineering_R._Anandanatarajan_1541/CH1/EX1.18/Chapter1_Example18.sce #
 
 
 
 
 
 
 
 
 
 
 
 
 
 
 
 
 
 
 
 
 
 
Current taken by the motor is 31.4 A 
Diameter of the motor pulley is  15 cm 
 
 
 
grepthis#Electrical_Engineering_R._Anandanatarajan_1541/CH1/EX1.19/Chapter1_Example19.sce #
 
 
 
 
 
 
 
 
 
 
 
 
 
 
 
 
 
 
 
 
 
 
 
 
 
Armature torque is 5239 N.m 
 Horse power output is 220.9 HP 
 
 
 
 
grepthis#Electrical_Engineering_R._Anandanatarajan_1541/CH1/EX1.1/Chapter1_Example1.sce #
 
 
 
 
 
 
 
 
 
 
 
 
 
 
 
 
Generated emf is 268.2 V 
 
 
 
grepthis#Electrical_Engineering_R._Anandanatarajan_1541/CH1/EX1.20/Chapter1_Example20.sce #
 
 
 
 
 
 
 
 
 
 
 
 
 
 
 
 
 
 
 
 
Armature torque is  80 N.m 
 
 
 
grepthis#Electrical_Engineering_R._Anandanatarajan_1541/CH1/EX1.21/Chapter1_Example21.sce #
 
 
 
 
 
 
 
 
 
 
 
 
 
 
 
 
 
 
 
 
 
Load speed is 1151 rpm 
 Load torque is 60.86 N.m 
 
 
 
 
grepthis#Electrical_Engineering_R._Anandanatarajan_1541/CH1/EX1.22/Chapter1_Example22.sce #
 
 
 
 
 
 
 
 
 
 
 
 
 
 
 
 
 
 
 
 
 
Speed of the motor at load is 782 rpm 
 
 
 
grepthis#Electrical_Engineering_R._Anandanatarajan_1541/CH1/EX1.23/Chapter1_Example23.sce #
 
 
 
 
 
 
 
 
 
 
 
 
 
 
 
 
 
 
 
 
 
 
Speed of the lap wound shunt motor is 381 rpm 
 
 
 
grepthis#Electrical_Engineering_R._Anandanatarajan_1541/CH1/EX1.24/Chapter1_Example24.sce #
 
 
 
 
 
 
 
 
 
 
 
 
 
 
 
 
 
 
 
 
 
 
 
 
 
 
 
 
 
 
 
 
 
Speed of the dc machine when operated as a motor is 964 rpm 
 
 
 
grepthis#Electrical_Engineering_R._Anandanatarajan_1541/CH1/EX1.25/Chapter1_Example25.sce #
 
 
 
 
 
 
 
 
 
 
 
 
 
 
 
 
 
 
 
 
 
 
 
 
 
i)Percentage in speed is 197.24 and Percentage in torque is 75
ii)New speed is 1674 rpm and new current is (1/sqrt(2)) times old current 
 
 
 
grepthis#Electrical_Engineering_R._Anandanatarajan_1541/CH1/EX1.26/Chapter1_Example26.sce #
 
 
 
 
 
 
 
 
 
 
 
 
 
 
 
 
 
 
 
 
 
 
 
 
 
Efficiency of the motor is 83.5 percent 
 
 
 
grepthis#Electrical_Engineering_R._Anandanatarajan_1541/CH1/EX1.27/Chapter1_Example27.sce #
 
 
 
 
 
 
 
 
 
 
 
 
 
 
 
 
 
 
 
 
 
 
 
(i)Copper loss is 615.2 W
(ii)Armature torque is 113.5 N.m
(iii)Shaft torque is 102.04 N.m
(iv)Efficiency is 85.5 percent 
 
 
 
grepthis#Electrical_Engineering_R._Anandanatarajan_1541/CH1/EX1.28/Chapter1_Example28.sce #
 
 
 
 
 
 
 
 
 
 
 
 
 
 
 
 
 
 
 
 
 
 
 
 
 
 
No load speed is 1177 rpm
Speed at load is 1105.4 rpm
Speed regulation is 6.10 percent 
 
 
 
grepthis#Electrical_Engineering_R._Anandanatarajan_1541/CH1/EX1.29/Chapter1_Example29.sce #
 
 
 
 
 
 
 
 
 
 
 
 
 
 
 
 
 
New speed is 890 rpm 
 
 
 
grepthis#Electrical_Engineering_R._Anandanatarajan_1541/CH1/EX1.2/Chapter1_Example2.sce #
 
 
 
 
 
 
 
 
 
 
 
 
 
 
 
 
 
 
Induced emf is 404.480 V 
 Armature current is 41.33 A 
 
 
 
grepthis#Electrical_Engineering_R._Anandanatarajan_1541/CH1/EX1.30/Chapter1_Example30.sce #
 
 
 
 
 
 
 
 
 
 
 
 
 
 
 
 
 
 
 
 
 
 
The value of resistance to be included in the field is 44.58 ohm 
 
 
 
grepthis#Electrical_Engineering_R._Anandanatarajan_1541/CH1/EX1.31/Chapter1_Example31.sce #
 
 
 
 
 
 
 
 
 
 
 
 
 
 
 
 
 
 
Resistance required in series is 3.23 ohm 
 
 
 
grepthis#Electrical_Engineering_R._Anandanatarajan_1541/CH1/EX1.32/Chapter1_Example32.sce #
 
 
 
 
 
 
 
 
 
 
 
 
 
 
 
 
 
 
 
Additional field resistance to be included in the field is 56.28 ohm 
 
 
 
grepthis#Electrical_Engineering_R._Anandanatarajan_1541/CH1/EX1.33/Chapter1_Example33.sce #
 
 
 
 
 
 
 
 
 
 
 
 
 
 
 
 
 
 
 
 
 
Resistance to be added to the existing armature resistance is 1.9 ohm 
 Speed at half of the full load torque is 1389.5 rpm 
 
 
 
grepthis#Electrical_Engineering_R._Anandanatarajan_1541/CH1/EX1.34/Chapter1_Example34.sce #
 
 
 
 
 
 
 
 
 
 
 
 
 
 
 
 
 
 
 
 
 
 
 
 
 
 
 
Armature current is  40 A 
 Torque developed is 72.79 N.m 
 New speed of the motor is 1163 rpm 
 
 
 
grepthis#Electrical_Engineering_R._Anandanatarajan_1541/CH1/EX1.35/Chapter1_Example35.sce #
 
 
 
 
 
 
 
 
 
 
 
 
 
 
 
 
 
 
 
 
 
 
i)Full load current is 174.4 A, Full load power is 37.7 kW, Armature resistance is 0.31 ohm
ii)New motor torque is 300 N.m, Motor power is 84.8 kW, Motor speed is 2700 rpm 
 
 
 
grepthis#Electrical_Engineering_R._Anandanatarajan_1541/CH1/EX1.36/Chapter1_Example36.sce #
 
 
 
 
 
 
 
 
 
 
 
 
 
 
 
 
 
 
Series resistance required to be connected in series with armature and field resistance is 0.984 ohm 
 
 
 
grepthis#Electrical_Engineering_R._Anandanatarajan_1541/CH1/EX1.37/Chapter1_Example37.sce #
 
 
 
 
 
 
 
 
 
 
 
 
 
 
 
 
 
 
 
 
 
 
Series resistance to be added to armature field circuit is 6.5 ohm 
 
 
 
grepthis#Electrical_Engineering_R._Anandanatarajan_1541/CH1/EX1.38/Chapter1_Example38.sce #
 
 
 
 
 
 
 
 
 
 
 
 
 
 
 
 
 
 
 
 
Resistance to be connected is 11.0 ohm 
 
 
 
grepthis#Electrical_Engineering_R._Anandanatarajan_1541/CH1/EX1.3/Chapter1_Example3.sce #
 
 
 
 
 
 
 
 
 
 
 
 
 
 
 
 
 
 
 
Induced emf is 254.9 V 
Armature current is 42.512 A 
 
 
 
grepthis#Electrical_Engineering_R._Anandanatarajan_1541/CH1/EX1.4/Chapter1_Example4.sce #
 
 
 
 
 
 
 
 
 
 
 
 
 
 
 
 
 
 
 
Total power delivered by the armature is 26.15 kW 
 
 
 
grepthis#Electrical_Engineering_R._Anandanatarajan_1541/CH1/EX1.5/Chapter1_Example5.sce #
 
 
 
 
 
 
 
 
 
 
 
 
 
 
 
 
 
 
Generated emf is 460.8 V 
 
 
 
grepthis#Electrical_Engineering_R._Anandanatarajan_1541/CH1/EX1.6/Chapter1_Example6.sce #
 
 
 
 
 
 
 
 
 
 
 
 
 
 
 
 
 
 
Speed reqired in lap wound is 1250 rpm 
Speed reqired in wave wound is 625 rpm 
 
 
 
grepthis#Electrical_Engineering_R._Anandanatarajan_1541/CH1/EX1.7/Chapter1_Example7.sce #
 
 
 
 
 
 
 
 
 
 
 
 
 
 
 
 
New flux per pole is 0.0288 Wb 
 
 
 
grepthis#Electrical_Engineering_R._Anandanatarajan_1541/CH1/EX1.8/Chapter1_Example8.sce #
 
 
 
 
 
 
 
 
 
 
 
 
 
 
 
 
 
 
 
 
 
Terminal voltage is 199.552 V 
 
 
 
grepthis#Electrical_Engineering_R._Anandanatarajan_1541/CH1/EX1.9/Chapter1_Example9.sce #
 
 
 
 
 
 
 
 
 
 
 
 
 
 
 
 
 
 
 
 
 
 
 
 
Speed at which the generator should be driven is 1011 rpm 
 
 
 
grepthis#Electrical_Engineering_R._Anandanatarajan_1541/CH2/EX2.10/Chapter2_Example10.sce #
 
 
 
 
 
 
 
 
 
 
 
 
 
 
 
 
 
 
 
 
 
 
Primary current is 53.9 A and Primary power factor is 0.71 
 
 
 
grepthis#Electrical_Engineering_R._Anandanatarajan_1541/CH2/EX2.11/Chapter2_Example11.sce #
 
 
 
 
 
 
 
 
 
 
 
 
 
 
 
 
 
 
 
 
 
 
 
 
 
 
 
 
a)Maximum flux in the core is 0.164 Wb
(b)Primary current is 284.60 A and Secondary current is 94.87 A
(c)Real power is 1080 KW and Reactive power is 360 KVAR
(d)Value of impedence consumed is 13.3+j4.4 
 
 
 
grepthis#Electrical_Engineering_R._Anandanatarajan_1541/CH2/EX2.12/Chapter2_Example12.sce #
 
 
 
 
 
 
 
 
 
 
 
 
 
 
 
 
 
 
(a)The value of primary current is  60 A 
(b)The peak value of flux linked with the secondary is 9.9 m.Wb 
 
 
 
grepthis#Electrical_Engineering_R._Anandanatarajan_1541/CH2/EX2.13/Chapter2_Example13.sce #
 
 
 
 
 
 
 
 
 
 
 
 
 
 
 
 
 
 
(a)Secondary voltage is 100 V
(b)Primary current is  20 A
(c)Secondary current is  10 A 
 
 
 
grepthis#Electrical_Engineering_R._Anandanatarajan_1541/CH2/EX2.14/Chapter2_Example14.sce #
 
 
 
 
 
 
 
 
 
 
 
 
 
 
 
 
 
 
 
 
 
 
 
 
Current taken by the primary is 33.33 A and power factor is 0.76 
 
 
 
grepthis#Electrical_Engineering_R._Anandanatarajan_1541/CH2/EX2.15/Chapter2_Example15.sce #
 
 
 
 
 
 
 
 
 Z2  =
 
    4. + 3.i  
 
 
 
 
 
 
 
 
 
 
 
 
Power delivered is  40 kW 
Current taken by an ideal transformer is 8.33 A 
 
 
 
grepthis#Electrical_Engineering_R._Anandanatarajan_1541/CH2/EX2.16/Chapter2_Example16.sce #
 
 
 
 
 
 
 
 
 
 
 
 
 
 
 
 
 
 
 
 
 
 
 
 
(a)Resistance referred to primary is 4.15 ohm 
 Reactance referred to primary is 1.75 ohm 
 Impedence referred to primary is 4.5 ohm 

(b)Resistance referred to secndary is 0.0415 ohm 
 Reactance referred to secondary is 0.0175 ohm 
 Impedence referred to secondary is 0.045 ohm 
 
 
 
grepthis#Electrical_Engineering_R._Anandanatarajan_1541/CH2/EX2.17/Chapter2_Example17.sce #
 
 
 
 
 
 
 
 
 
 
 
 
 
 
 
 
 
 
 
 
 
 
 
 
 
 
 
 
 
 
 
 
(a)Resistance referred to primary is 7.5 ohm 
 Reactance referred to primary is 13.2 ohm 
 Impedence referred to primary is 7.5+j13.2 ohm 

(b)Resistance referred to secndary is 0.01875 ohm 
 Reactance referred to secondary is 0.033 ohm 
 Impedence referred to secondary is 0.01875+j0.033 ohm 
 
 
 
grepthis#Electrical_Engineering_R._Anandanatarajan_1541/CH2/EX2.18/Chapter2_Example18.sce #
 
 
 
 
 
 
 
 
 
 
 
 
 
 
 
 
 
 
 
 
(a)Load impedence required for full load current is 0.64 ohm 
(b)Impedence referred to high tension side is  64 ohm
(c)Value of current referred to high tension side is  25 A 
 
 
 
grepthis#Electrical_Engineering_R._Anandanatarajan_1541/CH2/EX2.19/Chapter2_Example19.sce #
 
 
 
 
 
 
 
 
 
 
 
 
 
 
 
 
 
 
 
 
 
 
 
 
a)Primary resistance is 14.18 ohm and Secondary resistance in is  0.015 ohm
b)Primary reactance is 1.57 ohm and Secondary reactance is 1.540 ohm 
 
 
 
grepthis#Electrical_Engineering_R._Anandanatarajan_1541/CH2/EX2.1/Chapter2_Example1.sce #
 
 
 
 
 
 
 
 
 
 
 
 
 
 
 
 
 
 
a)Number of turns in the primary is 600 turns 
b)Current in the primary is  10 A and Current in the secondary is 100 A 
 
 
 
grepthis#Electrical_Engineering_R._Anandanatarajan_1541/CH2/EX2.20/Chapter2_Example20.sce #
 
 
 
 
 
 
 
 
 
 
 
 
 
 
 
 
 
 
 
 
 
 
 
 
 
 
 
 
 
 
 
 
 
 
 
 
 
 
 
 
Primary applied voltage is 11859.02 V
Primary power factor is 0.74 
Efficiency is 84.13 percent 
 
 
 
grepthis#Electrical_Engineering_R._Anandanatarajan_1541/CH2/EX2.21/Chapter2_Example21.sce #
 
 
 
 
 
 
 
 
 
 
 
 
 
 
 
 
 
Primary induced emf is 961.2 V 
 
 
 
grepthis#Electrical_Engineering_R._Anandanatarajan_1541/CH2/EX2.22/Chapter2_Example22.sce #
 
 
 
 
 
 
 
 
 
 
 
 
 
 
 
 
 
 
 
 
 
 
 
Induced emf in the secondary is 220.88+j24.29 
 
 
 
grepthis#Electrical_Engineering_R._Anandanatarajan_1541/CH2/EX2.23/Chapter2_Example23.sce #
 
 
 
 
 
 
 
 
 
 
 
 
 
 
 
 
 
Primary current is  36 A 
 
 
 
grepthis#Electrical_Engineering_R._Anandanatarajan_1541/CH2/EX2.24/Chapter2_Example24.sce #
 
 
 
 
 
 
 
 
 
 
 
 
 
 
 
 
 
 
 
 
 
Secondary volatge is 5423 V,-4.4 degree 
 
 
 
grepthis#Electrical_Engineering_R._Anandanatarajan_1541/CH2/EX2.25/Chapter2_Example25.sce #
 
 
 
 
 
 
 
 
 
 
 
 
 
 
 
 
 
 
 
 
 
 
 
 
 
 
 
 
 
 
 
 
 
 
 
Efficiency is 97.9 percent 
Regulation is 2.92 percent 
 
 
 
grepthis#Electrical_Engineering_R._Anandanatarajan_1541/CH2/EX2.26/Chapter2_Example26.sce #
 
 
 
 
 
 
 
 
 
 
 
 
 
 
 
 
 
 
 
 
 
 
 
 
 
 
Secondary terminal voltage at full load is 196.5 V 
 
 
 
grepthis#Electrical_Engineering_R._Anandanatarajan_1541/CH2/EX2.27/Chapter2_Example27.sce #
 
 
 
 
 
 
 
 
 
 
 
 
 
 
 
 
 
 
 
 
 
Percentage voltage regulation is 5.6 percent 
 
 
 
grepthis#Electrical_Engineering_R._Anandanatarajan_1541/CH2/EX2.28/Chapter2_Example28.sce #
 
 
 
 
 
 
 
 
 
 
 
 
 
 
 
 
 
 
 
 
 
Secondary voltage drop for lagging power factor is 3.2 percent
Secondary voltage drop for unity power factor is 1.0 percent
secondary voltage drop for leading power factor is -1.6 percent 
 
 
 
grepthis#Electrical_Engineering_R._Anandanatarajan_1541/CH2/EX2.29/Chapter2_Example29.sce #
 
 
 
 
 
 
 
 
 
 
 
 
 
 
 
Power factor is 0.45 
Percentage regulation at this power factor is 6.7 percent 
 
 
 
grepthis#Electrical_Engineering_R._Anandanatarajan_1541/CH2/EX2.2/Chapter2_Example2.sce #
 
 
 
 
 
 
 
 
 
 
 
 
 
 
 
 
 
 
 
 
(a)Full load primary current is  10 A and secondary current is 133.33 A 
(b)Induced emf in the secondary is 150 V 
(c)Maximum flux in the core is 0.023 Wb 
 
 
 
grepthis#Electrical_Engineering_R._Anandanatarajan_1541/CH2/EX2.30/Chapter2_Example30.sce #
 
 
 
 
 
 
 
 
 
 
 
 
 
 
 
 
 
 
 
(a)Turns ratio is 0.4 
(b)Magnetising current is 0.373 A 
(c)Working current is 0.144 A 
(d)Iron loss is  36 W 
 
 
 
grepthis#Electrical_Engineering_R._Anandanatarajan_1541/CH2/EX2.31/Chapter2_Example31.sce #
 
 
 
 
 
 
 
 
 
 
 
 
 
 
 
 
 
 
 
Primary voltage under short circuit test is 234.1 and 70.02 degree V (polar form) 
 
 
 
grepthis#Electrical_Engineering_R._Anandanatarajan_1541/CH2/EX2.32/Chapter2_Example32.sce #
 
 
 
 
 
 
 
 
 
 
 
 
 
 
 
 
 
 
 
 
 
 
 
 
 
Equivalent resistance referred to primary is 2.75 ohm 
Equivalent reactance referred to primary is 25.99 ohm 
 
 
 
grepthis#Electrical_Engineering_R._Anandanatarajan_1541/CH2/EX2.33/Chapter2_Example33.sce #
 
 
 
 
 
 
 
 
 
 
 
 
 
 
 
 
 
 
 
 
 
 
Efficiency of the transformer at full load is 96.87 percent 
Efficiency of the transformer at half load is 96.73 percent 
 
 
 
grepthis#Electrical_Engineering_R._Anandanatarajan_1541/CH2/EX2.34/Chapter2_Example34.sce #
 
 
 
 
 
 
 
 
 
 
 
 
 
 
 
 
 
a)Full load efficiency is 96.62 percent 
b)Load at which transformer operates at maximum efficiency is 37.27 KVA 
c)Maximum efficiency is 97.39 percent 
 
 
 
grepthis#Electrical_Engineering_R._Anandanatarajan_1541/CH2/EX2.35/Chapter2_Example35.sce #
 
 
 
 
 
 
 
 
 
 
 
 
 
 
 
 
 
 
 
 
 
 
Full load efficiency of the transformer is 94.97 percent 
 
 
 
grepthis#Electrical_Engineering_R._Anandanatarajan_1541/CH2/EX2.36/Chapter2_Example36.sce #
 
 
 
 
 
 
 
 
 
 
 
 
 
 
 
 
 
 
 
Maximum efficiency at unit power factor is 95.21 percent 
Maximum efficiency at 0.8 power factor is 94.09 percent 
 
 
 
grepthis#Electrical_Engineering_R._Anandanatarajan_1541/CH2/EX2.37/Chapter2_Example37.sce #
 
 
 
 
 
 
 
 
 
 
 
 
 
 
 A  =
 
    0.25    0.25  
    1.      0.25  
 
 B  =
 
    2040.8163  
    2525.2525  
 
 
 
 
 
Constant losses are 645.91 W
Full load copper losses are 7517.35 W 
 
 
 
grepthis#Electrical_Engineering_R._Anandanatarajan_1541/CH2/EX2.38/Chapter2_Example38.sce #
 
 
 
 
 
 
 
 
 
 
 
 
 
 
 
 
 
 
 
 
 
 
 
 
 
All day efficiency is 94.3 percent 
 
 
 
grepthis#Electrical_Engineering_R._Anandanatarajan_1541/CH2/EX2.39/Chapter2_Example39.sce #
 
 
 
 
 
 
 
 
 
 
 
 
 
 
 
 
 
 
 
 
 
 
 
 
 
 
 
 
 
 
 
All day efficiency is 91.2 percent 
 
 
 
grepthis#Electrical_Engineering_R._Anandanatarajan_1541/CH2/EX2.3/Chapter2_Example3.sce #
 
 
 
 
 
 
 
 
 
 
 
 
 
 
 
 
 
Number of turns in the primary is 282 
Number of turns in the secondary is 28 
 
 
 
grepthis#Electrical_Engineering_R._Anandanatarajan_1541/CH2/EX2.40/Chapter2_Example40.sce #
 
 
 
 
 
 
 
 
 
 
 
 
 
 
 
 
 
 
 
 
Primary phase current is 2.31 A and Secondary phase current is 100 A 
Output of the transformer is 67 kW 
 
 
 
grepthis#Electrical_Engineering_R._Anandanatarajan_1541/CH2/EX2.41/Chapter2_Example41.sce #
 
 
 
 
 
 
 
 
 
 
 
 
 
 
 
 
 
 
 
 
 
 
a)Load delivered by the secondary is 26.8 kW 
b)Current in primary is 8.8 A and Current in secondary is 76.21 A 
 
 
 
grepthis#Electrical_Engineering_R._Anandanatarajan_1541/CH2/EX2.4/Chapter2_Example4.sce #
 
 
 
 
 
 
 
 
 
 
 
 
 
 
 
 
 
 
 
Number of turns in the primary are 154 turns and Number of turns in the secondary are  12 turns 
 
 
 
grepthis#Electrical_Engineering_R._Anandanatarajan_1541/CH2/EX2.5/Chapter2_Example5.sce #
 
 
 
 
 
 
 
 
 
 
 
 
 
 
 
 
Iron loss component is 0.34 A 
Magnetising component is 0.724 A 
 
 
 
grepthis#Electrical_Engineering_R._Anandanatarajan_1541/CH2/EX2.6/Chapter2_Example6.sce #
 
 
 
 
 
 
 
 
 
 
 
 
 
 
 
 
 
(a)Core loss is 396 W
(b)Iron loss current is 1.8 A
(c)Magnetising current is 5.72 A 
 
 
 
grepthis#Electrical_Engineering_R._Anandanatarajan_1541/CH2/EX2.7/Chapter2_Example7.sce #
 
 
 
 
 
 
 
 
 
 
 
 
 
 
 
 
 
 
 
(a)The core loss is 177.55 W
(b)No load power factor is 0.129 lagging
(c)Working component of current is 0.9 A
(d)Magnetising current is 6.94 A 
 
 
 
grepthis#Electrical_Engineering_R._Anandanatarajan_1541/CH2/EX2.8/Chapter2_Example8.sce #
 
 
 
 
 
 
 
 
 
 
 
 
 
 
 
 
 
 
 
 
Primary current is 35.96 A 
 
 
 
grepthis#Electrical_Engineering_R._Anandanatarajan_1541/CH2/EX2.9/Chapter2_Example9.sce #
 
 
 
 
 
 
 
 
 
 
 
 
 
 
 
 
 
 
 
 
 
 
 
 
 
 
 
 
 
No load current of the transformer is 13.77 A and its phase angle is 54.29 degree 
 
 
 
grepthis#Electrical_Engineering_R._Anandanatarajan_1541/CH3/EX3.1/Chapter3_Example1.sce #
 
 
 
 
 
 
 
 
 
 
 
 
 
 
 
 
Slip of a 3 phase motor is 10 percent
Frequency of rotor current is 5 Hz 
 
 
 
grepthis#Electrical_Engineering_R._Anandanatarajan_1541/CH3/EX3.2/Chapter3_Example2.sce #
 
 
 
 
 
 
 
 
 
 
 
 
 
 
 
 
 
Full load speed of the motor when the slip is 2.5 percent = 1170rpm 
 
 
 
grepthis#Electrical_Engineering_R._Anandanatarajan_1541/CH3/EX3.3/Chapter3_Example3.sce #
 
 
 
 
 
 
 
 
 
 
 
 
 
 
 
 
Slip of the motor is 6 percent
Speed of the motor is 940 rpm 
 
 
 
grepthis#Electrical_Engineering_R._Anandanatarajan_1541/CH3/EX3.4/Chapter3_Example4.sce #
 
 
 
 
 
 
 
 
 
 
 
 
 
 
 
 
 
 
 
 
Shaft output power is 36581 W
Actual speed is 1455 rpm 
 
 
 
grepthis#Electrical_Engineering_R._Anandanatarajan_1541/CH3/EX3.5/Chapter3_Example5.sce #
 
 
 
 
 
 
 
 
 
 
 
 
 
 
 
 
 
 
 
 
 
 
 
 
a)Mechanical power output is 12.560 kW
b)Rotor copper losses is 0.52kW
c)Motor input is 13.583 kW
d)Machine efficiency is 92.5 percent 
 
 
 
grepthis#Electrical_Engineering_R._Anandanatarajan_1541/CH3/EX3.6/Chapter3_Example6.sce #
 
 
 
 
 
 
 
 
 
 
 
 
 
 
 
 
 
 
 
 
 
a)Slip at maximum torque is 0.17 
b)Ratio of maximum and full load torque is 2.20 
c)Ratio of maximum and starting torque is 3.08 
 
 
 
grepthis#Electrical_Engineering_R._Anandanatarajan_1541/CH3/EX3.7/Chapter3_Example7.sce #
 
 
 
 
 
 
 
 
 
 
 
 
 
 
 
 
 
 
 
 
a)Speed of the motor at maximum torque is 900 rpm 
 b)Ratio of maximum torque to starting torque is 5.05 
 c)Additional resistance required for the ratio of maximum torque to the starting torque to be 2 is 1.9 ohm 
 
 
 
grepthis#Electrical_Engineering_R._Anandanatarajan_1541/CH5/EX5.1/Chapter5_Example1.sce #
 
 
 
 
 
 
 
 
 
 
 
 
 
 
 
 
 
(i)Emf generated per phase is 1065.6 V 
(ii)Line voltage is 1845.7 V 
 
 
 
grepthis#Electrical_Engineering_R._Anandanatarajan_1541/CH5/EX5.2/Chapter5_Example2.sce #
 
 
 
 
 
 
 
 
 
 
 
 
 
 
 
 
 
Induced emf per phase is 1278.7 V 
 
 
 
grepthis#Electrical_Engineering_R._Anandanatarajan_1541/CH5/EX5.3/Chapter5_Example3.sce #
 
 
 
 
 
 
 
 
 
 
 
 
 
 
 
 
 
 
Number of conductors per phase is 343 
 
 
 
grepthis#Electrical_Engineering_R._Anandanatarajan_1541/CH5/EX5.4/Chapter5_Example4.sce #
 
 
 
 
 
 
 
 
 
 
 
 
 
 
 
Synchronous reactance is 26.26 ohm 
 
 
 
