grepthis#Electronic_Instrumentation_And_Measurements_D._A._Bell_182/CH3/EX3.7/example3_7.sce #
 
 
[2J[0;0H 
 
 
 
 
 
for circuit as in figure 3-16(a)
 
R1=0.1983 M ohm
R2=0.9983 M ohm
R3=1.9983 M ohm
 
for circuit as in figure 3-16(b)
 
 
R1=0.1983 M ohm 
R2=0.8000 M ohm 
R3=1.0000 M ohm 
 
 
 
 
 
 
 
 
 
 
grepthis#Electronic_Instrumentation_And_Measurements_D._A._Bell_182/CH3/EX3.8/example3_7.sce #
 
 
[2J[0;0H 
 
 
 
 
 
for circuit as in figure 3-16(a)
 
R1=0.1983 M ohm
R2=0.9983 M ohm
R3=1.9983 M ohm
 
for circuit as in figure 3-16(b)
 
 
R1=0.1983 M ohm 
R2=0.8000 M ohm 
R3=1.0000 M ohm 
 
 
grepthis#Electronic_Instrumentation_And_Measurements_D._A._Bell_182/CH4/EX4.4/example4_4.sce #
 
 
[2J[0;0H 
 
 
 
 
 
 
 
 
 
R3=100 ohm
 
R4=4.9 K-ohm
 
 
 
 
grepthis#Electronic_Instrumentation_And_Measurements_D._A._Bell_182/CH8/EX8.10/example8_10.sce #
 
 
[2J[0;0H 
 
 
 
 
 
Cx=212 pF
 
 
 
Rx=26 M-ohm
 
 
 
 
grepthis#Electronic_Instrumentation_And_Measurements_D._A._Bell_182/CH9/EX9.3/example9_3.sce #
 
 
[2J[0;0H 
 
 
 
 
 
 
 
 
V peak-peak of wave from A=1.20 V
frequency of wave form A=1667 Hz
V peak-peak of wave from B=0.48 V
frequency of wave form B=1429 Hz
 
 
 
phase difference=60 degree 
 
 
 
 
 
 
 
grepthis#Electronic_Instrumentation_And_Measurements_D._A._Bell_182/CH11/EX11.5/example11_5.sce #
 
 
[2J[0;0H 
 
 
 
 
 
 
 
 
 
 
PULSE WIDTH=289 micro-sec
 
 
 
For pulse width of 6 ms,
C2=0.2 micro-F 
 
 
 
 
