Total number of .sce files(without counting DEPENDENCIES directory): 85

grepthis#Electronic_Instrumentation_And_Measurements_D._A._Bell_182/CH1/EX1.1/example1_1.sce #
 
 
 
 
 
 
 
 
total flux density=7.75 mT 
 
 
grepthis#Electronic_Instrumentation_And_Measurements_D._A._Bell_182/CH1/EX1.2/example1_2.sce #
 
 
 
 
 
 
 
 
celsius temperature=37 degree celsius 
 
kelvin temperature=310.15 K 
 
 
 
grepthis#Electronic_Instrumentation_And_Measurements_D._A._Bell_182/CH2/EX2.1/example2_1.sce #
 
 
 
 
 
 Rmax  =
 
    1.26  
 
 
 
 
 
 
 
 
 
 
 
Percentage Tolerance to be stated=+/- 5 percent 
 
Maximum resistance at 75 degree celsius=1.2915 K-ohm 
 
 
 
grepthis#Electronic_Instrumentation_And_Measurements_D._A._Bell_182/CH2/EX2.2/example2_2.sce #
 
 
 
 
 
 
 
 
 
 
 
E=180 V +/- 2.8 percent 
 
 
grepthis#Electronic_Instrumentation_And_Measurements_D._A._Bell_182/CH2/EX2.3/example2_3.sce #
 
 
 
 
 
 
 
 
 
 
 
 
E=20 V +/- 25 percent 
 
 
grepthis#Electronic_Instrumentation_And_Measurements_D._A._Bell_182/CH2/EX2.4/example2_4.sce #
 
 
grepthis#Electronic_Instrumentation_And_Measurements_D._A._Bell_182/CH2/EX2.5/example2_5.sce #
 
 
 
 
 
 
 
 
 
Average measured voltage=1 V
 
Average deviation=0.0012 V 
 
 
 
grepthis#Electronic_Instrumentation_And_Measurements_D._A._Bell_182/CH2/EX2.6/example2_6.sce #
 
 
 
 
 
 
 
 
 
 
 
standard deviation=0.0014 V
 
 
probable error=0.94 mV 
 
 
 
grepthis#Electronic_Instrumentation_And_Measurements_D._A._Bell_182/CH3/EX3.1/example3_1.sce #
 
 
 
 
 
 
 
 
 
 
Torque=0.000003 N-m 
 
 
grepthis#Electronic_Instrumentation_And_Measurements_D._A._Bell_182/CH3/EX3.2/example3_2.sce #
 
 
 
 
 
 
 
 
 
Voltage sensitivity=1 mV/mm
 
megohm sensitivity=1 M-ohm 
 
 
 
grepthis#Electronic_Instrumentation_And_Measurements_D._A._Bell_182/CH3/EX3.5/example3_5.sce #
 
grepthis#Electronic_Instrumentation_And_Measurements_D._A._Bell_182/CH3/EX3.6/example3_6.sce #
 
 
grepthis#Electronic_Instrumentation_And_Measurements_D._A._Bell_182/CH3/EX3.9/example3_9.sce #
 
 
 
 
 
 
 
 
 
 
(a),
Iav for 75 V is 74.76 micro-A
pointer indication for 75 V is 0.75 FSD
(b),
Iav for 50 V is 49.51 micro-A
pointer indication for 50 V is 0.50 FSD
 
 
grepthis#Electronic_Instrumentation_And_Measurements_D._A._Bell_182/CH3/EX3.10/example3_10.sce #
 
 
 
 
 
 
 
 
 
 
sensitivity=9 K-ohm/volt
 
 
 
grepthis#Electronic_Instrumentation_And_Measurements_D._A._Bell_182/CH3/EX3.11/example3_11.sce #
 
 
 
 
 
 
 
 
 
 
 
 
 
 
 
 
Rsh=778 ohm
 
Rs=139.5 K-ohm
 
 
 
 
grepthis#Electronic_Instrumentation_And_Measurements_D._A._Bell_182/CH3/EX3.12/example3_12.sce #
 
 
 
 
 
 
 
 
 
 
 
 
 
 
 
 
 
 
 
Rl=28.2 K-ohm
 
 
 
grepthis#Electronic_Instrumentation_And_Measurements_D._A._Bell_182/CH3/EX3.13/example3_13.sce #
 
 
 
 
 
 
At 1.0 FSD
Actual measured current=99 to 101 micro-A
error=(+/-)1 persent of measured current

At 0.5 FSD
Actual measured current=49 to 51 micro-A
error=(+/-)2 persent of measured current

 
 
 
 
 
 
 
 
 
 
grepthis#Electronic_Instrumentation_And_Measurements_D._A._Bell_182/CH3/EX3.14/example3_14.sce #
 
 
 
 
 
 
 
 
meter indication when Rx=0 is 100 micro-A (FSD)
 
Rx for 0.25 FSD=45 K-ohm 
Rx for 0.50 FSD=15 K-ohm 
Rx for 0.75 FSD=5 K-ohm 
 
 
 
 
 
 
grepthis#Electronic_Instrumentation_And_Measurements_D._A._Bell_182/CH3/EX3.15/example3_15.sce #
 
 
 
 
 
 
 
 
 
at Rx=0 &amp; Eb=1.3 V,
 
 
 
 
 
 
R2=68.18 ohm
 
At 0.5 FSD with Eb=1.5 V,
Rx=15 K-ohm 
At 0.5 FSD with Eb=1.3 V,
Rx=15 K-ohm 
 
 
 
 
 
 
 
 
grepthis#Electronic_Instrumentation_And_Measurements_D._A._Bell_182/CH3/EX3.16/example3_16.sce #
 
 
 
 
 
 
 
meter current when Rx=0 ohm is 37.44 micro-A
meter current when Rx=24 ohm is 18.72 micro-A
 
 
grepthis#Electronic_Instrumentation_And_Measurements_D._A._Bell_182/CH4/EX4.1/example4_1.sce #
 
 
 
 
 
 
 
 Im  =
 
    0.001  
 
 
 
 
 
 
 
meter current=1 mA
 
 
input resistance with transistor = 1 M-ohm
 
input resistance with out transistor = 9.3 K-ohm
 
 
 
 
 
grepthis#Electronic_Instrumentation_And_Measurements_D._A._Bell_182/CH4/EX4.2/example4_2.sce #
 
 
 
 
 
 
 
 
 
 
 
 
 
 
 
I2=I3=2.9 mA
 
when E=1.0 V,
circuit voltage (V)=1.0 V
when E=0.5 V,
circuit voltage (V)=0.5 V
 
 
 
 
 
 
 
grepthis#Electronic_Instrumentation_And_Measurements_D._A._Bell_182/CH4/EX4.3/example4_3.sce #
 
 
 
 
 
 
 
 
 
 
 
 Vbe  =
 
    0.7  
 
 
 
 
 
 
 
 
 
THE METER READING=7.5 V
 
 
 
grepthis#Electronic_Instrumentation_And_Measurements_D._A._Bell_182/CH4/EX4.5/example4_5.sce #
 
 
 
 
 
 
 
 
 
R3=1 K-ohm
 
Vout=1.1 V
 
 
 
 
grepthis#Electronic_Instrumentation_And_Measurements_D._A._Bell_182/CH4/EX4.6/example4_6.sce #
 
 
 
 
 
 
 
at 1/3 FSD, Rx=500 ohm
at 2/3 FSD, Rx=2000 ohm
 
 
grepthis#Electronic_Instrumentation_And_Measurements_D._A._Bell_182/CH4/EX4.7/example4_7.sce #
 
 
 
 
 
 
 
 
 
 
 
R3=45 ohm

 
When E=50 mV,
 
 
 
meter deflection=Iav=0.5 mA
 
 
grepthis#Electronic_Instrumentation_And_Measurements_D._A._Bell_182/CH5/EX5.1/example5_1.sce #
 
 
 
 
 
 
 
 
 
 
High output voltage=4 V
 
low output voltage=0.7 V
 
 
 
 
grepthis#Electronic_Instrumentation_And_Measurements_D._A._Bell_182/CH5/EX5.2/Example5_2.sce #
 
 
 
 
 
 
 
 
 
 
 
 
 
Vb1=-1.7 V
 
 
 
 
Vc1=4.4 V 
 
 
 
grepthis#Electronic_Instrumentation_And_Measurements_D._A._Bell_182/CH5/EX5.3/example5_3.sce #
 
 
 
 
 
 
 
 
case 1,
 Total current=460 mA
case 2,
 Total current=7 mA
 
 
 
 
 
 
 
grepthis#Electronic_Instrumentation_And_Measurements_D._A._Bell_182/CH5/EX5.4/example5_4.sce #
 
 
 
 
 
 
 
 
 
output frequency=244 hertz 
 
 
grepthis#Electronic_Instrumentation_And_Measurements_D._A._Bell_182/CH5/EX5.5/example5_5.sce #
 
 
 
 
 
 
 
number of pulses counted for Vi=0.75 V are 750
number of pulses counted for Vi=0.90 V are 900
 
 
 
 
grepthis#Electronic_Instrumentation_And_Measurements_D._A._Bell_182/CH5/EX5.7/example5_7.sce #
 
 
 
 
 
 
 
 
out put voltage=6.25 V 
 
 
grepthis#Electronic_Instrumentation_And_Measurements_D._A._Bell_182/CH6/EX6.1/example6_1.sce #
 
grepthis#Electronic_Instrumentation_And_Measurements_D._A._Bell_182/CH6/EX6.2/example6_2.sce #
 
 
grepthis#Electronic_Instrumentation_And_Measurements_D._A._Bell_182/CH6/EX6.3/example6_3.sce #
 
grepthis#Electronic_Instrumentation_And_Measurements_D._A._Bell_182/CH6/EX6.4/example6_4.sce #
 
grepthis#Electronic_Instrumentation_And_Measurements_D._A._Bell_182/CH7/EX7.1/example7_1.sce #
 
 
 
 
 
 
 
 
 
The value of R=990 ohm 
 
 
grepthis#Electronic_Instrumentation_And_Measurements_D._A._Bell_182/CH7/EX7.2/example7_2.sce #
 
 
 
 
 
 
 
 
 
 
 
 
 
voltmeter reading=495 V
Ammeter reading=0.5 A
 
 
 
 
grepthis#Electronic_Instrumentation_And_Measurements_D._A._Bell_182/CH7/EX7.3/example7_3.sce #
 
 
 
 
 
 
 
R from circuit 7-1(a)=990 ohm
R from circuit 7-1(b)=1000 ohm
 
thus circuit 7-1(a) gives the more accurate result 
 
 
 
 
grepthis#Electronic_Instrumentation_And_Measurements_D._A._Bell_182/CH7/EX7.4/example7_4.sce #
 
 
 
 
 
 
 
R=2.755000 K-ohm
 
 
when S=1 K-ohm,
R=500 ohm
when S=8 K-ohm,
R=4000 ohm
 
 
 
grepthis#Electronic_Instrumentation_And_Measurements_D._A._Bell_182/CH7/EX7.5/example7_5.sce #
 
 
 
 
 
 E  =
 
    0.05    0.05    0.1  
 
 
 
 
 
the upper and lower limits of R are 2.7605 K-ohm and 2.7495 K-ohm respectively 
 
 
grepthis#Electronic_Instrumentation_And_Measurements_D._A._Bell_182/CH7/EX7.6/example7_6.sce #
 
 
 
 
 
 
 
 
 
 
 
 
 
 
 
the minimum change in R which is detected by the bridge is 5.466141 ohm
 
 
 
grepthis#Electronic_Instrumentation_And_Measurements_D._A._Bell_182/CH7/EX7.7/example7_7.sce #
 
 
 
 
 
 
 
the required ratio is 10/15 
 
 
grepthis#Electronic_Instrumentation_And_Measurements_D._A._Bell_182/CH7/EX7.8/example7_8.sce #
 
 
 
 
 
 
 
 
volume resistance=6.7e+09 ohm
 
surface leakage resistance=2.9e+09 ohm 
 
 
 
grepthis#Electronic_Instrumentation_And_Measurements_D._A._Bell_182/CH8/EX8.1/example8_1.sce #
 
 
 
 
 
 
 
 
 
 
 
Rp=134 K-ohm
Xp=33.8 K-ohm
Cp=0.005 micro-F 
 
 
grepthis#Electronic_Instrumentation_And_Measurements_D._A._Bell_182/CH8/EX8.2/example8_2.sce #
 
 
 
 
 
 
 
The range of Cx is from 0.001 micro-F to 10 micro-F 
 
 
grepthis#Electronic_Instrumentation_And_Measurements_D._A._Bell_182/CH8/EX8.3/example8_3.sce #
 
 
 
 
 
 
 
 
 
 
 
Cs=0.068 micro-F
Rs=183.8 ohm
D=0.008 
 
 
 
 
grepthis#Electronic_Instrumentation_And_Measurements_D._A._Bell_182/CH8/EX8.4/example8_4.sce #
 
 
 
 
 
 
 
 
 
 
 
Cp=0.068 micro-F
Rp=551.2 K-ohm
D=4.2e-02
 
 
 
 
 
 
grepthis#Electronic_Instrumentation_And_Measurements_D._A._Bell_182/CH8/EX8.6/example8_6.sce #
 
 
 
 
 
 
R3=1 K-ohm
 
R1=54 ohm 
 
 
 
grepthis#Electronic_Instrumentation_And_Measurements_D._A._Bell_182/CH8/EX8.7/example8_7.sce #
 
 
 
 
 
 
 
 
Ls=63 mH
 
Rs=1.34 K-ohm
 
Q=0.03 
 
 
 
 
grepthis#Electronic_Instrumentation_And_Measurements_D._A._Bell_182/CH8/EX8.8/example8_8.sce #
 
 
 
 
 
 
 
 
Lp=63 mH
 
Rp=8.4 K-ohm
 
Q=212 
 
 
 
 
grepthis#Electronic_Instrumentation_And_Measurements_D._A._Bell_182/CH8/EX8.9/example8_9.sce #
 
 
 
part a,
 
 
 
 
 
 
Rs=0.187 ohm
 
 
 
Ls=63 mH
 
part b,
 
 
 
 
 
R3=3.38 M-ohm 

R1=1.26 K-ohm 
 
 
 
 
 
 
 
grepthis#Electronic_Instrumentation_And_Measurements_D._A._Bell_182/CH8/EX8.11/example8_11.sce #
 
 
 
 
 
 
for 1 st coil,
voltmeter indication=2 V
Q=20
for 2 st coil,
voltmeter indication=1 V
Q=10
 
 
 
 
 
 
 
 
grepthis#Electronic_Instrumentation_And_Measurements_D._A._Bell_182/CH8/EX8.12/example8_12.sce #
 
 
 
 
 
 
 
inductance=110 micro-henry
 
R=8.8 ohm 
 
 
 
grepthis#Electronic_Instrumentation_And_Measurements_D._A._Bell_182/CH9/EX9.4/example9_4.sce #
 
 
 
 
 
 
 
 Hd  =
 
    5.6  
 
 
Pulse amplitude=8 V
 
frequency=35.7 kHz
 
raise time=2.5 micro-s
fall time=3 micro-s 
 
 
 
 
 
grepthis#Electronic_Instrumentation_And_Measurements_D._A._Bell_182/CH9/EX9.5/example9_5.sce #
 
 
 
 
 
 
 
pulse width=0.1 s 
 
 
grepthis#Electronic_Instrumentation_And_Measurements_D._A._Bell_182/CH9/EX9.6/example9_6.sce #
 
 
 
 
 
 
shortest pulse width=1.089 micro-second 
 
 
grepthis#Electronic_Instrumentation_And_Measurements_D._A._Bell_182/CH9/EX9.7/example9_7.sce #
 
 
 
 
 
 
 
 
the displayed raise time for input pulse raise time 109 ns=154 ns
the displayed raise time for input pulse raise time 327 ns=344 ns
 
 
 
 
grepthis#Electronic_Instrumentation_And_Measurements_D._A._Bell_182/CH9/EX9.8/example9_8.sce #
 
 
 
 
 
 
 
 
 
 
 
 
 
the input terminal voltage at 100 Hz =0.9994 V
 
when Vi=(Vs-3 dB),
 
 
frequency=2.04 MHz 
 
 
 
 
grepthis#Electronic_Instrumentation_And_Measurements_D._A._Bell_182/CH9/EX9.9/example9_9.sce #
 
 
 
 
 
 
 
 
 
 
C1=14.4 pF
 
The probe input capacitance as seen from the source=13 pF 
 
 
 
grepthis#Electronic_Instrumentation_And_Measurements_D._A._Bell_182/CH9/EX9.10/example9_10.sce #
 
 
 
 
 
 
frequency=20.4 MHz 
 
 
grepthis#Electronic_Instrumentation_And_Measurements_D._A._Bell_182/CH9/EX9.11/example9_11.sce #
 
 
 
 
 
 
frequency=75.8 MHz 
 
 
grepthis#Electronic_Instrumentation_And_Measurements_D._A._Bell_182/CH9/EX9.12/example9_12.sce #
 
 
 
 
 
 
 
using the five times magnifier,
 
minimum time/div setting=25 ns/div 
 
 
 
grepthis#Electronic_Instrumentation_And_Measurements_D._A._Bell_182/CH9/EX9.13/example9_13.sce #
 
 
 
 
 
 
 
for fH=20 MHz,
trd=27 ns
for fH=50 MHz,
trd=22 ns
 
 
 
 
 
 
grepthis#Electronic_Instrumentation_And_Measurements_D._A._Bell_182/CH11/EX11.1/example11_1.sce #
 
 
 
 
 
 
 
 
f(min)=106 Hz
f(max)=1061 Hz
 
 
 
 
grepthis#Electronic_Instrumentation_And_Measurements_D._A._Bell_182/CH11/EX11.2/example11_2.sce #
 
 
 
 
 
 
 
 
 
 
 
 
 
 
 
 
 
R1=4 K-ohm
R2=45 K-ohm
R3=1 K-ohm 
 
 
 
 
grepthis#Electronic_Instrumentation_And_Measurements_D._A._Bell_182/CH11/EX11.3/example11_3.sce #
 
 
 
 
 
 
 
 
 
 
 
 
 
For contact at top of R1,
frequency=1166.67 Hz

For R1 contact at 10% from bottom,
frequency=116.67 Hz

 
 
 
 
 
 
grepthis#Electronic_Instrumentation_And_Measurements_D._A._Bell_182/CH11/EX11.4/example11_4.sce #
 
 
 
 
 
 
 
 
 
 
 
 
out put frequency=121 Hz 
 
 
grepthis#Electronic_Instrumentation_And_Measurements_D._A._Bell_182/CH12/EX12.1/example12_1.sce #
 
 
 
 
 
 
 
 
accuracy as a percentage of reading for scale reading 10= -5.0 percent
accuracy as a percentage of full scale= -0.5 percent
accuracy as a percentage of reading for scale reading 50= 3.4 percent
accuracy as a percentage of full scale= 1.7 percent
 
 
 
 
 
 
grepthis#Electronic_Instrumentation_And_Measurements_D._A._Bell_182/CH12/EX12.4/example12_4.sce #
 
 
 
 
 
 
 
 
 
At calibiration,
 
 
 
current through AB=20 mA
 
 
Resistance R1=50 ohm

 
Vx=1.88 V
 

R2=200 K-ohm 
 
 
 
 
 
 
 
 
grepthis#Electronic_Instrumentation_And_Measurements_D._A._Bell_182/CH12/EX12.5/example12_5.sce #
 
 
 
 
 
 
 
 
 
 
Maximum measurable voltage=1.6 V
 
 
 
 
instrument resolution=(+/-)0.2 mV 
 
 
 
grepthis#Electronic_Instrumentation_And_Measurements_D._A._Bell_182/CH16/EX16.1/example16_1.sce #
 
 
 
 
 
 
 
source effect=50 mV
 
line regulation=0.42 percent
 
load effect=99 mV
 
line regulation=0.83 percent
 
 
 
 
 
 
grepthis#Electronic_Instrumentation_And_Measurements_D._A._Bell_182/CH16/EX16.2/example16_2.sce #
 
 
 
 
 
 
 
when the moving contact is at the bottom of R4,Eo=15.2 V
when the moving contact is at the top of R4,Eo=9.9 V
 
 
 
 
