Total number of .sce files(without counting DEPENDENCIES directory): 142

grepthis#Electric_Circuits_M._Navhi_And_J._A._Edminister_154/CH1/EX1.1/ch1_1.sce #
 
 
 Example 1.1   
 

 
Given 
 
 Acceleration is 2.0m/s^2   
 
 
 Mass is 10kg   
 
 
 
 a)   
 
 
 F=m*a   
 
 F  =
 
    20.  
 
Force is 20N
 
 
 b)   
 
time=4s
 
 
 x  =
 
    16.  
 
 KE  =
 
    320.  
 
 P  =
 
    80.  
 
Position is 16m
 
Kinetic energy =320.0J
 
Power =80.0W
 
 
grepthis#Electric_Circuits_M._Navhi_And_J._A._Edminister_154/DEPENDENCIES/ch1_1.sce #
 
 
 Example 1.1   
 

 
Given 
 
 Acceleration is 2.0m/s^2   
 
 
 Mass is 10kg   
 
 
 
 a)   
 
 
 F=m*a   
 
 F  =
 
    20.  
 
Force is 20N
 
 
 b)   
 
time=4s
 
 
 x  =
 
    16.  
 
 KE  =
 
    320.  
 
 P  =
 
    80.  
 
Position is 16m
 
Kinetic energy =320.0J
 
Power =80.0W
 
 
grepthis#Electric_Circuits_M._Navhi_And_J._A._Edminister_154/CH1/EX1.2/ch1_2.sce #
 
 
 Example 1.2   
 

 
Given 
 
 Current flow is 5A   
 
 
 Time is 1 minute   
 
 
 
 
 
 e  =
 
    1.602D-19  
 
 n  =
 
    1.873D+21  
 
Number of electrons =1872659176029962633216.00 electrons/min
 
grepthis#Electric_Circuits_M._Navhi_And_J._A._Edminister_154/DEPENDENCIES/ch1_2.sce #
 
 
 Example 1.2   
 

 
Given 
 
 Current flow is 5A   
 
 
 Time is 1 minute   
 
 
 
 
 
 e  =
 
    1.602D-19  
 
 n  =
 
    1.873D+21  
 
Number of electrons =1872659176029962633216.00 electrons/min
 
grepthis#Electric_Circuits_M._Navhi_And_J._A._Edminister_154/CH1/EX1.3/ch1_3.sce #
 
 
 Example 1.3   
 

 
Given 
 
 Energy is 9.25uJ   
 
 
 Charge to be transferred is 0.5uC   
 
 
 
 
Potential difference between two points a and b is 18.5V
 
 
grepthis#Electric_Circuits_M._Navhi_And_J._A._Edminister_154/DEPENDENCIES/ch1_3.sce #
 
 
 Example 1.3   
 

 
Given 
 
 Energy is 9.25uJ   
 
 
 Charge to be transferred is 0.5uC   
 
 
 
 
Potential difference between two points a and b is 18.5V
 
 
grepthis#Electric_Circuits_M._Navhi_And_J._A._Edminister_154/CH1/EX1.4/ch1_4.sce #
 
 
 Example 1.4   
 

 
Given 
 
 Potential difference is 50V   
 
 
 Charge per minute is 120C/min   
 
 
 
 
 
 
 
Rate of energy conversion is 100J/s
 
 
 
grepthis#Electric_Circuits_M._Navhi_And_J._A._Edminister_154/DEPENDENCIES/ch1_4.sce #
 
 
 Example 1.4   
 

 
Given 
 
 Potential difference is 50V   
 
 
 Charge per minute is 120C/min   
 
 
 
 
 
 
 
Rate of energy conversion is 100J/s
 
 
 
grepthis#Electric_Circuits_M._Navhi_And_J._A._Edminister_154/CH2/EX2.4/ch2_4.sce #
 
 
 Example 2.4   
 

 
Given 
 
 Current through diode is 30mA   
 
 
 
 
 delV  =
 
    0.02  
 
 delI  =
 
    0.0235  
 
 r  =
 
    0.8510638  
 
 p  =
 
    21.238  
 

 
 Static resistance is 25.78ohm
 
Dynamic resistance is 0.85ohm
 
Power consumption is 21.24mW
 
 
 
 
grepthis#Electric_Circuits_M._Navhi_And_J._A._Edminister_154/DEPENDENCIES/ch2_4.sce #
 
 
 Example 2.4   
 

 
Given 
 
 Current through diode is 30mA   
 
 
 
 
 delV  =
 
    0.02  
 
 delI  =
 
    0.0235  
 
 r  =
 
    0.8510638  
 
 p  =
 
    21.238  
 

 
 Static resistance is 25.78ohm
 
Dynamic resistance is 0.85ohm
 
Power consumption is 21.24mW
 
 
 
 
grepthis#Electric_Circuits_M._Navhi_And_J._A._Edminister_154/CH2/EX2.5/ch2_5.sce #
 
 
 Example 2.5   
 

 
Given 
 
 a)   
 
 
 Current through diode is 10mA   
 
 
 
 
 delV  =
 
    1.  
 
 delI  =
 
    0.002  
 
 r  =
 
    500.  
 
 p  =
 
    25.  
 

 
 Static resistance is 250.00ohm
 
Dynamic resistance is 500.00ohm
 
Power consumption is 25.00mW
 
 
 
 b)   
 
 
 Current through diode is 15mA   
 
 
 
 
 delV  =
 
    1.  
 
 delI  =
 
    0.002  
 
 r  =
 
    500.  
 
 p  =
 
    75.  
 

 
 Static resistance is 333.33ohm
 
Dynamic resistance is 500.00ohm
 
Power consumption is 75.00mW
 
grepthis#Electric_Circuits_M._Navhi_And_J._A._Edminister_154/DEPENDENCIES/ch2_5.sce #
 
 
 Example 2.5   
 

 
Given 
 
 a)   
 
 
 Current through diode is 10mA   
 
 
 
 
 delV  =
 
    1.  
 
 delI  =
 
    0.002  
 
 r  =
 
    500.  
 
 p  =
 
    25.  
 

 
 Static resistance is 250.00ohm
 
Dynamic resistance is 500.00ohm
 
Power consumption is 25.00mW
 
 
 
 b)   
 
 
 Current through diode is 15mA   
 
 
 
 
 delV  =
 
    1.  
 
 delI  =
 
    0.002  
 
 r  =
 
    500.  
 
 p  =
 
    75.  
 

 
 Static resistance is 333.33ohm
 
Dynamic resistance is 500.00ohm
 
Power consumption is 75.00mW
 
grepthis#Electric_Circuits_M._Navhi_And_J._A._Edminister_154/CH3/EX3.3/ch3_3.sce #
 
 
 Example 3.3   
 

 
Given 
 
 Equivalent resistance of three resistors is 750 ohm   
 
 
 values of two resistors are 40 ohm and 410 ohm   
 
 
 
 
 
 Req=R1+R2+R3   
 
 
 R3  =
 
    300.  
 
Value of third ohmic resistor is 300ohm
 
 
grepthis#Electric_Circuits_M._Navhi_And_J._A._Edminister_154/DEPENDENCIES/ch3_3.sce #
 
 
 Example 3.3   
 

 
Given 
 
 Equivalent resistance of three resistors is 750 ohm   
 
 
 values of two resistors are 40 ohm and 410 ohm   
 
 
 
 
 
 Req=R1+R2+R3   
 
 
 R3  =
 
    300.  
 
Value of third ohmic resistor is 300ohm
 
 
grepthis#Electric_Circuits_M._Navhi_And_J._A._Edminister_154/CH3/EX3.4/ch3_4.sce #
 
 
 Example 3.4   
 

 
Given 
 
 values of two capacitors are 2uF and 10uF   
 
 
 
 
 Ceq=(C1*C2)/(C1+C2)   
 
 
 Ceq  =
 
    1.6666667  
 
Value of equivalent capacitance is 1.67uF
 
 
 
 If C2=10pF   
 
 
 
 Ceq  =
 
    9.99995  
 
Value of equivalent capacitance is 10.00pF
 
grepthis#Electric_Circuits_M._Navhi_And_J._A._Edminister_154/DEPENDENCIES/ch3_4.sce #
 
 
 Example 3.4   
 

 
Given 
 
 values of two capacitors are 2uF and 10uF   
 
 
 
 
 Ceq=(C1*C2)/(C1+C2)   
 
 
 Ceq  =
 
    1.6666667  
 
Value of equivalent capacitance is 1.67uF
 
 
 
 If C2=10pF   
 
 
 
 Ceq  =
 
    9.99995  
 
Value of equivalent capacitance is 10.00pF
 
grepthis#Electric_Circuits_M._Navhi_And_J._A._Edminister_154/CH3/EX3.5/ch3_5.sce #
 
 
 Example 3.5   
 

 
Given 
 
 a)   
 
 
 values of two resistors are 60 ohm and 60 ohm   
 
 
 
 If resistors are parallel   
 
 Req  =
 
    30.  
 
Value of equivalent resistance is 30ohm
 
 
 
 b)   
 
 
 values of three equal resistors are 60 ohm   
 
 
 
 If resistors are parallel   
 
 x  =
 
    0.05  
 
 
Value of equivalent resistance is 20ohm
 
 
grepthis#Electric_Circuits_M._Navhi_And_J._A._Edminister_154/DEPENDENCIES/ch3_5.sce #
 
 
 Example 3.5   
 

 
Given 
 
 a)   
 
 
 values of two resistors are 60 ohm and 60 ohm   
 
 
 
 If resistors are parallel   
 
 Req  =
 
    30.  
 
Value of equivalent resistance is 30ohm
 
 
 
 b)   
 
 
 values of three equal resistors are 60 ohm   
 
 
 
 If resistors are parallel   
 
 x  =
 
    0.05  
 
 
Value of equivalent resistance is 20ohm
 
 
grepthis#Electric_Circuits_M._Navhi_And_J._A._Edminister_154/CH3/EX3.6/ch3_6.sce #
 
 
 Example 3.6   
 

 
Given 
 
 
 values of two inductors are 3mH and 6 mH   
 
 
 
 If inductors are parallel   
 
 Leq  =
 
    2.  
 
Value of equivalent inductance is 2.0mH
 
 
 
grepthis#Electric_Circuits_M._Navhi_And_J._A._Edminister_154/DEPENDENCIES/ch3_6.sce #
 
 
 Example 3.6   
 

 
Given 
 
 
 values of two inductors are 3mH and 6 mH   
 
 
 
 If inductors are parallel   
 
 Leq  =
 
    2.  
 
Value of equivalent inductance is 2.0mH
 
 
 
grepthis#Electric_Circuits_M._Navhi_And_J._A._Edminister_154/CH3/EX3.7/ch3_7.sce #
 
 
 Example 3.7   
 

 
Given 
 
 Total resistance of three resistors is 50 ohm   
 
 
 
 Output voltage is 10 percent of the input voltage   
 
 
 
 
 
 
 
 
 
 
R1=5ohm
 R2=45ohm
 
 
 
 
grepthis#Electric_Circuits_M._Navhi_And_J._A._Edminister_154/DEPENDENCIES/ch3_7.sce #
 
 
 Example 3.7   
 

 
Given 
 
 Total resistance of three resistors is 50 ohm   
 
 
 
 Output voltage is 10 percent of the input voltage   
 
 
 
 
 
 
 
 
 
 
R1=5ohm
 R2=45ohm
 
 
 
 
grepthis#Electric_Circuits_M._Navhi_And_J._A._Edminister_154/CH3/EX3.8/ch3_8.sce #
 
 
 Example 3.8   
 

 
Given 
 
 Total current is 30mA   
 
 
 Branch currents are 20mA and 10mA   
 
 
 Equivalent resistance is equal to or greater than 10 ohm   
 
 
 
 
 
 
 
 
 
 
 
 
 
 

 Given 
 
 R1*R2(R1+R2)>=10   
 
 
R1>=15ohm
R2>=30ohm
 
 
grepthis#Electric_Circuits_M._Navhi_And_J._A._Edminister_154/DEPENDENCIES/ch3_8.sce #
 
 
 Example 3.8   
 

 
Given 
 
 Total current is 30mA   
 
 
 Branch currents are 20mA and 10mA   
 
 
 Equivalent resistance is equal to or greater than 10 ohm   
 
 
 
 
 
 
 
 
 
 
 
 
 
 

 Given 
 
 R1*R2(R1+R2)>=10   
 
 
R1>=15ohm
R2>=30ohm
 
 
grepthis#Electric_Circuits_M._Navhi_And_J._A._Edminister_154/CH7/EX7.5/ch7_5.sce #
 
 
 Example 7.5   
 

 
 
Given 
 
 v(t)=cos5t+3sin(3t+45)   
 
 
 
 Period of cos5t=2*%pi/5   
 
 
 Period of 3*sin(3t+45)=2*%pi/3   
 
 
 
 
 Now T=5*T1=3*T2   
 
 
Period = 6.28s
 
grepthis#Electric_Circuits_M._Navhi_And_J._A._Edminister_154/DEPENDENCIES/ch7_5.sce #
 
 
 Example 7.5   
 

 
 
Given 
 
 v(t)=cos5t+3sin(3t+45)   
 
 
 
 Period of cos5t=2*%pi/5   
 
 
 Period of 3*sin(3t+45)=2*%pi/3   
 
 
 
 
 Now T=5*T1=3*T2   
 
 
Period = 6.28s
 
grepthis#Electric_Circuits_M._Navhi_And_J._A._Edminister_154/CH7/EX7.13/ch7_13.sce #
 
 
 Example 7.13   
 

 
 
Given 
 
 Capacitance is 1uF   
 
 
 
 a)   
 
 
 
 
vac=8V
 
 
 
 
 At t=5k voltage follows as v=8k ms   
 
 
 
 b)   
 
 
 
 vdc  =
 
    8.  
 
 Idc  =
 
    1.6  
 
Idc=1.60mA
 
 
 Idc is equal to <i(t)> in the period of 5ms   
 
 
 
grepthis#Electric_Circuits_M._Navhi_And_J._A._Edminister_154/DEPENDENCIES/ch7_13.sce #
 
 
 Example 7.13   
 

 
 
Given 
 
 Capacitance is 1uF   
 
 
 
 a)   
 
 
 
 
vac=8V
 
 
 
 
 At t=5k voltage follows as v=8k ms   
 
 
 
 b)   
 
 
 
 vdc  =
 
    8.  
 
 Idc  =
 
    1.6  
 
Idc=1.60mA
 
 
 Idc is equal to <i(t)> in the period of 5ms   
 
 
 
grepthis#Electric_Circuits_M._Navhi_And_J._A._Edminister_154/CH7/EX7.25/ch7_25.sce #
 
 
 Example 7.25   
 

 
 
 
 
 X  =
 
    46.  
 
 
Xavg=6
 Xeff=6.78
 
grepthis#Electric_Circuits_M._Navhi_And_J._A._Edminister_154/DEPENDENCIES/ch7_25.sce #
 
 
 Example 7.25   
 

 
 
 
 
 X  =
 
    46.  
 
 
Xavg=6
 Xeff=6.78
 
grepthis#Electric_Circuits_M._Navhi_And_J._A._Edminister_154/CH7/EX7.26/ch7_26.sce #
 
 
 Example 7.26   
 

 
 
Given 
 
 Period =10s   
 
 
 Interval is 1ms   
 
 
 Voltage of binary signal is either 0.5 or -0.5   
 
 
 
 
 vavg  =
 
    0.  
 
 
 
 V  =
 
    0.25  
 
 Veff  =
 
    0.5  
 
vavg=0V
Veff=0.50V
 
 
grepthis#Electric_Circuits_M._Navhi_And_J._A._Edminister_154/DEPENDENCIES/ch7_26.sce #
 
 
 Example 7.26   
 

 
 
Given 
 
 Period =10s   
 
 
 Interval is 1ms   
 
 
 Voltage of binary signal is either 0.5 or -0.5   
 
 
 
 
 vavg  =
 
    0.  
 
 
 
 V  =
 
    0.25  
 
 Veff  =
 
    0.5  
 
vavg=0V
Veff=0.50V
 
 
grepthis#Electric_Circuits_M._Navhi_And_J._A._Edminister_154/CH8/EX8.1/ch8_1.sce #
 
 
 Example 8.1   
 

 
 
Given 
 
 Capacitance is 1uF   
 
 
 Resistance is 1Mohm   
 
 
 Voltage across capacitor is 10V   
 
 V  =
 
    10.  
 
 
 T  =
 
    1.  
 
 
 
 v(t)=10*exp(-t)      (1)   
 
 
 v5  =
 
    0.0673795  
 
Time constant is 1s
 
v(5)=0.067V
 
grepthis#Electric_Circuits_M._Navhi_And_J._A._Edminister_154/DEPENDENCIES/ch8_1.sce #
 
 
 Example 8.1   
 

 
 
Given 
 
 Capacitance is 1uF   
 
 
 Resistance is 1Mohm   
 
 
 Voltage across capacitor is 10V   
 
 V  =
 
    10.  
 
 
 T  =
 
    1.  
 
 
 
 v(t)=10*exp(-t)      (1)   
 
 
 v5  =
 
    0.0673795  
 
Time constant is 1s
 
v(5)=0.067V
 
grepthis#Electric_Circuits_M._Navhi_And_J._A._Edminister_154/CH8/EX8.10/ch8_10.sce #
 
 
 Example 8.10   
 

 
 
Given 
 
 vs= 5V         t<0   
 
 
 vs=5*sin(w*t)  t>0   
 
 
 
 
 
 
 
i(0-)=1A
 
 
 
 i1  =
 
    1.  
 
i(0+)=1A
 
 
 
 vs=i*R+v   
 
 
 
 
 v1  =
 
  - 5.  
 

v(0+)=-5V
 
 
grepthis#Electric_Circuits_M._Navhi_And_J._A._Edminister_154/DEPENDENCIES/ch8_10.sce #
 
 
 Example 8.10   
 

 
 
Given 
 
 vs= 5V         t<0   
 
 
 vs=5*sin(w*t)  t>0   
 
 
 
 
 
 
 
i(0-)=1A
 
 
 
 i1  =
 
    1.  
 
i(0+)=1A
 
 
 
 vs=i*R+v   
 
 
 
 
 v1  =
 
  - 5.  
 

v(0+)=-5V
 
 
grepthis#Electric_Circuits_M._Navhi_And_J._A._Edminister_154/CH9/EX9.6/ch9_6.sce #
 
 
 Example 9.6   
 

 
 
Given 
 
 Resistance is 10ohm and inductance is 2H   
 
 
 Applied voltage is 10*exp(-2*t)*cos(10*t+30)   
 
 
 
 
 
 
 
 
 
 
 
 I=10(30 deg)/10+2*s   
 
 s  =
 
  - 2. + 10.i  
 
 a  =
 
    6. + 20.i  
 
 
 
 z  =
 
    8.660254 + 5.i  
 
 I  =
 
    0.3485356 - 0.3284520i  
 
 
 
 magn  =
 
    0.4789131  
 
 ph  =
 
  - 43.300756  
 
 

i=0.48*exp(-2*t)*cos(10t-43.3 deg) (A)
 
 
 
 
 
grepthis#Electric_Circuits_M._Navhi_And_J._A._Edminister_154/DEPENDENCIES/ch9_6.sce #
 
 
 Example 9.6   
 

 
 
Given 
 
 Resistance is 10ohm and inductance is 2H   
 
 
 Applied voltage is 10*exp(-2*t)*cos(10*t+30)   
 
 
 
 
 
 
 
 
 
 
 
 I=10(30 deg)/10+2*s   
 
 s  =
 
  - 2. + 10.i  
 
 a  =
 
    6. + 20.i  
 
 
 
 z  =
 
    8.660254 + 5.i  
 
 I  =
 
    0.3485356 - 0.3284520i  
 
 
 
 magn  =
 
    0.4789131  
 
 ph  =
 
  - 43.300756  
 
 

i=0.48*exp(-2*t)*cos(10t-43.3 deg) (A)
 
 
 
 
 
grepthis#Electric_Circuits_M._Navhi_And_J._A._Edminister_154/CH9/EX9.7/ch9_7.sce #
 
 
 Example 9.7   
 

 
 
Given 
 
 Resistance is 10ohm and Capacitance is 0.2F   
 
 
 Applied voltage is 10*exp(-2*t)*cos(10*t+30)   
 
 
 
 
 
 
 
 
 
 
 
 I=10(30 deg)/10+(5/s)   
 
 s  =
 
  - 2. + 10.i  
 
 a  =
 
    9.9038462 - 0.4807692i  
 
 
 
 z  =
 
    8.660254 + 5.i  
 
 I  =
 
    0.8479278 + 0.5460159i  
 
 
 
 magn  =
 
    1.0085212  
 
 ph  =
 
    32.779167  
 
 

i=1.01*exp(-2*t)*cos(10t+32.8 deg) (A)
 
 
 
 
grepthis#Electric_Circuits_M._Navhi_And_J._A._Edminister_154/DEPENDENCIES/ch9_7.sce #
 
 
 Example 9.7   
 

 
 
Given 
 
 Resistance is 10ohm and Capacitance is 0.2F   
 
 
 Applied voltage is 10*exp(-2*t)*cos(10*t+30)   
 
 
 
 
 
 
 
 
 
 
 
 I=10(30 deg)/10+(5/s)   
 
 s  =
 
  - 2. + 10.i  
 
 a  =
 
    9.9038462 - 0.4807692i  
 
 
 
 z  =
 
    8.660254 + 5.i  
 
 I  =
 
    0.8479278 + 0.5460159i  
 
 
 
 magn  =
 
    1.0085212  
 
 ph  =
 
    32.779167  
 
 

i=1.01*exp(-2*t)*cos(10t+32.8 deg) (A)
 
 
 
 
grepthis#Electric_Circuits_M._Navhi_And_J._A._Edminister_154/CH10/EX10.4/ch10_4.sce #
 
 
 Problem 10.4   
 

 
 
 
 Ro1  =
 
    25.  
 
 Theta1  =
 
    143.13  
 
 
 Ro2  =
 
    11.2  
 
 Theta2  =
 
    26.57  
 
 
 
 Vmag  =
 
    2.2321429  
 
 Vph  =
 
    116.56  
 
 
 
 z  =
 
  - 0.9980686 + 1.9965773i  
 
 
 
 
 z1  =
 
  - 19.999973 + 15.000036i  
 
 
 
 z2  =
 
    10.017152 + 5.0096575i  
 
 V12  =
 
  - 9.9828213 + 20.009693i  
 
 Theta  =
 
    2.033563 - 1.249D-16i  
 R  =
 
    22.361676  
 
V1/V2=-1.00+i*2.00 
V1+V2=22.36(116.51 deg) 
grepthis#Electric_Circuits_M._Navhi_And_J._A._Edminister_154/DEPENDENCIES/ch10_4.sce #
 
 
 Problem 10.4   
 

 
 
 
 Ro1  =
 
    25.  
 
 Theta1  =
 
    143.13  
 
 
 Ro2  =
 
    11.2  
 
 Theta2  =
 
    26.57  
 
 
 
 Vmag  =
 
    2.2321429  
 
 Vph  =
 
    116.56  
 
 
 
 z  =
 
  - 0.9980686 + 1.9965773i  
 
 
 
 
 z1  =
 
  - 19.999973 + 15.000036i  
 
 
 
 z2  =
 
    10.017152 + 5.0096575i  
 
 V12  =
 
  - 9.9828213 + 20.009693i  
 
 Theta  =
 
    2.033563 - 1.249D-16i  
 R  =
 
    22.361676  
 
V1/V2=-1.00+i*2.00 
V1+V2=22.36(116.51 deg) 
grepthis#Electric_Circuits_M._Navhi_And_J._A._Edminister_154/CH10/EX10.5/ch10_5.sce #
 
 
 Problem 10.5   
 

 
 
Given 
 
 Voltage is 100(45 deg)   
 
 
 Current is 5(15 deg)   
 
 
 Ro1  =
 
    100.  
 
 Theta1  =
 
    45.  
 
 
 Ro2  =
 
    5.  
 
 Theta2  =
 
    15.  
 
 
 
 Zmag  =
 
    20.  
 
 Zph  =
 
    30.  
 
 
 
 z  =
 
    17.320508 + 10.i  
 
 
 Ymag  =
 
    0.05  
 
 Yph  =
 
  - 30.  
 
 
 
 z1  =
 
    0.0433013 - 0.025i  
 
 
R=17.32ohm XL=10.00H 
G=0.043S BL=0.025S 
grepthis#Electric_Circuits_M._Navhi_And_J._A._Edminister_154/DEPENDENCIES/ch10_5.sce #
 
 
 Problem 10.5   
 

 
 
Given 
 
 Voltage is 100(45 deg)   
 
 
 Current is 5(15 deg)   
 
 
 Ro1  =
 
    100.  
 
 Theta1  =
 
    45.  
 
 
 Ro2  =
 
    5.  
 
 Theta2  =
 
    15.  
 
 
 
 Zmag  =
 
    20.  
 
 Zph  =
 
    30.  
 
 
 
 z  =
 
    17.320508 + 10.i  
 
 
 Ymag  =
 
    0.05  
 
 Yph  =
 
  - 30.  
 
 
 
 z1  =
 
    0.0433013 - 0.025i  
 
 
R=17.32ohm XL=10.00H 
G=0.043S BL=0.025S 
grepthis#Electric_Circuits_M._Navhi_And_J._A._Edminister_154/CH10/EX10.7/ch10_7.sce #
 
 
 Problem 10.7   
 

 
 
Voltage v1=5*cos(w1*t) 
Voltage v2=10*cos(w2*t+60) 
 
 
 Resistance is 10ohm and inductance is 5mH   
 
 
 
 a)   
 
 
 
 Z1  =
 
    10. + 10.i  
 
 Z2  =
 
    10. + 10.i  
 
 
 
 
 
 
 z  =
 
    5. + 8.660254i  
 
 
 
 I  =
 
  - 0.4330127 - 0.4330127i  
 
 Theta  =
 
  - 2.3561945 + 1.110D-16i  
 R  =
 
    0.6123724  
 
i=0.61*cos(2000t-135 deg) 
 
 
 b)   
 
 
 
 
 Z1  =
 
    10. + 10.i  
 
 Z2  =
 
    10. + 20.i  
 
 
 
 I1  =
 
    0.25 - 0.25i  
 
 Theta  =
 
  - 0.7853982 + 2.498D-16i  
 R  =
 
    0.3535534  
 
i1=0.35*cos(2000t-45 deg)
 
 
 I2  =
 
    0.4464102 - 0.0267949i  
 
 Theta1  =
 
  - 0.0599512 + 2.203D-16i  
 R1  =
 
    0.4472136  
 
i2=0.45*cos(4000t-3.43 deg)
 
 
i=0.35*cos(2000t-45 deg)-0.45*cos(4000t-3.43 deg)
 
 
 
 
grepthis#Electric_Circuits_M._Navhi_And_J._A._Edminister_154/DEPENDENCIES/ch10_7.sce #
 
 
 Problem 10.7   
 

 
 
Voltage v1=5*cos(w1*t) 
Voltage v2=10*cos(w2*t+60) 
 
 
 Resistance is 10ohm and inductance is 5mH   
 
 
 
 a)   
 
 
 
 Z1  =
 
    10. + 10.i  
 
 Z2  =
 
    10. + 10.i  
 
 
 
 
 
 
 z  =
 
    5. + 8.660254i  
 
 
 
 I  =
 
  - 0.4330127 - 0.4330127i  
 
 Theta  =
 
  - 2.3561945 + 1.110D-16i  
 R  =
 
    0.6123724  
 
i=0.61*cos(2000t-135 deg) 
 
 
 b)   
 
 
 
 
 Z1  =
 
    10. + 10.i  
 
 Z2  =
 
    10. + 20.i  
 
 
 
 I1  =
 
    0.25 - 0.25i  
 
 Theta  =
 
  - 0.7853982 + 2.498D-16i  
 R  =
 
    0.3535534  
 
i1=0.35*cos(2000t-45 deg)
 
 
 I2  =
 
    0.4464102 - 0.0267949i  
 
 Theta1  =
 
  - 0.0599512 + 2.203D-16i  
 R1  =
 
    0.4472136  
 
i2=0.45*cos(4000t-3.43 deg)
 
 
i=0.35*cos(2000t-45 deg)-0.45*cos(4000t-3.43 deg)
 
 
 
 
grepthis#Electric_Circuits_M._Navhi_And_J._A._Edminister_154/CH11/EX11.5/ch11_5.sce #
 
 
 Problem 11.5   
 

 
 
Given 
 
 Veff=110V Ieff=20(-50 deg)   
 
 
 
 
 P  =
 
    1414.1327  
 
 Q  =
 
    1685.2978  
 
Average power is 1414.1W
 
Reactive power is 1685.3var
 
 
 
grepthis#Electric_Circuits_M._Navhi_And_J._A._Edminister_154/DEPENDENCIES/ch11_5.sce #
 
 
 Problem 11.5   
 

 
 
Given 
 
 Veff=110V Ieff=20(-50 deg)   
 
 
 
 
 P  =
 
    1414.1327  
 
 Q  =
 
    1685.2978  
 
Average power is 1414.1W
 
Reactive power is 1685.3var
 
 
 
grepthis#Electric_Circuits_M._Navhi_And_J._A._Edminister_154/CH11/EX11.10/ch11_10.sce #
 
 
 Problem 11.10   
 

 
 
Given 
 
 Veff=10V v=10*sqrt(2)*cos(w*t)   
 
 vmag  =
 
    14.14  
 
 
 
 a)   
 
 Z1  =
 
    1. + i    
 
 Theta  =
 
    0.7853982 + 2.498D-16i  
 R  =
 
    1.4142136  
 
i1=9*cos(w*t-0)
 
 I1eff  =
 
    7.0710678  
 
 
 
 
 p1(t)=50+50*sqrt(2)*cos(2*w*t-45) W   
 
 P1  =
 
    50. - 1.249D-14i  
 
 Q1  =
 
    50. + 1.249D-14i  
 
 S1  =
 
    50. + 50.i  
 
 S1mag  =
 
    70.710678  
 
 pf1  =
 
    0.7071068 - 1.766D-16i  
 
P1=50W
Q1=50var
pf1=0.7071(lag)
 
 
 
 
 b)   
 
 Z2  =
 
    1. - i    
 
 Theta  =
 
  - 0.7853982 + 2.498D-16i  
 R  =
 
    1.4142136  
 
i2=9*cos(w*t0)
 
 I2eff  =
 
    7.0710678  
 
 
 
 
 p2(t)=50+50*sqrt(2)*cos(2*w*t+45) W   
 
 P2  =
 
    50. + 1.249D-14i  
 
 Q2  =
 
  - 50. + 1.249D-14i  
 
 S2  =
 
    50. - 50.i  
 
 S2mag  =
 
    70.710678  
 
 pf2  =
 
    0.7071068 + 1.766D-16i  
 
P2=50W
Q2=-50var
pf2=0.7071(lag)
 
 
 
 c)   
 
 Zmag  =
 
    1.  
 
i=14*cos(w*t)
 
 Ieff  =
 
    10.  
 
 
 
 
 p2(t)=200*cos(w*t)^2 W   
 
 P  =
 
    100.  
 
 Q  =
 
    0.  
 
 S  =
 
    100.  
 
 Smag  =
 
    100.  
 
 pf  =
 
    1.  
 
P=100W
Q=0var
pf=1.0000
 
 
 
 
 
 
grepthis#Electric_Circuits_M._Navhi_And_J._A._Edminister_154/DEPENDENCIES/ch11_10.sce #
 
 
 Problem 11.10   
 

 
 
Given 
 
 Veff=10V v=10*sqrt(2)*cos(w*t)   
 
 vmag  =
 
    14.14  
 
 
 
 a)   
 
 Z1  =
 
    1. + i    
 
 Theta  =
 
    0.7853982 + 2.498D-16i  
 R  =
 
    1.4142136  
 
i1=9*cos(w*t-0)
 
 I1eff  =
 
    7.0710678  
 
 
 
 
 p1(t)=50+50*sqrt(2)*cos(2*w*t-45) W   
 
 P1  =
 
    50. - 1.249D-14i  
 
 Q1  =
 
    50. + 1.249D-14i  
 
 S1  =
 
    50. + 50.i  
 
 S1mag  =
 
    70.710678  
 
 pf1  =
 
    0.7071068 - 1.766D-16i  
 
P1=50W
Q1=50var
pf1=0.7071(lag)
 
 
 
 
 b)   
 
 Z2  =
 
    1. - i    
 
 Theta  =
 
  - 0.7853982 + 2.498D-16i  
 R  =
 
    1.4142136  
 
i2=9*cos(w*t0)
 
 I2eff  =
 
    7.0710678  
 
 
 
 
 p2(t)=50+50*sqrt(2)*cos(2*w*t+45) W   
 
 P2  =
 
    50. + 1.249D-14i  
 
 Q2  =
 
  - 50. + 1.249D-14i  
 
 S2  =
 
    50. - 50.i  
 
 S2mag  =
 
    70.710678  
 
 pf2  =
 
    0.7071068 + 1.766D-16i  
 
P2=50W
Q2=-50var
pf2=0.7071(lag)
 
 
 
 c)   
 
 Zmag  =
 
    1.  
 
i=14*cos(w*t)
 
 Ieff  =
 
    10.  
 
 
 
 
 p2(t)=200*cos(w*t)^2 W   
 
 P  =
 
    100.  
 
 Q  =
 
    0.  
 
 S  =
 
    100.  
 
 Smag  =
 
    100.  
 
 pf  =
 
    1.  
 
P=100W
Q=0var
pf=1.0000
 
 
 
 
 
 
grepthis#Electric_Circuits_M._Navhi_And_J._A._Edminister_154/CH11/EX11.11/ch11_11.sce #
 
 
 Problem 11.11   
 

 
 
Given 
 
 v=42.5*cos(1000*t+30 deg)V Z=3+i4 ohm   
 
 
 
 R  =
 
    5.  
 
 Theta  =
 
    53.130102  
 
 Veffm  =
 
    30.052038  
 
 Veffph  =
 
    30.  
 
 Ieffm  =
 
    6.0104076  
 
 Ieffph  =
 
  - 23.130102  
 
 
 Smag  =
 
    180.625  
 
 Sph  =
 
    53.130102  
 
 x  =
 
    108.375  
 
 y  =
 
    144.5  
 
 z  =
 
    108.375 + 144.5i  
 
 
 
Real Power is 108.375000W
 
Reactive Power is 144.500000var(inductive)
 
Complex Power is 180.625000VA
 
Power factor is 0.6(lag)
 
 
 
grepthis#Electric_Circuits_M._Navhi_And_J._A._Edminister_154/DEPENDENCIES/ch11_11.sce #
 
 
 Problem 11.11   
 

 
 
Given 
 
 v=42.5*cos(1000*t+30 deg)V Z=3+i4 ohm   
 
 
 
 R  =
 
    5.  
 
 Theta  =
 
    53.130102  
 
 Veffm  =
 
    30.052038  
 
 Veffph  =
 
    30.  
 
 Ieffm  =
 
    6.0104076  
 
 Ieffph  =
 
  - 23.130102  
 
 
 Smag  =
 
    180.625  
 
 Sph  =
 
    53.130102  
 
 x  =
 
    108.375  
 
 y  =
 
    144.5  
 
 z  =
 
    108.375 + 144.5i  
 
 
 
Real Power is 108.375000W
 
Reactive Power is 144.500000var(inductive)
 
Complex Power is 180.625000VA
 
Power factor is 0.6(lag)
 
 
 
grepthis#Electric_Circuits_M._Navhi_And_J._A._Edminister_154/CH11/EX11.12/ch11_12.sce #
 
 
 Problem 11.12   
 

 
 
Given 
 
 pf1=1 ; pf2=0.5 ; pf3=0.5   
 
 
 P1=10kW;P2=20kW;P3=15kW   
 
 
 Power supply is 6kV   
 
 
 
 pf1  =
 
    1.  
 
 t1  =
 
    0.  
 
 Q1  =
 
    0.  
 
 
 pf2  =
 
    0.5  
 
 
 Q2  =
 
    34600.  
 
 
 pf3  =
 
    1.  
 
 
 Q3  =
 
    19950.  
 
 
 PT  =
 
    45000.  
 
 QT  =
 
    54550.  
 
 ST  =
 
    70715.645  
 
 pfT  =
 
    0.6363514  
 
 Ieff  =
 
    11.785941  
 
 Ieffph  =
 
    50.479712  
 
PT=45000W
QT=54550var
ST=70715VA
pf=0.64(lag)
Ieff=11.8(50.48 deg)
 
 
grepthis#Electric_Circuits_M._Navhi_And_J._A._Edminister_154/DEPENDENCIES/ch11_12.sce #
 
 
 Problem 11.12   
 

 
 
Given 
 
 pf1=1 ; pf2=0.5 ; pf3=0.5   
 
 
 P1=10kW;P2=20kW;P3=15kW   
 
 
 Power supply is 6kV   
 
 
 
 pf1  =
 
    1.  
 
 t1  =
 
    0.  
 
 Q1  =
 
    0.  
 
 
 pf2  =
 
    0.5  
 
 
 Q2  =
 
    34600.  
 
 
 pf3  =
 
    1.  
 
 
 Q3  =
 
    19950.  
 
 
 PT  =
 
    45000.  
 
 QT  =
 
    54550.  
 
 ST  =
 
    70715.645  
 
 pfT  =
 
    0.6363514  
 
 Ieff  =
 
    11.785941  
 
 Ieffph  =
 
    50.479712  
 
PT=45000W
QT=54550var
ST=70715VA
pf=0.64(lag)
Ieff=11.8(50.48 deg)
 
 
grepthis#Electric_Circuits_M._Navhi_And_J._A._Edminister_154/CH11/EX11.13/ch11_13.sce #
 
 
 Problem 11.13   
 

 
 
Given 
 
 Power factor is 0.95(lag)   
 
 
 
 
 Smag  =
 
    8228.5714  
 
 Sph  =
 
    25.  
 
 x  =
 
    7457.6184  
 
 y  =
 
    3477.5446  
 
 z  =
 
    7457.6184 + 3477.5446i  
 
 pf  =
 
    0.95  
 
 theta  =
 
    18.194872  
 
 
 
 Qc  =
 
    1026.3439  
 

 Qc=1026var(Capacitive )
 
 
grepthis#Electric_Circuits_M._Navhi_And_J._A._Edminister_154/DEPENDENCIES/ch11_13.sce #
 
 
 Problem 11.13   
 

 
 
Given 
 
 Power factor is 0.95(lag)   
 
 
 
 
 Smag  =
 
    8228.5714  
 
 Sph  =
 
    25.  
 
 x  =
 
    7457.6184  
 
 y  =
 
    3477.5446  
 
 z  =
 
    7457.6184 + 3477.5446i  
 
 pf  =
 
    0.95  
 
 theta  =
 
    18.194872  
 
 
 
 Qc  =
 
    1026.3439  
 

 Qc=1026var(Capacitive )
 
 
grepthis#Electric_Circuits_M._Navhi_And_J._A._Edminister_154/CH11/EX11.14/ch11_14.sce #
 
 
 Problem 11.14   
 

 
 
Given 
 
 Power =1000kW ; pf=0.5(lag)   
 
 
 Voltage source is 5kV   
 
 
 Improved power factor is 0.8   
 
 
 
 
 
 S  =
 
    2000.  
 
 I  =
 
    0.4  
 
 
 
 
 
 S  =
 
    1250.  
 
 I1  =
 
    0.25  
 
 
 
 Current is reduced by    
 
 red  =
 
    37.5  
 
Percentage reduction in current is 37.5percent
 
 
 
grepthis#Electric_Circuits_M._Navhi_And_J._A._Edminister_154/DEPENDENCIES/ch11_14.sce #
 
 
 Problem 11.14   
 

 
 
Given 
 
 Power =1000kW ; pf=0.5(lag)   
 
 
 Voltage source is 5kV   
 
 
 Improved power factor is 0.8   
 
 
 
 
 
 S  =
 
    2000.  
 
 I  =
 
    0.4  
 
 
 
 
 
 S  =
 
    1250.  
 
 I1  =
 
    0.25  
 
 
 
 Current is reduced by    
 
 red  =
 
    37.5  
 
Percentage reduction in current is 37.5percent
 
 
 
grepthis#Electric_Circuits_M._Navhi_And_J._A._Edminister_154/CH11/EX11.16/ch11_16.sce #
 
 
 Problem 11.16   
 

 
 
Given 
 
 Vg=100V(rms)   
 
 
 Zg=1+i Z1=2   
 
 
 
 
 a)   
 
 
 Z1  =
 
    2.  
 
 Z  =
 
    3. + i    
 
 Zmag  =
 
    3.1622777  
 
 I  =
 
    31.622777  
 
 PZ1  =
 
    2000.  
 
 Pg  =
 
    1000.  
 
 PT  =
 
    3000.  
 
PZ=2000W
 Pg=1000W
 PT=3000W
 
 
 
 b)   
 
 
 
 
 
 
 
 Z2=   
 
  - i    
 
 
 
 c)   
 
 
 
 
 
 Zt  =
 
    2.  
 
 Zmag  =
 
    2.  
 
 I  =
 
    50.  
 
 PZ  =
 
    2500.  
 
 Pg  =
 
    2500.  
 
 
 VZ  =
 
    50. - 50.i  
 
 IZ1  =
 
    25. - 25.i  
 
 IZ1mag  =
 
    35.355339  
 
 PZ1  =
 
    2500.  
 
 PZ2  =
 
    0.  
 
 PT  =
 
    5000.  
 
PZ=2500W
 Pg=2500W
 PT=5000W
 
 
grepthis#Electric_Circuits_M._Navhi_And_J._A._Edminister_154/DEPENDENCIES/ch11_16.sce #
 
 
 Problem 11.16   
 

 
 
Given 
 
 Vg=100V(rms)   
 
 
 Zg=1+i Z1=2   
 
 
 
 
 a)   
 
 
 Z1  =
 
    2.  
 
 Z  =
 
    3. + i    
 
 Zmag  =
 
    3.1622777  
 
 I  =
 
    31.622777  
 
 PZ1  =
 
    2000.  
 
 Pg  =
 
    1000.  
 
 PT  =
 
    3000.  
 
PZ=2000W
 Pg=1000W
 PT=3000W
 
 
 
 b)   
 
 
 
 
 
 
 
 Z2=   
 
  - i    
 
 
 
 c)   
 
 
 
 
 
 Zt  =
 
    2.  
 
 Zmag  =
 
    2.  
 
 I  =
 
    50.  
 
 PZ  =
 
    2500.  
 
 Pg  =
 
    2500.  
 
 
 VZ  =
 
    50. - 50.i  
 
 IZ1  =
 
    25. - 25.i  
 
 IZ1mag  =
 
    35.355339  
 
 PZ1  =
 
    2500.  
 
 PZ2  =
 
    0.  
 
 PT  =
 
    5000.  
 
PZ=2500W
 Pg=2500W
 PT=5000W
 
 
grepthis#Electric_Circuits_M._Navhi_And_J._A._Edminister_154/CH11/EX11.17/ch11_17.sce #
 
 
 Problem 11.17   
 

 
 
Given 
 
 v1=5*cos(w1*t)  v2=10*cos(w2*t+60)   
 
 
 
 Resistance is 10ohm and inductance is 5mH   
 
 
 
 
 
 
 
 z  =
 
    5. + 8.660254i  
 
 
 
 a)   
 
 
 
 Z1  =
 
    10. + 10.i  
 
 Z2  =
 
    10. + 20.i  
 
 
 
 I1  =
 
    0.25 - 0.25i  
 
 Theta  =
 
  - 0.7853982 + 2.498D-16i  
 R1  =
 
    0.3535534  
 
i1=0.35*cos(2000t-45 deg)
 
 P1  =
 
    0.625  
 
 
 
 I2  =
 
    0.4464102 - 0.0267949i  
 
 Theta1  =
 
  - 0.0599512 + 2.203D-16i  
 R2  =
 
    0.4472136  
 
i2=0.45*cos(4000t-3.43 deg)
 
 P2  =
 
    1.  
 
 
 
i=0.35*cos(2000t-45 deg)-0.45*cos(4000t-3.43 deg)
 
 
P1=0.625W
P2=1.0W
Total power(P)=1.625W
 
 
 
 b)   
 
 
 imagn  =
 
    0.61  
 
 P  =
 
    1.8605  
 
Power dissipated in the coil=1.861W
 
 
 
 c)   
 
 
 
 Z1  =
 
    10. + 10.i  
 
 Z2  =
 
    10. + 7.07i  
 
 
 
 I1  =
 
    0.25 - 0.25i  
 
 Theta  =
 
  - 0.7853982 + 2.498D-16i  
 R1  =
 
    0.3535534  
 
i1=0.35*cos(2000t-45 deg)
 
 P1  =
 
    0.625  
 
 
 
 
 
 z1  =
 
    5. + 8.660254i  
 
 I3  =
 
    0.7415946 + 0.341718i  
 
 Theta3  =
 
    0.4317890 - 3.747D-16i  
 R3  =
 
    0.8165377  
 
i2=0.82*cos(1414t+24.74 deg)
 
 P3  =
 
    3.3336689  
 
 
 
i=0.35*cos(2000t-45 deg)-0.82*cos(1414t+24.74 deg)
 
 
P1=0.625W
P2=3.3W
Total power(P)=3.959W
 
 
 
 
 
 
 
 
 
 
 
 
grepthis#Electric_Circuits_M._Navhi_And_J._A._Edminister_154/DEPENDENCIES/ch11_17.sce #
 
 
 Problem 11.17   
 

 
 
Given 
 
 v1=5*cos(w1*t)  v2=10*cos(w2*t+60)   
 
 
 
 Resistance is 10ohm and inductance is 5mH   
 
 
 
 
 
 
 
 z  =
 
    5. + 8.660254i  
 
 
 
 a)   
 
 
 
 Z1  =
 
    10. + 10.i  
 
 Z2  =
 
    10. + 20.i  
 
 
 
 I1  =
 
    0.25 - 0.25i  
 
 Theta  =
 
  - 0.7853982 + 2.498D-16i  
 R1  =
 
    0.3535534  
 
i1=0.35*cos(2000t-45 deg)
 
 P1  =
 
    0.625  
 
 
 
 I2  =
 
    0.4464102 - 0.0267949i  
 
 Theta1  =
 
  - 0.0599512 + 2.203D-16i  
 R2  =
 
    0.4472136  
 
i2=0.45*cos(4000t-3.43 deg)
 
 P2  =
 
    1.  
 
 
 
i=0.35*cos(2000t-45 deg)-0.45*cos(4000t-3.43 deg)
 
 
P1=0.625W
P2=1.0W
Total power(P)=1.625W
 
 
 
 b)   
 
 
 imagn  =
 
    0.61  
 
 P  =
 
    1.8605  
 
Power dissipated in the coil=1.861W
 
 
 
 c)   
 
 
 
 Z1  =
 
    10. + 10.i  
 
 Z2  =
 
    10. + 7.07i  
 
 
 
 I1  =
 
    0.25 - 0.25i  
 
 Theta  =
 
  - 0.7853982 + 2.498D-16i  
 R1  =
 
    0.3535534  
 
i1=0.35*cos(2000t-45 deg)
 
 P1  =
 
    0.625  
 
 
 
 
 
 z1  =
 
    5. + 8.660254i  
 
 I3  =
 
    0.7415946 + 0.341718i  
 
 Theta3  =
 
    0.4317890 - 3.747D-16i  
 R3  =
 
    0.8165377  
 
i2=0.82*cos(1414t+24.74 deg)
 
 P3  =
 
    3.3336689  
 
 
 
i=0.35*cos(2000t-45 deg)-0.82*cos(1414t+24.74 deg)
 
 
P1=0.625W
P2=3.3W
Total power(P)=3.959W
 
 
 
 
 
 
 
 
 
 
 
 
grepthis#Electric_Circuits_M._Navhi_And_J._A._Edminister_154/CH13/EX13.2/ch13_2.sce #
 
 
 Problem 13.2   
 

 
 
Given 
 
 |Hv|=1/sqrt(2)             (1)   
 
 
 Resistance R1=5kohm   
 
 
 
 Hv(w)=1/1+%i*(w/wx)        (2)   
 
 
 
 
 wx=2*10^-4/C2              (3)   
 
 
 
 a)   
 
 
 
 
 |Hv(w)|=1/sqrt(1+(w/wx)^2)   
 
 
 
 fx  =
 
    3.1830989  
 
Frequency(a) is 3.18kHz
 
 
 
 b)   
 
 
 
 fx1  =
 
    31.830989  
 
Frequency(b) is 31.83kHz
 
 
 
 
 
 
grepthis#Electric_Circuits_M._Navhi_And_J._A._Edminister_154/DEPENDENCIES/ch13_2.sce #
 
 
 Problem 13.2   
 

 
 
Given 
 
 |Hv|=1/sqrt(2)             (1)   
 
 
 Resistance R1=5kohm   
 
 
 
 Hv(w)=1/1+%i*(w/wx)        (2)   
 
 
 
 
 wx=2*10^-4/C2              (3)   
 
 
 
 a)   
 
 
 
 
 |Hv(w)|=1/sqrt(1+(w/wx)^2)   
 
 
 
 fx  =
 
    3.1830989  
 
Frequency(a) is 3.18kHz
 
 
 
 b)   
 
 
 
 fx1  =
 
    31.830989  
 
Frequency(b) is 31.83kHz
 
 
 
 
 
 
grepthis#Electric_Circuits_M._Navhi_And_J._A._Edminister_154/CH13/EX13.7/ch13_7.sce #
 
 
 Problem 13.7   
 

 
 
 
Given 
 H  =
 
           10s           
    -----------------    
                      2  
    1000000 + 300s + s   
 
 
 H(s)=   
 
           10s           
    -----------------    
                      2  
    1000000 + 300s + s   
 
 
 
 
 
 w0  =
 
    1000.  
 
 
 wl  =
 
    861.18742  
 
 wh  =
 
    1161.1874  
 
 B  =
 
    300.  
 
 Q  =
 
    3.3333333  
 

Center frequency= 1000rad/s
 
Low power frequency = 861.19rad/s
High power frequency = 1161.19rad/s
 
Bandwidth= 300rad/s
Quality factor =3.33
 
 
grepthis#Electric_Circuits_M._Navhi_And_J._A._Edminister_154/DEPENDENCIES/ch13_7.sce #
 
 
 Problem 13.7   
 

 
 
 
Given 
 H  =
 
           10s           
    -----------------    
                      2  
    1000000 + 300s + s   
 
 
 H(s)=   
 
           10s           
    -----------------    
                      2  
    1000000 + 300s + s   
 
 
 
 
 
 w0  =
 
    1000.  
 
 
 wl  =
 
    861.18742  
 
 wh  =
 
    1161.1874  
 
 B  =
 
    300.  
 
 Q  =
 
    3.3333333  
 

Center frequency= 1000rad/s
 
Low power frequency = 861.19rad/s
High power frequency = 1161.19rad/s
 
Bandwidth= 300rad/s
Quality factor =3.33
 
 
grepthis#Electric_Circuits_M._Navhi_And_J._A._Edminister_154/CH13/EX13.8/ch13_8.sce #
 
 
 Problem 13.8   
 

 
 
 
Given 
 H  =
 
           10s          
    -----------------   
                     2  
    1000000 + 30s + s   
 
 
 H(s)=   
 
           10s          
    -----------------   
                     2  
    1000000 + 30s + s   
 
 
 
 
 
 w0  =
 
    1000.  
 
 
 wl  =
 
    985.11249  
 
 wh  =
 
    1015.1125  
 
 B  =
 
    30.  
 
 Q  =
 
    33.333333  
 

Center frequency= 1000rad/s
 
Low power frequency = 985.11rad/s
High power frequency = 1015.11rad/s
 
Bandwidth= 30rad/s
Quality factor =33.33
 
 
grepthis#Electric_Circuits_M._Navhi_And_J._A._Edminister_154/DEPENDENCIES/ch13_8.sce #
 
 
 Problem 13.8   
 

 
 
 
Given 
 H  =
 
           10s          
    -----------------   
                     2  
    1000000 + 30s + s   
 
 
 H(s)=   
 
           10s          
    -----------------   
                     2  
    1000000 + 30s + s   
 
 
 
 
 
 w0  =
 
    1000.  
 
 
 wl  =
 
    985.11249  
 
 wh  =
 
    1015.1125  
 
 B  =
 
    30.  
 
 Q  =
 
    33.333333  
 

Center frequency= 1000rad/s
 
Low power frequency = 985.11rad/s
High power frequency = 1015.11rad/s
 
Bandwidth= 30rad/s
Quality factor =33.33
 
 
grepthis#Electric_Circuits_M._Navhi_And_J._A._Edminister_154/CH14/EX14.1/ch14_1.sce #
 
 
 Example 14.1   
 

 
 
 
 
 
 
 
 
 
 (s+2)*I1+s*I2=V1        (1)   
 
 
 s*I1+(s+3)*I2=V2        (2)   
 
 
 
 
 
 
 
 
 
 
 
 
 
 Z11=   
 
    2 + s   
 
 
 Z12=   
 
    s   
 
 
 Z21=   
 
    s   
 
 
 Z22=   
 
    3 + s   
 
 
 
 
grepthis#Electric_Circuits_M._Navhi_And_J._A._Edminister_154/DEPENDENCIES/ch14_1.sce #
 
 
 Example 14.1   
 

 
 
 
 
 
 
 
 
 
 (s+2)*I1+s*I2=V1        (1)   
 
 
 s*I1+(s+3)*I2=V2        (2)   
 
 
 
 
 
 
 
 
 
 
 
 
 
 Z11=   
 
    2 + s   
 
 
 Z12=   
 
    s   
 
 
 Z21=   
 
    s   
 
 
 Z22=   
 
    3 + s   
 
 
 
 
grepthis#Electric_Circuits_M._Navhi_And_J._A._Edminister_154/CH14/EX14.2/ch14_2.sce #
 
 
 Example 14.2   
 

 
 
 
 
 
 
 
 
 
 (s+2)*I1+(s-1)*I2=V1    (1)   
 
 
 s*I1+(s+3)*I2=V2        (2)   
 
 
 
 
 
 
 
 
 
 
 
 
 
 Z11=   
 
    2 + s   
 
 
 Z12=   
 
  - 1 + s   
 
 
 Z21=   
 
    s   
 
 
 Z22=   
 
    3 + s   
 
 
grepthis#Electric_Circuits_M._Navhi_And_J._A._Edminister_154/DEPENDENCIES/ch14_2.sce #
 
 
 Example 14.2   
 

 
 
 
 
 
 
 
 
 
 (s+2)*I1+(s-1)*I2=V1    (1)   
 
 
 s*I1+(s+3)*I2=V2        (2)   
 
 
 
 
 
 
 
 
 
 
 
 
 
 Z11=   
 
    2 + s   
 
 
 Z12=   
 
  - 1 + s   
 
 
 Z21=   
 
    s   
 
 
 Z22=   
 
    3 + s   
 
 
grepthis#Electric_Circuits_M._Navhi_And_J._A._Edminister_154/CH14/EX14.4/ch14_4.sce #
 
 
 Example 14.4   
 

 
 
 
 
 
 
 
 
 
 I1=(Ya+Yc)*V1-Yc*V2        (1)   
 
 
 I2=-Yc*V1+(Yb+Yc)*V2       (2)   
 
 
 
 
 
 
 
 
 Y11=Ya+Yc   
 
 
 Y12=-Yc=Y21   
 
 
 Y22=Yb+Yc   
 
 
 
 Y11  =
 
    3 + s    
    -----    
    6 + 5s   
 
 Y12  =
 
    - s      
    -----    
    6 + 5s   
 
 Y21  =
 
    - s      
    -----    
    6 + 5s   
 
 Y22  =
 
    2 + s    
    -----    
    6 + 5s   
 
 
 
 Y11=   
 
    3 + s    
    -----    
    6 + 5s   
 
 
 Y12=   
 
    - s      
    -----    
    6 + 5s   
 
 
 Y21=   
 
    - s      
    -----    
    6 + 5s   
 
 
 Y22=   
 
    2 + s    
    -----    
    6 + 5s   
 
 
 
grepthis#Electric_Circuits_M._Navhi_And_J._A._Edminister_154/DEPENDENCIES/ch14_4.sce #
 
 
 Example 14.4   
 

 
 
 
 
 
 
 
 
 
 I1=(Ya+Yc)*V1-Yc*V2        (1)   
 
 
 I2=-Yc*V1+(Yb+Yc)*V2       (2)   
 
 
 
 
 
 
 
 
 Y11=Ya+Yc   
 
 
 Y12=-Yc=Y21   
 
 
 Y22=Yb+Yc   
 
 
 
 Y11  =
 
    3 + s    
    -----    
    6 + 5s   
 
 Y12  =
 
    - s      
    -----    
    6 + 5s   
 
 Y21  =
 
    - s      
    -----    
    6 + 5s   
 
 Y22  =
 
    2 + s    
    -----    
    6 + 5s   
 
 
 
 Y11=   
 
    3 + s    
    -----    
    6 + 5s   
 
 
 Y12=   
 
    - s      
    -----    
    6 + 5s   
 
 
 Y21=   
 
    - s      
    -----    
    6 + 5s   
 
 
 Y22=   
 
    2 + s    
    -----    
    6 + 5s   
 
 
 
grepthis#Electric_Circuits_M._Navhi_And_J._A._Edminister_154/CH14/EX14.6/ch14_6.sce #
 
 
 Example 14.6   
 

 
 
 
 
 
 Y11  =
 
    3 + s    
    -----    
    6 + 5s   
 
 Y12  =
 
    - s      
    -----    
    6 + 5s   
 
 Y21  =
 
    - s      
    -----    
    6 + 5s   
 
 Y22  =
 
    2 + s    
    -----    
    6 + 5s   
 
 
 DYY  =
 
      0.2     
    -------   
    1.2 + s   
 
 
 
 
 
 
 
 
 Z11=   
 
    2 + s   
    -----   
      1     
 
 
 Z12=   
 
    s   
    -   
    1   
 
 
 Z21=   
 
    s   
    -   
    1   
 
 
 Z22=   
 
    3 + s   
    -----   
      1     
 
 
grepthis#Electric_Circuits_M._Navhi_And_J._A._Edminister_154/DEPENDENCIES/ch14_6.sce #
 
 
 Example 14.6   
 

 
 
 
 
 
 Y11  =
 
    3 + s    
    -----    
    6 + 5s   
 
 Y12  =
 
    - s      
    -----    
    6 + 5s   
 
 Y21  =
 
    - s      
    -----    
    6 + 5s   
 
 Y22  =
 
    2 + s    
    -----    
    6 + 5s   
 
 
 DYY  =
 
      0.2     
    -------   
    1.2 + s   
 
 
 
 
 
 
 
 
 Z11=   
 
    2 + s   
    -----   
      1     
 
 
 Z12=   
 
    s   
    -   
    1   
 
 
 Z21=   
 
    s   
    -   
    1   
 
 
 Z22=   
 
    3 + s   
    -----   
      1     
 
 
grepthis#Electric_Circuits_M._Navhi_And_J._A._Edminister_154/CH14/EX14.10/ch14_10.sce #
 
 
 Example 14.10   
 

 
 
 
 
 
 
 
 
 
 6*I1+3*I2=V1         (1)   
 
 
 10*I1+5*I2=V2        (2)   
 
 
 
 
 
 
 
 
 
 
 
 
 
 Z11=   
 
    6.  
 
 
 Z12=   
 
    3.  
 
 
 Z21=   
 
    10.  
 
 
 Z22=   
 
    5.  
 
 
 
 As DZZ results in zero(0) therefore Y parameters are not defined    
 
 
grepthis#Electric_Circuits_M._Navhi_And_J._A._Edminister_154/DEPENDENCIES/ch14_10.sce #
 
 
 Example 14.10   
 

 
 
 
 
 
 
 
 
 
 6*I1+3*I2=V1         (1)   
 
 
 10*I1+5*I2=V2        (2)   
 
 
 
 
 
 
 
 
 
 
 
 
 
 Z11=   
 
    6.  
 
 
 Z12=   
 
    3.  
 
 
 Z21=   
 
    10.  
 
 
 Z22=   
 
    5.  
 
 
 
 As DZZ results in zero(0) therefore Y parameters are not defined    
 
 
grepthis#Electric_Circuits_M._Navhi_And_J._A._Edminister_154/CH15/EX15.4/ch15_4.sce #
 
 
 Example 15.4   
 

 
 
Given 
 
 L1=0.1H L2=0.2H   
 
 
 i1=4A i2=10A   
 
 L2  =
 
    0.2  
 
 
 
 
 W=(L1*i1^2)/2+(L2*i2^2)/2+M*i1*i2   
 
 
 
 a)   
 
 
 
Total Energy in the coils=14.80J
 
 
 
 b)   
 
 
 
Total Energy in the coils=16.46J
 
 
 
 c)   
 
 
 
Total Energy in the coils=6.80J
 
 
 
 a)   
 
 
 
Total Energy in the coils=5.14J
 
 
 
 
 
grepthis#Electric_Circuits_M._Navhi_And_J._A._Edminister_154/DEPENDENCIES/ch15_4.sce #
 
 
 Example 15.4   
 

 
 
Given 
 
 L1=0.1H L2=0.2H   
 
 
 i1=4A i2=10A   
 
 L2  =
 
    0.2  
 
 
 
 
 W=(L1*i1^2)/2+(L2*i2^2)/2+M*i1*i2   
 
 
 
 a)   
 
 
 
Total Energy in the coils=14.80J
 
 
 
 b)   
 
 
 
Total Energy in the coils=16.46J
 
 
 
 c)   
 
 
 
Total Energy in the coils=6.80J
 
 
 
 a)   
 
 
 
Total Energy in the coils=5.14J
 
 
 
 
 
grepthis#Electric_Circuits_M._Navhi_And_J._A._Edminister_154/CH15/EX15.8/ch15_8.sce #
 
 
 Example 15.8   
 

 
 
Given 
 
 L1=0.2H L2=0.1H   
 
 
 M=0.1H R=10ohm   
 
 
 v1=142.3*sin(100*t)   
 
 L2  =
 
    0.1  
 
 
 
 
 
 
 
 Z1=%i*w*L1+((M*w)^2)/(Z2+%i*w*L2)   
 
 Z1  =
 
    5. + 15.i  
 
 Theta  =
 
    1.2490458 + 1.388D-17i  
 R  =
 
    15.811388  
 
 
 I1mag  =
 
    8.9998422  
 
 I1ph  =
 
  - 71.565051 - 7.951D-16i  
 
 
i1=9.0*sin(100*t-71.6 deg) (A) 
 
grepthis#Electric_Circuits_M._Navhi_And_J._A._Edminister_154/DEPENDENCIES/ch15_8.sce #
 
 
 Example 15.8   
 

 
 
Given 
 
 L1=0.2H L2=0.1H   
 
 
 M=0.1H R=10ohm   
 
 
 v1=142.3*sin(100*t)   
 
 L2  =
 
    0.1  
 
 
 
 
 
 
 
 Z1=%i*w*L1+((M*w)^2)/(Z2+%i*w*L2)   
 
 Z1  =
 
    5. + 15.i  
 
 Theta  =
 
    1.2490458 + 1.388D-17i  
 R  =
 
    15.811388  
 
 
 I1mag  =
 
    8.9998422  
 
 I1ph  =
 
  - 71.565051 - 7.951D-16i  
 
 
i1=9.0*sin(100*t-71.6 deg) (A) 
 
grepthis#Electric_Circuits_M._Navhi_And_J._A._Edminister_154/CH15/EX15.9/ch15_9.sce #
 
 
 Example 15.9   
 

 
 
 
Given 
 
 L1=0.2H L2=0.1H   
 
 
 M=0.1H R=10ohm   
 
 
 v1=u(t) a unit step function   
 
 L2  =
 
    0.1  
 
 
 
 
 
 
 
 Z1(s)=L1*s-((M*s)^2)/(R+L2*s)   
 
 Z1  =
 
              2  
    2s + 0.01s   
    ----------   
    10 + 0.1s    
 
 
 Num  =
 
            2  
    200s + s   
 
 Den  =
 
    1000 + 10s   
 
 
 
 Z1(s)   
 
             2   
     200s + s    
    ----------   
    1000 + 10s   
 
 Y1  =
 
    10 + 0.1s    
    ---------    
              2  
    2s + 0.01s   
 
 
 Y1(s)   
 
    1000 + 10s   
    ----------   
             2   
     200s + s    
 
 
 
 
 
 
 
Forced response i1,f=(5*t) (A)
 
 
 
 
grepthis#Electric_Circuits_M._Navhi_And_J._A._Edminister_154/DEPENDENCIES/ch15_9.sce #
 
 
 Example 15.9   
 

 
 
 
Given 
 
 L1=0.2H L2=0.1H   
 
 
 M=0.1H R=10ohm   
 
 
 v1=u(t) a unit step function   
 
 L2  =
 
    0.1  
 
 
 
 
 
 
 
 Z1(s)=L1*s-((M*s)^2)/(R+L2*s)   
 
 Z1  =
 
              2  
    2s + 0.01s   
    ----------   
    10 + 0.1s    
 
 
 Num  =
 
            2  
    200s + s   
 
 Den  =
 
    1000 + 10s   
 
 
 
 Z1(s)   
 
             2   
     200s + s    
    ----------   
    1000 + 10s   
 
 Y1  =
 
    10 + 0.1s    
    ---------    
              2  
    2s + 0.01s   
 
 
 Y1(s)   
 
    1000 + 10s   
    ----------   
             2   
     200s + s    
 
 
 
 
 
 
 
Forced response i1,f=(5*t) (A)
 
 
 
 
