Total number of .sce files(without counting DEPENDENCIES directory): 99

grepthis#Electronic_Devices_K._C._Nandi_2129/CH1/EX1.7.1/ex1_7_1.sce #
 
 
 
 
 
 E_g  =
 
    0.75  
 
 
 
 
 
 
 
 
 
 The wavelength at which germanium starts to absorb light in A° is   
 
    16575.  
 
 
grepthis#Electronic_Devices_K._C._Nandi_2129/CH1/EX1.7.2/ex1_7_2.sce #
 
 
 
 
 
 
 
 
 
 
 
 
 
 The energy gap of Si in eV is    
 
    1.1292614  
 
 
 
 
 The energy gap of Germanium in eV is    
 
    0.6994299  
 
 
 
grepthis#Electronic_Devices_K._C._Nandi_2129/CH1/EX1.18.1/ex1_18_1.sce #
 
 
 
 
 
 
 
 
 
 
 
 
 The Fermi level will be 0.33 eV below the conduction band   
 
 
grepthis#Electronic_Devices_K._C._Nandi_2129/CH1/EX1.18.2/ex1_18_2.sce #
 
 
 
 
 
 
 
 
 
 
 The probbaility in the condition band is occupied by an electron is    
 
    0.0000643  
 
 
 
 The thermal equilibrium electron concentration in cm^-3 is   
 
    1.799D+15  
 
 
 
grepthis#Electronic_Devices_K._C._Nandi_2129/CH1/EX1.18.3/ex1_18_3.sce #
 
 
 
 
 
 
 
 
 
 
 
 
 
 The thermal equilibrium hole concentration in per cm^3 is   
 
    6.440D+15  
 
 
grepthis#Electronic_Devices_K._C._Nandi_2129/CH1/EX1.21.1/ex1_21_1.sce #
 
 
 
 
 
 
 
 
 
 
 
 The conductivity of pure semiconductor in mho/cm is   
 
    0.0000051  
 
 
grepthis#Electronic_Devices_K._C._Nandi_2129/CH1/EX1.21.2/ex1_21_2.sce #
 
 
 
 
 
 
 
 
 
 
 The number of donor atom must be added to achieve in per cm^3 is    
 
    1.250D+15  
 
 
grepthis#Electronic_Devices_K._C._Nandi_2129/CH1/EX1.21.3/ex1_21_3.sce #
 
 
 
 
 
 
 
 
 
 
 
 
 
 
 The conductivity in mho/cm is   
 
    0.2682101  
 
 
grepthis#Electronic_Devices_K._C._Nandi_2129/CH1/EX1.21.4/ex1_21_4.sce #
 
 
 
 
 
 
 
 
 
 
 
 
 The mobility of electron in germanium in m^2/V.sec is   
 
    0.3902918  
 
 
grepthis#Electronic_Devices_K._C._Nandi_2129/CH1/EX1.21.5/ex1_21_5.sce #
 
 
 
 
 
 
 
 
 
 
 
 
 
 
 
 
 
 
 Mobility of holes in m^2/V.sec is   
 
    0.0334492  
 
 
grepthis#Electronic_Devices_K._C._Nandi_2129/CH1/EX1.21.6/ex1_21_6.sce #
 
 
 
 
 
 
 
 
 
 
 
 
 
 
 
 
 
 
 The current produced in a small germanium plate in amp is   
 
    1.1306667  
 
 
 
 
grepthis#Electronic_Devices_K._C._Nandi_2129/CH1/EX1.21.7/ex1_21_7.sce #
 
 
 
 
 
 
 
 
 
 
 
 
 The resistivity of drop Ge in ohm m is    
 
    0.0004134  
 
 
grepthis#Electronic_Devices_K._C._Nandi_2129/CH1/EX1.21.8/ex1_21_8.sce #
 
 
 
 
 
 
 
 
 
 
 
 
 
 
 
 
 
 
 The current produced in a Ge sample in Amp is   
 
    6.784  
 
 
grepthis#Electronic_Devices_K._C._Nandi_2129/CH1/EX1.21.9/ex1_21_9.sce #
 
 
 
 
 
 
 
 
 
 
 
 Conductivity of pure silicon at room temperature in mho/cm is   
 
    0.0000051  
 
 
grepthis#Electronic_Devices_K._C._Nandi_2129/CH1/EX1.23.10/ex1_23_10.sce #
 
 
 
 
 
 
 
 
 
 
 
 
 
 
 
 
 Minimum donor concentration required in cm^-3 is   
 
    1.396D+15  
 
 
 
grepthis#Electronic_Devices_K._C._Nandi_2129/CH1/EX1.23.11/ex1_23_11.sce #
 
 
 
 
 
 
 
 
 
 
 
 
 
 
 
 
 The Fermi level for thermal equillibrium in eV is :    
 
    0.2981848  
 
 
 The quase-Fermi level for electrons in non equillibrium in eV is :    
 
    0.2984425  
 
 
 The quasi-Fermi level for holes in non equillibrium in eV is :    
 
    0.1789109  
 
 
 The quasi-Fermi level for electrons is above E_Fi    
 
 
 While the quasi-Fermi level for holes is below E_Fi   
 
 
grepthis#Electronic_Devices_K._C._Nandi_2129/CH1/EX1.23.12/ex1_23_12.sce #
 
 
 
 
 
 
 
 
 
 
 
 equilibrium hole concentration in eV is   
 
    0.4069571  
 
 
grepthis#Electronic_Devices_K._C._Nandi_2129/CH1/EX1.23.13/ex1_23_13.sce #
 
 
 
 
 
 
 
 
 
 
 
 
 
 
 
 
 The current in mA is   
 
    1.12  
 
 
 
grepthis#Electronic_Devices_K._C._Nandi_2129/CH1/EX1.23.1/ex1_23_1.sce #
 
 
 
 
 
 
 
 
 
 
 
 
 
 
 
 The hall Voltage produced in volts is   
 
    3.333D-08  
 
 
 
grepthis#Electronic_Devices_K._C._Nandi_2129/CH1/EX1.23.2/ex1_23_2.sce #
 
 
 
 
 
 
 
 
 
 
 
 
 
 
 
 
 
 The hall coefficient in m^3/c is   
 
    7.400D-11  
 
 
 
 The mobility  of electrons in copper in m^2/volt-sec is    
 
    0.004292  
 
 
grepthis#Electronic_Devices_K._C._Nandi_2129/CH1/EX1.23.3/ex1_23_3.sce #
 
 
 
 
 
 
 
 
 
 
 
 The ratio of electrons to hole concentration is   
 
    1.000D+12  
 
 
grepthis#Electronic_Devices_K._C._Nandi_2129/CH1/EX1.23.4/ex1_23_4.sce #
 
 
 
 
 
 
 
 
 
 
 
 The hall angle for a hall coefficient in degree is   
 
    1.0704019  
 
 
grepthis#Electronic_Devices_K._C._Nandi_2129/CH1/EX1.23.5/ex1_23_5.sce #
 
 
 
 
 
 
 
 
 
 
 
 
 Density of charge carriers in per m^3 is   
 
    1.736D+22  
 
 
 
 Mobility of charge carriers in m^2/V-s is   
 
    0.04  
 
 
 
grepthis#Electronic_Devices_K._C._Nandi_2129/CH1/EX1.23.6/ex1_23_6.sce #
 
 
 
 
 
 
 
 
 
 
 
 
 The current density of specimen in A/m^2 is   
 
    2482.7586  
 
 
grepthis#Electronic_Devices_K._C._Nandi_2129/CH1/EX1.23.7/ex1_23_7.sce #
 
 
 
 
 
 
 
 
 
 
 
 
 Relaxation Time in sec is    
 
    4.004D-14  
 
 
 
 Resistivity of conductor in ohm-m is    
 
    1.531D-08  
 
 
 
 Velocity of electrons with fermi-energy in m/s is   
 
    1390707.  
 
 
 
grepthis#Electronic_Devices_K._C._Nandi_2129/CH1/EX1.23.8/ex1_23_8.sce #
 
 
 
 
 
 
 
 
 
 
 
 
 The temperature in K is :    
 
    756.94671  
 
 
 
grepthis#Electronic_Devices_K._C._Nandi_2129/CH1/EX1.23.9/ex1_23_9.sce #
 
 
 
 
 
 
 
 
 
 
 
 
 
 The thermal equilibrium hole concentration in silicon in cm^-3 is    
 
    6.440D+15  
 
 
 
grepthis#Electronic_Devices_K._C._Nandi_2129/CH2/EX2.21.10/ex2_21_10.sce #
 
 
 
 
 
 
 
 
 
 
 
 
 
 
 the ratio of donor atom to silicon atom is   
 
    0.000001  
 
 
 
 
 
grepthis#Electronic_Devices_K._C._Nandi_2129/CH2/EX2.21.11/ex2_21_11.sce #
 
 
 
 
 
 
 
 
 
 The equilibrium electron per cm^3 is   
 
    100000.  
 
 
 
 Hole densities in per cm^3 is   
 
    2.250D+15  
 
 
grepthis#Electronic_Devices_K._C._Nandi_2129/CH2/EX2.21.12/ex2_21_12.sce #
 
 
 
 
 
 
 
 
 
 Carrier concentration per cm^3 is   
 
    1.000D+16  
 
 
grepthis#Electronic_Devices_K._C._Nandi_2129/CH2/EX2.21.13/ex2_21_13.sce #
 
 
 
 
 
 
 
 
 
 The rate of generation of minority carrier in electron hole pairs/sec/cm^3 is    
 
    1.000D+20  
 
 
grepthis#Electronic_Devices_K._C._Nandi_2129/CH2/EX2.21.14/ex2_21_14.sce #
 
 
 
 
 
 
 
 
 
 The mobility of minority charge carrier in cm^2/V-sec is    
 
    5000.  
 
 
grepthis#Electronic_Devices_K._C._Nandi_2129/CH2/EX2.21.15/ex2_21_15.sce #
 
 
 
 
 
 
 
 
 
 
 
 
 
 
 
 
 
 
 
 
 
 
 Hole concentration at thermal equilibrium per cm^3 is   
 
    50000.  
 
 
 
 Diffusion length of electron in cm is   
 
    0.0054772  
 
 
 
 Diffusion length of holes in cm is   
 
    0.0034641  
 
 
 
 
 Concentration gradient of holes at distance in cm^4 is   
 
    1.000D+22  
 
 
 
 
 Concentration gradient of electrons in per cm^4 is   
 
    1.880D+22  
 
 
 
 Current density of holes due to diffusion in A/cm^2 is   
 
  - 19200.  
 
 
 
 Current density of electrons due to diffusion in A/cm^2 is   
 
    90240.  
 
 
grepthis#Electronic_Devices_K._C._Nandi_2129/CH2/EX2.21.16/ex2_21_16.sce #
 
 
 
 
 
 
 
 
 
 
 
 
 
 The energy band gap of the semiconductor material in eV is   
 
    2.2629781  
 
 
grepthis#Electronic_Devices_K._C._Nandi_2129/CH2/EX2.21.17/ex2_21_17.sce #
 
 
 
 
 
 
 
 
 
 
 
 
 
 
 The current density in silicon in A/cm^2 is   
 
  - 1120.  
 
 
grepthis#Electronic_Devices_K._C._Nandi_2129/CH2/EX2.21.18/ex2_21_18.sce #
 
 
 
 
 
 
 
 
 
 
 
 
 
 
 
 
 
 
 The resistance of the bar in MΩ is   
 
    1.  
 
 
grepthis#Electronic_Devices_K._C._Nandi_2129/CH2/EX2.21.19/ex2_21_19.sce #
 
 
 
 
 
 
 
 
 Depletion width in µm is   
 
    0.3333333  
 
 
grepthis#Electronic_Devices_K._C._Nandi_2129/CH2/EX2.21.1/ex2_21_1.sce #
 
 
 
 
 
 
 
 
 
 
 
 The holes concentration at equilibrium in holes/cm^3 is   
 
    2250.  
 
 
grepthis#Electronic_Devices_K._C._Nandi_2129/CH2/EX2.21.20/ex2_21_20.sce #
 
 
 
 
 
 
 
 
 
 The majority carrier density per m^3 is   
 
    4.500D+11  
 
 
grepthis#Electronic_Devices_K._C._Nandi_2129/CH2/EX2.21.21/ex2_21_21.sce #
 
 
 
 
 
 
 
 
 
 
 
 
 
 
 
 
 the collector current density in A/cm^2 is   
 
    0.8  
 
 
 
 
grepthis#Electronic_Devices_K._C._Nandi_2129/CH2/EX2.21.22/ex2_21_22.sce #
 
 
 
 
 
 
 
 
 
 
 
 
 
 The band gap of the material in eV is   
 
    1.4310345  
 
 
grepthis#Electronic_Devices_K._C._Nandi_2129/CH2/EX2.21.23/ex2_21_23.sce #
 
 
 
 
 
 
 
 
 
 
 
 
 
 
 
 
 The absorbed power in watt or J/s is   
 
    0.009  
 
 
 
 
 The amount of energy converted to heat per second in J/s is :    
 
    0.002565  
 
 
 
 the number of photon per sec given off from recombination events in photons/s is   
 
    3.934D+16  
 
 
grepthis#Electronic_Devices_K._C._Nandi_2129/CH2/EX2.21.24/ex2_21_24.sce #
 
 
 
 
 
 
 
 
 
 
 
 
 
 
 
 
 
 
 
 
 
 
 
 The hole current in A is :    
 
    1900.5478171  
 
 
 
 The value of Qp in C is :    
 
    0.0000001439  
 
 
 
 
 
grepthis#Electronic_Devices_K._C._Nandi_2129/CH2/EX2.21.25/ex2_21_25.sce #
 
 
 
 
 
 
 
 
 
 
 
 
 
 
 
 
 
 
 
 The hole current in A is   
 
    1900.5478171  
 
 
 
 The hole charge in C is   
 
    0.0000001439  
 
 
 
 
 
grepthis#Electronic_Devices_K._C._Nandi_2129/CH2/EX2.21.3/ex2_21_3.sce #
 
 
 
 
 
 
 
 
 
 
 
 
 The energy band for this type material is Ei + 0.4069571 eV   
 
 
grepthis#Electronic_Devices_K._C._Nandi_2129/CH2/EX2.21.4/ex2_21_4.sce #
 
 
 
 
 
 
 
 
 
 
 
 
 
 The diffusion coefficient of electrons in m^2/s is   
 
    0.0043987  
 
 
 
 The diffusion coefficient of  holes in m^2/s is    
 
    0.0006469  
 
 
grepthis#Electronic_Devices_K._C._Nandi_2129/CH2/EX2.21.5/ex2_21_5.sce #
 
 
 
 
 
 
 
 
 
 
 
 
 
 The diffusion coefficient in m^2/s is   
 
    0.0038812  
 
 
 
 The Diffusion length in m is   
 
    0.0000197  
 
 
 
 The diffusion current density in A/m^2 is   
 
    3152.1421  
 
 
 
 
 
grepthis#Electronic_Devices_K._C._Nandi_2129/CH2/EX2.21.6/ex2_21_6.sce #
 
 
 
 
 
 
 
 
 
 
 
 The concentration of electrons per m^3 is   
 
    4.808D+20  
 
 
 
 
 The concentration of holes per m^3 is   
 
    4.680D+11  
 
 
grepthis#Electronic_Devices_K._C._Nandi_2129/CH2/EX2.21.7/ex2_21_7.sce #
 
 
 
 
 
 
 
 
 
 
 
 
 
 Electron transit time in seconds is   
 
    3.846D-08  
 
 
 
 Photo conductor gain is   
 
    36.  
 
 
 
 
grepthis#Electronic_Devices_K._C._Nandi_2129/CH2/EX2.21.8/ex2_21_8.sce #
 
 
 
 
 
 
 
 
 
 
 
 
 
 The resistivity of intrinsic germanium in ohm-cm is   
 
    45.  
 
 
 
 
 
 If a donor type impurity is added to the extent of 1 atom per 10^8 Ge atoms, then the resistivity drops in ohm-cm is   
 
    3.7380383  
 
 
grepthis#Electronic_Devices_K._C._Nandi_2129/CH2/EX2.21.9/ex2_21_9.sce #
 
 
 
 
 
 
 
 
 
 Electron concentration per m^3 is   
 
    1.000D+22  
 
 
 
 Hole concentration per m^3 is   
 
    1.000D+10  
 
 
grepthis#Electronic_Devices_K._C._Nandi_2129/CH3/EX3.10.10/ex3_10_10.sce #
 
 
 
 
 
 
 
 
 
 
 
 
 
 The forward biasing voltage across the junction in V is   
 
    0.6463192  
 
 
grepthis#Electronic_Devices_K._C._Nandi_2129/CH3/EX3.10.11/ex3_10_11.sce #
 
 
 
 
 
 
 
 
 
 
 The Diode current in nA is     
 
  - 10.  
 
 
grepthis#Electronic_Devices_K._C._Nandi_2129/CH3/EX3.10.12/ex3_10_12.sce #
 
 
 
 
 
 
 
 
 
 
 
 
 
 
 
 
 
 The diode dynamic resistance in Ω is   
 
    27.783765  
 
 
 
grepthis#Electronic_Devices_K._C._Nandi_2129/CH3/EX3.10.14/ex3_10_14.sce #
 
 
 
 
 
 
 
 
 
 
 
 
 
 The ac resistance of the diode in ohm is   
 
    1.4450525  
 
 
grepthis#Electronic_Devices_K._C._Nandi_2129/CH3/EX3.10.15/ex3_10_15.sce #
 
 
 
 
 
 
 
 
 
 
 
 
 
 
 
 The junction potential in V is   
 
    0.3287324  
 
 
grepthis#Electronic_Devices_K._C._Nandi_2129/CH3/EX3.10.16/ex3_10_16.sce #
 
 
 
 
 
 
 
 
 
 
 
 
 
 
 
 
 The forward dynamic resistance in ohm is   
 
    3.3913067  
 
 
 
 The Reverse dynamic resistance in kΩ is   
 
    386.63749  
 
 
 
grepthis#Electronic_Devices_K._C._Nandi_2129/CH3/EX3.10.17/ex3_10_17.sce #
 
 
 
 
 
 
 
 
 
 
 
 
 
 
 
 
 
 
 The width of depletion layer in µm is   
 
    7.7783246  
 
 
 
 the space charge capacitance in pF is   
 
    18.212662  
 
 
grepthis#Electronic_Devices_K._C._Nandi_2129/CH3/EX3.10.18/ex3_10_18.sce #
 
 
 
 
 
 
 
 
 
 
 
 
 
 
 The barrier capacitance in pF is   
 
    70.832  
 
 
 
grepthis#Electronic_Devices_K._C._Nandi_2129/CH3/EX3.10.19/ex3_10_19.sce #
 
 
 
 
 
 
 
 
 
 
 
 
 
 
 
 
 
 
 
 
 
 
 
 
 
 The diameter in mm is   
 
    1.3975259  
 
 
 
grepthis#Electronic_Devices_K._C._Nandi_2129/CH3/EX3.10.1/ex3_10_1.sce #
 
 
 
 
 
 
 
 
 
 
 
 
 
 
 
 
 The contact potential in V is   
 
    0.3287324  
 
 
 
 
 
 
 
 
 
 
 
 
 The contact potential  in V is   
 
    0.7211459  
 
 
grepthis#Electronic_Devices_K._C._Nandi_2129/CH3/EX3.10.20/ex3_10_20.sce #
 
 
 
 
 
 
 
 
 
 
 
 
 
 
 
 
 
 
 
 The Temperature of junction in °C is   
 
    14.275784  
 
 
grepthis#Electronic_Devices_K._C._Nandi_2129/CH3/EX3.10.21/ex3_10_21.sce #
 
 
 
 
 
 
 
 
 
 
 
 
 
 The reverse bias voltage in volts is   
 
  - 0.0598672  
 
 
grepthis#Electronic_Devices_K._C._Nandi_2129/CH3/EX3.10.22/ex3_10_22.sce #
 
 
 
 
 
 
 
 
 
 
 
 
 
 
 Reverse saturation current in µA is   
 
    3.3349589  
 
 
 
 
 Dynamic resistance of the diode in Ω is   
 
    3.5575915  
 
 
grepthis#Electronic_Devices_K._C._Nandi_2129/CH3/EX3.10.2/ex3_10_2.sce #
 
 
 
 
 
 
 
 
 
 
 
 
 
 
 
 
 
 For Ge the height of the energy barrier in V is   
 
    0.2191017  
 
 
 
 
 
 
 
 
 
 For Si p-n junction  the height of the energy barrier in V is   
 
    0.6660607  
 
 
grepthis#Electronic_Devices_K._C._Nandi_2129/CH3/EX3.10.3/ex3_10_3.sce #
 
 
 
 
 
 
 
 
 
 
 
 The voltage in volts is :    
 
  - 0.0598672  
 
 
 
 
 ratio  =
 
  - 6.8419784  
 
 
 The ratio of the current for a forward bias to reverse bias is :    
 
  - 6.8419784  
 
 
 
 
 
 
 
 
 For v=0.1 V , the value of I in mA is :    
 
    0.4581267  
 
 
 
 
 
 For v=0.2 V , the value of I in mA is :    
 
    21.904259  
 
 
 
 
 
 For v=0.3 V , the value of I in A is :    
 
    1.0258549  
 
 
 From three value of I, for small rise in forward voltage, the diode current increase rapidly   
 
 
grepthis#Electronic_Devices_K._C._Nandi_2129/CH3/EX3.10.4/ex3_10_4.sce #
 
 
 
 
 
 
 
 
 
 
 
 Anticipated factor for Ge is :    
 
    45.  
 
 
 
 
 
 
 Anticipated factor for Si is :    
 
    5793.  
 
 
grepthis#Electronic_Devices_K._C._Nandi_2129/CH3/EX3.10.5/ex3_10_5.sce #
 
 
 
 
 
 
 
 
 
 
 
 
 
 
 
 
 The leakage resistance in MΩ is :    
 
    5.5  
 
 
grepthis#Electronic_Devices_K._C._Nandi_2129/CH3/EX3.10.6/ex3_10_6.sce #
 
 
 
 
 
 
 
 
 
 
 
 
 
 
 The dynamic resistance in the forward direction in ohm is    
 
    3.3612492  
 
 
 
 The dynamic resistance in the reverse direction in kohm is   
 
    389.07869  
 
 
grepthis#Electronic_Devices_K._C._Nandi_2129/CH3/EX3.10.7/ex3_10_7.sce #
 
 
 
 
 
 
 
 
 
 
 The barrier capacitance in pF is   
 
    70.73553  
 
 
grepthis#Electronic_Devices_K._C._Nandi_2129/CH3/EX3.10.8/ex3_10_8.sce #
 
 
 
 
 
 
 
 
 
 
 
 
 
 
 
 
 
 
 
 The width of the depletion layer  for an applied reverse voltage of 10V in µm is    
 
    7.7593299  
 
 
 
 
 
 
 The width of the depletion layer  for an applied reverse voltage of 0.1V in µm is    
 
    1.3307141  
 
 
 
 
 
 The width of the depletion layer  for an applied for a forward bias of 0.1V in µm is    
 
    0.7682881  
 
 
 
 The space charge capacitance for an applied reverse voltage of 10V  in pF is   
 
    18.257247  
 
 
 The space charge capacitance for an applied reverse voltage of 0.1V  in pF is   
 
    106.45713  
 
 
 
 
grepthis#Electronic_Devices_K._C._Nandi_2129/CH3/EX3.10.9/ex3_10_9.sce #
 
 
 
 
 
 
 
 
 
 
 
 
 The current in the junction in mA is   
 
    0.1846557  
 
 
grepthis#Electronic_Devices_K._C._Nandi_2129/CH4/EX4.12.1/ex4_12_1.sce #
 
 
 
 
 
 
 
 
 
 
 
 
 
 
 
 The Pinch off voltage in V is   
 
    6.7858401  
 
 
 
 
 The value of b in µm is :    
 
    0.879  
 
 
 Hence the channel width has been reduced to about one third of its value for V_GS = 0   
 
 
 
grepthis#Electronic_Devices_K._C._Nandi_2129/CH4/EX4.12.2/ex4_12_2.sce #
 
 
 
 
 
 
 
 
 
 
 The value of V_GS in V is   
 
  - 1.5505103  
 
 
 
 The value of V_DS in V is   
 
    2.4494897  
 
 
grepthis#Electronic_Devices_K._C._Nandi_2129/CH4/EX4.12.3/ex4_12_3.sce #
 
 
 
 
 
 
 
 
 
 
 
 The drain current in mA is    
 
    2.25  
 
 
grepthis#Electronic_Devices_K._C._Nandi_2129/CH4/EX4.12.4/ex4_12_4.sce #
 
 
 
 
 
 
 
 
 
 
 
 
 The value of transconductance in mS is   
 
    3.3333333  
 
 
grepthis#Electronic_Devices_K._C._Nandi_2129/CH4/EX4.12.5/ex4_12_5.sce #
 
 
 
 
 
 
 
 
 
 
 
 
 The Transconductance in mS is   
 
    2.  
 
 
 
 The drain current in mA is   
 
    2.5  
 
 
grepthis#Electronic_Devices_K._C._Nandi_2129/CH5/EX5.8.1/ex5_8_1.sce #
 
 
 
 
 
 
 
 
 
 
 
 The value of I_C in mA is   
 
    4.8666667  
 
 
 
 
 
 The value of V_CB in V is   
 
    12.16  
 
 
grepthis#Electronic_Devices_K._C._Nandi_2129/CH5/EX5.8.2/ex5_8_2.sce #
 
 
 
 
 
 
 
 
 
 
 The value of base current in mA is   
 
    0.1  
 
 
grepthis#Electronic_Devices_K._C._Nandi_2129/CH5/EX5.10.1a/ex5_10_1a.sce #
 
 
 
 
 
 
 
 
 
 
 The base current in µA is   
 
    166.66667  
 
 
 
 
 The Emitter current in mA is   
 
    15.166667  
 
 
 
 The value of alpha_dc is   
 
    0.9890110  
 
 
grepthis#Electronic_Devices_K._C._Nandi_2129/CH5/EX5.10.1/ex5_10_1.sce #
 
 
 
 
 
 
 
 
 
 
 
 
 The Emitter current in mA is   
 
    1.02  
 
 
grepthis#Electronic_Devices_K._C._Nandi_2129/CH5/EX5.10.3/ex5_10_3.sce #
 
 
 
 
 
 
 
 
 
 
 
 
 The change in I_B in µA is   
 
    90.  
 
 
 
grepthis#Electronic_Devices_K._C._Nandi_2129/CH5/EX5.10.4/ex5_10_4.sce #
 
 
 
 
 
 
 
 
 
 
 
 
 
 
 
 
 
 
 The base current in µA is   
 
    21.5  
 
 
 
 The collector current in mA is   
 
    2.15002  
 
 
 
 Emitter current in mA is   
 
    2.17152  
 
 
 
 Collector emitter voltage in V is   
 
    3.54994  
 
 
 
grepthis#Electronic_Devices_K._C._Nandi_2129/CH5/EX5.10.5/ex5_10_5.sce #
 
 
 
 
 
 
 
 
 
 
 
 The collector current in mA is   
 
    4.404  
 
 
grepthis#Electronic_Devices_K._C._Nandi_2129/CH5/EX5.10.7/ex5_10_7.sce #
 
 
 
 
 
 
 
 
 
 Value of beta_dc is   
 
    18.090909  
 
 
 
 The value of alpha_dc is   
 
    0.9476190  
 
 
grepthis#Electronic_Devices_K._C._Nandi_2129/CH5/EX5.13.10/ex5_13_10.sce #
 
 
 
 
 
 
 
 
 
 
 
 
 
 
 
 
 
 
 
 The minimum value of R_C in kΩ is :     
 
    2.3434783  
 
 
 
 
 
 
 
 
 The maximum value of R_B in kΩ is :    
 
    112.65306  
 
 
 
grepthis#Electronic_Devices_K._C._Nandi_2129/CH5/EX5.13.11/ex5_13_11.sce #
 
 
 
 
 
 
 
 
 
 
 
 
 
 
 
 
 
 
 
 
 
 
 
 
 
 The value of I_B in µA is :    
 
    58.638778  
 
 
 The minimum value of I_B in µA is :    
 
    32.774834  
 
 
 Since the value of I_B is greater than the value of I_Bmin,    
 
 Hence the transistor is in saturation .   
 
 
 
 
 The value of R_E in kΩ is :    
 
    1.8193494  
 
 
 So R_E should be greater than this value in order to bring the transistor just out of saturation    
 
 
 
grepthis#Electronic_Devices_K._C._Nandi_2129/CH5/EX5.13.12/ex5_13_12.sce #
 
 
 
 
 
 
 
 
 
 
 
 
 
 
 
 
 
 
 I_B  =
 
    0.1039474  
 
 
 
 Since the value of I_B (0.1039474 mA) is greater than the value of I_Bmin (0.0414098 mA)   
 
 So the transistor is in saturation    
 
 
 
 The value of collector voltage in volts is :    
 
    3.2026316  
 
 
 
 The minimum value of bita that will change the state of the trasistor is :    
 
    27.886076  
 
 
grepthis#Electronic_Devices_K._C._Nandi_2129/CH5/EX5.13.1/ex5_13_1.sce #
 
 
 
 
 
 
 
 
 
 
 
 
 The value of alpha_dc is :    
 
    0.995  
 
 
 The value of I_E in mA is :    
 
    15.075377  
 
 
grepthis#Electronic_Devices_K._C._Nandi_2129/CH5/EX5.13.2/ex5_13_2.sce #
 
 
 
 
 
 
 
 
 
 
 
 
 The value of I_C in mA is   
 
    9.91  
 
 
 
 
 The value of I_B in µA is   
 
    90.  
 
 
grepthis#Electronic_Devices_K._C._Nandi_2129/CH5/EX5.13.3/ex5_13_3.sce #
 
 
 
 
 
 
 
 
 
 
 
 
 
 The value of I_B in µA is   
 
    45.454545  
 
 
grepthis#Electronic_Devices_K._C._Nandi_2129/CH5/EX5.13.5/ex5_13_5.sce #
 
 
 
 
 
 
 
 
 
 
 
 
 
 
 The value of I_E in mA is   
 
    6.6  
 
 
grepthis#Electronic_Devices_K._C._Nandi_2129/CH5/EX5.13.6/ex5_13_6.sce #
 
 
 
 
 
 
 
 
 
 
 
 
 
 
 
 
 
 
 
 
 
 
 
 
 
 Since the value of I_B (5.46875µA) is less than the value of I_Bmin (19.578125µA)   
 
 So the transistor is not in the saturation region. But it is conducting hence it can not be in cutoff.   
 
 Therefore the transistor is in the active region   
 
 
grepthis#Electronic_Devices_K._C._Nandi_2129/CH5/EX5.13.7/ex5_13_7.sce #
 
 
 
 
 
 
 
 
 
 
 
 
 
 
 
 
 
 
 
 
 
 
 The value of I_B in µA is :    
 
    17.063492  
 
 
 The value of I_C in mA is :    
 
    1.7063492  
 
 
 The value of V_CE in volts is :    
 
    1.434127  
 
 
grepthis#Electronic_Devices_K._C._Nandi_2129/CH5/EX5.13.8/ex5_13_8.sce #
 
 
 
 
 
 
 
 
 
 
 
 
 
 
 
 Since the value of I_B (61.333333µA) is greater than the value of I_Bmin (49µA)   
 
 So the transistor is in the saturation region.   
 
 
grepthis#Electronic_Devices_K._C._Nandi_2129/CH5/EX5.13.9/ex5_13_9.sce #
 
 
 
 
 
 
 
 
 
 
 
 
 
 
 
 
 
 
 
 
 The value of I_B(min) in mA is :    
 
    0.1973510  
 
 
 The value of V_BB in volts is :    
 
    14.415894  
 
 
grepthis#Electronic_Devices_K._C._Nandi_2129/CH5/EX5.21.1/ex5_21_1.sce #
 
 
 
 
 
 
 
 
 
 
 The resistance value in Ω is   
 
    700.  
 
 
 As this is not standard value, use R=680 Ω which is a standard value   
 
 
