ERROR: Electronic_Instrumentation_H._S._Kalsi_3554/CH1/EX1.1/Ex1_1.sce
 
 
 
 all;
   !--error 4 
Undefined variable: all
at line       4 of exec file called by :    
._S._Kalsi_3554/CH1/EX1.1/Ex1_1.sce',-1
 
ERROR: Electronic_Instrumentation_H._S._Kalsi_3554/CH1/EX1.2/Ex1_2.sce
 
 
 
 all;
   !--error 4 
Undefined variable: all
at line       4 of exec file called by :    
._S._Kalsi_3554/CH1/EX1.2/Ex1_2.sce',-1
 
ERROR: Electronic_Instrumentation_H._S._Kalsi_3554/CH1/EX1.3/Ex1_3.sce
 
 
 
 all;
   !--error 4 
Undefined variable: all
at line       4 of exec file called by :    
._S._Kalsi_3554/CH1/EX1.3/Ex1_3.sce',-1
 
ERROR: Electronic_Instrumentation_H._S._Kalsi_3554/CH1/EX1.4/Ex1_4.sce
 
 
 
 all;
   !--error 4 
Undefined variable: all
at line       4 of exec file called by :    
._S._Kalsi_3554/CH1/EX1.4/Ex1_4.sce',-1
 
ERROR: Electronic_Instrumentation_H._S._Kalsi_3554/CH1/EX1.5/Ex1_5.sce
 
 
 
 
 all;
   !--error 4 
Undefined variable: all
at line       5 of exec file called by :    
._S._Kalsi_3554/CH1/EX1.5/Ex1_5.sce',-1
 
ERROR: Electronic_Instrumentation_H._S._Kalsi_3554/CH1/EX1.6/Ex1_6.sce
 
 
 
 
 all;
   !--error 4 
Undefined variable: all
at line       5 of exec file called by :    
._S._Kalsi_3554/CH1/EX1.6/Ex1_6.sce',-1
 
ERROR: Electronic_Instrumentation_H._S._Kalsi_3554/CH1/EX1.7/Ex1_7.sce
 
 
 
 all;
   !--error 4 
Undefined variable: all
at line       4 of exec file called by :    
._S._Kalsi_3554/CH1/EX1.7/Ex1_7.sce',-1
 
ERROR: Electronic_Instrumentation_H._S._Kalsi_3554/CH1/EX1.8/Ex1_8.sce
 
 
 
 all;
   !--error 4 
Undefined variable: all
at line       4 of exec file called by :    
._S._Kalsi_3554/CH1/EX1.8/Ex1_8.sce',-1
 
ERROR: Electronic_Instrumentation_H._S._Kalsi_3554/CH2/EX2.1/Ex2_1.sce
 
 
 
 all;
   !--error 4 
Undefined variable: all
at line       4 of exec file called by :    
._S._Kalsi_3554/CH2/EX2.1/Ex2_1.sce',-1
 
ERROR: Electronic_Instrumentation_H._S._Kalsi_3554/CH3/EX3.1/Ex3_1.sce
 
 
 
 all;
   !--error 4 
Undefined variable: all
at line       4 of exec file called by :    
._S._Kalsi_3554/CH3/EX3.1/Ex3_1.sce',-1
 
ERROR: Electronic_Instrumentation_H._S._Kalsi_3554/CH3/EX3.2/Ex3_2.sce
 
 
 
 all;
   !--error 4 
Undefined variable: all
at line       4 of exec file called by :    
._S._Kalsi_3554/CH3/EX3.2/Ex3_2.sce',-1
 
ERROR: Electronic_Instrumentation_H._S._Kalsi_3554/CH4/EX4.1/Ex4_1.sce
 
 
 
 all;
   !--error 4 
Undefined variable: all
at line       4 of exec file called by :    
._S._Kalsi_3554/CH4/EX4.1/Ex4_1.sce',-1
 
ERROR: Electronic_Instrumentation_H._S._Kalsi_3554/CH4/EX4.2/Ex4_2.sce
 
 
 
 all;
   !--error 4 
Undefined variable: all
at line       4 of exec file called by :    
._S._Kalsi_3554/CH4/EX4.2/Ex4_2.sce',-1
 
ERROR: Electronic_Instrumentation_H._S._Kalsi_3554/CH4/EX4.3/Ex4_3.sce
 
 
 
 all;
   !--error 4 
Undefined variable: all
at line       4 of exec file called by :    
._S._Kalsi_3554/CH4/EX4.3/Ex4_3.sce',-1
 
ERROR: Electronic_Instrumentation_H._S._Kalsi_3554/CH4/EX4.4/Ex4_4.sce
 
 
 
 all;
   !--error 4 
Undefined variable: all
at line       4 of exec file called by :    
._S._Kalsi_3554/CH4/EX4.4/Ex4_4.sce',-1
 
ERROR: Electronic_Instrumentation_H._S._Kalsi_3554/CH4/EX4.5/Ex4_5.sce
 
 
 
 all;
   !--error 4 
Undefined variable: all
at line       4 of exec file called by :    
._S._Kalsi_3554/CH4/EX4.5/Ex4_5.sce',-1
 
ERROR: Electronic_Instrumentation_H._S._Kalsi_3554/CH4/EX4.6/Ex4_6.sce
 
 
 
 all;
   !--error 4 
Undefined variable: all
at line       4 of exec file called by :    
._S._Kalsi_3554/CH4/EX4.6/Ex4_6.sce',-1
 
ERROR: Electronic_Instrumentation_H._S._Kalsi_3554/CH4/EX4.7/Ex4_7.sce
 
 
 
 all;
   !--error 4 
Undefined variable: all
at line       4 of exec file called by :    
._S._Kalsi_3554/CH4/EX4.7/Ex4_7.sce',-1
 
ERROR: Electronic_Instrumentation_H._S._Kalsi_3554/CH4/EX4.8/Ex4_8.sce
 
 
 
 all;
   !--error 4 
Undefined variable: all
at line       4 of exec file called by :    
._S._Kalsi_3554/CH4/EX4.8/Ex4_8.sce',-1
 
ERROR: Electronic_Instrumentation_H._S._Kalsi_3554/CH4/EX4.9/Ex4_9.sce
 
 
 
 all;
   !--error 4 
Undefined variable: all
at line       4 of exec file called by :    
._S._Kalsi_3554/CH4/EX4.9/Ex4_9.sce',-1
 
ERROR: Electronic_Instrumentation_H._S._Kalsi_3554/CH4/EX4.10/Ex4_10.sce
 
 
 
 all;
   !--error 4 
Undefined variable: all
at line       4 of exec file called by :    
S._Kalsi_3554/CH4/EX4.10/Ex4_10.sce',-1
 
ERROR: Electronic_Instrumentation_H._S._Kalsi_3554/CH4/EX4.11/Ex4_11.sce
 
 
 
 all;
   !--error 4 
Undefined variable: all
at line       4 of exec file called by :    
S._Kalsi_3554/CH4/EX4.11/Ex4_11.sce',-1
 
ERROR: Electronic_Instrumentation_H._S._Kalsi_3554/CH5/EX5.1/Ex5_1.sce
 
 
 
 all;
   !--error 4 
Undefined variable: all
at line       4 of exec file called by :    
._S._Kalsi_3554/CH5/EX5.1/Ex5_1.sce',-1
 
ERROR: Electronic_Instrumentation_H._S._Kalsi_3554/CH5/EX5.2/Ex5_2.sce
 
 
 
 all;
   !--error 4 
Undefined variable: all
at line       4 of exec file called by :    
._S._Kalsi_3554/CH5/EX5.2/Ex5_2.sce',-1
 
ERROR: Electronic_Instrumentation_H._S._Kalsi_3554/CH5/EX5.3/Ex5_3.sce
 
 
 
 all;
   !--error 4 
Undefined variable: all
at line       4 of exec file called by :    
._S._Kalsi_3554/CH5/EX5.3/Ex5_3.sce',-1
 
ERROR: Electronic_Instrumentation_H._S._Kalsi_3554/CH5/EX5.4/Ex5_4.sce
 
 
 
 all;
   !--error 4 
Undefined variable: all
at line       4 of exec file called by :    
._S._Kalsi_3554/CH5/EX5.4/Ex5_4.sce',-1
 
ERROR: Electronic_Instrumentation_H._S._Kalsi_3554/CH7/EX7.1/Ex7_1.sce
 
 
 
 all;
   !--error 4 
Undefined variable: all
at line       4 of exec file called by :    
._S._Kalsi_3554/CH7/EX7.1/Ex7_1.sce',-1
 
ERROR: Electronic_Instrumentation_H._S._Kalsi_3554/CH7/EX7.2/Ex7_2.sce
 
 
 
 all;
   !--error 4 
Undefined variable: all
at line       4 of exec file called by :    
._S._Kalsi_3554/CH7/EX7.2/Ex7_2.sce',-1
 
ERROR: Electronic_Instrumentation_H._S._Kalsi_3554/CH10/EX10.1/Ex10_1.sce
 
 
 
 all;
   !--error 4 
Undefined variable: all
at line       4 of exec file called by :    
._Kalsi_3554/CH10/EX10.1/Ex10_1.sce',-1
 
ERROR: Electronic_Instrumentation_H._S._Kalsi_3554/CH10/EX10.2/Ex10_2.sce
 
 
 
 all;
   !--error 4 
Undefined variable: all
at line       4 of exec file called by :    
._Kalsi_3554/CH10/EX10.2/Ex10_2.sce',-1
 
ERROR: Electronic_Instrumentation_H._S._Kalsi_3554/CH11/EX11.1/Ex11_1.sce
 
 
 
 all;
   !--error 4 
Undefined variable: all
at line       4 of exec file called by :    
._Kalsi_3554/CH11/EX11.1/Ex11_1.sce',-1
 
ERROR: Electronic_Instrumentation_H._S._Kalsi_3554/CH11/EX11.2/Ex11_2.sce
 
 
 
 all;
   !--error 4 
Undefined variable: all
at line       4 of exec file called by :    
._Kalsi_3554/CH11/EX11.2/Ex11_2.sce',-1
 
ERROR: Electronic_Instrumentation_H._S._Kalsi_3554/CH11/EX11.3/Ex11_3.sce
 
 
 
 all;
   !--error 4 
Undefined variable: all
at line       4 of exec file called by :    
._Kalsi_3554/CH11/EX11.3/Ex11_3.sce',-1
 
ERROR: Electronic_Instrumentation_H._S._Kalsi_3554/CH11/EX11.4/Ex11_4.sce
 
 
 
 all;
   !--error 4 
Undefined variable: all
at line       4 of exec file called by :    
._Kalsi_3554/CH11/EX11.4/Ex11_4.sce',-1
 
ERROR: Electronic_Instrumentation_H._S._Kalsi_3554/CH11/EX11.5/Ex11_5.sce
 
 
 
 all;
   !--error 4 
Undefined variable: all
at line       4 of exec file called by :    
._Kalsi_3554/CH11/EX11.5/Ex11_5.sce',-1
 
ERROR: Electronic_Instrumentation_H._S._Kalsi_3554/CH11/EX11.6/Ex11_6.sce
 
 
 
 all;
   !--error 4 
Undefined variable: all
at line       4 of exec file called by :    
._Kalsi_3554/CH11/EX11.6/Ex11_6.sce',-1
 
ERROR: Electronic_Instrumentation_H._S._Kalsi_3554/CH11/EX11.7/Ex11_7.sce
 
 
 
 all;
   !--error 4 
Undefined variable: all
at line       4 of exec file called by :    
._Kalsi_3554/CH11/EX11.7/Ex11_7.sce',-1
 
ERROR: Electronic_Instrumentation_H._S._Kalsi_3554/CH11/EX11.8/Ex11_8.sce
 
 
 
 all;
   !--error 4 
Undefined variable: all
at line       4 of exec file called by :    
._Kalsi_3554/CH11/EX11.8/Ex11_8.sce',-1
 
ERROR: Electronic_Instrumentation_H._S._Kalsi_3554/CH11/EX11.9/Ex11_9.sce
 
 
 
 all;
   !--error 4 
Undefined variable: all
at line       4 of exec file called by :    
._Kalsi_3554/CH11/EX11.9/Ex11_9.sce',-1
 
ERROR: Electronic_Instrumentation_H._S._Kalsi_3554/CH11/EX11.10/Ex11_10.sce
 
 
 
 all;
   !--error 4 
Undefined variable: all
at line       4 of exec file called by :    
Kalsi_3554/CH11/EX11.10/Ex11_10.sce',-1
 
ERROR: Electronic_Instrumentation_H._S._Kalsi_3554/CH12/EX12.1/Ex12_1.sce
 
 
 
 all;
   !--error 4 
Undefined variable: all
at line       4 of exec file called by :    
._Kalsi_3554/CH12/EX12.1/Ex12_1.sce',-1
 
ERROR: Electronic_Instrumentation_H._S._Kalsi_3554/CH12/EX12.2/Ex12_2.sce
 
 
 
 all;
   !--error 4 
Undefined variable: all
at line       4 of exec file called by :    
._Kalsi_3554/CH12/EX12.2/Ex12_2.sce',-1
 
ERROR: Electronic_Instrumentation_H._S._Kalsi_3554/CH13/EX13.1/Ex13_1.sce
 
 
 
 all;
   !--error 4 
Undefined variable: all
at line       4 of exec file called by :    
._Kalsi_3554/CH13/EX13.1/Ex13_1.sce',-1
 
ERROR: Electronic_Instrumentation_H._S._Kalsi_3554/CH13/EX13.2/Ex13_2.sce
 
 
 
 all;
   !--error 4 
Undefined variable: all
at line       4 of exec file called by :    
._Kalsi_3554/CH13/EX13.2/Ex13_2.sce',-1
 
ERROR: Electronic_Instrumentation_H._S._Kalsi_3554/CH13/EX13.3/Ex13_3.sce
 
 
 
 all;
   !--error 4 
Undefined variable: all
at line       4 of exec file called by :    
._Kalsi_3554/CH13/EX13.3/Ex13_3.sce',-1
 
ERROR: Electronic_Instrumentation_H._S._Kalsi_3554/CH13/EX13.4/Ex13_4.sce
 
 
 
 all;
   !--error 4 
Undefined variable: all
at line       4 of exec file called by :    
._Kalsi_3554/CH13/EX13.4/Ex13_4.sce',-1
 
ERROR: Electronic_Instrumentation_H._S._Kalsi_3554/CH13/EX13.5/Ex13_5.sce
 
 
 
 all;
   !--error 4 
Undefined variable: all
at line       4 of exec file called by :    
._Kalsi_3554/CH13/EX13.5/Ex13_5.sce',-1
 
ERROR: Electronic_Instrumentation_H._S._Kalsi_3554/CH13/EX13.6/Ex13_6.sce
 
 
 
 all;
   !--error 4 
Undefined variable: all
at line       4 of exec file called by :    
._Kalsi_3554/CH13/EX13.6/Ex13_6.sce',-1
 
ERROR: Electronic_Instrumentation_H._S._Kalsi_3554/CH13/EX13.7/Ex13_7.sce
 
 
 
 all;
   !--error 4 
Undefined variable: all
at line       4 of exec file called by :    
._Kalsi_3554/CH13/EX13.7/Ex13_7.sce',-1
 
ERROR: Electronic_Instrumentation_H._S._Kalsi_3554/CH14/EX14.2/Ex14_2.sce
 
 
 
 all;
   !--error 4 
Undefined variable: all
at line       4 of exec file called by :    
._Kalsi_3554/CH14/EX14.2/Ex14_2.sce',-1
 
ERROR: Electronic_Instrumentation_H._S._Kalsi_3554/CH14/EX14.3/Ex14_3.sce
 
 
 
 all;
   !--error 4 
Undefined variable: all
at line       4 of exec file called by :    
._Kalsi_3554/CH14/EX14.3/Ex14_3.sce',-1
 
ERROR: Electronic_Instrumentation_H._S._Kalsi_3554/CH14/EX14.4/Ex14_4.sce
 
 
 
 
 all;
   !--error 4 
Undefined variable: all
at line       5 of exec file called by :    
._Kalsi_3554/CH14/EX14.4/Ex14_4.sce',-1
 
ERROR: Electronic_Instrumentation_H._S._Kalsi_3554/CH15/EX15.1/Ex15_1.sce
 
 
 
 all;
   !--error 4 
Undefined variable: all
at line       4 of exec file called by :    
._Kalsi_3554/CH15/EX15.1/Ex15_1.sce',-1
 
ERROR: Electronic_Instrumentation_H._S._Kalsi_3554/CH15/EX15.2/Ex15_2.sce
 
 
 
 all;
   !--error 4 
Undefined variable: all
at line       4 of exec file called by :    
._Kalsi_3554/CH15/EX15.2/Ex15_2.sce',-1
 
ERROR: Electronic_Instrumentation_H._S._Kalsi_3554/CH15/EX15.3/Ex15_3.sce
 
 
 
 all;
   !--error 4 
Undefined variable: all
at line       4 of exec file called by :    
._Kalsi_3554/CH15/EX15.3/Ex15_3.sce',-1
 
ERROR: Electronic_Instrumentation_H._S._Kalsi_3554/CH15/EX15.4/Ex15_4.sce
 
 
 
 all;
   !--error 4 
Undefined variable: all
at line       4 of exec file called by :    
._Kalsi_3554/CH15/EX15.4/Ex15_4.sce',-1
 
ERROR: Electronic_Instrumentation_H._S._Kalsi_3554/CH15/EX15.5/Ex15_5.sce
 
 
 
 all;
   !--error 4 
Undefined variable: all
at line       4 of exec file called by :    
._Kalsi_3554/CH15/EX15.5/Ex15_5.sce',-1
 
ERROR: Electronic_Instrumentation_H._S._Kalsi_3554/CH15/EX15.6/Ex15_6.sce
 
 
 
 all;
   !--error 4 
Undefined variable: all
at line       4 of exec file called by :    
._Kalsi_3554/CH15/EX15.6/Ex15_6.sce',-1
 
ERROR: Electronic_Instrumentation_H._S._Kalsi_3554/CH15/EX15.7/Ex15_7.sce
 
 
 
 all;
   !--error 4 
Undefined variable: all
at line       4 of exec file called by :    
._Kalsi_3554/CH15/EX15.7/Ex15_7.sce',-1
 
ERROR: Electronic_Instrumentation_H._S._Kalsi_3554/CH15/EX15.8/Ex15_8.sce
 
 
 
 all;
   !--error 4 
Undefined variable: all
at line       4 of exec file called by :    
._Kalsi_3554/CH15/EX15.8/Ex15_8.sce',-1
 
ERROR: Electronic_Instrumentation_H._S._Kalsi_3554/CH15/EX15.9/Ex15_9.sce
 
 
 
 all;
   !--error 4 
Undefined variable: all
at line       4 of exec file called by :    
._Kalsi_3554/CH15/EX15.9/Ex15_9.sce',-1
 
ERROR: Electronic_Instrumentation_H._S._Kalsi_3554/CH15/EX15.10/Ex15_10.sce
 
 
 
 all;
   !--error 4 
Undefined variable: all
at line       4 of exec file called by :    
Kalsi_3554/CH15/EX15.10/Ex15_10.sce',-1
 
ERROR: Electronic_Instrumentation_H._S._Kalsi_3554/CH15/EX15.11/Ex15_11.sce
 
 
 
 all;
   !--error 4 
Undefined variable: all
at line       4 of exec file called by :    
Kalsi_3554/CH15/EX15.11/Ex15_11.sce',-1
 
ERROR: Electronic_Instrumentation_H._S._Kalsi_3554/CH16/EX16.1/Ex16_1.sce
 
 
 
 all;
   !--error 4 
Undefined variable: all
at line       4 of exec file called by :    
._Kalsi_3554/CH16/EX16.1/Ex16_1.sce',-1
 
ERROR: Electronic_Instrumentation_H._S._Kalsi_3554/CH17/EX17.1/Ex17_1.sce
 
 
 
 all;
   !--error 4 
Undefined variable: all
at line       4 of exec file called by :    
._Kalsi_3554/CH17/EX17.1/Ex17_1.sce',-1
 
ERROR: Electronic_Instrumentation_H._S._Kalsi_3554/CH17/EX17.2/Ex17_2.sce
 
 
 
 
 all;
   !--error 4 
Undefined variable: all
at line       5 of exec file called by :    
._Kalsi_3554/CH17/EX17.2/Ex17_2.sce',-1
 
ERROR: Electronic_Instrumentation_H._S._Kalsi_3554/CH17/EX17.3/Ex17_3.sce
 
 
 
 all;
   !--error 4 
Undefined variable: all
at line       4 of exec file called by :    
._Kalsi_3554/CH17/EX17.3/Ex17_3.sce',-1
 
ERROR: Electronic_Instrumentation_H._S._Kalsi_3554/CH17/EX17.4/Ex17_4.sce
 
 
 
 all;
   !--error 4 
Undefined variable: all
at line       4 of exec file called by :    
._Kalsi_3554/CH17/EX17.4/Ex17_4.sce',-1
 
ERROR: Electronic_Instrumentation_H._S._Kalsi_3554/CH20/EX20.1/Ex20_1.sce
 
 
 
 all;
   !--error 4 
Undefined variable: all
at line       4 of exec file called by :    
._Kalsi_3554/CH20/EX20.1/Ex20_1.sce',-1
 
ERROR: Electronic_Instrumentation_H._S._Kalsi_3554/CH20/EX20.2/Ex20_2.sce
 
 
 
 all;
   !--error 4 
Undefined variable: all
at line       4 of exec file called by :    
._Kalsi_3554/CH20/EX20.2/Ex20_2.sce',-1
 
ERROR: Electronic_Instrumentation_H._S._Kalsi_3554/CH20/EX20.3/Ex20_3.sce
 
 
 
 all;
   !--error 4 
Undefined variable: all
at line       4 of exec file called by :    
._Kalsi_3554/CH20/EX20.3/Ex20_3.sce',-1
 
ERROR: Electronic_Instrumentation_H._S._Kalsi_3554/CH21/EX21.1/Ex21_1.sce
 
 
 
 all;
   !--error 4 
Undefined variable: all
at line       4 of exec file called by :    
._Kalsi_3554/CH21/EX21.1/Ex21_1.sce',-1
 
