Total number of .sce files(without counting DEPENDENCIES directory): 162

grepthis#Fluid_Mechanics_And_Turbomachines_M._M._Das_2021/CH1/EX1.1/Ex1_1.sce #
 
 
 
 
 
 
 
 
 
 
 specific weight = 9600 N/m^3   
 
 
 density = 978.59327 kg/m^3   
 
 
 specific gravity = 0.9785933 no unit   
 
 
grepthis#Fluid_Mechanics_And_Turbomachines_M._M._Das_2021/CH1/EX1.3/EX1_3.sce #
 
 
 
 
 
 
 
 
 
 viscosity =0.0000736 in Ns/m^2   
 
 
 Viscosity =0.0007355 in poise   
 
 
grepthis#Fluid_Mechanics_And_Turbomachines_M._M._Das_2021/CH1/EX1.4/EX1_4.sce #
 
 
 
 
 
 
 
 
 
 Diameter =0.0019483 meter   
 
 
 Diameter =0.1948299 Centi meter   
 
 
 Diameter =1.9482993 Milli meter   
 
 
grepthis#Fluid_Mechanics_And_Turbomachines_M._M._Das_2021/CH1/EX1.5/EX1_5.sce #
 
 
 
 
 
 
 
 
 
 
 Shear Stress =0.199773 N/m^2   
 
 
grepthis#Fluid_Mechanics_And_Turbomachines_M._M._Das_2021/CH1/EX1.6/EX1_6.sce #
 
 
 
 
 
 
 
  Increase in Pressure =20700 KN/m^2   
 
 
grepthis#Fluid_Mechanics_And_Turbomachines_M._M._Das_2021/CH1/EX1.7/EX1_7.sce #
 
 
 
 
 
 
 
 
 
 
    0.0998981  
 
 
 Capillary rise =0.0998981 meter   
 
 
 Capillary rise =9.9898063 Centi meter   
 
 
grepthis#Fluid_Mechanics_And_Turbomachines_M._M._Das_2021/CH1/EX1.8/EX1_8.sce #
 
 
 
 
 
 
 
 
 Dynamic Viscosity =0.9899083 Ns/m^2   
 
 
 
 Kinematic Viscosity =0.0010317 m^2/sec   
 
 
 
  Knematic Viscosity =10.316918 cm^2/sec   
 
 
 
 Kinematic Viscosity =0.0010317 strokes   
 
 
grepthis#Fluid_Mechanics_And_Turbomachines_M._M._Das_2021/CH2/EX2.1/EX2_1.sce #
 
 
 
 
 
 
 
 
 
 
 
 
 
 
 
 
 
 
 
 Gauge Units    
 
 
 Pressure =75 meter of water   
 
 
 Pressure =5.5147059 meter of mercury   
 
 
 Pressure =10.336 meter of water   
 
 
 Pressure =0.0005515 N/cm^2   
 
 
 Pressure =75.000551 meter of water   
 
 
 Pressure =6.2747 meter of Mercury   
 
 
grepthis#Fluid_Mechanics_And_Turbomachines_M._M._Das_2021/CH2/EX2.2/EX2_2.sce #
 
 
 
 
 
 
 
 
 
 
 Depth of Water = 102.5 m   
 
 
grepthis#Fluid_Mechanics_And_Turbomachines_M._M._Das_2021/CH2/EX2.3/EX2_3.sce #
 
 
 
 
 
 
 
 
 
 
 
 
 Height of water =4.9949032 m   
 
 
 Height of oil =6.243629 m   
 
 
grepthis#Fluid_Mechanics_And_Turbomachines_M._M._Das_2021/CH2/EX2.4/EX2_4.sce #
 
 
 
 
 
 
 
 
 
 
 
 Pressure Intensity =15696 N/m^2   
 
 
 
 
 Pressure Intensity at Bottom =14716.597 N/m^2   
 
 
grepthis#Fluid_Mechanics_And_Turbomachines_M._M._Das_2021/CH2/EX2.5/EX2_5.sce #
 
 
 
 
 
 
 
 
 
 
 
 
 
 Pressure at A =15303.6 N/m^2   
 
 
 
 Absolute Pressure 163.166 N/cm^2   
 
 
grepthis#Fluid_Mechanics_And_Turbomachines_M._M._Das_2021/CH2/EX2.6/EX2_6.sce #
 
 
 
 
 
 
 
 
 
 
 
 
 
 
 
 
 Height =0.1381366 meter of mercury   
 
 
 Height =13.813657 centimeter of mercury   
 
 
grepthis#Fluid_Mechanics_And_Turbomachines_M._M._Das_2021/CH2/EX2.7/EX2_7.sce #
 
 
 
 
 
 
 
 
 
 
 
 
 
 
 Pressure is =5.784 cm of water   
 
 
 
 Pressure is = 56741.04 N/m^2   
 
 
grepthis#Fluid_Mechanics_And_Turbomachines_M._M._Das_2021/CH2/EX2.8/EX2_8.sce #
 
 
 
 
 
 
 
 
 
 
 
 
 
 
 
 Elevation is =283.33333 meter   
 
 
grepthis#Fluid_Mechanics_And_Turbomachines_M._M._Das_2021/CH2/EX2.9/EX2_9.sce #
 
 
 
 
 
 
 
 
 
 
 Temperature is =169.278 kelvin   
 
 
 
 Pressure is = 100.89747 KN/m^2   
 
 
grepthis#Fluid_Mechanics_And_Turbomachines_M._M._Das_2021/CH3/EX3.2/EX3_2.sce #
 
 
 
 
 
 
 
 
 
 
 
 
 P= 34671.402 Newtons   
 
 
 Ycp =2.140625 meter   
 
 
grepthis#Fluid_Mechanics_And_Turbomachines_M._M._Das_2021/CH3/EX3.3/EX3_3.sce #
 
 
 
 
 
 
 
 
 
 
 
 
 
 P= 96309.45 Newtons   
 
 
 Ycp =2.125 meter   
 
 
grepthis#Fluid_Mechanics_And_Turbomachines_M._M._Das_2021/CH3/EX3.4/EX3_4.sce #
 
 
 
 
 
 
 
 
 
 
 
 
 
 
 P= 261600 Newtons   
 
 
 Ycp =3.1875 meter   
 
 
grepthis#Fluid_Mechanics_And_Turbomachines_M._M._Das_2021/CH3/EX3.5/EX3_5.sce #
 
 
 
 
 
 
 
 
 
 
 
 
 
 
 
    0.4126984  
 
 
 
 
 P= 12145.714 Newtons   
 
 
 Ycp =0.6071429 meter   
 
 
grepthis#Fluid_Mechanics_And_Turbomachines_M._M._Das_2021/CH3/EX3.6/EX3_6.sce #
 
 
 
 
 
 
 
 
 
 
 
 
 
 
 
 P =15163.808 Newton   
 
 
 
 
 Ycp =1.9136342 meter   
 
 
grepthis#Fluid_Mechanics_And_Turbomachines_M._M._Das_2021/CH3/EX3.7/EX3_7.sce #
 
 
 
 
 
 
 
 
 
 
 
 
 
 
 Px= 49050 Newtons   
 
 
 Ycp =2.9 meter   
 
 
 Py= 92457.072 Newtons   
 
 
grepthis#Fluid_Mechanics_And_Turbomachines_M._M._Das_2021/CH4/EX4.1/EX4_1.sce #
 
 
 
 
 
 
 
 
 
 
 
 
 
 
 Water Displaced = 8.4 m^3   
 
 
 
 
 Positin of Centre Buoyancy = 0.525 m   
 
 
grepthis#Fluid_Mechanics_And_Turbomachines_M._M._Das_2021/CH4/EX4.3/EX4_3.sce #
 
 
 
 
 
 
 
 
 
 
 
 
 
 Volume = 1666.6667 Kg/m^3   
 
 
 Specific Gravity  is= 1.6666667 No units   
 
 
grepthis#Fluid_Mechanics_And_Turbomachines_M._M._Das_2021/CH4/EX4.4/EX4_4.sce #
 
 
 
 
 
 
 
 
 
 
 
 
 Mass is = 6400 Kg   
 
 
 Density is = 1066.6667 Kg/m^3   
 
 
 Specific Gravity = 1.0666667 No units   
 
 
grepthis#Fluid_Mechanics_And_Turbomachines_M._M._Das_2021/CH4/EX4.5/EX4_5.sce #
 
 
 
 
 
 
 
 
 
 
 
 Density is = 6040 Kg/m^3   
 
 
grepthis#Fluid_Mechanics_And_Turbomachines_M._M._Das_2021/CH4/EX4.6/EX4_6.sce #
 
 
 
 
 
 
 
 
 
 
 
 
 Weight of the body =47088 Newtons   
 
 
 
 
 
 
 
 Metacentric Height =0.3555556 meter   
 
 
grepthis#Fluid_Mechanics_And_Turbomachines_M._M._Das_2021/CH4/EX4.7/EX4_7.sce #
 
 
 
 
 
 
 
 
 
 
 
 
 
 
 
 Metacentric Height is =0.1017857 meter   
 
 
grepthis#Fluid_Mechanics_And_Turbomachines_M._M._Das_2021/CH5/EX5.1/EX5_1.sce #
 
 
 
 
 
 
 
 
 
 
 
 
 
 
 Velocity at section -2 =20 m/second   
 
 
 Discharge =0.628m^3/seconds   
 
 
grepthis#Fluid_Mechanics_And_Turbomachines_M._M._Das_2021/CH5/EX5.2/EX5_2.sce #
 
 
 
 
 
 
 
 
 
 
 
 
 Discharge at section- 1=0.3768 m^3/sec   
 
 
 Discharge at section- 2=0.1413 m^3/sec   
 
 
 Discharge at section- 3=0.2355 m^3/sec   
 
 
 velocity at section- 3 =7.5 m/sec   
 
 
grepthis#Fluid_Mechanics_And_Turbomachines_M._M._Das_2021/CH5/EX5.10/EX5_10.sce #
 
 
 
 
 
 
 
 
 
 
 Acceleration at inlet=9 m/s^2   
 
 
 Acceleration at outlet=57.6 m/s^2   
 
 
grepthis#Fluid_Mechanics_And_Turbomachines_M._M._Das_2021/CH6/EX6.3/EX6_3.sce #
 
 
 
 
 
 
 
 
 
 
 
 
 
 
 
 Discharge =88.884777 m^3/sec   
 
 
grepthis#Fluid_Mechanics_And_Turbomachines_M._M._Das_2021/CH6/EX6.4/EX6_4.sce #
 
 
 
 
 
 
 
 
 
 
 
 
 
 
 
 Discharge =153.95295 m^3/sec   
 
 
grepthis#Fluid_Mechanics_And_Turbomachines_M._M._Das_2021/CH6/EX6.5/EX6_5.sce #
 
 
 
 
 
 
 
 
 
 
 
 
 
 
 
 Discharge =173.48532 m^3/sec   
 
 
grepthis#Fluid_Mechanics_And_Turbomachines_M._M._Das_2021/CH6/EX6.6/EX6_6.sce #
 
 
 
 
 
 
 
 
 
 
 
 
 
    3.8277778  
 
 
 Pressure Difference =33795.45 N/m^2   
 
 
 
 Pressure Difference =3.379545 N/cm^2   
 
 
grepthis#Fluid_Mechanics_And_Turbomachines_M._M._Das_2021/CH6/EX6.7/EX6_7.sce #
 
 
 
 
 
 
 
 
 
 
 
 
 
 
 
 
 
  Discharge =13743.009 cm^3/sec   
 
 
 
  Discharge =137.43009 ltr/sec   
 
 
grepthis#Fluid_Mechanics_And_Turbomachines_M._M._Das_2021/CH6/EX6.8/EX6_8.sce #
 
 
 
 
 
 
 
 
 
 
 
 
  Discharge =0.0601276 m^3/sec   
 
 
grepthis#Fluid_Mechanics_And_Turbomachines_M._M._Das_2021/CH7/EX7.1/EX7_1.sce #
 
 
 
 
 
 
 
 
 
    113.17685  
 
 
 
    28.294212  
 
 
 
 
  Loss of Head =3.5340829 meter of water   
 
 
grepthis#Fluid_Mechanics_And_Turbomachines_M._M._Das_2021/CH7/EX7.3/EX7_3.sce #
 
 
 
 
 
 
 
 
 
 
 
    5.7183914  
 
 
 
    0.0706858  
 
 
  Discharge =0.4042093 m^3/sec   
 
 
grepthis#Fluid_Mechanics_And_Turbomachines_M._M._Das_2021/CH7/EX7.6/EX7_6.sce #
 
 
 
 
 
 
 
 
 A  =
 
    0.0706858  
 
 
 
 
 
 
 
 Difference in water level =40.548365 meter   
 
 
grepthis#Fluid_Mechanics_And_Turbomachines_M._M._Das_2021/CH7/EX7.9/EX7_9.sce #
 
 
 
 
 
 
 
 
 
 
 
    10288.066  
 
 
    39062.5  
 
 
    625000.  
 
 
    674350.57  
 
 
 
 
 Diameter =0.0103804 meter   
 
 
grepthis#Fluid_Mechanics_And_Turbomachines_M._M._Das_2021/CH7/EX7.12/EX7_12.sce #
 
 
 
 
 
 
 
 
 
 
 
 
 
    140.  
 
    127.421  
 
 
 
 
    280.  
 
 
 
  Maximum Power Outlet =361.62645 KW   
 
 
grepthis#Fluid_Mechanics_And_Turbomachines_M._M._Das_2021/CH7/EX7.13/Ex7_13.sce #
 
 
 
 
 
 
 
 
 
 p  =
 
    200000.  
 
 
 
 Rise of Pressure =20N/cm^2   
 
 
grepthis#Fluid_Mechanics_And_Turbomachines_M._M._Das_2021/CH7/EX7.14/Ex7_14.sce #
 
 
 
 
 
 
 
 
 
 
 p  =
 
    2801428.2  
 
 
 
 Rise of Pressure =280.14282N/cm^2   
 
 
grepthis#Fluid_Mechanics_And_Turbomachines_M._M._Das_2021/CH7/EX7.15/Ex7_15.sce #
 
 
 
 
 
 
 
 
 
 
 
 
 
 
 
 
 
 
 Rise of Pressure =221.47235N/cm^2   
 
 
 Circumferential stress =6644.1704 N/m^2   
 
 
 Longitudinal stress =3322.0852 N/m^2   
 
 
grepthis#Fluid_Mechanics_And_Turbomachines_M._M._Das_2021/CH7/EX7.16/Ex7_16.sce #
 
 
 
 
 
 
 
 
 
 
 
 
 
 
 
 
 
 
 
 Maximum rise of water =2.4893803 meter   
 
 
 Time taken =24.569199 seconds   
 
 
 Maximum Velocity =0.1591549 m/sec   
 
 
grepthis#Fluid_Mechanics_And_Turbomachines_M._M._Das_2021/CH8/EX8.1/Ex8_1.sce #
 
 
 
 
 
 
 
 
 
 
 
 
 
 Actual Discharge =0.0180768 m^3/sec   
 
 
 Actual Velocity =15.037173 m/sec   
 
 
grepthis#Fluid_Mechanics_And_Turbomachines_M._M._Das_2021/CH8/EX8.2/Ex8_2.sce #
 
 
 
 
 
 
 
 
 
 
 
 
  Coefficient of Discharge =0.6128305 No units   
 
 
grepthis#Fluid_Mechanics_And_Turbomachines_M._M._Das_2021/CH8/EX8.3/Ex8_3.sce #
 
 
 
 
 
 
 
 
 
 
 
 Cv =0.9622504 No units   
 
 
 Cc =0.6235383 No units   
 
 
grepthis#Fluid_Mechanics_And_Turbomachines_M._M._Das_2021/CH8/EX8.4/Ex8_4.sce #
 
 
 
 
 
 
 
 
 
 
 
 
 
 
 
 
 
 
 
 
 
 
  Cd =0.6057825 No units   
 
 
  Cv =0.9805807 No units   
 
 
  Cc =0.6177794 No units   
 
 
grepthis#Fluid_Mechanics_And_Turbomachines_M._M._Das_2021/CH8/EX8.6/Ex8_6.sce #
 
 
 
 
 
 
 
 
 
 
 
 Dischage through Rectangular orifice =36.783029 m^3/sec   
 
 
grepthis#Fluid_Mechanics_And_Turbomachines_M._M._Das_2021/CH8/EX8.7/Ex8_7.sce #
 
 
 
 
 
 
 
 
 
 
 
 
 Dischage through a fully submersed Orifice =2.3770907 m^3/sec   
 
 
 
grepthis#Fluid_Mechanics_And_Turbomachines_M._M._Das_2021/CH8/EX8.8/Ex8_8.sce #
 
 
 
 
 
 
 
 
 
 
 
 
 
 
 Dischage through Orifice =7.5485514 m^3/sec   
 
 
grepthis#Fluid_Mechanics_And_Turbomachines_M._M._Das_2021/CH8/EX8.9/Ex8_9.sce #
 
 
 
 
 
 
 
 
 
 
 
 
 
 
 
 Time Taken To empty from 4 to 2 meter =24.79654 seconds   
 
 
 
 
 Time Taken To empty the tank =84.660683 seconds   
 
 
grepthis#Fluid_Mechanics_And_Turbomachines_M._M._Das_2021/CH9/EX9.1/Ex9_1.sce #
 
 
 
 
 
 
 
 
 
 Discharge through rectangular Notch =1.3446855 m^3/sec   
 
 
grepthis#Fluid_Mechanics_And_Turbomachines_M._M._Das_2021/CH9/EX9.2/Ex9_2.sce #
 
 
 
 
 
 
 
 
 
 
    0.3060609  
 
 
 Height =1.1939391 meter   
 
 
grepthis#Fluid_Mechanics_And_Turbomachines_M._M._Das_2021/CH9/EX9.3/Ex9_3.sce #
 
 
 
 
 
 
 
 
 
 
 
 
 
 Position of Apex of Notch =0.6281788 meter   
 
 
grepthis#Fluid_Mechanics_And_Turbomachines_M._M._Das_2021/CH9/EX9.4/Ex9_4.sce #
 
 
 
 
 
 
 
 
 
 
 
 
    0.875  
 
 
 
 
    0.3008374  
 
    0.0611379  
 
 
 discharge through Trapezoidal Notch =0.3619753 m^3/sec   
 
 
grepthis#Fluid_Mechanics_And_Turbomachines_M._M._Das_2021/CH9/EX9.5/Ex9_5.sce #
 
 
 
 
 
 
 
 
 
 
 
 
 
 Percentage Error in Discharge =2.3659247 Percentage   
 
 
grepthis#Fluid_Mechanics_And_Turbomachines_M._M._Das_2021/CH9/EX9.8/Ex9_8.sce #
 
 
 
 
 
 
 
 
 Discharge over a Cipolletti weir =4.4152573 m^3/sec   
 
 
grepthis#Fluid_Mechanics_And_Turbomachines_M._M._Das_2021/CH9/EX9.9/Ex9_9.sce #
 
 
 
 
 
 
 
 
 
 
 
 
 
 Dischage =1.080776 m^3/sec   
 
 
grepthis#Fluid_Mechanics_And_Turbomachines_M._M._Das_2021/CH9/EX9.10/Ex9_10.sce #
 
 
 
 
 
 
 
 
 Discharge =2.8494035 m^3/sec   
 
 
grepthis#Fluid_Mechanics_And_Turbomachines_M._M._Das_2021/CH10/EX10.1/EX10_1.sce #
 
 
 
 
 
 
 
 
 
 
 
 Velocity of flow =0.9622504 m/sec   
 
 
 Discharge =9.6225045 m^3/sec   
 
 
grepthis#Fluid_Mechanics_And_Turbomachines_M._M._Das_2021/CH10/EX10.2/EX10_2.sce #
 
 
 
 
 
 
 
 
 
 
 sb  =
 
    0.0004271  
 
 
 
 Bed of slope =0.0004271 no units   
 
 
 conveyance of channel =7.2584296 m^3/sec   
 
 
grepthis#Fluid_Mechanics_And_Turbomachines_M._M._Das_2021/CH10/EX10.3/EX10_3.sce #
 
 
 
 
 
 
 
 
 
 
 
 
 
 Discharge through Trapezoidal channel =23.259992 m^3/sec   
 
 
grepthis#Fluid_Mechanics_And_Turbomachines_M._M._Das_2021/CH10/EX10.4/EX10_4.sce #
 
 
 
 
 
 
 
 
 
 
 b  =
 
    5.7155921  
 
 
 
 Bed of slope =5.7155921 no units   
 
 
 conveyance of channel =0.0418282 m^3/sec   
 
 
grepthis#Fluid_Mechanics_And_Turbomachines_M._M._Das_2021/CH10/EX10.5/EX10_5.sce #
 
 
 
 
 
 
 
 
 
 
 
 
 
 Bed slope of Trapezoidal channel =0.0001635 no units   
 
 
grepthis#Fluid_Mechanics_And_Turbomachines_M._M._Das_2021/CH10/EX10.6/EX10_6.sce #
 
 
 
 
 
 
 
 
  - 6.4053312  
 
 
 
 
  - 102.4853  
 
    51.86337  
 
  - 1.9760632  
 
 
 
 
 discharge through triangular channel =-3.6647185 m^3/sec   
 
 
grepthis#Fluid_Mechanics_And_Turbomachines_M._M._Das_2021/CH10/EX10.7/EX10_7.sce #
 
 
 
 
 
 
 
 
 
 
 Diameter of Circular Pipe =0.0012833 meter   
 
 
grepthis#Fluid_Mechanics_And_Turbomachines_M._M._Das_2021/CH10/EX10.8/EX10_8.sce #
 
 
 
 
 
 
 
 
 
 
 
 
 
 
 Economical Dimensions =1.2722596 meter   
 
 
 Economical Dimensions =1.3137401 meter   
 
 
grepthis#Fluid_Mechanics_And_Turbomachines_M._M._Das_2021/CH10/EX10.11/EX10_11.sce #
 
 
 
 
 
 
 
 
 
 
 
 
 
 Slope =0.0031392 no units   
 
 
grepthis#Fluid_Mechanics_And_Turbomachines_M._M._Das_2021/CH10/EX10.12/EX10_12.sce #
 
 
 
 
 
 
 
 
 
 
 
 
 
  C=100.07808 m/sec   
 
 
 f =0.0885198 no units   
 
 
grepthis#Fluid_Mechanics_And_Turbomachines_M._M._Das_2021/CH10/EX10.13/EX10_13.sce #
 
 
 
 
 
 
 
 
 
 
 
 
 Normal Depth =0.7123406 meter   
 
 
grepthis#Fluid_Mechanics_And_Turbomachines_M._M._Das_2021/CH10/EX10.14/EX10_14.sce #
 
 
 
 
 
 
 
 
 
 
 
 
 
 
 Velocity =2.359201 m/sec^2   
 
 
 Discharge =102.62524 m^3/sec   
 
 
grepthis#Fluid_Mechanics_And_Turbomachines_M._M._Das_2021/CH10/EX10.16/EX10_16.sce #
 
 
 
 
 
 
 
 
 
 
 
  Specific Energy =2.5326198 meter of water   
 
 
 
grepthis#Fluid_Mechanics_And_Turbomachines_M._M._Das_2021/CH10/EX10.17/EX10_17.sce #
 
 
 
 
 
 
 
 
 
 
 
  Critical depth =0.9716828 meter   
 
 
  Critical velocity =3.0874274 meter   
 
 
  Minimum Specific Energy =1.4575242 meter   
 
 
grepthis#Fluid_Mechanics_And_Turbomachines_M._M._Das_2021/CH10/EX10.22/EX10_22.sce #
 
 
 
 
 
 
 
 
 
 
 
 
 
 
 Water surface slope =0.0002253no units    
 
 
grepthis#Fluid_Mechanics_And_Turbomachines_M._M._Das_2021/CH10/EX10.23/EX10_23.sce #
 
 
 
 
 
 
 
 
 
 
 Discharge at section-1 =35.5 m^3/sec   
 
 
grepthis#Fluid_Mechanics_And_Turbomachines_M._M._Das_2021/CH11/EX11.1/EX11_1.sce #
 
 
 
 
 
 
 
 
 
 
 
 
 
 
  Pressure Difference =0.8392936 N/cm^2   
 
 
grepthis#Fluid_Mechanics_And_Turbomachines_M._M._Das_2021/CH11/EX11.2/EX11_2.sce #
 
 
 
 
 
 
 
 
 
 
 
 
 
 
 
 Pressure Drop =6795.7128 N/m^2   
 
 
grepthis#Fluid_Mechanics_And_Turbomachines_M._M._Das_2021/CH11/EX11.3/EX11_3.sce #
 
 
 
 
 
 
 
 
 
 
 
 
 
 Pressure Gradient =5886 N/m^3   
 
 
 Average Velocity =3.67875 N/m^3   
 
 
 Reynolds Number =882.9 N/m^3   
 
 
grepthis#Fluid_Mechanics_And_Turbomachines_M._M._Das_2021/CH11/EX11.4/EX11_4.sce #
 
 
 
 
 
 
 
 
 
 
 
 
 Power Required =32.594932 KiloWatts   
 
 
grepthis#Fluid_Mechanics_And_Turbomachines_M._M._Das_2021/CH11/EX11.5/EX11_5.sce #
 
 
 
 
 
 
 
 
 
 
 
 
 x  =
 
    16.  
 
 
  Pressuure Gradient =3200 N/m^2 per meter   
 
 
  Avg velocity =1.3333333 m/sec   
 
 
  Shear at wall =16 N//m^2   
 
 
grepthis#Fluid_Mechanics_And_Turbomachines_M._M._Das_2021/CH11/EX11.6/EX11_6.sce #
 
 
 
 
 
 
 
 
 
 
 
 
 
 Pressure Gradient =0.00981 N/m^3   
 
 
  Shear at wall =0.0367875 N/cm^2   
 
 
grepthis#Fluid_Mechanics_And_Turbomachines_M._M._Das_2021/CH12/EX12.1/EX12_1.sce #
 
 
 
 
 
 
 
 
 
 
 R =17.717788 no units   
 
 
 Flow is Transitional   
grepthis#Fluid_Mechanics_And_Turbomachines_M._M._Das_2021/CH12/EX12.4/EX12_4.sce #
 
 
 
 
 
 
 
 
 
 
 
 
 
 
 
 
 
 
 
  Power Lost =45.031637 Kilowatt   
 
 
grepthis#Fluid_Mechanics_And_Turbomachines_M._M._Das_2021/CH12/EX12.5/EX12_5.sce #
 
 
 
 
 
 
 
 
 
 
 
 
 
 
 
 
 
 
 
 
 
  Friction Factor for   
 
 
 Smooth Turbulent flow =0.0154763 no units    
 
 
 Rough Turbulent flow =0.0530209 no units    
 
 
 Smooth and Rough Turbulent flow =0.0175141 no units    
 
 
grepthis#Fluid_Mechanics_And_Turbomachines_M._M._Das_2021/CH13/EX13.2/EX13_2.sce #
 
 
 
 
 
 
 
 
 
 
 
 
 
 
 
 
 
 
 
 Boundary Layer Thickness =0.010954 meter   
 
 
 Drag Force =0.1341096 Newtons   
 
 
 
grepthis#Fluid_Mechanics_And_Turbomachines_M._M._Das_2021/CH13/EX13.3/EX13_3.sce #
 
 
 
 
 
 
 
 
 
 
 
 
 
 
 
 
 
 
 Co-efficient of Drag =0.0023589 no units   
 
 
 Boundary Layer Thickness =12.707163 millimeter   
 
 
 Drag Force =0.2641921 Newtons   
 
 
 
grepthis#Fluid_Mechanics_And_Turbomachines_M._M._Das_2021/CH14/EX14.6/EX14_6.sce #
 
 
 
 
 
 
 
 
 
 
 Velocity of Prototype =9 m/sec   
 
 
 Dischage of Prototype =15552 m^3/sec   
 
 
grepthis#Fluid_Mechanics_And_Turbomachines_M._M._Das_2021/CH14/EX14.7/EX14_7.sce #
 
 
 
 
 
 
 
 
 
 
 
 
 
 
 Velocity of Prototype =0.2 m/sec   
 
 
 Resistance of Prototype =22150.538 Newton   
 
 
grepthis#Fluid_Mechanics_And_Turbomachines_M._M._Das_2021/CH14/EX14.8/EX14_8.sce #
 
 
 
 
 
 
 
 
 
 
 
 
 
 Velocity of Prototype =5.1639778 m/sec   
 
 
 Resistance of Prototype =0.008192 Newton   
 
 
grepthis#Fluid_Mechanics_And_Turbomachines_M._M._Das_2021/CH14/EX14.9/EX14_9.sce #
 
 
 
 
 
 
 
 
    500.  
 
 
 
 
  Discharge Through Model =0.0094868 m^3/sec   
 
 
grepthis#Fluid_Mechanics_And_Turbomachines_M._M._Das_2021/CH14/EX14.10/EX14_10.sce #
 
 
 
 
 
 
 
 
 
 Manning n of the model =0.01 No units   
 
 
grepthis#Fluid_Mechanics_And_Turbomachines_M._M._Das_2021/CH14/EX14.11/EX14_11.sce #
 
 
 
 
 
 
 
 
 
 
 
  Qm =0.003 m^3/sec   
 
 
  Nm =0.0366950 No units   
 
 
grepthis#Fluid_Mechanics_And_Turbomachines_M._M._Das_2021/CH14/EX14.12/EX14_12.sce #
 
 
 
 
 
 
 
 
 
 Vm/Vp =0.064 m/sec   
 
 
 Np/Nm =0.5838594 No units   
 
 
grepthis#Fluid_Mechanics_And_Turbomachines_M._M._Das_2021/CH14/EX14.13/EX14_13.sce #
 
 
 
 
 
 
 
 
 
 
 
 
 
 Lm =9.375 meter   
 
 
 Hm =0.45 meter   
 
 
 Qm =128 m^3/sec   
 
 
grepthis#Fluid_Mechanics_And_Turbomachines_M._M._Das_2021/CH15/EX15.1/EX15_1.sce #
 
 
 
 
 
 
 
 
 
 
 
 
 
 
 
 
 Velocity at Section-1 =10.511375 m/sec   
 
 
 Velocity at Section-2 =24.026 m/sec   
 
 
grepthis#Fluid_Mechanics_And_Turbomachines_M._M._Das_2021/CH15/EX15.2/EX15_2.sce #
 
 
 
 
 
 
 
 
 
 Speed of Sound waves =1235.2114 Km/hr   
 
 
grepthis#Fluid_Mechanics_And_Turbomachines_M._M._Das_2021/CH15/EX15.3/EX15_3.sce #
 
 
 
 
 
 
 
 
 
 
 Speed of Sound waves =1224.6267 Km/hr   
 
 
 
 Mach Number = 0.7349179 No units   
 
 
grepthis#Fluid_Mechanics_And_Turbomachines_M._M._Das_2021/CH15/EX15.4/EX15_4.sce #
 
 
 
 
 
 
 
 
 
 
 
 Speed of Aeroplane =1982.7042 Km/hr   
 
 
grepthis#Fluid_Mechanics_And_Turbomachines_M._M._Das_2021/CH15/EX15.5/EX15_5.sce #
 
 
 
 
 
 
 
 
 
 
 
 Velocity of Projectile =-324.22254 m/sec   
 
 
 
grepthis#Fluid_Mechanics_And_Turbomachines_M._M._Das_2021/CH15/EX15.6/EX15_6.sce #
 
 
 
 
 
 
 
 
 
 
 
 Mach Number =3.691462 No units   
 
 
 Mach Angle =15.717554 Degrees   
 
 
grepthis#Fluid_Mechanics_And_Turbomachines_M._M._Das_2021/CH15/EX15.7/EX15_7.sce #
 
 
 
 
 
 
 
 
 
 
 
 
 
 
 
 
 
 
 Mach Number =0.7548379 No Units   
 
 
 Density =1.489648 Kg/m^3   
 
 
 Pressure =11.671541 N/cm^2   
 
 
 Temperature =14.400664 celcius   
 
 
grepthis#Fluid_Mechanics_And_Turbomachines_M._M._Das_2021/CH15/EX15.8/EX15_8.sce #
 
 
 
 
 
 
 
 
 
 
 
 velocity at the outlet of a nozzle =345.12874 m/sec   
 
 
 
grepthis#Fluid_Mechanics_And_Turbomachines_M._M._Das_2021/CH15/EX15.9/EX15_9.sce #
 
 
 
 
 
 
 
 
 
 
 
 
 
 
 
 
 Mass Flow Rate =13.110579 Kg/sec   
 
 
grepthis#Fluid_Mechanics_And_Turbomachines_M._M._Das_2021/CH16/EX16.1/EX16_1.sce #
 
 
 
 
 
 
 
 
 
 
 
 
 
 
 
 
 Lift Force =246.91358 Newton   
 
 
 Power Required =0.6858711 Kilo Watts   
 
 
 Drag Force =61.728395 Newton   
 
 
 Resultant Force =254.51269 Newton   
 
 
 Angle of Flow Direction =0.8636912 degrees   
 
 
grepthis#Fluid_Mechanics_And_Turbomachines_M._M._Das_2021/CH16/EX16.3/EX16_3.sce #
 
 
 
 
 
 
 
 
 
 
 
 Diameter =1.7764763 meter   
 
 
grepthis#Fluid_Mechanics_And_Turbomachines_M._M._Das_2021/CH16/EX16.4/EX16_4.sce #
 
 
 
 
 
 
 
 
 
 
 
 
 
 Coefficient Of Lift =0.0005086 No Units   
 
 
 Coefficient Of Drag =0.0001922 No Units   
 
 
grepthis#Fluid_Mechanics_And_Turbomachines_M._M._Das_2021/CH16/EX16.5/EX16_5.sce #
 
 
 
 
 
 
 
 
 
 
 
 Weight of the ball =0.0613592 Newtons   
 
 
grepthis#Fluid_Mechanics_And_Turbomachines_M._M._Das_2021/CH16/EX16.6/EX16_6.sce #
 
 
 
 
 
 
 
 
 
 
 
 
 
 
 
 
 Circulation =197.39209 m^2/sce   
 
 
 
 
 Theoretical Lift =39478418 Newtons   
 
 
 
 
 
 
 theta =180.7854 Degrees   
 
 
 theta =359.2146 Degrees   
 
 
 
 
 Lift Force =13600000 Newtons   
 
 
 
 
 Drag Force =2600000 Newtons   
 
 
 
 
 Resultant Force =13846299 Newtons   
 
 
 
 
 Direction =-0.5704131 Degrees   
 
 
 
 
 
 
 Speed =381.97186 rpm   
 
 
grepthis#Fluid_Mechanics_And_Turbomachines_M._M._Das_2021/CH17/EX17.1/EX17_1.sce #
 
 
 
 
 
 
 
 
 
 Force Exerted =785.39816 Newtons   
 
 
grepthis#Fluid_Mechanics_And_Turbomachines_M._M._Das_2021/CH17/EX17.2/EX17_2.sce #
 
 
 
 
 
 
 
 
 
 
 
 Discharge =0.0490687 m^3/sec   
 
 
grepthis#Fluid_Mechanics_And_Turbomachines_M._M._Das_2021/CH17/EX17.3/EX17_3.sce #
 
 
 
 
 
 
 
 
 
 Force Exerted =5522.3308 Newtons   
 
 
grepthis#Fluid_Mechanics_And_Turbomachines_M._M._Das_2021/CH17/EX17.4/EX17_4.sce #
 
 
 
 
 
 
 
 
 
 
 Force Exerted =3078.7608 Newtons   
 
 
grepthis#Fluid_Mechanics_And_Turbomachines_M._M._Das_2021/CH17/EX17.5/EX17_5.sce #
 
 
 
 
 
 
 
 
 A  =
 
    0.0038485  
 
 
 
 
 Fx =3145.9787 Newtons   
 
 
 Fy =200.12209 Newtons   
 
 
grepthis#Fluid_Mechanics_And_Turbomachines_M._M._Das_2021/CH17/EX17.6/EX17_6.sce #
 
 
 
 
 
 
 
 
 
 
 
 Inclination = 1.5707963-%i*0.9140452 degrees   
 
 
grepthis#Fluid_Mechanics_And_Turbomachines_M._M._Das_2021/CH17/EX17.7/EX17_7.sce #
 
 
 
 
 
 
 
 
 
 
 
 
 Vane angle at Inlet =53.793977 Degrees   
 
 
 Vane angle at Outlet =112.16784 Degrees   
 
 
grepthis#Fluid_Mechanics_And_Turbomachines_M._M._Das_2021/CH17/EX17.11/EX17_11.sce #
 
 
 
 
 
 
 
 
 
 
 
 
 
 
 
 
 Propelling Force =2701.2645 Newtons   
 
 
 Work Done =10805.058 N-m   
 
 
 Efficiency =39.910866 Percentage   
 
 
grepthis#Fluid_Mechanics_And_Turbomachines_M._M._Das_2021/CH17/EX17.12/EX17_12.sce #
 
 
 
 
 
 
 
 
 
 
 
 Propelling Force =34722.222 Newtons   
 
 
 Efficiency =43.75 No Units   
 
 
grepthis#Fluid_Mechanics_And_Turbomachines_M._M._Das_2021/CH18/EX18.1/EX18_1.sce #
 
 
 
 
 
 
 
 
 
 
 
 
 
 
 
 
 
 
 Power delivered =2523.6138 Kilo watts   
 
 
 Hydraulic Efficiency =99.206009 percentage   
 
 
grepthis#Fluid_Mechanics_And_Turbomachines_M._M._Das_2021/CH18/EX18.2/EX18_2.sce #
 
 
 
 
 
 
 
 
 
 
 
 
 
 
 
 
 
 
 
    0.4360465  
 
 
 D= 0.6594995 meter   
 
 
 d= 0.0659500 meter   
 
 
 Number of Jets =2.0793299 nos   
 
 
grepthis#Fluid_Mechanics_And_Turbomachines_M._M._Das_2021/CH18/EX18.3/EX18_3.sce #
 
 
 
 
 
 
 
 rho  =
 
    1000.  
 
 
 
 
 
 
 
 E  =
 
    7399.7147  
 
 
 
 Power available =588.6 Kilo watts   
 
 
 Hydraulic efficiency =98.17566 percentage   
 
 
grepthis#Fluid_Mechanics_And_Turbomachines_M._M._Das_2021/CH18/EX18.4/EX18_4.sce #
 
 
 
 
 
 
 
 
 
 
 
 
 
 
 
    75.185866  
 
 
 
 
    75.185866  
 
 
 
 
 Power delivered =4999.8296 Kilo watts   
 
 
 Hydraulic Efficiency =98.274373 percentage   
 
 
grepthis#Fluid_Mechanics_And_Turbomachines_M._M._Das_2021/CH18/EX18.5/EX18_5.sce #
 
 
 
 
 
 
 
 
 
 
 
 
 
 
 
 
 
 
 Force Exerted =93657.94 Newton   
 
 
 Power developed =3733.6759 Kilo Watts   
 
 
grepthis#Fluid_Mechanics_And_Turbomachines_M._M._Das_2021/CH18/EX18.6/EX18_6.sce #
 
 
 
 
 
 
 
 
 
 
 Discharge =1.357168 m^3/sec   
 
 
 Width =40 centimeter   
 
 
grepthis#Fluid_Mechanics_And_Turbomachines_M._M._Das_2021/CH18/EX18.7/EX18_7.sce #
 
 
 
 
 
 
 
 
 
 
 
 
 
 
 
 
 
 
 
 Discharge =290.47494 m^3/sec   
 
 
 Power Developed =7954.7367 Kilo Watts   
 
 
 Efficiency =82.658553 Percentage   
 
 
grepthis#Fluid_Mechanics_And_Turbomachines_M._M._Das_2021/CH18/EX18.8/EX18_8.sce #
 
 
 
 
 D1  =
 
    0.5  
 
 
 
 
 
 
 
 
 
 
 
    3.  
 
 
 
 
 
 Speed =399.34141 rpm   
 
 
 Power Developed =2.9929564 Kilo Watts   
 
 
 Outlet Vane Angle =40.723649 degrees   
 
 
grepthis#Fluid_Mechanics_And_Turbomachines_M._M._Das_2021/CH18/EX18.9/EX18_9.sce #
 
 
 
 
 
 
 
 
 
 
 
 
 
 
 
 
 
 
 
 Inlet Vane Angle =32.821988 degrees   
 
 
 Outlet Vane Angle =12.908304 degrees   
 
 
 Work Done =7.4697906 N-m/N   
 
 
 Efficiency =0.7469791 Percentage   
 
 
grepthis#Fluid_Mechanics_And_Turbomachines_M._M._Das_2021/CH18/EX18.10/EX18_10.sce #
 
 
 
 
 
 
 
 
 
 
 
 
 
 
 
 
 
 
 Absolute Velocity =12.369317 m/sec   
 
 
 Vane Angle =14.036243 degrees   
 
 
 Efficiency =85.351864 Percentage   
 
 
grepthis#Fluid_Mechanics_And_Turbomachines_M._M._Das_2021/CH18/EX18.11/EX18_11.sce #
 
 
 
 
 
 
 
 
 
 
 
 
 
 
 
 
 
 
 
 
 
 Diameter =0.3589113 meter   
 
 
  Inlet angle =35.753887 degrees   
 
 
  Outlet angle =42.893079 degrees   
 
 
 Width =0.1843475 meter   
 
 
grepthis#Fluid_Mechanics_And_Turbomachines_M._M._Das_2021/CH18/EX18.14/EX18_14.sce #
 
 
 
 
 
 
 
 
 
 
 
 
 
 
 
 
 
    6.75  
 
 
 Pressure Head =2.321789 meter of water   
 
 
 Efficiency =75.308642 Percentage   
 
 
grepthis#Fluid_Mechanics_And_Turbomachines_M._M._Das_2021/CH18/EX18.15/EX18_15.sce #
 
 
 
 
 
 
 
 
 
 
 Speed =69.7137 rpm   
 
 
 Power Developed =3718.064 Kilo watts   
 
 
grepthis#Fluid_Mechanics_And_Turbomachines_M._M._Das_2021/CH18/EX18.16/EX18_16.sce #
 
 
 
 
 
 
 
 
 
 
 
 
 Power Developed =2648.7 Kilowatts   
 
 
 Specific Speed =219.90549 rpm   
 
 
grepthis#Fluid_Mechanics_And_Turbomachines_M._M._Das_2021/CH19/EX19.1/EX19_1.sce #
 
 
 
 
 
 
 
 
 
 
 
 
 
 
 
 
 
 Work Done =68.895325 N-m/N   
 
 
grepthis#Fluid_Mechanics_And_Turbomachines_M._M._Das_2021/CH19/EX19.2/EX19_2.sce #
 
 
 
 
 
 
 
 
 
 
 
 
 
 
 
 
 
    37.699112  
 
 
 
 
 
 
 Vane Angle =9.0430611 degrees   
 
 
 Work Done =6929.0932 KW/sec   
 
 
 Manometric Efficiency =60.044917 Percentage   
 
 
 
grepthis#Fluid_Mechanics_And_Turbomachines_M._M._Das_2021/CH19/EX19.3/EX19_3.sce #
 
 
 
 
 
 
 
 
 
 
 
 
 
 
 
 Work Done =18.479043 Nm/N   
 
 
grepthis#Fluid_Mechanics_And_Turbomachines_M._M._Das_2021/CH19/EX19.4/EX19_4.sce #
 
 
 
 
 
 
 
 
 
 
 
 
 
 
 
 
 
 
 Vane Angle =59.276708 degrees   
 
 
grepthis#Fluid_Mechanics_And_Turbomachines_M._M._Das_2021/CH19/EX19.5/EX19_5.sce #
 
 
 
 
 
 
 
 
 
 
 
 
 
 
 
 
 Discharge =0.4246945 m^3/sec   
 
 
grepthis#Fluid_Mechanics_And_Turbomachines_M._M._Das_2021/CH19/EX19.6/EX19_6.sce #
 
 
 
 
 
 
 
 
 
 
 
 
 
 
 
 
 
 Power required =17.958085 Kilowatts   
 
 
 
grepthis#Fluid_Mechanics_And_Turbomachines_M._M._Das_2021/CH19/EX19.7/EX19_7.sce #
 
 
 
 
 
 
 
 
 
 
 
  u=14.007141 m/sec   
 
 
 Minimum Speed =66.879172 rpm   
 
 
grepthis#Fluid_Mechanics_And_Turbomachines_M._M._Das_2021/CH19/EX19.8/EX19_8.sce #
 
 
 
 
 
 
 
 
 
 
 
 
 Speed =361.26982 rpm   
 
 
grepthis#Fluid_Mechanics_And_Turbomachines_M._M._Das_2021/CH19/EX19.9/EX19_9.sce #
 
 
 
 
 
 
 
 
 
 
 
 
 
 
 
 
 
 Head Developed =67.776567 meter   
 
 
grepthis#Fluid_Mechanics_And_Turbomachines_M._M._Das_2021/CH19/EX19.10/EX19_10.sce #
 
 
 
 
 
 
 
 
 
 
 
 
 
 
 
 
    2.247191  
 
 
 
 
 
 
 
 Head =138.76362 meter   
 
 
 Shaft Power =108.90169 Kilo watts   
 
 
grepthis#Fluid_Mechanics_And_Turbomachines_M._M._Das_2021/CH19/EX19.11/EX19_11.sce #
 
 
 
 
 
 
 
 
 
 
 
 Number of Pumps =2.9998791 Nos   
 
 
grepthis#Fluid_Mechanics_And_Turbomachines_M._M._Das_2021/CH19/EX19.12/EX19_12.sce #
 
 
 
 
 
 
 
 
 
 
 
 
 
 
 Head =25 meter   
 
 
 Discharge =0.0126 m^3/sec   
 
 
 Power Ratio =2.7777778 No Units   
 
 
grepthis#Fluid_Mechanics_And_Turbomachines_M._M._Das_2021/CH20/EX20.1/EX20_1.sce #
 
 
 
 
 
 
 
 
 
 
 
 
 
 Theoretical Discharge =0.0122718 m^3/sec   
 
 
 Co efficient of Discharge =0.9778480 No Units   
 
 
 Slip =0.0002718 m^3/sec   
 
 
 Percentage Slip =2.215203 No Units   
 
 
grepthis#Fluid_Mechanics_And_Turbomachines_M._M._Das_2021/CH20/EX20.2/EX20_2.sce #
 
 
 
 
 
 
 
 
 
 
 
 
 
 
 
 
 Slip =0.0177249 m^3.sec   
 
 
 Power required =9.3099135 Kilo Watts   
 
 
grepthis#Fluid_Mechanics_And_Turbomachines_M._M._Das_2021/CH20/EX20.3/EX20_3.sce #
 
 
 
 
 
 
 
 
 
 
 
 
 
 
 
 
 
 Pressure Head =3.0182276 meter   
 
 
grepthis#Fluid_Mechanics_And_Turbomachines_M._M._Das_2021/CH20/EX20.4/EX20_4.sce #
 
 
 
 
 
 
 
 
 
 
 
 
 
 
 
 
 
 
 
 
 
 Qth =0.0044179 m^3/sec   
 
 
 Pth =1.0834813 Kilo Watts   
 
 
 ha =20.750315 meter   
 
 
 
grepthis#Fluid_Mechanics_And_Turbomachines_M._M._Das_2021/CH20/EX20.5/EX20_5.sce #
 
 
 
 
 
 
 
 
 
 
 
 
 
 
 
 
 
 
 
 Pmax =6.5730291 meter   
 
 
 Pressure at Begining =10.073029 meter   
 
 
 Pressure at End =0.2269709 meter   
 
 
grepthis#Fluid_Mechanics_And_Turbomachines_M._M._Das_2021/CH20/EX20.6/EX20_6.sce #
 
 
 
 
 
 
 
 
 
 
 
 
 
 
 
 
 
 
 
 Maximum Speed =31.785719 rpm   
 
 
grepthis#Fluid_Mechanics_And_Turbomachines_M._M._Das_2021/CH21/EX21.2/EX21_2.sce #
 
 
 
 
 
 
 
 
 
 
 
 
 
 
 
 Force =2400 Newtons   
 
 
 Power required =0.0006 Kilo Watts   
 
 
 Number of strokes =19.2 No units   
 
 
grepthis#Fluid_Mechanics_And_Turbomachines_M._M._Das_2021/CH21/EX21.3/EX21_3.sce #
 
 
 
 
 
 
 
 
 
 
 
 
 
 
 D Aubuissons Efficiency =45 percentage   
 
 
 Rankine Efficiency =38.888889 percentage   
 
 
grepthis#Fluid_Mechanics_And_Turbomachines_M._M._Das_2021/CH21/EX21.4/Ex21_4.sce #
 
 
 
 
 
 
 
 
 
 
 
 
 Power Required =11.772 Kilo watt   
 
 
 Time for working =20 seconds   
 
 
 Idle Time =80 seconds   
 
 
grepthis#Fluid_Mechanics_And_Turbomachines_M._M._Das_2021/CH21/EX21.7/EX21_7.sce #
 
 
 
 
 
 
 
 
 
 
 
 
 
 
 Diameter =0.3503810 meter   
 
 
 Volume =0.1689202 m^3   
 
 
grepthis#Fluid_Mechanics_And_Turbomachines_M._M._Das_2021/CH21/EX21.9/EX21_9.sce #
 
 
 
 
 
 
 
 
 
 
 Pressure Intensity =97.92 N/cm^2   
 
 
grepthis#Fluid_Mechanics_And_Turbomachines_M._M._Das_2021/CH21/EX21.10/EX21_10.sce #
 
 
 
 
 
 
 
 
 
 
 Diameter =10.112635 centimeter   
 
 
grepthis#Fluid_Mechanics_And_Turbomachines_M._M._Das_2021/CH21/EX21.11/EX21_11.sce #
 
 
 
 
 
 
 
 
 
 
 Load =184914.14 Newtons   
 
 
 Capacity of the accumulator =1109484.9 N-m   
 
 
grepthis#Fluid_Mechanics_And_Turbomachines_M._M._Das_2021/CH21/EX21.12/EX21_12.sce #
 
 
 
 
 
 
 
 
 
 
 
 
 Pressure while moving up =421.5537 N/cm^2   
 
 
 Pressure while moving down =359.1013 N/cm^2   
 
 
grepthis#Fluid_Mechanics_And_Turbomachines_M._M._Das_2021/CH21/EX21.13/EX21_13.sce #
 
 
 
 
 
 
 
 
 
 
 
 
 
 
 
 
 
 
 
 Power Delivered =65.819797 Kilo Watts   
 
 
grepthis#Fluid_Mechanics_And_Turbomachines_M._M._Das_2021/CH21/EX21.14/EX21_14.sce #
 
 
 
 
 
 
 
 
 
 Efficiency =97.5 percentage   
 
 
 Slip =2.5 Percentage   
 
 
