Total number of .sce files(without counting DEPENDENCIES directory): 118

grepthis#Heat_And_Mass_Transfer_V._K._Dwivedi_1752/CH1/EX1.10/exa_1_10.sce #
 
 
 
 
 
 
 
 
 
 
 
 
 
 
 
 
 
 
 
 
 
 
 
 
 
 
 
 
 
 
 
 
 
 
 
 Heat transfer rate per square meter is : 117883.21 Watt   
 
 
grepthis#Heat_And_Mass_Transfer_V._K._Dwivedi_1752/CH1/EX1.11/exa_1_11.sce #
 
 
 
 
 
 
 
 
 
 
 
 
 
 
 Temperature drop across the rough surface in degree C is :   
 
    51.198157  
 
 
grepthis#Heat_And_Mass_Transfer_V._K._Dwivedi_1752/CH1/EX1.12/exa_1_12.sce #
 
 
 
 
 
 
 
 
 
 
 
 
 
 
 
 
 
 Heat transfer rate in kW is :   
 
    3.8571429  
 
 
 
 
grepthis#Heat_And_Mass_Transfer_V._K._Dwivedi_1752/CH1/EX1.13/exa_1_13.sce #
 
 
 
 
 
 
 
 
 
 
 
 
 
 
 
 Rate of heat transfer in kW is :    
 
    15.375  
 
 
 
grepthis#Heat_And_Mass_Transfer_V._K._Dwivedi_1752/CH1/EX1.14/exa_1_14.sce #
 
 
 
 
 
 
 
 
 
 
 
 
 
 
 
 
 
 Heat transfer rate per unit area in W/m^2 :   
 
    5464.6868  
 
 
 
grepthis#Heat_And_Mass_Transfer_V._K._Dwivedi_1752/CH1/EX1.15/exa_1_15.sce #
 
 
 
 
 
 
 
 
 
 
 
 
 
 
 
 
 
 Central temperature of the wire in °C   
 
    186.1033  
 
grepthis#Heat_And_Mass_Transfer_V._K._Dwivedi_1752/CH1/EX1.16/exa_1_16.sce #
 
 
 
 
 
 
 
 
 
 
 
 
 
 
 
 
 Equilibrium Temperature of the plate in K   
 
    315.5  
 
 
grepthis#Heat_And_Mass_Transfer_V._K._Dwivedi_1752/CH1/EX1.1/exa_1_1.sce #
 
 
 
 
 
 
 
 
 
 
 
 
 
 The rate of heat transfer is : 80.75 W/m^2   
 
 
grepthis#Heat_And_Mass_Transfer_V._K._Dwivedi_1752/CH1/EX1.2/exa_1_2.sce #
 
 
 
 
 
 
 
 
 
 
 
 Assuming steady state heat transfer in the wall.   
 
 
 
 
 
 Area of wall in square meter is :    
 
    0.9375  
 
 
grepthis#Heat_And_Mass_Transfer_V._K._Dwivedi_1752/CH1/EX1.3/exa_1_3.sce #
 
 
 
 
 
 
 
 
 
 
 
 
 
 
 Rate of heat loss in watt is :    
 
    929.91143  
 
 
grepthis#Heat_And_Mass_Transfer_V._K._Dwivedi_1752/CH1/EX1.4/exa_1_4.sce #
 
 
 
 
 
 
 
 
 
 
 
 
 
 
 
 
 Electric power supplied in watt is :    
 
    37.699112  
 
 
grepthis#Heat_And_Mass_Transfer_V._K._Dwivedi_1752/CH1/EX1.5/exa_1_5.sce #
 
 
 
 
 
 
 
 
 
 
 
 
 
 
 
 
 
 
  The inside plate temperature in degree C is :   
 
    313.86276  
 
 
grepthis#Heat_And_Mass_Transfer_V._K._Dwivedi_1752/CH1/EX1.6/exa_1_6.sce #
 
 
 
 
 
 
 
 
 
 
 
 
 
 
 
 
 
 The heat loss by convection in W/m   
 
    30.630528  
 
 
 
 
  Heat loss by radiation in W/m   
 
    25.041202  
 
 
 
 Total heat loss in W/m is :   
 
    55.67173  
 
 
 
 
 
grepthis#Heat_And_Mass_Transfer_V._K._Dwivedi_1752/CH1/EX1.7/exa_1_7.sce #
 
 
 
 
 
 
 
 
 
 
 
 
 
 Heat transfer rate per square meter through  the cylinder in watt is :    
 
    6492.824  
 
 
 
 
 
grepthis#Heat_And_Mass_Transfer_V._K._Dwivedi_1752/CH1/EX1.9/exa_1_9.sce #
 
 
 
 
 
 
 
 
 
 
 
 
 
 
 
 
 
 
 
 T, intermediate temperature of slab A and B is : 341.93548 degree C   
 
 
 
 
 Steady state heat transfer rate per square meter is : 3225.8065 W/m^2   
 
 
 
grepthis#Heat_And_Mass_Transfer_V._K._Dwivedi_1752/CH2/EX2.10/exa_2_10.sce #
 
 
 
 
 
 
 
 
 
 
 
 
 
 
 
 
 
 
 
 in steady state heat transfer process, the heat produced by the wire is dissip 
      ated to surrounding.                                                      
 
 
 
 
 
 
 
 
 
 
 The current carried by the copper wire in amphere   
 
    20.69783  
 
 
 
grepthis#Heat_And_Mass_Transfer_V._K._Dwivedi_1752/CH2/EX2.11/exa_2_11.sce #
 
 
 
 
 
 
 
 
 
 
 
 
 
 Critical radius in meter   
 
    0.125  
 
 
 
 
 
 Heat loss per meter length of pipe in W/m   
 
    590.18881  
 
 
 
grepthis#Heat_And_Mass_Transfer_V._K._Dwivedi_1752/CH2/EX2.12/exa_2_12.sce #
 
 
 
 
 
 
 
 
 
 
 
 
 
 
 
 
 
 
 Temperature of inner surface in degree C   
 
    190.81015  
 
grepthis#Heat_And_Mass_Transfer_V._K._Dwivedi_1752/CH2/EX2.13/exa_2_13.sce #
 
 
 
 
 
 
 
 
 
 
 
 
 
 
 
 
 
 
 
 The maximum steady state current in amphere   
 
    13.481235  
 
grepthis#Heat_And_Mass_Transfer_V._K._Dwivedi_1752/CH2/EX2.16/exa_2_16.sce #
 
 
 
 
 
 
 
 
 
 
 
 
 
 
 
 
 
 
 The maximum possible current in amphere   
 
    2.8105321  
 
 
 
grepthis#Heat_And_Mass_Transfer_V._K._Dwivedi_1752/CH2/EX2.5/exa_2_5.sce #
 
 
 
 
 
 
 
 
 
 
 
 
 Saturation temperature of steam at 171*10^4 N/m^2 is 204.36 degree C. So tempe 
      rature of steam passing through the pipe is = 204.36+30 = 234.36 degree C 
 
 
 
 
 
 
 
 
 
 Heat transfer rate in watt   
 
    2439.4734  
 
 
 
 
 
 
 Interface temperature of insulation in degree    
 
    71.584917  
 
grepthis#Heat_And_Mass_Transfer_V._K._Dwivedi_1752/CH2/EX2.6/exa_2_6.sce #
 
 
 
 
 
 
 
 
 
 
 
 
 
 
 
 
 
 
 
 
 
 Heat transfer rate without rivet in Watt   
 
    8.4519457  
 
 
 
 
 
 
 
 
 
 
 
 
 
 Heat transfer rate with rivet in Watt   
 
    84.497284  
 
 
 
 Percentage increase in heat flow due to rivet in %   
 
    900.  
 
 
grepthis#Heat_And_Mass_Transfer_V._K._Dwivedi_1752/CH2/EX2.7/exa_2_7.sce #
 
 
 
 
 
 
 
 
 
 
 
 
 
 
 
 
 
 
 
 
 
 
 
 
 Overall heat transfer coefficient based on outer area in W/m^2K   
 
    117.73033  
 
 
 
 
 
 
 Water to air heat transfer rate in W/m   
 
    536.29809  
 
 
 
 
 
 
 
 Temperature drop across the scale deposited in degree C   
 
    5.3260858  
 
 
 
 
 
 
 
 
 
 
 
 
grepthis#Heat_And_Mass_Transfer_V._K._Dwivedi_1752/CH2/EX2.8/exa_2_8.sce #
 
 
 
 
 
 
 
 
 
 
 
 
 
 
 
 
 Critical thickness in mm   
 
    13.817204  
 
 
 
 
 
 
 Percentage increase in heat dissipation rate in %   
 
    61.845198  
 
 
 
 
 
 
 
 
 Increase in current carrying capacity in %   
 
    27.  
 
 
grepthis#Heat_And_Mass_Transfer_V._K._Dwivedi_1752/CH2/EX2.9/exa_2_9.sce #
 
 
 
 
 
 
 
 
 
 
 
 
 Critical radius in cm   
 
    2.5  
 
 
 Since radius of insulation (1.5 cm) is less than critical radius of insulation 
       (2.5 cm), so heat transfer rate will increase by adding thsi insulation  
 
 and hence it is not effective   
 
 
 
 
 
 
 
 
 Maximum value of thermal conductivity in W/mK   
 
    0.18  
 
grepthis#Heat_And_Mass_Transfer_V._K._Dwivedi_1752/CH3/EX3.1/exa_3_1.sce #
 
 
 
 
 
 
 
 
 
 
 
 
 
 
 (i) Temperature distribution equation   
 
 
 theta/theta_0= (T-T_infinite)/(T_0-T_infinite) = %e^-m*x    
 
 
 
 
 
 m = 8.16   
 
 
 Temperature distribution equation is    
 
 
 theta/theta_0= (T-T_infinite)/(T_0-T_infinite) = %e^-8.16*x   
 
 
 
 
 
 
 
 (ii) Heat loss from the road is : 3.08 watt   
 
 
 
 
 
 
grepthis#Heat_And_Mass_Transfer_V._K._Dwivedi_1752/CH3/EX3.2/exa_3_2.sce #
 
 
 
 
 
 
 
 
 
 
 
 
 
 
 
 
 
 
 
 
 
 
 
 
 
 Thermal conductivity of the rod material in W/m-k is    
 
    293.69933846  
 
 
grepthis#Heat_And_Mass_Transfer_V._K._Dwivedi_1752/CH4/EX4.10/exa_4_10.sce #
 
 
 
 
 
 
 
 
 
 
 
 
 
 
 
 
 
 
 Heat entering the slab in watt   
 
    240.  
 
 
 
 
 
 
 Heat leaving the slab in watt   
 
    157.44  
 
 
 
 
 
 Rate of heat storage in watt   
 
    82.56  
 
 
 
 
 
 
 
 
 The rate of temperature change at entering the slab in degree C/h   
 
    0.033  
 
 
 x  =
 
    0.4  
 
 
 
 The rate of temperature change at leaving the slab in degree C/h   
 
    0.06468  
 
 
 
 
 
 
 
 
 The point where rate of heating or cooling is maximum in meter   
 
    0.3333333  
 
 
grepthis#Heat_And_Mass_Transfer_V._K._Dwivedi_1752/CH4/EX4.11/exa_4_11.sce #
 
 
 
 
 
 
 
 
 
 
 
 
 
 
 
 
 
 
 
 
 
 Time required for cooling process : 1122.215 seconds or 18.703583 minutes   
 
grepthis#Heat_And_Mass_Transfer_V._K._Dwivedi_1752/CH4/EX4.12/exa_4_12.sce #
 
 
 
 
 
 
 
 
 
 
 
 
 
  (A) For copper cylinder    
 
 
 
 
 
 
 
 
 
 Time required to reach for the cylinder centreline temperature 418 degree C :  
      4122.807 seconds or 1.1452242 hours                                       
 
 
 
 
 
 
 
 Temperature at the radius of 4 cm    
 
    426.73  
 
 
 It has very less temperature gradients over 4 cm radius   
 
 
 
  (B) For asbestos cylinder    
 
 
 
 
 
 
 
 
 
 Time required to reach for the cylinder centreline temperature 418 degree C :  
      18750 seconds or 5.2083333 hours                                          
 
 
 
 
 
 
 
 Temperature at the radius of 4 cm    
 
    833.548  
 
 
 It has large temperature gradients   
 
 
grepthis#Heat_And_Mass_Transfer_V._K._Dwivedi_1752/CH4/EX4.13/exa_4_13.sce #
 
 
 
 
 
 
 
 
 
 
 
 
 
 
 
 
 
 
 
 
 
 
 
 Centreline Temperature of the sphere after 2 minutes of exposure in degree C   
 
    61.  
 
 
 
 
 
 
 
 
 
 
 The Temperature at the depth of 1 cm from the surface after 2 minutes in degre 
      e C                                                                       
 
    59.2  
 
 
 
 
 
 
 
 
 
 
 
 The heat transffered during 2 minutes in kJ   
 
    37.814304  
 
 
 
 
 
 
 
 
 
 
 
 
 
 
 
 
 
 
 
 
grepthis#Heat_And_Mass_Transfer_V._K._Dwivedi_1752/CH4/EX4.1/exa_4_1.sce #
 
 
 
 
 
 
 
 
 
 
 
 
 
 
 
 
 
 
 
 
 
 
 
 
 
 
 
 
 The rate of change of energy storage in watt   
 
  - 30000.  
 
 
 
 
 
 
 
 Rate of change of temperature in degree C/sec   
 
  - 0.000469  
 
 
 Since dt by dx is independent of x. Hence time rate of charge of temperature t 
      hroughout wall will remain same.                                          
 
 
 
 
 
 
grepthis#Heat_And_Mass_Transfer_V._K._Dwivedi_1752/CH4/EX4.2/exa_4_2.sce #
 
 
 
 
 
 
 
 
 
 
 
 
 
 
 
 
 
 
 
 
 
 
 
 The time require to cool the sphere in sec   
 
    268.01504  
 
 
 
 
 
 
 Initial rate of cooling in degree C/sec   
 
    2.5641026  
 
 
 
 
 
 
 
 Instantaneous heat transfer rate in watt   
 
    25.012611  
 
 
 
 
 
 
 Total energy transferred during first one minute in watt   
 
    1855.4008  
 
 
 
 
grepthis#Heat_And_Mass_Transfer_V._K._Dwivedi_1752/CH4/EX4.3/exa_4_3.sce #
 
 
 
 
 
 
 
 
 
 
 
 
 
 
 
 
 
 
 
 
 
 Time constance in sec   
 
    65.6  
 
 
 
 
 
 
 
 
 
 
 The junction is taken out from hot air stream and placed in stream of still ai 
      r 20 degree C. The initial temperature in this case will be 82.313839 .   
 
 
 
 
 
 The temperature attained by junction in degree C   
 
    65.938589  
 
 
 
 
 
 
 
 
 
 
grepthis#Heat_And_Mass_Transfer_V._K._Dwivedi_1752/CH4/EX4.4/exa_4_4.sce #
 
 
 
 
 
 
 
 
 
 
 
 
 
 
 
 
 
 
 time constant in seconds   
 
    60.  
 
 
 
 
 
 The time required to temperature change to reach half of its initial value in  
      seconds                                                                   
 
    5.1986039  
 
 
 
grepthis#Heat_And_Mass_Transfer_V._K._Dwivedi_1752/CH4/EX4.5/exa_4_5.sce #
 
 
 
 
 
 
 
 
 
 
 
 
 
 
 
 
 
 
 
 Heat energy stored per unit area in W/m^2   
 
    2125.  
 
 
grepthis#Heat_And_Mass_Transfer_V._K._Dwivedi_1752/CH4/EX4.6/exa_4_6.sce #
 
 
 
 
 
 
 
 
 
 
 
 
 
 
 
 
 
 
 
 
 Time constant in seconds   
 
    35.2  
 
 
 
 
 
 
 
 
 
 The time required for the plate to reach the temperature of 40 degree C in sec 
      onds                                                                      
 
    113.30443  
 
 
 
grepthis#Heat_And_Mass_Transfer_V._K._Dwivedi_1752/CH4/EX4.7/exa_4_7.sce #
 
 
 
 
 
 
 
 
 
 
 
 
 
 
 
 
 
 
 
 
 
 
 
 
 Time required to cool plate to 80 degree C is : 1520.361 seconds = 25.33935 mi 
      nutes                                                                     
 
 
 
 
 
 Time required to cool plate in only air is : 6461.5343 seconds = 107.69224 min 
      utes                                                                      
 
 
 
grepthis#Heat_And_Mass_Transfer_V._K._Dwivedi_1752/CH4/EX4.8/exa_4_8.sce #
 
 
 
 
 
 
 
 
 
 
 
 
 
 
 
 
 
 
 
 
 
 
 
 
 
 
 
 
 Maximum speed in cm/sec   
 
    1.0291278  
 
 
grepthis#Heat_And_Mass_Transfer_V._K._Dwivedi_1752/CH4/EX4.9/exa_4_9.sce #
 
 
 
 
 
 
 
 
 
 
 
 
 
 
 
 
 
 
 
 
 
 Junction diameter needed for the thermocouple in mili miter   
 
    0.7058824  
 
 
 
 
 
 
 Time required for the thermocouple junction to reach 198 degree C in seconds   
 
    4.4716388  
 
 
grepthis#Heat_And_Mass_Transfer_V._K._Dwivedi_1752/CH5/EX5.10/exa_5_10.sce #
 
 
 
 
 
 
 
 
 
 
 
 
 
 
 
 
 
 
 
 
 
 
 
 
 
 
 Heat transfer rate per unit length from cylinder in W/m   
 
    3914.1831  
 
 
 
 
 
grepthis#Heat_And_Mass_Transfer_V._K._Dwivedi_1752/CH5/EX5.11/exa_5_11.sce #
 
 
 
 
 
 
 
 
 
 
 
 
 
 
 
 
 
 
 
 
 
 
 
 Heat transfer rate in watt   
 
    1.4558954  
 
grepthis#Heat_And_Mass_Transfer_V._K._Dwivedi_1752/CH5/EX5.12/exa_5_12.sce #
 
 
 
 
 
 
 
 
 
 
 
 
 
 
 
 
 
 
 
 
 
 
 Heat transfer coefficient in W/m^2K   
 
    7752.  
 
 
grepthis#Heat_And_Mass_Transfer_V._K._Dwivedi_1752/CH5/EX5.13/exa_5_13.sce #
 
 
 
 
 
 
 
 
 
 
 
 
 
 
 
 
 
 Heat transfer coefficient in W/m^2 degree C   
 
    29255.771  
 
 
 
grepthis#Heat_And_Mass_Transfer_V._K._Dwivedi_1752/CH5/EX5.14/exa_5_14.sce #
 
 
 
 
 
 
 
 
 
 
 
 
 
 
 Nu  =
 
    14.860969  
 
 
 
 Heat transfer coefficient in W/m^2 degree C   
 
    15217.633  
 
 
 
grepthis#Heat_And_Mass_Transfer_V._K._Dwivedi_1752/CH5/EX5.15/exa_5_15.sce #
 
 
 
 
 
 
 
 
 
 
 
 
 
 
 n  =
 
    0.36  
 
 
 
 
 
 
 
 
 
 
 Initial rate of heat loss per meter length of cylinder   
 
    8260.7953  
 
 
 
grepthis#Heat_And_Mass_Transfer_V._K._Dwivedi_1752/CH5/EX5.1/exa_5_1.sce #
 
 
 
 
 
 
 
 
 
 
 
 
 
 
 
 
 
 
 
 
 
 
 
 
 Boundary layer thickness in cm   
 
    0.707107  
 
 
 
 
 
 Thermal boundary layer thickness in ch   
 
    0.808091  
 
 
 
 
 
 Local friction coefficient   
 
    0.003756  
 
 
 
 Average friction coefficient   
 
    0.007512  
 
 
 
 
 
 
 
 Total drag force in N   
 
    0.000856  
 
 
 
 
 
 
 Local heat transfer coefficient in W/m^2K   
 
    5.608034  
 
 
 
 Average heat transfer coefficient in W/m^2K   
 
    11.21607  
 
 
 
 
 Rate of heat transfer in W/m^2K   
 
    30.84419  
 
 
 
 
 
 
 
 
 
 
 
 
 
 
 
 
 
 
grepthis#Heat_And_Mass_Transfer_V._K._Dwivedi_1752/CH5/EX5.2/exa_5_2.sce #
 
 
 
 
 
 
 
 
 
 
 
 
 
 
 
 
 
 
 Length of the plate in m   
 
    0.139  
 
 
 
 
 
 
 
 
 
 Heat transfer from entire plate in kW   
 
    444.635  
 
 
 
grepthis#Heat_And_Mass_Transfer_V._K._Dwivedi_1752/CH5/EX5.3/exa_5_3.sce #
 
 
 
 
 
 
 
 
 
 
 
 
 
 
 
 
 
 
 
 
 
 
 
 Heat transfer rate from first half of the plate in watt   
 
    104.89385  
 
 
 
 
 
 
 
 
 
 
 Heat transfer rate from entire plate in watt   
 
    148.34231  
 
 
 
 
 
 Heat transfer rate from next half of the plate   
 
    43.448456  
 
 
 
 
 
 
grepthis#Heat_And_Mass_Transfer_V._K._Dwivedi_1752/CH5/EX5.4/exa_5_4.sce #
 
 
 
 
 
 
 
 
 
 
 
 
 
 
 
 
 
 
 
 
 
 
 
 
 
 
 The length of tube in meter   
 
    4.4065245  
 
 
grepthis#Heat_And_Mass_Transfer_V._K._Dwivedi_1752/CH5/EX5.5/exa_5_5.sce #
 
 
 
 
 
 
 
 
 
 
 
 
 
 
 
 
 
 
 
 
 
 
 
 The average heat transfer coefficient over the laminar boundary layer in W/m^2 
                                                                                
 
    25.082676  
 
 
 
 
 
 
 The average heat transfer coefficient over entire plate in W/m^2    
 
    32.910116  
 
 
 
 
 
 Total heat transfer rate in watt   
 
    1974.607  
 
 
 
 
grepthis#Heat_And_Mass_Transfer_V._K._Dwivedi_1752/CH5/EX5.6/exa_5_6.sce #
 
 
 
 
 
 
 
 
 
 
 
 
 
 
 
 
 
 
 
 
 
 Heat transfer coefficient in W/m^2K   
 
    88.362667  
 
 
 
 
 
 Length of pipe in meter   
 
    0.7391863  
 
 
 
 
 
 
 The inner tube surface temperature at the outlet in degree C   
 
    165.80396  
 
 
 
 
 
 Friction Factor    
 
    0.0686124  
 
 
 
 
 
 
 The pressure drop in the pipe in N/m^2   
 
    0.6787428  
 
 
 
 
 
 
 
 
 
grepthis#Heat_And_Mass_Transfer_V._K._Dwivedi_1752/CH5/EX5.7/exa_5_7.sce #
 
 
 
 
 
 
 
 
 
 
 
 
 
 
 
 
 
 
 
 
 
 Average heat transfer coefficient in W/m^2   
 
    9207.0358  
 
 
 
 Length of tube in meter   
 
    3.5486481  
 
 
 
 
 
grepthis#Heat_And_Mass_Transfer_V._K._Dwivedi_1752/CH5/EX5.8/exa_5_8.sce #
 
 
 
 
 
 
 
 
 
 
 
 
 
 
 
 
 
 
 Reynold number is :   
 
    1399.1643  
 
 
 
 
 
 
 Heat transfer coefficient in W/m^2K   
 
    132.6656  
 
 
 
 
 
 
 
 Length of pipe in meter   
 
    1.995803  
 
 
grepthis#Heat_And_Mass_Transfer_V._K._Dwivedi_1752/CH5/EX5.9/exa_5_9.sce #
 
 
 
 
 
 
 
 
 
 
 
 
 
 
 
 
 
 
 
 
 
 
 
 
 
 Length of tube in meter   
 
    0.6778145  
 
 
grepthis#Heat_And_Mass_Transfer_V._K._Dwivedi_1752/CH7/EX7.10/exa_7_10.sce #
 
 
 
 
 
 
 
 
 
 
 
 
 
 
 
 Heat Heat loss for cavity in W   
 
    55.226787  
 
 
 
grepthis#Heat_And_Mass_Transfer_V._K._Dwivedi_1752/CH7/EX7.11/exa_7_11.sce #
 
 
 
 
 
 
 
 
 
 
 
 
 
 
 
 
 
 
 
 
 Net radiant heat transfer rate in watt   
 
  - 1.5767132  
 
 
 Negative sign indicates that heat flows into the sphere   
 
 
 
 
 Rate of evaporation per minutes in kg/min   
 
    0.0004526  
 
 
grepthis#Heat_And_Mass_Transfer_V._K._Dwivedi_1752/CH7/EX7.12/exa_7_12.sce #
 
 
 
 
 
 
 
 
 
 
 
 
 
 Radiation heat transfer between two black parellel plates in watt   
 
    6168.96  
 
 
 
 
 
 
 A1byA2  =
 
    1.  
 
 
 
 
 
 
 
 Heat transfer rate in watt   
 
    1542.24  
 
 
grepthis#Heat_And_Mass_Transfer_V._K._Dwivedi_1752/CH7/EX7.13/exa_7_13.sce #
 
 
 
 
 
 
 
 
 
 
 
 
 
 
 
 
 epsilon2  =
 
    0.2  
 
 epsilon3  =
 
    0.2  
 
 
 
 
 
 
 T2  =
 
    604.  
 
 
 Steady state temperature of the intermediate sphere in K   
 
    604.  
 
 
grepthis#Heat_And_Mass_Transfer_V._K._Dwivedi_1752/CH7/EX7.14/exa_7_14.sce #
 
 
 
 
 
 
 
 
 
 
 
 
 
 
 Radiation falling on the body is emitted by the furnace wall at 1200 K    
 
 
 The absorptivity of the body for this radiation is 0.4.   
 
 
 
 
 The rate of energy absorption in W/m^2   
 
    47029.25  
 
 
 
 
 The emissivity of surface equals its absoptivity at 127 degree   
 
 
 
 The rate of emission of radiation energy in W/m^2   
 
    1016.064  
 
 
 
 
 
grepthis#Heat_And_Mass_Transfer_V._K._Dwivedi_1752/CH7/EX7.15/exa_7_15.sce #
 
 
 
 
 
 
 
 
 
 
 
 
 
 
 
 
 
 
 
 
 q  =
 
    35.28203  
 
 
  Radiant heat transfer from the tube in W/m   
 
    35.28203  
 
 
 
 
grepthis#Heat_And_Mass_Transfer_V._K._Dwivedi_1752/CH7/EX7.1/exa_7_1.sce #
 
 
 
 
 
 
 
 
 
 
 
 
 
 
 Monochromatic emissive power at 2 micro wavelength in W/m^2 is :   
 
    5.151D+11  
 
 
 
 
 
 
 Wave-length at which the emission is maximum in micro m   
 
    1.274967  
 
 
 
 
 
 Maximum emissive power in W/m^2-m :    
 
    7.797D+11  
 
 
 
 
 
 
 Total emissive power in W/m^2 :   
 
    1513494.3  
 
 
 
 
 
 
grepthis#Heat_And_Mass_Transfer_V._K._Dwivedi_1752/CH7/EX7.2/exa_7_2.sce #
 
 
 
 
 
 
 
 
 
 
 
 
 
 
 
 
 
 
 
 
 
 
 
 
 
 
 
 
 Overall heat tranfer coefficient in W/m^2 degree C   
 
    13.10565  
 
 
 
grepthis#Heat_And_Mass_Transfer_V._K._Dwivedi_1752/CH7/EX7.3/exa_7_3.sce #
 
 
 
 
 
 
 
 
 
 
 
 
 
 
 
 
 
 
 Heat transfer rate between the two plates in W/m^2   
 
    39037.95  
 
 
 
 
 
 
 
 
 
 
 
 
 Heat transfer rate if a radiation shield with an emissivity of 0.05 on both si 
      des is placed between the two plates in W/m^2                             
 
    2789.0892  
 
grepthis#Heat_And_Mass_Transfer_V._K._Dwivedi_1752/CH7/EX7.4/exa_7_4.sce #
 
 
 
 
 
 
 
 
 
 
 
 
 Energy emitted by a grey surface in watt :    
 
    1014649.  
 
 
grepthis#Heat_And_Mass_Transfer_V._K._Dwivedi_1752/CH7/EX7.5.1/exa_7_5_1.sce #
 
 
 
 
 
 
 
 
 
 alpha= 2*rho   or    rho=alpha/2   
 
 
 alpha= 3*toh   or    toh=alpha/3   
 
 
 as alpha + rho + toh =1   
 
 
 then alpha+alpha/2+alpha/3 = 1   
 
 
 alpha = 6/11   
 
 
 rho = 6/22   
 
 
 toh = 6/33   
 
 
 
 
 
 
 Energy absorbed in watt :    
 
    1800.  
 
 
 
 Energy transmitted in watt :   
 
    900.  
 
 
 
 Energy emitted in watt:    
 
    600.  
 
 
 
grepthis#Heat_And_Mass_Transfer_V._K._Dwivedi_1752/CH7/EX7.5.2/exa_7_5_2.sce #
 
 
 
 
 
 
 
 
 
 
 
 
 
 
 The net heat exchange between two surfaces in watt   
 
    114.87726  
 
 
grepthis#Heat_And_Mass_Transfer_V._K._Dwivedi_1752/CH7/EX7.6/exa_7_6.sce #
 
 
 
 
 
 
 
 
 
 
 
 
 
 
 
 
 
 
 
 
 Heat transfer rate between pipe and duct in W   
 
    1053.1483  
 
 
 
grepthis#Heat_And_Mass_Transfer_V._K._Dwivedi_1752/CH8/EX8.10/exa_8_10.sce #
 
 
 
 
 
 
 
 
 
 
 
 
 
 
 
 
 
 
 
 
 
 
 
 
 
 Total heat transfer in kW   
 
    144.17007002  
 
 
 
 Exit temperature of water in degree C   
 
    49.302859761  
 
 
grepthis#Heat_And_Mass_Transfer_V._K._Dwivedi_1752/CH8/EX8.11/exa_8_11.sce #
 
 
 
 
 
 
 
 
 
 
 
 
 
 
 
 
 
 
 
 
 
 
 Exit temperature for hot fluid in degree C   
 
    55.908547466  
 
 
 
 
 
 Exit temperature for cold fluid in degree C   
 
    53.8963368  
 
 
 
 
 
 
 
 The minimum temperature to which the oil may be cooled by increasing the tube  
      length with parallel flow operation, in degree C                          
 
    54.5  
 
 
grepthis#Heat_And_Mass_Transfer_V._K._Dwivedi_1752/CH8/EX8.12/exa_8_12.sce #
 
 
 
 
 
 
 
 
 
 
 
 
 
 
 
 
 
 
 
 
 
 
 
 
 
 
 Exit temperature  in degree C : 70.468725548 and 30.531274452   
 
 
 
grepthis#Heat_And_Mass_Transfer_V._K._Dwivedi_1752/CH8/EX8.13/exa_8_13.sce #
 
 
 
 
 
 
 
 
 
 
 
 
 
 
 
 
 
 
 
 
 A  =
 
    67.38716242  
 
 
 
 
 
 
 
 Exit temperature  in degree C : 82.809216953 and 96.732676927   
 
 
 
 
 
 Total heat transfer in kW   
 
    1246.5889475  
 
grepthis#Heat_And_Mass_Transfer_V._K._Dwivedi_1752/CH8/EX8.14/exa_8_14.sce #
 
 
 
 
 
 
 
 
 
 
 
 
 
 
 
 
 
 
 
 
 
 
 
 
 
 
 
 Total heat transfer in watt   
 
    22987.488225  
 
 
 
 
 Outlet temperature of water in degree C   
 
    30.254212604  
 
 
 
 
 Outlet temperature of oil in degree C   
 
    18.877489461  
 
 
 
 
 
 
 
 
 
 
 
 
grepthis#Heat_And_Mass_Transfer_V._K._Dwivedi_1752/CH8/EX8.15/exa_8_15.sce #
 
 
 
 
 
 
 
 
 
 
 
 
 
 
 
 
 
 
 
 Surface area in square meter   
 
    0.7766368  
 
 
 
 
 Rate of condensation of steam in kg/sec   
 
    0.0369444  
 
 
 
grepthis#Heat_And_Mass_Transfer_V._K._Dwivedi_1752/CH8/EX8.16/exa_8_16.sce #
 
 
 
 
 
 
 
 
 
 
 
 
 
 
 
 
 
 
 
 
 
 
 Surface area of heat exchange in square meter   
 
    19.233024  
 
 
grepthis#Heat_And_Mass_Transfer_V._K._Dwivedi_1752/CH8/EX8.17/exa_8_17.sce #
 
 
 
 
 
 
 
 
 
 
 
 
 
 
 
 
 
 
 
 
 
 
 
 
 
 
 
 
 
 
 
 
 
 
 
 
 
 
 
 
 
 
 Length of the tube bundle in m   
 
    4.6127524  
 
 
 
 
 
 
 
 
 
grepthis#Heat_And_Mass_Transfer_V._K._Dwivedi_1752/CH8/EX8.1/exa_8_1.sce #
 
 
 
 
 
 
 
 
 
 
 
 
 
 
 
 
 
 
 
 
 
 
 
 Surface area of heat exchange in square meter   
 
    53.192976  
 
 
grepthis#Heat_And_Mass_Transfer_V._K._Dwivedi_1752/CH8/EX8.2/exa_8_2.sce #
 
 
 
 
 
 
 
 
 
 
 
 
 
 
 
 
 
 
 
 
 
 
 
 
 
 
 
 Length of the heat exchanger in meter   
 
    18.221109  
 
 
grepthis#Heat_And_Mass_Transfer_V._K._Dwivedi_1752/CH8/EX8.3/exa_8_3.sce #
 
 
 
 
 
 
 
 
 
 
 
 
 
 
 
 
 
 
 
 
 
 
 
 
 Area of the heat exchanger in square meter   
 
    14.922467  
 
 
grepthis#Heat_And_Mass_Transfer_V._K._Dwivedi_1752/CH8/EX8.4/exa_8_4.sce #
 
 
 
 
 
 
 
 
 
 
 
 
 
 
 
 
 The overall heat transfer coefficient in W/m^2 degree C   
 
    473.50893  
 
 
 
grepthis#Heat_And_Mass_Transfer_V._K._Dwivedi_1752/CH8/EX8.5/exa_8_5.sce #
 
 
 
 
 
 
 
 
 
 
 
 
 
 
 
 
 
 
 
 
 
 
 
 
 
 Nu  =
 
    7.0561361  
 
 
 
 
 
 Heat transfer coefficient in W/m^2 degree C   
 
    7.931097  
 
 
 
 The overall heat transfer coefficient neglecting the wall resistance in W/m^2  
      degree C                                                                  
 
    7.8817634  
 
 
 
 
 
 
 Heat loss per meter length of the tube in W/m   
 
    49.52258  
 
 
 
 
 
 
 
 
 
 
grepthis#Heat_And_Mass_Transfer_V._K._Dwivedi_1752/CH8/EX8.6/exa_8_6.sce #
 
 
 
 
 
 
 
 
 
 
 
 
 
 
 
 t_co in degree C   
 
    55.962963  
 
 
 since t_co > t_ho, hence counter flow arrangment will be suitable   
 
 
grepthis#Heat_And_Mass_Transfer_V._K._Dwivedi_1752/CH8/EX8.7/exa_8_7.sce #
 
 
 
 
 
 
 
 
 
 
 
 
 
 
 Area for paraller flow arrangment in square meter   
 
    53.64793  
 
 
 
 
 
 
 
 
 Area For counter flow heat exchange in square meter   
 
    44.444444  
 
 
 In counter flow arrangment less area is required for the above purpose   
 
grepthis#Heat_And_Mass_Transfer_V._K._Dwivedi_1752/CH8/EX8.8/exa_8_8.sce #
 
 
 
 
 
 
 
 
 
 
 
 
 
 
 
 
 
 
 
 
 
 
 
 
 
 
 
 
 Length of tube in meter   
 
    10.603822  
 
 
 
 
 Rate of condensation in kg/sec   
 
    0.0317147  
 
grepthis#Heat_And_Mass_Transfer_V._K._Dwivedi_1752/CH8/EX8.9/exa_8_9.sce #
 
 
 
 
 
 
 
 
 
 
 
 
 
 
 
 
 
 
 
 
 
 
 
 
 Surface area for parallel flow in meter square   
 
    148.48647  
 
 
 
 
 
 
 
 
 Surface area for counter flow heat exchanger in meter square   
 
    83.209962  
 
 
 
 
 
 
 
 
 
 
 
 
 
 
 Surface area for one shell pass and two tube pass in meter square   
 
    94.556775  
 
 
 
 
 
 
 
 Surface area for cross flow in meter square   
 
    92.455514  
 
grepthis#Heat_And_Mass_Transfer_V._K._Dwivedi_1752/CH9/EX9.1/exa_9_1.sce #
 
 
 
 
 
 
 
 
 
 
 
 
 
 
 
 
 
 
 
 
 
 
 Heat transfer rate in kW   
 
    105.2765  
 
 
 
 
 Rate of condenstion in kg/s   
 
    0.046665  
 
grepthis#Heat_And_Mass_Transfer_V._K._Dwivedi_1752/CH9/EX9.2/exa_9_2.sce #
 
 
 
 
 
 
 
 
 
 
 
 
 
 
 
 
 
 
 
 
 
 
 
 Heat transfer rate for horizontal tube in kW   
 
    236.3642  
 
 
 
 
 Rate of condenstion in kg/s   
 
    0.102322  
 
 
 
 
 
 
 
 Heat transfer rate for vertical tube in kW   
 
    229.2688  
 
 
 
 
 Rate of condenstion in kg/s   
 
    0.099251  
 
 
 
grepthis#Heat_And_Mass_Transfer_V._K._Dwivedi_1752/CH9/EX9.3/exa_9_3.sce #
 
 
 
 
 
 
 
 
 
 
 
 
 
 
 
 
 
 
 
 
 Heat transfer rate in kW   
 
    199.3333  
 
 
 
 
 Length of tube in m   
 
    1.067861  
 
 
 
grepthis#Heat_And_Mass_Transfer_V._K._Dwivedi_1752/CH9/EX9.4/exa_9_4.sce #
 
 
 
 
 
 
 
 
 
 
 
 
 
 
 
 
 
 
 
 
 Thickness of condensate film in mm   
 
    0.118322  
 
 
 
 
 
 
 
 Average heat transfer coefficient in W/m^2   
 
    8375.523  
 
 
 
 
 
 The heat transfer rate in kW   
 
    20.93881  
 
 
 
 
 
 
 
 Average heat transfer coefficient when plate is inclined at 45 degree in W/m^2 
      K                                                                         
 
    7680.388  
 
 
grepthis#Heat_And_Mass_Transfer_V._K._Dwivedi_1752/CH9/EX9.5/exa_9_5.sce #
 
 
 
 
 
 
 
 
 
 When temperature excess is 25 degree C at atmospheric pressure   
 
 
 
 
 The heat transfer coefficient in kW/m^2K   
 
    86.875  
 
 
 
 
 
 
 Value of h_P in kW/m^2   
 
    287.9432  
 
grepthis#Heat_And_Mass_Transfer_V._K._Dwivedi_1752/CH10/EX10.1/exa_10_1.sce #
 
 
 
 
 
 
 
 
 
 
 
 
 
 
 
 
 
 
 
 Molar diffusion flux of hydrogen through the membrane in kg mole/s-m^2   
 
    0.00000108  
 
 
 
 Mass_d_Flux  =
 
    0.00000216  
 
 
 Molar diffusion flux in kg/s-m^2   
 
    0.00000216  
 
 
grepthis#Heat_And_Mass_Transfer_V._K._Dwivedi_1752/CH10/EX10.2/exa_10_2.sce #
 
 
 
 
 
 
 
 
 
 
 
 
 
 
 
 
 The diffusion coefficient for gases in terms of molecular volumes in cm^2/sec  
 
    2.9966399464  
 
 
grepthis#Heat_And_Mass_Transfer_V._K._Dwivedi_1752/CH10/EX10.3/exa_10_3.sce #
 
 
 
 
 
 
 
 
 
 
 
 
 
 
 
 
 
 
 
 
 
 
 
 
 
 Effective diffusivity in m^2/s   
 
    0.0000045235  
 
 
 
 
grepthis#Heat_And_Mass_Transfer_V._K._Dwivedi_1752/CH10/EX10.4/exa_10_4.sce #
 
 
 
 
 
 
 
 
 
 
 
 
 
 
 
 
 
 
 
 
 
 
 
 Value of N_B in kg mole/sec   
 
    7.61D-13  
 
 
 Value of M_B in kg /sec   
 
    2.21D-11  
 
 
grepthis#Heat_And_Mass_Transfer_V._K._Dwivedi_1752/CH10/EX10.5/exa_10_5.sce #
 
 
 
 
 
 
 
 
 
 
 
 
 
 
 
 
 
 
 
 
 
 
 
 
 
 
 
 Diffusion flux through the cylinder in kg/sm   
 
    0.0000000097  
 
 
grepthis#Heat_And_Mass_Transfer_V._K._Dwivedi_1752/CH10/EX10.6/exa_10_6.sce #
 
 
 
 
 
 
 
 
 
 
 
 
 
 
 
 
 
 
 
 
 
 
 
 
 
 
 
 
 
 
 
 
 Loss of H2 by diffusion in kg/s   
 
    0.000000003101  
 
 
 
 
 
 
 
 
 
 
 
 
 
 
grepthis#Heat_And_Mass_Transfer_V._K._Dwivedi_1752/CH10/EX10.7/exa_10_7.sce #
 
 
 
 
 
 
 
 
 
 
 
 
 
 
 
 
 
 
 
 
 
 
 
 
 
 
 
 
 
 
 Time taken for the entire organic compound to evaporate in seconds   
 
    643.787657943  
 
 
 
 
 
 
 
 
grepthis#Heat_And_Mass_Transfer_V._K._Dwivedi_1752/CH10/EX10.8/exa_10_8.sce #
 
 
 
 
 
 
 
 
 
 
 
 
 
 
 
 
 
 
 
 
 
 
 
 
 
 
 
 
 
 
 
 
 
 The air which escapes to atmosphere will be 1 bar and its solubility will rema 
      in at 0.72 m^3 of air per m^3 of rubber                                   
 
 
 
 
 
 
 
 
 
 
 
 
 
 
 
 Diffusivity of air in rubber in m^2/s   
 
    7.9D-11  
 
 
grepthis#Heat_And_Mass_Transfer_V._K._Dwivedi_1752/CH3/EX3.3/exa3_3.sce #
 
 
 
 
 
 
 
 
 
 
 
 
 
 
 
 
 
 
 
 
 
 Fin efficiency in %   
 
    99.30342  
 
 
 
 
 
 
 
 
 
 
 Total heat transfer per square meter of plane wall surface in kW/m^2   
 
    24.93375  
 
 
 
 
 
 
 Heat transfer if there were no fins attached in kW/m^2   
 
    8.  
 
 
 
 
 
 
 
 
grepthis#Heat_And_Mass_Transfer_V._K._Dwivedi_1752/CH3/EX3.4/exa3_4.sce #
 
 
 
 
 
 
 
 
 
 
 
 
 
 
 
 
 
 
 The heat lost by the fin of one meter length is : 30.32029 W   
 
 
grepthis#Heat_And_Mass_Transfer_V._K._Dwivedi_1752/CH3/EX3.5/exa3_5.sce #
 
 
 
 
 
 
 
 
 
 
 
 
 
 
 
 
 
 
 
 
 
 
 
 
 Heat transfer rate from 12 fins si : 1155.9402027 watt   
 
 
 
 
 Now heat transfer from unfinned surface area is : 324.45519189 watt   
 
 
 
 Total head transfer rate from the cylinder is : 1480.3953946 watt   
 
 
 
 
 
grepthis#Heat_And_Mass_Transfer_V._K._Dwivedi_1752/CH3/EX3.6/exa3_6.sce #
 
 
 
 
 
 
 
 
 
 
 
 
 
 
 
 
 
 
 
 
 
 
 (i) Temperature at the centre of the rod is : 49.6 degree C   
 
 
 (ii) Heat transfer rate from the fin- This is equivalent to two fins of length 
       25 cm long with insulated tip                                            
 
 
 
 
 Heat transfer by the rod is : 9.76 watt   
 
 
 
grepthis#Heat_And_Mass_Transfer_V._K._Dwivedi_1752/CH3/EX3.7/exa3_7.sce #
 
 
 
 
 
 
 
 
 
 
 
 
 
 
 
 
 
 (i) Temperature distribution in the rod   
 
 
  (T-T_infinite)/(T_0-T_infinite)= (cosh(m*(L-x))+ h/(k*m)*sinh(m(L-x)))/(cosh( 
      m*L)+h/(k*m)*sinh(m*L))                                                   
 
 
 
 
 
 
 
 (ii) Temperature at free end is : 76.73881 degree C   
 
 
 
 
 
 (iii) Heat flow out the source : 12.088969 watt   
 
 
 
 
 
 (iv) Heat flow rate at free end is : 0.8127113 watt   
 
 
grepthis#Heat_And_Mass_Transfer_V._K._Dwivedi_1752/CH3/EX3.8/exa3_8.sce #
 
 
 
 
 
 
 
 
 
 
 
 
 
 
 
 
 
 
 ML_c  =
 
    0.7306270  
 
 
 
 A_0  =
 
    0.1480796  
 
 
 
 
 Rate of heat transfer is : 1711.5281 watt   
 
 
grepthis#Heat_And_Mass_Transfer_V._K._Dwivedi_1752/CH3/EX3.9/exa3_9.sce #
 
 
 
 
 
 Temperature distribution equation for fin with insulated end is    
 
 
 (T-T_infinite)/(T_0-T_infinite)= cosh(m*(L-x))/cosh(m*L)   
 
 
 
 
 
 
 
 
 
 
 
 
 
 Heat transfer rate is : -279.45741 watt   
 
 
 
 
grepthis#Heat_And_Mass_Transfer_V._K._Dwivedi_1752/CH3/EX3.10/exa3_10.sce #
 
 
 
 
 
 
 
 
 
 
 
 
 
 
 
 
 
 
 
 
 
 Measurement Error is : 16 K   
 
 
 
grepthis#Heat_And_Mass_Transfer_V._K._Dwivedi_1752/CH3/EX3.11/exa3_11.sce #
 
 
 
 
 
 
 
 
 
 
 
 
 
 
 
 
 
 Percentage Error is : 1.3491952 %   
 
 
grepthis#Heat_And_Mass_Transfer_V._K._Dwivedi_1752/CH3/EX3.12/exa3_12.sce #
 
 
 
 
 
 
 
 
 
 
 
 
 
 
 
 
 
 
 Minimum length os pocket is : 91.769116 mm   
 
 
grepthis#Heat_And_Mass_Transfer_V._K._Dwivedi_1752/CH3/EX3.13/exa3_13.sce #
 
 
 
 
 
 
 
 
 
 
 
 
 
 
 
 In this case, the shaft heat from the pump towards motor   
 
 
 The temperature distribution considering the shaft as a fin insulated at the t 
      ip is given by                                                            
 
 
 Q/Q_o= (t-t_a)/(t_o-t_a) = cosh(m(L-x))/cosh(m*L)   
 
 
 
 
 Length of shaft specified between the motor and the pump is : 0.3798479 meter  
 
 
grepthis#Heat_And_Mass_Transfer_V._K._Dwivedi_1752/CH6/EX6.1/exa6_1.sce #
 
 
 
 
 
 
 
 
 
 
 
 
 
 
 
 
 
 
 
 
 
 Rayleigh Number is : 1.190D+08   
 
 
 
 
 
 
 
 Heat transfer rate from the plate, when the vertical height is 0.3 m : 129.844 
      23 W                                                                      
 
 
 
 
 
 
 
 
 
 
 Heat transfer rate from the plate, when the vertical height is 0.5 m : 114.277 
      43 W                                                                      
 
 
 
 Percentage decreases in heat transfer rate when x=0.5 m as compared to when x= 
      0.3 m is : 11.988826 %                                                    
 
 
 
grepthis#Heat_And_Mass_Transfer_V._K._Dwivedi_1752/CH6/EX6.2/exa6_2.sce #
 
 
 
 
 
 
 
 
 
 
 
 
 
 
 
 
 
 
 
 
 
 
 
 
 
 Heat transfer rate is : 194.71781 W   
 
 
grepthis#Heat_And_Mass_Transfer_V._K._Dwivedi_1752/CH6/EX6.3/exa6_3.sce #
 
 
 
 
 
 
 
 
 
 
 
 
 
 
 
 
 
 
 
 
 
 
 Heat transfer rate is : 5067092.7 J/h   
 
 
grepthis#Heat_And_Mass_Transfer_V._K._Dwivedi_1752/CH6/EX6.4/exa6_4.sce #
 
 
 
 
 
 
 
 
 
 
 
 
 
 
 
 
 
 
 
 
 
 
 
 
 (i) Heat transfer coefficient is : 6.9700946 W/m^2K   
 
 
 
 
 
 
 
 
 (ii) Initial rate of cooling of the plate is : 3.3854745 degreeC /min   
 
 
 
 
 
 
 
 
 
 (iii) Time required to cool plate from 200 degree C to 50 degree C is : 107.46 
      241 minutes                                                               
 
grepthis#Heat_And_Mass_Transfer_V._K._Dwivedi_1752/CH6/EX6.5/exa6_5.sce #
 
 
 
 
 
 
 
 
 
 
 
 
 
 
 
 
 
 
 
 
 Heat Transfer (loss) from plate= heat loss from vertical part + heat transfer  
      from horizontal part by convection + heat transfer by radiation           
 
 
 
 
 
 
 
 
 
 
 
 
 
 Heat loss from vertical part is : 1.5718385 kW   
 
 
 
 
 
 
 
 
 
 
 
 
 
 
 Heat loss for horizontal part is : 6.4469149 kW   
 
 
 
 
 
 
 
 
 
 
 
 Heat loss by radiation is : 11.530154 kW   
 
 
 
 
 
 Total heat loss is : 19.548908 kW   
 
 
 
 
 
 
 
 
 
 
 
grepthis#Heat_And_Mass_Transfer_V._K._Dwivedi_1752/CH6/EX6.6/exa6_6.sce #
 
 
 
 
 
 
 
 
 
 
 
 
 
 
 
 
 
 
 
 
 
 
 
 
 
 
 
 
 
 
 
 Heat loss per meter length of pipe is : 272.62448 watt   
 
 
 
 
 
 
 
grepthis#Heat_And_Mass_Transfer_V._K._Dwivedi_1752/CH6/EX6.7/exa6_7.sce #
 
 
 
 
 
 
 
 hx  =
 
 10*x^(-1/4)   
 
 
 
 
 (a) Average heat transfer coefficient is : 10.131142 W/m^2K   
 
 
 
 
 
 
 
 
 
 (b) Heat transfer rate is : 1276.524 W   
 
 
 
 
 
 
 Local heat flux 2 m from the leading edge is : 1177.255 W/m^2   
 
 
grepthis#Heat_And_Mass_Transfer_V._K._Dwivedi_1752/CH6/EX6.8/exa6_8.sce #
 
 
 
 
 
 
 
 
 
 
 
 
 
 
 
 
 
 
 
 
 
 
 
 
 
 
 Heat transfer rate is : 11.417654 watt   
 
 
grepthis#Heat_And_Mass_Transfer_V._K._Dwivedi_1752/CH6/EX6.9/exa6_9.sce #
 
 
 
 
 
 
 
 
 
 
 
 
 
 
 
 
 
 
 
 
 
 
 
 
 
 
 
 
 
 
 
 
 
 Total heat transfer rate is : 1863.0178 W   
 
 
 
 
 
 
 Overall heat transfer coefficient is : 13.178155 W/m^2 degree C   
 
 
