ERROR: Elementary_Principles_Of_Chemical_Processes_R._M._Felder_And_R._W._Rousseau_575/CH2/EX2.7.1/2_7_1.sce
[2J[0;0H 
 pathname  =
 
 /home/fossee/Downloads/set/set8/s_Elementary_Principles_Of_Chemical_Processes_R._M._Felder_And_R._W._Rousseau_575.zip/Elementary_Principles_O 
      f_Chemical_Processes_R._M._Felder_And_R._W._Rousseau_575/CH2/EX2.7.1/                                                                    
 
 filename  =
 
 /home/fossee/Downloads/set/set8/s_Elementary_Principles_Of_Chemical_Processes_R._M._Felder_And_R._W._Rousseau_575.zip/Elementary_Principles_O 
      f_Chemical_Processes_R._M._Felder_And_R._W._Rousseau_575/CH2/EX2.7.1//271.sci                                                            
 
exec(filename)
               !--error 241 
File "/home/fossee/Downloads/set/set8/s_Elementary_Principles_Of_Chemical_Processes_R._M._Felder_And_R._W._Rousseau_575.zip/Elementary_Principles_Of_Chemical_Processes_R._M._Felder_And_R._W._Rousseau_575/CH2/EX2.7.1//271.sci" does not exist.
at line       4 of exec file called by :    
rocesses_R._M._Felder_And_R._W._Rousseau_575/CH2/EX2.7.1/2_7_1.sce',-1
 
ERROR: Elementary_Principles_Of_Chemical_Processes_R._M._Felder_And_R._W._Rousseau_575/CH2/EX2.7.2/2_7_2.sce
[2J[0;0H 
 pathname  =
 
 /home/fossee/Downloads/set/set8/s_Elementary_Principles_Of_Chemical_Processes_R._M._Felder_And_R._W._Rousseau_575.zip/Elementary_Principles_O 
      f_Chemical_Processes_R._M._Felder_And_R._W._Rousseau_575/CH2/EX2.7.2/                                                                    
 
 filename  =
 
 /home/fossee/Downloads/set/set8/s_Elementary_Principles_Of_Chemical_Processes_R._M._Felder_And_R._W._Rousseau_575.zip/Elementary_Principles_O 
      f_Chemical_Processes_R._M._Felder_And_R._W._Rousseau_575/CH2/EX2.7.2//272.sci                                                            
 
exec(filename)
               !--error 241 
File "/home/fossee/Downloads/set/set8/s_Elementary_Principles_Of_Chemical_Processes_R._M._Felder_And_R._W._Rousseau_575.zip/Elementary_Principles_Of_Chemical_Processes_R._M._Felder_And_R._W._Rousseau_575/CH2/EX2.7.2//272.sci" does not exist.
at line       4 of exec file called by :    
rocesses_R._M._Felder_And_R._W._Rousseau_575/CH2/EX2.7.2/2_7_2.sce',-1
 
ERROR: Elementary_Principles_Of_Chemical_Processes_R._M._Felder_And_R._W._Rousseau_575/CH8/EX8.5.5/8_5_5.sce
[2J[0;0H 
 pathname  =
 
 /home/fossee/Downloads/set/set8/s_Elementary_Principles_Of_Chemical_Processes_R._M._Felder_And_R._W._Rousseau_575.zip/Elementary_Principles_O 
      f_Chemical_Processes_R._M._Felder_And_R._W._Rousseau_575/CH8/EX8.5.5/                                                                    
 
 filename  =
 
 /home/fossee/Downloads/set/set8/s_Elementary_Principles_Of_Chemical_Processes_R._M._Felder_And_R._W._Rousseau_575.zip/Elementary_Principles_O 
      f_Chemical_Processes_R._M._Felder_And_R._W._Rousseau_575/CH8/EX8.5.5//855.sci                                                            
 
exec(filename)
               !--error 241 
File "/home/fossee/Downloads/set/set8/s_Elementary_Principles_Of_Chemical_Processes_R._M._Felder_And_R._W._Rousseau_575.zip/Elementary_Principles_Of_Chemical_Processes_R._M._Felder_And_R._W._Rousseau_575/CH8/EX8.5.5//855.sci" does not exist.
at line       4 of exec file called by :    
rocesses_R._M._Felder_And_R._W._Rousseau_575/CH8/EX8.5.5/8_5_5.sce',-1
 
