Total number of .sce files(without counting DEPENDENCIES directory): 179

grepthis#Electronic_Devices_And_Circuits__J._Paul_2045/CH1/EX1.1/Ex1_1.sce #
 
 
 
 
 
 
 
 
 
 
 
 
 
 
 minority concentration   =   2.250D+12per metre square   
 
 
 shift in fermi   =   0.2289268volt   
 
 
 minority concentration when n doubled   =   9.000D+12per cubic metre   
 
 
 
 
 
grepthis#Electronic_Devices_And_Circuits__J._Paul_2045/CH1/EX1.2/Ex1_2.sce #
 
 
 
 
 
 
 
 
 
 
 
 
 
 
 conductivity   =   43820160second per metre   
 
 
 drift velocity   =   10.44metre per second   
 
 
 density   =   1.31460D+11ampere per cubic metre   
 
 
 
 
 
grepthis#Electronic_Devices_And_Circuits__J._Paul_2045/CH1/EX1.3/Ex1_3.sce #
 
 
 
 moe  =
 
    3800.  
 
 
 
 
 
 
 
 
 
 
 conductivity   =   0.0224second per centimetre   
 
 
 conductivity at extent of 1 impurity   =   0.304second per centimetre   
 
 
 
 conductivity  acceptor to extent of 1 impurity   =   1.29888second per centimetre   
 
 
 
 
 
grepthis#Electronic_Devices_And_Circuits__J._Paul_2045/CH1/EX1.4/Ex1_4.sce #
 
 
 
 
 
 
 
 
 
 
 
 
 
 
 conductivity intrinisc at 300kelvin   =   0.0000043second per centimetre   
 
 
 conductivity when donor atom added to extent of 1 impurity   =   0.104second per centimetre   
 
 
 
 
 conductivity when acceptor added to extent of 1 impurity   =   0.04second per centimetre   
 
 
 
 
grepthis#Electronic_Devices_And_Circuits__J._Paul_2045/CH1/EX1.5/Ex1_5.sce #
 
 
 
 
 
 
 
 
 
 
 
 
 
 
 conductivity intrinisc at 300kelvin   =   0.0224second per centimetre   
 
 
 conductivity with donor impurity 1   =   27.36second per centimetre   
 
 
 
 
 
 conductivity with acceptor impurity 1   =   1.296second per centimetre   
 
 
 
 
 
 conductivity on both   =   24.624second per centimetre   
 
 
grepthis#Electronic_Devices_And_Circuits__J._Paul_2045/CH1/EX1.6/Ex1_6.sce #
 
 
 
 
 
 
 
 fermi   =   0.33electron volt   
 
 
 fermi below the conduction band   
 
 
 
 
 
grepthis#Electronic_Devices_And_Circuits__J._Paul_2045/CH1/EX1.7/Ex1_7.sce #
 
 
 
 
 
 
 
 fermi   =   0.1653426electron volt   
 
 
 
 
 
 
grepthis#Electronic_Devices_And_Circuits__J._Paul_2045/CH1/EX1.8/Ex1_8.sce #
 
 
 
 
 
 
 
 
 
 
 
 
 
 
 
 
 
 
 
 
 
 
 
 
 
 
 
 
 
 resistance   =   1570.3911ohm   
 
 
 
 
 
grepthis#Electronic_Devices_And_Circuits__J._Paul_2045/CH1/EX1.9/Ex1_9.sce #
 
 
 
 
 
 
 
 
 
 
 concentration of electron   =   8.660D+09per cubic centimetre   
 
 
 concentration of holes   =   2.598D+10per cubic centimetre   
 
 
grepthis#Electronic_Devices_And_Circuits__J._Paul_2045/CH1/EX1.10/Ex1_10.sce #
 
 
 
 
 
 
 
 concentration of hole   =   1.085D+21per cubic centimetre   
 
 
 concentration of electron   =   2.074D+11per cubic centimetre   
 
 
 
 
 
grepthis#Electronic_Devices_And_Circuits__J._Paul_2045/CH1/EX1.11/Ex1_11.sce #
 
 
 
 
 
 
 
 
 
 
 concentration of acceptor atoms   =   6.250D+19per cubic metre   
 
 
 
grepthis#Electronic_Devices_And_Circuits__J._Paul_2045/CH1/EX1.12/Ex1_12.sce #
 
 
 
 
 
 
 
 
 dn constants   =   98.8square metre per second   
 
 
 dp constants   =   33.8square metre per second   
 
 
 
 
grepthis#Electronic_Devices_And_Circuits__J._Paul_2045/CH1/EX1.13/Ex1_13.sce #
 
 
 
 
 distance of fermi level from center   =   0.0214229   electron volt   
 
 
 
 
grepthis#Electronic_Devices_And_Circuits__J._Paul_2045/CH1/EX1.14/Ex1_14.sce #
 
 
 
 
 
 
 
 
 
 
 
 resistivity   =   44.642857   ohm centimetre   
 
 
 resistivity equal to 45   
 
 
 
 
 
 
 
 
 
 resistivity   =   32.422363   ohm centimetre   
 
 
 resistivity equal to 32.4   
 
 
 
 
grepthis#Electronic_Devices_And_Circuits__J._Paul_2045/CH1/EX1.15/Ex1_15.sce #
 
 
 
 
 
 
 
 
 
 
 
 
 
 
 
 concentration of the a free electrons   =   10500   
 
 
 
 concentration of the a free holes   =   1.000D+14   
 
 
 
 sample p   
 
 
 
 
 
 
 
 n   =   1.000D+15electrons per cubic centimetre   
 
 
 
 p   =   1.100D+15holes per cubic centimetre   
 
 
 
 
 essentially intrinsic   
 
 
 
 
grepthis#Electronic_Devices_And_Circuits__J._Paul_2045/CH1/EX1.16/Ex1_16.sce #
 
 
 
 
 
 
 
 
 concentration of n   =   6.000D+08electrons per cubic centimetre   
 
 
 
 concentration of holes   =   1.042D+18holes per cubic centimetre   
 
 
 
grepthis#Electronic_Devices_And_Circuits__J._Paul_2045/CH1/EX1.17/Ex1_17.sce #
 
 
 
 
 
 
 
 
 
 
 
 
 
 
 
 
 
 current density   =   0.168352ampere per square centimetre   
 
 
 
 
grepthis#Electronic_Devices_And_Circuits__J._Paul_2045/CH1/EX1.18/Ex1_18.sce #
 
 
 
 
 
 
 
 
 
 resistivity   =   1.25ohm centimetre   
 
 
 
 
grepthis#Electronic_Devices_And_Circuits__J._Paul_2045/CH1/EX1.19/Ex1_19.sce #
 
 
 
 
 
 
 
 
 
 
 voltage across sample   =   9.375volt   
 
 
 
 
 drift velocity   =   37.5metre per second   
 
 
 
 
 transverse force per  coulomb   =   1.875newton per coulomb   
 
 
 
 
 transverse electric field   =   1.875volt per metre   
 
 
 
 
 
 
 hall voltage   =   0.016875volt   
 
 
 
 
 
 
 
grepthis#Electronic_Devices_And_Circuits__J._Paul_2045/CH1/EX1.20/Ex1_20.sce #
 
 
 
 
 
 
 
 
 
 
 resistivity at 300kelvin   =   231481.48ohm centimetre   
 
 
 
 
 
 
 
 resistivity at impurity of 1 atom included per 10^5 atoms   =   0.0096154ohm centimetre   
 
 
 
 
 
 
grepthis#Electronic_Devices_And_Circuits__J._Paul_2045/CH1/EX1.21/Ex1_21.sce #
 
 
 
 
 
 
 
 
 ec-ef   =   -0.1977852   
 
 
 
 
 
 
 ec-ef   =   0.0416837electron volt   ef above ec   
 
 
 
 impurities included per germanium atoms   =   0.0002   
 
 
grepthis#Electronic_Devices_And_Circuits__J._Paul_2045/CH1/EX1.22/Ex1_22.sce #
 
 
 
 
 
 
 
 
 
 
 ef-ec   =   0.1529244electron volt   
 
 
 
 
 
 ef-ec   =   0.0331900electron volt   
 
 
 
 
 
 temperature   =   240.33253kelvin   
 
 
 
grepthis#Electronic_Devices_And_Circuits__J._Paul_2045/CH1/EX1.24/Ex1_24.sce #
 
 
 
 
 
 
 
 
 
 
 
 
 mobilty   =   0.12metre square per velocity second   
 
 
 
 
 
grepthis#Electronic_Devices_And_Circuits__J._Paul_2045/CH2/EX2.1/Ex2_1.sce #
 
 
 
 
 
 
 
 up  =
 
    500.  
 ni  =
 
    15.  
 
 
 ratio of reverse saturation current   =   4963.3618   
 
 
 
 
 
 
 
grepthis#Electronic_Devices_And_Circuits__J._Paul_2045/CH2/EX2.2/Ex2_2.sce #
 
 
 
 
 
 
 
 
 
 
 
 reverse current ratio   =   7.788D-09   
 
 
grepthis#Electronic_Devices_And_Circuits__J._Paul_2045/CH2/EX2.3/Ex2_3.sce #
 
 
 
 
 
 
 
 
 
 reverse saturation current   =   0.0000035ampere   
 
 
 
 
grepthis#Electronic_Devices_And_Circuits__J._Paul_2045/CH2/EX2.4/Ex2_4.sce #
 
 
 
 
 
 
 
 
 
 voltage at which the reverse saturation current at saturate   =   -0.0598672volt   
 
 
 reverse saturation current   =   -6.8419784ampere   
 
 
 reverc  =
 
    0.0004581  
 
 reverse saturation current 0.1   =   0.0004581ampere   
 reverc  =
 
    0.0219043  
 
 reverse saturation current 0.2   =   0.0219043ampere   
 reverc  =
 
    1.0258549  
 
 reverse saturation current 0.3   =   1.0258549ampere   
 
 
 
 
 
 
grepthis#Electronic_Devices_And_Circuits__J._Paul_2045/CH2/EX2.6/Ex2_6.sce #
 
 
 
 
 
 
 
 
 capacitance   =   7.083D-11farad   
 
 
 
 
 
grepthis#Electronic_Devices_And_Circuits__J._Paul_2045/CH2/EX2.7/Ex2_7.sce #
 
 
 
 
 
 
 width of depletion layer at -10   =   0.0000077metre   
 
 width of depletion layer at -0.1   =   0.0000013metre   
 
 width of depletion layer at 0.1   =   0.0000008metre   
 
 
 
 capacitance at -10   =   1.566D-11farad   
 
 capacitance at -0.1   =   9.129D-11farad   
 
 
 
grepthis#Electronic_Devices_And_Circuits__J._Paul_2045/CH2/EX2.8/Ex2_8.sce #
 
 
 
 
 
 
 
 maximum forward current   =   2.2222222ampere   
 
 
 
 
 forward diode resistance   =   0.405ohm   
 
 
 
grepthis#Electronic_Devices_And_Circuits__J._Paul_2045/CH2/EX2.11/Ex2_11.sce #
 
 
 
 
 
 
 alpha   =   104.85572degre   
 
 
grepthis#Electronic_Devices_And_Circuits__J._Paul_2045/CH2/EX2.12/Ex2_12.sce #
 
 
 
 
 
 
 
 
 
 
 inductance   =   3022899.3henry   
 
 
 output voltage   =   31.030919volt   
 
 
grepthis#Electronic_Devices_And_Circuits__J._Paul_2045/CH2/EX2.14/Ex2_14.sce #
 
 
 
 
 
 
 
 
 
 
 
 
 
 ripple voltage   =   0.0934625volt   
 
 
 
 
 ripple voltage including filters   =   118.49173volt   
 
 
 
 
 
 ripple voltage   =   0.0039659volt   
 
 
grepthis#Electronic_Devices_And_Circuits__J._Paul_2045/CH2/EX2.15/Ex2_15.sce #
 
 
 
 
 
 
 
 
 
 
 voltage and ripple with load   
 
 
 
 
 
 vdc   =   250.21471volt   
 
 
 ripple   =   0.0312602   
 
 
 
 capacitance connected across load   
 
 
 
 
 vdc   =   497.91382volt   
 
 
 ripple   =   0.0375879   
 
 
 
 filter containing two inductors and capacitors in parallel   
 
 
 
 
 vdc   =   250volt   
 
 
 ripple   =   0.0006484   
 
 
 
 two filter   
 
 
 
 
 vdc   =   250volt   
 
 
 ripple   =   0.0000048   
 
 
 
 
 vdc   =   358.25549volt   
 
 
 ripple   =   0.0001611   
 
 
grepthis#Electronic_Devices_And_Circuits__J._Paul_2045/CH2/EX2.16/Ex2_16.sce #
 
 
 
 
 
 
 
 
 
 
 output voltage   =   362.13907volt   
 
 
 ripple voltage   =   0.0014607   
 
 
grepthis#Electronic_Devices_And_Circuits__J._Paul_2045/CH2/EX2.17/Ex2_17.sce #
 
 
 
 
 
 
 
 
 
 
 
 
 
 inductance of filter   =   4.9751056henry   
 
 
 resistance of filter   =   250ohm   
 
 
 
grepthis#Electronic_Devices_And_Circuits__J._Paul_2045/CH2/EX2.18/Ex2_18.sce #
 
 
 
 
 
 
 
 
 current   =   0.0002831ampere   
 
 current at 100celsius rise   
 
 current   =   0.0006807ampere   
 
 
 
grepthis#Electronic_Devices_And_Circuits__J._Paul_2045/CH2/EX2.19/Ex2_19.sce #
 
 
 
 
 
 
 
 
 
 
 thermal voltage   =   0.026volt   
 
 
 barrier voltage   =   0.5346488volt   
 
 
grepthis#Electronic_Devices_And_Circuits__J._Paul_2045/CH2/EX2.20/Ex2_20.sce #
 
 
 
 
 
 
 current   =   0.0000092ampere   
 
 
grepthis#Electronic_Devices_And_Circuits__J._Paul_2045/CH2/EX2.21/Ex2_21.sce #
 
 
 
 
 
 
 
 
 
 
 resistance at 150mvolt   =   80.739012ohm   
 
 
 
grepthis#Electronic_Devices_And_Circuits__J._Paul_2045/CH2/EX2.22/Ex2_22.sce #
 
 
 
 
 
 
 change in barrier   =   0.1796016volt   
 
 
grepthis#Electronic_Devices_And_Circuits__J._Paul_2045/CH2/EX2.23/Ex2_23.sce #
 
 
 
 
 
 
 
 
 
 
 
 
 depletion capacitance   =   1.090D-11farad   
 
 
 
 
 
 capacitance   =   0.0000004farad   
 
 
 
 
 
 
grepthis#Electronic_Devices_And_Circuits__J._Paul_2045/CH2/EX2.24/Ex2_24.sce #
 
 
 
 
 
 
 potential germanium   =   0.3417981volt   
 
 potential silicon   =   0.7391677volt   
 
 
grepthis#Electronic_Devices_And_Circuits__J._Paul_2045/CH2/EX2.25/Ex2_25.sce #
 
 
 
 
 
 
 
 
 
 electrons density   =   9.615D+20per cubic metre   
 
 
 holes density   =   1.250D+23per cubic metre   
 
 
 
grepthis#Electronic_Devices_And_Circuits__J._Paul_2045/CH3/EX3.1/Ex3_1.sce #
 
 
 
 
 
 
 
 
 
 
 
 
 
 
 
 
 resistance range from 196 to 217.77778ohms   
 
 
 resistance range at 50 from 146 to 167.77778ohms   
 
 
 
 
 
grepthis#Electronic_Devices_And_Circuits__J._Paul_2045/CH3/EX3.2/Ex3_2.sce #
 
 
 
 
 
 
 
 
 
 
 voltage drop   =   5.675volts   
 
 
 
grepthis#Electronic_Devices_And_Circuits__J._Paul_2045/CH3/EX3.3/Ex3_3.sce #
 
 
 
 
 
 
 
 
 fi0   =   4.957   
 
 
 
 
 
grepthis#Electronic_Devices_And_Circuits__J._Paul_2045/CH3/EX3.4/Ex3_4.sce #
 
 
 
 
 
 current   =   0.0000995ampere   
 
 
 
 
 
 
 
 resistance   =   160800ohm   
 
 
 r1   =   159800ohm   
 
 
 r2   =   40200ohm   
 
 
 
 
grepthis#Electronic_Devices_And_Circuits__J._Paul_2045/CH3/EX3.6/Ex3_6.sce #
 
 
 
 vone  =
 
    300.  
 
 
 
 
 
 
 maximum current   =   0.035ampere   
 
 
 
 
 v1 minimum   =   262.5volt   
 
 v1 maximum   =   393.75volt   
 
 
 
 
grepthis#Electronic_Devices_And_Circuits__J._Paul_2045/CH3/EX3.7/Ex3_7.sce #
 
 
 
 
 
 
 
 
 width   =   2.222D-08metre   
 
 
 
 
 
grepthis#Electronic_Devices_And_Circuits__J._Paul_2045/CH4/EX4.1/Ex4_1.sce #
 
 
 
 
 
 
 
 
 
 
 
 
 
 
 
 
 r1   =   19990.909ohm   
 
 
 
 
 
grepthis#Electronic_Devices_And_Circuits__J._Paul_2045/CH4/EX4.2/Ex4_2.sce #
 
 
 
 
 
 
 
 
 
 
 
 
 rb   =   21500ohm   
 
 
 rc   =   700ohm   
 
 
 
 
 rb at emitter resistance 100ohm   =   18950ohm   
 
 
 
 
 
grepthis#Electronic_Devices_And_Circuits__J._Paul_2045/CH4/EX4.5/Ex4_5.sce #
 
 
 
 
 
 
 
 
 
 max resistance   =   76562.5ohm   
 
 
 
 
 
 
 
 u  =
 
    15.040774  
 
 
 
 baseresistance   =   100000ohm   
 
 
 temperature   =   46.69925celsius   
 
 
grepthis#Electronic_Devices_And_Circuits__J._Paul_2045/CH4/EX4.6/Ex4_6.sce #
 
 
 
 
 
 
 
 
 
 
 min resistance   =   3769.2308ohm   
 
 
 
grepthis#Electronic_Devices_And_Circuits__J._Paul_2045/CH4/EX4.7/Ex4_7.sce #
 
 
 
 
 
 
 
 
 
 
 
 
 
 
 
 
 in saturation mode   
 
 
 vo   =   3.5119658volt   
 
 
 emitter resistance   <   688.57932ohm   
 
 
 
 
grepthis#Electronic_Devices_And_Circuits__J._Paul_2045/CH4/EX4.9/Ex4_9.sce #
 
 
 
 
 
 
 
 
 
 
 the operating point at vbb   =   1volt ic   =   0.0025ampere vce   =   7 volt   
 
 the operating point at vbb   =   12volt ic   =   0.00595ampere vce   =   -176.33333 volt   
 
 
 
 
 beta at saturation   =   6.3185841   
 
 
 
grepthis#Electronic_Devices_And_Circuits__J._Paul_2045/CH4/EX4.10/Ex4_10.sce #
 
 
 
 
 
 
 rb/re<<1   
 
 
grepthis#Electronic_Devices_And_Circuits__J._Paul_2045/CH4/EX4.11/Ex4_11.sce #
 
 
 
 
 
 
 
 
 
 
 current   =   0.001ampere   
 
 
 
grepthis#Electronic_Devices_And_Circuits__J._Paul_2045/CH4/EX4.12/Ex4_12.sce #
 
 
 
 
 
 
 
 
 
 
 
 
 
 
 vce   =   5.7029703volt   
 
 
 collector current   =   0.0010495ampere   
 
 
grepthis#Electronic_Devices_And_Circuits__J._Paul_2045/CH4/EX4.13/Ex4_13.sce #
 
 
 
 
 
 
 revcur  =
 
    0.018  
 
 
 
 
 
 
 
 
 
 
 
 
 
 
 r1   =   4.2181392times r2   
 
 
 if r2 is 1200ohm   
 
 
 r1   =   5061.7671ohm   
 
 
 
 r2   =   1200ohm   
 
 
grepthis#Electronic_Devices_And_Circuits__J._Paul_2045/CH4/EX4.14/Ex4_14.sce #
 
 
 
 
 
 
 
 
 collector current   =   0.002495ampere   
 
 
 
 emitter current   =   0.00252ampere   
 
 
 
 collector current with ib   =   0.002475ampere   
 
 
 
 emitter current   =   0.0025ampere   
 
 
 
 error   =   0.0079365   
 
 
 
 
 
grepthis#Electronic_Devices_And_Circuits__J._Paul_2045/CH4/EX4.15/Ex4_15.sce #
 
 
 
 
 
 
 
 
 
 
 
 resistance   =   381879.22ohm   
 
 
 
 stability   =   22.624219   
 
 
 
 
grepthis#Electronic_Devices_And_Circuits__J._Paul_2045/CH4/EX4.16/Ex4_16.sce #
 
 
 vcc  =
 
    1.5  
 
 
 
 
 
 
 
 
 
 
 
 current   =   0.0006685ampere   
 
 vce   =   2.6872889volt   
 
 resistance   =   690ohm   
 
 current   =   0.0006360ampere   
 
 vce   =   2.629556volt   
 
 
grepthis#Electronic_Devices_And_Circuits__J._Paul_2045/CH4/EX4.17/Ex4_17.sce #
 
 
 
 
 
 
 
 
 
 
 
 base resistance   =   62500ohm   
 
 
 stability   =   26   
 
 
 
 
 
grepthis#Electronic_Devices_And_Circuits__J._Paul_2045/CH4/EX4.18/Ex4_18.sce #
 
 
 
 
 
 
 
 junction temperature   =   51celsius   
 
 
 
 
 
 
grepthis#Electronic_Devices_And_Circuits__J._Paul_2045/CH4/EX4.19/Ex4_19.sce #
 
 
 
 
 
 
 
 
 
 
 dissipation   =   9.7467249watt   
 
 
 
grepthis#Electronic_Devices_And_Circuits__J._Paul_2045/CH4/EX4.21/Ex4_21.sce #
 
 
 
 
 
 
 
 alpha   =   0.995   
 
 
 beta   =   199   
 
 
 
 
 
grepthis#Electronic_Devices_And_Circuits__J._Paul_2045/CH4/EX4.22/Ex4_22.sce #
 
 
 
 
 
 
 alpha   =   0.9900990   
 
 
grepthis#Electronic_Devices_And_Circuits__J._Paul_2045/CH4/EX4.23/Ex4_23.sce #
 
 
 
 
 
 
 
 ic   =   0.0066667ampere   
 
 
 
 
 
 
grepthis#Electronic_Devices_And_Circuits__J._Paul_2045/CH4/EX4.24/Ex4_24.sce #
 
 
 
 
 
 
 
 
 collector current   =   0.000981ampere   
 
 
 base current   =   0.000019ampere   
 
 
 
 
grepthis#Electronic_Devices_And_Circuits__J._Paul_2045/CH4/EX4.25/Ex4_25.sce #
 
 
 
 
 
 
 
 
 
 
 
 vce   =   8volt   
 
 
 emitter resistance   =   50ohm   
 
 
 
 
 
grepthis#Electronic_Devices_And_Circuits__J._Paul_2045/CH4/EX4.26/Ex4_26.sce #
 
 
 
 
 
 
 
 
 
 emitter current   =   0.0192517ampere   
 
 collector to emitter   =   3.1122517volt   
 
 collector to emitter   =   -15.176821volt   
 
 collector current   =   0.0054545ampere   
 
 
 
 
 
 
 
grepthis#Electronic_Devices_And_Circuits__J._Paul_2045/CH4/EX4.27/Ex4_27.sce #
 
 
 
 
 
 
 
 
 
 
 
 
 
 
 
 
 
 
 
 resistance   =   3928.5714ohm   
 
 
 resistance r1    =   51281.874ohm   
 
 
 resistance r2   =   34645.75ohm   
 
 
 
 
grepthis#Electronic_Devices_And_Circuits__J._Paul_2045/CH4/EX4.28/Ex4_28.sce #
 
 
 
 
 
 
 
 
 
 
 
 
 
 
 base current   =   -0.0000422ampere   
 
 
 collector current   =   -0.0021120ampere   
 
 
 emitter current   =   -0.0021542ampere   
 
 
 vcb   =   5.9895829volt   
 
 
 the collector base junction is reverse biased the transistor in active region   
 
 
 
 
grepthis#Electronic_Devices_And_Circuits__J._Paul_2045/CH4/EX4.29/Ex4_29.sce #
 
 
 
 
 
 
 
 
 
 
 
 
 
 
 collector current   =   0.0009490ampere   
 
 
 collector emitter voltage   =   6.3061224volt   
 
 
 
 
 
 
 
grepthis#Electronic_Devices_And_Circuits__J._Paul_2045/CH4/EX4.30/Ex4_30.sce #
 
 
 
 
 
 
 
 
 
  base resistance   =   49500ohm   
 
 
 
 
grepthis#Electronic_Devices_And_Circuits__J._Paul_2045/CH4/EX4.31/Ex4_31.sce #
 
 
 
 
 
 
 
 
 
 
 
 base current   =   0.0000091ampere   
 
 
 collector current   =   0.0009083ampere   
 
 
 emitter current   =   0.0009173ampere   
 
 
 
 
grepthis#Electronic_Devices_And_Circuits__J._Paul_2045/CH4/EX4.32/Ex4_32.sce #
 
 
 
 
 
 
 
 
 
 
 
 
 
 collector current   =   0.0019800ampere   
 
 
 emitter current   =   -0.0020000ampere   
 
 
 collector emitter voltage   =   5.339998volt   
 
 
grepthis#Electronic_Devices_And_Circuits__J._Paul_2045/CH4/EX4.33/Ex4_33.sce #
 
 
 
 
 
 
 
 
 
 
 
 
 
 base current   =   0.0000215ampere   
 
 
 collector current   =   0.00215ampere   
 
 
 emitter current   =   0.0021715ampere   
 
 
 
 
 
 
 base current   =   0.0000256ampere   
 
 
 collector current   =   0.0025622ampere   
 
 
 emitter current   =   0.0025878ampere   
 
 
 
grepthis#Electronic_Devices_And_Circuits__J._Paul_2045/CH4/EX4.34/Ex4_34.sce #
 
 
 
 
 
 
 
 
 
 
 
 
 emitter current   =   0.002ampere   
 
 
 collector current   =   0.002ampere   
 
 
 voltage   =   10volt   
 
 
 vcb   =   2volt   
 
 
 emitter resistance   =   6000ohm   
 
 
 
 
 
 
grepthis#Electronic_Devices_And_Circuits__J._Paul_2045/CH4/EX4.35/Ex4_35.sce #
 
 
 
 
 
 resistance at 0volt   80000ohm   
 
 resistance at 0.7volt   66000ohm   
 
 vbb at 12volt   
 
 resistance at 0volt   240000ohm   
 
 resistance at 0.7volt   226000ohm   
 
 
 
 
 
grepthis#Electronic_Devices_And_Circuits__J._Paul_2045/CH4/EX4.36/Ex4_36.sce #
 
 
 
 
 
 
 
 beta   =   99.961538   
 
 
 
 
 ie   =   0.00525ampere   
 
 
 
 alpha   =   0.9996154   
 
 
 
 
 
 
 
 
 
 ib   =   0.0000980ampere   
 
 
grepthis#Electronic_Devices_And_Circuits__J._Paul_2045/CH4/EX4.37/Ex4_37.sce #
 
 
 
 
 
 
 
 collector current at beta 160   =   0.0010733ampere   
 
 vce at beta 160   =   -5.6900621volt   
 
 collector current at beta 80   =   0.0010667ampere   
 
 vce at beta 80   =   -3.0333333volt   
 
 
grepthis#Electronic_Devices_And_Circuits__J._Paul_2045/CH4/EX4.38/Ex4_38.sce #
 
 
 
 
 
 
 
 
 
 
 
 
 rb   =   630000 ohm   
 
 
 
 
 stability   =   56.506608   
 
 
 
 
 new point   
 
 
 
 
 ic   =   0.0006420 ampere   
 
 
 
 vce   =   8.7897727 volt   
 
 
grepthis#Electronic_Devices_And_Circuits__J._Paul_2045/CH4/EX4.39/Ex4_39.sce #
 
 
 
 
 
 
 
 
 
 
 
 
 
 
 
 new point   
 
 
 vce   =   4.2105263 volt   
 
 
 ic   =   0.0019259 ampere   
 
 
 
 
grepthis#Electronic_Devices_And_Circuits__J._Paul_2045/CH4/EX4.40/Ex4_40.sce #
 
 
 
 
 
 
 
 
 
 
 
 re   =   1300 ohm   
 
 
 
 
 
 
 r1   =   26233.184 ohm   
 
 
 
 
 r2   =   3725.6624 ohm   
 
 
 
grepthis#Electronic_Devices_And_Circuits__J._Paul_2045/CH4/EX4.41/Ex4_41.sce #
 
 
 
 
 
 
 
 
 
 
 ib   =   0.0000287 ampere   
 
 
 
 
 ic   =   0.0035833 ampere   
 
 
 ie   =   0.003612 ampere   
 
 
 
grepthis#Electronic_Devices_And_Circuits__J._Paul_2045/CH4/EX4.42/Ex4_42.sce #
 
 
 
 
 
 
 
 
 
 
 
 
 
 re   =   1033.3333ohm   
 
 
 rb   =   4485.1064ohm   
 
 
 
grepthis#Electronic_Devices_And_Circuits__J._Paul_2045/CH4/EX4.43/Ex4_43.sce #
 
 
 
 
 
 r1  =
 
    3.8  
 
 
 r1   =   3.8*r2   
 
 
 
 
 
 
grepthis#Electronic_Devices_And_Circuits__J._Paul_2045/CH4/EX4.45/Ex4_45.sce #
 
 
 
 
 
 
 
 
 
 
 rb at 75 celsius   =   14062.5ohm   
 
 
 
 icb   =   0.000018ampere   
 
 
 
 temperature at which current till max   =   58.3985celsius   
 
 
 
grepthis#Electronic_Devices_And_Circuits__J._Paul_2045/CH4/EX4.46/Ex4_46.sce #
 
 
 
 
 
 
 
 
 
 
 
 min collector resistance   =   4558.1395ohm   
 
 
grepthis#Electronic_Devices_And_Circuits__J._Paul_2045/CH4/EX4.47/Ex4_47.sce #
 
 
 
 
 
 
 
 
 
 
 
 
 ib2   =   0.004ampere   
 
 
 ie1   =   -0.004ampere   
 
 
 
 
 
 
 
 ic2   =   0.096ampere   
 
 
 ib1   =   0.00008ampere   
 
 
 ic1   =   0.00392ampere   
 
 
 
 
 
 
 
 ic   =   0.09992ampere   
 
 
 ic/ib   =   1249   
 
 
 ic/ie   =   -0.9992   
 
 
 vce   =   12.0096volt   
 
 
 
 
grepthis#Electronic_Devices_And_Circuits__J._Paul_2045/CH5/EX5.1/Ex5_1.sce #
 
 
 
 
 
 
 
 
 
 
 
 
 
 
 
 
 voltage gain   =   -50   
 
 
 
 input resistance   =   2600ohm   
 
 
 
 
 ce removed   
 
 
 voltage gain   =   -14.184397   
 
 
 
 input resistance   =   12700ohm   
 
 
 
 
 
 
 
grepthis#Electronic_Devices_And_Circuits__J._Paul_2045/CH5/EX5.2/Ex5_2.sce #
 
 
 
 
 
 
 
 
 
 
 
 
 
 voltage gain   =   260<180   
 
 
 voltage gain reduced ce removed   
 
 
 when cb is   short circuited the voltage gain increased   
 
 
grepthis#Electronic_Devices_And_Circuits__J._Paul_2045/CH5/EX5.3/Ex5_3.sce #
 
 
 
 
 
 
 
 
 
 
 
 
 
 current gain   =   -11.616021   
 
 
 
 
 voltage gain   =   -46.464083   
 
 
 
 
 transconductance   =   -0.0116160ampere per volt   
 
 
 
 
 transresistance   =   -46464.083ohm   
 
 
 
 input resistance   =   1042.654ohm   
 
 
 
 
 
 
 
 output resistance   =   3636.3636ohm   
 
 
 
 
grepthis#Electronic_Devices_And_Circuits__J._Paul_2045/CH5/EX5.4/Ex5_4.sce #
 
 
 
 
 
 
 
 
 
 
 
 rb   =   235000ohm   
 
 
 
 
 
 
 rb including emitter resistance   =   230000ohm   
 
 
 
 
 
 
grepthis#Electronic_Devices_And_Circuits__J._Paul_2045/CH5/EX5.5/Ex5_5.sce #
 
 
 
 
 
 
 
 
 
 voltage gain with fedback   =   73.924292decibel   
 
 
 beta   =   0.0001199   
 
 
 
grepthis#Electronic_Devices_And_Circuits__J._Paul_2045/CH5/EX5.6/Ex5_6.sce #
 
 
 
 
 
 
 
 
 
 collector current   =   0.003ampere   
 
 
 emitter current   =   0.003ampere   
 
 
 base current   =   0.00003ampere   
 
 
grepthis#Electronic_Devices_And_Circuits__J._Paul_2045/CH5/EX5.7/Ex5_7.sce #
 
 
 
 
 
 
 
 zi  =
 
    800.  
 
 
 
 
 
 
 
 
 
 
 voltage gain   =   -125   
 
 
 
 
 power gain   =   6250   
 
 
 error without hoe   =   10   
 
 
 error   =   21   
 
 
 
grepthis#Electronic_Devices_And_Circuits__J._Paul_2045/CH5/EX5.8/Ex5_8.sce #
 
 
 
 
 
 
 
 
 
 
 
 
 
 
 emitter current   =   0.0019176ampere   
 
 
 vc   =   18.120008volt   
 
 
 collector emitter voltage   =   8.5320459volt   
 
 
 
 
 
grepthis#Electronic_Devices_And_Circuits__J._Paul_2045/CH5/EX5.9/Ex5_9.sce #
 
 
 
 
 
 
 
 
 
 
 
 voltage gain   =   395.48709   
 
 
grepthis#Electronic_Devices_And_Circuits__J._Paul_2045/CH5/EX5.10/Ex5_10.sce #
 
 
 
 
 
 
 
 
 
 
 voltage gain   =   0.9995052   
 
 
 input resistance   =   101050ohm   
 
 
grepthis#Electronic_Devices_And_Circuits__J._Paul_2045/CH5/EX5.11/Ex5_11.sce #
 
 
 
 
 
 
 
 
 
 
 emitter current   =   0.0041618ampere   
 
 
 vce   =   11.676303volt   
 
 
grepthis#Electronic_Devices_And_Circuits__J._Paul_2045/CH5/EX5.12/Ex5_12.sce #
 
 
 
 
 
 
 
 
 
 
 
 y1  =
 
    0.0000115  
 
 
 
 voltage gain   =   -313.90407   
 
 
 current gain   =   -100.54845   
 
 
 impedance   =   86666.667ohm   
 
 
 
 
 
 parameters using approxmiate   
 
 
 
 voltage gain   =   -323.125   
 
 
 current gain   =   -110   
 
 
 impedance   =   86666.667ohm   
 
 
 
 
 
 
 
grepthis#Electronic_Devices_And_Circuits__J._Paul_2045/CH5/EX5.13/Ex5_13.sce #
 
 
 
 
 
 
 
 
 
 
 input resistance   =   10001100ohm   
 
 
 
 
 voltage gain   =   0.9998900   
 
 
 
 
 
 
 
 
 current gain   =   -10000   
 
 
grepthis#Electronic_Devices_And_Circuits__J._Paul_2045/CH5/EX5.14/Ex5_14.sce #
 
 
 
 
 
 
 
 voltage gain   =   250<180   
 
 
 input impedance   =   2000ohm   
 
 
 current gain   =   100   
 
 
 
 
grepthis#Electronic_Devices_And_Circuits__J._Paul_2045/CH5/EX5.15/Ex5_15.sce #
 
 
 
 
 
 
 
 
 
 
 
 
 voltage gain   =   253.29341   
 
 
 
 
 
 
 
 input impedance   =   1546.3918   
 
 
 
 
 
 
 coordinates ic   =   0.0011364ampere vce   =  8.2954545volt   
 
 
grepthis#Electronic_Devices_And_Circuits__J._Paul_2045/CH5/EX5.16/Ex5_16.sce #
 
 
 
 
 
 
 
 
 
 
 current gain   =   57.142857   
 
 
 
 input impedance   =   115485.71ohm   
 
 
 
 voltage gain   =   0.9896091   
 
 
 
 
 
 output resistance   =   32558.14ohm   
 
 
 
grepthis#Electronic_Devices_And_Circuits__J._Paul_2045/CH5/EX5.17/Ex5_17.sce #
 
 
 
 
 
 
 
 
 
 
 
 
 
 
 
 
 
 
 
 
 voltage gain   =   -609.86014   
 
 
 current gain   =   -60   
 
 
 input impedance   =   501.75439ohm   
 
 
 output impedance   =   5100ohm   
 
 
grepthis#Electronic_Devices_And_Circuits__J._Paul_2045/CH5/EX5.18/Ex5_18.sce #
 
 
 
 
 
 
 
 
 
 
 
 
 
 input impedance   =   1817.303ohm   
 
 
 output impedance   =   4000ohm   
 
 
 voltage gain   =   -125   
 
 
 
 current gain   =   -56.79072   
 
 
 
 
 
 
 
 
 
 
 
 
 
 
 
 
 
 parameters in re   
 
 
 input impedance   =   1745.4135ohm   
 
 
 
 output impedance   =   4000ohm   
 
 
 
 voltage gain   =   -134.06567   
 
 
 
 current gain   =   -58.500009   
 
 
 
grepthis#Electronic_Devices_And_Circuits__J._Paul_2045/CH5/EX5.19/Ex5_19.sce #
 
 
 
 
 
 
 
 
 
 
 
 
 
 
 voltage gain   =   -0.0064202   
 
 
 
grepthis#Electronic_Devices_And_Circuits__J._Paul_2045/CH5/EX5.20/Ex5_20.sce #
 
 
 
 
 
 g  =
 
    0.04  
 
 
 
 
 
 
 
 
 
 
 
 
 
 
 
 
 upper frequency voltage gain   =   7213862.2hertz   
 
 
 
 upper current gain   =   3606931.1hertz   
 
 
grepthis#Electronic_Devices_And_Circuits__J._Paul_2045/CH5/EX5.21/Ex5_21.sce #
 
 
 
 
 
 
 
 
 
 current gain   =   -48.780488   
 
 
 
 input resistance   =   990.2439ohm   
 
 
 
 voltage gain   =   -49.261084   
 
 
 
 
 output resistance   =   51428.571ohm   
 
 
 
 approximate   
 
 
 
 current gain   =   -50   
 
 
 
 input resistance   =   1000ohm   
 
 
 
 voltage gain   =   -50   
 
 
 
 
 
 
 
grepthis#Electronic_Devices_And_Circuits__J._Paul_2045/CH5/EX5.22/Ex5_22.sce #
 
 
 
 
 
 
 
 
 
 
 
 
 
 
 
 
 voltage gain   =   174.11243   
 
 
 
 
 
grepthis#Electronic_Devices_And_Circuits__J._Paul_2045/CH5/EX5.23/Ex5_23.sce #
 
 
 
 
 
 
 
 
 
 
 
 
 
 
 
 forced beta   =   114.28571   
 
 
grepthis#Electronic_Devices_And_Circuits__J._Paul_2045/CH5/EX5.24/Ex5_24.sce #
 
 
 
 
 
 
 
 
 
 
 
 
 
 
 
 
 resistance r1   =   40847.458ohm   
 
 
 resistance r3   =   2197ohm   
 
 
 
 
grepthis#Electronic_Devices_And_Circuits__J._Paul_2045/CH5/EX5.25/Ex5_25.sce #
 
 
 
 
 
 
 
 
 
 
 
 
 
 input impedance q1   =   17482.517ohm   
 
 
 input impedance q2   =   3496503.5ohm   
 
 
 
grepthis#Electronic_Devices_And_Circuits__J._Paul_2045/CH5/EX5.26/Ex5_26.sce #
 
 
 
 
 
 
 
 make input   =   0   
 
 
 ground dc   
 
 
 
 
 output resistance   =   19.607843ohm   
 
 
grepthis#Electronic_Devices_And_Circuits__J._Paul_2045/CH5/EX5.27/Ex5_27.sce #
 
 
 
 
 
 
 
 
 
 
 output resistance   =   1000ohm   
 
 
 input resistance very low   
 
 
 voltage gain   =   19.230769   
 
 
 
 
 
grepthis#Electronic_Devices_And_Circuits__J._Paul_2045/CH5/EX5.28/Ex5_28.sce #
 
 
 
 
 
 
 
 
 
 
 
 
 
 
 current gain   =   -12.267169   
 
 
 
 
 voltage gain   =   -49.068677   
 
 
 
 
 transconductance   =   -0.0122672ampere per volt   
 
 
 
 
 transresistance   =   -490686.77ohm   
 
 
 input resistance   =   990.99099ohm   
 
 
 
 output resistance   =   4444.4444ohm   
 
 
 
 
 
grepthis#Electronic_Devices_And_Circuits__J._Paul_2045/CH5/EX5.29/Ex5_29.sce #
 
 
 
 
 
 
 
 
 
 
 
 base resistance   =   235000ohm   
 
 
 
 base resistance with re   
 
 
 
 
 base resistance   =   230000ohm   
 
 
 
 
 
grepthis#Electronic_Devices_And_Circuits__J._Paul_2045/CH5/EX5.30/Ex5_30.sce #
 
 
 
 
 
 
 
 
 
 
 
 
 collector current   =   0.003ampere   
 
 
 base current   =   0.00003ampere   
 
 
 emitter current   =   0.003ampere   
 
 
 
grepthis#Electronic_Devices_And_Circuits__J._Paul_2045/CH6/EX6.1/Ex6_1.sce #
 
 
 
 
 
 
 
 
 
 
 
 
 
 
 
 
 
 
 
 
 transconductance g   =   0.3846154ampere/volt   
 
 
 input conductance gbe   =   0.0038462ampere/volt   
 
 
 feedback conductance gbc   =   0.0000004ampere/volt   
 
 
 base spread resistance rbb   =   240ohm   
 
 
 output conductance   =   0.0000012ampere/volt   
 
 
 transition capacitance cbe   =   1.225D-09farad   
 
 
 rbc    =   2600000ohm   
 
 
 rce   =   866666.67ohm   
 
 
 
 
grepthis#Electronic_Devices_And_Circuits__J._Paul_2045/CH6/EX6.2/Ex6_2.sce #
 
 
 
 
 
 
 
 
 
 
 
 
 
 
 
 
 
 
 fbeta   =   1005037.8hertz   
 
 
 f   =   1.005D+08hertz   
 
 
 cbe   =   3.047D-10farad   
 
 
 rbe   =   520ohm   
 
 
 rbb   =   80ohm   
 
 
 
grepthis#Electronic_Devices_And_Circuits__J._Paul_2045/CH6/EX6.3/Ex6_3.sce #
 
 
 
 
 
 
 
 
 
 cde   =   8.183D-12farad   
 
 
 frequency   =   1.497D+09hertz   
 
 
 
grepthis#Electronic_Devices_And_Circuits__J._Paul_2045/CH6/EX6.6/Ex6_6.sce #
 
 
 
 
 
 
 
 
 
 
 
 re   =   13ohm   
 
 
 falpha   =   59872611hertz   
 
 
 cde   =   2.046D-10farad   
 
 
 
 
 w   =   2.660D-09second   
 
 
 
 
 
grepthis#Electronic_Devices_And_Circuits__J._Paul_2045/CH6/EX6.8/Ex6_8.sce #
 
 
 
 
 
 
 
 
 
 f   =   1.497D+13hertz   
 
 
 cde   =   1.637D-15farad   
 
 
 
grepthis#Electronic_Devices_And_Circuits__J._Paul_2045/CH7/EX7.1/Ex7_1.sce #
 
 
 
 
 
 
 
 
 
 
 
 
 
 
 
 
 
 vgs   =   0.7volt   
 
 
 id   =   0.0015052ampere   
 
 
 vds   =   11.230052volt   
 
 
 voltage gain   =   -21.25   
 
 
grepthis#Electronic_Devices_And_Circuits__J._Paul_2045/CH7/EX7.2/Ex7_2.sce #
 
 
 
 
 
 
 
 
 
 
 
 r1   =   2000ohm   
 
 
grepthis#Electronic_Devices_And_Circuits__J._Paul_2045/CH7/EX7.4/Ex7_4.sce #
 
 
 
 
 r  =
 
    1300.  
 
 
 
 
 
 
 
 
 
 
 id   =   0.00225ampere   
 
 
 vds   =   10.5volt   
 
 
grepthis#Electronic_Devices_And_Circuits__J._Paul_2045/CH7/EX7.5/Ex7_5.sce #
 
 
 
 
 
 
 
 
 
 
 source resistance   =   156.25ohm   
 
 
 
grepthis#Electronic_Devices_And_Circuits__J._Paul_2045/CH7/EX7.6/Ex7_6.sce #
 
 
 
 
 
 
 
 
 
 
 duration   =   0.0000001second   
 
 
 
grepthis#Electronic_Devices_And_Circuits__J._Paul_2045/CH7/EX7.7/Ex7_7.sce #
 
 
 
 
 
 
 max transconductance   =   0.0004mho   
 
 
grepthis#Electronic_Devices_And_Circuits__J._Paul_2045/CH7/EX7.8/Ex7_8.sce #
 
 
 
 
 
 
 
 
 
 
 vgs   =   3.236068volt   
 
 
 rd   =   13527.864ohm   
 
 
grepthis#Electronic_Devices_And_Circuits__J._Paul_2045/CH7/EX7.9/Ex7_9.sce #
 
 
 
 
 
 
 
 
 
 
 
 
 
 
 
 
 point 10.7451>2volt   
 
 
 vds greater than 2volt the point in pinch   
 
 
 
 
grepthis#Electronic_Devices_And_Circuits__J._Paul_2045/CH8/EX8.1/Ex8_1.sce #
 
 
 
 
 
 
 
 
 
 
 voltage gain   =   -12   
 
 
 
 
 
 
 
 voltage gain   =   -11.993082   
 
 
 
 
 
grepthis#Electronic_Devices_And_Circuits__J._Paul_2045/CH8/EX8.2/Ex8_2.sce #
 
 
 
 
 
 
 
 
 
 
 voltage gain   -17.777778   
 
 
 
grepthis#Electronic_Devices_And_Circuits__J._Paul_2045/CH8/EX8.3/Ex8_3.sce #
 
 
 
 
 
 
 
 voltage gain   =   -1.1780366   
 
 
 
 
 
 
grepthis#Electronic_Devices_And_Circuits__J._Paul_2045/CH8/EX8.6/Ex8_6.sce #
 
 
 
 
 
 
 
 
 
 
 
 
 
 
 r1   =   500ohm   
 
 
 effective input resistance   =   1.25r3ohm   
 
 
 r2   =   1500ohm   
 
 
 
 
 voltage gain   =   0.9756098av`   
 
 
grepthis#Electronic_Devices_And_Circuits__J._Paul_2045/CH8/EX8.7/Ex8_7.sce #
 
 
 
 
 
 
 output voltage   =   -186.16981volt   
 
 
grepthis#Electronic_Devices_And_Circuits__J._Paul_2045/CH8/EX8.9/Ex8_9.sce #
 
 
 
 
 
 
 
 
 
 
 
 
 
 voltage gain   =   -25   
 
 
 frequency   =   15923567hertz   
 
 
 
 output capacitance   =   2.010D-12farad   
 
 
 
 
 
 req   =   5000ohm   
 
 
grepthis#Electronic_Devices_And_Circuits__J._Paul_2045/CH9/EX9.1/Ex9_1.sce #
 
 
 
 
 
 
 frequency1   =   50982.453hertz   
 
 
 frequency2   =   196145.92hertz   
 
 
 
 
 
 
 
 
 
 
 frequency   =   2.693D+08hertz   
 
 
 
 
 
 frequency   =   76822.128hertz   
 
 
grepthis#Electronic_Devices_And_Circuits__J._Paul_2045/CH9/EX9.2/Ex9_2.sce #
 
 
 
 
 
 
 coupling capacitance   =   0.0000055/r`   
 
 
grepthis#Electronic_Devices_And_Circuits__J._Paul_2045/CH9/EX9.3/Ex9_3.sce #
 
 
 
 
 
 
 
 
 
 
 cb   =   6.281D-08farad   
 
 
 
 
 cb   =   8.923D-08farad   
 
 
 
 
 gain of each stage   =   0.0010628   
 
 
 
 
 
grepthis#Electronic_Devices_And_Circuits__J._Paul_2045/CH9/EX9.4/Ex9_4.sce #
 
 
 
 
 
 upper frequency   =   78895.464hertz   
 
 
 
 lower frequency   =   20408.163hertz   
 
 
 
 
 
 
grepthis#Electronic_Devices_And_Circuits__J._Paul_2045/CH9/EX9.5/Ex9_5.sce #
 
 
 
 
 
 
 
 
 
 
 overal voltage gain   =   62.005425decibel   
 
 
 
 
 
 lower frequency of each   =   31.698457hertz   
 
 
 
 
 lower frequency overal   =   62.128975hertz   
 
 
 
 
grepthis#Electronic_Devices_And_Circuits__J._Paul_2045/CH9/EX9.6/Ex9_6.sce #
 
 
 
 
 
 
 
 
 
 
 
 
 voltage gain   =   2851.6026   
 
 
 
 
 
 cb   =   0.0000026farad   
 
 
 
 cb   <=   0.0000164farad   
 
 
 
grepthis#Electronic_Devices_And_Circuits__J._Paul_2045/CH9/EX9.8/Ex9_8.sce #
 
 
 
 
 theta1   =   5.7105931   
 
 
 phase constant 10f1<=f<=0.1f11   
 
 
 
 
 
 
grepthis#Electronic_Devices_And_Circuits__J._Paul_2045/CH10/EX10.1/Ex10_1.sce #
 
 
 
 
 
 
 
 
 reverse transmission   =   0.099   
 
 
 
 gain with feedback   =   10   
 
 
 
grepthis#Electronic_Devices_And_Circuits__J._Paul_2045/CH10/EX10.2/Ex10_2.sce #
 
 
 
 
 
 
 
 
 
 
 output voltage   =   2.1913043   
 
 
 
 
 
 
 
 input voltage   =   0.252volt   
 
 
 
 
 
 
grepthis#Electronic_Devices_And_Circuits__J._Paul_2045/CH10/EX10.3/Ex10_3.sce #
 
 
 
 
 
 
 
 
 
 
 
 
 required input   =   1volt   
 
 
 
 
 
 harmonic distortion   =   0.1   
 
 
 
 
 
grepthis#Electronic_Devices_And_Circuits__J._Paul_2045/CH10/EX10.5/Ex10_5.sce #
 
 
 
 
 
 
 
 
 
 
 feedback factor   =   0.019   
 
 
 over gain   =   0.005   
 
 
grepthis#Electronic_Devices_And_Circuits__J._Paul_2045/CH10/EX10.6/Ex10_6.sce #
 
 
 
 
 
 
 
 
 
 
 
 
 
 
 
 
 current gain   =   -11.600928   
 
 
 voltage gain   =   -46.403712   
 
 
 transconductance   =   -0.0116009ampere per volt   
 
 
 transresistance   =   -46403.712ohm   
 
 
 input resistance   =   1042.654ohm   
 
 
 output resistance   =   3636.3636ohm   
 
 
 
 
grepthis#Electronic_Devices_And_Circuits__J._Paul_2045/CH11/EX11.2/Ex11_2.sce #
 
 
 
 
 
 
 
 
 min frequency   =   1769.2852hertz   
 
 
 
 max frequency   =   17692.852hertz   
 
 
 
 
 
 resistance r3   =   20000ohm   
 
 
 
grepthis#Electronic_Devices_And_Circuits__J._Paul_2045/CH11/EX11.3/Ex11_3.sce #
 
 
 
 
 
 
 
 
 min voltage   >=   7.5volt   
 
 
 
 
 frequency   =   42379.829hertz   
 
 
grepthis#Electronic_Devices_And_Circuits__J._Paul_2045/CH11/EX11.5/Ex11_5.sce #
 
 
 
 
 
 
 
 
 
 
 
 
 
 
 
 
 frequency   =   166467.63hertz   
 
 
 
 
 ratio1 greater than 1 so oscillations possible   
 
 
 
grepthis#Electronic_Devices_And_Circuits__J._Paul_2045/CH11/EX11.6/Ex11_6.sce #
 
 
 
 
 
 
 
 
 
 
 
 
 
 
 resonanting capacitance   =   5.000D-14farad   
 
 
 
 
 resonant frequency   =   1424247.1hertz   
 
 
 
 
 
 parallel resonant frequency   =   1031965.1hertz   
 
 
 
 
 series resonant frequency   =   1007094.8hertz   
 
 
 
 quality factor   =   3162.2777   
 
 
 
 
 loop gain   =   100   
 
 
 
 
 bias   =   0.00006second   
 
 
grepthis#Electronic_Devices_And_Circuits__J._Paul_2045/CH11/EX11.7/Ex11_7.sce #
 
 
 
 
 
 
 
 
 
 frequency   =   1233434.2hertz   
 
 
 
 gain   =   5   
 
 
grepthis#Electronic_Devices_And_Circuits__J._Paul_2045/CH11/EX11.8/Ex11_8.sce #
 
 
 
 
 
 
 
 inductance   =   0.0000402henry   
 
 
 
 
 
 
grepthis#Electronic_Devices_And_Circuits__J._Paul_2045/CH11/EX11.9/Ex11_9.sce #
 
 
 
 
 
 
 
 
 
 frequency   =   1087243.2hertz   
 
 
 ratio1  =
 
    1.0319884  
 
 
 ratio parallel series   =   1.0319884   
 
 
 
 
 
 quality factor   =   409.67325   
 
 
 
 
 
grepthis#Electronic_Devices_And_Circuits__J._Paul_2045/CH12/EX12.1/Ex12_1.sce #
 
 
 
 
 
 
 
 
 
 
 source resistance   =   111.86773ohm   
 
 
 
grepthis#Electronic_Devices_And_Circuits__J._Paul_2045/CH12/EX12.2/Ex12_2.sce #
 
 
 
 
 
 
 
 
 
 
 current   =   0.0099900ampere   
 
 
 input current less than required current   
 
 
grepthis#Electronic_Devices_And_Circuits__J._Paul_2045/CH12/EX12.3/Ex12_3.sce #
 
 
 
 
 
 
 
 min duration   =   0.000004second   
 
 
 
 
 
 
grepthis#Electronic_Devices_And_Circuits__J._Paul_2045/CH12/EX12.4/Ex12_4.sce #
 
 
 
 
 
 
 
 
 
 
 source resistance   =   2000ohm   
 
 
 
grepthis#Electronic_Devices_And_Circuits__J._Paul_2045/CH12/EX12.5/Ex12_5.sce #
 
 
 
 
 
 
 
 vg  =
 
    8.  
 
 
 
 
 
 
 resistance   =   14ohm   
 
 
 
 
 frequency   =   18750hertz   
 
 
 
 
 
 
grepthis#Electronic_Devices_And_Circuits__J._Paul_2045/CH12/EX12.6/Ex12_6.sce #
 
 
 
 
 
 
 change of voltage   =   800volt per microsecond   
 
 
grepthis#Electronic_Devices_And_Circuits__J._Paul_2045/CH12/EX12.7/Ex12_7.sce #
 
 
 
 
 
 
 current   =   2121.3203ampere   
 
 
 
 current   =   45000ampere square second   
 
 
 
 
 
grepthis#Electronic_Devices_And_Circuits__J._Paul_2045/CH12/EX12.9/Ex12_9.sce #
 
 
 
 
 
 
 
 
 
 
 
 
 max limit resistance   =   1410000ohm   
 
 
 
 min limit resistance   =   2650ohm   
 
 
 
 
 resistance   =   46727.888ohm   
 
 
 
 
 rb1   =   100ohm   
 
 
 rb2   =   653.59477ohm   
 
 
 peak voltage   =   15.9volt   
 
 
 
grepthis#Electronic_Devices_And_Circuits__J._Paul_2045/CH12/EX12.10/Ex12_10.sce #
 
 
 
 
 
 
 
 voltage   =   7volt   
 
 
 
 
 this voltage makes to off   
 
 
 
grepthis#Electronic_Devices_And_Circuits__J._Paul_2045/CH13/EX13.1/Ex13_1.sce #
 
 
 
 
 
 w  =
 
    480.  
 
 
 
 
 
 power to electrons   =   8watts   
 
 
 
grepthis#Electronic_Devices_And_Circuits__J._Paul_2045/CH13/EX13.2/Ex13_2.sce #
 
 
 
 
 
 
 
 
 
 
 
 
 input voltage   =   9.5459415volt   
 
 
 frequency   =   4761.9048hertz   
 
 
 
 
 vm1coswt vm2sinwt squaring and adding gives ellipse   
 
 
 
 
 
 
grepthis#Electronic_Devices_And_Circuits__J._Paul_2045/CH13/EX13.3/Ex13_3.sce #
 
 
 
 
 
 
 velocity x   =   18741994metre per second   
 
 
 
 
 
 velocity x   =   309687.12metre per second   
 
 
 
grepthis#Electronic_Devices_And_Circuits__J._Paul_2045/CH13/EX13.4/Ex13_4.sce #
 
 
 
 
 
 
 
 
 
 
 transverse magnetic field   =   0.0003870weber per metre square   
 
 
 
grepthis#Electronic_Devices_And_Circuits__J._Paul_2045/CH13/EX13.5/Ex13_5.sce #
 
 
 
 
 
 
 
 
 
 max frequency   6.626D+08hertz   
 
 
 
 
 duration electron between the plates   =   4.527D-08second   
 
 
 
 
 
grepthis#Electronic_Devices_And_Circuits__J._Paul_2045/CH13/EX13.7/Ex13_7.sce #
 
 
 
 
 
 
 
 
 
 
 max velocity   16763349metre per second   
 
 
 
grepthis#Electronic_Devices_And_Circuits__J._Paul_2045/CH13/EX13.8/Ex13_8.sce #
 
 
 
 
 
 
 
 
 
 
 
 
 
 velocity   =   26505182metre per second   
 
 
 sensitivity   =   0.000375metre per volt   
 
 
 
 deflection factor   =   2666.6667volt per metre   
 
 
 
 
 
grepthis#Electronic_Devices_And_Circuits__J._Paul_2045/CH13/EX13.9/Ex13_9.sce #
 
 
 
 
 
 
 
 velocity   =   26505182metre per second   
 
 
 
 
 
 fc   =   1.325D+08hertz   
 
 
grepthis#Electronic_Devices_And_Circuits__J._Paul_2045/CH13/EX13.10/Ex13_10.sce #
 
 
 
 
 
 
 
 phase angle   =   30degre   
 
 
 
 
 
 
