Total number of .sce files(without counting DEPENDENCIES directory): 32

grepthis#Heat_And_Mass_Transfer_E._R._G._Eckert_And_R._M._Drake_686/CH1/EX1.1/Ex1_1.sci #
 
 
 
 
 
 
 
 
 
 
 
 
The overall thermal resistance is 1.0014/A hr-F/Btu/A, where A is the area of wall  
 
 The overall heat transfer coefficient is 1 Btu/hr-ft^2-F 
grepthis#Heat_And_Mass_Transfer_E._R._G._Eckert_And_R._M._Drake_686/CH1/EX1.2/Ex1_2.sci #
 
 
 
 
 
 
 
 
 
 
 
 
 
The overall thermal resistance of composite wall is 0.004873/A hr-F/Btu, A being the area of wall in ft^2 
grepthis#Heat_And_Mass_Transfer_E._R._G._Eckert_And_R._M._Drake_686/CH1/EX1.3/Ex1_3.sci #
 
 
 
 
 
 
 
 
 
 
 
 
 
 
 
 
 
 
 
 
 
 
 
 
 
The area of heat exchanger for parallel flow is 4.87 ft^2 
  
 
 
 
 
 
 
 
 
 
The area of heat exchanger for counterflow flow is 3.75 ft^2 
  
 
 
 
 
 
 
 
 
 
 
The area of heat exchanger for cross flow is 3.99 ft^2 
  
 
 
 
 
 
 
 
 
 
 
 
grepthis#Heat_And_Mass_Transfer_E._R._G._Eckert_And_R._M._Drake_686/CH3/EX3.1/Ex3_1.sci #
 
 
 
 
 
 
 
 
 
 
 
 
 
 
 
The length of well is 0.43 ft 
 
 
 
 
 
 
grepthis#Heat_And_Mass_Transfer_E._R._G._Eckert_And_R._M._Drake_686/CH3/EX3.2/Ex3_2.sci #
 
 
 
 
 
 
 
 
 
 
 
 
Since m = 330, hence the heat transfer from iron fins to air is advantageous 
 
 
 
 
 
 
 
 
 
Since m = 6.6, hence the heat transfer from iron fins to water is not advantageous 
 
 
 
grepthis#Heat_And_Mass_Transfer_E._R._G._Eckert_And_R._M._Drake_686/CH3/EX3.3/Ex3_3.sci #
 
 
 
 
 
 
 
 
 
 
 
 
 
 
 
 
 
 
 
 
 
 
 
 
 
 
 
the heat loss from the cylindrical barrel in presence of fins is 1413 Btu/hr 
  
the heat loss from the bare cylindrical barrel is 318 Btu/hr 
  
 
 
 
grepthis#Heat_And_Mass_Transfer_E._R._G._Eckert_And_R._M._Drake_686/CH3/EX3.4/Ex3_4.sci #
 
 
 
 
 
 
 
 
 
 
 
 
 
 
 
 
 
 
 
 
 
 
 
 
 
 
 
the heat loss from the cylindrical barrel in presence of fins is 1413 Btu/hr 
  
the heat loss from the bare cylindrical barrel is 318 Btu/hr 
  
 
 
 
grepthis#Heat_And_Mass_Transfer_E._R._G._Eckert_And_R._M._Drake_686/CH3/EX3.5/Ex3_5.sci #
 
 
 
 
 
 
 
 
 
 
 
 
 
 
 
 
 
 
 
The temperature at the centre of the pool is 190.1 degF 
 
 
grepthis#Heat_And_Mass_Transfer_E._R._G._Eckert_And_R._M._Drake_686/CH3/EX3.6/Ex3_6.sci #
 
 
 
 
 
 
 
 
 
The Shape factor for heat flow through square duct is 2.86 
  
And the heat transfer through conduction is 2.86 kL(t1-t2) 
grepthis#Heat_And_Mass_Transfer_E._R._G._Eckert_And_R._M._Drake_686/CH4/EX4.1/Ex4_1.sci #
 
 
 
 
 
 
 
 
 
 
 
 
 
 
 
 
The half time for unsteady change temperature change is 35 sec 
 
grepthis#Heat_And_Mass_Transfer_E._R._G._Eckert_And_R._M._Drake_686/CH4/EX4.2/Ex4_2.sci #
 
 
 
 
 
 
 
 
 
 
 
 
The lag of thermometer while the oven is heating at the rate of 400F/hr is 28.1 F 
 
 
grepthis#Heat_And_Mass_Transfer_E._R._G._Eckert_And_R._M._Drake_686/CH4/EX4.3/Ex4_3.sci #
 
 
 
 
 
 
 
 
 
 
 
 
 
 
 
 
 
 
 
 
 
 
 
 
 
 
 
The time required for the centre temperature to reach 700 F under the conditions specified in the problem is t=1.53 hr 
 
 
 
 
grepthis#Heat_And_Mass_Transfer_E._R._G._Eckert_And_R._M._Drake_686/CH4/EX4.4/Ex4_4.sci #
 
 
 
 
 
 
 
 
 
 
 
 
 
 
the time needed to estabilish a steady state temperature distribution in the walls and in the room is 1.96 hr 
 
 
grepthis#Heat_And_Mass_Transfer_E._R._G._Eckert_And_R._M._Drake_686/CH4/EX4.5/Ex4_5.sci #
 
 
 
 
 
 
 
 
 
 
The depth of penetration for daily fluctuation is 2.74 ft and depth of penetration for yearly fluctuation is 52.42 ft 
 
 
grepthis#Heat_And_Mass_Transfer_E._R._G._Eckert_And_R._M._Drake_686/CH4/EX4.6/Ex4_7.sci #
 
 
 
 
 
 
 
 
 
the depth of penetration of the temperature oscillation into the cylinder wall is 0.00655 ft 
 
 
 
grepthis#Heat_And_Mass_Transfer_E._R._G._Eckert_And_R._M._Drake_686/CH4/EX4.7/Ex4_7.sci #
 
 
 
 
 
 
 
 
 
the depth of penetration of the temperature oscillation into the cylinder wall is 0.00655 ft 
 
 
 
grepthis#Heat_And_Mass_Transfer_E._R._G._Eckert_And_R._M._Drake_686/CH6/EX6.1/Ex6_1.sci #
 
 
 
 
 
 
 
 
 
 
 
Boundary layer thickness at 4 in. distance is 0.0694 in. 
grepthis#Heat_And_Mass_Transfer_E._R._G._Eckert_And_R._M._Drake_686/CH6/EX6.2/Ex6_2.sci #
 
 
 
 
 
 
 
 
 
 
 
The turbulent boundarty layer thickness is 0.014 ft 
grepthis#Heat_And_Mass_Transfer_E._R._G._Eckert_And_R._M._Drake_686/CH7/EX7.1/Ex7_1.sci #
 
 
 
 
 
 
 
 
 
 
 
 
 
 
 
 
 
 
 
 
 
 
The heat transfer coefficient for a plate in an air stream is 3.39 Btu/hr-ft^2-F  
 
 
grepthis#Heat_And_Mass_Transfer_E._R._G._Eckert_And_R._M._Drake_686/CH8/EX8.1/Ex8_1.sci #
 
 
 
 
 
 
 
 
 
 
 
 
The heat loss from the tube well to the air when the plate is heated to a temperature of 200 F is 868 Btu/hr 
 
 
 
 
 
 
 
grepthis#Heat_And_Mass_Transfer_E._R._G._Eckert_And_R._M._Drake_686/CH8/EX8.2/Ex8_2.sci #
 
 
 
 
 
 
 
 
 
 
 
 
 
 
 
 
 
 
 
 
 
The heat transfer coefficient of heating of waterr is 1262 Btu/hr-ft^2-F 
 
 
grepthis#Heat_And_Mass_Transfer_E._R._G._Eckert_And_R._M._Drake_686/CH8/EX8.3/Ex8_3.sci #
 
 
 
 
 
 
 
 
 
 
 
 
 
 
 
 
 
 
 
 
 
The heat transfer coefficient of heating of water for laminar is 5.52 Btu/hr-ft^2-F 
 
 
 
 
 
 The heat transfer coefficient for turbilent layer is 1.88 Btu/hr 
 
 
grepthis#Heat_And_Mass_Transfer_E._R._G._Eckert_And_R._M._Drake_686/CH10/EX10.1/Ex10_1.sci #
 
 
 
 
 
 
 
 
 
 
 
 
 
 
 
 
 
 
 
 
 
 
 
The heat transfer coefficient from the palte to the air is 359.5 Btu/hr-ft^2-F 
 
grepthis#Heat_And_Mass_Transfer_E._R._G._Eckert_And_R._M._Drake_686/CH11/EX11.1/Ex11_1.sci #
 
 
 
 
 
 
 
 
 
 
 
 
 
 
 
 
 
 
 
The average heat transfer coefficient over the length of 8 in. is 2.23 Btu/hr-ft^2-F 
 
 
 
 
 
 
 
grepthis#Heat_And_Mass_Transfer_E._R._G._Eckert_And_R._M._Drake_686/CH12/EX12.1/Ex12_1.sci #
 
 
 
 
 
 
 
 
 
 
 
 
 
 
 
 
 
The average heat transfer coefficient is 2104 Btu/hr-ft^2-F 
 
 
 
 
grepthis#Heat_And_Mass_Transfer_E._R._G._Eckert_And_R._M._Drake_686/CH12/EX12.2/Ex12_2.sci #
 
 
 
 
 
 
 
 
 
 
 
 
 
The heat exchange per unit area is 13500408.54 Btu/hr 
 
grepthis#Heat_And_Mass_Transfer_E._R._G._Eckert_And_R._M._Drake_686/CH14/EX14.1/Ex14_1.sci #
 
 
 
 
 
 
 
 
 
 
 
 
 
The heat flow per unit area of the inner wall is 2.21 Btu/hr-ft^2 
grepthis#Heat_And_Mass_Transfer_E._R._G._Eckert_And_R._M._Drake_686/CH14/EX14.2/Ex14_2.sci #
 
 
 
 
 
 
 
 
 
 
 
 
 
 
 
 
 
 
The heat absorption per square foot of tube area is 50916 Btu/hr-ft^2 
 
 
 
grepthis#Heat_And_Mass_Transfer_E._R._G._Eckert_And_R._M._Drake_686/CH14/EX14.3/Ex14_3.sci #
 
 
 
 
 
 
 
 
 
 
 
 
 
 
 
 
 
 
 
 
 
 
 
 
 
 
 
 
 
 
 
 
 
 
 
 
 
 
The heat transfer coefficient by gas radiation is 2.18 Btu/hr-ft^2 
 
 
 
 
 The heat transfer coefficient by gas radiation is 8.14 Btu/hr-ft^2
 
 
 
 
The covective surface have greater heat transfer coefficients than the radiating surface. Therefore it is advantageous to line the whole combustion chamber with narrowly spaced cooling tubes 
 
 
 
 
 
 
 
 
grepthis#Heat_And_Mass_Transfer_E._R._G._Eckert_And_R._M._Drake_686/CH16/EX16.1/Ex16_1.sci #
 
 
 
 
 
 
 
 
 
 
 
 
 
 
 
The diffusion coefficient of water vapour over air is 1.010 ft^2/hr 
grepthis#Heat_And_Mass_Transfer_E._R._G._Eckert_And_R._M._Drake_686/CH16/EX16.2/Ex16_2.sci #
 
 
 
 
 
 
 
 
 
 
 
 
 
 
 
 
 
 
 
 
 
 
 
The rate of amount of water evaporated per sq. foot is 0.113 lb/hr-ft^2 
 
 
 
 
 
grepthis#Heat_And_Mass_Transfer_E._R._G._Eckert_And_R._M._Drake_686/CH16/EX16.3/Ex16_3.sci #
 
 
 
 
 
 
 
 
 
 
 
 
 
Tne specific humidity of air is 0.0037 lb of water per pound of dry air 
 
