Total number of .sce files(without counting DEPENDENCIES directory): 102

grepthis#Fluid_Mechanics_I._A._Khan_1962/CH1/EX1.1/example1_1.sce #
 
 
 
 
 
 
 
 
 
 density (kg/m^3)=   
 
    4.0995588  
 
 
 
grepthis#Fluid_Mechanics_I._A._Khan_1962/CH1/EX1.2/example1_2.sce #
 
 
 
 
 
 V  =
 
    1.  
 
 
 
 
 
 the percent change in volume (%);   
 
    0.0454545  
 
 
 
grepthis#Fluid_Mechanics_I._A._Khan_1962/CH1/EX1.3/example1_3.sce #
 
 
 
 
 
 
 
 
 
 
 
 net reduction of volume(m^3)=   
 
    0.0000036  
 
 
 
grepthis#Fluid_Mechanics_I._A._Khan_1962/CH1/EX1.4/example1_4.sce #
 
 
 
 
 
 
 
 
 
 
 
 increase in volume(ft^3)=   
 
    0.0173010  
 
 
 
grepthis#Fluid_Mechanics_I._A._Khan_1962/CH1/EX1.5/example1_5.sce #
 
 
 
 
 
 
 kappa  =
 
    1.4  
 
 
 
 velocity of sound(ft/s)=   
 
    1126.2625  
 
 
 
grepthis#Fluid_Mechanics_I._A._Khan_1962/CH1/EX1.6/example1_6.sce #
 
 
 
 
 mu  =
 
    0.09  
 
 
 
 
 
 
 
 
 
 
 Force applied (N)=   
 
    2.826  
 
 
 
grepthis#Fluid_Mechanics_I._A._Khan_1962/CH1/EX1.7/example1_7.sce #
 
 
 
 
 
 
 
 
 distance between walls (m)   
 
    0.01  
 
 
 
 
 
 shear stress on the wall(N/m^2)=   
 
    0.0001005  
 
 
 
 
 
 shear stress on the wall(N/m^2)=   
 
    0.0001001  
 
 
 
 
 distance at which stress becomes zero(m)=   
 
    0.005  
 
 
 
 
 distance at which velocity is maximum(m)=   
 
    0.005  
 
 
 
grepthis#Fluid_Mechanics_I._A._Khan_1962/CH1/EX1.8/example1_8.sce #
 
 
 
 
 
 
 
 
 
 
 
 
 
 
 
 torque applied (Nm)=   
 
    10.84556  
 
 
 
 
 torque applied (Nm)=   
 
    10.847729  
 
 
 
grepthis#Fluid_Mechanics_I._A._Khan_1962/CH1/EX1.9/example1_9.sce #
 
 
 
 
 
 
 
 
 
 
 
 
 
 
 P  =
 
    1106.7894  
 
 
 power lost in (watts)   
 
    1106.7894  
 
 
 
grepthis#Fluid_Mechanics_I._A._Khan_1962/CH1/EX1.10/example1_10.sce #
 
 
 
 
 
 
 
 
 
 excess pressure in (N/m^2)   
 
    29.2  
 
 
 
grepthis#Fluid_Mechanics_I._A._Khan_1962/CH1/EX1.11/example1_11.sce #
 
 
 
 
 sigma  =
 
    0.022  
 
 Gamma  =
 
    9789.  
 
 
 
 
 
 rise of height of alcohol(mm):   
 
    5.6896723  
 
 
 
grepthis#Fluid_Mechanics_I._A._Khan_1962/CH2/EX2.1/example2_1.sce #
 
 
 
 
 
 
 
 
 
 
 force on piston(N)=   
 
    10.  
 
 
 
grepthis#Fluid_Mechanics_I._A._Khan_1962/CH2/EX2.2/example2_2.sce #
 
 
 
 
 
 
 
 
 pressure at that point(kN/m^2)=   
 
    10070.  
 
 
 
grepthis#Fluid_Mechanics_I._A._Khan_1962/CH2/EX2.3/example2_3.sce #
 
 
 
 
 
 
 
 
 
 
 
 
 pressure at the bottom (kN/m^2)   
 
    176.2908  
 
 
 
grepthis#Fluid_Mechanics_I._A._Khan_1962/CH2/EX2.4/example2_4.sce #
 
 
 
 
 
 
 
 
 
 
 
 
 
 height of the mountain(m)=   
 
    2209.3466  
 
 
 
grepthis#Fluid_Mechanics_I._A._Khan_1962/CH2/EX2.5/example2_5.sce #
 
 
 
 
 
 
 
 
 
 
 Pressure at A (kPa)=   
 
    9.07425  
 
 
 
grepthis#Fluid_Mechanics_I._A._Khan_1962/CH2/EX2.6/example2_6.sce #
 
 
 
 
 
 
 
 
 
 
 
 
 
 
 Force required to open the gate (N)   
 
    21658.64  
 
 
 
grepthis#Fluid_Mechanics_I._A._Khan_1962/CH2/EX2.7/example2_7.sce #
 
 
 
 
 
 
 
 
 
 
 
 
 
 Total Force (N)=   
 
    31701.208  
 
 
 
 
 depth of center of pressure(m)=   
 
    1.7703909  
 
 
 
grepthis#Fluid_Mechanics_I._A._Khan_1962/CH2/EX2.8/example2_8.sce #
 
 
 
 
 
 
 
 
 
 
 
 
 
 
 
 
 
 depth of hydrostatic pressure(ft)=   
 
    13.540753  
 
 
 
grepthis#Fluid_Mechanics_I._A._Khan_1962/CH2/EX2.10/example2_10.sce #
 
 
 
 
 
 
 
 
 
 
 
 
 
 
 
 
 vertical component of Hydrostatic force(lbs)=   
 
    1282.944  
 
 
 
 point of application of vertical force(ft)   
 
    1.8167315  
 
 
 
grepthis#Fluid_Mechanics_I._A._Khan_1962/CH2/EX2.11/example2_11.sce #
 
 
 
 
 
 
 
 
 
 
 
 
 
 Horizontal component of Hydrastatic Force(lbs)=   
 
    29927.04  
 
 
 
 
 
 
 
 Vertical component of Hydrostatic force (lbs)=   
 
    30211.584  
 
 
 
 point of application of vertical force(ft)   
 
    1.9922174  
 
 
 
grepthis#Fluid_Mechanics_I._A._Khan_1962/CH2/EX2.13/example2_13.sce #
 
 
 
 
 
 
 
 
 
 
 
 
 
 depth submerged (m)=   
 
    2.7108642  
 
 
 
grepthis#Fluid_Mechanics_I._A._Khan_1962/CH2/EX2.14/example2_14.sce #
 
 
 
 
 
 
 
 
 
 
 
 
 
 bottom of solid cylinder above ground(m):   
 
    0.0475  
 
 
 
grepthis#Fluid_Mechanics_I._A._Khan_1962/CH2/EX2.15/example2_15.sce #
 
 
 
 
 
 
 
 
 
 
 
 
 
 
 
 Riding Moment (Ncm)=   
 
    123.35705  
 
 
 
grepthis#Fluid_Mechanics_I._A._Khan_1962/CH2/EX2.16/example2_16.sce #
 
 
 
 
 
 
 
 
 
 
 
 
 
 metacentric height(m)   
 
    0.3470049  
 
 
 
 
 righting moment(kNm)   
 
    63.052209  
 
 
 
grepthis#Fluid_Mechanics_I._A._Khan_1962/CH2/EX2.18/example2_18.sce #
 
 
 
 
 
 
 
 
 
 
 
 
 height of parabloid(ft)=   
 
    1.4784356  
 
 
 
 
 maximum pressure(lbs/ft^2)=   
 
    92.254379  
 
 
 
 
 
 
 
 Pressure(lbs/ft^2)=   
 
    26.401401  
 
 
 
grepthis#Fluid_Mechanics_I._A._Khan_1962/CH3/EX3.1/example3_1.sce #
 
 
 
 
 
 
 
 
 
 
 
 
 discharge in (m^3/s)   
 
    1.05975  
 
 
 
 mass flow rate(kg/s)=   
 
    1056.6767  
 
 
 
grepthis#Fluid_Mechanics_I._A._Khan_1962/CH3/EX3.3/example3_3.sce #
 
 
 
 
 
 
 
 
 
 velocity(m/s)=   
 
    5.  
 
 
 
grepthis#Fluid_Mechanics_I._A._Khan_1962/CH3/EX3.5/example3_5.sce #
 
 
 
 
 
 
 
 
 
 
 
 
 
 velocity at (2,4)is (m/s)=   
 
    17.888544  
 
 
 angle of the velocity with X axis(degrees)=   
 
  - 63.467124  
 
 
 
grepthis#Fluid_Mechanics_I._A._Khan_1962/CH3/EX3.6/example3_6.sce #
 
 
 
 
 
 
 
 
 
 
 
 
 
 
 velocity at the section AA(m/s)   
 
    5.110874  
 
 
 
 
 
 
 convective acceleration(m/s^2)   
 
    0.4655651  
 
 
 
grepthis#Fluid_Mechanics_I._A._Khan_1962/CH3/EX3.7/example3_7.sce #
 
 
 
 
 
 
 
 
 k1  =
 
  - 1.682942  
 
 k2  =
 
  - 0.8414710  
 
 
 
 flow is rotational   
 
 
grepthis#Fluid_Mechanics_I._A._Khan_1962/CH3/EX3.8/example3_8.sce #
 
 
 
 
 
 k1  =
 
  - 9.  
 
 k2  =
 
    16.  
 
 
 
 flow is rotational   
 
 
grepthis#Fluid_Mechanics_I._A._Khan_1962/CH3/EX3.9/example3_9.sce #
 
 
 
 
 
 
 
 
 k2  =
 
    2.  
 
 k3  =
 
  - 4.  
 
 
 
 flow satisfies continuity   
 
 
 
grepthis#Fluid_Mechanics_I._A._Khan_1962/CH3/EX3.10/example3_10.sce #
 
 
 
 
 
 
 
 
 
 
 
 velocity at larger section(m/s)=   
 
    3.3333333  
 
 
 
grepthis#Fluid_Mechanics_I._A._Khan_1962/CH4/EX4.1/example4_1.sce #
 
 
 
 
 
 
 
 
 
 
 g  =
 
    9.81  
 
 
 
 
 
 
 pressure difference between 1 and 2 (kN/m^2)   
 
    1157.6493  
 
 
 
grepthis#Fluid_Mechanics_I._A._Khan_1962/CH4/EX4.2/example4_2.sce #
 
 
 
 
 
 
 
 
 
 
 
 
 
 flow rate(l/s)=   
 
    1.9976874  
 
 
 
grepthis#Fluid_Mechanics_I._A._Khan_1962/CH4/EX4.3/example4_3.sce #
 
 
 
 
 
 
 
 
 Cd  =
 
    0.65  
 
 
 
 
 flow rate(m^3/s)=   
 
    2.6908904  
 
 
 
grepthis#Fluid_Mechanics_I._A._Khan_1962/CH4/EX4.4/example4_4.sce #
 
 
 
 
 
 
 
 
 
 
 
 
 
 
 
 
 
 flow rate(m^3/s)=   
 
    1.9527803  
 
 
 
grepthis#Fluid_Mechanics_I._A._Khan_1962/CH4/EX4.5/example4_5.sce #
 
 
 
 
 
 
 k  =
 
    0.25  
 
 
 
 
 
 
 
 
 flow rate(m^3/s)=   
 
    0.0004526  
 
 
 
grepthis#Fluid_Mechanics_I._A._Khan_1962/CH4/EX4.6/example4_6.sce #
 
 
 
 
 
 
 
 
 
 velocity(ft/s)=   
 
    5.6745044  
 
 
 
grepthis#Fluid_Mechanics_I._A._Khan_1962/CH4/EX4.7/example4_7.sce #
 
 
 
 
 
 g  =
 
    9.81  
 
 
 
 
 
 
 
 
 flow rate (l/s)=   
 
    189.748  
 
 
 
grepthis#Fluid_Mechanics_I._A._Khan_1962/CH4/EX4.8/example4_8.sce #
 
 
 
 
 
 
 
 
 
 
 
 
 
 
 
 
 
 
 
 
 
 
 Power input (kW):   
 
    36.031037  
 
 
 
grepthis#Fluid_Mechanics_I._A._Khan_1962/CH4/EX4.9/example4_9.sce #
 
 
 
 
 
 
 
 
 
 
 
 
 
 
 
 pressure head at A (m)=   
 
    492.36404  
 
 
 
 
 
 
 
 
 pressure head at B (m)=   
 
    576.30165  
 
 
 
grepthis#Fluid_Mechanics_I._A._Khan_1962/CH5/EX5.1/example5_1.sce #
 
 
 
 
 
 
 
 
 
 
 
 
 
 
 
 
 
 
 
 
 
 
 
 
 resultant force(N)   
 
    9792.6534  
 
 
 
 angle at which force is applying   
 
    34.891431  
 
 
 
grepthis#Fluid_Mechanics_I._A._Khan_1962/CH5/EX5.2/example5_2.sce #
 
 
 
 
 
 
 
 
 
 
 
 
 
 
 
 
 
 
 resultant force on vane (lbs)   
 
    1231.7001  
 
 
 
 angle at which force is applying   
 
    59.284374  
 
 
 
grepthis#Fluid_Mechanics_I._A._Khan_1962/CH5/EX5.3/example5_3.sce #
 
 
 
 
 
 
 
 
 
 
 
 
 
 
 
 th2  =
 
    0.3488889  
 
 
 
 
 
 
 
 
 
 
 
 
 
 
 
 
 
 resultant force(N)   
 
    12483.286  
 
 
 
 
grepthis#Fluid_Mechanics_I._A._Khan_1962/CH5/EX5.4/example5_4.sce #
 
 
 
 
 
 
 
 
 
 
 
 
 
 impulse of force (lbs)   
 
    422.56729  
 
 
 
grepthis#Fluid_Mechanics_I._A._Khan_1962/CH5/EX5.5/example5_5.sce #
 
 
 
 
 
 
 
 
 
 
 
 
 
 
 
 work done per s on the plate (Nm/s)   
 
    3311.7188  
 
 
 
 force applied on the plate(N)   
 
    331.17188  
 
 
 
 Efficiency (%)=   
 
    44.444444  
 
 
 
grepthis#Fluid_Mechanics_I._A._Khan_1962/CH5/EX5.6/example5_6.sce #
 
 
 
 
 
 
 
 
 
 
 
 
 
 
 
 resultant reaction (lbs)=   
 
    273.95086  
 
 
 
grepthis#Fluid_Mechanics_I._A._Khan_1962/CH5/EX5.7/example5_7.sce #
 
 
 
 
 
 
 
 
 
 
 
 
 
 
 
 
 
 
 
 
 work done per N of fluid(Nm)=   
 
    74.160101  
 
 
 
 efficiency(%)=   
 
    99.626528  
 
 
 
grepthis#Fluid_Mechanics_I._A._Khan_1962/CH5/EX5.8/example5_8.sce #
 
 
 
 
 
 
 
 
 
 
 
 
 
 thurst force (lbs)   
 
    5383.5822  
 
 
 
 
 efficiency (%)   
 
    75.988  
 
 
 
 theoritical horse power (hp)=   
 
    4572.0443  
 
 
 
 change in pressure (lbs/ft^2)=   
 
    190.50185  
 
 
 
grepthis#Fluid_Mechanics_I._A._Khan_1962/CH6/EX6.1/example6_1.sce #
 
 
 
 
 
 
 
 
 
 
 
 in non dimensional term   
 
 
 power of M   
 
  - 1.  
 
 
 power of L   
 
  - 2.  
 
 
 power of T   
 
  - 2.  
 
 
 
 
 
 
 
 in non dimensional term   
 
 
 power of M   
 
  - 1.  
 
 
 power of L   
 
  - 1.  
 
 
 power of T   
 
  - 1.  
 
 
 
grepthis#Fluid_Mechanics_I._A._Khan_1962/CH6/EX6.2/example6_2.sce #
 
 
 
 
 
 
 
 
 
 
 
 
 velocity of model (m/s):   
 
    2.7009312  
 
 
 
grepthis#Fluid_Mechanics_I._A._Khan_1962/CH6/EX6.3/example6_3.sce #
 
 
 
 
 
 
 
 
 
 
 
 flow rate on model(m^3/s)   
 
    5.6568542  
 
 
 
 Head over model(ft)   
 
    0.3948451  
 
 
 
grepthis#Fluid_Mechanics_I._A._Khan_1962/CH7/EX7.1/example7_1.sce #
 
 
 
 
 
 
 nuw  =
 
    0.0000008  
 
 
 
 
 
 
 
 
 reynolds number of water flow   
 
    7462.6866  
 
 
 reynolds number greater than 2000 so flow turbulent   
 
 
 
 reynolds number of glycerine flow   
 
    6.9306265  
 
 
 reynolds number less than 2000 so flow laminar   
 
 
 
grepthis#Fluid_Mechanics_I._A._Khan_1962/CH7/EX7.2/example7_2.sce #
 
 
 
 
 
 
 
 
 
 
 
 
 mixing length (m)   
 
    0.1375441  
 
 
 
 eddy viscosiy(Nm/s^2)   
 
    44.142857  
 
 
 
grepthis#Fluid_Mechanics_I._A._Khan_1962/CH7/EX7.4/example7_4.sce #
 
 
 
 
 
 
 
 
 
 
 drag  =
 
    0.5954954  
 
 
 drag force (N)   
 
    0.5954954  
 
 
 
grepthis#Fluid_Mechanics_I._A._Khan_1962/CH7/EX7.5/example7_5.sce #
 
 
 
 
 
 
 
 
 
 
 
 
 
 
 
 drag force (N)   
 
    0.0043273  
 
 
 
grepthis#Fluid_Mechanics_I._A._Khan_1962/CH7/EX7.6/example7_6.sce #
 
 
 
 
 
 
 
 
 
 
 
 drag force (N)   
 
    1089.5969  
 
 
 
grepthis#Fluid_Mechanics_I._A._Khan_1962/CH8/EX8.1/example8_1.sce #
 
 
 
 
 
 
 
 
 
 
 
 
 
 
 
 maximum shear force(N/m^2)   
 
    1.23234  
 
 
 
 maximum velocity(m/s)   
 
    0.6452042  
 
 
 
 flow rate (m^3/s)   
 
    0.0000041  
 
 
 
 reynolds no.   
 
    547.24125  
 
 
 
grepthis#Fluid_Mechanics_I._A._Khan_1962/CH8/EX8.2/example8_2.sce #
 
 
 
 
 
 
 
 
 
 
 
 
 
 
 head loss (m of H20)   
 
    0.0376758  
 
 
 
grepthis#Fluid_Mechanics_I._A._Khan_1962/CH8/EX8.3/example8_3.sce #
 
 
 
 
 
 
 
 
 
 
 
 
 
 
 
 
 
 
 
 horse power required    
 
    10.583445  
 
 
 
grepthis#Fluid_Mechanics_I._A._Khan_1962/CH8/EX8.4/example8_4.sce #
 
 
 
 
 
 
 
 
 
 
 
 
 
 
 
 
 
 
 viscosity (poise)   
 
    0.0181527  
 
 
 
grepthis#Fluid_Mechanics_I._A._Khan_1962/CH8/EX8.5/example8_5.sce #
 
 
 
 
 
 
 
 
 
 
 
 
 
 discharge per unit ft on the plate (ft^2/s)   
 
    0.0129285  
 
 
 
 
 shear stress on the plate (lbs/ft^2)   
 
  - 0.08619  
 
 
 
grepthis#Fluid_Mechanics_I._A._Khan_1962/CH9/EX9.1/example9_1.sce #
 
 
 
 
 
 
 mu  =
 
    0.862  
 
 
 
 
 
 
 
 
 
 
 
 
 
 
 head loss if glucerine is flowing(m of glycerine)   
 
    17.7828  
 
 
 
 
 
 
 
 head loss if water is flowing(m of water)   
 
    5.4278895  
 
 
 
grepthis#Fluid_Mechanics_I._A._Khan_1962/CH9/EX9.2/example9_2.sce #
 
 
 
 
 
 
 
 
 g  =
 
    9.81  
 
 
 f  =
 
    0.021  
 
 
 
 
 
 flow rate (m^3/s)=   
 
    0.1000194  
 
 
 
grepthis#Fluid_Mechanics_I._A._Khan_1962/CH9/EX9.3/example9_3.sce #
 
 
 
 
 
 
 
 
 
 
 
 
 
 
 
 
 diameter of the pipe(m)=   
 
    0.1999845  
 
 
 
grepthis#Fluid_Mechanics_I._A._Khan_1962/CH9/EX9.4/example9_4.sce #
 
 
 
 
 
 
 
 
 
 head loss (ft)=   
 
    2.  
 
 
 
grepthis#Fluid_Mechanics_I._A._Khan_1962/CH9/EX9.5/example9_5.sce #
 
 
 
 
 
 
 
 
 
 
 
 
 
 
 
 head loss(m)=   
 
    3.1950272  
 
 
 
grepthis#Fluid_Mechanics_I._A._Khan_1962/CH9/EX9.6/example9_6.sce #
 
 
 
 
 
 
 
 
 
 
 
 
 
 
 
 flow rate(m^3/s)=   
 
    0.1006793  
 
 
 
grepthis#Fluid_Mechanics_I._A._Khan_1962/CH9/EX9.7/example9_7.sce #
 
 
 
 
 
 
 
 
 
 
 
 
 
 
 
 
 diameter(m):   
 
    0.2386869  
 
 
 
grepthis#Fluid_Mechanics_I._A._Khan_1962/CH9/EX9.8/example9_8.sce #
 
 
 
 
 
 
 
 
 
 
 
 
 nu  =
 
    0.0000010  
 
 
 
 
 
 
 
 
 
 
 
 total head loss (m of H2O)=   
 
    83.744581  
 
 
 
grepthis#Fluid_Mechanics_I._A._Khan_1962/CH9/EX9.9/example9_9.sce #
 
 
 
 
 
 
 
 
 
 
 
 
 
 
 
 
 
 flow in pipe 3(m^3/s)=   
 
    0.0673290  
 
 
 
grepthis#Fluid_Mechanics_I._A._Khan_1962/CH9/EX9.10/example9_10.sce #
 
 
 
 
 
 f1  =
 
    0.021  
 
 
 
 f2  =
 
    0.023  
 
 
 
 
 length of pipe2 (m)=   
 
    74.802565  
 
 
 
grepthis#Fluid_Mechanics_I._A._Khan_1962/CH9/EX9.11/example9_11.sce #
 
 
 
 
 
 
 
 
 
 
 
 
 
 
 
 f  =
 
    0.018  
 
 
 
 
 
 
 
 
 
 
 
 head loss (m)=   
 
    42.092256  
 
 
 
grepthis#Fluid_Mechanics_I._A._Khan_1962/CH9/EX9.12/example9_12.sce #
 
 
 
 
 
 
 
 
 
 
 
 
 
 
 
 
 
 
 flow in pipe 1(m^3/s)   
 
    2.115944  
 
 
 
 flow in pipe 2(m^3/s)   
 
    0.5650623  
 
 
 
 flow in pipe 3(m^3/s)   
 
    1.5490669  
 
 
 
grepthis#Fluid_Mechanics_I._A._Khan_1962/CH9/EX9.13/example9_13.sce #
 
 
 
 
 
 
 
 
 
 
 
 
 
 
 
 
 
 
 flow in pipe 1(m^3/s)   
 
    2.565959  
 
 
 
 flow in pipe 2(m^3/s)   
 
    0.4977240  
 
 
 
 flow in pipe 3(m^3/s)   
 
    1.6034366  
 
 
 
grepthis#Fluid_Mechanics_I._A._Khan_1962/CH9/EX9.14/example9_14.sce #
 
 
 
 
 
 
 
 
 
 
 
 
 
 
 
 
 minimum depth of ridge(ft)=   
 
    17.6  
 
 
 
grepthis#Fluid_Mechanics_I._A._Khan_1962/CH10/EX10.1/example10_1.sce #
 
 
 
 
 
 z  =
 
    0.5  
 
 
 
 
 
 top width(m)=   
 
    5.  
 
 
 
 area(m^2)=   
 
    8.  
 
 
 
 Perimeter(m)=   
 
    7.472136  
 
 
 
 Hydraulic radius(m)=   
 
    1.0706443  
 
 D  =
 
    1.6  
 
 
 Hydraulic depth(m)=   
 
    1.6  
 
 
 
 section factor(m^2.5)=   
 
    10.119289  
 
 
 
grepthis#Fluid_Mechanics_I._A._Khan_1962/CH10/EX10.2/example10_2.sce #
 
 
 
 
 
 
 
 
 
 
 
 
 
 
 
 flow rate (m^3/s)   
 
    16.100833  
 
 
 
grepthis#Fluid_Mechanics_I._A._Khan_1962/CH10/EX10.3/example10_3.sce #
 
 
 
 
 
 
 
 
 
 
 
 
 
 height of water(ft)=   
 
    1.4999094  
 
 
 
grepthis#Fluid_Mechanics_I._A._Khan_1962/CH10/EX10.4/example10_4.sce #
 
 
 
 
 
 
 
 
 
 
 
 width of bottom(ft)=   
 
    4.1813099  
 
 
 
grepthis#Fluid_Mechanics_I._A._Khan_1962/CH10/EX10.5/example10_5.sce #
 
 
 
 
 
 
 
 
 
 critical depth(m)=   
 
    3.4418901  
 
 
 
grepthis#Fluid_Mechanics_I._A._Khan_1962/CH10/EX10.6/example10_6.sce #
 
 
 
 
 
 
 
 
 
 
 
 
 
 
 
 normal depth of water(ft)=   
 
    2.218548  
 
 
 
 
 
 
 
 
 
 y  =
 
    2.22  
 
 
 
 
 
 
 
 Froude Number   
 
    0.3126016  
 
 
 
 
 
 critical depth of water(ft)=   
 
    1.0760038  
 
 
 
grepthis#Fluid_Mechanics_I._A._Khan_1962/CH10/EX10.7/example10_7.sce #
 
 
 
 
 
 
 
 
 
 
 
 y  =
 
    2.22  
 
 
 
 
 
 
 
 Froude Number   
 
    0.2949118  
 
 
 
grepthis#Fluid_Mechanics_I._A._Khan_1962/CH10/EX10.8/example10_8.sce #
 
 
 
 
 
 
 
 
 
 Gamma  =
 
    62.4  
 
 
 
 
 
 
 
 
 
 
 total loss of energy(ft-lbs/s)   
 
    72598.141  
 
 
 
grepthis#Fluid_Mechanics_I._A._Khan_1962/CH10/EX10.9/example10_9.sce #
 
 
 
 
 
 
 
 
 
 
 
 
 
 
 
 
 
 Abar  =
 
    0.  
 
 
 
 
 
 
 
 
 critical depth of water(ft)=   
 
    2.6655015  
 
 
 
 
y       A      P       E      Abar       Pbar       Rbar       S       delx       distace 
 
 
 for row wise values of each parameter is for row=   
 
    1.  
    10.00    300.00     54.72    10.02    0.00    0.00    0.00    0.00e+00    0.00    0.00 
 for row wise values of each parameter is for row=   
 
    2.  
    9.80    290.08     53.83    9.82    295.04    54.27    5.44    5.61e-06    1028.85    1028.85 
 for row wise values of each parameter is for row=   
 
    3.  
    9.60    280.32     52.93    9.62    285.20    53.38    5.34    6.14e-06    1031.68    2060.52 
 for row wise values of each parameter is for row=   
 
    4.  
    9.40    270.72     52.04    9.42    275.52    52.49    5.25    6.74e-06    1034.86    3095.38 
 for row wise values of each parameter is for row=   
 
    5.  
    9.20    261.28     51.14    9.22    266.00    51.59    5.16    7.40e-06    1038.44    4133.82 
 for row wise values of each parameter is for row=   
 
    6.  
    9.00    252.00     50.25    9.02    256.64    50.70    5.06    8.15e-06    1042.48    5176.30 
 
 
    
 
 
 the depth of water at distance 5000m in (m):   
 
    9.0338226  
 
 
 
grepthis#Fluid_Mechanics_I._A._Khan_1962/CH10/EX10.10/example10_10.sce #
 
 
 
 
 
 
 
 
 
 
 
 
 
 
 
 
 
 normal depth of water(ft)=   
 
    4.2483471  
 
 
 
 
 
 
 
 
 
 
 
 
  y          A         P          R       T        F(y)     delx    x 
 
 
 for row wise values of each parameter is for row=   
 
    1.  
    10.00    300.00     54.72    5.48    50.00    5106    0.00    0.00 
 for row wise values of each parameter is for row=   
 
    2.  
    9.80    290.08     53.83    5.39    49.20    5117    1022.32    1022.32 
 for row wise values of each parameter is for row=   
 
    3.  
    9.60    280.32     52.93    5.30    49.20    5128    1024.49    2046.81 
 for row wise values of each parameter is for row=   
 
    4.  
    9.40    270.72     52.04    5.20    49.20    5141    1026.86    3073.67 
 for row wise values of each parameter is for row=   
 
    5.  
    9.20    261.28     51.14    5.11    49.20    5155    1029.52    4103.19 
 for row wise values of each parameter is for row=   
 
    6.  
    9.00    252.00     50.25    5.02    49.20    5170    1032.51    5135.70 
 
 
    
 
 
 the depth of water at distance 5000m in (m):   
 
    9.0262858  
 
 
 
 
grepthis#Fluid_Mechanics_I._A._Khan_1962/CH10/EX10.11/example10_11.sce #
 
 
 
 
 
 
 
 
 
 
 
 
 
 force by water(lbs)=   
 
    189243.55  
 
 
 
grepthis#Fluid_Mechanics_I._A._Khan_1962/CH10/EX10.12/example10_12.sce #
 
 
 
 
 
 
 
 
 delz  =
 
    0.75  
 
 
 
 
 
 
 
 
 
 flow rate(cfs)=   
 
    503.39119  
 
 
 
grepthis#Fluid_Mechanics_I._A._Khan_1962/CH11/EX11.1/example11_1.sce #
 
 
 
 
 
 
 
 
 
 
 
 Change in Enthalpy(kcal)=   
 
    180.  
 
 
 
grepthis#Fluid_Mechanics_I._A._Khan_1962/CH11/EX11.2/example11_2.sce #
 
 
 
 
 
 
 
 
 
 
 
 
 
 
 Change in Enthalpy(kcal)=   
 
  - 0.2552107  
 
 
 
grepthis#Fluid_Mechanics_I._A._Khan_1962/CH11/EX11.3/example11_3.sce #
 
 
 
 
 
 
 
 
 
 
 
 
 
 
 Change in Enthalpy(Btu)=   
 
    329.98373  
 
 
 
grepthis#Fluid_Mechanics_I._A._Khan_1962/CH11/EX11.4/example11_4.sce #
 
 
 
 
 
 
 
 
 
 
 
 speed of sound in water(m/s)=   
 
    1483.2397  
 
 
 
 
 
 
 
 speed of sound in ethanol (m/s)=   
 
    1237.5967  
 
 
 
 
 
 
 
 speed of sound in air (m/s)=   
 
    343.11427  
 
 
grepthis#Fluid_Mechanics_I._A._Khan_1962/CH11/EX11.5/example11_5.sce #
 
 
 
 
 
 
 T1  =
 
    500.  
 
 
 
 
 
 
 
 
 
 pressure downstream (psia)   
 
    3.027972  
 
 
 
 
 temperature downstream (Farenheit)   
 
    157.25771  
 
 
 
grepthis#Fluid_Mechanics_I._A._Khan_1962/CH12/EX12.1/example12_1.sce #
 
 
 
 
 
 
 
 
 
 
 
 
 
 
 efficiency (%)   
 
    74.385805  
 
 
 
grepthis#Fluid_Mechanics_I._A._Khan_1962/CH12/EX12.2/example12_2.sce #
 
 
 
 
 
 
 
 
 
 
 
 r2  =
 
    0.2  
 
 b2  =
 
    0.03  
 
 
 
 
 
 
 
 relative velocity (m/s):   
 
    27.413601  
 
 
 
 
 head of water (m)   
 
    80.899762  
 
 
 
 
 power required(kW)   
 
    317.45067  
 
 
 
grepthis#Fluid_Mechanics_I._A._Khan_1962/CH12/EX12.3/example12_3.sce #
 
 
 
 
 
 
 
 
 
 
 
 
 k2  =
 
    3.333D+09  
 
 
 
 diameter (cm)   
 
    38.45011  
 
 
 
 rpm   
 
    1829.2683  
 
 
 
grepthis#Fluid_Mechanics_I._A._Khan_1962/CH12/EX12.4/example12_4.sce #
 
 
 
 
 
 
 
 
 
 
 
 
 f  =
 
    0.022  
 
 
 
 
 
 specific speed (rpm)   
 
    1095.7947  
 
 
 
grepthis#Fluid_Mechanics_I._A._Khan_1962/CH12/EX12.5/example12_5.sce #
 
 
 
 
 
 
 
 
 
 
 
 
 
 
 maximum value of suction lift (m)   
 
    4.0158002  
 
 
 
