ERROR: Elements_Of_Power_System_Analysis_W._D._Stevenson_14/CH5/EX5.6/example_5_6.sce
 
 
 
 
[2J[0;0H 
 
 
 
 


Case(1) Reflected and Receiving End voltages When Zr=90ohm
At time		V+		Vr		V-
0		0-->		0-->		0-->
1T		120-->		180-->		60-->
2T		-60-->		90-->		-30-->
3T		30-->		135-->		15-->
4T		-15-->		112-->		-7-->
5T		7-->		123-->		3-->


Case(2) Reflected and Receiving End voltages When Zr=10ohm
At time		V+		Vr		V-
0		0-->		0-->		0-->
1T		120-->		60-->		-60-->
2T		60-->		90-->		-30-->
3T		30-->		105-->		-15-->
4T		15-->		112-->		-7-->
5T		7-->		116-->		-3-->
 
 
xinit('/home/fossee/Downloads/tbc_graphs/Elements_Of_Power_System_Analysis_W._D._Stevenson_14/example_5_6');xend();exit();
                                                                                                                   !--error 999 
xend: An error occurred: Unable to create export file, permission denied.
at line      51 of exec file called by :    
exec('SCI/etc/scilab.start',-1);;exec('Elements_Of_Power_System_Analysis_W._D._Stevenson_14/CH5/EX5.6/example_5_6.sce',-1)
 
