/home/fossee/Downloads/set/set5/s_Electonic_Devices_S._Sharma_2342.zip
139
0
/home/fossee/Downloads/set/set5/s_Electrical_And_Electronic_Engineering_U._A._Bakshi_And_V._U._Bakshi_1370.zip
183
0
/home/fossee/Downloads/set/set5/s_Electrical_Machines_-_1_T._Singh_704.zip
90
0
/home/fossee/Downloads/set/set5/s_Digital_Image_Processing_S._Jayaraman,_S._Esakkirajan_And_T._Veerakumar_125.zip
0
0
/home/fossee/Downloads/set/set5/s_Digital_Electronics:_Circuits_And_Systems_V._K._Puri_1238.zip
0
0
/home/fossee/Downloads/set/set5/s_Digital_Signal_Processing_R._Babu_52.zip
125
36
/home/fossee/Downloads/set/set5/s_Electrical_Engineering_-_Principles_And_Applications_A._R._Hambley_887.zip
118
1
/home/fossee/Downloads/set/set5/s_Electrical_Machines_R._K._Srivastava_2777.zip
130
0
/home/fossee/Downloads/set/set5/s_Electrical_And_Electronic_Principles_And_Technology_J._Bird_1529.zip
328
0
/home/fossee/Downloads/set/set5/s_Electrical_And_Electronics_Engineering_Materials_J._B._Gupta_1730.zip
91
0
/home/fossee/Downloads/set/set5/s_Discrete_Mathematics_S._Lipschutz,_M._Lipson_And_V._H._Patil_55.zip
0
0
/home/fossee/Downloads/set/set5/s_Electrical_Engineering_R._Anandanatarajan_1541.zip
90
0
/home/fossee/Downloads/set/set5/s_Digital_Image_Processing_R._C._Gonzalez_And_R._E._Woods_3176.zip
4
79
/home/fossee/Downloads/set/set5/s_Electrical_Engineering_Materials_R._K._Shukla_And_A._Singh_2438.zip
151
4
/home/fossee/Downloads/set/set5/s_Digital_Signal_Processing:_A_Computer_Based_Approach_S._K._Mitra_692.zip
0
0
/home/fossee/Downloads/set/set5/s_Digital_Signal_Processing_S._Salivahanan,_A._Vallavaraj_And_C._Gnanapriya_758.zip
0
0
/home/fossee/Downloads/set/set5/s_Electrical_Machines-2_T._Singh_1748.zip
126
0
/home/fossee/Downloads/set/set5/s_Electrical_Circuit_Theory_And_Technology_J._O._Bird_608.zip
502
18
/home/fossee/Downloads/set/set5/s_Digital_Signal_Processing:_A_Modern_Introduction_A._Ashok_40.zip
0
0
/home/fossee/Downloads/set/set5/s_Digital_Telephony_J._C._Bellamy_116.zip
26
0
/home/fossee/Downloads/set/set5/s_Digital_Signal_Processing:_Principle,_Algorithms_And_Applications_J._G._Proakis_And_D._G._Manolakis_830.zip
0
0
/home/fossee/Downloads/set/set5/s_Electrical_Machines_M._V._Despande_833.zip
84
0
/home/fossee/Downloads/set/set5/s_Digital_Principals_And_Applications_D._P._Leach_And_A._P._Malvino_45.zip
116
13
/home/fossee/Downloads/set/set5/s_Electrical_Engineering_Fundamentals_V._Del_Toro_293.zip
50
1
/home/fossee/Downloads/set/set5/s_Electrical_Machines_3rd_Edition_S._K._Bhattacharya_431.zip
108
1
