grepthis#Digital_Signal_Processing_R._Babu_52/CH1/EX1.1/Example1_1.sce #
 
 
 
[2J[0;0H 
 
 
 
 
 
 
 
 
 
 
 
 
 
 
 
grepthis#Digital_Signal_Processing_R._Babu_52/CH1/EX1.2/Example1_2.sce #
 
 
 
[2J[0;0H 
 
 
 
 
 
 
 
 
 
 
 
 
 
 
 
grepthis#Digital_Signal_Processing_R._Babu_52/CH1/EX1.5.a/Example1_5_a.sce #
 
 
 
[2J[0;0H 
 
 
 
 
 
 
 
 
 
 
 
 
 
 
 
 
grepthis#Digital_Signal_Processing_R._Babu_52/CH1/EX1.5.c/Example1_5_c.sce #
 
 
 
[2J[0;0H 
 
 
 
 
 
 
 
 
 
 
 
 
 
 
 
 
grepthis#Digital_Signal_Processing_R._Babu_52/CH1/EX1.5.d/Example1_5_d.sce #
 
 
 
[2J[0;0H 
 
 
 
 
 
 
 
 
 
 
 
 
 
 
 
 
grepthis#Digital_Signal_Processing_R._Babu_52/CH1/EX1.32.a/Example1_32_a.sce #
 
 
 
[2J[0;0H 
 
 
 
 
 
 
 
 
 
 
 
 
 
 
 
 
 
 
 
 
 
grepthis#Digital_Signal_Processing_R._Babu_52/CH1/EX1.37/Example1_37.sce #
 
 
 
 
[2J[0;0H 
 
 
 
 
 
 
 
 
 
 
 
 
 
 
 
 
 
 
 
 
 
grepthis#Digital_Signal_Processing_R._Babu_52/CH1/EX1.38/Example1_38.sce #
 
 
 
 
[2J[0;0H 
 
 
 
 
 
 
 
 
 
 
 
 
 
 
 
 
 
 
 
 
 
grepthis#Digital_Signal_Processing_R._Babu_52/CH1/EX1.45/Example1_45.sce #
 
 
 
[2J[0;0H 
 
 
 
 
 
 
 
 
 
 
 
 
 
 
 
 
 
 
grepthis#Digital_Signal_Processing_R._Babu_52/CH1/EX1.64.a/Example1_64_a.sce #
 
 
 
[2J[0;0H 
 
 
 
 
 
 
 
 
 
 
 
 
 
 
 
 
 
 
 
 
 
grepthis#Digital_Signal_Processing_R._Babu_52/CH1/EX1.64.c/Example1_64_c.sce #
 
 
 
[2J[0;0H 
 
 
 
 
 
 
 
 
 
 
 
 
 
 
 
 
 
 
 
 
 
grepthis#Digital_Signal_Processing_R._Babu_52/CH2/EX2.17/Example2_17.sce #
 
 
 
[2J[0;0H 
 
 z  =
 
    z   
 
 
 
 
grepthis#Digital_Signal_Processing_R._Babu_52/CH2/EX2.19/Example2_19.sce #
 
 
 
[2J[0;0H 
 
 
 
 
 
 
 
 
 
 
 
 
 
 
 
 
 
 
 
 
 
grepthis#Digital_Signal_Processing_R._Babu_52/CH2/EX2.34/Example2_34.sce #
 
 
 
[2J[0;0H 
 
 
 
 
 
 
 
 
 
 
 
 
 
 
 
 
 
 
 
 
 
 
 
grepthis#Digital_Signal_Processing_R._Babu_52/CH2/EX2.35.a/Example2_35_a.sce #
 
 
 
[2J[0;0H 
 
 z  =
 
    z   
 
 
 
 
grepthis#Digital_Signal_Processing_R._Babu_52/CH2/EX2.35.b/Example2_35_b.sce #
 
 
 
[2J[0;0H 
 
 
 
 
 
 
 
 
 
 
 
 
 
 
 
 
 
 
 
 
 
 
 
grepthis#Digital_Signal_Processing_R._Babu_52/CH2/EX2.38/Example2_38.sce #
 
 
 
[2J[0;0H 
 
 
 
 
 
 
 
 
 
 
 
 
 
 
 
 
 
 
 
 
 
 
 
grepthis#Digital_Signal_Processing_R._Babu_52/CH2/EX2.45/Example2_45.sce #
 
 
 
[2J[0;0H 
 
 z  =
 
    z   
 
 
 
 
grepthis#Digital_Signal_Processing_R._Babu_52/CH2/EX2.58/Example2_58.sce #
 
 
 
[2J[0;0H 
 
 
 
 
 
 
 
 
 
 
 
 
 
 
 
 
 
 
 
 
 
 
 
grepthis#Digital_Signal_Processing_R._Babu_52/CH3/EX3.2/Example3_2.sce #
 
 
 
 
[2J[0;0H 
 
 
 
 
 
 
 
 
 
 
 
 X1[k]=   
 
    3.  - i      1.    i    
 
 
 X2[k]=   
 
 
         column 1 to 5
 
    3.    1.7071068 - 1.7071068i  - i      0.2928932 + 0.2928932i    1.  
 
         column 6 to 8
 
    0.2928932 - 0.2928932i    i      1.7071068 + 1.7071068i  
 
 
 
 
 
 
 
 
 
 
 
 
 
 
 
 
 
 
 
 
 
 
 
 
 
 
 
 
 
 
 
 
 
 
 
 
 
grepthis#Digital_Signal_Processing_R._Babu_52/CH3/EX3.7/Example3_7.sce #
 
 
 
 
 
[2J[0;0H 
 
 
 
 
 
 
 
 
 
 
 
 
 y[n]=   
 
    1.    0    1.    2.    2.  
 
 
 
 
 
 
 
 
 
 
grepthis#Digital_Signal_Processing_R._Babu_52/CH3/EX3.32/Example3_32.sce #
 
 
 
 
 
[2J[0;0H 
 
 
 
 
 
 
 
 Y[k]=   
 
 
         column  1 to 13
 
    1.    2.    2.    1.    0.    2.    1.    2.    1.    2.    2.    1.    0.  
 
         column 14 to 16
 
    2.    1.    2.  
 
 
 
 
 
 
 
 
 
 
grepthis#Digital_Signal_Processing_R._Babu_52/CH6/EX6.5/Example6_5.sce #
 
 
 
 
[2J[0;0H 
 
 
 
 
 
 
 
 
 
 
 
 
 
grepthis#Digital_Signal_Processing_R._Babu_52/CH6/EX6.6/Example6_6.sce #
 
 
 
 
[2J[0;0H 
 
 
 
 
 
 
 ans  =
 
Handle of type "Figure" with properties:
========================================
children: "Axes"
figure_position = [200,200]
figure_size = [620,590]
axes_size = [610,460]
auto_resize = "on"
viewport = [0,0]
figure_name = "Graphic window number %d"
figure_id = 0
info_message = ""
color_map = matrix 33x3
pixel_drawing_mode = "copy"
anti_aliasing = "off"
immediate_drawing = "on"
background =  33
visible = "on"
rotation_style = "unary"
event_handler = ""
event_handler_enable = "off"
user_data = []
resizefcn = ""
closerequestfcn = ""
resize = "on"
toolbar = "figure"
toolbar_visible = "on"
menubar = "figure"
menubar_visible = "on"
infobar_visible = "on"
dockable = "on"
layout = "none"
layout_options = "OptNoLayout"
default_axes = "on"
icon = ""
tag = ""
 
 
 
 
 
 
 
grepthis#Digital_Signal_Processing_R._Babu_52/CH6/EX6.7/Example6_7.sce #
 
 
 
 
 
[2J[0;0H 
 
 
 
 
 
 
 ans  =
 
Handle of type "Figure" with properties:
========================================
children: "Axes"
figure_position = [200,200]
figure_size = [620,590]
axes_size = [610,460]
auto_resize = "on"
viewport = [0,0]
figure_name = "Graphic window number %d"
figure_id = 0
info_message = ""
color_map = matrix 33x3
pixel_drawing_mode = "copy"
anti_aliasing = "off"
immediate_drawing = "on"
background =  33
visible = "on"
rotation_style = "unary"
event_handler = ""
event_handler_enable = "off"
user_data = []
resizefcn = ""
closerequestfcn = ""
resize = "on"
toolbar = "figure"
toolbar_visible = "on"
menubar = "figure"
menubar_visible = "on"
infobar_visible = "on"
dockable = "on"
layout = "none"
layout_options = "OptNoLayout"
default_axes = "on"
icon = ""
tag = ""
 
 
 
 
 
 
 
grepthis#Digital_Signal_Processing_R._Babu_52/CH6/EX6.8/Example6_8.sce #
 
 
 
 
 
[2J[0;0H 
 
 
 
 
 
 
 ans  =
 
Handle of type "Figure" with properties:
========================================
children: "Axes"
figure_position = [200,200]
figure_size = [620,590]
axes_size = [610,460]
auto_resize = "on"
viewport = [0,0]
figure_name = "Graphic window number %d"
figure_id = 0
info_message = ""
color_map = matrix 33x3
pixel_drawing_mode = "copy"
anti_aliasing = "off"
immediate_drawing = "on"
background =  33
visible = "on"
rotation_style = "unary"
event_handler = ""
event_handler_enable = "off"
user_data = []
resizefcn = ""
closerequestfcn = ""
resize = "on"
toolbar = "figure"
toolbar_visible = "on"
menubar = "figure"
menubar_visible = "on"
infobar_visible = "on"
dockable = "on"
layout = "none"
layout_options = "OptNoLayout"
default_axes = "on"
icon = ""
tag = ""
 
 
 
 
 
 
 
grepthis#Digital_Signal_Processing_R._Babu_52/CH6/EX6.9.a/Example6_9_a.sce #
 
 
 
 
 
 
[2J[0;0H 
 
 
 
 
 
 
 
 ans  =
 
Handle of type "Figure" with properties:
========================================
children: "Axes"
figure_position = [200,200]
figure_size = [620,590]
axes_size = [610,460]
auto_resize = "on"
viewport = [0,0]
figure_name = "Graphic window number %d"
figure_id = 0
info_message = ""
color_map = matrix 33x3
pixel_drawing_mode = "copy"
anti_aliasing = "off"
immediate_drawing = "on"
background =  33
visible = "on"
rotation_style = "unary"
event_handler = ""
event_handler_enable = "off"
user_data = []
resizefcn = ""
closerequestfcn = ""
resize = "on"
toolbar = "figure"
toolbar_visible = "on"
menubar = "figure"
menubar_visible = "on"
infobar_visible = "on"
dockable = "on"
layout = "none"
layout_options = "OptNoLayout"
default_axes = "on"
icon = ""
tag = ""
 
 
 
 
 
 
 
grepthis#Digital_Signal_Processing_R._Babu_52/CH6/EX6.9.b/Example6_9_b.sce #
 
 
 
 
 
 
[2J[0;0H 
 
 
 
 
 
 
 
 ans  =
 
Handle of type "Figure" with properties:
========================================
children: "Axes"
figure_position = [200,200]
figure_size = [620,590]
axes_size = [610,460]
auto_resize = "on"
viewport = [0,0]
figure_name = "Graphic window number %d"
figure_id = 0
info_message = ""
color_map = matrix 33x3
pixel_drawing_mode = "copy"
anti_aliasing = "off"
immediate_drawing = "on"
background =  33
visible = "on"
rotation_style = "unary"
event_handler = ""
event_handler_enable = "off"
user_data = []
resizefcn = ""
closerequestfcn = ""
resize = "on"
toolbar = "figure"
toolbar_visible = "on"
menubar = "figure"
menubar_visible = "on"
infobar_visible = "on"
dockable = "on"
layout = "none"
layout_options = "OptNoLayout"
default_axes = "on"
icon = ""
tag = ""
 
 
 
 
 
 
 
grepthis#Digital_Signal_Processing_R._Babu_52/CH6/EX6.10/Example6_10.sce #
 
 
 
 
 
[2J[0;0H 
 
 
 
 
 
 
 
 
 ans  =
 
Handle of type "Figure" with properties:
========================================
children: "Axes"
figure_position = [200,200]
figure_size = [620,590]
axes_size = [610,460]
auto_resize = "on"
viewport = [0,0]
figure_name = "Graphic window number %d"
figure_id = 0
info_message = ""
color_map = matrix 33x3
pixel_drawing_mode = "copy"
anti_aliasing = "off"
immediate_drawing = "on"
background =  33
visible = "on"
rotation_style = "unary"
event_handler = ""
event_handler_enable = "off"
user_data = []
resizefcn = ""
closerequestfcn = ""
resize = "on"
toolbar = "figure"
toolbar_visible = "on"
menubar = "figure"
menubar_visible = "on"
infobar_visible = "on"
dockable = "on"
layout = "none"
layout_options = "OptNoLayout"
default_axes = "on"
icon = ""
tag = ""
 
 
 
 
 
 
 
grepthis#Digital_Signal_Processing_R._Babu_52/CH6/EX6.11/Example6_11.sce #
 
 
 
 
 
 
[2J[0;0H 
 
 wsf  =
 
    100.  
 
 
 
 as  =
 
    44.  
 
 ap  =
 
    0.1  
 
 
 
 
 
 
 
 
 alpha  =
 
    3.8614157  
 
 
 
 
 
 
 
 
 
 ans  =
 
Handle of type "Figure" with properties:
========================================
children: "Axes"
figure_position = [200,200]
figure_size = [620,590]
axes_size = [610,460]
auto_resize = "on"
viewport = [0,0]
figure_name = "Graphic window number %d"
figure_id = 0
info_message = ""
color_map = matrix 33x3
pixel_drawing_mode = "copy"
anti_aliasing = "off"
immediate_drawing = "on"
background =  33
visible = "on"
rotation_style = "unary"
event_handler = ""
event_handler_enable = "off"
user_data = []
resizefcn = ""
closerequestfcn = ""
resize = "on"
toolbar = "figure"
toolbar_visible = "on"
menubar = "figure"
menubar_visible = "on"
infobar_visible = "on"
dockable = "on"
layout = "none"
layout_options = "OptNoLayout"
default_axes = "on"
icon = ""
tag = ""
 
 
 
 
 
 
 
 
 Filter Coefficients,h(n)=   
 
    0.0024410  
  - 3.172D-18  
  - 0.0068491  
    6.235D-18  
    0.0145007  
  - 9.826D-18  
  - 0.0272370  
    1.347D-17  
    0.0494369  
  - 1.661D-17  
  - 0.0970495  
    1.874D-17  
    0.3152014  
    0.5        
    0.3152014  
    1.874D-17  
  - 0.0970495  
  - 1.661D-17  
    0.0494369  
    1.347D-17  
  - 0.0272370  
  - 9.826D-18  
    0.0145007  
    6.235D-18  
  - 0.0068491  
  - 3.172D-18  
    0.0024410  
 
grepthis#Digital_Signal_Processing_R._Babu_52/CH6/EX6.12/Example6_12.sce #
 
 
 
 
 
 
 
 
[2J[0;0H 
 
 
 
 
 
 
 as  =
 
    30.  
 
 ap  =
 
    0.5  
 
 
 
 
 
 
 
 
 
 
 alpha  =
 
    2.1166249  
 
 
 
 
 
 
 
 
 
 ans  =
 
Handle of type "Figure" with properties:
========================================
children: "Axes"
figure_position = [200,200]
figure_size = [620,590]
axes_size = [610,460]
auto_resize = "on"
viewport = [0,0]
figure_name = "Graphic window number %d"
figure_id = 0
info_message = ""
color_map = matrix 33x3
pixel_drawing_mode = "copy"
anti_aliasing = "off"
immediate_drawing = "on"
background =  33
visible = "on"
rotation_style = "unary"
event_handler = ""
event_handler_enable = "off"
user_data = []
resizefcn = ""
closerequestfcn = ""
resize = "on"
toolbar = "figure"
toolbar_visible = "on"
menubar = "figure"
menubar_visible = "on"
infobar_visible = "on"
dockable = "on"
layout = "none"
layout_options = "OptNoLayout"
default_axes = "on"
icon = ""
tag = ""
 
 
 
 
 
 
 
 
 Filter Coefficients,h(n)=   
 
  - 0.0305724  
    1.958D-17  
    0.0391350  
    0.         
    0.0768558  
  - 3.170D-17  
  - 0.2886057  
    0.         
    0.4        
    0.         
  - 0.2886057  
  - 3.170D-17  
    0.0768558  
    0.         
    0.0391350  
    1.958D-17  
  - 0.0305724  
 
grepthis#Digital_Signal_Processing_R._Babu_52/CH6/EX6.13.a/Example6_13_a.sce #
 
 
 
 
 
[2J[0;0H 
 
 
 
 
 
 
 
 
 ans  =
 
Handle of type "Figure" with properties:
========================================
children: "Axes"
figure_position = [200,200]
figure_size = [620,590]
axes_size = [610,460]
auto_resize = "on"
viewport = [0,0]
figure_name = "Graphic window number %d"
figure_id = 0
info_message = ""
color_map = matrix 33x3
pixel_drawing_mode = "copy"
anti_aliasing = "off"
immediate_drawing = "on"
background =  33
visible = "on"
rotation_style = "unary"
event_handler = ""
event_handler_enable = "off"
user_data = []
resizefcn = ""
closerequestfcn = ""
resize = "on"
toolbar = "figure"
toolbar_visible = "on"
menubar = "figure"
menubar_visible = "on"
infobar_visible = "on"
dockable = "on"
layout = "none"
layout_options = "OptNoLayout"
default_axes = "on"
icon = ""
tag = ""
 
 
 
 
 
 
 
grepthis#Digital_Signal_Processing_R._Babu_52/CH6/EX6.13.b/Example6_13_b.sce #
 
 
 
 
 
[2J[0;0H 
 
 
 
 
 
 
 
 
 ans  =
 
Handle of type "Figure" with properties:
========================================
children: "Axes"
figure_position = [200,200]
figure_size = [620,590]
axes_size = [610,460]
auto_resize = "on"
viewport = [0,0]
figure_name = "Graphic window number %d"
figure_id = 0
info_message = ""
color_map = matrix 33x3
pixel_drawing_mode = "copy"
anti_aliasing = "off"
immediate_drawing = "on"
background =  33
visible = "on"
rotation_style = "unary"
event_handler = ""
event_handler_enable = "off"
user_data = []
resizefcn = ""
closerequestfcn = ""
resize = "on"
toolbar = "figure"
toolbar_visible = "on"
menubar = "figure"
menubar_visible = "on"
infobar_visible = "on"
dockable = "on"
layout = "none"
layout_options = "OptNoLayout"
default_axes = "on"
icon = ""
tag = ""
 
 
 
 
 
 
 
grepthis#Digital_Signal_Processing_R._Babu_52/CH6/EX6.14.a/Example6_14_a.sce #
 
 
 
 
 
[2J[0;0H 
 
 
 
 
 
 
 ans  =
 
Handle of type "Figure" with properties:
========================================
children: "Axes"
figure_position = [200,200]
figure_size = [620,590]
axes_size = [610,460]
auto_resize = "on"
viewport = [0,0]
figure_name = "Graphic window number %d"
figure_id = 0
info_message = ""
color_map = matrix 33x3
pixel_drawing_mode = "copy"
anti_aliasing = "off"
immediate_drawing = "on"
background =  33
visible = "on"
rotation_style = "unary"
event_handler = ""
event_handler_enable = "off"
user_data = []
resizefcn = ""
closerequestfcn = ""
resize = "on"
toolbar = "figure"
toolbar_visible = "on"
menubar = "figure"
menubar_visible = "on"
infobar_visible = "on"
dockable = "on"
layout = "none"
layout_options = "OptNoLayout"
default_axes = "on"
icon = ""
tag = ""
 
 
 
 
 
 
 
grepthis#Digital_Signal_Processing_R._Babu_52/CH6/EX6.14.b/Example6_14_b.sce #
 
 
 
 
 
[2J[0;0H 
 
 
 
 
 
 ans  =
 
Handle of type "Figure" with properties:
========================================
children: "Axes"
figure_position = [200,200]
figure_size = [620,590]
axes_size = [610,460]
auto_resize = "on"
viewport = [0,0]
figure_name = "Graphic window number %d"
figure_id = 0
info_message = ""
color_map = matrix 33x3
pixel_drawing_mode = "copy"
anti_aliasing = "off"
immediate_drawing = "on"
background =  33
visible = "on"
rotation_style = "unary"
event_handler = ""
event_handler_enable = "off"
user_data = []
resizefcn = ""
closerequestfcn = ""
resize = "on"
toolbar = "figure"
toolbar_visible = "on"
menubar = "figure"
menubar_visible = "on"
infobar_visible = "on"
dockable = "on"
layout = "none"
layout_options = "OptNoLayout"
default_axes = "on"
icon = ""
tag = ""
 
 
 
 
 
 
 
grepthis#Digital_Signal_Processing_R._Babu_52/CH6/EX6.18.a/Example6_18_a.sce #
 
 
 
 
[2J[0;0H 
 
 
 
 
 
 
 
 
 
 
 
 
 
grepthis#Digital_Signal_Processing_R._Babu_52/CH6/EX6.18.b/Example6_18_b.sce #
 
 
 
 
[2J[0;0H 
 
 
 
 
 
 
 
 
 
 
 
 
 
grepthis#Digital_Signal_Processing_R._Babu_52/CH6/EX6.19/Example6_19.sce #
 
 
 
 
[2J[0;0H 
 
 
 
 
 
 
 ans  =
 
Handle of type "Figure" with properties:
========================================
children: "Axes"
figure_position = [200,200]
figure_size = [620,590]
axes_size = [610,460]
auto_resize = "on"
viewport = [0,0]
figure_name = "Graphic window number %d"
figure_id = 0
info_message = ""
color_map = matrix 33x3
pixel_drawing_mode = "copy"
anti_aliasing = "off"
immediate_drawing = "on"
background =  33
visible = "on"
rotation_style = "unary"
event_handler = ""
event_handler_enable = "off"
user_data = []
resizefcn = ""
closerequestfcn = ""
resize = "on"
toolbar = "figure"
toolbar_visible = "on"
menubar = "figure"
menubar_visible = "on"
infobar_visible = "on"
dockable = "on"
layout = "none"
layout_options = "OptNoLayout"
default_axes = "on"
icon = ""
tag = ""
 
 
 
 
 
 
 
 
 Filter Coefficients,h(n)=   
 
    6.497D-18  
    0.0318310  
    0.0689161  
    0.1061033  
    0.1378322  
    0.1591549  
    0.167      
    0.1591549  
    0.1378322  
    0.1061033  
    0.0689161  
    0.0318310  
    6.497D-18  
 
grepthis#Digital_Signal_Processing_R._Babu_52/CH6/EX6.20/Example6_20.sce #
 
 
 
 
 
[2J[0;0H 
 
 
 
 
 
 
 
 
 ans  =
 
Handle of type "Figure" with properties:
========================================
children: "Axes"
figure_position = [200,200]
figure_size = [620,590]
axes_size = [610,460]
auto_resize = "on"
viewport = [0,0]
figure_name = "Graphic window number %d"
figure_id = 0
info_message = ""
color_map = matrix 33x3
pixel_drawing_mode = "copy"
anti_aliasing = "off"
immediate_drawing = "on"
background =  33
visible = "on"
rotation_style = "unary"
event_handler = ""
event_handler_enable = "off"
user_data = []
resizefcn = ""
closerequestfcn = ""
resize = "on"
toolbar = "figure"
toolbar_visible = "on"
menubar = "figure"
menubar_visible = "on"
infobar_visible = "on"
dockable = "on"
layout = "none"
layout_options = "OptNoLayout"
default_axes = "on"
icon = ""
tag = ""
 
 
 
 
 
 
 
 
 Filter Coefficients,h(n)=   
 
    5.198D-19  
    0.0045082  
    0.0213640  
    0.0572958  
    0.1061308  
    0.1493465  
    0.167      
    0.1493465  
    0.1061308  
    0.0572958  
    0.0213640  
    0.0045082  
    5.198D-19  
 
 
 Filter Coefficients,h(n)=   
 
    5.198D-19  
    0.0045082  
    0.0213640  
    0.0572958  
    0.1061308  
    0.1493465  
    0.167      
    0.1493465  
    0.1061308  
    0.0572958  
    0.0213640  
    0.0045082  
    5.198D-19  
 
grepthis#Digital_Signal_Processing_R._Babu_52/CH6/EX6.21/Example6_21.sce #
 
 
 
 
[2J[0;0H 
 
 
 
 
 
 
 
 ans  =
 
Handle of type "Figure" with properties:
========================================
children: "Axes"
figure_position = [200,200]
figure_size = [620,590]
axes_size = [610,460]
auto_resize = "on"
viewport = [0,0]
figure_name = "Graphic window number %d"
figure_id = 0
info_message = ""
color_map = matrix 33x3
pixel_drawing_mode = "copy"
anti_aliasing = "off"
immediate_drawing = "on"
background =  33
visible = "on"
rotation_style = "unary"
event_handler = ""
event_handler_enable = "off"
user_data = []
resizefcn = ""
closerequestfcn = ""
resize = "on"
toolbar = "figure"
toolbar_visible = "on"
menubar = "figure"
menubar_visible = "on"
infobar_visible = "on"
dockable = "on"
layout = "none"
layout_options = "OptNoLayout"
default_axes = "on"
icon = ""
tag = ""
 
 
 
 
 
 
 
 
 Filter Coefficients,h(n)=   
 
  - 0.0623660  
    0.0935489  
    0.3027307  
    0.4        
    0.3027307  
    0.0935489  
  - 0.0623660  
 
