Total number of .sce files(without counting DEPENDENCIES directory): 94

grepthis#High_Frequency_And_Microwave_Engineering_E._Da_Silva_2210/CH1/EX1.1/1_1.sce #
 
 
 E  =
 
    0.00001  
 
 Z  =
 
    377.  
 
 A  =
 
    5.  
 
 
 
 H  =
 
    2.653D-08  
 
 
 P  =
 
    1.326D-12  
 
 
(a) Magnetic field strength = 26.525 nA/m

 
(b) Incident power on a recieving aerial = 1.326 pW

 
 
grepthis#High_Frequency_And_Microwave_Engineering_E._Da_Silva_2210/CH1/EX1.2/1_2.sce #
 
 
 E  =
 
    0.00001  
 
 Z  =
 
    377.  
 
 P  =
 
    2.650D-13  
 
 
 D1  =
 
    10.  
 
 D2  =
 
    100.  
 
 P1  =
 
    0.01  
 
 PD  =
 
    2.650D-15  
 
 
 Erms  =
 
    0.0000010  
 
 Hrms  =
 
    2.651D-09  
 
(a) Erms at 100km = 1.000 microV/m

 
(b) Hrms at 100km = 2.651 nA/m

 
 
grepthis#High_Frequency_And_Microwave_Engineering_E._Da_Silva_2210/CH1/EX1.3/1_3.sce #
 
 
 Vo  =
 
    100.  
 
 Zo  =
 
    72.  
 
 Zin  =
 
    72.  
 
 R  =
 
    72.  
 
 eff  =
 
    100.  
 
 
 Vrms  =
 
    50.  
 
 Pr  =
 
    34.722222  
 
 
Power radiated = 34.72 W 
 
grepthis#High_Frequency_And_Microwave_Engineering_E._Da_Silva_2210/CH1/EX1.4/1_4.sce #
 
 
 n  =
 
    105.  
 
 a  =
 
    0.00008  
 
 ur  =
 
    230.  
 
 uo  =
 
    0.0000013  
 
 Erms  =
 
    0.00001  
 
 f  =
 
    1000000.  
 
 
 
 erms  =
 
    0.0001525  
 
 
r.m.s open circuit voltage = 152.54 microVolt 
 
grepthis#High_Frequency_And_Microwave_Engineering_E._Da_Silva_2210/CH1/EX1.5/1_5.sce #
 
 
 n  =
 
    100.  
 
 a  =
 
    0.00008  
 
 ur  =
 
    200.  
 
 uo  =
 
    0.0000013  
 
 ao  =
 
    1.0471976  
 
 f  =
 
    1000000.  
 
 E  =
 
    0.0001  
 
 z  =
 
    377.  
 
 
 
 w  =
 
    6283185.3  
 
 erms  =
 
    0.0000017  
 
 
r.m.s open circuit voltage induced = 1.675 uV 
 
grepthis#High_Frequency_And_Microwave_Engineering_E._Da_Silva_2210/CH1/EX1.6/1_6.sce #
 
 
 n  =
 
    2.  
 
 Zo  =
 
    75.  
 
 
 
 R  =
 
    25.  
 
 
Value of the matching resistor = 25 ohm 
 
grepthis#High_Frequency_And_Microwave_Engineering_E._Da_Silva_2210/CH1/EX1.9/1_9.sce #
 
 
 r1  =
 
    75.  
 
 r2  =
 
    43.  
 
 
 
 Voc  =
 
    0.2798507  
 
 Zin  =
 
    59.  
 
 Zsr  =
 
    88.854922  
 
 
(a) Ratio Vout/Voc = 0.28 

 
(b) Input impedance to the network = 59 ohm

 
(c) Reciever source impedance = 88.85 ohm

 
 
grepthis#High_Frequency_And_Microwave_Engineering_E._Da_Silva_2210/CH2/EX2.2/2_2.sce #
 
 
 D  =
 
    0.3  
 
 d  =
 
    0.004  
 
 e  =
 
    1.  
 
 
 
 z0  =
 
    600.60119  
 
Characteristic impedance, Z0 = 600 ohm 
 
grepthis#High_Frequency_And_Microwave_Engineering_E._Da_Silva_2210/CH2/EX2.4/2_4.sce #
 
 
 ans  =
 
    1.  
 
 R  =
 
    23.  
 
 G  =
 
    0.004  
 
 L  =
 
    0.000125  
 
 C  =
 
    4.800D-08  
 
 
 
 f1  =
 
    100.  
 
 f2  =
 
    500.  
 
 f3  =
 
    15000.  
 
 f4  =
 
    5000000.  
 
 f5  =
 
    10000000.  
 
 
 
 
 
 Z01  =
 
    75.827737 - 0.1563918i  
 
 Z_mag1  =
 
    75.827898  
 
 Z_ang1  =
 
  - 0.0020625  
 
 Z02  =
 
    75.803335 - 0.7811451i  
 
 Z_mag2  =
 
    75.80736  
 
 Z_ang2  =
 
  - 0.0103045  
 
 Z03  =
 
    64.279937 - 12.142808i  
 
 Z_mag3  =
 
    65.416803  
 
 Z_ang3  =
 
  - 0.1867050  
 
 Z04  =
 
    51.031319 - 0.0817588i  
 
 Z_mag4  =
 
    51.031384  
 
 Z_ang4  =
 
  - 0.0016021  
 
 Z05  =
 
    51.031107 - 0.0408798i  
 
 Z_mag5  =
 
    51.031123  
 
 Z_ang5  =
 
  - 0.0008011  
 
 
Characteristic impedance Z0 for a given frequency is,

 
(a) for 100 Hz, 
Z0(magnitude) = 75.83 ohm
 Z0(angle) = -0.002062 rad

 
(b) for 500 Hz, 
 Z0(magnitude) = 75.81 ohm
 Z0(angle) = -0.010305 rad

 
(c) for 15 KHz, 
 Z0(magnitude) = 65.42 ohm
 Z0(angle) = -0.186705 rad

 
(d) for 5 MHz, 
Z0(magnitude) = 51.03 ohm
 Z0(angle) = -0.001602 rad

 
(e) for 10 MHz, 
 Z0(magnitude) = 51.03 ohm
 Z0(angle) = -0.000801 rad

 
 
grepthis#High_Frequency_And_Microwave_Engineering_E._Da_Silva_2210/CH2/EX2.5/2_5.sce #
 
 
 f  =
 
    1600000.  
 
 Zoc_mag  =
 
    900.  
 
 Zoc_ang  =
 
  - 30.  
 
 Zsc_mag  =
 
    400.  
 
 Zsc_ang  =
 
  - 10.  
 
 
 
 Z0_mag  =
 
    600.  
 
 Z0_ang  =
 
  - 20.  
 
 
Z0 (magnitude) = 600 ohm
 Z0(angle) = -20 degree 
 
grepthis#High_Frequency_And_Microwave_Engineering_E._Da_Silva_2210/CH2/EX2.6/2_6.sce #
 
 
 a  =
 
    2.  
 
 l  =
 
    10.  
 
 
 
 a10  =
 
    20.  
 
 loss  =
 
    173.72  
 
 
Loss in dB = 173.72 dB 
 
grepthis#High_Frequency_And_Microwave_Engineering_E._Da_Silva_2210/CH2/EX2.7/2_7.sce #
 
 
 Zl  =
 
    80. - 10.i  
 
 Z0  =
 
    50.  
 
 
 
 ref  =
 
    0.2352941 - 0.0588235i  
 
 ref_mag  =
 
    0.2425356  
 
 ref_ang  =
 
  - 0.2449787  
 
 
Reflection coefficient is given by 
 magnitude = 0.24 
 angle = -14.04 degree 
 
grepthis#High_Frequency_And_Microwave_Engineering_E._Da_Silva_2210/CH2/EX2.8/2_8.sce #
 
 
 Z0  =
 
    50.  
 
 
 Zl1  =
 
    50.  
 
 Zl2  =
 
    0.  
 
 Zl3  =
 
    75.  
 
 
 
 ref1  =
 
    0.  
 
 ref2  =
 
    1.  
 
 ref3  =
 
  - 1.  
 
 ref4  =
 
    0.2  
 
(a) with Zl = 50, reflection coefficient is 
 magnitude = 0.000000 
 angle = 0 degree

 
(b) with Zl = open circuit , reflection coefficient is 
 magnitude = 1.000000 
 angle = 0 degree

 
(c) with Zl = short circuit, reflection coefficient is 
 magnitude = -1.000000 
 angle = 0 degree

 
(d) with Zl = 75, reflection coefficient is 
 magnitude = 0.200000 
 angle = 0 degree

 
 
grepthis#High_Frequency_And_Microwave_Engineering_E._Da_Silva_2210/CH2/EX2.9/2_9.sce #
 
 
 Vin  =
 
    100.  
 
 Vref  =
 
    10.  
 
 
 
 Vswr  =
 
    1.2222222  
 
 
VSWR = 1.22 
 
grepthis#High_Frequency_And_Microwave_Engineering_E._Da_Silva_2210/CH2/EX2.10/2_10.sce #
 
 
 ref  =
 
    0.1  
 
 
 
 Vswr  =
 
    1.2222222  
 
 
VSWR = 1.22 
 
grepthis#High_Frequency_And_Microwave_Engineering_E._Da_Silva_2210/CH2/EX2.11/2_11.sce #
 
 
 Vswr  =
 
    1.07  
 
 Z0  =
 
    50.  
 
 
 
 ref  =
 
    0.0338164  
 
 Pref  =
 
    0.1143551  
 
 
Reflected power = 0.1 percentage of power incident 
 
grepthis#High_Frequency_And_Microwave_Engineering_E._Da_Silva_2210/CH2/EX2.12/2_12.sce #
 
 
 ans  =
 
    1.  
 
 R  =
 
    23.  
 
 G  =
 
    0.004  
 
 L  =
 
    0.000125  
 
 C  =
 
    4.800D-08  
 
 
 
 f1  =
 
    100.  
 
 f2  =
 
    500.  
 
 f3  =
 
    15000.  
 
 f4  =
 
    5000000.  
 
 f5  =
 
    10000000.  
 
 
 
 
 
 v1  =
 
  - 0.0020625  
 x1  =
 
    75.827898  
 z1  =
 
    0.0054772  
 y1  =
 
    0.3033202  
 
 v2  =
 
  - 0.0103045  
 x2  =
 
    75.80736  
 z2  =
 
    0.0273767  
 y2  =
 
    0.3034448  
 
 v3  =
 
  - 0.1867050  
 x3  =
 
    65.416803  
 z3  =
 
    0.6600777  
 y3  =
 
    0.3950309  
 
 v4  =
 
  - 0.0016021  
 x4  =
 
    51.031384  
 z4  =
 
    1.5665416  
 y4  =
 
    76.953785  
 
 v5  =
 
  - 0.0008011  
 x5  =
 
    51.031123  
 z5  =
 
    1.568669  
 y5  =
 
    153.90638  
 
 
(a)for 100 Hz 
	Propagation constant is 
		= 0.303320 (magnitude)
		= 0.005477 (angle)

	Characteristic impedance Z0 is 
		= 75.827898 ohm(magnitude)
		= -0.002062 (angle)

 
(b)for 500 Hz 
	Propagation constant is 
		= 0.303445 (magnitude)
		= 0.027377 (angle)

	Characteristic impedance Z0 is 
		= 75.807360 ohm(magnitude)
		= -0.010305 (angle)

 
(c)for 15 KHz 
	Propagation constant is 
		= 0.395031 (magnitude)
		= 0.660078 (angle)

	Characteristic impedance Z0 is 
		= 65.416803 ohm(magnitude)
		= -0.186705 (angle)

 
(d)for 5 MHz 
	Propagation constant is 
		= 76.953785 (magnitude)
		= 1.566542 (angle)

	Characteristic impedance Z0 is 
		= 51.031384 ohm(magnitude)
		= -0.001602 (angle)

 
(e)for 10 MHz 
	Propagation constant is 
		= 153.906377 (magnitude)
		= 1.568669 (angle)

	Characteristic impedance Z0 is 
		= 51.031123 ohm(magnitude)
		= -0.000801 (angle)

 
 
grepthis#High_Frequency_And_Microwave_Engineering_E._Da_Silva_2210/CH2/EX2.13/2_13.sce #
 
 
 Z0  =
 
    377.  
 
 l  =
 
    0.1428571  
 
 
 
 Zin  =
 
    472.74305i  
 
 
Input impedance = j472.7  ohm 
 
grepthis#High_Frequency_And_Microwave_Engineering_E._Da_Silva_2210/CH2/EX2.14/2_14.sce #
 
 
 Z0  =
 
    75.  
 
 l  =
 
    0.2  
 
 
 
 Zin  =
 
  - 24.368977i  
 
 
Input impedance = -24.4j ohm 
 
grepthis#High_Frequency_And_Microwave_Engineering_E._Da_Silva_2210/CH2/EX2.15/2_15.sce #
 
 
 Zl  =
 
    20.  
 
 Z0  =
 
    90.  
 
 l  =
 
    0.25  
 
 
 
 Zin  =
 
    405.  
 
Input impedance = 405 ohm  
 
grepthis#High_Frequency_And_Microwave_Engineering_E._Da_Silva_2210/CH3/EX3.8/3_8.sce #
 
 
 
 j  =
 
    0.25 + 0.5i  
 
 Zo  =
 
    50.  
 
 
 
 Zl  =
 
    12.5 + 25.i  
 
 
Line impedance = 12.5 + j25 
 
grepthis#High_Frequency_And_Microwave_Engineering_E._Da_Silva_2210/CH3/EX3.9/3_9.sce #
 
 
 Z0  =
 
    50.  
 
 Zl0  =
 
    5.  
 
 
 
 Z0t  =
 
    2.236068  
 
 Z0t1  =
 
    111.8034  
 
Impedance = 111.80 ohm 
 
grepthis#High_Frequency_And_Microwave_Engineering_E._Da_Silva_2210/CH3/EX3.10/3_10.sce #
 
 
 Zlo  =
 
    0.2  
 
 Zo  =
 
    50.  
 
 
 
 Z0t  =
 
    22.36068  
 
 
Characteristic impedance, Z0t = 22 ohm 
 
grepthis#High_Frequency_And_Microwave_Engineering_E._Da_Silva_2210/CH3/EX3.18/3_18.sce #
 
 
 ans  =
 
    1.  
 
 
 
 
 
 
 
 
 
 
 
 s11  =
 
    0.1181769 - 0.0208378i  
 
 s12  =
 
    0.0004158 - 0.0019563i  
 
 s21  =
 
  - 9.2089877 + 3.3517974i  
 
 s22  =
 
    0.0096593 - 0.0025882i  
 
 
 s11a  =
 
  - 10.  
 s11m  =
 
    0.12  
 
 s22a  =
 
  - 15.  
 s22m  =
 
    0.01  
 
 s21a  =
 
    160.  
 s21m  =
 
    9.8  
 
 s12a  =
 
  - 78.  
 s12m  =
 
    0.002  
 
 
 vswr  =
 
    1.2727273  
 
 ret_loss  =
 
    18.416375  
 
 Fig  =
 
    19.824522  
 
 Rig  =
 
  - 53.9794  
 
 
(a) Input VSWR = 1.27

 
(b) Return loss (dB) = 18.42 dB

 
(c) Forward insertion gain = 19.82 dB

 
(d) Reverse insertion gain = -53.98 dB

 
 
grepthis#High_Frequency_And_Microwave_Engineering_E._Da_Silva_2210/CH5/EX5.1/5_1.sce #
 
 
 R  =
 
    3.  
 
 L  =
 
    2.000D-08  
 
 f0  =
 
    5.000D+08  
 
 
 
 Z  =
 
    3.  
 
 C  =
 
    5.066D-12  
 
 Q  =
 
    20.943951  
 
 B  =
 
    23873241.  
 
 
(a) Impedance at resonance = 3 ohm

 
(b) Value of series capacitor = 5.066 pF

 
(c) Q of the circuit at resonance = 20.944

 
(d) 3 dB bandwidth of the circuit = 23.873 Mhz

 
 
grepthis#High_Frequency_And_Microwave_Engineering_E._Da_Silva_2210/CH5/EX5.3/5_3.sce #
 
 
 f1  =
 
    2.600D+08  
 
 f2  =
 
    1.000D+08  
 
 A  =
 
    40.  
 
 
 
 fr  =
 
    2.6  
 
 n  =
 
    4.8195866  
 
 
Number of arms = 4.819587
 i.e 5 arms 
 
grepthis#High_Frequency_And_Microwave_Engineering_E._Da_Silva_2210/CH5/EX5.4/5_4.sce #
 
 
 z0  =
 
    50.  
 
 fp  =
 
    5.000D+08  
 
 
 
 g1  =
 
    0.618  
 
 g2  =
 
    1.618  
 
 g3  =
 
    2.  
 
 g4  =
 
    1.618  
 
 g5  =
 
    0.618  
 
 w  =
 
    3.142D+09  
 
 
 
 c1  =
 
    3.934D-12  
 
 l2  =
 
    2.575D-08  
 
 c3  =
 
    1.273D-11  
 
 l4  =
 
    2.575D-08  
 
 c5  =
 
    3.934D-12  
 
 
Component values are
	C1 = 3.93 pF 

	L2 = 25.75 nH
	C3 = 12.73 pF
	L4 = 25.75 nH
	C5 = 3.93 pF 
 
grepthis#High_Frequency_And_Microwave_Engineering_E._Da_Silva_2210/CH5/EX5.6/5_6.sce #
 
 
 z0  =
 
    50.  
 
 fp  =
 
    5.000D+08  
 
 
 
 g1  =
 
    1.618123  
 
 g2  =
 
    0.6180470  
 
 g3  =
 
    0.5  
 
 g4  =
 
    0.6180470  
 
 g5  =
 
    1.618123  
 
 w  =
 
    3.142D+09  
 
 
 
 l1  =
 
    2.575D-08  
 
 c2  =
 
    3.935D-12  
 
 l3  =
 
    7.958D-09  
 
 c4  =
 
    3.935D-12  
 
 l5  =
 
    2.575D-08  
 
 
Component values are
	L1 = 25.75 nH 

	C2 = 3.93 pF
	L3 = 7.96 nH
	C4 = 3.93 pF
	L5 = 25.75 nH 
 
grepthis#High_Frequency_And_Microwave_Engineering_E._Da_Silva_2210/CH5/EX5.8/5_8.sce #
 
 
 z0  =
 
    50.  
 
 fb  =
 
    5.250D+08  
 
 fa  =
 
    4.750D+08  
 
 fp  =
 
    50000000.  
 
 
 f0  =
 
    4.994D+08  
 
 
 
 g1  =
 
    0.618  
 
 g2  =
 
    1.618  
 
 g3  =
 
    2.  
 
 g4  =
 
    1.618  
 
 g5  =
 
    0.618  
 
 w  =
 
    3.142D+08  
 
 
 
 c1  =
 
    3.934D-11  
 
 l2  =
 
    0.0000003  
 
 c3  =
 
    1.273D-10  
 
 l4  =
 
    0.0000003  
 
 c5  =
 
    3.934D-11  
 
 
Component values are
	C1 = 39.34 pF 

	L2 = 257.51 nH
	C3 = 127.32 pF
	L4 = 257.51 nH
	C5 = 39.34 pF 
 
grepthis#High_Frequency_And_Microwave_Engineering_E._Da_Silva_2210/CH5/EX5.10/5_10.sce #
 
 
 z0  =
 
    50.  
 
 fb  =
 
    5.250D+08  
 
 fa  =
 
    4.750D+08  
 
 fp  =
 
    50000000.  
 
 
 f0  =
 
    4.994D+08  
 
 
 
 g1  =
 
    1.618123  
 
 g2  =
 
    0.6180470  
 
 g3  =
 
    0.5  
 
 g4  =
 
    0.6180470  
 
 g5  =
 
    1.618123  
 
 w  =
 
    3.142D+08  
 
 
 
 l1  =
 
    0.0000003  
 
 c2  =
 
    3.935D-11  
 
 l3  =
 
    7.958D-08  
 
 c4  =
 
    3.935D-11  
 
 l5  =
 
    0.0000003  
 
 
Component values are
	L1 = 257.532270 nH 

	C2 = 39.346092 pF
	L3 = 79.577472 nH
	C4 = 39.346092 pF
	L5 = 257.532270 nH 
 
grepthis#High_Frequency_And_Microwave_Engineering_E._Da_Silva_2210/CH5/EX5.11/5_11.sce #
 
 
 z0  =
 
    50.  
 
 fp  =
 
    50000000.  
 
 
 n  =
 
    5.  
 
 
 
 
 g1  =
 
    1.1468  
 
 g2  =
 
    1.3721  
 
 g3  =
 
    1.976  
 
 g4  =
 
    1.3712  
 
 g5  =
 
    1.1468  
 
 w  =
 
    3.142D+08  
 
 
 
 c1  =
 
    7.301D-11  
 
 l2  =
 
    0.0000002  
 
 c3  =
 
    1.258D-10  
 
 l4  =
 
    0.0000002  
 
 c5  =
 
    7.301D-11  
 
(a) Number of arms of low pass filter = 5.00 
 
Component values are
	C1 = 73.01 pF 

	L2 = 218.38 nH
	C3 = 125.80 pF
	L4 = 218.23 nH
	C5 = 73.01 pF 
 
grepthis#High_Frequency_And_Microwave_Engineering_E._Da_Silva_2210/CH5/EX5.12/5_12.sce #
 
 
 z0  =
 
    75.  
 
 fp  =
 
    5.000D+08  
 
 f1  =
 
    2.600D+08  
 
 
 n  =
 
    5.  
 
 
 
 g1  =
 
    0.723589  
 
 g2  =
 
    0.7541478  
 
 g3  =
 
    0.4526935  
 
 g4  =
 
    0.7541478  
 
 g5  =
 
    0.723589  
 
 w  =
 
    3.142D+09  
 
 
 
 l1  =
 
    1.727D-08  
 
 c2  =
 
    3.201D-12  
 
 l3  =
 
    1.081D-08  
 
 c4  =
 
    3.201D-12  
 
 l5  =
 
    1.727D-08  
 
(a) Number of arms of low pass filter = 5.00 
 
(b) Component values are
	L1 = 17.274415 nH 

	C2 = 3.200703 pF
	L3 = 10.807262 nH
	C4 = 3.200703 pF
	L5 = 17.274415 nH 
 
grepthis#High_Frequency_And_Microwave_Engineering_E._Da_Silva_2210/CH5/EX5.13/5_13.sce #
 
 
 n1  =
 
    16.  
 
 n2  =
 
    8.  
 
 zs  =
 
    16.  
 
 
 
 zp  =
 
    64.  
 
Effective resistance at the primary = 64 ohm 
 
grepthis#High_Frequency_And_Microwave_Engineering_E._Da_Silva_2210/CH5/EX5.14/5_14.sce #
 
 
 n1  =
 
    160.  
 
 n2  =
 
    40.  
 
 n3  =
 
    8.  
 
 n4  =
 
    150.  
 
 n5  =
 
    50.  
 
 rl  =
 
    2000.  
 
 
 
 rl1  =
 
    1250000.  
 
 req  =
 
    50000.  
 
 rl2  =
 
    1250000.  
 
 req2  =
 
    78125.  
 
(a)Transistor load impedance at resonance = 50 Kohm

 
(b)New transistor load impedance at resonance = 78.12 Kohm

 
 
grepthis#High_Frequency_And_Microwave_Engineering_E._Da_Silva_2210/CH5/EX5.15/5_15.sce #
 
 
 n1  =
 
    160.  
 
 n2  =
 
    40.  
 
 n3  =
 
    8.  
 
 n4  =
 
    150.  
 
 n5  =
 
    50.  
 
 rl  =
 
    2000.  
 
 rt  =
 
    100000.  
 
 Q  =
 
    100.  
 
 Ct  =
 
    1.800D-10  
 
 f  =
 
    465000.  
 
 
 rl1  =
 
    1250000.  
 
 rtr  =
 
    2500000.  
 
 rckt  =
 
    190149.27  
 
 req  =
 
    165043.03  
 
 rl2  =
 
    6601.721  
 
 
Transistor load impedance at resonance = 6.60 Kohm

 
 
 
grepthis#High_Frequency_And_Microwave_Engineering_E._Da_Silva_2210/CH5/EX5.16/5_16.sce #
 
 
 req  =
 
    125000.  
 
 f  =
 
    465000.  
 
 L  =
 
    0.00065  
 
 
 
 Q  =
 
    65.820903  
 
 B  =
 
    7064.6251  
 
Q = 65.8 

 Bandwidth = 7064 Hz 
 
grepthis#High_Frequency_And_Microwave_Engineering_E._Da_Silva_2210/CH5/EX5.17/5_17.sce #
 
 
 z1  =
 
    22000.  
 
 c1  =
 
    10.  
 
 c2  =
 
    100.  
 
 
 
 z2  =
 
    2000.  
 
tranformed value of reactance = 2 Kohm 
 
grepthis#High_Frequency_And_Microwave_Engineering_E._Da_Silva_2210/CH5/EX5.18/5_18.sce #
 
 
 f  =
 
    1.000D+08  
 
 cp  =
 
    1.000D-10  
 
 rp  =
 
    15000.  
 
 
 
 qp  =
 
    942.4778  
 
Quality factor Qp = 942.48 
 
grepthis#High_Frequency_And_Microwave_Engineering_E._Da_Silva_2210/CH5/EX5.19/5_19.sce #
 
 
 f  =
 
    800000.  
 
 Ls  =
 
    0.000365  
 
 Rs  =
 
    8.  
 
 
 
 Qs  =
 
    229.33626  
 
Quality factor Qs = 229 
 
grepthis#High_Frequency_And_Microwave_Engineering_E._Da_Silva_2210/CH5/EX5.20/5_20.sce #
 
 
 f  =
 
    10000000.  
 
 Ls  =
 
    0.000015  
 
 Rs  =
 
    2.  
 
 
 
 Qs  =
 
    471.2389  
 
 Rp  =
 
    444134.2  
 
 Lp  =
 
    0.0000150  
 
 
Resistance Rp = 444 Kohm

 Inductance Lp = 15 uH

 Quality factor Qp = 471 
 
grepthis#High_Frequency_And_Microwave_Engineering_E._Da_Silva_2210/CH6/EX6.1/6_1.sce #
 
 
 hfe  =
 
    200.  
 
 vcc  =
 
    10.  
 
 vbe  =
 
    0.7  
 
 ic  =
 
    0.001  
 
 vc  =
 
    5.  
 
 
 
 ib  =
 
    0.000005  
 
 rf  =
 
    860000.  
 
 rc  =
 
    4975.1244  
 
Operating point Rc = 4.975 Kohm 
 
grepthis#High_Frequency_And_Microwave_Engineering_E._Da_Silva_2210/CH6/EX6.2/6_2.sce #
 
 
 hfe  =
 
    250.  
 
 vcc  =
 
    24.  
 
 vbe  =
 
    0.7  
 
 ic  =
 
    0.002  
 
 vc  =
 
    12.  
 
 
 
 ib  =
 
    0.000008  
 
 rf  =
 
    1412500.  
 
 rc  =
 
    5976.0956  
 
Operating point Rc = 5.976 Kohm 
 
grepthis#High_Frequency_And_Microwave_Engineering_E._Da_Silva_2210/CH6/EX6.3/6_3.sce #
 
 
 vbe  =
 
    0.7  
 
 vcc  =
 
    20.  
 
 vc  =
 
    10.  
 
 ic  =
 
    0.005  
 
 hfe  =
 
    150.  
 
 vbb  =
 
    2.  
 
 ibb  =
 
    0.001  
 
 
 
 ib  =
 
    0.0000333  
 
 rb  =
 
    39000.  
 
 r1  =
 
    2000.  
 
 rf  =
 
    7741.9355  
 
 rc  =
 
    1657.4586  
 
 
 
 Biasing resistors is given by   
 
R1 = 2 Kohm
Rb = 39.00 Kohm
Rc = 1.66 Kohm
Rf = 7.74 Kohm 
 
grepthis#High_Frequency_And_Microwave_Engineering_E._Da_Silva_2210/CH6/EX6.4/6_4.sce #
 
 
 vbe  =
 
    0.7  
 
 ic  =
 
    0.001  
 
 vc  =
 
    6.  
 
 hf1  =
 
    100.  
 
 hf2  =
 
    250.  
 
 vcc  =
 
    12.  
 
 vbb  =
 
    1.5  
 
 ibb  =
 
    0.0005  
 
 
 
 hfe  =
 
    158.11388  
 
 ib  =
 
    0.0000063  
 
 rb  =
 
    126491.11  
 
 r1  =
 
    3000.  
 
 rf  =
 
    8887.58  
 
 rc  =
 
    3983.2053  
 
 
 
 Biasing resistor is given by\n   
 
R1 = 3 Kohm
Rb = 126.49 Kohm
Rc = 3.98 Kohm
Rf = 8.89 Kohm 
 
 
grepthis#High_Frequency_And_Microwave_Engineering_E._Da_Silva_2210/CH6/EX6.5/6_5.sce #
 
 
 vbe  =
 
    0.7  
 
 ic  =
 
    0.01  
 
 vc  =
 
    10.  
 
 vcc  =
 
    20.  
 
 hfe  =
 
    50.  
 
 
 
 
 ie  =
 
    0.01  
 
 ve  =
 
    2.  
 
 re  =
 
    200.  
 
 rc  =
 
    1000.  
 
 ib  =
 
    0.0002  
 
 vbb  =
 
    2.7  
 
 ibb  =
 
    0.002  
 
 r2  =
 
    1350.  
 
 r1  =
 
    7863.6364  
 
 
 
 Biasing resistor is given by\n   
 
R1 = 7863 ohm
R2 = 1350.00 ohm
Rc = 1000.00 ohm
Re = 200.00 ohm 
 
grepthis#High_Frequency_And_Microwave_Engineering_E._Da_Silva_2210/CH6/EX6.6/6_6.sce #
 
 
 vbe  =
 
    0.7  
 
 ic  =
 
    0.001  
 
 vc  =
 
    6.  
 
 vcc  =
 
    12.  
 
 hf1  =
 
    100.  
 
 hf2  =
 
    250.  
 
 ibb  =
 
    0.0005  
 
 
 
 ie  =
 
    0.001  
 
 hfe  =
 
    158.11388  
 
 ve  =
 
    1.2  
 
 re  =
 
    1200.  
 
 rc  =
 
    6000.  
 
 ib  =
 
    0.0000063  
 
 vbb  =
 
    1.9  
 
 r2  =
 
    3800.  
 
 r1  =
 
    19947.68  
 
 
 
 Biasing resistor is given by\n   
 
R1 = 19.95 Kohm
R2 = 3.80 Kohm
Rc = 6.00 Kohm
Re = 1.20 Kohm 
 
grepthis#High_Frequency_And_Microwave_Engineering_E._Da_Silva_2210/CH6/EX6.8/6_8.sce #
 
 
 id  =
 
    0.002  
 
 vds  =
 
    12.  
 
 vcc  =
 
    24.  
 
 idss  =
 
    0.008  
 
 vp  =
 
  - 6.  
 
 
 
 vgs  =
 
  - 3.  
 
 rs  =
 
    1500.  
 
 vs  =
 
    3.  
 
 vd  =
 
    15.  
 
 rd  =
 
    4500.  
 
 
 
 Since IG = 0, RG = 1 Mohm (approx)   
 
Rs = 1500 ohm
Rd = 4500.00 ohm

 
 
 
grepthis#High_Frequency_And_Microwave_Engineering_E._Da_Silva_2210/CH6/EX6.9/6_9.sce #
 
 
 id  =
 
  - 0.005  
 
 vds  =
 
  - 10.  
 
 vcc  =
 
  - 24.  
 
 idss  =
 
    0.008  
 
 vp  =
 
  - 6.  
 
 vgs  =
 
    2.3  
 
 
 
 rs  =
 
    460.  
 
 vs  =
 
  - 2.3  
 
 vd  =
 
  - 12.3  
 
 rd  =
 
    2340.  
 
 
 
 Since IG = 0, RG = 1 Mohm (approx)   
 

Rs = 460.00 ohm
Rd = 2340.00 ohm

 
 
grepthis#High_Frequency_And_Microwave_Engineering_E._Da_Silva_2210/CH6/EX6.10/6_10.sce #
 
 
 id  =
 
  - 0.002  
 
 vds  =
 
  - 8.  
 
 vcc  =
 
  - 14.  
 
 vs  =
 
    2.1  
 
 vp  =
 
    5.  
 
 idss  =
 
  - 0.006  
 
 
 
 vgs  =
 
    2.1132487  
 
 rs  =
 
    1056.6243  
 
 vd  =
 
    10.1  
 
 rd  =
 
    1950.  
 
 
 
 Since IG = 0, RG = 1 Mohm (approx)   
 

Rs = 1056 ohm
Rd = 1950.00 ohm

 
 
grepthis#High_Frequency_And_Microwave_Engineering_E._Da_Silva_2210/CH6/EX6.11/6_11.sce #
 
 
 id  =
 
    0.005  
 
 vds  =
 
    10.  
 
 vcc  =
 
    18.  
 
 vs  =
 
    1.8  
 
 vgs  =
 
    3.2  
 
 r2  =
 
    220000.  
 
 
 
 rs  =
 
    360.  
 
 vg  =
 
    5.  
 
 r1  =
 
    572000.  
 
 vd  =
 
    11.8  
 
 rd  =
 
    1240.  
 
 

Rs = 360 ohm
Rd = 1240.00 ohm

 

R1 = 572 Kohm
R2 = 220.00 Kohm

 
 
grepthis#High_Frequency_And_Microwave_Engineering_E._Da_Silva_2210/CH6/EX6.12/6_12.sce #
 
 
 id  =
 
    0.002  
 
 vds  =
 
    6.  
 
 vcc  =
 
    12.  
 
 vs  =
 
    1.2  
 
 vgs  =
 
    1.8  
 
 r2  =
 
    220000.  
 
 
 
 rs  =
 
    600.  
 
 vg  =
 
    3.  
 
 r1  =
 
    660000.  
 
 vd  =
 
    7.2  
 
 rd  =
 
    2400.  
 
 

Rs = 600 ohm
Rd = 2400.00 ohm

 

R1 = 660 Kohm
R2 = 220.00 Kohm

 
 
grepthis#High_Frequency_And_Microwave_Engineering_E._Da_Silva_2210/CH6/EX6.13/6_13.sce #
 
 
 ans  =
 
    1.  
 
 
 Yin  =
 
    0.01833 + 0.01159i  
 
 y21  =
 
    0.00109 - 0.01751i  
 
 y22  =
 
    0.0003 + 0.00157i  
 
 Yl  =
 
    0.00333  
 
 
 
 
 
 
 a  =
 
    0.0000036 - 0.0000583i  
 
 b  =
 
    0.0000483 + 0.0000708i  
 
 
 
 a1  =
 
    0.0000584  
 
 a2  =
 
  - 86.437926  
 
 b1  =
 
    0.0000858  
 
 b2  =
 
    55.693851  
 
 
 Ai1  =
 
    0.6811324  
 
 Ai2  =
 
  - 142.13178  
 
 
Ai (magnitude) = 0.68 amp

 
Ai (angle) = -142.13 degree 
 
grepthis#High_Frequency_And_Microwave_Engineering_E._Da_Silva_2210/CH6/EX6.14/6_14.sce #
 
 
 
 yi  =
 
    0.016 + 0.01178i  
 
 y0  =
 
    0.00155 + 0.00597i  
 
 gi  =
 
    0.016  
 
 go  =
 
    0.00019  
 
 yr_mag  =
 
    0.00155  
 
 yr_ang  =
 
    258.  
 
 yf_mag  =
 
    0.045  
 
 yf_ang  =
 
    285.  
 
 
 
 a  =
 
    0.0000698  
 
 b  =
 
    0.0000758  
 
 C  =
 
    0.9198207  
 
 
Linvill stability factor C = 0.92  
 
grepthis#High_Frequency_And_Microwave_Engineering_E._Da_Silva_2210/CH6/EX6.15/6_15.sce #
 
 
 ans  =
 
    1.  
 
 
 
 
 
 
 
 
 
 
 yi  =
 
    0.0048 + 0.00452i  
 
 y0  =
 
    0.00005 + 0.00226i  
 
 gi  =
 
    0.0048  
 
 go  =
 
    0.00005  
 
 yr  =
 
  - 0.0000784 - 0.0008966i  
 
 yf  =
 
    0.0499683 - 0.0349882i  
 
 
 yra  =
 
  - 95.  
 yrm  =
 
    0.0009  
 
 yfa  =
 
  - 35.  
 yfm  =
 
    0.061  
 
 
 Zs  =
 
    50.  
 
 Zl  =
 
    1000.  
 
 Ys  =
 
    0.02  
 
 Yl  =
 
    0.001  
 
 a  =
 
    0.0000521  
 
 b  =
 
    0.0000196  
 
 K  =
 
    2.6556578  
 
Stern stability factor, K = 2.66  
 
grepthis#High_Frequency_And_Microwave_Engineering_E._Da_Silva_2210/CH6/EX6.16/6_16.sce #
 
 
 
 yi  =
 
    0.016 + 0.01178i  
 
 yf_mag  =
 
    0.045  
 
 yf_ang  =
 
    285.  
 
 yr_mag  =
 
    0.00155  
 
 yr_ang  =
 
    258.  
 
 yo  =
 
    0.19 + 5.97i  
 
 gi  =
 
    0.016  
 
 go  =
 
    0.00019  
 
 
 
 MAG  =
 
    166.52961  
 
 MAG_db  =
 
    22.214915  
 
Maximum available gain = 166.53 

 
Maximum available gain in dB = 22.21 dB 
 
grepthis#High_Frequency_And_Microwave_Engineering_E._Da_Silva_2210/CH6/EX6.17/6_17.sce #
 
 
 
 
 
 
 
 
 yi  =
 
    0.01737 + 0.01128i  
 
 yr_mag  =
 
    0.00117  
 
 yf_mag  =
 
    0.1305  
 
 yr  =
 
  - 0.0000204 - 0.0011698i  
 
 yf  =
 
    0.0467670 - 0.1218322i  
 
 yo  =
 
    0.00095 + 0.00311i  
 
 f  =
 
    3.000D+08  
 
 Vce  =
 
    5.  
 
 Ic  =
 
    0.002  
 
 gi  =
 
    0.01737  
 
 go  =
 
    0.00095  
 
 
 
 a  =
 
    0.0001527  
 
 b  =
 
    0.0001765  
 
 c  =
 
    0.8651690  
 
 
 
 MAG  =
 
    258.01064  
 
 MAG_db  =
 
    24.116376  
 
 
 
 m  =
 
    0.0000885  
 
 n  =
 
    0.0019  
 
 Gs  =
 
    0.0465796  
 
 Bs  =
 
  - 0.0387649  
 
 Gsi  =
 
    0.0465796 - 0.0387649i  
 
 
 
 Gl  =
 
    0.0025475  
 
 Bl  =
 
  - 0.0046132  
 
 Gsl  =
 
    0.0025475 - 0.0046132i  
 
 
 
 u  =
 
    0.0004473  
 
 v  =
 
    0.0000092  
 
 K  =
 
    48.580573  
 
 
(1) Linvill stability factor C = 0.87

 
(2) Maximum available gain (MAG) = 24.12 dB

 
(3) Conjugate input admittance 
	real = 46.58 mS 
	imaginary = -38.76 mS

 
(4) Conjugate output admittance 
	real = 2.55 mS 
	imaginary = -4.61 mS

 
(5) Stern stability factor K = 48.58 
 
 
 
 
 
 
grepthis#High_Frequency_And_Microwave_Engineering_E._Da_Silva_2210/CH6/EX6.18/6_18.sce #
 
 
 ans  =
 
    1.  
 
 
 
 
 
 
 
 
 
 
 
 yi  =
 
    0.01737 + 0.01128i  
 
 yr_mag  =
 
    0.00117  
 
 yf_mag  =
 
    0.1305  
 
 yr  =
 
  - 0.0000204 - 0.0011698i  
 
 yf  =
 
    0.0467670 - 0.1218322i  
 
 yo  =
 
    0.00095 + 0.00311i  
 
 f  =
 
    3.000D+08  
 
 Vce  =
 
    5.  
 
 Ic  =
 
    0.002  
 
 gi  =
 
    0.01737  
 
 go  =
 
    0.00095  
 
 
 
 m  =
 
    0.0000885  
 
 n  =
 
    0.0019  
 
 Gs  =
 
    0.0465796  
 
 Bs  =
 
  - 0.0387649  
 
 Gsi  =
 
    0.0465796 - 0.0387649i  
 
 
 
 Gl  =
 
    0.0025475  
 
 Bl  =
 
  - 0.0046132  
 
 Gsl  =
 
    0.0025475 - 0.0046132i  
 
 
 
 num  =
 
    0.0000081  
 
 den  =
 
    0.0003258 - 0.0001400i  
 
 dena  =
 
  - 23.257564  
 denm  =
 
    0.0003546  
 
 Gt  =
 
    64.269652  
 
 Gt_db  =
 
    18.080059  
 
Transducer gain = 18.08 dB 
 
grepthis#High_Frequency_And_Microwave_Engineering_E._Da_Silva_2210/CH6/EX6.19/6_19.sce #
 
 
 
 
 
 
 
 
 yi  =
 
    0.00225 + 0.0072i  
 
 yr  =
 
    0.0000500 - 0.0006982i  
 
 yf  =
 
    0.0399866 - 0.0200238i  
 
 yo  =
 
    0.0004 + 0.0019i  
 
 yr_mag  =
 
    0.0007  
 
 yf_mag  =
 
    0.04472  
 
 Rs  =
 
    250.  
 
 Gs  =
 
    0.004  
 
 K  =
 
    3.  
 
 gi  =
 
    0.00225  
 
 go  =
 
    0.0004  
 
 a  =
 
    0.0000580  
 
 b  =
 
    0.0125  
 
 Gl  =
 
    0.0042379  
 
 
 Bl  =
 
  - 0.0019  
 
 Yl  =
 
    0.0042379 - 0.0019i  
 
 
 yin  =
 
    0.0048330 + 0.0134359i  
 
 
 Bs  =
 
  - 0.0134359  
 
 Ys  =
 
    0.004 - 0.0134359i  
 
 
 num  =
 
    0.0000001  
 
 den  =
 
    1.678D-09  
 
 Gt  =
 
    80.801513  
 
 Gt_db  =
 
    19.074195  
 
 
(a) Load admittance Yl 
	real = 4.24 mS 
	imaginary = -1.90 mS

 
(b) Source admittance Ys 
	real = 4.00 mS 
	imaginary = -13.44 mS

 
(c) Transducer gain = 19.07 dB 
 
grepthis#High_Frequency_And_Microwave_Engineering_E._Da_Silva_2210/CH7/EX7.2/7_2.sce #
 
 
 ans  =
 
    1.  
 
 
 
 
 
 
 
 
 
 
 s11  =
 
  - 0.2819078 + 0.1026060i  
 
 s12  =
 
    0.0140841 + 0.0264884i  
 
 s21  =
 
    2.5779714 + 5.5284775i  
 
 s22  =
 
    0.3152043 - 0.2462646i  
 
 R  =
 
    50.  
 
 f  =
 
    1.500D+08  
 
 vce  =
 
    12.  
 
 ic  =
 
    0.008  
 
 
 Ds  =
 
    0.0465418 - 0.0443845i  
 
 Dang  =
 
  - 43.64086  
 Dmag  =
 
    0.0643127  
 
 s11a  =
 
    160.  
 s11m  =
 
    0.3  
 
 s22a  =
 
  - 38.  
 s22m  =
 
    0.4  
 
 s21a  =
 
    65.  
 s21m  =
 
    6.1  
 
 s12a  =
 
    62.  
 s12m  =
 
    0.03  
 
 K  =
 
    2.0604812  
 
 B1  =
 
    0.9258639  
 
 MAG  =
 
    17.213928  
 
 C2  =
 
    0.3328789 - 0.2540015i  
 
 C2a  =
 
  - 37.345246  
 C2m  =
 
    0.4187184  
 
 B2  =
 
    1.0658639  
 
 reflm  =
 
    0.4854056  
 
 refla  =
 
    37.345246  
 
 refl  =
 
    0.3858949 + 0.2944550i  
 
 refs  =
 
  - 0.3879665 - 0.1326426i  
 
 refsa  =
 
  - 161.12485  
 refsm  =
 
    0.4100147  
 
 
 a  =
 
    23.661083  
 
 b  =
 
    0.6703772 + 0.0018458i  
 
 ba  =
 
    0.1577532  
 bm  =
 
    0.6703798  
 
 Gt  =
 
    52.649322  
 
 Gt_db  =
 
    17.213928  
 
Transducer gain = 17.21 dB 
 
grepthis#High_Frequency_And_Microwave_Engineering_E._Da_Silva_2210/CH7/EX7.3/7_3.sce #
 
 
 ans  =
 
    1.  
 
 
 
 
 
 
 
 
 
 
 s11  =
 
  - 0.2298133 + 0.1928363i  
 
 s12  =
 
    0.0126785 + 0.0271892i  
 
 s21  =
 
    0.9858903 + 1.8541899i  
 
 s22  =
 
    0.3152043 - 0.2462646i  
 
 
 f  =
 
    5.000D+09  
 
 vce  =
 
    15.  
 
 ic  =
 
    0.01  
 
 
 Ds  =
 
    0.0129649 + 0.0670637i  
 
 Dang  =
 
    79.058391  
 Dmag  =
 
    0.0683054  
 
 s11a  =
 
    140.  
 s11m  =
 
    0.3  
 
 s22a  =
 
  - 38.  
 s22m  =
 
    0.4  
 
 s21a  =
 
    62.  
 s21m  =
 
    2.1  
 
 s12a  =
 
    65.  
 s12m  =
 
    0.03  
 
 K  =
 
    5.9894097  
 
 B1  =
 
    0.9253344  
 
 MAG  =
 
    7.6974277  
 
 
Maximum available gain (MAG) = 7.7 dB  
 
grepthis#High_Frequency_And_Microwave_Engineering_E._Da_Silva_2210/CH7/EX7.4/7_4.sce #
 
 
 ans  =
 
    1.  
 
 
 
 
 
 
 
 
 
 
 s11  =
 
  - 0.2298133 + 0.1928363i  
 
 s12  =
 
    0.0126785 + 0.0271892i  
 
 s21  =
 
    0.9858903 + 1.8541899i  
 
 s22  =
 
    0.3152043 - 0.2462646i  
 
 refs  =
 
  - 0.3546786 - 0.2976107i  
 
 refl  =
 
    0.3829732 + 0.2992115i  
 
 s11a  =
 
    140.  
 s11m  =
 
    0.3  
 
 s22a  =
 
  - 38.  
 s22m  =
 
    0.4  
 
 s21a  =
 
    62.  
 s21m  =
 
    2.1  
 
 s12a  =
 
    65.  
 s12m  =
 
    0.03  
 
 refsa  =
 
  - 140.  
 refsm  =
 
    0.463  
 
 refla  =
 
    38.  
 reflm  =
 
    0.486  
 
 
 
 a  =
 
    2.6463003  
 
 b  =
 
    0.4635266 - 0.0081581i  
 
 Gt  =
 
    5.7090585  
 
 Gtl  =
 
    7.5656449  
 
Amplifier transducer gain = 7.57 dB  
 
grepthis#High_Frequency_And_Microwave_Engineering_E._Da_Silva_2210/CH7/EX7.6/7_6.sce #
 
 
 ans  =
 
    1.  
 
 
 
 
 
 
 
 
 
 
 s11  =
 
    0.1483774 - 0.2374535i  
 
 s12  =
 
  - 0.0027920 + 0.0799513i  
 
 s21  =
 
    0.8874983 + 1.9032464i  
 
 s22  =
 
    0.6928203 - 0.4i  
 
 Ds  =
 
    0.1631671 - 0.2902852i  
 
 C2  =
 
    0.6001174 - 0.3960052i  
 
 D2  =
 
    0.529  
 
 K  =
 
    1.168  
 
 A  =
 
    6.31  
 
 s11a  =
 
  - 58.  
 s11m  =
 
    0.28  
 
 s22a  =
 
  - 30.  
 s22m  =
 
    0.8  
 
 s21a  =
 
    65.  
 s21m  =
 
    2.1  
 
 s12a  =
 
    92.  
 s12m  =
 
    0.08  
 
 
 
 G  =
 
    1.430839  
 
 ro  =
 
    0.4887385 + 0.3225085i  
 
 roa  =
 
    33.42  
 rom  =
 
    0.5855570  
 
 po  =
 
    0.4009601  
 
 
Constant gain circle of 8 dB = 0.401  
 
grepthis#High_Frequency_And_Microwave_Engineering_E._Da_Silva_2210/CH7/EX7.8/7_8.sce #
 
 
 ans  =
 
    1.  
 
 
 
 
 
 
 
 
 
 
 s11  =
 
    0.0694593 - 0.3939231i  
 
 s12  =
 
    0.0202857 + 0.0435028i  
 
 s21  =
 
  - 1.2147357 + 5.2615983i  
 
 s22  =
 
    0.7534221 - 0.2018789i  
 
 ro  =
 
    0.2621875 + 0.1167334i  
 
 po  =
 
    0.724  
 
 f  =
 
    2.000D+08  
 
 vce  =
 
    6.  
 
 ic  =
 
    0.005  
 
 A  =
 
    15.85  
 
 K  =
 
    0.802  
 
 C2  =
 
    0.5942550 + 0.2658231i  
 
 
 s11a  =
 
  - 80.  
 s11m  =
 
    0.4  
 
 s22a  =
 
  - 15.  
 s22m  =
 
    0.78  
 
 s21a  =
 
    103.  
 s21m  =
 
    5.4  
 
 s12a  =
 
    65.  
 s12m  =
 
    0.048  
 
 Ds  =
 
    0.2263433 - 0.3647035i  
 
 Dang  =
 
  - 58.17532  
 Dmag  =
 
    0.4292317  
 
 G  =
 
    0.5435528  
 
 D2  =
 
    0.4241601  
 
 ro  =
 
    0.2624908 + 0.1174178i  
 
 roa  =
 
    24.1  
 rom  =
 
    0.2875559  
 
 po1  =
 
    0.7240567  
 
 
ro (magnitude) = 0.288
	 (angle) = 24.100 degree

 
po = 0.724 

 
 
 There the values are correct   
 
 
grepthis#High_Frequency_And_Microwave_Engineering_E._Da_Silva_2210/CH7/EX7.9/7_9.sce #
 
 
 ans  =
 
    1.  
 
 
 
 
 
 
 
 
 
 
 s11  =
 
    0.0694593 - 0.3939231i  
 
 s12  =
 
    0.0202857 + 0.0435028i  
 
 s21  =
 
  - 1.2147357 + 5.2615983i  
 
 s22  =
 
    0.7534221 - 0.2018789i  
 
 rs  =
 
    0.1247190 + 0.6664302i  
 
 rl  =
 
    0.3043979 + 0.8363264i  
 
 
 Rs  =
 
    0.1244189 + 0.6670622i  
 
 Rsa  =
 
    79.434725  
 Rsm  =
 
    0.6785661  
 
Source reflection coefficient, magnitude = 0.679 
				 angle = 79.4 degree 
 
grepthis#High_Frequency_And_Microwave_Engineering_E._Da_Silva_2210/CH7/EX7.12/7_12.sce #
 
 
 
 Vg  =
 
    0.2  
 
 Zg  =
 
    2000.  
 
 
 Y11  =
 
    0.0008333  
 
 Y12  =
 
    0.  
 
 Y21  =
 
    0.0583333  
 
 Y22  =
 
    0.000025  
 
 Yl  =
 
    0.001  
 
 Y1  =
 
    0.0008333    0.        
    0.0583333    0.000025  
 
 Yf  =
 
    0.0001  - 0.0001  
  - 0.0001    0.0001  
 
 
 
 Yc  =
 
    0.0009333  - 0.0001    
    0.0582333    0.000125  
 
 dely  =
 
    0.0000059  
 
 Zin  =
 
    163.67604  
 
 vin  =
 
    0.0151294  
 
 Av  =
 
  - 51.762963  
 
 vout  =
 
  - 0.7831447  
 
 
(a) Input impedance (Zin) = 163.7 ohm

 
(b) Gain (Av) of the circuit = -51.76

 
(c) Output voltage = -783 mV

 
 
grepthis#High_Frequency_And_Microwave_Engineering_E._Da_Silva_2210/CH8/EX8.1/8_1.sce #
 
 
 L  =
 
    0.0000006  
 
 C  =
 
    4.000D-10  
 
 
 
 fos  =
 
    10025819.  
 
 
Resonant frequency = 10.026 MHz 
 
grepthis#High_Frequency_And_Microwave_Engineering_E._Da_Silva_2210/CH8/EX8.2/8_2.sce #
 
 
 r1  =
 
    100000.  
 
 r2  =
 
    10000.  
 
 c1  =
 
    1.000D-08  
 
 c2  =
 
    1.000D-07  
 
 
 
 w  =
 
    1000.  
 
 f  =
 
    159.15494  
 
 g  =
 
    21.  
 
 
(a) Frequency of oscillation = 159.15 Hz

 
(b) Minimum gain of the amplifier = 21  
 
grepthis#High_Frequency_And_Microwave_Engineering_E._Da_Silva_2210/CH8/EX8.3/8_3.sce #
 
 
 c1  =
 
    1.000D-11  
 
 c2  =
 
    1.000D-10  
 
 f  =
 
    1.000D+08  
 
 
 
 w  =
 
    6.283D+08  
 
 L  =
 
    0.0000003  
 
 g  =
 
    11.  
 
 
(a) Value of inductor = 278.63 nH

 
(b) Minimum voltage gain = 11  
 
grepthis#High_Frequency_And_Microwave_Engineering_E._Da_Silva_2210/CH8/EX8.4/8_4.sce #
 
 
 ct  =
 
    1.500D-11  
 
 c1  =
 
    4.700D-11  
 
 c2  =
 
    1.000D-10  
 
 L  =
 
    0.0000003  
 
 
 
 w1  =
 
    3.265D+17  
 
 w  =
 
    5.714D+08  
 
 fos  =
 
    90938291.  
 
 
Approximate frequency = 90.94 MHz 
 
grepthis#High_Frequency_And_Microwave_Engineering_E._Da_Silva_2210/CH8/EX8.6/8_6.sce #
 
 
 f1  =
 
    70000000.  
 
 f2  =
 
    5000000.  
 
 f3  =
 
    400000.  
 
 f4  =
 
    80000.  
 
 
 
 F3h  =
 
    480000.  
 
 F3l  =
 
    320000.  
 
 
 F2h  =
 
    5480000.  
 
 F2l  =
 
    4520000.  
 
 
 F1h  =
 
    75480000.  
 
 F1l  =
 
    64520000.  
 
 
Mixer 3 : 480 Khz and 320 Khz
 
After filter 3 : 480 Khz

 
Mixer 2 : 5.48 Mhz and 4.52 Mhz
 
After filter 2 : 5.48 Mhz

 
Mixer 1 : 75.48 Mhz and 64.52 Mhz
 
After filter 1 : 75.48 Mhz

 
 
grepthis#High_Frequency_And_Microwave_Engineering_E._Da_Silva_2210/CH8/EX8.7/8_7.sce #
 
 
 fl  =
 
    5.110D+08  
 
 res  =
 
    1000000.  
 
 fh  =
 
    8.870D+08  
 
 
 
 N  =
 
    511.  
 
 N2  =
 
    887.  
 
 
Lowest value of division factor, N = 511 

 
Highest value of division factor, N = 887  
 
grepthis#High_Frequency_And_Microwave_Engineering_E._Da_Silva_2210/CH8/EX8.8/8_8.sce #
 
 
 fl  =
 
    18700000.  
 
 fo  =
 
    50000.  
 
 fl2  =
 
    38700000.  
 
 
 
 N  =
 
    374.  
 
 N2  =
 
    774.  
 
 
Lowest value of division factor, N = 374 

 
Highest value of division factor, N = 774  
 
