Total number of .sce files(without counting DEPENDENCIES directory): 236

grepthis#Electronics_Devices_And_Circuit_Theory_R._L._Boylestad_And_L._Nashelsky_69/CH1/EX1.1/1_1.sce #
 
 
 
 
 
 
 
 
 
 
 Thermal voltage for 27'C(in V):    
 
    0.025875  
 
 
 
 
 Thermal voltage for 100'C(in V):    
 
    0.0321712  
 
 
 
grepthis#Electronics_Devices_And_Circuit_Theory_R._L._Boylestad_And_L._Nashelsky_69/CH1/EX1.2/1_2.sce #
 
 
 
 
 
 
 
 
 
 
 
 
 
 
 
 Low level dc resistance(in ohm):   
 
    0.25  
 
 
 High level dc resistance(in ohm):   
 
    0.034  
 
 
 Reverse bias dc resistance(in ohm):   
 
    1000000.  
 
 
 
grepthis#Electronics_Devices_And_Circuit_Theory_R._L._Boylestad_And_L._Nashelsky_69/CH1/EX1.3/1_3.sce #
 
 
 
 
 
 
 
 
 
 
 
 
 
 
 
 
 
 
 
 
 
 ac resistance in part a(in ohm) is :    
 
    27.5  
 
 
 ac resistance in part b(in ohm) is :    
 
    2.  
 
 
 dc resistance in part a(in ohm) is :    
 
    350.  
 
 
 dc resistance in part b(in ohm) is :    
 
    31.6  
 
 
 
grepthis#Electronics_Devices_And_Circuit_Theory_R._L._Boylestad_And_L._Nashelsky_69/CH1/EX1.4/1_4.sce #
 
 
 
 
 
 
 
 
 
 
 
 
 Change in zener potential(in V):   
 
    0.54  
 
 
 Resulting zener potntial(in V):   
 
    10.54  
 
 
 
grepthis#Electronics_Devices_And_Circuit_Theory_R._L._Boylestad_And_L._Nashelsky_69/CH1/EX1.5/1_5.sce #
 
 
 
 
 
 
 
 
 
 Wavelength provided for visible light(in nm):    
 
    400.  
 
 
 
grepthis#Electronics_Devices_And_Circuit_Theory_R._L._Boylestad_And_L._Nashelsky_69/CH2/EX2.1/2_1.sce #
 
 
 
 
 
 
 
 
 
 
 
 
 
 
 
 Voltage at Q-point is :   
 
    0.78  
 
 
 Current at Q-point is :   
 
    0.0185  
 
 
 Vr =    
 
    9.25  
 
 
grepthis#Electronics_Devices_And_Circuit_Theory_R._L._Boylestad_And_L._Nashelsky_69/CH2/EX2.2/2_2.sce #
 
 
 
 
 
 
 
 
 
 
 Voltage at Q-point is :   
 
    0.7  
 
 
 Current at Q-point is :   
 
    0.0185  
 
 
 
grepthis#Electronics_Devices_And_Circuit_Theory_R._L._Boylestad_And_L._Nashelsky_69/CH2/EX2.3/2_3.sce #
 
 
 
 
 
 
 
 
 
 
 Voltage at Q-point is :   
 
    0.  
 
 
 Current at Q-point is :   
 
    0.02  
 
 
 
grepthis#Electronics_Devices_And_Circuit_Theory_R._L._Boylestad_And_L._Nashelsky_69/CH2/EX2.4/2_4.sce #
 
 
 
 
 
 
 
 
 
 
 
 Diode Volatge is :    
 
    0.7  
 
 
 Voltage across R is :    
 
    7.3  
 
 
 Current through diode is :    
 
    0.0033182  
 
 
grepthis#Electronics_Devices_And_Circuit_Theory_R._L._Boylestad_And_L._Nashelsky_69/CH2/EX2.5/2_5.sce #
 
 
 
 
 
 
 
 
 
 
 
 Diode Volatge is :    
 
    8.  
 
 
 Voltage across R is :    
 
    0.  
 
 
 Current through diode is :    
 
    0.  
 
 
 
grepthis#Electronics_Devices_And_Circuit_Theory_R._L._Boylestad_And_L._Nashelsky_69/CH2/EX2.6/2_6.sce #
 
 
 
 
 
 
 
 
 
 
 
 Diode Volatge is :    
 
    0.5  
 
 
 Voltage across R is :    
 
    0.  
 
 
 Current through diode is :    
 
    0.  
 
 
grepthis#Electronics_Devices_And_Circuit_Theory_R._L._Boylestad_And_L._Nashelsky_69/CH2/EX2.7/2_7.sce #
 
 
 
 
 
 
 
 
 
 
 
 
 Output Volatge is :    
 
    9.5  
 
 
 Output Current is :    
 
    0.0139706  
 
 
 
grepthis#Electronics_Devices_And_Circuit_Theory_R._L._Boylestad_And_L._Nashelsky_69/CH2/EX2.8/2_8.sce #
 
 
 
 
 
 
 
 
 
 
 
 
 
 Output Volatge is :    
 
    0.  
 
 
 Output Current is :    
 
    0.  
 
 
 Voltage across diode 2 is :   
 
    20.  
 
 
 
grepthis#Electronics_Devices_And_Circuit_Theory_R._L._Boylestad_And_L._Nashelsky_69/CH2/EX2.9/2_9.sce #
 
 
 
 
 
 
 
 
 
 
 
 
 
 
 
 Output Volatge is :    
 
  - 0.4405797  
 
 
 Output Current is :    
 
    0.0020725  
 
 
 Voltage across resistance 1 is :   
 
    9.7405797  
 
 
 Voltage across resistance 2 is :   
 
    4.5594203  
 
 
 
grepthis#Electronics_Devices_And_Circuit_Theory_R._L._Boylestad_And_L._Nashelsky_69/CH2/EX2.10/2_10.sce #
 
 
 
 
 
 
 
 
 
 
 
 
 Output Volatge is :    
 
    0.7  
 
 
 Current through diode 1 is :    
 
    0.0140909  
 
 
 Current through diode 2 is :   
 
    0.0140909  
 
 
 
grepthis#Electronics_Devices_And_Circuit_Theory_R._L._Boylestad_And_L._Nashelsky_69/CH2/EX2.11/2_11.sce #
 
 
 
 
 
 
 
 
 
 resistance value is :    
 
    300.  
 
 
 
grepthis#Electronics_Devices_And_Circuit_Theory_R._L._Boylestad_And_L._Nashelsky_69/CH2/EX2.12/2_12.sce #
 
 
 
 
 
 
 
 
 
 output voltage is :    
 
    11.3  
 
 
grepthis#Electronics_Devices_And_Circuit_Theory_R._L._Boylestad_And_L._Nashelsky_69/CH2/EX2.13/2_13.sce #
 
 
 
 
 
 
 
 
 
 
 
 
 
 
 
 
 I1 current is :    
 
    0.0002121  
 
 
 I2 current is :    
 
    0.0033214  
 
 
 Id2 current is :   
 
    0.0031093  
 
 
grepthis#Electronics_Devices_And_Circuit_Theory_R._L._Boylestad_And_L._Nashelsky_69/CH2/EX2.14/2_14.sce #
 
 
 
 
 
 
 
 
 
 
 
 output voltage is :    
 
    9.3  
 
 
 
grepthis#Electronics_Devices_And_Circuit_Theory_R._L._Boylestad_And_L._Nashelsky_69/CH2/EX2.15/2_15.sce #
 
 
 
 
 
 
 
 
 
 
 
 
 
 output voltage is :    
 
    0.7  
 
 
grepthis#Electronics_Devices_And_Circuit_Theory_R._L._Boylestad_And_L._Nashelsky_69/CH2/EX2.16.c/2_16_c.sce #
 
 
 
 
 
 
 
 
 Dc volatge for ideal diode :   
 
  - 63.6  
 
 
 Dc voltage for silicon diode :   
 
  - 63.3774  
 
 
grepthis#Electronics_Devices_And_Circuit_Theory_R._L._Boylestad_And_L._Nashelsky_69/CH2/EX2.24/2_24.sce #
 
 
 
 
 
 
 
 
 
 
 
 
 
 
 
 
 
 
 
 
 Reference voltage 1 :    
 
    4.  
 
 
 Reference voltage 2 :    
 
    10.  
 
 
 Level of current through led :   
 
    0.02  
 
 
 Power supplied by circuit :    
 
    0.8  
 
 
 Power absorbed by led :   
 
    0.08  
 
 
 Power absorbed by zener diode :   
 
    0.12  
 
 
grepthis#Electronics_Devices_And_Circuit_Theory_R._L._Boylestad_And_L._Nashelsky_69/CH2/EX2.26.a/2_26_a.sce #
 
 
 
 
 
 
 
 
 
 
 
 
 
 
 
 
 
 Vl is :    
 
    8.7272727  
 
 
 Vr is :   
 
    7.2727273  
 
 
 IZ is :   
 
    0.  
 
 
 Pz is :   
 
    0.  
 
 
grepthis#Electronics_Devices_And_Circuit_Theory_R._L._Boylestad_And_L._Nashelsky_69/CH2/EX2.26.b/2_26_b.sce #
 
 
 
 
 
 
 
 
 
 
 
 
 
 
 
 
 
 
 Vl is :    
 
    10.  
 
 
 Vr is :   
 
    6.  
 
 
 IZ is :   
 
    0.0026667  
 
 
 Pz is :   
 
    0.0266667  
 
 
grepthis#Electronics_Devices_And_Circuit_Theory_R._L._Boylestad_And_L._Nashelsky_69/CH2/EX2.27/2_27.sce #
 
 
 
 
 
 
 
 
 
 
 
 
 
 
 
 
 
 
 
 Lowest value of R :    
 
    250.  
 
 
 Max value of R :    
 
    1250.  
 
 
 Min value of I :    
 
    0.008  
 
 
 Maximum wattage rating of diode :    
 
    0.32  
 
 
 New min value of I :    
 
    0.002  
 
 
grepthis#Electronics_Devices_And_Circuit_Theory_R._L._Boylestad_And_L._Nashelsky_69/CH2/EX2.28/2_28.sce #
 
 
 
 
 
 
 
 
 
 
 
 
 Min value of V :   
 
    25.333333  
 
 
 Max value of V:    
 
    44.533333  
 
 
 
grepthis#Electronics_Devices_And_Circuit_Theory_R._L._Boylestad_And_L._Nashelsky_69/CH3/EX3.1/3_1.sce #
 
 
 
 
 
 
 
 Ic (A):   
 
    0.003  
 
 
 
 
 
 
 
 No effect of changing Vcb & Ic remains same, Ic(A) is :    
 
    0.003  
 
 
 
 
 
 
 
 Vbe(volts) is :   
 
    0.74  
 
 
 
 
 
 
 Vbe(volts) in this case is :    
 
    0.7  
 
 
grepthis#Electronics_Devices_And_Circuit_Theory_R._L._Boylestad_And_L._Nashelsky_69/CH3/EX3.2/3_2.sce #
 
 
 
 
 
 
 
 
 Ic(A) is :    
 
    0.0033  
 
 
 
 
 
 
 
 Ic(A) ate the intersection of Ib & Vceis :   
 
    0.0025  
 
 
 
 
 
 
 Ic(A) in this case is :    
 
    0.0008  
 
 
 
grepthis#Electronics_Devices_And_Circuit_Theory_R._L._Boylestad_And_L._Nashelsky_69/CH4/EX4.1/4_1.sce #
 
 
 
 
 
 
 
 
 
 
 
 
 
 
 
 
 
 
 Ibq(Amperes) is :   
 
    0.0000471  
 
 
 Icq(Amperes) is :   
 
    0.0035313  
 
 
 Vceq(volts) is :   
 
    4.234  
 
 
 Vb(volts) is :   
 
    0.7  
 
 
 Vc(volts) is :   
 
    4.23  
 
 
 Vbc(volts) is :   
 
  - 3.53  
 
 
grepthis#Electronics_Devices_And_Circuit_Theory_R._L._Boylestad_And_L._Nashelsky_69/CH4/EX4.2/4_2.sce #
 
 
 
 
 
 
 
 saturation current(Amperes) for network is :   
 
    0.0054545  
 
 
grepthis#Electronics_Devices_And_Circuit_Theory_R._L._Boylestad_And_L._Nashelsky_69/CH4/EX4.3/4_3.sce #
 
 
 
 
 
 
 
 
 
 
 
 
 At Q-point   
 
 
 Value of Vcc(Volts) is :   
 
    16.  
 
 
 Value of Rc(ohms) is :   
 
    1600.  
 
 
 Value of Rb(ohms) is :   
 
    612000.  
 
 
grepthis#Electronics_Devices_And_Circuit_Theory_R._L._Boylestad_And_L._Nashelsky_69/CH4/EX4.4/4_4.sce #
 
 
 
 
 
 
 
 
 
 
 
 
 
 
 
 
 
 
 
 Ib(Amperes) is :    
 
    0.0000302  
 
 
 Ic(Amperes) is :    
 
    0.0022678  
 
 
 Vce(volts) is :    
 
    9.1966403  
 
 
 Vc(Volts) is :    
 
    11.464427  
 
 
 Ve(volts) is :    
 
    2.2677866  
 
 
 Vb(Volts) is :    
 
    2.9677866  
 
 
 Vbc(Volts) is :    
 
  - 8.4966403  
 
 
grepthis#Electronics_Devices_And_Circuit_Theory_R._L._Boylestad_And_L._Nashelsky_69/CH4/EX4.6/4_6.sce #
 
 
 
 
 
 
 
 
 
 Saturation current(amperes) for the given network :    
 
    0.0053333  
 
 
grepthis#Electronics_Devices_And_Circuit_Theory_R._L._Boylestad_And_L._Nashelsky_69/CH4/EX4.7/4_7.sce #
 
 
 
 
 
 
 
 
 
 
 
 
 
 
 
 
 
 Collector current(Amperes) in :   
 
    0.0006096  
 
 
 Vce(Volts) is :    
 
    14.64722  
 
 
 Value of Vce differs because wrong value of Vcc is used in the book   
 
 
grepthis#Electronics_Devices_And_Circuit_Theory_R._L._Boylestad_And_L._Nashelsky_69/CH4/EX4.8/4_8.sce #
 
 
 
 
 
 
 
 
 
 
 
 
 Since the approximate technique can be applied,hence    
 
 
 
 
 
 
 
 
 Value of Icq(Amperes) is :    
 
    0.0006242  
 
 
 Value of Vceq(Volts) :    
 
    14.535  
 
 
grepthis#Electronics_Devices_And_Circuit_Theory_R._L._Boylestad_And_L._Nashelsky_69/CH4/EX4.9/4_9.sce #
 
 
 
 
 
 
 
 
 
 
 
 
 
 
 
 
 Collector current(Amperes) in :   
 
    0.0005956  
 
 
 Vce(Volts) is :    
 
    14.724081  
 
 
 
grepthis#Electronics_Devices_And_Circuit_Theory_R._L._Boylestad_And_L._Nashelsky_69/CH4/EX4.10/4_10.sce #
 
 
 
 
 
 
 
 
 
 
 
 
 
 
 
 
 Collector current(Amperes) in :   
 
    0.0019783  
 
 
 Vce(Volts) is :    
 
    4.5478406  
 
 
 
 
 
 
 
 
 
 For approximate analysis :    
 
 
 Value of Icq(Amperes) is :    
 
    0.0025897  
 
 
 Value of Vceq(Volts) :    
 
    0.3897436  
 
 
 
grepthis#Electronics_Devices_And_Circuit_Theory_R._L._Boylestad_And_L._Nashelsky_69/CH4/EX4.11/4_11.sce #
 
 
 
 
 
 
 
 
 
 
 
 
 
 Value of Icq(Amperes) is :    
 
    0.0010717  
 
 
 Value of Vceq(Volts) :    
 
    3.6769526  
 
 
 
grepthis#Electronics_Devices_And_Circuit_Theory_R._L._Boylestad_And_L._Nashelsky_69/CH4/EX4.12/4_12.sce #
 
 
 
 
 
 
 
 
 
 
 
 
 
 Value of Icq(Amperes) is :    
 
    0.0011997  
 
 
 Value of Vceq(Volts) :    
 
    2.9216914  
 
 
 
grepthis#Electronics_Devices_And_Circuit_Theory_R._L._Boylestad_And_L._Nashelsky_69/CH4/EX4.13/4_13.sce #
 
 
 
 
 
 
 
 
 
 
 
 
 
 Value of Icq(Amperes) is :    
 
    0.0026656  
 
 
 Value of Vceq(Volts) :    
 
    9.2033898  
 
 
 
grepthis#Electronics_Devices_And_Circuit_Theory_R._L._Boylestad_And_L._Nashelsky_69/CH4/EX4.14/4_14.sce #
 
 
 
 
 
 
 
 
 
 
 
 
 
 
 
 
 
 Value of Icq(Amperes) is :    
 
    0.0018617  
 
 
 Value of Vceq(Volts) :    
 
    11.249839  
 
 
 Vc(volts) is :    
 
    11.249839  
 
 
 Vb(volts) is :   
 
    0.7  
 
 
 Ve(volts) is :   
 
    0.  
 
 
 Vbc(volts) is :   
 
  - 10.549839  
 
 
 
grepthis#Electronics_Devices_And_Circuit_Theory_R._L._Boylestad_And_L._Nashelsky_69/CH4/EX4.15/4_15.sce #
 
 
 
 
 
 
 
 
 
 
 
 
 
 
 Vc(Volts) is :   
 
  - 4.482  
 
 
 Vb(Volts) is :   
 
  - 8.3  
 
 
grepthis#Electronics_Devices_And_Circuit_Theory_R._L._Boylestad_And_L._Nashelsky_69/CH4/EX4.16/4_16.sce #
 
 
 
 
 
 
 
 
 
 
 
 
 
 Vceq(Volts) is :   
 
    11.676303  
 
 
 Ie(amperes) is :   
 
    0.0041618  
 
 
grepthis#Electronics_Devices_And_Circuit_Theory_R._L._Boylestad_And_L._Nashelsky_69/CH4/EX4.17/4_17.sce #
 
 
 
 
 
 
 
 
 
 
 
 
 
 
 
 Vcb(Volts) is :    
 
    3.4  
 
 
 Ib(amperes) is :   
 
    0.0000458  
 
 
 
grepthis#Electronics_Devices_And_Circuit_Theory_R._L._Boylestad_And_L._Nashelsky_69/CH4/EX4.18/4_18.sce #
 
 
 
 
 
 
 
 
 
 
 
 
 
 
 
 
 
 
 
 
 Vc(volts) is :   
 
    8.53364  
 
 
 Vb(Volts) is :   
 
  - 11.477073  
 
 
grepthis#Electronics_Devices_And_Circuit_Theory_R._L._Boylestad_And_L._Nashelsky_69/CH4/EX4.19/4_19.sce #
 
 
 
 
 
 
 
 
 
 
 
 Rc(ohms) is :    
 
    2500.  
 
 
 Rb(ohms) is :    
 
    482500.  
 
 
 
grepthis#Electronics_Devices_And_Circuit_Theory_R._L._Boylestad_And_L._Nashelsky_69/CH4/EX4.20/4_20.sce #
 
 
 
 
 
 
 
 Ve  =
 
    2.4  
 
 
 
 
 
 
 
 
 
 R1(ohms) is :    
 
    86516.129  
 
 
 Rc(ohms) is :    
 
    2800.  
 
 
grepthis#Electronics_Devices_And_Circuit_Theory_R._L._Boylestad_And_L._Nashelsky_69/CH4/EX4.21/4_21.sce #
 
 
 
 
 
 
 
 
 
 
 
 
 
 
 
 
 Rc(ohms) is :    
 
    2500.  
 
 
 Re(ohms) is :    
 
    1000.  
 
 
 Rb(ohms) is :    
 
    639750.  
 
 
 
grepthis#Electronics_Devices_And_Circuit_Theory_R._L._Boylestad_And_L._Nashelsky_69/CH4/EX4.22/4_22.sce #
 
 
 
 
 
 
 
 
 
 
 
 
 
 
 
 
 
 Value of Re(ohms) is :    
 
    1000.  
 
 
 Value of Rc(ohms) is :    
 
    4000.  
 
 
 Value of Rb(ohms) is :    
 
    1297500.  
 
 
 
grepthis#Electronics_Devices_And_Circuit_Theory_R._L._Boylestad_And_L._Nashelsky_69/CH4/EX4.23/4_23.sce #
 
 
 
 
 
 
 
 
 
 
 
 
 
 
 
 
 
 
 Value of Re(ohms) is :    
 
    200.  
 
 
 Value of Rc(ohms) is :    
 
    1000.  
 
 
 Value of R1(ohms) is :    
 
    10251.852  
 
 
grepthis#Electronics_Devices_And_Circuit_Theory_R._L._Boylestad_And_L._Nashelsky_69/CH4/EX4.24/4_24.sce #
 
 
 
 
 
 
 
 
 
 
 
 
 
 
 
 value of Rc(ohms) is :    
 
    1000.  
 
 
 value of Rb(ohms) is :    
 
    150000.  
 
 
grepthis#Electronics_Devices_And_Circuit_Theory_R._L._Boylestad_And_L._Nashelsky_69/CH4/EX4.25/4_25.sce #
 
 
 
 
 
 
 
 
 
 
 
 
 
 
 The base current(amperes) obtained is :    
 
    0.0000794  
 
 
 Ideally Ib(Amperes) should be :   
 
    0.0000427  
 
 
 Hence the transistor is in a damaged state,   
 
 
 with short-circuit between base and emitter.   
 
 
grepthis#Electronics_Devices_And_Circuit_Theory_R._L._Boylestad_And_L._Nashelsky_69/CH4/EX4.26/4_26.sce #
 
 
 
 
 
 
 
 Drop across transistor is :    
 
 
    0.7  
 
 This suggests that transistor is in on state.   
 
 
 Ic is :    
 
 
    0.  
 
 This suggest 2 things.   
 
 
 Either there is poor connection between Rc & terminal   
 
 
 or the transistor has an open base-to-collector junction.   
 
 
grepthis#Electronics_Devices_And_Circuit_Theory_R._L._Boylestad_And_L._Nashelsky_69/CH4/EX4.27/4_27.sce #
 
 
 
 
 
 
 
 
 
 
 
 
 
 
 
 
 Vce(volts) is :    
 
  - 10.179426  
 
 
grepthis#Electronics_Devices_And_Circuit_Theory_R._L._Boylestad_And_L._Nashelsky_69/CH4/EX4.28/4_28.sce #
 
 
 
 
 
 
 
 
 
 
 stability factor for part a is :   
 
    42.528239  
 
 
 change in Ic(amperes) is :    
 
    0.0000008  
 
 
 
 
 
 
 
 stability factor for part b is :   
 
    9.1967213  
 
 
 change in Ic(amperes) is :    
 
    0.0000002  
 
 
 
 
 
 
 
 stability factor for part c is :   
 
    1.009802  
 
 
 change in Ic(amperes) is :    
 
    2.010D-08  
 
 
 
grepthis#Electronics_Devices_And_Circuit_Theory_R._L._Boylestad_And_L._Nashelsky_69/CH4/EX4.29/4_29.sce #
 
 
 
Warning : redefining function: beta                    . Use funcprot(0) to avoid this message

 
 
 
 
 
 
 
 Stability factor for part a is :    
 
  - 0.0004167  
 
 
 change in Ic(amperes) for part a is :   
 
    0.0000708  
 
 
 
 
 
 
 
 
 Stability factor for part b is :    
 
  - 0.0002933  
 
 
 change in Ic(amperes) for part b is :   
 
    0.0000499  
 
 
 
 
 
 
 
 
 Stability factor for part c is :    
 
  - 0.0002128  
 
 
 change in Ic(amperes) for part c is :   
 
    0.0000362  
 
 
grepthis#Electronics_Devices_And_Circuit_Theory_R._L._Boylestad_And_L._Nashelsky_69/CH4/EX4.30/4_30.sce #
 
 
 
 
 
 
 
 
 
 
 
 
 change in the level of Ic(amperes) is :    
 
    0.0002495  
 
 
grepthis#Electronics_Devices_And_Circuit_Theory_R._L._Boylestad_And_L._Nashelsky_69/CH5/EX5.1/5_1.sce #
 
 
 
 
 
 
 
 
 
 
 
 Input impedance(ohms) :   
 
    6.5  
 
 
 
 
 
 
 
 
 
 Voltage gain :   
 
    93.001538  
 
 
 
 
 The output impedance(ohms) is :   
 
    Inf  
 
 
 
 Current gain is :   
 
  - 0.991  
 
 
 
 
grepthis#Electronics_Devices_And_Circuit_Theory_R._L._Boylestad_And_L._Nashelsky_69/CH5/EX5.2/5_2.sce #
 
 
 
 
 
 
 
 
 
 
 Input Impedance(ohms) is :    
 
    1218.75  
 
 
 
 
 Voltage gain is :   
 
  - 246.15385  
 
 
 
 
 Current gain is :   
 
    150.  
 
 
 
grepthis#Electronics_Devices_And_Circuit_Theory_R._L._Boylestad_And_L._Nashelsky_69/CH5/EX5.3/5_3.sce #
 
 
 
 
 
 
 
 
 
 
 
 
 For the common emitter hybrid equivalent circuit :-   
 
 
 re(ohms) =   
 
    8.125  
 
 
 hie(ohms) =    
 
    1218.75  
 
 
 hoe(ohms) =    
 
    40000.  
 
 
 
 
 
 For the common base re model :-   
 
 
 re(ohms) =   
 
    8.125  
 
 
 alpha =    
 
    1.  
 
 
 ro(ohms) =    
 
    2000000.  
 
 
grepthis#Electronics_Devices_And_Circuit_Theory_R._L._Boylestad_And_L._Nashelsky_69/CH5/EX5.4/5_4.sce #
 
 
 
 
 
 
 
 
 
 
 
 
 
 
 
 Value of diode resistive element is :   
 
    8.4608461  
 
 
 
 
 
 Input impedance(ohms) :   
 
    844.56424  
 
 
 
 At ro = infinity values are :-   
 
 
 
 Output impedance(ohms) :   
 
    4700.  
 
 
 
 
 Voltage gain :   
 
  - 555.5  
 
 
 
 At ro = 50kohm,values are :-   
 
 
 
 Input impedance(ohms) :   
 
    4296.1609  
 
 
 
 
 Voltage gain :   
 
  - 507.76965  
 
 
grepthis#Electronics_Devices_And_Circuit_Theory_R._L._Boylestad_And_L._Nashelsky_69/CH5/EX5.5/5_5.sce #
 
 
 
 
 
 
 
 
 
 
 
 
 
 
 
 
 
 
 Value of diode resistive element is :   
 
    18.483685  
 
 
 
 At ro=infinity,the values are :-   
 
 
 
 
 
 Input Impedance(ohms) :   
 
    1349.6386  
 
 
 
 
 Output Impedance(ohms) :   
 
    6800.  
 
 
 
 
 Voltage gain :   
 
  - 367.892  
 
 
 
 At ro=1/hoe,the values are :-   
 
 
 Input Impedance(ohms) :   
 
    1349.6386  
 
 
 
 Output Impedance(ohms) :   
 
    5985.9155  
 
 
 
 Voltage gain :   
 
  - 323.8486  
 
 
 
grepthis#Electronics_Devices_And_Circuit_Theory_R._L._Boylestad_And_L._Nashelsky_69/CH5/EX5.6/5_6.sce #
 
 
 
 
 
 
 
 
 
 
 
 
 
 
 
 Value of diode resistive element is :   
 
    5.9871366  
 
 
 
 
 
 Input Impedance(ohms) :   
 
    59342.962  
 
 
 
 
 Output Impedance(ohms) :   
 
    2200.  
 
 
 
 
 Voltage gain :   
 
  - 3.8870141  
 
 
grepthis#Electronics_Devices_And_Circuit_Theory_R._L._Boylestad_And_L._Nashelsky_69/CH5/EX5.7/5_7.sce #
 
 
 
 
 
 
 
 
 
 
 
 
 
 
 
 Value of diode resistive element is (in ohms) :   
 
    5.9871366  
 
 
 
 
 
 Input Impedance(ohms) :   
 
    717.35981  
 
 
 
 
 Output Impedance(ohms) :   
 
    2200.  
 
 
 
 
 Voltage gain :   
 
  - 367.45445  
 
 
 
grepthis#Electronics_Devices_And_Circuit_Theory_R._L._Boylestad_And_L._Nashelsky_69/CH5/EX5.8/5_8.sce #
 
 
 
 
 
 
 
 
 
 
 
 
 
 
 
 
 
 Value of diode resistive element is(in ohms) :   
 
    19.644444  
 
 
 
 
 
 
 Input Impedance(ohms) :   
 
    8466.4032  
 
 
 
 
 Output Impedance(ohms) :   
 
    2200.  
 
 
 
 
 Voltage gain :   
 
  - 3.2352941  
 
 
grepthis#Electronics_Devices_And_Circuit_Theory_R._L._Boylestad_And_L._Nashelsky_69/CH5/EX5.9/5_9.sce #
 
 
 
 
 
 
 
 
 
 
 
 
 
 
 
 
 
 Value of diode resistive element is(in ohms) :   
 
    19.644444  
 
 
 
 
 
 
 Input Impedance(ohms) :   
 
    2828.7282  
 
 
 
 
 Output Impedance(ohms) :   
 
    2200.  
 
 
 
 
 Voltage gain :   
 
  - 111.99095  
 
 
grepthis#Electronics_Devices_And_Circuit_Theory_R._L._Boylestad_And_L._Nashelsky_69/CH5/EX5.10/5_10.sce #
 
 
 
 
 
 
 
 
 
 
 
 For ro=infinity the values are:-   
 
 
 
 
 
 Value of diode resistive element is(in ohms) :   
 
    12.604749  
 
 
 
 
 
 Input Impedance(ohms) :   
 
    132723.68  
 
 
 
 
 Output Impedance(ohms) :   
 
    12.556787  
 
 
 
 
 Voltage gain :   
 
    0.9961949  
 
 
 
 For ro=25kohm the values are :-   
 
 
 
 
 
 
 Input Impedance(ohms) :   
 
    126146.09  
 
 
 
 
 Output Impedance(ohms) :   
 
    12.556787  
 
 
 
 
 Voltage gain :   
 
    0.9957372  
 
 
grepthis#Electronics_Devices_And_Circuit_Theory_R._L._Boylestad_And_L._Nashelsky_69/CH5/EX5.11/5_11.sce #
 
 
 
 
 
 
 
 
 
 
 
 
 
 Value of diode resistive element(re) :   
 
    20.  
 
 
 
 
 Input Impedance(Zi) :   
 
    19.607843  
 
 
 
 
 Output Impedance(Zo) :   
 
    5000.  
 
 
 
 
 Voltage gain(Av) :   
 
    250.  
 
 
 
 
 Current gain(Ai) :   
 
  - 0.98  
 
 
grepthis#Electronics_Devices_And_Circuit_Theory_R._L._Boylestad_And_L._Nashelsky_69/CH5/EX5.12/5_12.sce #
 
 
 
 
 
 
 
 
 
 
 
 Values at ro=infinity are :-   
 
 
 
 
 
 Value of diode resistive element(re) :   
 
    11.221003  
 
 
 
 
 Input Impedance(Zi) :   
 
    561.05017  
 
 
 
 
 Output Impedance(Zo) :   
 
    2660.0985  
 
 
 
 
 Voltage gain(Av) :   
 
  - 240.62019  
 
 
 Values at ro=25kohm are :-    
 
 
 
 
 
 Input Impedance(Zi) :   
 
    622.0142  
 
 
 
 
 Output Impedance(Zo) :   
 
    2347.8261  
 
 
 
 
 Voltage gain(Av) :   
 
  - 209.24799  
 
 
grepthis#Electronics_Devices_And_Circuit_Theory_R._L._Boylestad_And_L._Nashelsky_69/CH5/EX5.13/5_13.sce #
 
 
 
 
 
 
 
 
 
 
 
 
 
 
 
 
 Value of diode resistive element(re) :   
 
    9.9215465  
 
 
 
 
 
 Input Impedance(Zi) :   
 
    1373.1224  
 
 
 
 
 Output Impedance(Zo) :   
 
    2873.2394  
 
 
 
 
 Voltage gain(Av) :   
 
  - 289.59593  
 
 
grepthis#Electronics_Devices_And_Circuit_Theory_R._L._Boylestad_And_L._Nashelsky_69/CH5/EX5.14/5_14.sce #
 
 
 
 
 
 
 
 
 
 
 
 
 
 
 
 
 
 Value of diode resistive element(re) :   
 
    8.4608461  
 
 
 
 
 
 Input Impedance(Zi) :   
 
    844.56424  
 
 
 
 
 Output Impedance(Zo) :   
 
    4700.  
 
 
 
 
 Voltage gain(Av) with no-load :   
 
  - 555.5  
 
 
 
 
 
 
 Voltage gain(Av) with 4.7kohm load :   
 
  - 277.75  
 
 
 
 
 Voltage gain(Avs) from source to output with 4.7kohm load :   
 
  - 204.94937  
 
 
 Voltage gain(Av) with no-load :   
 
  - 555.5  
 
 
grepthis#Electronics_Devices_And_Circuit_Theory_R._L._Boylestad_And_L._Nashelsky_69/CH5/EX5.15/5_15.sce #
 
 
 
 
 
 
 
 
 
 
 
 Voltage gain(Av) with 4.7kohm load :   
 
  - 277.775  
 
 
 
 
 Voltage gain(Avs) from source to output with 4.7kohm load :   
 
  - 205.06538  
 
 
grepthis#Electronics_Devices_And_Circuit_Theory_R._L._Boylestad_And_L._Nashelsky_69/CH5/EX5.16/5_16.sce #
 
 
 
 
 
 
 
 Voltage gain(Av) with no-load :   
 
  - 480.  
 
 
 
 
 
 Voltage gain(Av) with 1.2kohm load :   
 
  - 180.  
 
 
 
 
 
 Voltage gain(Av) with 5.6kohm load :   
 
  - 353.68421  
 
 
 
 
 
 Voltage gain(Avs) from source to output with 1.2kohm load :   
 
  - 171.42857  
 
 
 
 
 
 Current gain with 5.6kohm load :   
 
    252.63158  
 
 
grepthis#Electronics_Devices_And_Circuit_Theory_R._L._Boylestad_And_L._Nashelsky_69/CH5/EX5.17/5_17.sce #
 
 
 
 
 
 
 
 
 
 
 
 
 
 
 
 
 
 
 Voltage gain(Av1) for first stage :   
 
    0.6842105  
 
 
 
 
 
 Voltage gain(Av2) for second stage :   
 
    147.96992  
 
 
 
 
 Total Voltage gain(Avt) :   
 
    101.24258  
 
 
 
 
 Total Voltage gain(Avs) from source:   
 
    92.038709  
 
 
 
 
 Total current gain(Ai) :   
 
  - 123.46656  
 
 
 
 
 
 
 Total gain if emitter-follower configuration removed :   
 
    3.7497252  
 
 
grepthis#Electronics_Devices_And_Circuit_Theory_R._L._Boylestad_And_L._Nashelsky_69/CH5/EX5.18/5_18.sce #
 
 
 
 
 
 
 
 
 
 
 
 
 
 
 
 
 
 
 
 
 
 
 
 No-load voltage gain(Avt(NL)) :   
 
    34639.901  
 
 
 
 
 Voltage gain(Vo) :   
 
    0.8659975  
 
 
 
 
 
 Voltage gain(Avt) when 10kohm load applied to stage 2:   
 
    28393.362  
 
 
 
 
 input impedance of first stage(Zi1) :   
 
    953.59484  
 
 
 
 
 Output impedance of second stage(Vo2) :   
 
    2200.  
 
 
 
grepthis#Electronics_Devices_And_Circuit_Theory_R._L._Boylestad_And_L._Nashelsky_69/CH5/EX5.19/5_19.sce #
 
 
 
 
 
 
 
 
 
 
 
 
 
 
 
 
 
 
 
 
 
 
 no-load voltage gain(Avt) :   
 
  - 263.07692  
 
 
grepthis#Electronics_Devices_And_Circuit_Theory_R._L._Boylestad_And_L._Nashelsky_69/CH5/EX5.20/5_20.sce #
 
 
 
 
 
 
 
 
 
 
 Ib :   
 
    0.0000026  
 
 
 
 Ie :   
 
    0.0204387  
 
 
 
 Ve :   
 
    7.9710897  
 
 
 
 Vb :   
 
    9.5710897  
 
 
 Vc :   
 
    18.  
 
 
grepthis#Electronics_Devices_And_Circuit_Theory_R._L._Boylestad_And_L._Nashelsky_69/CH5/EX5.21/5_21.sce #
 
 
 
 
 
 
 
 
 
 
 input impedance(Zi) :   
 
    1605058.4  
 
 
grepthis#Electronics_Devices_And_Circuit_Theory_R._L._Boylestad_And_L._Nashelsky_69/CH5/EX5.22/5_22.sce #
 
 
 
 
 
 
 
 
 ac current gain(Ai) :   
 
    4112.1495  
 
 
grepthis#Electronics_Devices_And_Circuit_Theory_R._L._Boylestad_And_L._Nashelsky_69/CH5/EX5.23/5_23.sce #
 
 
 
 
 
 
 
 
 
 output impedance(Zo) :   
 
    0.6239221  
 
 
grepthis#Electronics_Devices_And_Circuit_Theory_R._L._Boylestad_And_L._Nashelsky_69/CH5/EX5.24/5_24.sce #
 
 
 
 
 
 
 
 
 ac voltage gain(Av) :   
 
    0.9984002  
 
 
 
grepthis#Electronics_Devices_And_Circuit_Theory_R._L._Boylestad_And_L._Nashelsky_69/CH5/EX5.25/5_25.sce #
 
 
 
 
 
 
 
 
 
 
 
 
 
 Ib :   
 
    0.0006226  
 
 
 
 Ic :   
 
    0.1120720  
 
 
 
 
 Ic(Total) :   
 
    0.1126902  
 
 
 
 Dc voltage(Ouput) :   
 
    9.5482384  
 
 
 
 Dc voltage (Input) :   
 
    8.8482384  
 
 
grepthis#Electronics_Devices_And_Circuit_Theory_R._L._Boylestad_And_L._Nashelsky_69/CH5/EX5.26/5_26.sce #
 
 
 
 
 
 
 
 
 
 
 
 
 
 Input impedance(Zi) :   
 
    972514.77  
 
 
 
 
 Current gain(Ai) :   
 
    16955.34  
 
 
 
 
 Output impedance(Zo) :   
 
    0.1190476  
 
 
 
 volatge gain(Av) :   
 
    0.9984152  
 
 
grepthis#Electronics_Devices_And_Circuit_Theory_R._L._Boylestad_And_L._Nashelsky_69/CH5/EX5.27/5_27.sce #
 
 
 
 
 
 
 
 
 Mirrored current :   
 
    0.0102727  
 
 
 
grepthis#Electronics_Devices_And_Circuit_Theory_R._L._Boylestad_And_L._Nashelsky_69/CH5/EX5.28/5_28.sce #
 
 
 
 
 
 
 
 
 Current through each transistor :   
 
    0.0040769  
 
 
grepthis#Electronics_Devices_And_Circuit_Theory_R._L._Boylestad_And_L._Nashelsky_69/CH5/EX5.29/5_29.sce #
 
 
 
 
 
 
 
 
 
 
 
 
 Constant current :   
 
    0.0042273  
 
 
grepthis#Electronics_Devices_And_Circuit_Theory_R._L._Boylestad_And_L._Nashelsky_69/CH5/EX5.30/5_30.sce #
 
 
 
 
 
 
 
 
 
 Constant current :   
 
    0.0030556  
 
 
grepthis#Electronics_Devices_And_Circuit_Theory_R._L._Boylestad_And_L._Nashelsky_69/CH5/EX5.31/5_31.sce #
 
 
 
 
 
 
 
 
 
 
 
 
 Input impedance(Zi) :   
 
    1172.0698  
 
 
 
 
 Output impedance(Zo) :   
 
    2561.6698  
 
 
 
 Voltage gain(Av) :   
 
  - 261.61734  
 
 
 
 Current gain(Ai) :   
 
    120.  
 
 
grepthis#Electronics_Devices_And_Circuit_Theory_R._L._Boylestad_And_L._Nashelsky_69/CH5/EX5.32/5_32.sce #
 
 
 
 
 
 
 
 
 
 
 Input impedance(Zi) :   
 
    14.20765  
 
 
 
 
 Output impedance(Zo) :   
 
    3294.564  
 
 
 
 Voltage gain(Av) :   
 
    228.46154  
 
 
 
 Current gain(Ai) :   
 
  - 0.99  
 
 
grepthis#Electronics_Devices_And_Circuit_Theory_R._L._Boylestad_And_L._Nashelsky_69/CH5/EX5.33/5_33.sce #
 
 
 
 
 
 
 
 
 
 
 
 
 
 
 Input impedance using hybrid equivalent :   
 
    1505.4845  
 
 
 Input impedance using approximate model :   
 
    1600.  
 
 
 
 Input impedance including Rb :   
 
    1594.5717  
 
 
 
 
 Voltage gain using hybrid equivalent :   
 
  - 313.90407  
 
 
 
 Voltage gain using approximate model :   
 
  - 323.125  
 
 
 
 
 Current gain using hybrid equivalent :   
 
    100.54845  
 
 
 
 Current gain using approximate model :   
 
    110.  
 
 
 
 
 Output impedance using hybrid equivalent :   
 
    86666.667  
 
 
 
 Output impedance using approximate model :   
 
    50000.  
 
 
 
 Output impedance including Rc & using hybrid equivalent :   
 
    4458.2269  
 
 
 
 Output impedance including Rc & using approximate model :   
 
    4700.  
 
 
 
grepthis#Electronics_Devices_And_Circuit_Theory_R._L._Boylestad_And_L._Nashelsky_69/CH5/EX5.34/5_34.sce #
 
 
 
 
 
 
 
 
 
 
 
 Common base hybrid parameters are as follows :   
 
 
 
 hib :   
 
    14.414414  
 
 
 
 hrb :   
 
    0.0000883  
 
 
 
 hfb :   
 
  - 0.9909910  
 
 
 
 hob :   
 
    0.0000002  
 
 
 
 
 Input impedance using hybrid equivalent :   
 
    14.606823  
 
 
 Input impedance using approximate model :   
 
    14.414414  
 
 
 
 Input impedance including Rb :   
 
    14.345487  
 
 
 
 
 Current gain using hybrid equivalent :   
 
  - 0.9905983  
 
 
 
 Current gain using approximate model :   
 
  - 0.9909910  
 
 
 
 
 Voltage gain using hybrid equivalent :   
 
    149.19852  
 
 
 
 Voltage gain using approximate model :   
 
    151.25  
 
 
 
 
 Output impedance using hybrid equivalent :   
 
    3753333.3  
 
 
 
 Output impedance using approximate model :   
 
    5550000.  
 
 
 
 Output impedance including Rc & using hybrid equivalent :   
 
    2198.7112  
 
 
 
 Output impedance including Rc & using approximate model :   
 
    2200.  
 
 
 
grepthis#Electronics_Devices_And_Circuit_Theory_R._L._Boylestad_And_L._Nashelsky_69/CH7/EX7.1/7_1.sce #
 
 
 
 
 
 
 
 
 
 
 
 
 
 
 
 
 Vgsq(Volts) =    
 
  - 2.  
 
 
 Idq(Amperes) =    
 
    0.0025  
 
 
 Vds(Volts) =    
 
    11.  
 
 
 Vd(Volts) =    
 
    11.  
 
 
 Vg(Volts) =    
 
  - 2.  
 
 
 Vs(Volts) =    
 
    0.  
 
 
 
grepthis#Electronics_Devices_And_Circuit_Theory_R._L._Boylestad_And_L._Nashelsky_69/CH7/EX7.10/7_10.sce #
 
 
 
 
 
 
 
 
 
 Q-point value of Vgs(found after interpolation) is :   
 
    0.  
 
 
 
 
 
 
 
 Idq(Amperes) =    
 
    0.01  
 
 
 Vds(Volts) =    
 
    5.  
 
 
grepthis#Electronics_Devices_And_Circuit_Theory_R._L._Boylestad_And_L._Nashelsky_69/CH7/EX7.13/7_13.sce #
 
 
 
 
 
 
 
 
 
 
 
 
 
 
 
 
 
 
 
 Vd(Volts) =    
 
    11.068042  
 
 
 Vc(Volts) =    
 
    5.4226415  
 
 
 
grepthis#Electronics_Devices_And_Circuit_Theory_R._L._Boylestad_And_L._Nashelsky_69/CH7/EX7.14/7_14.sce #
 
 
 
 
 
 
 
 
 
 
 
 
 
 
 
 
 
 Vd(Volts) =    
 
    9.425  
 
 
 
grepthis#Electronics_Devices_And_Circuit_Theory_R._L._Boylestad_And_L._Nashelsky_69/CH7/EX7.15/7_15.sce #
 
 
 
 
 
 
 
 
 
 
 Rd(Ohms) =    
 
    3200.  
 
 
 Rs(Ohms) =    
 
    400.  
 
 
 Closest commercial value of Rd(Ohms) =    
 
    3300.  
 
 
 Closest commercial value of Rs(Ohms) =    
 
    390.  
 
 
grepthis#Electronics_Devices_And_Circuit_Theory_R._L._Boylestad_And_L._Nashelsky_69/CH7/EX7.16/7_16.sce #
 
 
 
 
 
 
 
 
 
 
 
 
 
 Rs(Ohms) =    
 
    3352.1739  
 
 
 
grepthis#Electronics_Devices_And_Circuit_Theory_R._L._Boylestad_And_L._Nashelsky_69/CH7/EX7.17/7_17.sce #
 
 
 
 
 
 
 
 
 
 
 
 
 
 
 Rd(Ohms) =    
 
    1500.  
 
 
grepthis#Electronics_Devices_And_Circuit_Theory_R._L._Boylestad_And_L._Nashelsky_69/CH7/EX7.19/7_19.sce #
 
 
 
 
 
 
 
 
 
 
 
 
 
 Vgsq(Volts) =    
 
  - 1.725  
 
 
 Idq(Amperes) =    
 
    0.00108  
 
 
grepthis#Electronics_Devices_And_Circuit_Theory_R._L._Boylestad_And_L._Nashelsky_69/CH7/EX7.20/7_20.sce #
 
 
 
 
 
 
 
 
 
 
 
 
 
 
 
 
 
 Vgsq(Volts) =    
 
  - 1.62  
 
 
 Idq(Amperes) =    
 
    0.00416  
 
 
grepthis#Electronics_Devices_And_Circuit_Theory_R._L._Boylestad_And_L._Nashelsky_69/CH8/EX8.2/8_2.sce #
 
 
 
 
 
 
 
 
 
 
 
 
 gm(in S) for part a =    
 
    0.0035  
 
 
 
 
 
 
 gm(in S) for part b =    
 
    0.0025  
 
 
 
 
 
 
 
 
 
 gm(in S) for part c =    
 
    0.0015  
 
 
 
 Max gm(in S) is =    
 
    0.004  
 
 
 
grepthis#Electronics_Devices_And_Circuit_Theory_R._L._Boylestad_And_L._Nashelsky_69/CH8/EX8.5/8_5.sce #
 
 
 
 
 
 
 
 
 
 For Vgs = 0V,rd(ohms) =    
 
    25000.  
 
 
 
 
 
 
 
 For Vgs = -2V,rd(ohms) =    
 
    80000.  
 
 
grepthis#Electronics_Devices_And_Circuit_Theory_R._L._Boylestad_And_L._Nashelsky_69/CH8/EX8.6/8_6.sce #
 
 
 
 
 
 
 
 
 
 gm(in S) =    
 
    0.0038  
 
 
 rd(ohms) =    
 
    50000.  
 
 
 
grepthis#Electronics_Devices_And_Circuit_Theory_R._L._Boylestad_And_L._Nashelsky_69/CH8/EX8.7/8_7.sce #
 
 
 
 
 
 
 
 
 
 
 
 
 
 
 
 
 
 
 
 gm(S) =    
 
    0.001875  
 
 
 rd(ohms) =    
 
    50000.  
 
 
 Zi(ohms) =    
 
    1000000.  
 
 
 Zo(ohms) =    
 
    1923.0769  
 
 
 Voltage gain Av =    
 
  - 3.6057692  
 
 
 Volatge gain Av(ignoring rd) =    
 
  - 3.75  
 
 
 
grepthis#Electronics_Devices_And_Circuit_Theory_R._L._Boylestad_And_L._Nashelsky_69/CH8/EX8.8/8_8.sce #
 
 
 
 
 
 
 
 
 
 
 
 
 
 
 
 
 
 
 
 
 gm(S) =    
 
    0.0015111  
 
 
 rd(ohms) =    
 
    40000.  
 
 
 Zi(ohms) =    
 
    1000000.  
 
 
 Zo(ohms) =    
 
    3300.  
 
 
 Voltage gain Av =    
 
  - 1.9043174  
 
 
 Volatge gain Av(ignoring rd) =    
 
  - 1.9858407  
 
 
 
grepthis#Electronics_Devices_And_Circuit_Theory_R._L._Boylestad_And_L._Nashelsky_69/CH8/EX8.9/8_9.sce #
 
 
 
 
 
 
 
 
 
 
 
 
 
 
 
 
 
 
 
 
 
 gm(S) =    
 
    0.00228  
 
 
 rd(ohms) =    
 
    33333.333  
 
 
 Zi(ohms) =    
 
    1000000.  
 
 
 Zo(ohms) =    
 
    361.72312  
 
 
 Zo without rd =    
 
    365.69149  
 
 
 Voltage gain Av =    
 
    0.8247287  
 
 
 Volatge gain Av(ignoring rd) =    
 
    0.8337766  
 
 
 
grepthis#Electronics_Devices_And_Circuit_Theory_R._L._Boylestad_And_L._Nashelsky_69/CH8/EX8.10/8_10.sce #
 
 
 
 
 
 
 
 
 
 
 
 
 
 
 
 
 
 
 
 
 
 
 
 
 gm(S) =    
 
    0.00225  
 
 
 rd(ohms) =    
 
    20000.  
 
 
 Zi(ohms) =    
 
    349.86523  
 
 
 Zi(ohms) without rd =    
 
    316.54676  
 
 
 Zo(ohms) =    
 
    3050.8475  
 
 
 Zo(ohms) without rd =    
 
    3600.  
 
 
 Voltage gain Av =    
 
    7.0169492  
 
 
 Vo =    
 
    0.2806780  
 
 
 Volatge gain Av(ignoring rd) =    
 
    8.1  
 
 
 Vo2 witout rd  =    
 
    0.324  
 
 
grepthis#Electronics_Devices_And_Circuit_Theory_R._L._Boylestad_And_L._Nashelsky_69/CH8/EX8.11/8_11.sce #
 
 
 
 
 
 
 
 
 
 
 
 
 
 
 
 
 
 
 
 
 gmo(S) =    
 
    0.004  
 
 
 gm(S) =    
 
    0.0044667  
 
 
 rd(ohms) =    
 
    100000.  
 
 
 Zi(ohms) =    
 
    9166666.7  
 
 
 Zo(ohms) =    
 
    1768.1729  
 
 
 Av =    
 
  - 8.04  
 
 
grepthis#Electronics_Devices_And_Circuit_Theory_R._L._Boylestad_And_L._Nashelsky_69/CH8/EX8.12/8_12.sce #
 
 
 
 
 
 
 
 
 
 
 
 
 
 
 
 
 
 
 
 
 
 
 gm(S) =    
 
    0.001632  
 
 
 rd(ohms) =    
 
    50000.  
 
 
 Zi(ohms) =    
 
    2416821.6  
 
 
 Zi without rd(ohms) =    
 
    2345215.8  
 
 
 Zo(ohms) =    
 
    1922.7072  
 
 
 Zo without rd(ohms) =    
 
    2000.  
 
 
 Voltage gain Av =    
 
  - 3.1378581  
 
 
 Volatge gain Av(ignoring rd) =    
 
  - 3.264  
 
 
grepthis#Electronics_Devices_And_Circuit_Theory_R._L._Boylestad_And_L._Nashelsky_69/CH8/EX8.13/8_13.sce #
 
 
 
 
 
 
 
 
 
 
 
 
 
 
 
 
 
 
 
 
 
 
 
 
 Rd(ohms) =    
 
    3297.0656  
 
 
 Zi(ohms) =    
 
    10000000.  
 
 
 Zo(ohms) =    
 
    3000.3  
 
 
grepthis#Electronics_Devices_And_Circuit_Theory_R._L._Boylestad_And_L._Nashelsky_69/CH8/EX8.14/8_14.sce #
 
 
 
 
 
 
 
 
 
 
 
 
 
 
 
 
 
 
 
 
 
 
 
 Rd(ohms) =    
 
    2224.7754  
 
 
 Rs(ohms) =    
 
    177.77778  
 
 
 
grepthis#Electronics_Devices_And_Circuit_Theory_R._L._Boylestad_And_L._Nashelsky_69/CH8/EX8.15/8_15.sce #
 
 
 
 
 
 
 
 
 
 
 
 
 
 
 
 
 
 
 
 
 
 Rs(ohms) =    
 
    177.77778  
 
 
 Rd(ohms) =    
 
    3555.5556  
 
 
 
grepthis#Electronics_Devices_And_Circuit_Theory_R._L._Boylestad_And_L._Nashelsky_69/CH8/EX8.16/8_16.sce #
 
 
 
 
 
 
 
 
 
 
 
 
 
 
 
 
 
 
 
 
 
 
 
 
 gm(S) =    
 
    0.002625  
 
 
 voltage gain =    
 
  - 6.3  
 
 
 output voltage(Volts) =    
 
    0.7932231  
 
 
 input impedance(ohms) =    
 
    3300000.  
 
 
 output impedance(ohms) =    
 
    2400.  
 
 
 output voltage across the load(Volts) =    
 
    0.6396961  
 
 
grepthis#Electronics_Devices_And_Circuit_Theory_R._L._Boylestad_And_L._Nashelsky_69/CH8/EX8.17/8_17.sce #
 
 
 
 
 
 
 
 
 
 
 
 
 
 
 
 
 
 
 
 Output voltage is    
 
    0.6005446  
 
 
 Input impedance is    
 
    3300000.  
 
 
 Output impedance is    
 
    2200.  
 
 
grepthis#Electronics_Devices_And_Circuit_Theory_R._L._Boylestad_And_L._Nashelsky_69/CH9/EX9.1/9_1.sce #
 
 
 
 ans for part a :-    
 
    6.  
 
 
 ans for part b :-    
 
    3.  
 
 
 ans for part c :-    
 
  - 2.  
 
 
 ans for part d :-    
 
  - 1.  
 
 
grepthis#Electronics_Devices_And_Circuit_Theory_R._L._Boylestad_And_L._Nashelsky_69/CH9/EX9.2/9_2.sce #
 
 
 
 ans for part a :-    
 
    1.80618  
 
 
 ans for part b :-    
 
    4.1588831  
 
 
 ans for part c :-    
 
    3.20412  
 
 
 ans for part d :-    
 
    3.90309  
 
 
grepthis#Electronics_Devices_And_Circuit_Theory_R._L._Boylestad_And_L._Nashelsky_69/CH9/EX9.3/9_3.sce #
 
 
 
 ans for part a :-    
 
    39.810717  
 
 
 ans for part b :-    
 
    1.0408108  
 
 
grepthis#Electronics_Devices_And_Circuit_Theory_R._L._Boylestad_And_L._Nashelsky_69/CH9/EX9.4/9_4.sce #
 
 
 
 ans for part a :-    
 
  - 0.30103  
 
 
 ans for part b :-    
 
    1.20412  
 
 
 ans for part c :-    
 
    1.2552725  
 
 
grepthis#Electronics_Devices_And_Circuit_Theory_R._L._Boylestad_And_L._Nashelsky_69/CH9/EX9.5/9_5.sce #
 
 
 
 
 
 
 Magnitude gain =    
 
    100000.  
 
 
grepthis#Electronics_Devices_And_Circuit_Theory_R._L._Boylestad_And_L._Nashelsky_69/CH9/EX9.6/9_6.sce #
 
 
 
 
 
 
 
 
 
 
 
 
 Power gain in decibels =    
 
  - 13.0103  
 
 
 Voltage gain in decibels =    
 
  - 20.  
 
 
 Ri(ohms) is    
 
    100.  
 
 
 which is not equal to Ro   
 
 
 
grepthis#Electronics_Devices_And_Circuit_Theory_R._L._Boylestad_And_L._Nashelsky_69/CH9/EX9.7/9_7.sce #
 
 
 
 
 
 
 
 
 
 Input power in Watt =    
 
    0.1264911  
 
 
 
 
 
 Input voltage in volts =    
 
    0.2  
 
 
grepthis#Electronics_Devices_And_Circuit_Theory_R._L._Boylestad_And_L._Nashelsky_69/CH9/EX9.12/9_12.sce #
 
 
 
 
 
 
 
 
 
 
 
 
 
 
 
 
 
 
 
 
 
 
 
 
 
 
 
 
 
 
 
 
 
 
 fhi =    
 
    737983.34  
 
 
 fho =    
 
    8596141.6  
 
 
 fbeta =    
 
    2524666.  
 
 
 ft =    
 
    2.525D+08  
 
 
grepthis#Electronics_Devices_And_Circuit_Theory_R._L._Boylestad_And_L._Nashelsky_69/CH9/EX9.14/9_14.sce #
 
 
 
 
 
 
 
 
 
 
 
 
 
 
 
 
 
 
 
 
 
 
 
 
 
 
 
 
 
 
 fhi =    
 
    945567.6  
 
 
 fho =    
 
    11586099.  
 
 
grepthis#Electronics_Devices_And_Circuit_Theory_R._L._Boylestad_And_L._Nashelsky_69/CH9/EX9.15/9_15.sce #
 
 
 
 
 
 
 
 
 
 
 
 
 
 
 Bandwidth  is    
 
    21875.  
 
 
 Low cutoff frequency =    
 
    318.30989  
 
grepthis#Electronics_Devices_And_Circuit_Theory_R._L._Boylestad_And_L._Nashelsky_69/CH10/EX10.1/10_1.sce #
 
 
 
 
 
 
 
 
 
 
 
 
 
 Emitter current(Amperes) =    
 
    0.0025152  
 
 
 Collector current(Amperes) =    
 
    0.0012576  
 
 
 Collector voltage(Volts) =    
 
    4.0954545  
 
 
grepthis#Electronics_Devices_And_Circuit_Theory_R._L._Boylestad_And_L._Nashelsky_69/CH10/EX10.2/10_2.sce #
 
 
 
 
 
 
 
 
 
 
 
 
 
 
 
 
 
 Single ended output voltage(Volts) =    
 
    0.1744423  
 
 
grepthis#Electronics_Devices_And_Circuit_Theory_R._L._Boylestad_And_L._Nashelsky_69/CH10/EX10.3/10_3.sce #
 
 
 
 
 
 
 
 
 
 
 Common mode gain =    
 
    0.5376754  
 
 
grepthis#Electronics_Devices_And_Circuit_Theory_R._L._Boylestad_And_L._Nashelsky_69/CH10/EX10.4/10_4.sce #
 
 
 
 
 
 
 
 
 
 
 
 
 Common mode gain =    
 
    0.0246621  
 
 
 
 
grepthis#Electronics_Devices_And_Circuit_Theory_R._L._Boylestad_And_L._Nashelsky_69/CH10/EX10.5/10_5.sce #
 
 
 
 
 
 
 
 
 
 Output voltage(Volts) =    
 
  - 10.  
 
 
grepthis#Electronics_Devices_And_Circuit_Theory_R._L._Boylestad_And_L._Nashelsky_69/CH10/EX10.6/10_6.sce #
 
 
 
 
 
 
 
 
 
 Output voltage(Volts) =    
 
    12.  
 
 
 
grepthis#Electronics_Devices_And_Circuit_Theory_R._L._Boylestad_And_L._Nashelsky_69/CH10/EX10.7/10_7.sce #
 
 
 
 
 
 
 
 
 
 
 
 
 
 
 Output voltage(Volts) =    
 
  - 7.  
 
 
 
 
 
 
 
 
 
 
 
 
 
 
 
 Output voltage(Volts) =    
 
    3.  
 
 
grepthis#Electronics_Devices_And_Circuit_Theory_R._L._Boylestad_And_L._Nashelsky_69/CH10/EX10.8/10_8.sce #
 
 
 
 
 
 
 
 
 Output offset voltage(Volts) =    
 
    0.0912  
 
 
grepthis#Electronics_Devices_And_Circuit_Theory_R._L._Boylestad_And_L._Nashelsky_69/CH10/EX10.9/10_9.sce #
 
 
 
 
 
 
 
 Output offset voltage(Volts) =    
 
    0.015  
 
 
grepthis#Electronics_Devices_And_Circuit_Theory_R._L._Boylestad_And_L._Nashelsky_69/CH10/EX10.10/10_10.sce #
 
 
 
 
 
 
 
 
 
 
 
 
 Total voltage offset(Volts) =    
 
    0.479  
 
 
grepthis#Electronics_Devices_And_Circuit_Theory_R._L._Boylestad_And_L._Nashelsky_69/CH10/EX10.11/10_11.sce #
 
 
 
 
 
 
 
 
 
 Positive input bias current(Amperes) =    
 
    3.250D-08  
 
 
 Negative input bias current(Amperes) =    
 
    2.750D-08  
 
 
 
grepthis#Electronics_Devices_And_Circuit_Theory_R._L._Boylestad_And_L._Nashelsky_69/CH10/EX10.12/10_12.sce #
 
 
 
 
 
 
 
 
 
 Cutoff frequency(Hertz) =    
 
    5.  
 
 
grepthis#Electronics_Devices_And_Circuit_Theory_R._L._Boylestad_And_L._Nashelsky_69/CH10/EX10.13/10_13.sce #
 
 
 
 
 
 
 
 
 
 Maximum Closed loop voltage gain =    
 
    40.  
 
 
grepthis#Electronics_Devices_And_Circuit_Theory_R._L._Boylestad_And_L._Nashelsky_69/CH10/EX10.14/10_14.sce #
 
 
 
 
 
 
 
 
 
 
 
 
 
 Since this frequency is much less than maximum obtained,hence no distortion will be observed   
 
    300000.  
 
 
grepthis#Electronics_Devices_And_Circuit_Theory_R._L._Boylestad_And_L._Nashelsky_69/CH10/EX10.15/10_15.sce #
 
 
 
 
 
 
 
 
 Current drawn(Amperes) =    
 
    0.0208333  
 
 
 
grepthis#Electronics_Devices_And_Circuit_Theory_R._L._Boylestad_And_L._Nashelsky_69/CH10/EX10.16/10_16.sce #
 
 
 
 
 
 
 
 
 
 
 
 
 Output offset voltage(Volts) =    
 
    0.0382  
 
 
 
grepthis#Electronics_Devices_And_Circuit_Theory_R._L._Boylestad_And_L._Nashelsky_69/CH10/EX10.17/10_17.sce #
 
 
 
 
 
 
 
 
 
 
 Zo  =
 
    0.0112483  
 
 
 
 Acl =    
 
  - 30.  
 
 
 Zi(Ohms) =    
 
    12000.  
 
 
 Zo(Ohms) =    
 
    0.0112483  
 
 
 
grepthis#Electronics_Devices_And_Circuit_Theory_R._L._Boylestad_And_L._Nashelsky_69/CH10/EX10.18/10_18.sce #
 
 
 
 
 
 
 
 
 
 
 Cutoff frequency(Hertz) =    
 
    50.  
 
 
grepthis#Electronics_Devices_And_Circuit_Theory_R._L._Boylestad_And_L._Nashelsky_69/CH10/EX10.19/10_19.sce #
 
 
 
 
 
 
 
 
 
 
 Maximum frequency(Hertz) =    
 
    106103.3  
 
 
 
grepthis#Electronics_Devices_And_Circuit_Theory_R._L._Boylestad_And_L._Nashelsky_69/CH10/EX10.20/10_20.sce #
 
 
 
 
 
 
 Open loop voltage gain(Volts) =    
 
    158489.32  
 
 
 
grepthis#Electronics_Devices_And_Circuit_Theory_R._L._Boylestad_And_L._Nashelsky_69/CH10/EX10.21/10_21.sce #
 
 
 
 
 
 
 
 
 
 
 
 
 
 
 CMRR(dB) =    
 
    56.478175  
 
 
 
grepthis#Electronics_Devices_And_Circuit_Theory_R._L._Boylestad_And_L._Nashelsky_69/CH10/EX10.22/10_22.sce #
 
 
 
 
 
 
 
 
 
 
 
 
 
 Output voltage(Volts) =    
 
    0.0458  
 
 
 
 
 
 
 
 
 
 
 
 Output voltage(Volts) =    
 
    0.0400058  
 
 
grepthis#Electronics_Devices_And_Circuit_Theory_R._L._Boylestad_And_L._Nashelsky_69/CH11/EX11.1/11_1.sce #
 
 
 
 
 
 
 
 
 
 
 Output voltage(Volts) =    
 
  - 0.25  
 
 
 
grepthis#Electronics_Devices_And_Circuit_Theory_R._L._Boylestad_And_L._Nashelsky_69/CH11/EX11.2/11_2.sce #
 
 
 
 
 
 
 
 
 
 
 Output voltage(Volts) =    
 
    0.01212  
 
 
 
grepthis#Electronics_Devices_And_Circuit_Theory_R._L._Boylestad_And_L._Nashelsky_69/CH11/EX11.3/11_3.sce #
 
 
 
 
 
 
 
 
 
 
 
 
 
 Output voltage(Volts) =    
 
    1.7899566  
 
 
 
 
grepthis#Electronics_Devices_And_Circuit_Theory_R._L._Boylestad_And_L._Nashelsky_69/CH11/EX11.4/11_4.sce #
 
 
 
 
 
 
 
 
 
 
 
 
 
 
 
 
 Output voltage(Volts) =    
 
    0.729  
 
 
grepthis#Electronics_Devices_And_Circuit_Theory_R._L._Boylestad_And_L._Nashelsky_69/CH11/EX11.5/11_5.sce #
 
 
 
 
 
 
 
 
 
 
 
 
 
 R1(ohms) =    
 
    50000.  
 
 
 R2(ohms) =    
 
    25000.  
 
 
 R3(ohms) =    
 
    10000.  
 
 
grepthis#Electronics_Devices_And_Circuit_Theory_R._L._Boylestad_And_L._Nashelsky_69/CH11/EX11.6/11_6.sce #
 
 
 
 
 
 
 
 
 Output voltage(Volts) =    
 
 -0.5*sin(1000t)-0.033*sin(3000t)   
 
 
grepthis#Electronics_Devices_And_Circuit_Theory_R._L._Boylestad_And_L._Nashelsky_69/CH11/EX11.7/11_7.sce #
 
 
 
 
 
 
 
 
 
 
 
 
 Output voltage =    
 
 -20*V2+20*V1   
 
 
grepthis#Electronics_Devices_And_Circuit_Theory_R._L._Boylestad_And_L._Nashelsky_69/CH11/EX11.8/11_8.sce #
 
 
 
 
 
 Output voltage =    
 
 1*V1-1*V2   
 
 
 
grepthis#Electronics_Devices_And_Circuit_Theory_R._L._Boylestad_And_L._Nashelsky_69/CH11/EX11.10/11_10.sce #
 
 
 
 
 
 
 
 
 
 
 
 Il(Amperes) =    
 
    0.004  
 
 
 Vo(Volts) =    
 
  - 20.  
 
 
grepthis#Electronics_Devices_And_Circuit_Theory_R._L._Boylestad_And_L._Nashelsky_69/CH11/EX11.11/11_11.sce #
 
 
 
 
 
 
 
 
 
 
 Output voltage    
 
 21*(V1-V2)   
 
 
 
grepthis#Electronics_Devices_And_Circuit_Theory_R._L._Boylestad_And_L._Nashelsky_69/CH11/EX11.12/11_12.sce #
 
 
 
 
 
 
 
 
 Cutoff frequency of low pass filter(Hertz) =    
 
    6631.456  
 
 
grepthis#Electronics_Devices_And_Circuit_Theory_R._L._Boylestad_And_L._Nashelsky_69/CH11/EX11.13/11_13.sce #
 
 
 
 
 
 
 
 
 
 
 
 Cutoff frequency of second order high pass filter(Hertz) =    
 
    1515.7614  
 
 
grepthis#Electronics_Devices_And_Circuit_Theory_R._L._Boylestad_And_L._Nashelsky_69/CH11/EX11.14/11_14.sce #
 
 
 
 
 
 
 
 
 
 
 
 
 Low Cutoff frequency of band pass filter(hertz) =    
 
    159.15494  
 
 
 High Cutoff frequency of band pass filter(hertz) =    
 
    7957.7472  
 
 
grepthis#Electronics_Devices_And_Circuit_Theory_R._L._Boylestad_And_L._Nashelsky_69/CH12/EX12.1/12_1.sce #
 
 
 
 
 
 
 
 
 
 
 
 
 
 
 
 
 
 
 
 
 Output power =    
 
    0.625  
 
 
 Input power =    
 
    9.65  
 
 
 Efficiency in percentage =    
 
    6.4766839  
 
 
grepthis#Electronics_Devices_And_Circuit_Theory_R._L._Boylestad_And_L._Nashelsky_69/CH12/EX12.2/12_2.sce #
 
 
 
 
 
 
 
 
 Effective resistance looking into primary transformer is    
 
    1800.  
 
 
 
grepthis#Electronics_Devices_And_Circuit_Theory_R._L._Boylestad_And_L._Nashelsky_69/CH12/EX12.3/12_3.sce #
 
 
 
 
 
 
 
 
 Turns ratio =    
 
    35.355339  
 
 
grepthis#Electronics_Devices_And_Circuit_Theory_R._L._Boylestad_And_L._Nashelsky_69/CH12/EX12.4/12_4.sce #
 
 
 
 
 
 
 
 
 
 
 
 
 
 
 
 
 
 
 
 
 
 
 Ac Power delivered(Watts) =    
 
    0.47725  
 
 
grepthis#Electronics_Devices_And_Circuit_Theory_R._L._Boylestad_And_L._Nashelsky_69/CH12/EX12.5/12_5.sce #
 
 
 
 
 
 
 
 
 
 
 
 
 Dc input power(Watts) =    
 
    1.4  
 
 
 Power dissipated by transistor(Watts) =    
 
    0.923  
 
 
 Efficiency(Percentage) =    
 
    34.071429  
 
 
 
grepthis#Electronics_Devices_And_Circuit_Theory_R._L._Boylestad_And_L._Nashelsky_69/CH12/EX12.6/12_6.sce #
 
 
 
 
 
 
 
 
 
 
 
 
 
 Efficiency(Percentage) =    
 
    50.  
 
 
 
 
 
 
 
 
 
 
 
 Efficiency(Percentage) =    
 
    12.5  
 
 
 
 
 
 
 
 
 
 
 
 
 Efficiency(Percentage) =    
 
    22.222222  
 
 
grepthis#Electronics_Devices_And_Circuit_Theory_R._L._Boylestad_And_L._Nashelsky_69/CH12/EX12.7/12_7.sce #
 
 
 
 
 
 
 
 
 
 
 
 
 
 
 
 Input power(Watts) =    
 
    23.873241  
 
 
 Output power(Watts) =    
 
    12.5  
 
 
 Efficiency(Percentage) =    
 
    52.359878  
 
 
 
grepthis#Electronics_Devices_And_Circuit_Theory_R._L._Boylestad_And_L._Nashelsky_69/CH12/EX12.8/12_8.sce #
 
 
 
 
 
 
 
 
 
 
 
 
 Maximum output power(Watts) =    
 
    28.125  
 
 
 Maximum input power(Watts) =    
 
    35.809862  
 
 
 Transmission dissipation(Watts) =    
 
    5.6993166  
 
 
 
grepthis#Electronics_Devices_And_Circuit_Theory_R._L._Boylestad_And_L._Nashelsky_69/CH12/EX12.9/12_9.sce #
 
 
 
 
 
 
 
 
 Efficiency(Percentage) =    
 
    71.995  
 
 
 
 
 
 
 
 Efficiency(Percentage) =    
 
    39.27  
 
 
grepthis#Electronics_Devices_And_Circuit_Theory_R._L._Boylestad_And_L._Nashelsky_69/CH12/EX12.10/12_10.sce #
 
 
 
 
 
 
 
 
 
 
 
 
 
 
 
 
 
 
 
 Output power(Watts) =    
 
    36.  
 
 
 Input power(Watts) =    
 
    67.523724  
 
 
 Power dissipated(Watts) =    
 
    15.761862  
 
 
 Efficiency(Percentage) =    
 
    53.314595  
 
 
grepthis#Electronics_Devices_And_Circuit_Theory_R._L._Boylestad_And_L._Nashelsky_69/CH12/EX12.11/12_11.sce #
 
 
 
 
 
 
 
 
 
 
 
 
 
 
 Output power(Watts) =    
 
    78.125  
 
 
 Input power(Watts) =    
 
    99.471839  
 
 
 Power dissipated(Watts) =    
 
    21.346839  
 
 
 Efficiency(Percentage) =    
 
    78.539816  
 
 
 
grepthis#Electronics_Devices_And_Circuit_Theory_R._L._Boylestad_And_L._Nashelsky_69/CH12/EX12.12/12_12.sce #
 
 
 
 
 
 
 
 
 
 
 Maximum power dissipated(Watts) =    
 
    31.66287  
 
 
 Input voltage at which this occurs(Volts) =    
 
    15.9  
 
 
grepthis#Electronics_Devices_And_Circuit_Theory_R._L._Boylestad_And_L._Nashelsky_69/CH12/EX12.13/12_13.sce #
 
 
 
 
 
 
 
 
 
 
 
 
 
 Second harmonic distortion(Percentage) =    
 
    10.  
 
 
 Third harmonic distortion(Percentage) =    
 
    4.  
 
 
 Fourth harmonic distortion(Percentage) =    
 
    2.  
 
 
 
grepthis#Electronics_Devices_And_Circuit_Theory_R._L._Boylestad_And_L._Nashelsky_69/CH12/EX12.14/12_14.sce #
 
 
 
 
 
 
 
 
 
 Total harmonic distortion(Percentage) =    
 
    10.954451  
 
 
grepthis#Electronics_Devices_And_Circuit_Theory_R._L._Boylestad_And_L._Nashelsky_69/CH12/EX12.15/12_15.sce #
 
 
 
 
 
 
 
 
 Second harmonic distortion(Percentage) =    
 
    2.3809524  
 
 
 
 
 
 
 
 
 Second harmonic distortion(Percentage) =    
 
    0.  
 
 
grepthis#Electronics_Devices_And_Circuit_Theory_R._L._Boylestad_And_L._Nashelsky_69/CH12/EX12.16/12_16.sce #
 
 
 
 
 
 
 
 
 
 
 
 
 
 Total harmonic distortion =    
 
    0.1024695  
 
 
 Fundamental power component(Watts) =    
 
    64.  
 
 
 Total power(Watts) =    
 
    64.672  
 
 
 
grepthis#Electronics_Devices_And_Circuit_Theory_R._L._Boylestad_And_L._Nashelsky_69/CH12/EX12.17/12_17.sce #
 
 
 
 
 
 
 
 
 
 
 
 Maximum power dissipation(Watts) =    
 
    42.5  
 
 
grepthis#Electronics_Devices_And_Circuit_Theory_R._L._Boylestad_And_L._Nashelsky_69/CH12/EX12.18/12_18.sce #
 
 
 
 
 
 
 
 
 
 
 
 
 Maximum power dissipated(Watts) =    
 
    61.538462  
 
 
grepthis#Electronics_Devices_And_Circuit_Theory_R._L._Boylestad_And_L._Nashelsky_69/CH13/EX13.2/13_2.sce #
 
 
 
 
 
 
 
 
 Period of output waveform =    
 
    0.0011  
 
 
grepthis#Electronics_Devices_And_Circuit_Theory_R._L._Boylestad_And_L._Nashelsky_69/CH14/EX14.1/14_1.sce #
 
 
 
 
 
 
 
 
 
 
 
 
 
 
 Voltage gain for part a=    
 
  - 9.0909091  
 
 
 Input impedance for part a=    
 
    110000.  
 
 
 Output Impedance for part a=    
 
    1818.1818  
 
 
 
 
 
 
 
 
 
 Voltage gain for part b =    
 
  - 1.9607843  
 
 
 Input impedance for part b =    
 
    510000.  
 
 
 Output Impedance for part b =    
 
    392.15686  
 
 
grepthis#Electronics_Devices_And_Circuit_Theory_R._L._Boylestad_And_L._Nashelsky_69/CH14/EX14.2/14_2.sce #
 
 
 
 
 
 
 
 
 Percentage Change in gain of feedback amplifier =    
 
    0.2  
 
 
grepthis#Electronics_Devices_And_Circuit_Theory_R._L._Boylestad_And_L._Nashelsky_69/CH14/EX14.3/14_3.sce #
 
 
 
 
 
 
 
 
 
 
 
 
 
 
 
 Gain without feedback =    
 
  - 20.  
 
 
 Gain with feedback =    
 
  - 4.  
 
 
 
grepthis#Electronics_Devices_And_Circuit_Theory_R._L._Boylestad_And_L._Nashelsky_69/CH14/EX14.4/14_4.sce #
 
 
 
 
 
 
 
 
 
 
 
 
 Amplifier gain =    
 
    10.  
 
 
grepthis#Electronics_Devices_And_Circuit_Theory_R._L._Boylestad_And_L._Nashelsky_69/CH14/EX14.5/14_5.sce #
 
 
 
 
 
 
 
 
 
 
 
 
 
 
 
 
 Voltage gain with feedback =    
 
  - 4.2165788  
 
 
 Voltage gain without feedback =    
 
  - 293.33333  
 
 
grepthis#Electronics_Devices_And_Circuit_Theory_R._L._Boylestad_And_L._Nashelsky_69/CH14/EX14.6/14_6.sce #
 
 
 
 
 
 
 
 
 
 
 
 
 Voltage gain without feedback =    
 
  - 25.5  
 
 
 Voltage gain with feedback =    
 
  - 7.1830986  
 
 
 
grepthis#Electronics_Devices_And_Circuit_Theory_R._L._Boylestad_And_L._Nashelsky_69/CH14/EX14.7/14_7.sce #
 
 
 
 
 
 
 
 
 
 
 
 Value of C =    
 
    1.299D-09  
 
 
 Value of Rl =    
 
    8000.  
 
 
 
grepthis#Electronics_Devices_And_Circuit_Theory_R._L._Boylestad_And_L._Nashelsky_69/CH14/EX14.8/14_8.sce #
 
 
 
 
 
 
 
 
 
 Resonant frequency =    
 
    3120.6852  
 
 
 
 
 
 
 
 
 Value of R can be =    
 
    50000.  
 
 
 Value of C can be =    
 
    5.100D-10  
 
 
 
grepthis#Electronics_Devices_And_Circuit_Theory_R._L._Boylestad_And_L._Nashelsky_69/CH14/EX14.9/14_9.sce #
 
 
 
 
 
 
 
 
 Value of R can be =    
 
    50000.  
 
 
 Value of C is =    
 
    6.366D-10  
 
 
grepthis#Electronics_Devices_And_Circuit_Theory_R._L._Boylestad_And_L._Nashelsky_69/CH15/EX15.1/15_1.sce #
 
 
 
 
 
 
 
 
 
 
 Ripple value in part a =    
 
    6.  
 
 
 New Ripple value in part b =    
 
    2.1  
 
 
grepthis#Electronics_Devices_And_Circuit_Theory_R._L._Boylestad_And_L._Nashelsky_69/CH15/EX15.2/15_2.sce #
 
 
 
 
 
 
 
 
 Voltage regulation in percentage =    
 
    7.1428571  
 
 
grepthis#Electronics_Devices_And_Circuit_Theory_R._L._Boylestad_And_L._Nashelsky_69/CH15/EX15.3/15_3.sce #
 
 
 
 
 
 
 
 
 
 Ripple voltage =    
 
    1.2  
 
 
 
 
 
 
 
 
 
 Output voltage =    
 
    0.005  
 
 
grepthis#Electronics_Devices_And_Circuit_Theory_R._L._Boylestad_And_L._Nashelsky_69/CH15/EX15.4/15_4.sce #
 
 
 
 
 
 
 
 
 
 Filter dc voltage =    
 
    27.915  
 
 
grepthis#Electronics_Devices_And_Circuit_Theory_R._L._Boylestad_And_L._Nashelsky_69/CH15/EX15.5/15_5.sce #
 
 
 
 
 
 
 
 
 
 Ripple value of capacitor in percentage =    
 
    4.3010753  
 
 
grepthis#Electronics_Devices_And_Circuit_Theory_R._L._Boylestad_And_L._Nashelsky_69/CH15/EX15.6/15_6.sce #
 
 
 
 
 
 
 
 
 
 Dc voltage across 1k-ohm load =    
 
    53.571429  
 
 
grepthis#Electronics_Devices_And_Circuit_Theory_R._L._Boylestad_And_L._Nashelsky_69/CH15/EX15.7/15_7.sce #
 
 
 
 
 
 
 
 
 
 
 
 
 
 
 Dc component of output voltage =    
 
    136.36364  
 
 
 Ac component of output voltage =    
 
    3.9  
 
 
 Ripple =    
 
    2.86  
 
 
grepthis#Electronics_Devices_And_Circuit_Theory_R._L._Boylestad_And_L._Nashelsky_69/CH15/EX15.8/15_8.sce #
 
 
 
 
 
 
 
 
 
 
 
 
 
 
 
 
 
 
 Output voltage =    
 
    11.3  
 
 
 Zener current =    
 
    0.0363184  
 
 
grepthis#Electronics_Devices_And_Circuit_Theory_R._L._Boylestad_And_L._Nashelsky_69/CH15/EX15.9/15_9.sce #
 
 
 
 
 
 
 
 
 
 
 Regulated Output voltage =    
 
    15.  
 
 
grepthis#Electronics_Devices_And_Circuit_Theory_R._L._Boylestad_And_L._Nashelsky_69/CH15/EX15.10/15_10.sce #
 
 
 
 
 
 Regulated Output voltage =    
 
    18.6  
 
 
grepthis#Electronics_Devices_And_Circuit_Theory_R._L._Boylestad_And_L._Nashelsky_69/CH15/EX15.11/15_11.sce #
 
 
 
 
 
 
 
 
 
 
 
 
 
 Vl =    
 
    8.9  
 
 
 Il =    
 
    0.0278125  
 
 
 Is =    
 
    0.1091667  
 
 
 Ic =    
 
    0.0813542  
 
 
grepthis#Electronics_Devices_And_Circuit_Theory_R._L._Boylestad_And_L._Nashelsky_69/CH15/EX15.13/15_13.sce #
 
 
 
 
 
 
 
 
 
 
 
 Minimum input voltage =    
 
    8.3489249  
 
 
grepthis#Electronics_Devices_And_Circuit_Theory_R._L._Boylestad_And_L._Nashelsky_69/CH15/EX15.14/15_14.sce #
 
 
 
 
 
 
 
 
 
 
 
 
 Max value of load current =    
 
    0.4630830  
 
 
grepthis#Electronics_Devices_And_Circuit_Theory_R._L._Boylestad_And_L._Nashelsky_69/CH15/EX15.15/15_15.sce #
 
 
 
 
 
 Regulated Output voltage =    
 
    10.805  
 
 
grepthis#Electronics_Devices_And_Circuit_Theory_R._L._Boylestad_And_L._Nashelsky_69/CH15/EX15.16/15_16.sce #
 
 
 
 
 
 Regulated Output voltage =    
 
    10.805  
 
 
 
