Total number of .sce files(without counting DEPENDENCIES directory): 86

grepthis#Electric_Machines_-_I_M._Verma_And_V._Ahuja_695/CH1/EX1.9/ex1_9.sce #
 
 
 
 
 
 
 
 
 
 
 
 
 Emf induced in the coil (in volts)=   
 
    8.  
 
grepthis#Electric_Machines_-_I_M._Verma_And_V._Ahuja_695/CH1/EX1.10/ex1_10.sce #
 
 
 
 
 
 
 
 
 
 
 
 
 Average value of emf induced in the coil (in volts)=   
 
    20.  
 
grepthis#Electric_Machines_-_I_M._Verma_And_V._Ahuja_695/CH1/EX1.11/ex1_11.sce #
 
 
 
 
 
 
 
 
 
 
 
 
 (1) Average emf induced in the coil (in volts)=   
 
    1.5  
 
 
 
 (2) Current through the coil (in Amperes)=   
 
    0.025  
 
grepthis#Electric_Machines_-_I_M._Verma_And_V._Ahuja_695/CH1/EX1.12/ex1_12.sce #
 
 
 
 
 
 
 
 
 
 
 
 
 average value of emf induced across the feild terminals (in volts)=   
 
    1400.  
 
grepthis#Electric_Machines_-_I_M._Verma_And_V._Ahuja_695/CH2/EX2.1/Ex2_1.sce #
 
 
 
 
 
 
 
 
 
 
 
 
 
 
 
 
 (a) Current delievered in 50kw generator (in amperes)=   
 
    62.5  
 
 
     Current delievered in 100kw generator (in amperes)=   
 
    187.5  
 
 
 
 (b) Terminal voltage (in volts)=   
 
    481.25  
 
grepthis#Electric_Machines_-_I_M._Verma_And_V._Ahuja_695/CH2/EX2.2/Ex2_2.sce #
 
 
 
 
 
 
 
 
 
 
 
 
 
 
 
 
 
 
 Power shared by generator-1(in Kilo Watts)=    
 
    17.210003  
 
 
 Power shared by generator-2(in Kilo Watts)=    
 
    7.7899966  
 
grepthis#Electric_Machines_-_I_M._Verma_And_V._Ahuja_695/CH2/EX2.3/Ex2_3.sce #
 
 
 
 
 
 
 
 
 
 
 
 
 Number of conductors=   
 
    750.  
 
grepthis#Electric_Machines_-_I_M._Verma_And_V._Ahuja_695/CH2/EX2.4/Ex2_4.sce #
 
 
 
 
 
 
 
 
 
 
 
 
 
 
 
 Value of generated voltage (in volts)=   
 
    320.135  
 
 
 Value of armature current (in Ampers)=   
 
    201.5  
 
grepthis#Electric_Machines_-_I_M._Verma_And_V._Ahuja_695/CH2/EX2.5/Ex2_5.sce #
 
 
 
 
 
 
 
 
 
 
 
 
 
 
 (a) Value of shunt feild current (in Amperes)=   
 
    5.  
 
 
 (b) Value of armature current (in Amperes)=   
 
    200.  
 
 
 (c) Value of generated voltage (in volts)=   
 
    260.  
 
 
 (d) Value of load resistance (in ohms)=   
 
    1.2820513  
 
grepthis#Electric_Machines_-_I_M._Verma_And_V._Ahuja_695/CH2/EX2.6/Ex2_6.sce #
 
 
 
 
 
 
 
 
 
 
 
 
 
 
 
 
 
  Value of armature current (in Amperes)=   
 
    42.516  
 
 
  Value of generated voltage (in volts)=   
 
    255.8516  
 
grepthis#Electric_Machines_-_I_M._Verma_And_V._Ahuja_695/CH2/EX2.7/Ex2_7.sce #
 
 
 
 
 
 
 
 
 
 
 
 
 Value of generated emf (in volts)=   
 
    221.66667  
 
grepthis#Electric_Machines_-_I_M._Verma_And_V._Ahuja_695/CH2/EX2.8/Ex2_8.sce #
 
 
 
 
 
 
 
 
 
 
 
 
 
 
 
 
 
 
 
 
 Speed of generator (in rpm)=   
 
    1441.788  
 
grepthis#Electric_Machines_-_I_M._Verma_And_V._Ahuja_695/CH2/EX2.9/Ex2_9.sce #
 
 
 
 
 
 
 
 
 
 
 
 
 
 
 
 
 
 
 
 (a) Armature current (in amperes)=   
 
    22.  
 
 
 (b) Generated emf (in volts)=   
 
    207.48  
 
 
 (c) flux/pole (in mili weber)=   
 
    15.346154  
 
grepthis#Electric_Machines_-_I_M._Verma_And_V._Ahuja_695/CH2/EX2.10/Ex2_10.sce #
 
 
 
 
 
 
 
 
 
 
 
 
 
 
 
 
 
 
 (a) Load current (in amperes)=   
 
    177.5  
 
 
 (b) Generated emf (in volts)=   
 
    257.2  
 
 
 (c) flux/pole (in mili weber)=   
 
    22.045714  
 
grepthis#Electric_Machines_-_I_M._Verma_And_V._Ahuja_695/CH2/EX2.11/Ex2_11.sce #
 
 
 
 
 
 
 
 
 
 
 
 
 
 
 
 
 
 
 
 Z  =
 
    889.15385  
 
 
 (a) Armature current (in amperes)=   
 
    102.  
 
 
 (b) Generated emf (in volts)=   
 
    231.18  
 
 
 (c) No. of conductors of armature=   
 
    889.15385  
 
grepthis#Electric_Machines_-_I_M._Verma_And_V._Ahuja_695/CH2/EX2.12/Ex2_12.sce #
 
 
 
 
 
 
 
 
 
 
 
 
 
 
 
 
 
 
 Power absorbed by the load (in watts)=   
 
    8861.0586  
 
grepthis#Electric_Machines_-_I_M._Verma_And_V._Ahuja_695/CH2/EX2.13/Ex2_13.sce #
 
 
 
 
 
 
 
 
 
 
 
 
 
 
 
 
 
 
 
 
 
 
 Percentage reduction in speed (%)=   
 
    1.7045455  
 
grepthis#Electric_Machines_-_I_M._Verma_And_V._Ahuja_695/CH2/EX2.14/Ex2_14.sce #
 
 
 
 
 
 
 
 
 
 
 
 
 
 
 
 
 
 
 
 Speed (in rpm)=   
 
    670.  
 
grepthis#Electric_Machines_-_I_M._Verma_And_V._Ahuja_695/CH2/EX2.15/Ex2_15.sce #
 
 
 
 
 
 
 
 
 
 
 
 
 
 
 
 
 
 (a) Cu-loss (in watts)=   
 
    2242.25  
 
 
 
 
 
 (b) Iron and friction loss (in watts)=   
 
    847.63764  
 
 
 
 (c) Torque (in N-m)=   
 
    268.23867  
 
grepthis#Electric_Machines_-_I_M._Verma_And_V._Ahuja_695/CH2/EX2.16/Ex2_16.sce #
 
 
 
 
 
 
 
 
 
 
 
 
 
 
 
 
 
 
 (a) Flux per pole (in Weber)=   
 
    0.0235619  
 
 
 
 (b) Total no. of conductors=   
 
    340.  
 
 
 
 (c) Torque (in Newton-meter)=   
 
    63.666667  
 
grepthis#Electric_Machines_-_I_M._Verma_And_V._Ahuja_695/CH2/EX2.17/Ex2_17.sce #
 
 
 
 
 
 
 
 
 
 
 
 
 
 
 
 (a) Demagnetizing Ampere Turns per pole=   
 
    500.  
 
 
 
 (b) Cross magnetizing Ampere Turns per pole=   
 
    1750.  
 
 
 
 (c) Number of turns per pole=   
 
    18.  
 
grepthis#Electric_Machines_-_I_M._Verma_And_V._Ahuja_695/CH2/EX2.18/Ex2_18.sce #
 
 
 
 
 
 
 
 
 
 
 
 
 
 
 
 
 
 
 (a) Current supplied by generator-1(in amperes)=   
 
    23.636364  
 
 
     Current supplied by generator-2(in amperes)=   
 
    36.363636  
 
 
 
 
 (b) Output voltage of generator-1(in volts)=   
 
    256.36364  
 
 
 (b) Output voltage of generator-2(in volts)=   
 
    256.36364  
 
 
 
 
 (c) Output KW of generator-1(in Kilo watts)=   
 
    6.0595041  
 
 
 (c) Output KW of generator-2(in Kilo watts)=   
 
    9.322314  
 
grepthis#Electric_Machines_-_I_M._Verma_And_V._Ahuja_695/CH2/EX2.19/Ex2_19.sce #
 
 
 
 
 
 
 
 
 
 
 
 
 
 
 
 
 Ratio of speed as a generator to speed as motor=   
 
    1.0797673  
 
grepthis#Electric_Machines_-_I_M._Verma_And_V._Ahuja_695/CH2/EX2.20/Ex2_20.sce #
 
 
 
 
 
 
 
 
 
 
 
 
 
 
 No-load speed (in rpm)=   
 
    1328.  
 
grepthis#Electric_Machines_-_I_M._Verma_And_V._Ahuja_695/CH2/EX2.21/Ex2_21.sce #
 
 
 
 
 
 
 
 
 
 
 
 
 
 
 
 
 
 
 speed of motor (in rpm)=   
 
    963.88443  
 
grepthis#Electric_Machines_-_I_M._Verma_And_V._Ahuja_695/CH2/EX2.22/Ex2_22.sce #
 
 
 
 
 
 
 
 
 
 
 
 
 
 
 
 
 
 
 
 speed of motor (in rpm)=   
 
    381.  
 
grepthis#Electric_Machines_-_I_M._Verma_And_V._Ahuja_695/CH2/EX2.23/Ex2_23.sce #
 
 
 
 
 
 
 
 
 
 
 
 
 
 
 V_b  =
 
    2.  
 
 
 
 
 (a) Total torque (in Newton-meter)=   
 
    135.21804  
 
 
 
 (b) Useful torque (in Newton-meter)=   
 
    95.492966  
 
 
 
 (c) Useful flux per pole (in Weber)=   
 
    0.0126429  
 
 
 
 
 (d) Rotational losses (in Watts)=   
 
    4160.  
 
 
 
 
 (e) Efficiency (in %)=   
 
    65.57377  
 
grepthis#Electric_Machines_-_I_M._Verma_And_V._Ahuja_695/CH2/EX2.24/Ex2_24.sce #
 
 
 
 
 
 
 
 
 
 
 
 
 
 
 Speed (in rpm)=   
 
    679.  
 
 
 
 
 Percentage change in torque=   
 
    43.75  
 
grepthis#Electric_Machines_-_I_M._Verma_And_V._Ahuja_695/CH2/EX2.25/Ex2_25.sce #
 
 
 
 
 
 
 
 
 
 
 
 
 
 
 Speed (in rpm)=   
 
    1147.  
 
grepthis#Electric_Machines_-_I_M._Verma_And_V._Ahuja_695/CH2/EX2.26/Ex2_26.sce #
 
 
 
 
 
 
 
 
 
 
 
 
 
 
 Speed (in rpm)=   
 
    828.  
 
grepthis#Electric_Machines_-_I_M._Verma_And_V._Ahuja_695/CH2/EX2.27/Ex2_27.sce #
 
 
 
 
 
 
 
 
 
 
 
 
 
 
 
 
 
 
 
 (a) Speed at half load(in rpm)=   
 
    1865.  
 
 
 
 
 
 
 (b) Speed at 125% load(in rpm)=   
 
    1767.  
 
grepthis#Electric_Machines_-_I_M._Verma_And_V._Ahuja_695/CH2/EX2.28/Ex2_28.sce #
 
 
 
 
 
 
 
 
 
 
 
 
 
 
 Additional resistance(in ohms)=   
 
    3.815  
 
grepthis#Electric_Machines_-_I_M._Verma_And_V._Ahuja_695/CH2/EX2.29/Ex2_29.sce #
 
 
 
 
 
 
 
 
 
 
 
 
 (a) Additional resistance at starting (in ohms)=   
 
    5.7  
 
 
 
 
 
 (b) Additional resistance at 1000 rpm (in ohms)=   
 
    1.9  
 
grepthis#Electric_Machines_-_I_M._Verma_And_V._Ahuja_695/CH2/EX2.30/Ex2_30.sce #
 
 
 
 
 
 
 
 
 
 
 
 
 
 
 
 
 (a) Speed at full load (in rpm)=   
 
    535.53719  
 
 
 
 
 
 (b) Speed at double full load (in rpm)=   
 
    244.6281  
 
 
 
 
 (c) stalling torque is (times full load torque) =   
 
    2.8409091  
 
grepthis#Electric_Machines_-_I_M._Verma_And_V._Ahuja_695/CH2/EX2.31/Ex2_31.sce #
 
 
 
 
 
 
 
 
 
 
 
 
 
 
 
 the resistance to be inserted in series (in ohms)=   
 
    4.42  
 
grepthis#Electric_Machines_-_I_M._Verma_And_V._Ahuja_695/CH2/EX2.32/Ex2_32.sce #
 
 
 
 
 
 
 
 
 
 
 
 
 
 the resistance to be inserted in series (in ohms)=   
 
    6.4548251  
 
grepthis#Electric_Machines_-_I_M._Verma_And_V._Ahuja_695/CH2/EX2.33/Ex2_33.sce #
 
 
 
 
 
 
 
 
 
 
 
 
 
 
 
 
 (a) Output (in watts)=   
 
    7929.6  
 
 
   Efficiency (in %)=   
 
    79.296  
 
 
 
 
 
 
 
 (b) Output (in watts)=   
 
    46041.6  
 
 
   Efficiency (in %)=   
 
    92.0832  
 
grepthis#Electric_Machines_-_I_M._Verma_And_V._Ahuja_695/CH2/EX2.34/Ex2_34.sce #
 
 
 
 
 
 
 
 
 
 
 
 
 
 
 
 
 
 
 
 (a)no load speed (in rpm)=   
 
    338.92857  
 
 
 
 
 
 (b)Full load speed (in rpm)=   
 
    327.69679  
 
 
 
 (c)Speed Regulation (in %)=   
 
    3.4274911  
 
grepthis#Electric_Machines_-_I_M._Verma_And_V._Ahuja_695/CH2/EX2.35/Ex2_35.sce #
 
 
 
 
 
 
 
 
 
 
 
 
 
 
 
 
 
 
 
 
 (a)no load speed (in rpm) =   
 
    722.23273  
 
 
 
 
 
 
 
 (b)Percentage reduction in flux per pole (in %)=   
 
    21.295859  
 
grepthis#Electric_Machines_-_I_M._Verma_And_V._Ahuja_695/CH2/EX2.36/Ex2_36.sce #
 
 
 
 
 
 
 
 
 
 
 
 
 
 
 
 
 
 
 (a)Full load speed (in rpm) =   
 
    943.51464  
 
 
 
 (b)Speed regulation (in %) =   
 
    5.6485356  
 
 
 
 
 (c)HP rating (in HP)=   
 
    16.25067  
 
 
 
 
 (d)Efficiency (in %)=   
 
    84.1875  
 
grepthis#Electric_Machines_-_I_M._Verma_And_V._Ahuja_695/CH2/EX2.37/Ex2_37.sce #
 
 
 
 
 
 
 
 
 
 
 
 
 
 
 
 
 
 
 (a)speed (in rpm) =   
 
    864.  
 
 
 
 
 (b)Torque (in N-m)=   
 
    61.12  
 
 
 
 
 
 (c)Efficiency (in %)=   
 
    78.826667  
 
grepthis#Electric_Machines_-_I_M._Verma_And_V._Ahuja_695/CH2/EX2.38/Ex2_38.sce #
 
 
 
 
 
 
 
 
 
 
 
 
 
 
 
 
 
 
 P_m  =
 
    12880.  
 
 
 
 
 
 Power input (in watts)=   
 
    13709.965  
 
 
 
 Efficiency (in %)=   
 
    87.527579  
 
grepthis#Electric_Machines_-_I_M._Verma_And_V._Ahuja_695/CH2/EX2.39/Ex2_39.sce #
 
 
 
 
 
 
 
 
 
 
 
 
 
 
 
 
 
 
 
 
 
 (a)Efficiency (in %)=   
 
    68.430556  
 
 I_a  =
 
    44.542115  
 
 
 (b)Armature current (in Amperes)=   
 
    44.542115  
 
 
 
 
 
 
 
 (c)Max Efficiency (in %)=   
 
    79.974009  
 
grepthis#Electric_Machines_-_I_M._Verma_And_V._Ahuja_695/CH2/EX2.40/Ex2_40.sce #
 
 
 
 
 
 
 
 
 
 
 
 
 
 
 
 
 
 (a)Speed at full load (in rpm)=   
 
    975.61487  
 
 
 
 Torque Developed (in N-m)=   
 
    83.107036  
 
 
 
 
 
 (b)Shaft Power (in watts)=   
 
    7712.7245  
 
 
 
 
 (c)Efficiency (in %)=   
 
    81.789231  
 
grepthis#Electric_Machines_-_I_M._Verma_And_V._Ahuja_695/CH2/EX2.41/Ex2_41.sce #
 
 
 
 
 
 
 
 
 
 
 
 
 
 
 
 
 
 (a)Value of external resistance when the load torque is independent of speed ( 
      in ohms)=                                                                 
 
    0.975  
 
 
 
 
 (b)Value of external resistance when the load torque is proportional to speed  
      (in ohms)=                                                                
 
    1.0833333  
 
 
 
 
 (a)Value of external resistance when the load torque is independent of speed ( 
      in ohms)=                                                                 
 
    1.2037037  
 
grepthis#Electric_Machines_-_I_M._Verma_And_V._Ahuja_695/CH2/EX2.43/Ex2_43.sce #
 
 
 
 
 
 
 
 
 
 
 
 
 
 
 
 
 
 Efficiency of the motor (in %)=   
 
    84.645365  
 
grepthis#Electric_Machines_-_I_M._Verma_And_V._Ahuja_695/CH2/EX2.44/Ex2_44.sce #
 
 
 
 
 
 
 
 
 
 V_drop  =
 
    41.904762  
 
 
 Armature voltage drop (in volts)=   
 
    41.904762  
 
grepthis#Electric_Machines_-_I_M._Verma_And_V._Ahuja_695/CH2/EX2.45/Ex2_45.sce #
 
 
 
 
 
 
 
 
 
 
 
 
 
 
 No Load Speed (in RPM)=   
 
    944.9  
 
grepthis#Electric_Machines_-_I_M._Verma_And_V._Ahuja_695/CH2/EX2.46/Ex2_46.sce #
 
 
 
 
 
 
 
 
 
 
 
 
 
 
 
 
 
 
 percentage reduction in feild flux (%)=   
 
    22.355777  
 
 
 
 
 Value of additional resistance (in ohms)=   
 
    31.671841  
 
grepthis#Electric_Machines_-_I_M._Verma_And_V._Ahuja_695/CH2/EX2.47/Ex2_47.sce #
 
 
 
 
 
 
 
 
 
 
 
 
 New Speed is=    
 
    64.318975  
 
 
 percent of original speed   
 
grepthis#Electric_Machines_-_I_M._Verma_And_V._Ahuja_695/CH3/EX3.1/Ex3_1.sce #
 
 
 
 
 
 
 
 
 
 
 
 
 
 (a)Number of turns in primary winding=   
 
    353.  
 
 
 
 Number of turns in secondary winding=   
 
    35.  
 
 
 (b)Emf per turn (in Volts)=   
 
    14.164306  
 
grepthis#Electric_Machines_-_I_M._Verma_And_V._Ahuja_695/CH3/EX3.2/Ex3_2.sce #
 
 
 
 
 
 
 
 
 
 
 
 
 (a)Number of turns in primary winding=   
 
    600.  
 
 
 
 Number of turns in secondary winding=   
 
    400.  
 
 
 
 (b)Cross section area of the core (in m^2)=   
 
    0.0035393  
 
grepthis#Electric_Machines_-_I_M._Verma_And_V._Ahuja_695/CH3/EX3.3/Ex3_3.sce #
 
 
 
 
 
 
 
 
 
 
 
 Number of turns in primary winding=   
 
    2880.  
 
 
 
 Number of turns in secondary winding=   
 
    288.  
 
grepthis#Electric_Machines_-_I_M._Verma_And_V._Ahuja_695/CH3/EX3.4/Ex3_4.sce #
 
 
 
 
 
 
 
 
 
 
 
 
 (a)Secondary Voltage (in volts)=   
 
    500.  
 
 
 
 (b)Primary current (in amperes)=   
 
    20.  
 
 
 
    Secondary current (in amperes)=   
 
    100.  
 
 
 
 (c)Max value of flux (in Wb)=   
 
    0.0225225  
 
grepthis#Electric_Machines_-_I_M._Verma_And_V._Ahuja_695/CH3/EX3.5/Ex3_5.sce #
 
 
 
 
 
 
 
 
 
 
 
 (a)No load power factor=   
 
    0.4545455  
 
 
 
 (b)Iron loss component of current (in amperes)=   
 
    0.0181818  
 
 
 
 (c)Magnetising component of current (in amperes)   
 
    0.0356289  
 
grepthis#Electric_Machines_-_I_M._Verma_And_V._Ahuja_695/CH3/EX3.6/Ex3_6.sce #
 
 
 
 
 
 
 
 
 
 
 
 
 
 (a)No load input power (in watts)=   
 
    110.  
 
 
 
 (b)No load power factor=   
 
    0.3846154  
 
 
 
    Magnetising component of current (in amperes)   
 
    1.2  
 
grepthis#Electric_Machines_-_I_M._Verma_And_V._Ahuja_695/CH3/EX3.7/Ex3_7.sce #
 
 
 
 
 
 
 
 
 
 
 
 
 
 
 
 
 
 
 (a)Equivalent resistance reffered to high voltage side (in ohms)=   
 
    4.3  
 
 
    Equivalent reactance reffered to high voltage side (in ohms)=   
 
    9.  
 
 
    Equivalent impedance reffered to high voltage side (in ohms)=   
 
    9.9744674  
 
 
 
 
 
 (b)Equivalent resistance reffered to low voltage side (in ohms)=   
 
    0.043  
 
 
    Equivalent reactance reffered to low voltage side (in ohms)=   
 
    0.09  
 
 
    Equivalent impedance reffered to low voltage side (in ohms)=   
 
    0.0997447  
 
 
 
 
 
 (c)Total copper loss of transformer (in watts)=   
 
    430.  
 
grepthis#Electric_Machines_-_I_M._Verma_And_V._Ahuja_695/CH3/EX3.8/Ex3_8.sce #
 
 
 
 
 
 
 
 
 
 
 
 
 
 I_w (in Amperes)=   
 
    0.225  
 
 
 
 Magnetising current I_m (in Amperes)=   
 
    0.9743588  
 
 
 
 R_o (in ohms)=   
 
    1777.7778  
 
 
 
 Magnetizing reactance X_o (in ohms)=   
 
    410.5264  
 
 
 
 
 
 
 
 Effective resistance reffered to primary side (in ohms)=   
 
    1.  
 
 
 
 Effective reactance reffered to primary side (in ohms)=   
 
    1.7320508  
 
grepthis#Electric_Machines_-_I_M._Verma_And_V._Ahuja_695/CH3/EX3.9/Ex3_9.sce #
 
 
 
 
 
 
 
 
 
 
 
 
 
 
 
 
 
 
 Readings of transformer for OC test   
 
 
 Voltage Reading (in volts)=   
 
    460.  
 
 
 Current Reading (in Amperes)=   
 
    1.9714026  
 
 
 Power output reading (in watts)=   
 
    325.53846  
 
 
 
 
 
 
 
 
 Readings of transformer for SC test   
 
 
 Voltage Reading (in volts)=   
 
    11.000601  
 
 
 Current Reading (in Amperes)=   
 
    8.6956522  
 
 
 Power output reading (in watts)=   
 
    60.491493  
 
grepthis#Electric_Machines_-_I_M._Verma_And_V._Ahuja_695/CH3/EX3.10/Ex3_10.sce #
 
 
 
 
 
 
 
 
 
 
 
 
 
 
 
 
 
 
 
 
 
 
 
 
 
 R_O (in ohms)=   
 
    1285.7143  
 
 
 X_O Magnetising reactance (in ohms)=   
 
    392.04616  
 
 
 Equivalent Resistance reffered to LV Side (in ohms)=   
 
    0.15625  
 
 
 Equivalent Reactance reffered to LV Side (in ohms)   
 
    0.3862603  
 
 
 Secondary Terminal Voltage (in volts)=   
 
    579.24807  
 
grepthis#Electric_Machines_-_I_M._Verma_And_V._Ahuja_695/CH3/EX3.11/Ex3_11.sce #
 
 
 
 
 
 
 
 
 
 
 
 
 
 
 
 
 
 
 
 
 
 
 
 
 
 
 
 
 
 
 R_O (in ohms)=   
 
    500.  
 
 
 X_O Magnetising reactance (in ohms)=   
 
    288.67513  
 
 
 Equivalent Resistance reffered to LV Side (in ohms)=   
 
    0.225  
 
 
 Equivalent Reactance reffered to LV Side (in ohms)   
 
    0.5830952  
 
 
 Efficiency (in %)=   
 
    95.816033  
 
grepthis#Electric_Machines_-_I_M._Verma_And_V._Ahuja_695/CH3/EX3.12/Ex3_12.sce #
 
 
 
 
 
 
 
 
 
 
 
 
 
 
 
 
 
 
 
 
 
 
 
 
 
 (a)Efficiency (in %)=   
 
    95.770494  
 
 
 
 
 (b)Load KVA at which max efficiency occurs=   
 
    7.4065608  
 
 
 
    Max Efficiency (in %)=   
 
    97.055593  
 
 
 
 
 (c)Voltage Regulation (in %)=   
 
  - 0.4738276  
 
grepthis#Electric_Machines_-_I_M._Verma_And_V._Ahuja_695/CH3/EX3.13/Ex3_13.sce #
 
 
 
 
 
 
 
 
 
 
 
 
 
 
 Eff_a  =
 
    0.9999621  
 
 
 KVA Rating of transformer with additive polarity (in KVA)=   
 
    1320.  
 
 
 Efficiency of auto transformer with additive polarity (in %)=   
 
    99.996214  
 
 
 
 
 
 Eff_s  =
 
    0.9999537  
 
 
 KVA Rating of transformer with subtractive polarity (in KVA)=   
 
    1080.  
 
 
 Efficiency of auto transformer with subtractive polarity (in %)=   
 
    99.995372  
 
grepthis#Electric_Machines_-_I_M._Verma_And_V._Ahuja_695/CH3/EX3.14/Ex3_14.sce #
 
 
 
 
 
 
 
 
 
 
 
 
 
 
 
 
 
 
 
 
 
 
 
 
 R_O (in ohms)=   
 
    533.33333  
 
 
 X_O Magnetising reactance (in ohms)=   
 
    283.01966  
 
 
 Equivalent Resistance reffered to LV Side (in ohms)=   
 
    0.225  
 
 
 Equivalent Reactance reffered to LV Side (in ohms)   
 
    0.4465143  
 
 
 Voltage Regulation at full load (in %)=   
 
    4.4790857  
 
 
 
 
 
 
 
 Efficiency at full load (in %)=   
 
    94.878431  
 
 
 
 
 Efficiency at half load (in %)=   
 
    94.132399  
 
grepthis#Electric_Machines_-_I_M._Verma_And_V._Ahuja_695/CH3/EX3.15/Ex3_15.sce #
 
 
 
 
 
 
 
 
 
 
 
 
 
 
 
 
 
 
 
 
 
 
 
 
 
 R_O (in ohms)=   
 
    781.25  
 
 
 X_O Magnetising reactance (in ohms)=   
 
    216.16077  
 
 
 Equivalent Resistance reffered to LV Side (in ohms)=   
 
    0.2375  
 
 
 Equivalent Reactance reffered to LV Side (in ohms)   
 
    0.5781166  
 
 
 Voltage Regulation at full load (in %)=   
 
    5.1539514  
 
 
 Voltage Regulation at half load (in %)=   
 
    2.5769757  
 
 
 
 
 
 
 
 Efficiency at full load (in %)=   
 
    95.454365  
 
 
 
 
 Efficiency at half load (in %)=   
 
    95.343247  
 
grepthis#Electric_Machines_-_I_M._Verma_And_V._Ahuja_695/CH3/EX3.16/Ex3_16.sce #
 
 
 
 
 
 
 
 
 
 
 
 
 
 
 
 (a)Efficiency of transformer at full load and at unity power factor (in %)=   
 
    98.741052  
 
 
 (b)Efficiency of transformer at full load and at 0.8 power factor (in %)=   
 
    98.431252  
 
 
 
 
 (a)Efficiency of transformer at 75% of load and at unity power factor (in %)=  
 
    98.781692  
 
 
 (b)Efficiency of transformer at 75% of load and at 0.8 power factor (in %)=   
 
    98.48174  
 
grepthis#Electric_Machines_-_I_M._Verma_And_V._Ahuja_695/CH3/EX3.17/Ex3_17.sce #
 
 
 
 
 
 
 
 
 
 
 (a)Max efficiency will occur at   
 
    70.710678  
 
 
 Percent of full load   
 
 
 
 
 Maximum Efficiency (in %)=   
 
    96.585198  
 
 
 
 
 (b)Core Loss (in watts)=   
 
    314.58636  
 
 
    Copper Loss (in watts)=   
 
    435.41364  
 
grepthis#Electric_Machines_-_I_M._Verma_And_V._Ahuja_695/CH3/EX3.18/Ex3_18.sce #
 
 
 
 
 
 
 
 
 
 
 
 
 The secondary current at which max efficiency will occur (in Amperes)=   
 
    115.47005  
 
 
 
 
 
 Max efficiency at 0.8pf lagging(in %)=   
 
    97.467714  
 
grepthis#Electric_Machines_-_I_M._Verma_And_V._Ahuja_695/CH3/EX3.19/Ex3_19.sce #
 
 
 
 
 
 
 
 
 
 
 
 
 (a)Iron Loss (in watts)=   
 
    1666.5667  
 
 
 (b)Copper Loss at full load (in watts)=   
 
    3333.3333  
 
 
 
 (c)Load KVA at which maximum efficiency occurs (in KVA)=   
 
    106.06284  
 
 
 
 (d)maximum efficiency of transformer at 0.8pf lagging(in %)=   
 
    96.220226  
 
grepthis#Electric_Machines_-_I_M._Verma_And_V._Ahuja_695/CH3/EX3.22/Ex3_22.sce #
 
 
 
 
 
 
 
 
 
 
 
 
 
 (a)Efficiency at full load and at unity power factor (in %)=   
 
    97.88567  
 
 
 
 
 
 
 (b)Efficiency at half load and at 0.8 power factor (in %)=   
 
    96.946195  
 
 
 
 
 
 
 (c) Efficiency at 75 percent of load and 0.7 power factor(in %)=   
 
    96.979773  
 
 
 
 (d)load KVA at which maximum efficiency will occcur (in KVA)=   
 
    89.442719  
 
 
 
 (e)maximum efficiency at 0.85 power factor(in %)=   
 
    97.536766  
 
grepthis#Electric_Machines_-_I_M._Verma_And_V._Ahuja_695/CH3/EX3.23/Ex3_23.sce #
 
 
 
 
 
 
 
 
 
 
 
 
 
 
 
 
 
 
 Copper loss (in watts)=   
 
    950.96481  
 
 
 Core loss (in watts)=   
 
    267.03519  
 
 
 Load current (in amperes)=   
 
    4.8173627  
 
grepthis#Electric_Machines_-_I_M._Verma_And_V._Ahuja_695/CH3/EX3.24/Ex3_24.sce #
 
 
 
 
 
 
 
 
 
 
 
 
 Efficiency of transformer at 75 percent of full load(in %)=   
 
    90.502793  
 
 
 
 
 Maximum efficiency (in %)=   
 
    90.517679  
 
grepthis#Electric_Machines_-_I_M._Verma_And_V._Ahuja_695/CH3/EX3.25/Ex3_25.sce #
 
 
 
 
 
 
 
 
 
 
 
 Efficiency of transformer at full load (in %)=   
 
    97.560976  
 
 
 
 Efficiency of transformer at half load (in %)=   
 
    96.899225  
 
grepthis#Electric_Machines_-_I_M._Verma_And_V._Ahuja_695/CH3/EX3.26/Ex3_26.sce #
 
 
 
 
 
 
 
 
 
 
 
 
 
 
 
 
 
 Voltage Regulation (in %)=   
 
    3.7531882  
 
grepthis#Electric_Machines_-_I_M._Verma_And_V._Ahuja_695/CH3/EX3.27/Ex3_27.sce #
 
 
 
 
 
 
 
 
 
 
 
 
 
 
 
 
 
 
 
 Percentage Resistance drop (in %)=   
 
    0.9090909  
 
 
 
 Percentage Reactance drop (in %)=   
 
    4.0909091  
 
 
 
 
 Max Efficiency will occur at   
 
    98.107084  
 
 
 percent of full load   
 
grepthis#Electric_Machines_-_I_M._Verma_And_V._Ahuja_695/CH3/EX3.28/Ex3_28.sce #
 
 
 
 
 
 
 
 
 
 
 
 
 
 
 
 
 Voltage Regulation (in %)=   
 
    7.520562  
 
grepthis#Electric_Machines_-_I_M._Verma_And_V._Ahuja_695/CH3/EX3.29/Ex3_29.sce #
 
 
 
 
 
 
 
 
 
 
 Iron loss (in watts)=   
 
    350.  
 
 
 Copper Loss (in watts)=   
 
    350.  
 
 
 
 Maximum Efficiency (in %)=   
 
    97.276265  
 
grepthis#Electric_Machines_-_I_M._Verma_And_V._Ahuja_695/CH3/EX3.30/Ex3_30.sce #
 
 
 
 
 
 
 
 
 
 
 
 
 
 
 
 
 Efficiency (in %)=   
 
    92.966398  
 
 
 
 
 
 
 Voltage Regulation (in %)=   
 
    8.6235105  
 
grepthis#Electric_Machines_-_I_M._Verma_And_V._Ahuja_695/CH4/EX4.1/Ex4_1.sce #
 
 
 
 
 
 
 
 
 
 
 
 
 Value of line currents (in Amperes)=   
 
    276.73797  
 
grepthis#Electric_Machines_-_I_M._Verma_And_V._Ahuja_695/CH4/EX4.2/Ex4_2.sce #
 
 
 
 
 
 
 
 
 
 
 
 
 
 
 
 
 Value of line current (in Amperes)=   
 
    312.70654  
 
grepthis#Electric_Machines_-_I_M._Verma_And_V._Ahuja_695/CH4/EX4.3/Ex4_3.sce #
 
 
 
 
 
 
 
 
 
 
 
 
 
 
 
 (a)Efficiency at full load and 0.85pf (in %)=   
 
    95.673584  
 
 
 
 
 
 
 (b)Efficiency at 75 percent of full load and unity pf(in %)=   
 
    95.837077  
 
 
 
 
 
 (c)max efficieny at unity pf(in %)=   
 
    97.087379  
 
grepthis#Electric_Machines_-_I_M._Verma_And_V._Ahuja_695/CH4/EX4.4/Ex4_4.sce #
 
 
 
 
 
 
 
 
 
 
 
 
 
 For Star-Delta Configruation   
 
 
 Line voltage (in volts)=   
 
    190.52559  
 
 
 Line current (in amperes)=   
 
    173.20508  
 
 
 Output (in watts)=   
 
    57157.677  
 
 
 
 
 
 
 For Delta-Star Configruation   
 
 
 Line voltage (in volts)=   
 
    571.57677  
 
 
 Line current (in amperes)=   
 
    57.735027  
 
 
 Output (in watts)=   
 
    57157.677  
 
grepthis#Electric_Machines_-_I_M._Verma_And_V._Ahuja_695/CH4/EX4.5/Ex4_5.sce #
 
 
 
 
 
 
 
 
 
 
 
 
 
 
 
 
 
 
 
 Efficiency (in %)=   
 
    93.285109  
 
grepthis#Electric_Machines_-_I_M._Verma_And_V._Ahuja_695/CH4/EX4.6/Ex4_6.sce #
 
 
 
 
 
 
 
 
 
 
 
 
 
 
 
 
 % Resistance drop (in %)=   
 
    2.000091  
 
 
 % Reactance drop (in %)=   
 
    4.0817635  
 
 
 
 Voltage regulation (in %)=   
 
    4.0491309  
 
 
 
 
 
 
 Efficiency (in %)=   
 
    95.61753  
 
grepthis#Electric_Machines_-_I_M._Verma_And_V._Ahuja_695/CH4/EX4.7/Ex4_7.sce #
 
 
 
 
 
 
 
 
 (a)KVA Load supplied by each transformer (in KVA)=   
 
    28.867513  
 
 
 
 (b)Percent of rated load (in %)=   
 
    1.1547005  
 
 
 
 (c)Total KVA rating (in KVA)=   
 
    43.3  
 
 
 
 (d)Ratio=   
 
    0.5773333  
 
 
 
 
 (e)Increase in load (in %)=   
 
    173.20508  
 
grepthis#Electric_Machines_-_I_M._Verma_And_V._Ahuja_695/CH4/EX4.8/Ex4_8.sce #
 
 
 
 
 
 
 
 
 
 
 
 
 
 (a)Currents in sections Oa,Ob and Oc (in amperes)=   
 
    131.21597  
 
 
  Currents in sections Aa,Bb and Cc (in amperes)=   
 
    524.86388  
 
 
 
 (b)Power transformed by transformer action (in Kw)=   
 
    80.  
 
 
 
 (c)Power Conducted directly(in Kw)=   
 
    320.  
 
