Total number of .sce files(without counting DEPENDENCIES directory): 131

grepthis#Electronic_Circuits_P._Raja_2093/CH1/EX1.10/exa_1_10.sce #
 
 
 
 
 
 
 
 
 
 
 Output voltage when only 2V voltage source is acting in volt   
 
 
 
    8.  
 
 
 Output voltage due to 3V voltage source in volt   
 
 
 
    12.  
 
 
 
 Total output voltage in volts   
 
    20.  
 
 
grepthis#Electronic_Circuits_P._Raja_2093/CH1/EX1.11/exa_1_11.sce #
 
 
 
 
 
 
 
 
 
 
 
 
 Closed loop voltage gain corresponding to Ri(min) is    
 
 
 
  - 50.  
 
 
 and d loop voltage gain corresponding to Ri(max) is    
 
 
 
  - 25.  
 
 
 Thus the d loop gain of the circuit can be adjusted at any value between -25 t 
      o -50 with the help of variable resistor.                                 
 
 
grepthis#Electronic_Circuits_P._Raja_2093/CH1/EX1.12/exa_1_12.sce #
 
 
 
 
 
 
 
 
 
 
 
 
 
 
 
 Output voltage ranges from -1V to -5V   
 
 
grepthis#Electronic_Circuits_P._Raja_2093/CH1/EX1.13/exa_1_13.sce #
 
 
 
 
 
 
 
 
 
 
 
 
 
 The value of R1 in kohm   
 
    50.  
 
 
 R2  =
 
    50.  
 
 
 The value of R2 in kohm   
 
    50.  
 
 
 
 
grepthis#Electronic_Circuits_P._Raja_2093/CH1/EX1.14/exa_1_14.sce #
 
 
 
 
 
 
 
 
 
 
 
 
 
 
 
 
 
 
 Output voltage in mV   
 
    45.8  
 
 
 
 
 
 
 
 Output voltage in mV   
 
    40.0058  
 
 
grepthis#Electronic_Circuits_P._Raja_2093/CH1/EX1.15/exa_1_15.sce #
 
 
 
 
 
 
 
 
 
 
 
 
 
 
 
 
 
 Output voltage in volts is :    
 
    1.7899566  
 
 
grepthis#Electronic_Circuits_P._Raja_2093/CH1/EX1.16/exa_1_16.sce #
 
 
 
 
 
 
 
 
 
 
 
 
 
 
 Output voltage is -0.5 sin (1000 t)-0.33 sin(3000 t)   
 
 
 
grepthis#Electronic_Circuits_P._Raja_2093/CH1/EX1.17/exa_1_17.sce #
 
 
 
 
 
 
 
 
 
 
 
 
 
 Output voltage in volts is :    
 
  - 2.5  
 
 
grepthis#Electronic_Circuits_P._Raja_2093/CH1/EX1.18/exa_1_18.sce #
 
 
 
 
 
 
 
 
 
 
 Output voltage result in volts is :    
 
  - 9.3  
 
 
 
 
 
 
 
 Input voltage in mV to result in an output of 2.4 Volt is   
 
    77.419355  
 
 
grepthis#Electronic_Circuits_P._Raja_2093/CH1/EX1.19/exa_1_19.sce #
 
 
 
 
 
 
 
 
 
 
 
 
 
 
 Output voltage in volts is :    
 
  - 3.4  
 
 
grepthis#Electronic_Circuits_P._Raja_2093/CH1/EX1.1/exa_1_1.sce #
 
 
 
 
 
 
 
 
 
 
 
 The value of Rf in kohm is    
 
    220.  
 
 
grepthis#Electronic_Circuits_P._Raja_2093/CH1/EX1.20/exa_1_20.sce #
 
 
 
 
 
 
 
 
 
 
 
 Output voltage in volts is :    
 
  - 7.5  
 
 
grepthis#Electronic_Circuits_P._Raja_2093/CH1/EX1.22/exa_1_22.sce #
 
 
 
 
 
 
 
 
 
 
 
 
 
 
 
 
 The value of Rf in kÎ© is :    
 
    10.  
 
 
 The value of R1 in kÎ© is :    
 
    10.  
 
 
 The value of R2 in kÎ© is :    
 
    2.  
 
 
grepthis#Electronic_Circuits_P._Raja_2093/CH1/EX1.24/exa_1_24.sce #
 
 
 
 
 
 
 
 
 
 
 
 
 
 
 
 
 
 
 
 
 
 
 
 Total voltage is 6 v1 + 4 v2   
 
 
grepthis#Electronic_Circuits_P._Raja_2093/CH1/EX1.25/exa_1_25.sce #
 
 
 
 
 
 
 
 
 
 
 
 
 
 
 
 
 
 
 
 
 
 
 
 
 
 
 Total voltage is 6 v1 + 4 v2 -9 v3   
 
 
grepthis#Electronic_Circuits_P._Raja_2093/CH1/EX1.26/exa_1_26.sce #
 
 
 
 
 
 
 
 
 
 
 
 
 
 
 
 
 
 
 
 
 
 
 
 
 
 
 
 
 
 The value of f_t1 in Hz is :    
 
    10000000.  
 
 
 The value of f_b2 in Hz is :    
 
    1.  
 
 
 The value of Ao3 is :    
 
    100000.  
 
 
 The value of Ao4 is :    
 
    10000000.  
 
 
 The value of f_t5 in Hz is :    
 
    2000000.  
 
 
grepthis#Electronic_Circuits_P._Raja_2093/CH1/EX1.27/exa_1_27.sce #
 
 
 
 
 
 
 
 
 
 
 
 
 
 
 
 
 The value of Ao is :    
 
    19952.623  
 
 
 The value of fb in Hz is :    
 
    501.19353  
 
 
 The value of ft in MHz is :    
 
    10.  
 
 
grepthis#Electronic_Circuits_P._Raja_2093/CH1/EX1.28/exa_1_28.sce #
 
 
 
 
 
 
 
 
 
 
 
 
 3-dB frequency of the d loop amplifier in kHz is :    
 
    47.619048  
 
 
 
 
 
 Gain in v/v is :    
 
    19.900744  
 
 
 
 
 
grepthis#Electronic_Circuits_P._Raja_2093/CH1/EX1.2/exa_1_2.sce #
 
 
 
 
 
 
 
 
 
 
 
 
 The output voltage in volt is :    
 
  - 0.25  
 
 
grepthis#Electronic_Circuits_P._Raja_2093/CH1/EX1.3/exa_1_3.sce #
 
 
 
 
 
 
 
 
 
 
 
 
 Value of R1 in kohm is :    
 
    100.  
 
 
 and value of R2 in Mohm is :    
 
    1.  
 
 
grepthis#Electronic_Circuits_P._Raja_2093/CH1/EX1.4/exa_1_4.sce #
 
 
 
 
 
 
 
 
 
 
 Output voltage for noninverting amplifier in volt   
 
    12.  
 
 
grepthis#Electronic_Circuits_P._Raja_2093/CH1/EX1.5/exa_1_5.sce #
 
 
 
 
 
 
 
 
 
 
 
 
 
 
 
 
 
 
 
 
 (a) Output voltage in volt is :    
 
  - 7.  
 
 
 
 
 
 
 
 
 
 
 
 
 
 
 (b) Output voltage in volt is :    
 
    3.  
 
 
grepthis#Electronic_Circuits_P._Raja_2093/CH1/EX1.6/exa_1_6.sce #
 
 
 
 
 
 
 Minimum d loop voltage gain for R2=0 and R1= 2 kohm   
 
 
 
 
 Av_min  =
 
    1.  
 
 
    1.  
 
 
 
 Maximum d loop voltage gain for maximum value of R2=100 kohm and R1= 2 kohm   
 
 
 
 Av_max  =
 
    51.  
 
 
    51.  
 
 
grepthis#Electronic_Circuits_P._Raja_2093/CH1/EX1.7/exa_1_7.sce #
 
 
 
 
 
 
 
 
 
 
 
 
 
 
 
 
 
 
 Output voltage in volt is :    
 
    2.537125  
 
 
 
 
grepthis#Electronic_Circuits_P._Raja_2093/CH1/EX1.8/exa_1_8.sce #
 
 
 
 
 
 
 
 
 
 
 Voltage gain is :    
 
  - 1.  
 
 
grepthis#Electronic_Circuits_P._Raja_2093/CH7/EX1.b/exa_1_b.sce #
 
 
 
 
 
 
 
 
 
 
 
 
 The value of V1 in volts is :    
 
    1.  
 
 
 The value of V01 in volts is :    
 
  - 5.  
 
 
 Only 2 V source then the circuit acts as non-inverting amplifier   
 
 
grepthis#Electronic_Circuits_P._Raja_2093/CH2/EX2.10/exa_2_10.sce #
 
 
 
 
 
 
 
 
 
 
 
 
 
 
 
 
 
 
 
 
 
 
 
 
 
 The value of R_D in kÎ© is :    
 
    10.  
 
 
 The value of R_S in kÎ© is :    
 
    10.  
 
 
 The value of V_OV in volts is :    
 
    1.  
 
 
 The value of V_GS  in volts is :    
 
    2.  
 
 
 The value of R_G2 in MÎ© is :    
 
    7.  
 
 
 
grepthis#Electronic_Circuits_P._Raja_2093/CH2/EX2.11/exa_2_11.sce #
 
 
 
 
 
 
 
 
 
 
 
 
 
 
 
 
 
 
 
 
 
 
 
 
 
 
 The coordinates of operating points are  V_GSQ = 4.4 V and I_DQ= 1.06 mA   
 
 
 
 
 
 
 
 
 
 The input resistance in MÎ© is :    
 
    2.3377721  
 
 
 The largest allowable input signal vi is determined by the need to keep the MO 
      SFET in saturation at all times                                           
 
 
                                  V_DS >= V_GS- vt   
 
 
 By enforcing this condition with equality at the point V_GS is maximum and V_D 
      S is correspondingly minimum                                              
 
 
                                  V_DSmin= V_GSmax -Vt   
 
 
                                  V_DS-|Av| vi = V_GS + vi -Vt   
 
 
                                  4.4 - 3.3 vi = 4.4 + vi -1.5   
 
 
 which results in vi= 0.34V   
 
 
grepthis#Electronic_Circuits_P._Raja_2093/CH2/EX2.12/exa_2_12.sce #
 
 
 
 
 
 
 
 
 
 
 
 
 
 
 
 
 
 
 
 
 The largest value that R_D can have while maintaining saturation-region operat 
      ion in kÎ© is :                                                           
 
    8.  
 
 
grepthis#Electronic_Circuits_P._Raja_2093/CH2/EX2.14/exa_2_14.sce #
 
 
 
 
 
 
 
 
 
 
 
 
 
 
 
 To Optain rDS= 200, The value of V_GS should be (in volt)   
 
    3.5  
 
 
 
 
 
 
 For V_GS= 1.5 V , the value of r_DS2 in Î© is :    
 
    500.  
 
 
 
 
 For V_GS= 3.5 V , the value of r_DS2 in Î© is :    
 
    100.  
 
 
grepthis#Electronic_Circuits_P._Raja_2093/CH2/EX2.15/exa_2_15.sce #
 
 
 
 
 
 
 
 
 
 
 
 
 
 
 Required V_GS in volts is :    
 
    3.  
 
 
 The minimum required V_DS in volts is :    
 
    2.  
 
 
 
 
 
 
 Required V_GS in volts is :    
 
    5.  
 
 
 The minimum required V_DS in volts is :    
 
    4.  
 
 
grepthis#Electronic_Circuits_P._Raja_2093/CH2/EX2.16/exa_2_16.sce #
 
 
 
 
 
 
 
 
 
 
 
 
 
 
 
 
 
 
 The value of R_D in kÎ© is :    
 
    5.  
 
 
 
 
 
 
 The resistance in kÎ© is    
 
    3.  
 
 
 
 
grepthis#Electronic_Circuits_P._Raja_2093/CH2/EX2.17/exa_2_17.sce #
 
 
 
 
 
 
 
 
 
 
 
 
 
 
 The value required for R in kÎ© is :    
 
    30.434783  
 
 
 W  =
 
    0.6336088  
 
 
 The value required for W in Âµm is :    
 
    0.6336088  
 
 
 
 
grepthis#Electronic_Circuits_P._Raja_2093/CH2/EX2.18/exa_2_18.sce #
 
 
 
 
 
 
 
 
 
 
 
 
 
 
 
 
 
 
 
 
 The value of W1 in Âµm is :    
 
    8.  
 
 
 
 
 
 The value of W2 in Âµm is :    
 
    2.  
 
 
 
 Resistance in kÎ©   
 
    12.5  
 
 
grepthis#Electronic_Circuits_P._Raja_2093/CH2/EX2.19/exa_2_19.sce #
 
 
 
 
 
 
 
 
 
 
 
 
 
 
 
 
 
 
 
 
 
 
 
 
 
 
 
 
 
 
 
 
 
 
 
 
 
 
 
 The value of V1 in volts is :    
 
  - 2.1414214  
 
 
 The value of V2 in volts is :    
 
    2.  
 
 
 The value of V3 in volts is :    
 
  - 4.  
 
 
 The value of V4 in volts is :    
 
    3.4142136  
 
 
 The value of V5 in volts is :    
 
  - 5.  
 
 
grepthis#Electronic_Circuits_P._Raja_2093/CH2/EX2.1/exa_2_1.sce #
 
 
 
 
 
 
 
 
 
 
 
 
 
 
 At V_D = 0.5 , the device is in triode region   
 
 
 
 
 
 
 
 At V_D = 0.9 , the device is in saturation region   
 
 
 
 
 
 
 
 At V_D = 3 , the device is in saturation region   
 
 
 
 
grepthis#Electronic_Circuits_P._Raja_2093/CH2/EX2.20/exa_2_20.sce #
 
 
 
 
 
 
 
 
 
 
 
 
 
 
 
 
 
 
 
 
 
 
 I3  =
 
    0.0000046  
 
 
 The value of V2 in volt is :    
 
    1.5  
 
 
 The value of I1 in ÂµAis :    
 
    7.5  
 
 
 The value of V4 in volt is :    
 
    1.3874259  
 
 
 The value of I3 in ÂµAis :    
 
    4.563  
 
 
grepthis#Electronic_Circuits_P._Raja_2093/CH2/EX2.22/exa_2_22.sce #
 
 
 
 
 
 
 
 
 
 
 
 
 
 
 
 
 
 
 
 
 The voltage gain in V/V is :    
 
  - 8.2644628  
 
 
 
 
 
 
 
 
 
 
 The new value of V_GS in volts is :    
 
    2.4556349  
 
 
 
 
 
 The new value of gm2 in mA/V is :    
 
    1.2856487  
 
 
 
 
 
 
 The new value of ro in kÎ©/V is :    
 
    50.  
 
 
 
 
 
 The new value of voltage gain in V/V is :    
 
  - 7.5757576  
 
 
 
 
 
 
 
 
 
 
 
 
 
grepthis#Electronic_Circuits_P._Raja_2093/CH2/EX2.23/exa_2_23.sce #
 
 
 
 
 
 
 
 
 
 
 
 
 
 
 
 
 Mid band gain in V/V is :    
 
  - 1.4285714  
 
 
 
 
 The value of Cs in ÂµF is :    
 
    18.568077  
 
 
grepthis#Electronic_Circuits_P._Raja_2093/CH2/EX2.24/exa_2_24.sce #
 
 
 
 
 
 
 
 
 
 
 
 
 
 
 
 
 
 
 
 
 
 
 
 
 
 The Mid-band gain in V/V is :   
 
  - 7.6595745  
 
 
 
 
 
 Frequency in kHz is :    
 
    369.41186  
 
 
grepthis#Electronic_Circuits_P._Raja_2093/CH2/EX2.2/exa_2_2.sce #
 
 
 
 
 
 
 
 
 
 
 
 
 
 
 
 
 The device is in triode region. SO the drain current in the triode region in Â 
      µA is :                                                                   
 
    275.  
 
 
 
 I_D  =
 
    0.00032  
 
 The device is in saturation region. So  drain current in the saturation region 
       in ÂµA is :                                                              
 
    320.  
 
 
 
 
 
 
grepthis#Electronic_Circuits_P._Raja_2093/CH1/EX2.3/exa_2_3.sce #
 
 
 
 
 
 
 
 
 
 
 
 
 
 
 
 
 
 
 
 For V_DS= 3V and V_GS= 1.5 V, The value of I_D in ÂµA is :    
 
    256.  
 
 
 
 
 
 For V_GS = 3.2 V, Drain to source resistance in Î© is :    
 
    500.  
 
 
grepthis#Electronic_Circuits_P._Raja_2093/CH2/EX2.4/exa_2_4.sce #
 
 
 
 
 
 
 
 
 
 
 
 
 
 
 
 
 
 
 
 The value of V_GS in volt is :    
 
    1.2  
 
 
 
 
 R_S  =
 
    3250.  
 
 
 The value of R_S in kÎ© is :    
 
    3.25  
 
 
 
 
 The value of R_D in kÎ© is :    
 
    5.  
 
 
grepthis#Electronic_Circuits_P._Raja_2093/CH2/EX2.5/exa_2_5.sce #
 
 
 
 
 
 
 
 
 
 
 
 
 
 
 
 
 
 
 
 
 
 
 
 The value of R in kÎ© is :    
 
    25.  
 
 
grepthis#Electronic_Circuits_P._Raja_2093/CH2/EX2.6/exa_2_6.sce #
 
 
 
 
 
 
 
 
 
 
 
 
 
 
 
 
 
 
 
 
 
 
 The value of R in kÎ© is :    
 
    15.  
 
 
grepthis#Electronic_Circuits_P._Raja_2093/CH2/EX2.7/exa_2_7.sce #
 
 
 
 
 
 
 
 
 
 
 
 
 
 
 
 
 The required value of R_D in kÎ© is :    
 
    12.405063  
 
 
grepthis#Electronic_Circuits_P._Raja_2093/CH2/EX2.8/exa_2_8.sce #
 
 
 
 
 
 
 
 
 
 
 
 
 
 
 
 
 
 
 
 
 
 
 
 
 
 
 
 
 
 The value of I_D in mA is :    
 
    0.5  
 
 
 The value of V_S in volt is :    
 
    3.  
 
 
 The value of V_GS in volt is :    
 
    2.  
 
 
 The value of V_D in volt is :    
 
    7.  
 
 
 Since V_D > V_G - Vt , the transistor is operating in saturation , as initiall 
      y assumed                                                                 
 
 
 
 
grepthis#Electronic_Circuits_P._Raja_2093/CH2/EX2.9/exa_2_9.sce #
 
 
 
 
 
 
 
 
 
 
 
 
 
 
 
 
 
 
 
 
 The value of V_GS in volt is :    
 
    2.  
 
 
 The value of I_D in mA is :    
 
    0.1  
 
 
 The value of V_DS in volt is :    
 
    3.  
 
 
 Since V_DS = 3V > V_DS(sat) = V_GS-Vtn = 2 - 1V, the transistor is indeed bias 
      ed in the saturation region                                               
 
 
 
 
grepthis#Electronic_Circuits_P._Raja_2093/CH7/EX2.a/exa_2_a.sce #
 
 
 
 
 
 
 
 
 
 
 
 
 
 
 The value of I_D in mA is :    
 
    10.  
 
 
 The value of V_D in volts is :    
 
    2.  
 
 
grepthis#Electronic_Circuits_P._Raja_2093/CH7/EX2.c/exa_2_c.sce #
 
 
 
 
 
 
 
 
 
 
 
 
 
 The value of r_DS in Î© is :    
 
    6.6666667  
 
 
grepthis#Electronic_Circuits_P._Raja_2093/CH3/EX3.10/exa_3_10.sce #
 
 
 
 
 
 
 
 
 
 
 
 
 
 
 
 
 
 
 
 
 
 
 
 
 
 Voltage gain in V/V is :    
 
  - 3.  
 
 
grepthis#Electronic_Circuits_P._Raja_2093/CH3/EX3.11/exa_3_11.sce #
 
 
 
 
 
 
 
 
 
 
 
 
 
 
 
 
 
 
 The value of I_C in mA is :    
 
    0.9900990  
 
 
 
 The value of V_C in volts is :    
 
    5.3465347  
 
 
 
 The value of I_B in mA is :    
 
    0.0099010  
 
 
grepthis#Electronic_Circuits_P._Raja_2093/CH3/EX3.12/exa_3_12.sce #
 
 
 
 
 
 
 
 
 
 
 
 
 
 
 
 
 
 
 The value of I_B in mA is :    
 
    0.043  
 
 
 The value of I_C in mA is :    
 
    4.3  
 
 
 The value of V_C in volts is :    
 
    1.4  
 
 
 The value of I_E in mAis :    
 
    4.3  
 
 
grepthis#Electronic_Circuits_P._Raja_2093/CH3/EX3.13/exa_3_13.sce #
 
 
 
 
 
 
 
 
 
 
 
 
 
 
 
 
 
 
 
 
 
 
 
 
 I_E  =
 
    0.001175  
 
 
 
 
 The value of V_B in volts is :    
 
    3.125  
 
 
 The value of V_E in volts is :    
 
    3.825  
 
 
 The value of V_C in volts is :    
 
    3.625  
 
 
 The value of I_E in mA is :    
 
    1.175  
 
 
 The value of I_C in mA is :    
 
    0.8625  
 
 
 The value of I_B in mA is :    
 
    0.3125  
 
 
grepthis#Electronic_Circuits_P._Raja_2093/CH3/EX3.14/exa_3_14.sce #
 
 
 
 
 
 
 
 
 
 
 
 
 
 
 
 
 
 
 
 The value of IC(sat) in mA is :    
 
    3.2666667  
 
 
 
 
 
 Actual base current in ÂµA is :    
 
    84.  
 
 
grepthis#Electronic_Circuits_P._Raja_2093/CH3/EX3.16/exa_3_16.sce #
 
 
 
 
 
 
 
 
 
 
 At alpha=0.5, the value of bita is :    
 
    1.  
 
 
 
 
 
 At alpha=0.9, the value of bita is :    
 
    9.  
 
 
 
 
 
 At alpha=0.999, the value of bita is :    
 
    999.  
 
 
grepthis#Electronic_Circuits_P._Raja_2093/CH3/EX3.17/exa_3_17.sce #
 
 
 
 
 
 
 
 
 
 
 At bita=1, the value of alpha is :    
 
    0.5  
 
 
 
 
 
 At bita=2, the value of alpha is :    
 
    0.6666667  
 
 
 
 
 
 At bita=100, the value of alpha is :    
 
    0.9900990  
 
 
 
 
 
 At bita=200, the value of alpha is :    
 
    0.9950249  
 
 
grepthis#Electronic_Circuits_P._Raja_2093/CH3/EX3.18/exa_3_18.sce #
 
 
 
 
 
 
 
 
 
 
 
 The value of I_S in amp is :    
 
    6.273D-16  
 
 
 
 I_C  =
 
    0.0009072  
 
 
 For VBE = 0.7 V , The value of I_C in mA is :    
 
    0.9071795  
 
 
 
 
 
 
 
 For I_C = 10 ÂµA, The value of VBE in V is :    
 
    0.5873061  
 
 
grepthis#Electronic_Circuits_P._Raja_2093/CH3/EX3.19/exa_3_19.sce #
 
 
 
 
 
 
 
 
 
 
 
 
 
 
 
 
 
 The value of alpha is :    
 
    0.9900990  
 
 
 The value of bita is :    
 
    100.  
 
 
 The value of Is/alpha in A is :   
 
    6.984D-15  
 
 
 The value of Is/bita in A is :    
 
    6.914D-17  
 
 
grepthis#Electronic_Circuits_P._Raja_2093/CH3/EX3.1/exa_3_1.sce #
 
 
 
 
 
 
 
 
 
 
 
 
 
 
 
 Emitter current in mA is :    
 
    0.93  
 
 
 
 
 Base current in ÂµA is :    
 
    18.235294  
 
 
 
 Collector current in mA is :    
 
    0.9117647  
 
 
 
 The value of V_C in volts is :   
 
    5.4411765  
 
 
grepthis#Electronic_Circuits_P._Raja_2093/CH3/EX3.20/exa_3_20.sce #
 
 
 
 
 
 
 
 
 
 
 
 
 
 The value of I1 in mA is :    
 
    1.  
 
 
 
 
 
 
 
 
 
 
 
 
 The value of V2 in volt is :    
 
  - 2.  
 
 
 
 
 
 
 
 
 
 
 The value of V4 in volt is :    
 
    1.  
 
 
 The value of I3 in mA is :    
 
    1.  
 
 
 
 
 
 
 
 
 
 
 
 
 The value of V6 in volt is :    
 
  - 4.475  
 
 
 
 The value of I5 in mA is :    
 
    0.965  
 
 
 
 
grepthis#Electronic_Circuits_P._Raja_2093/CH3/EX3.21/exa_3_21.sce #
 
 
 
 
 
 
 
 
 
 
 
 
 
 
 
 
 Part (a)   
 
 
 Collector current in mA is :    
 
    2.  
 
 
 Base current in ÂµA is :    
 
    21.5  
 
 
 The value of bita is :    
 
    93.023256  
 
 
 
 
 
 
 
 
 
 
 
 
 
 
 Part (b)   
 
 
 Collector current in mA is :    
 
  - 0.09  
 
 
 Base current in mA is :    
 
    0.1  
 
 
 The value of bita is :    
 
    0.9  
 
 
 
 
 
 
 
 
 
 
 
 
 
 
 
 
 
 
 Part (c)   
 
 
 Emitter current in mA is :    
 
    3.  
 
 
 Base current in ÂµA is :    
 
    33.  
 
 
 Collector voltage in volts is :    
 
    3.  
 
 
 The value of bita is :    
 
    89.909091  
 
 
 
 
 
grepthis#Electronic_Circuits_P._Raja_2093/CH3/EX3.22/exa_3_22.sce #
 
 
 
 
 
 
 
 
 
 
 
 
 
 
 
 
 
 
 
 
 
 Part (a)   
 
 
 The value of V_B in V is :    
 
    0.  
 
 
 The value of V_E in V is :    
 
  - 0.7  
 
 
 The value of I_E in mA is :    
 
    1.0454545  
 
 
 The value of V_C in V is :    
 
    0.7  
 
 
 The value of I_B in mA is :    
 
    0.0348485  
 
 
 
 
 
 
 
 
 
 
 
 
 
 
 
 Part (b)   
 
 
 The value of V_B in V is :    
 
    3.  
 
 
 The value of V_E in V is :    
 
    3.7  
 
 
 The value of I_E in mA is :    
 
    4.6627566  
 
 
 The value of V_C in V is :    
 
    2.6111437  
 
 
 The value of I_B in mA is :    
 
    0.1554252  
 
 
 
grepthis#Electronic_Circuits_P._Raja_2093/CH3/EX3.23/exa_3_23.sce #
 
 
 
 
 
 
 
 
 
 
 
 
 
 
 
 
 The value of V_E in volt is :    
 
  - 2.2  
 
 
 
 
 
 The value of alpha in volt is :    
 
    0.7794118  
 
 
 The value of bita in volt is :    
 
    3.5333333  
 
 
 
 The value of V_C in volt is :    
 
    3.7  
 
 
 
 
 
 
 
 When Bita =  infinite then :-   
 
 
 The value of V_B in volt is :    
 
    0.  
 
 
 The value of V_E in volt is :    
 
  - 2.2  
 
 
 The value of V_C in volt is :    
 
    2.2  
 
 
grepthis#Electronic_Circuits_P._Raja_2093/CH3/EX3.24/exa_3_24.sce #
 
 
 
 
 
 
 
 
 
 
 
 
 
 
 
 The value of I_C2 in ÂµA is :    
 
    3.3546263  
 
 
grepthis#Electronic_Circuits_P._Raja_2093/CH3/EX3.25/exa_3_25.sce #
 
 
 
 
 
 
 
 
 
 
 
 
 
 
 
 
 
 
 
 The value of vo/vi in V/V is :    
 
    100.  
 
 
grepthis#Electronic_Circuits_P._Raja_2093/CH3/EX3.27/exa_3_27.sce #
 
 
 
 
 
 
 
 
 
 
 
 
 
 
 
 At V_B= +2 V   
 
 
 The value of V_E in volts is :    
 
    1.3  
 
 
 The value of V_C in volts is :    
 
    3.7  
 
 
 
 
 
 
 
 
 At V_B= 0 V   
 
 
 The value of V_E in volts is :    
 
    0.  
 
 
 The value of V_C in volts is :    
 
    5.  
 
 
grepthis#Electronic_Circuits_P._Raja_2093/CH3/EX3.28/exa_3_28.sce #
 
 
 
 
 
 
 
 
 
 
 
 
 
 
 
 Part (i)   
 
 
 The value of V_E in volt is :    
 
  - 0.7  
 
 
 The value of V_C in volt is :    
 
    4.7  
 
 
 
 
 
 
 
 
 
 
 
 Part (ii)    
 
 
 The value of V_E in volts is :    
 
    2.1  
 
 
 The value of V_B in volts is :    
 
    2.8  
 
 
 The value of V_C in volts is :    
 
    2.3  
 
 
 
 
 
 
grepthis#Electronic_Circuits_P._Raja_2093/CH3/EX3.29/exa_3_29.sce #
 
 
 
 
 
 
 
 
 
 
 
 
 
 
 
 
 
 
 
 
 The value of V_B in volts is :    
 
    0.3  
 
 
 The value of I_B in mA is :    
 
    0.015  
 
 
 The value of I_E in mA is :    
 
    0.8  
 
 
 The value of I_C in mA is :    
 
    0.785  
 
 
 The value of V_C in volts is :    
 
  - 1.075  
 
 
 The value of bita is :    
 
    52.333333  
 
 
 The value of alpha is :    
 
    0.98125  
 
 
grepthis#Electronic_Circuits_P._Raja_2093/CH3/EX3.2/exa_3_2.sce #
 
 
 
 
 
 
 
 
 
 
 
 
 
 
 
 
 
 
 
 
 Value of alpha is :    
 
    0.9939759  
 
 
 
 Value of bita is :    
 
    165.  
 
 
 
 Collector voltage in volts is :    
 
  - 1.75  
 
 
 
 
grepthis#Electronic_Circuits_P._Raja_2093/CH3/EX3.30/exa_3_30.sce #
 
 
 
 
 
 
 
 
 
 
 
 
 
 dc voltage at the collector in volt is :    
 
    1.25  
 
 
 
 The value of gm in mA/V is :    
 
    20.  
 
 
 
 
 
 The value of vc/vi in V/V is :    
 
    150.  
 
 
grepthis#Electronic_Circuits_P._Raja_2093/CH3/EX3.31/exa_3_31.sce #
 
 
 
 
 
 
 
 
 
 
 
 
 
 Input resistance in Î© is :    
 
    100.  
 
 
 
 
 
 The value of vo/vsig in V/V is :    
 
    49.5  
 
 
grepthis#Electronic_Circuits_P._Raja_2093/CH3/EX3.32/exa_3_32.sce #
 
 
 
 
 
 
 
 
 
 
 
 
 
 
 
 
 
 
 
 V_B  =
 
    1.0024876  
 
 
 
 
 
 The value of Rib in Î© is :    
 
    502.5  
 
 
 
 The value of Rin in Î© is :    
 
    478.45751  
 
 
 
 
 
 
 Overall voltage gain in V/V is :    
 
  - 12.880374  
 
 
 
 
 
 
 The value of v_sig in mV is :    
 
    31.055  
 
 
 The value of v_be in mV is :    
 
    10.05  
 
 
 
 
 
 
 
 
grepthis#Electronic_Circuits_P._Raja_2093/CH3/EX3.33/exa_3_33.sce #
 
 
 
 
 
 
 
 
 Part (a)   
 
 
 
 
 
 
 
 
 
 
 
 
 
 The value of bita is :    
 
    20.  
 
 
 The value of alpha is :    
 
    0.9523810  
 
 
 The value of I_E in mA is :    
 
    1.05  
 
 
 The value of I_S in amp is :    
 
    1.032D-15  
 
 
 
 
 Part (b)   
 
 
 
 
 
 
 
 
 
 
 
 
 
 
 The value of bita is :    
 
    14.285714  
 
 
 The value of alpha is :    
 
    0.9345794  
 
 
 The value of I_B in ÂµA is :    
 
    70.  
 
 
 The value of I_S in amp is :    
 
    1.032D-15  
 
 
 
 
 Part (C)   
 
 
 
 
 
 
 
 
 
 
 
 
 
 
 The value of bita is :    
 
    18.571429  
 
 
 The value of alpha is :    
 
    0.9489051  
 
 
 The value of I_C in mA is :    
 
    0.13  
 
 
 The value of I_S in amp is :    
 
    1.092D-14  
 
 
 
 
 Part (d)   
 
 
 
 
 
 
 
 
 
 
 
 
 
 The value of bita is :    
 
    84.166667  
 
 
 The value of alpha is :    
 
    0.9882583  
 
 
 The value of I_E in mA is :    
 
    10.22  
 
 
 The value of I_S in amp is :    
 
    2.847D-16  
 
 
 
 
 Part (e)   
 
 
 
 
 
 
 
 
 
 
 
 
 
 
 The value of bita is :    
 
    70.428571  
 
 
 The value of alpha is :    
 
    0.986  
 
 
 The value of I_C in mA is :    
 
    73.95  
 
 
 The value of I_S in amp is :    
 
    4.208D-16  
 
 
 
grepthis#Electronic_Circuits_P._Raja_2093/CH3/EX3.3/exa_3_3.sce #
 
 
 
 
 
 
 
 
 
 
 
 
 
 
 
 Collector current in mA is :    
 
    1.  
 
 
 Value of V_BE in volts is :    
 
    0.6907755  
 
 
 
 
 
 
 Voltage gain in V/V is :    
 
  - 272.  
 
 
 
 Change in output voltage in volts is :    
 
    1.36  
 
 
 
 
 
 
 
 
 
 
 The positive increament in V_BE in mV is :    
 
    8.8800818  
 
 
 
 
 
 
 
 The negative increament in V_BE in mV is :    
 
  - 105.48769  
 
 
 
 
 
 
 
 
 
 
grepthis#Electronic_Circuits_P._Raja_2093/CH3/EX3.4/exa_3_4.sce #
 
 
 
 
 
 
 
 
 
 
 
 
 
 
 The value of R_C in kÎ© is :    
 
    1.  
 
 
 The value of I_B in ÂµA is :    
 
    50.  
 
 
 The value of R_B in kÎ© is :    
 
    186.  
 
 
 
 
 
 
 
grepthis#Electronic_Circuits_P._Raja_2093/CH3/EX3.6/exa_3_6.sce #
 
 
 
 
 
 
 
 
 
 
 
 
 
 
 
 
 
 
 
 
 
 
 
 Q- point values for circuit is 1.718018 V and 1.018018 mA   
 
 
 
grepthis#Electronic_Circuits_P._Raja_2093/CH3/EX3.7/exa_3_7.sce #
 
 
 
 
 
 
 
 
 
 
 
 
 
 Base current in ÂµA is :    
 
    50.  
 
 
 
 
 The value of R_C in kÎ© is :    
 
    1.980198  
 
 
 
 
 The value of R_B in kÎ© is :    
 
    86.  
 
 
 
grepthis#Electronic_Circuits_P._Raja_2093/CH3/EX3.8/exa_3_8.sce #
 
 
 
 
 
 
 
 
 
 
 
 
 
 
 The value of R_B in kÎ© is :    
 
    230.  
 
 
grepthis#Electronic_Circuits_P._Raja_2093/CH7/EX3.b/exa_3_b.sce #
 
 
 
 
 
 
 
 
 
 
 
 
 
 
 
 
 
 
 
 The value of R_E in Î© is :   
 
    100.  
 
 
 
 
 The value of R_B in kÎ©   
 
    1.  
 
 
 
 
 
 The value of delta_I_C in mA is :    
 
    8.  
 
 
grepthis#Electronic_Circuits_P._Raja_2093/CH4/EX4.10/exa_4_10.sce #
 
 
 
 
 
 
 
 
 
 
 
 
 
 
 
 
 
 
 
 
 
 
 
 
 
 
 
 
 
 
 
 
 Total offset voltage in mV is :    
 
    3.4641016  
 
 
grepthis#Electronic_Circuits_P._Raja_2093/CH4/EX4.11/exa_4_11.sce #
 
 
 
 
 
 
 
 
 
 
 
 
 
 
 
 
 
 
 
 Value of Gm in mA/V is :    
 
    4.  
 
 
 
 
 
 Value of Ro in kÎ© is :    
 
    25.  
 
 
 
 Value  of Ad in V/V is :   
 
    100.  
 
 
 
 
 
 
 
 
 
 Value of |Acm| in V/V is :    
 
    0.005  
 
 
 
 CMRR in dB is :   
 
    86.  
 
 
grepthis#Electronic_Circuits_P._Raja_2093/CH4/EX4.12/exa_4_12.sce #
 
 
 
 
 
 
 
 
 
 
 
 
 
 
 The value of Gm in mA/V   
 
    16.  
 
 
 
 
 
 The value of Ro in kÎ© is :   
 
    125.  
 
 
 
 Value  of Ad in V/V is :   
 
    2000.  
 
 
 
 
 The value of Rid in kÎ© is :   
 
    20.  
 
 
 
grepthis#Electronic_Circuits_P._Raja_2093/CH4/EX4.13/exa_4_13.sce #
 
 
 
 
 
 
 
 
 
 
 
 
 
 
 
 
 
 
 
 
 The value of V_OV in volts is :    
 
  - 0.4472136  
 
 
 
 The value of V_GS in volts is :    
 
  - 1.2472136  
 
 
 
 
 
 The value of V_S in volts is :    
 
    1.2472136  
 
 
 
 
 The value of v_D1 in V is :    
 
  - 1.8  
 
 
 The value of v_D2 in V is :    
 
  - 1.8  
 
 
 
 
 
 
 The value of V_CMmin in volt is :    
 
  - 2.6  
 
 
 The value of V_CMmax in volt is :    
 
    0.7527864  
 
 
grepthis#Electronic_Circuits_P._Raja_2093/CH4/EX4.14/exa_4_14.sce #
 
 
 
 
 
 
 
 
 
 
 
 
 
 
 Bias current in mA is :    
 
    0.2  
 
 
 
 
 
 W/L ratio is :    
 
    55.555556  
 
 
grepthis#Electronic_Circuits_P._Raja_2093/CH4/EX4.15/exa_4_15.sce #
 
 
 
 
 
 
 
 
 
 
 
 
 
 
 
 The value of V_OV in V is :    
 
    0.2  
 
 
 
 The value of gm in mA/V is    
 
    2.5  
 
 
 
 
 The value of ro in kÎ© is :    
 
    40.  
 
 
 
 The value of Ad in V/V is :    
 
    9.0909091  
 
 
grepthis#Electronic_Circuits_P._Raja_2093/CH4/EX4.16/exa_4_16.sce #
 
 
 
 
 
 
 
 
 
 
 
 
 
 
 
 
 
 
 
 
 
 Emitters voltage in volts is :    
 
    0.3  
 
 
 
 
 Output voltage is 2 V and 5 V   
 
 
grepthis#Electronic_Circuits_P._Raja_2093/CH4/EX4.1/exa_4_1.sce #
 
 
 
 
 
 
 
 
 
 
 
 
 
 
 
 
 Value of i_C1 in mA is :    
 
    0.5  
 
 
 
 
 
 
 
 For V_cm =0 , The alue of V_CE1 in volt is    
 
    5.7  
 
 
 
 
 
 
 
 
 
 For V_cm =-5V , The alue of V_CE1 in volt is    
 
    10.7  
 
 
 
 
 
 
 
 
 For V_cm =5V , The alue of V_CE1 in volt is    
 
    0.7  
 
 
grepthis#Electronic_Circuits_P._Raja_2093/CH4/EX4.2/exa_4_2.sce #
 
 
 
 
 
 
 
 
 
 
 
 
 
 
 
 
 
 Part (a)   
 
 
 
 
 Value of V_OV in volt is :    
 
    0.3162278  
 
 
 Value of V_GS in volt is :    
 
    0.8162278  
 
 
 
 
 Part (b)   
 
 
 
 
 Value of V_S in volt is :   
 
  - 0.8162278  
 
 
 
 
 Value of i_D1 in mA is :   
 
    0.2  
 
 
 
 
 
 Value of V_D1 in volt is    
 
    1.  
 
 
 Value of V_D2 in volt is    
 
    1.  
 
 
 
 
 
 Part (c)   
 
 
 
 
 
 
 Value of V_S in volt is :   
 
    0.18  
 
 
 
 Value of i_D1 in mA is :   
 
    0.2  
 
 
 
 
 
 Value of V_D1 in volt is    
 
    1.  
 
 
 Value of V_D2 in volt is    
 
    1.  
 
 
 
 
 Part (d)   
 
 V_CM_max  =
 
    1.5  
 
 
 Highest value of V_CM in volt is :   
 
    1.5  
 
 
 
 
 
 Part (e)   
 
 
 
 Lowest value of V_CM in volt is   
 
  - 0.2837722  
 
 
 
 Lowest value of V_S in volt is   
 
  - 1.1037722  
 
 
 
grepthis#Electronic_Circuits_P._Raja_2093/CH4/EX4.3/exa_4_3.sce #
 
 
 
 
 
 
 
 
 
 
 
 
 
 
 
 
 
 
 
 Vov (in V)            0.2           0.3           0.4   
 
 
 W/L                     50           22.2           12.5   
 
 
 gm(in mA/V)        2           1.33               1   
 
 
grepthis#Electronic_Circuits_P._Raja_2093/CH4/EX4.4/exa_4_4.sce #
 
 
 
 
 
 
 
 
 
 
 
 
 
 
 
 
 
 
 The value of V_OV in volts is :    
 
    0.2  
 
 
 
 The value of gm in mA/V is :    
 
    4.  
 
 
 
 The value of r_o in kÎ© is :    
 
    50.  
 
 
 
 
 Differential gain in V/V is :    
 
    18.1818182  
 
 
 
 
grepthis#Electronic_Circuits_P._Raja_2093/CH4/EX4.5/exa_4_5.sce #
 
 
 
 
 
 
 
 
 
 
 
 
 
 
 
 
 
 
 
 
 
 
 Differential gain in V/V is :    
 
    5.  
 
 
 
 Common mode gain in V/V is    
 
  - 0.1  
 
 
 
 
 Common mode rejection ratio in dB is :    
 
    34.  
 
 
 
 
 
 Part (b) when output is taken differentially   
 
 
 
 Differential gain in V/V is :    
 
    10.  
 
 
 
 Common mode gain in V/V is    
 
    0.  
 
 
 
 Common mode rejection ratio in dB is :    
 
 
 infinite   
 
 
 
 
 Part (c) when output is taken differentially but the drain resistance have a 1 
      % mismatch.                                                               
 
 
 
 Differential gain in V/V is :    
 
    10.  
 
 
 
 
 
 Common mode gain in V/V is    
 
    0.001  
 
 
 
 Common mode rejection ratio in dB is :    
 
    80.  
 
 
 
 
 
 
 
 
grepthis#Electronic_Circuits_P._Raja_2093/CH4/EX4.6/exa_4_6.sce #
 
 
 
 
 
 
 
 
 
 
 
 
 
 
 
 
 
 
 
 
 
 
 
 
 
 CMRR in dB is :    
 
    80.  
 
 
grepthis#Electronic_Circuits_P._Raja_2093/CH4/EX4.7/exa_4_7.sce #
 
 
 
 
 
 
 
 
 
 Value of v_E in volts is :    
 
    0.7  
 
 
 
 
 
 
 
 
 
 Value of v_C1 in volts is :    
 
  - 5.  
 
 
 Value of v_C2 in volts is :    
 
  - 0.7  
 
 
grepthis#Electronic_Circuits_P._Raja_2093/CH4/EX4.8/exa_4_8.sce #
 
 
 
 
 
 
 
 
 
 
 
 Input differential signal in mVis :    
 
    115.  
 
 
grepthis#Electronic_Circuits_P._Raja_2093/CH4/EX4.9/exa_4_9.sce #
 
 
 
 
 
 
 
 
 
 
 
 
 
 
 
 
 
 The input differential resistance in kÎ© is :   
 
    40.  
 
 
 
 
 
 
 
 
 
 
 The overall differential voltage gain in V/V is    
 
    40.  
 
 
 
 
 
 
 
 
 Common mode gain in V/V is :   
 
    0.0005  
 
 
 
 
 
 CMRR in dB is :    
 
    98.0618  
 
 
 
 
 
 
 
 
 Input common mode resistance in MÎ© is :    
 
    6.7333333  
 
 
 
 
grepthis#Electronic_Circuits_P._Raja_2093/CH5/EX5.10/exa_5_10.sce #
 
 
 
 
 
 
 
 
 
 
 
 
 Av  =
 
    2.3809524  
 
 
 
 
 
 
 
 
 
 
 
 Value of Av is :    
 
    2.3809524  
 
 
 Value of Bita is :    
 
    1.  
 
 
 Value of Avf is :    
 
    0.7042254  
 
 
 Value of Ri in kohm   
 
    2.1  
 
 
 Value of R_if in kohm is :    
 
    7.1  
 
 
 Value of Rof is :    
 
 
 infinite   
 
 
grepthis#Electronic_Circuits_P._Raja_2093/CH5/EX5.11/exa_5_11.sce #
 
 
 
 
 
 
 
 
 
 
 
 
 
 
 
 
 
 
 
 Value of Av is :    
 
    5.5813953  
 
 
 Value of D is    
 
    6.5813953  
 
 
 Value of Avf is :    
 
    0.8480565  
 
 
 Value of R_if is    
 
 
 infinite   
 
 
 Value of Rof in ohm is :    
 
    6077.7385  
 
 
grepthis#Electronic_Circuits_P._Raja_2093/CH5/EX5.12/exa_5_12.sce #
 
 
 
 
 
 
 
 
 
 
 
 
 
 
 
 
 
 
 Value of Gm is :    
 
  - 0.025  
 
 
 
 Value of Bita is :    
 
  - 1000.  
 
 
 
 Value of D is :    
 
    26.  
 
 
 
 Value of Gmf is :    
 
  - 0.0009615  
 
 
 
 
 
 Value of Rif in kohm is :    
 
    78.  
 
 
 
 Value of R_of is    
 
 
 infinite   
 
 
 
grepthis#Electronic_Circuits_P._Raja_2093/CH5/EX5.19/exa_5_19.sce #
 
 
 
 
 
 
 
 
 
 
 
 
 
 
 
 
 
 Percentage change in Af is :    
 
  - 9.0081893  
 
 
grepthis#Electronic_Circuits_P._Raja_2093/CH5/EX5.1/exa_5_1.sce #
 
 
 
 
 
 
 
 
 
 
 Percentage of output which is feedback to the input in % is     
 
    1.875  
 
 
grepthis#Electronic_Circuits_P._Raja_2093/CH5/EX5.20/exa_5_20.sce #
 
 
 
 
 
 
 
 
 
 
 
 Closed loop gain is :    
 
    101.  
 
 
 
 Closed loop gain in dB is :    
 
    40.086427  
 
 
 
 Value of Vo in volt is :    
 
    0.9900990  
 
 
 
 Value of Vi in mV is :    
 
    10.  
 
 
 
 
 
 
 Percentage of gain reduction in %   
 
  - 0.1098901  
 
 
grepthis#Electronic_Circuits_P._Raja_2093/CH5/EX5.21/exa_5_21.sce #
 
 
 
 
 
 
 
 
 
 
 
 % error               A                   AÃŸ                   1+AÃŸ   
 
 
 1                    100000              100                    101   
 
 
 
 
 
 
 5                    100000               20                      21   
 
 
 
 
 
 
 50                  100000               2                         3   
 
 
grepthis#Electronic_Circuits_P._Raja_2093/CH5/EX5.22/exa_5_22.sce #
 
 
 
 
 
 
 
 
 
 
 The loop gain AB for which the sensitivity of d loop gain to open loop gain is 
       -20 dB, is :                                                             
 
    9.  
 
 
 
 
 
 
 
 The loop gain AB for which the sensitivity of d loop gain to open loop gain is 
       1/2 ,is :                                                                
 
    1.  
 
 
 
grepthis#Electronic_Circuits_P._Raja_2093/CH5/EX5.23/exa_5_23.sce #
 
 
 
 
 
 
 
 
 
 
 
 Gain densitivity factor is :    
 
    100.  
 
 
 
 
 
 
 When A drops by 10 % then corresponding percentage is    
 
    0.1109878  
 
 
 
 
 
 
 When A drops by 30 % then corresponding percentage is    
 
    0.4267425  
 
 
 
 
 
 
 
 
 
 
 
 
 
grepthis#Electronic_Circuits_P._Raja_2093/CH5/EX5.24/exa_5_24.sce #
 
 
 
 
 
 
 
 
 
 
 
 
 
 
 Low frequency in Hz is :    
 
    10.  
 
 
 High frequency in kHz is :    
 
    1.  
 
 
 
 
grepthis#Electronic_Circuits_P._Raja_2093/CH5/EX5.25/exa_5_25.sce #
 
 
 
 
 
 
 
 
 
 
 
 
 
 Value of A in V/V is :    
 
    2000.  
 
 
 
 Value of Bita in V/V is :    
 
    0.0095  
 
 
 
 
grepthis#Electronic_Circuits_P._Raja_2093/CH5/EX5.26/exa_5_26.sce #
 
 
 
 
 
 
 
 
 
 
 
 
 
 
 Value of A in A/A is :    
 
    2000.  
 
 
 Value of Bita in A/A is :    
 
    0.0095  
 
 
 
 
grepthis#Electronic_Circuits_P._Raja_2093/CH5/EX5.28/exa_5_28.sce #
 
 
 
 
 
 
 
 
 
 
 
 
 
 The gain Af in volt is :    
 
    9.9502488  
 
 
 
 The input resistance in kohm is :    
 
    201.  
 
 
 
 The output resistance in kohm is :    
 
    0.0049751  
 
 
 
 
 
 
grepthis#Electronic_Circuits_P._Raja_2093/CH5/EX5.29/exa_5_29.sce #
 
 
 
 
 
 
 
 
 
 
 
 
 
 
 Value of R2/R1 is :    
 
    9.01001  
 
 
 
 
 
 
 Value of Vo in volt is :    
 
    10.01001  
 
 Vf  =
 
    1.  
 
 
 Value of Vf in volt is :    
 
    1.  
 
 
grepthis#Electronic_Circuits_P._Raja_2093/CH5/EX5.2/exa_5_2.sce #
 
 
 
 
 
 
 
 
 
 
 
 
 
 Value of A is :    
 
    1000.  
 
 
 
 
 
 Value of B is in percent :    
 
    0.9  
 
 
grepthis#Electronic_Circuits_P._Raja_2093/CH5/EX5.3/exa_5_3.sce #
 
 
 
 
 
 
 
 
 
 
 
 
 
 Value of f_LF in Hz is :    
 
    0.9803922  
 
 
 Value of f_LF in MHz is :    
 
    2.55  
 
 
grepthis#Electronic_Circuits_P._Raja_2093/CH5/EX5.4/exa_5_4.sce #
 
 
 
 
 
 
 
 
 
 
 
 
 Value of Bita in percent is    
 
    1.825  
 
 
 Value of Af is :    
 
    53.333333  
 
 
grepthis#Electronic_Circuits_P._Raja_2093/CH5/EX5.5/exa_5_5.sce #
 
 
 
 
 
 
 
 
 
 
 Fraction of the output is    
 
    0.05  
 
 
grepthis#Electronic_Circuits_P._Raja_2093/CH5/EX5.6/exa_5_6.sce #
 
 
 
 
 
 
 
 
 
 
 The vlaue of bita is    
 
    0.01  
 
 
 
 
 
 Av  =
 
    300.  
 
 
 Value of amplifier gain is :    
 
    300.  
 
 
grepthis#Electronic_Circuits_P._Raja_2093/CH5/EX5.7/exa_5_7.sce #
 
 
 
 
 
 
 
 
 
 
 
 
 
 
 Without feedback, percentage of reduction in stage gain in % is :    
 
    20.  
 
 
 
 
 
 
 
 
 With feedback, percentage reduction in stage gain in % is :    
 
    11.111111  
 
 
 
grepthis#Electronic_Circuits_P._Raja_2093/CH5/EX5.8/exa_5_8.sce #
 
 
 
 
 
 
 
 
 
 
 
 
 Closed loop bandwidth in rad/s is :     
 
 
 125663.71 or 2*%pi*20*10^3   
 
 
 So the bandwidth increase form 100 Hz to 20 kHz on the gain decreases form 104 
       to 50                                                                    
 
 
 
grepthis#Electronic_Circuits_P._Raja_2093/CH6/EX6.10/exa_6_10.sce #
 
 
 
 
 
 
 
 
 
 
 
 
 
 Frequency of oscilltions in Hz is :    
 
    2893.7262  
 
 
grepthis#Electronic_Circuits_P._Raja_2093/CH6/EX6.11/exa_6_11.sce #
 
 
 
 
 
 
 
 
 
 
 
 
 
 
 The value of C in pF is :    
 
    9188814.9  
 
 
 
 
grepthis#Electronic_Circuits_P._Raja_2093/CH6/EX6.12/exa_6_12.sce #
 
 
 
 
 
 
 
 
 
 
 
 
 
 
 Frequency of oscillations in MHz is :    
 
    2.5989893  
 
 
 
 
 
 
 Minimum gain to substain oscillations is :    
 
    3.  
 
 
 
grepthis#Electronic_Circuits_P._Raja_2093/CH6/EX6.14/exa_6_14.sce #
 
 
 
 
 
 
 
 
 
 
 
 
 
 
 
 
 
 
 
 Minimum Capacitance in pF is :    
 
    1.8093069  
 
 
 Maximum Capacitance in pF is :    
 
    7.2372274  
 
 
grepthis#Electronic_Circuits_P._Raja_2093/CH6/EX6.1/exa_6_1.sce #
 
 
 
 
 
 
 
 
 
 
 
 Amplifier Should have a minimum gain of 40 to provide oscillation   
 
 
grepthis#Electronic_Circuits_P._Raja_2093/CH6/EX6.2/exa_6_2.sce #
 
 
 
 
 
 
 
 
 
 
 
 
 
 
 
 Frequency of oscilltions in kHz is :    
 
    21.658244  
 
 
grepthis#Electronic_Circuits_P._Raja_2093/CH6/EX6.3/exa_6_3.sce #
 
 
 
 
 
 
 
 
 
 
 
 
 
 
 
 
 
 Value of C in nF is :    
 
    7.9577472  
 
 
 Value of R3 in kohm is :    
 
    20.  
 
 
 Value of R4 in kohm is :    
 
    10.  
 
 
 
grepthis#Electronic_Circuits_P._Raja_2093/CH6/EX6.4/exa_6_4.sce #
 
 
 
 
 
 
 
 
 
 
 
 
 
 Frequency of oscilltions in kHz is :    
 
    3.9788736  
 
 
 
 
grepthis#Electronic_Circuits_P._Raja_2093/CH6/EX6.5/exa_6_5.sce #
 
 
 
 
 
 
 
 
 
 
 
 
 
 
 
 Operating frequency in kHz is :    
 
    528.  
 
 
 
 
 Feedback fraction is :    
 
    0.1  
 
 
 
 
 
 Minimum gain to substain oscillations is :    
 
    10.  
 
 
 
grepthis#Electronic_Circuits_P._Raja_2093/CH6/EX6.6/exa_6_6.sce #
 
 
 
 
 
 
 
 
 
 
 
 
 
 
 Frequency of oscillations in kHz is :    
 
    681.46075  
 
 
grepthis#Electronic_Circuits_P._Raja_2093/CH6/EX6.7/exa_6_7.sce #
 
 
 
 
 
 
 
 
 
 
 Frequency of oscillations in kHz is :    
 
    503.29212  
 
 
 
 
grepthis#Electronic_Circuits_P._Raja_2093/CH6/EX6.8/exa_6_8.sce #
 
 
 
 
 
 
 
 
 
 
 
 
 
 
 
 Series resonant frequency in kHz is :    
 
    629.11515  
 
 
 
 
 parallel resonant frequency in kHz is :    
 
    642.22312  
 
 
 
 
