grepthis#Electronic_Devices_And_Circuits_D._C._Kulshreshtha_2885/CH1/EX1.3/ex1_3.sce #
 
 
 
[2J[0;0H 
 
 
 
 
 
 
 
 
 
 

In accordance to figure 1.23a 
 
The Load current (current source) Il= 1A
 
The Load voltage (current source) Vl= 1V

 
 
 
 
 

In accordance to figure 1.23b 
 
The Load voltage (voltage source) Vl= 1V
 
The Load current (voltage source) Il= 1A

 
Therefore they both provide same voltage and current to load 
 
grepthis#Electronic_Devices_And_Circuits_D._C._Kulshreshtha_2885/CH1/EX1.4/ex1_4.sce #
 
 
 
[2J[0;0H 
 
 
 
 
 
 
 
 
 
 
 
 
 
 
 

In accordance to figure 1.24a 
 
Percentage variation in Current(1-10 Ω) 8.18 percent
 
Percentage variation in Voltage(1-10 Ω) 89.1 percent

 
 
 
 
 
 
 
 
 
 
 
 

In accordance to figure 1.24b 
 
Percentage variation in Current(1-10 Ω) 89 percent 
 
Percentage variation in Voltage(1-10 Ω) 8.2 percent 

 
 
 
 
grepthis#Electronic_Devices_And_Circuits_D._C._Kulshreshtha_2885/CH3/EX3.6/ex3_6.sce #
 
 
[2J[0;0H 
 
 
 
 
 
 
 
 
 
 
 
 
 
Current through 90 ohm resistor is 186 mA 
 
grepthis#Electronic_Devices_And_Circuits_D._C._Kulshreshtha_2885/CH7/EX7.12/ex7_12.sce #
 
 
[2J[0;0H 
 
 
 
 
 
 
 
 
 
 
 
The voltage gain of the FET -4.45 
 
