Total number of .sce files(without counting DEPENDENCIES directory): 124

grepthis#Fluid_Mechanics_A._K._Choudhary_And_Om_Prakash_2132/CH2/EX2.1/Example2_1.sce #
 
 
 
 
 
 
 
 
 
 
 
 
 
 Specific weight of liquid in kN/m^3 :    
 
    8.  
 
 
 
 Mass density of liquid in kg/m^3 :    
 
    815.5  
 
 
 
 Specific gravity :    
 
    0.815  
 
 
grepthis#Fluid_Mechanics_A._K._Choudhary_And_Om_Prakash_2132/CH2/EX2.2/Example2_2.sce #
 
 
 
 
 
 
 
 
 
 
 
 
 
 
 Bulk modulus(N/m^2) :    
 
    4.33D+09  
 
 
grepthis#Fluid_Mechanics_A._K._Choudhary_And_Om_Prakash_2132/CH2/EX2.3/Example2_3.sce #
 
 
 
 
 
 
 
 
 
 
 
 
 
 Increase of pressure in water in kN/m^2   
 
    21000.  
 
 
 
 
 Increase of pressure in air in kN/m^2   
 
    1.4  
 
 
grepthis#Fluid_Mechanics_A._K._Choudhary_And_Om_Prakash_2132/CH2/EX2.4/Example2_4.sce #
 
 
 
 
 
 
 
 
 
 
 
 
 
 Force required in N :    
 
    0.2  
 
 
 
 Power required in W :    
 
    0.04  
 
 
grepthis#Fluid_Mechanics_A._K._Choudhary_And_Om_Prakash_2132/CH2/EX2.5/Example2_5.sce #
 
 
 
 
 
 
 
 
 
 
 
 
 Kinematic viscosity of liquid in m^2/sec :    
 
    4.762D-05  
 
 
grepthis#Fluid_Mechanics_A._K._Choudhary_And_Om_Prakash_2132/CH2/EX2.6/Example2_6.sce #
 
 
 
 
 
 
 
 
 
 
 
 
 
 
 
 
 capillary rise for water glass contact in mm :    
 
    14.88  
 
 
 
 
 
 
 
 capillary rise for mercury glass contact in mm:    
 
  - 4.914  
 
 
grepthis#Fluid_Mechanics_A._K._Choudhary_And_Om_Prakash_2132/CH2/EX2.7/Example2_7.sce #
 
 
 
 
 
 
 
 
 
 
 
 
 
 
 Intensity of pressure in N/m^2 or Pascals :    
 
    50.3  
 
 
grepthis#Fluid_Mechanics_A._K._Choudhary_And_Om_Prakash_2132/CH3/EX3.1/Example3_1.sce #
 
 
 
 
 
 
 
 
 
 
 
 
 Intensity of pressure at the bottom of container in kPa :    
 
    138.78  
 
 
grepthis#Fluid_Mechanics_A._K._Choudhary_And_Om_Prakash_2132/CH3/EX3.2/Example3_2.sce #
 
 
 
 
 
 
 
 
 
 
 
 
 Intensity of pressure exerted by water column in kN/m^2 :    
 
    14.715  
 
 
 
 Intensity of pressure exerted by glycerine column in kN/m^2 :    
 
    18.541  
 
 
 
 Intensity of pressure exerted by mercury column in kN/m^2 :    
 
    200.12  
 
 
grepthis#Fluid_Mechanics_A._K._Choudhary_And_Om_Prakash_2132/CH3/EX3.3/Example3_3.sce #
 
 
 
 
 
 
 
 
 
 
 
 
 Depth of alcohol in meter :    
 
    0.258  
 
 
 
 Pressure head in terms of water in meter :    
 
    0.204  
 
 
 
 Pressure head in terms of mercury in meter :    
 
    0.015  
 
 
grepthis#Fluid_Mechanics_A._K._Choudhary_And_Om_Prakash_2132/CH3/EX3.4/Example3_4.sce #
 
 
 
 
 
 
 
 
 
 
 Pressure head of water in terms of oil in meter :    
 
    8.5714  
 
 
 
 
 
 
 Pressure head of mercury in terms of oil in meter :    
 
    11.539  
 
 
grepthis#Fluid_Mechanics_A._K._Choudhary_And_Om_Prakash_2132/CH3/EX3.5/Example3_5.sce #
 
 
 
 
 
 
 
 
 
 
 
 
 
 Total pressure on the bottom in kN :    
 
    58.86  
 
 
 
 
 Total pressure on long vertical wall in kN :    
 
    14.715  
 
 
 
 
 Total pressure on short vertical wall in kN :    
 
    9.81  
 
 
grepthis#Fluid_Mechanics_A._K._Choudhary_And_Om_Prakash_2132/CH3/EX3.6/Example3_6.sce #
 
 
 
 
 
 
 
 
 
 
 
 
 Pressure at a point 1.5 meter below free surface in kN/m^2 :    
 
    11.772  
 
 
 
 
 Pressure at a point 2 meter below free surface in kN/m^2 :    
 
    15.696  
 
 
 
 
 
 
 
 Pressure at a point 2.5 meter below free surface in kN/m^2 :    
 
    20.601  
 
 
 
 
 
 
 
 
 
 Force on the wall in kN :    
 
    533.66  
 
 
grepthis#Fluid_Mechanics_A._K._Choudhary_And_Om_Prakash_2132/CH3/EX3.7/Example3_7.sce #
 
 
 
 
 
 
 
 
 
 
 
 
 
 
 
 
 
 Force shall act at depth of centre of pressure. This depth in meter is :    
 
    2.25  
 
 
grepthis#Fluid_Mechanics_A._K._Choudhary_And_Om_Prakash_2132/CH3/EX3.8/Example3_8.sce #
 
 
 
 
 
 
 
 
 
 
 
 
 
 
 
 
 Total pressure on the gate in MN :    
 
    11.91  
 
 
 
 
 Position of centre of pressure is 0.004 meter below the centroid of gate.   
 
 
grepthis#Fluid_Mechanics_A._K._Choudhary_And_Om_Prakash_2132/CH3/EX3.9/Example3_9.sce #
 
 
 
 
 
 
 
 
 
 
 
 
 
 
 
 
 
 
 
 
 
 
 
 
 Total pressure in kN :    
 
    104.64  
 
 
 
 
 Depth of centre of pressure is 1.25 meter.   
 
 
grepthis#Fluid_Mechanics_A._K._Choudhary_And_Om_Prakash_2132/CH3/EX3.10/Example3_10.sce #
 
 
 
 
 
 
 
 
 
 
 
 
 
 Total pressure in kN :    
 
    986.2088  
 
 
 
 
 Depth of centre of pressure is 8.125 meter.   
 
 
 
grepthis#Fluid_Mechanics_A._K._Choudhary_And_Om_Prakash_2132/CH3/EX3.11/Example3_11.sce #
 
 
 
 
 
 
 
 
 
 
 
 
 
 Total pressure in MN :    
 
    1.048  
 
 
 
 
 
 
 
 Position of centre of pressure is 8.566 meter.   
 
 
grepthis#Fluid_Mechanics_A._K._Choudhary_And_Om_Prakash_2132/CH3/EX3.12/Example3_12.sce #
 
 
 
 
 
 
 
 
 
 
 
 
 
 
 
 
 
 
 Total pressure in kN :    
 
    223.7  
 
 
 
 
 Depth of centre of pressure is 3.237 meter.   
 
 
grepthis#Fluid_Mechanics_A._K._Choudhary_And_Om_Prakash_2132/CH3/EX3.13/Example3_13.sce #
 
 
 
 
 
 
 
 
 
 
 
 
 
 
 
 
 
 
 
 
 
 Total pressure in kN :    
 
    559.2  
 
 
 
 
 Depth of centre of pressure is 2.783 meter.   
 
 
grepthis#Fluid_Mechanics_A._K._Choudhary_And_Om_Prakash_2132/CH3/EX3.14/Example3_14.sce #
 
 
 
 
 
 
 
 
 
 
 
 
 
 
 
 
 
 
 
 
 
 
 
 
 
 Force in kN :    
 
    209.28  
 
 
 
 Reaction at hinge B in kN :    
 
    202.74  
 
 
 
grepthis#Fluid_Mechanics_A._K._Choudhary_And_Om_Prakash_2132/CH3/EX3.15/Example3_15.sce #
 
 
 
 
 
 
 
 
 
 
 xbar  =
 
    4.  
 
 
 
 
 
 
 
 
 Horizontal Force in kN :    
 
    23.253  
 
 
grepthis#Fluid_Mechanics_A._K._Choudhary_And_Om_Prakash_2132/CH3/EX3.16/Example3_16.sce #
 
 
 
 
 
 
 
 
 
 
 
 
 
 
 Total Pressure in kN :    
 
    206.01  
 
 
 
 
 Position of centre of pressure in meter :    
 
    3.7143  
 
 
grepthis#Fluid_Mechanics_A._K._Choudhary_And_Om_Prakash_2132/CH3/EX3.17/Example3_17.sce #
 
 
 
 
 
 
 
 
 
 
 
 
 
 
 Total Pressure in kN :    
 
    1255.7  
 
 
 
 
 Position of centre of pressure in meter :    
 
    8.1667  
 
 
grepthis#Fluid_Mechanics_A._K._Choudhary_And_Om_Prakash_2132/CH3/EX3.18/Example3_18.sce #
 
 
 
 
 
 
 
 
 
 
 
 
 
 
 
 
 
 
 
 Total Pressure in kN :    
 
    23.837  
 
 
 
 
 Position of centre of pressure in meter :    
 
    1.446  
 
 
grepthis#Fluid_Mechanics_A._K._Choudhary_And_Om_Prakash_2132/CH3/EX3.19/Example3_19.sce #
 
 
 
 
 
 
 
 
 
 
 
 
 
 
 Total Pressure in kN :    
 
    35.316  
 
 
 
 
 Centre of pressure in meter :    
 
    1.5  
 
 
grepthis#Fluid_Mechanics_A._K._Choudhary_And_Om_Prakash_2132/CH3/EX3.20/Example3_20.sce #
 
 
 
 
 
 
 
 
 
 
 
 
 
 
 Total Pressure in kN :    
 
    58.86  
 
 
 
 
 Position of centre of pressure in meter :    
 
    3.1111  
 
 
grepthis#Fluid_Mechanics_A._K._Choudhary_And_Om_Prakash_2132/CH3/EX3.21/Example3_21.sce #
 
 
 
 
 
 
 
 
 
 
 
 
 
 Horizontal component of resulting Pressure in kN :    
 
    235.44  
 
 
 
 Verticalal component of resulting Pressure in kN :    
 
    280.24  
 
 
 
 
 Position of centre of horizontal component of pressure in meter :    
 
    3.1111  
 
 
 
 
 Resultant pressure in kN :    
 
    366.01  
 
 
 
 Direction of resultant pressure in degree :    
 
    49.965  
 
 
grepthis#Fluid_Mechanics_A._K._Choudhary_And_Om_Prakash_2132/CH3/EX3.22/Example3_22.sce #
 
 
 
 
 
 
 
 
 
 
 
 Horizontal component of resultant Pressure in kN :    
 
    58.86  
 
 
 
 Verticalal component of resultant Pressure in kN :    
 
    47.661  
 
 
 
 Resultant pressure in kN :    
 
    75.737  
 
 
 
 Direction of resultant pressure in degree :    
 
    38.998  
 
 
grepthis#Fluid_Mechanics_A._K._Choudhary_And_Om_Prakash_2132/CH3/EX3.23/Example3_23.sce #
 
 
 
 
 
 
 
 
 
 
 
 
 Horizontal component of resultant Pressure in kN :    
 
    156.96  
 
 
 
 Position of horizontal component of pressure is 3.7712 meter below free water surface.   
 
 
 
 Verticalal component of resultant Pressure in kN :    
 
    44.796  
 
 
grepthis#Fluid_Mechanics_A._K._Choudhary_And_Om_Prakash_2132/CH3/EX3.24/Example3_24.sce #
 
 
 
 
 
 
 
 
 
 
 
 
 
 
 
 
 
 Maximum stress in N/m^2 :    
 
    348800.  
 
 
 
 Minimum stress in N/m^2 :    
 
    122080.  
 
 
 
grepthis#Fluid_Mechanics_A._K._Choudhary_And_Om_Prakash_2132/CH4/EX4.1/Example4_1.sce #
 
 
 
 
 
 
 
 
 Gauge units :    
 
 
 Pressure Intensity in kg/m^2 :    
 
    50000.  
 
 
 
 Pressure Intensity in N/m^2 :    
 
    490500.  
 
 
 Pressure Intensity in Pa :    
 
    490500.  
 
 
 Pressure Intensity in kPa :    
 
    490.5  
 
 
 Pressure Intensity in MPa :    
 
    0.4905  
 
 
 In terms of head :    
 
 
 
 
 Pressure is  : 50 meter of water.   
 
 
 
 
 Pressure is  : 3.676471 meter of mercury.   
 
 
 Absolute units :    
 
 
 
 
 
 
 Absolute pressure in kg/m^2 :    
 
    10341.  
 
 
 Absolute pressure in kg/cm^2 :    
 
    1.03D+08  
 
 
 Absolute pressure in N/m^2 :    
 
    1.01D+09  
 
 
 Absolute pressure in Pa :    
 
    1.01D+09  
 
 
 Absolute pressure in kPa :    
 
    1034100.  
 
 
 Absolute pressure in MPa :    
 
    1034.1  
 
 
 
 
 
 Absolute pressure head in terms of water in meter :    
 
    53.67647  
 
 
 
 
 Absolute pressure head in terms of mercury in meter :    
 
    4.436471  
 
 
grepthis#Fluid_Mechanics_A._K._Choudhary_And_Om_Prakash_2132/CH4/EX4.2/Example4_2.sce #
 
 
 
 
 
 
 
 
 
 
 
 Pressure Intensity in Pa :    
 
    490.5  
 
 
 
 
 
 Reading in tube in mm :    
 
    100.  
 
 
grepthis#Fluid_Mechanics_A._K._Choudhary_And_Om_Prakash_2132/CH4/EX4.3/Example4_3.sce #
 
 
 
 
 
 
 
 
 
 
 
 (i) Pressure is 68 meter of water.   
 
 
 
 
 
 (ii) Pressure is 86.076 meter of kerosene.   
 
 
 
 
 
 (iii) Pressure is 40 meter of fluid.   
 
 
grepthis#Fluid_Mechanics_A._K._Choudhary_And_Om_Prakash_2132/CH4/EX4.4/Example4_4.sce #
 
 
 
 
 
 
 
 
 
 
 
 
 
 
 
 Pressure in the pipe in kPa:    
 
    64.838  
 
 
grepthis#Fluid_Mechanics_A._K._Choudhary_And_Om_Prakash_2132/CH4/EX4.5/Example4_5.sce #
 
 
 
 
 
 
 
 
 
 
 
 
 
 Pressure in the pipe in kg/m^2:    
 
    2660.  
 
 
 Pressure in the pipe in Pa:    
 
    26094.6  
 
 
grepthis#Fluid_Mechanics_A._K._Choudhary_And_Om_Prakash_2132/CH4/EX4.6/Example4_6.sce #
 
 
 
 
 
 
 
 
 
 
 
 
 Pressure in the pipe in kg/m^2:    
 
    150.  
 
 
 Pressure in the pipe in Pa:    
 
    1471.5  
 
 
grepthis#Fluid_Mechanics_A._K._Choudhary_And_Om_Prakash_2132/CH4/EX4.7/Example4_7.sce #
 
 
 
 
 
 
 
 
 
 
 
 
 
 
 Pressure intensity of gas in Pa(Vaccum):    
 
    490.5  
 
 
 Absolute pressure in the pipe in Pa:    
 
    100909.5  
 
 
grepthis#Fluid_Mechanics_A._K._Choudhary_And_Om_Prakash_2132/CH4/EX4.8/Example4_8.sce #
 
 
 
 
 
 
 
 
 
 
 
 Difference in pressure head at the points A & B is 1.5875 meter of water   
 
 
 
 
 In terms A pressure entirely, the difference of pressure in N/m^2 :    
 
    15573.38  
 
 
grepthis#Fluid_Mechanics_A._K._Choudhary_And_Om_Prakash_2132/CH4/EX4.9/Example4_9.sce #
 
 
 
 
 
 
 
 
 
 
 
 Difference in pressure head is 1.512 meter of water   
 
 
 
 
 In terms of pressure intensity, the difference of pressure in N/m^2 :    
 
    14832.72  
 
 
grepthis#Fluid_Mechanics_A._K._Choudhary_And_Om_Prakash_2132/CH4/EX4.10/Example4_10.sce #
 
 
 
 
 
 
 
 
 
 
 
 
 
 
 
 Pressure difference between the two vessel in kg/m^2:    
 
    516.5  
 
 
grepthis#Fluid_Mechanics_A._K._Choudhary_And_Om_Prakash_2132/CH4/EX4.11/Example4_11.sce #
 
 
 
 
 
 
 
 
 
 
 
 
 
 
 
 Pressure difference between the two vessel in N/m^2:    
 
    5974.78  
 
 
grepthis#Fluid_Mechanics_A._K._Choudhary_And_Om_Prakash_2132/CH4/EX4.12/Example4_12.sce #
 
 
 
 
 
 
 
 
 
 
 
 
 
 Pressure difference between the two vessel in N/m^2:    
 
    3769.983  
 
 
grepthis#Fluid_Mechanics_A._K._Choudhary_And_Om_Prakash_2132/CH4/EX4.13/Example4_13.sce #
 
 
 
 
 
 
 
 
 
 
 
 
 
 
 
 Reading of manometer in mm :    
 
   115.  
 
 
grepthis#Fluid_Mechanics_A._K._Choudhary_And_Om_Prakash_2132/CH4/EX4.14/Example4_14.sce #
 
 
 
 
 
 
 
 
 
 
 
 
 
 Difference of pressure in N/m^2 or Pa :    
 
    98.1  
 
 
grepthis#Fluid_Mechanics_A._K._Choudhary_And_Om_Prakash_2132/CH5/EX5.1/Example5_1.sce #
 
 
 
 
 
 
 
 
 
 
 
 
 
 
 
 Power required in kW :    
 
    15.  
 
 
grepthis#Fluid_Mechanics_A._K._Choudhary_And_Om_Prakash_2132/CH5/EX5.2/Example5_2.sce #
 
 
 
 
 
 
 
 
 
 
 
 
 
 Discharge of pipe in litres/sec :    
 
    28.27433  
 
 
 
 Mean velocity of flow in m/s :    
 
    0.177778  
 
 
 
grepthis#Fluid_Mechanics_A._K._Choudhary_And_Om_Prakash_2132/CH5/EX5.3/Example5_3.sce #
 
 
 
 
 
 
 
 
 Potential Head is 2 meter of fluid.   
 
 
 
 
 
 Velocity Head is 1.2742 meter of fluid.   
 
 
 
 
 
 
 Pressure Head is 25.484 meter of fluid.   
 
 
 
 Total Head is 28.758 meter of fluid.   
 
 
grepthis#Fluid_Mechanics_A._K._Choudhary_And_Om_Prakash_2132/CH5/EX5.4/Example5_4.sce #
 
 
 
 
 
 
 
 
 
 
 
 
 
 
 
 Total Energy is 12.0326 meter.   
 
 
grepthis#Fluid_Mechanics_A._K._Choudhary_And_Om_Prakash_2132/CH5/EX5.5/Example5_5.sce #
 
 
 
 
 
 
 
 
 
 
 
 
 
 
 
 
 
 
 
 
 
 
 
 
 
 Total Energy at A(15.009 meter) is greater than total energy at B(13.655 meter). Flow of water is from A to B.   
 
 
grepthis#Fluid_Mechanics_A._K._Choudhary_And_Om_Prakash_2132/CH5/EX5.6/Example5_6.sce #
 
 
 
 
 
 
 
 
 
 
 
 
 
 
 
 
 
 
 
 
 
 
 
 
 
 
 
 
 
 Pressure at the lower end in kN per m^2 :    
 
    129.38  
 
 
grepthis#Fluid_Mechanics_A._K._Choudhary_And_Om_Prakash_2132/CH5/EX5.7/Example5_7.sce #
 
 
 
 
 
 
 
 
 
 
 
 
 
 
 
 
 
 
 
 
 
 
 
 
 
 Energy at section 2-2(66.2195 meter) is greater than energy at section 1-1(11.1118 meter). Flow of water is from section 2-2 to 1-1.   
 
 Head Loss in meter :    
 
    55.1077  
 
 
 
grepthis#Fluid_Mechanics_A._K._Choudhary_And_Om_Prakash_2132/CH5/EX5.8/Example5_8.sce #
 
 
 
 
 
 
 
 
 
 
 
 
 
 
 
 
 
 
 
 
 
 
 Loss of head between P & Q in meter :    
 
    7.  
 
 
 
grepthis#Fluid_Mechanics_A._K._Choudhary_And_Om_Prakash_2132/CH5/EX5.9/Example5_9.sce #
 
 
 
 
 
 
 
 
 
 
 
 
 
 
 
 
 
 
 
 
 
 
 
 
 
 
 
 Total head at A(14.0641 meter) is greater than total head at B(11.7279 meter). Flow will take place from A-B.   
 
 Head Loss in meter :    
 
    2.33624  
 
 
 
grepthis#Fluid_Mechanics_A._K._Choudhary_And_Om_Prakash_2132/CH5/EX5.10/Example5_10.sce #
 
 
 
 
 
 
 
 
 
 
 
 
 
 
 
 
 
 
 
 
 
 
 Pressure intensity at point P in N/m^2 :    
 
    11319.8  
 
 
 Pressure intensity at point Q in N/m^2 :    
 
    38595.8  
 
 
 
grepthis#Fluid_Mechanics_A._K._Choudhary_And_Om_Prakash_2132/CH5/EX5.11/Example5_11.sce #
 
 
 
 
 
 
 
 
 
 
 
 
 
 
 
 
 
 
 
 
 
 
 
 Pressure intensity at point Q in kg/cm^2 :    
 
    1.01968  
 
 
 Discharge of pipe in litres/sec :    
 
    289.812  
 
 
 
grepthis#Fluid_Mechanics_A._K._Choudhary_And_Om_Prakash_2132/CH5/EX5.12/Example5_12.sce #
 
 
 
 
 
 
 
 
 
 
 
 
 
 
 
 C  =
 
    0.029  
 
 
 
 
 
 Discharge of oil in litres/sec :    
 
    61.85  
 
 
grepthis#Fluid_Mechanics_A._K._Choudhary_And_Om_Prakash_2132/CH5/EX5.13/Example5_13.sce #
 
 
 
 
 
 
 
 
 
 
 
 
 
 
 
 
 
 Coefficient of meter :    
 
    2.325  
 
 
 
grepthis#Fluid_Mechanics_A._K._Choudhary_And_Om_Prakash_2132/CH5/EX5.14/Example5_14.sce #
 
 
 
 
 
 
 
 
 
 
 
 
 
 
 h  =
 
    0.83  
 
 
 
 
 
 Deflection in  manometer(mm) :    
 
    65.5  
 
 
grepthis#Fluid_Mechanics_A._K._Choudhary_And_Om_Prakash_2132/CH5/EX5.15/Example5_15.sce #
 
 
 
 
 
 
 
 
 
 
 
 
 
 
 
 
 
 
 
 
 
 
 Pressure difference in N/m^2 :    
 
   28903.  
 
 
 
grepthis#Fluid_Mechanics_A._K._Choudhary_And_Om_Prakash_2132/CH5/EX5.16/Example5_16.sce #
 
 
 
 
 
 
 
 
 
 
 
 
 
 
 
 
 
 
 
 Deflection in meter :    
 
    1.017  
 
 
grepthis#Fluid_Mechanics_A._K._Choudhary_And_Om_Prakash_2132/CH5/EX5.17/Example5_17.sce #
 
 
 
 
 
 
 
 
 
 
 
 
 
 
 
 
 
 
 
 
 Rate of flow in litres/sec :    
 
    59.  
 
 
grepthis#Fluid_Mechanics_A._K._Choudhary_And_Om_Prakash_2132/CH5/EX5.18/Example5_18.sce #
 
 
 
 
 
 
 
 
 
 
 
 
 
 
 
 
 
 
 
 
 Flow of water in litres/hour :    
 
    495043.  
 
 
 
grepthis#Fluid_Mechanics_A._K._Choudhary_And_Om_Prakash_2132/CH5/EX5.19/Example5_19.sce #
 
 
 
 
 
 
 
 
 
 
 
 
 
 
 
 
 
 
 
 
 
 Flow of water in litres/sec :    
 
   101.  
 
 
 
grepthis#Fluid_Mechanics_A._K._Choudhary_And_Om_Prakash_2132/CH5/EX5.20/Example5_20.sce #
 
 
 
 
 
 
 
 
 
 
 
 
 
 Velocity at another section in m/s :    
 
    3.556  
 
 
 
 
 Flow Rate in litres/sec :    
 
    62.83  
 
 
 
grepthis#Fluid_Mechanics_A._K._Choudhary_And_Om_Prakash_2132/CH5/EX5.21/Example5_21.sce #
 
 
 
 
 
 
 
 
 
 
 
 
 
 
 
 
 
 
 
 
 
 Flow Rate of oil in litres/sec :    
 
   107.  
 
 
grepthis#Fluid_Mechanics_A._K._Choudhary_And_Om_Prakash_2132/CH5/EX5.22/Example5_22.sce #
 
 
 
 
 
 
 
 
 
 
 
 
 
 
 
 
 
 
 
 
 
 Z in meter :    
 
    8.15  
 
 
grepthis#Fluid_Mechanics_A._K._Choudhary_And_Om_Prakash_2132/CH5/EX5.23/Example5_23.sce #
 
 
 
 
 
 
 
 
 
 
 
 
 
 
 
 
 
 
 
 
 
 
 Discharge in pipe in litres/sec :    
 
    131.5  
 
 
grepthis#Fluid_Mechanics_A._K._Choudhary_And_Om_Prakash_2132/CH6/EX6.1/Example6_1.sce #
 
 
 
 
 
 
 
 
 
 
 
 
 
 
 
 Coefficient of contraction :    
 
    0.64  
 
 
 
 Coefficient of velocity :    
 
    0.97  
 
 
 
 Coefficient of discharge :    
 
    0.62  
 
 
 
 Coefficient of resistance :    
 
    0.06  
 
 
grepthis#Fluid_Mechanics_A._K._Choudhary_And_Om_Prakash_2132/CH6/EX6.2/Example6_2.sce #
 
 
 
 
 
 
 
 
 
 
 
 
 
 
 
 
 
 Coefficient of discharge :    
 
    0.62  
 
 
 
 
 Coefficient of velocity :    
 
    0.926  
 
 
 
 
 Coefficient of contraction :    
 
    0.66  
 
 
 
 
 Coefficient of resistance :    
 
    0.167  
 
 
grepthis#Fluid_Mechanics_A._K._Choudhary_And_Om_Prakash_2132/CH6/EX6.3/Example6_3.sce #
 
 
 
 
 
 
 
 
 
 
 
 Coefficient of velocity :    
 
    0.99  
 
 
grepthis#Fluid_Mechanics_A._K._Choudhary_And_Om_Prakash_2132/CH6/EX6.4/Example6_4.sce #
 
 
 
 
 
 
 
 
 
 
 
 
 
 
 Coefficient of velocity :    
 
    0.97  
 
 
grepthis#Fluid_Mechanics_A._K._Choudhary_And_Om_Prakash_2132/CH6/EX6.5/Example6_5.sce #
 
 
 
 
 
 
 
 
 
 
 
 
 
 
 Coefficient of velocity :    
 
    0.951  
 
 
 
 
 
 
 Coefficient of discharge :    
 
    0.694  
 
 
 
 
 Coefficient of contraction :    
 
    0.73  
 
 
 
grepthis#Fluid_Mechanics_A._K._Choudhary_And_Om_Prakash_2132/CH6/EX6.6/Example6_6.sce #
 
 
 
 
 
 
 
 
 
 
 
 
 
 
 
 Coefficient of discharge :    
 
    0.6034  
 
 
 
 Coefficient of velocity :    
 
    0.9821  
 
 
 
 Coefficient of contraction :    
 
    0.6144  
 
 
 
grepthis#Fluid_Mechanics_A._K._Choudhary_And_Om_Prakash_2132/CH6/EX6.7/Example6_7.sce #
 
 
 
 
 
 
 
 
 
 
 
 
 
 
 
 Coefficient of discharge :    
 
    0.61  
 
 
grepthis#Fluid_Mechanics_A._K._Choudhary_And_Om_Prakash_2132/CH6/EX6.8/Example6_8.sce #
 
 
 
 
 
 
 
 
 
 
 
 
 
 
 
 
 
 
 
 
 Coefficient of discharge :    
 
    0.643  
 
 
 
 
 Coefficient of velocity :    
 
    0.96  
 
 
 
 Coefficient of contraction :    
 
    0.67  
 
 
 
 Coefficient. of Resistance   
 
    0.08  
 
 
grepthis#Fluid_Mechanics_A._K._Choudhary_And_Om_Prakash_2132/CH6/EX6.9/Example6_9.sce #
 
 
 
 
 
 
 
 
 
 
 
 
 
 
 
 
 Coefficient of discharge :    
 
    0.63  
 
 
 
 
 Coefficient of velocity :    
 
    0.9682  
 
 
 
 
 Coefficient of contraction :    
 
    0.651  
 
 
 
 Coefficient. of Resistance   
 
    0.067  
 
 
 
grepthis#Fluid_Mechanics_A._K._Choudhary_And_Om_Prakash_2132/CH6/EX6.10/Example6_10.sce #
 
 
 
 
 
 
 
 
 
 
 
 
 
 
 
 
 
 
 
 Meeting point horizontal & vertical co-ordinates are(x1 & y1 in meter) :    
 
    6.24  
 
    4.  
 
 
 
grepthis#Fluid_Mechanics_A._K._Choudhary_And_Om_Prakash_2132/CH11/EX11.11/Example6_11.sce #
 
 
 
 
 
 
 
 
 
 
 
 
 
 Discharge through the orifice in m^3/sec :    
 
    11.7685  
 
 
grepthis#Fluid_Mechanics_A._K._Choudhary_And_Om_Prakash_2132/CH6/EX6.11/Example6_11.sce #
 
 
 
 
 
 
 
 
 
 
 
 
 
 Discharge through the orifice in m^3/sec :    
 
    11.7685  
 
 
grepthis#Fluid_Mechanics_A._K._Choudhary_And_Om_Prakash_2132/CH6/EX6.12/Example6_12.sce #
 
 
 
 
 
 
 
 
 
 
 
 
 
 Discharge through the orifice in cumec :    
 
    15.928  
 
 
grepthis#Fluid_Mechanics_A._K._Choudhary_And_Om_Prakash_2132/CH6/EX6.13/Example6_13.sce #
 
 
 
 
 
 
 
 
 
 
 
 
 
 Discharge through the opening in cumec :    
 
    7.72  
 
 
 
 
 
 
 
 % of error :    
 
    0.3678  
 
 
 
grepthis#Fluid_Mechanics_A._K._Choudhary_And_Om_Prakash_2132/CH6/EX6.14/Example6_14.sce #
 
 
 
 
 
 
 
 
 
 
 
 
 
 
 
 
 Discharge in Cumec :    
 
    5.823  
 
 
 
grepthis#Fluid_Mechanics_A._K._Choudhary_And_Om_Prakash_2132/CH6/EX6.15/Example6_15.sce #
 
 
 
 
 
 
 
 
 
 
 
 
 
 
 
 
 Discharge through the orifice in Cumec :    
 
    8.18  
 
 
grepthis#Fluid_Mechanics_A._K._Choudhary_And_Om_Prakash_2132/CH6/EX6.16/Example6_16.sce #
 
 
 
 
 
 
 
 
 
 
 
 
 
 
 t  =
 
    39.58  
 
 
 Time taken to fall from 5m to 2m(in seconds) :    
 
    39.58  
 
 
 
 t  =
 
    107.7  
 
 
 Time taken for completely emptying(in seconds) :    
 
    107.7  
 
 
grepthis#Fluid_Mechanics_A._K._Choudhary_And_Om_Prakash_2132/CH6/EX6.17/Example6_17.sce #
 
 
 
 
 
 
 
 
 
 
 
 
 
 
 
 Time taken for emptying the tank is 12 minute 30.8 seconds.   
 
 
grepthis#Fluid_Mechanics_A._K._Choudhary_And_Om_Prakash_2132/CH6/EX6.18/Example6_18.sce #
 
 
 
 
 
 
 
 
 
 
 
 
 
 
 Time taken is 26 minute 17 seconds.   
 
 
grepthis#Fluid_Mechanics_A._K._Choudhary_And_Om_Prakash_2132/CH6/EX6.19/Example6_19.sce #
 
 
 
 
 
 
 
 
 
 
 
 
 
 Time taken is 1 hour 29 minute 45 seconds.   
 
 
grepthis#Fluid_Mechanics_A._K._Choudhary_And_Om_Prakash_2132/CH7/EX7.1/Example7_1.sce #
 
 
 
 
 
 
 Part(i)   
 
 
 Absolute unit of viscosity(in C.G.S) is Poise.   
 
 
 Poise=1 dyne-sec/cm^2   
 
 
 Gravitational unit of viscosity is 1 gm-sec/cm^2.   
 
 
 On equating we get, 1 gm = 981 dyne   
 
 
 
 
 
 1 kg-sec/m^2 = 98.1 Poise   
 
 
 
 
 1 Poise = 0.1 N-sec/m^2 or Pa-sec   
 
 
 Part(ii)   
 
 
 Kinematic viscosity = viscosity/specific_gravity   
 
 
 Kinematic viscosity C.G.S unit is cm^2/sec. 1cm^2/sec=1stoke   
 
 
 Kinematic viscosity M.K.S unit is m^2/sec   
 
 
 
 
 
 1 m^2/sec = 10000 cm^2/sec or stoke   
 
 
 
 1 stoke = 0.0001 m^2/sec   
 
 
 1 stoke = 100 centi-stokes   
 
 
grepthis#Fluid_Mechanics_A._K._Choudhary_And_Om_Prakash_2132/CH7/EX7.2/Example7_2.sce #
 
 
 
 
 
 
 
 
 
 
 
 
 Kinematic viscosity in m^2/sec :    
 
    0.0101  
 
 
 
 
 
 Reynolds number for flow  :    
 
    16.788  
 
 
 This is laminar flow because Rn no. is less than 2000.   
 
 
grepthis#Fluid_Mechanics_A._K._Choudhary_And_Om_Prakash_2132/CH7/EX7.3/Example7_3.sce #
 
 
 
 
 
 
 
 
 
 
 
 
 
 Reynolds number for flow  :    
 
    10186.  
 
 
 This is turbulent flow because Rn no. is greater than 4000.   
 
 
 New Reynolds number for flow  :    
 
    1273.2  
 
 
 This is laminar flow because Rn no. is less than 2000.   
 
 
grepthis#Fluid_Mechanics_A._K._Choudhary_And_Om_Prakash_2132/CH7/EX7.4/Example7_4.sce #
 
 
 
 
 
 
 
 
 
 
 
 
 
 
 
 Head lost in meter :    
 
    1.5687  
 
 
 
grepthis#Fluid_Mechanics_A._K._Choudhary_And_Om_Prakash_2132/CH7/EX7.5/Example7_5.sce #
 
 
 
 
 
 
 
 
 
 
 
 
 
 
 Difference in elevation in meter :    
 
    4.896  
 
 
 
grepthis#Fluid_Mechanics_A._K._Choudhary_And_Om_Prakash_2132/CH7/EX7.6/Example7_6.sce #
 
 
 
 
 
 
 
 
 
 
 
 
 
 
 
 Head lost due to friction in meter :    
 
    0.244  
 
 
grepthis#Fluid_Mechanics_A._K._Choudhary_And_Om_Prakash_2132/CH7/EX7.7/Example7_7.sce #
 
 
 
 
 
 
 
 
 
 
 
 
 
 
 Head lost due to friction in meter :    
 
    201.7  
 
 
 
grepthis#Fluid_Mechanics_A._K._Choudhary_And_Om_Prakash_2132/CH7/EX7.8/Example7_8.sce #
 
 
 
 
 
 
 
 
 
 
 
 
 
 
 
 
 
 
 
 
 
 
 
 
 
 
 
 
 
 
 
 
 
 
 
 
 
 
 
 
 Total loss of head in meter :    
 
    1068.  
 
 
grepthis#Fluid_Mechanics_A._K._Choudhary_And_Om_Prakash_2132/CH7/EX7.9/Example7_9.sce #
 
 
 
 
 
 
 
 
 
 
 
 
 
 
 
 
 
 
 
 Intensity of pressure in kg/cm^2 :    
 
    0.6029  
 
 
grepthis#Fluid_Mechanics_A._K._Choudhary_And_Om_Prakash_2132/CH7/EX7.10/Example7_10.sce #
 
 
 
 
 
 
 
 
 
 
 
 
 
 
 
 
 Diameter of pipe in mm   :    
 
    998.  
 
 
grepthis#Fluid_Mechanics_A._K._Choudhary_And_Om_Prakash_2132/CH7/EX7.11/Example7_11_page_238.sce #
 
 
 
 
 
 
 
 
 
 
 
 
 
 
 
 
 
 
 
 
 
 
 
 
 
 
 
 
 
 
 
 Pressure Head at point P(m)   
 
    20.  
 
 
 Velocity Head at point P(m)   
 
    0.3305  
 
 
 Pressure Head at point Q(m)   
 
  - 7.1307  
 
 
 
 
 
 
 
 
 
 
 
 Velocity Head at point Q after enlargemant(m)   
 
    0.0207  
 
 
 Pressure Head at point Q after enlargemant(m)   
 
  - 7.0068  
 
 
 Pressure Head at point R(m)   
 
  - 8.8331  
 
 
 Velocity Head at point R(m)   
 
    0.0207  
 
 
 
grepthis#Fluid_Mechanics_A._K._Choudhary_And_Om_Prakash_2132/CH7/EX7.11.a/Example7_11.sce #
 
 
 
 
 
 
 
 
 
 
 
 
 
 
 
 
 
 Discharge in pipe 1 in cumec :    
 
    0.3770  
 
 
 
 
 
 Velocity of water in 200mm pipe in m/s :    
 
    7.5  
 
 
grepthis#Fluid_Mechanics_A._K._Choudhary_And_Om_Prakash_2132/CH7/EX7.12/Example7_12.sce #
 
 
 
 
 
 
 
 
 
 
 
 
 
 
 
 Discharge throough 300mm pipe in cumec :    
 
    0.156  
 
 
grepthis#Fluid_Mechanics_A._K._Choudhary_And_Om_Prakash_2132/CH7/EX7.13/Example7_13.sce #
 
 
 
 
 
 
 
 
 
 
 
 
 
 
 
 
 
 
 Discharge in pipe line in litres/sec :    
 
    37.46  
 
 
grepthis#Fluid_Mechanics_A._K._Choudhary_And_Om_Prakash_2132/CH7/EX7.14.a/Example7_14_page_250.sce #
 
 
 
 
 
 
 
 
 
 
 
 
 
 
 
 
 
 
 Diameter of pipe(mm) :    
 
    159.1  
 
 
grepthis#Fluid_Mechanics_A._K._Choudhary_And_Om_Prakash_2132/CH7/EX7.14/Example7_14.sce #
 
 
 
 
 
 
 
 
 
 
 
 
 
 
 
 
 
 
 
 
 
 
 
 
 
 
 
 Discharge in pipe line in litres/sec :    
 
    19.8  
 
 
grepthis#Fluid_Mechanics_A._K._Choudhary_And_Om_Prakash_2132/CH7/EX7.15.a/Example7_15_page_252.sce #
 
 
 
 
 
 
 
 
 
 
 
 
 
 
 
 
 
 
 
 Difference of water level between two reservoir(meter)   
 
    40.55  
 
 
 
grepthis#Fluid_Mechanics_A._K._Choudhary_And_Om_Prakash_2132/CH7/EX7.15/Example7_15.sce #
 
 
 
 
 
 
 
 
 
 
 
 
 
 
 
 
 Rate of flow of pipe 1(m^3/sec)   
 
    0.003  
 
 
 Rate of flow of pipe 2(m^3/sec)   
 
    0.019  
 
 
 
 
 Diameter of single pipe(mm) :    
 
    106.7  
 
 
 
grepthis#Fluid_Mechanics_A._K._Choudhary_And_Om_Prakash_2132/CH7/EX7.16/Example7_16.sce #
 
 
 
 
 
 
 
 
 
 
 
 
 
 
 
 
 Discharge through the pipe(litres/sec)   
 
    28.89  
 
 
grepthis#Fluid_Mechanics_A._K._Choudhary_And_Om_Prakash_2132/CH7/EX7.17/Example7_17.sce #
 
 
 
 
 
 
 
 
 
 
 
 
 Hb  =
 
    7.  
 
 
 
 Velocity in the jet(m/s)   
 
    11.36764  
 
 
 
 
 
 Rate of discharge(litres/second)   
 
    21.20429  
 
 
 
 Energy per second n the jet(kW)   
 
    1.456099  
 
 
 
grepthis#Fluid_Mechanics_A._K._Choudhary_And_Om_Prakash_2132/CH7/EX7.18/Example7_18.sce #
 
 
 
 
 
 
 
 
 
 
 
 
 
 
 
 
 Discharge in pipe(litres/second)   
 
    4.648848  
 
 
 
 
 
 
 
 
 
 
 Pressure at the summit of siphon(meter)   
 
    4.596429  
 
 
grepthis#Fluid_Mechanics_A._K._Choudhary_And_Om_Prakash_2132/CH7/EX7.19.a/Example7_19_page_265.sce #
 
 
 
 
 
 
 
 
 
 
 
 
 
 
 
 
 
 Maximum power(kW)   
 
    212.4104  
 
 
grepthis#Fluid_Mechanics_A._K._Choudhary_And_Om_Prakash_2132/CH7/EX7.19/Example7_19.sce #
 
 
 
 
 
 
 
 
 
 
 
 
 
 
 Increase in pressure intensity(kg/m^2)   
 
    230737.7  
 
 
grepthis#Fluid_Mechanics_A._K._Choudhary_And_Om_Prakash_2132/CH11/EX11.1/Example11_1.sce #
 
 
 
 
 
 
 
 
 
 
 
 
 
 Velocity of flow in m/sec :    
 
    4.34  
 
 
grepthis#Fluid_Mechanics_A._K._Choudhary_And_Om_Prakash_2132/CH11/EX11.2/Example11_2.sce #
 
 
 
 
 
 
 
 
 
 
 
 
 
 Velocity in m/sec :    
 
    5.26  
 
 
grepthis#Fluid_Mechanics_A._K._Choudhary_And_Om_Prakash_2132/CH11/EX11.3/Example11_3.sce #
 
 
 
 
 
 
 
 
 
 
 
 
 
 
 
 
 
 
 
 
 
 
 
 
 
 
 
 
 
 
 
 Rate of discharge in cum/sec :    
 
    17.04  
 
 
grepthis#Fluid_Mechanics_A._K._Choudhary_And_Om_Prakash_2132/CH11/EX11.4/Example11_4.sce #
 
 
 
 
 
 
 
 
 
 
 
 
 Discharge in m^3/sec :    
 
    0.0228  
 
 
grepthis#Fluid_Mechanics_A._K._Choudhary_And_Om_Prakash_2132/CH11/EX11.5/Example11_5.sce #
 
 
 
 
 
 
 
 
 
 
 
 
 Discharge in m^3/sec :    
 
    0.04529  
 
 
 Discharge in litres/sec :    
 
    45.2897  
 
 
grepthis#Fluid_Mechanics_A._K._Choudhary_And_Om_Prakash_2132/CH11/EX11.6/Example11_6.sce #
 
 
 
 
 
 
 
 
 
 
 
 
 
 Discharge in litres/minute :    
 
    1572.  
 
 
grepthis#Fluid_Mechanics_A._K._Choudhary_And_Om_Prakash_2132/CH11/EX11.7/Example11_7.sce #
 
 
 
 
 
 
 
 
 
 
 
 
 
 
 
 Position above the bed in meter :    
 
    0.807  
 
 
grepthis#Fluid_Mechanics_A._K._Choudhary_And_Om_Prakash_2132/CH11/EX11.8/Example11_8.sce #
 
 
 
 
 
 
 
 
 
 
 
 
 
 
 Time taken is 17 minute 46 sec.   
 
 
grepthis#Fluid_Mechanics_A._K._Choudhary_And_Om_Prakash_2132/CH11/EX11.9/Example11_9.sce #
 
 
 
 
 
 
 
 
 
 (i) End contractions are Suppressed :    
 
 
 
 Discharge in m^3/sec :    
 
    2.3274  
 
 
 Discharge in litres/sec :    
 
    2327.4  
 
 
 (ii) End contractions are Considered :    
 
 
 
 
 Discharge in m^3/sec :    
 
    2.2902  
 
 
 Discharge in litres/sec :    
 
    2290.2  
 
 
grepthis#Fluid_Mechanics_A._K._Choudhary_And_Om_Prakash_2132/CH11/EX11.10/Example11_10.sce #
 
 
 
 
 
 
 
 
 
 
 
 
 Discharge in cumec :    
 
    0.0915  
 
 
 
grepthis#Fluid_Mechanics_A._K._Choudhary_And_Om_Prakash_2132/CH11/EX11.12/Example11_12.sce #
 
 
 
 
 
 
 
 
 
 
 
 
 
 Maximum Discharge in m^3/sec :    
 
    42.488  
 
 
 
 
 New discharge considering velocity of approach in m^3/sec :    
 
    44.378  
 
 
grepthis#Fluid_Mechanics_A._K._Choudhary_And_Om_Prakash_2132/CH11/EX11.13/Example11_13.sce #
 
 
 
 
 
 
 
 
 
 
 
 
 
 
 
 
 No. of spillways :    
 
    5.  
 
 
grepthis#Fluid_Mechanics_A._K._Choudhary_And_Om_Prakash_2132/CH11/EX11.14/Example11_14.sce #
 
 
 
 
 
 
 
 
 
 
 
 
 
 
 
 Discharge in m^3/sec :    
 
    0.250  
 
 
