Total number of .sce files(without counting DEPENDENCIES directory): 148

grepthis#Electronics_Fundamentals_And_Applications_D._Chattopadhyay_And_P._C._Rakshit_2300/CH1/EX1.7.1/Ex1_1.sce #
 
 
 
 
 
 
 
 
 
 
 v  =
 
    5926739.  
 
 
 v=   
 
    5926739.  
 
 m/s   
 
 
 
grepthis#Electronics_Fundamentals_And_Applications_D._Chattopadhyay_And_P._C._Rakshit_2300/CH1/EX1.7.2/Ex1_2.sce #
 
 
 
 
 
 
 
 
 
 
 
 v  =
 
    436924.99  
 
 
 v=   
 
    436924.99  
 
 m/s   
 
 Ek  =
 
    6.400D-16  
 
 
 Ek=   
 
    6.400D-16  
 
 J   
 
 
grepthis#Electronics_Fundamentals_And_Applications_D._Chattopadhyay_And_P._C._Rakshit_2300/CH2/EX2.7.1/Ex2_1.sce #
 
 
 
 
 
 
 
 A  =
 
    602000.  
 
 Ew  =
 
    4.54  
 
 T  =
 
    2500.  
 
 kB  =
 
    1.380D-23  
 
 e  =
 
    1.600D-19  
 
 b  =
 
    52637.681  
 
 
 b=   
 
    52637.681  
 
 K   
 
 Jx  =
 
    2700.0681  
 
 
 Jx=   
 
    2700.0681  
 
 A/(m^2)   
 
 n  =
 
    1.688D+22  
 
 
 n=   
 
    1.688D+22  
 
 (m^-2)(s^-1)   
 
 
grepthis#Electronics_Fundamentals_And_Applications_D._Chattopadhyay_And_P._C._Rakshit_2300/CH2/EX2.7.2/Ex2_2.sce #
 
 
 
 
 
 
 
 T  =
 
    2673.  
 
 dT  =
 
    10.  
 
 Ew  =
 
    4.54  
 
 e  =
 
    1.600D-19  
 
 kB  =
 
    1.380D-23  
 
 
 d  =
 
    0.0811536  
 
 
 d=   
 
    0.0811536  
 
    
 
 ans  =
 
    8.1153614  
 
 
 d*100=   
 
    8.1153614  
 
 %   
 
 
grepthis#Electronics_Fundamentals_And_Applications_D._Chattopadhyay_And_P._C._Rakshit_2300/CH2/EX2.7.3/Ex2_3.sce #
 
 
 
 
 
 
 
 kB  =
 
    1.380D-23  
 
 
 
 e  =
 
    1.600D-19  
 
 T  =
 
    2000.  
 
 
 
 
 
 
 d  =
 
    1.913D-20  
 
 
 d=   
 
    1.913D-20  
 
 J   
 
 ans  =
 
    0.1195679  
 
 
 d/e=   
 
    0.1195679  
 
 eV   
 
 
grepthis#Electronics_Fundamentals_And_Applications_D._Chattopadhyay_And_P._C._Rakshit_2300/CH2/EX2.7.4/Ex2_4.sce #
 
 
 
 
 
 
 
 
 Ia1  =
 
    300.  
 
 Ia2  =
 
    200.  
 
 Va1  =
 
    200.  
 
 Va2  =
 
    152.62857  
 
 
 Va2=   
 
    152.62857  
 
 V   
 
 
grepthis#Electronics_Fundamentals_And_Applications_D._Chattopadhyay_And_P._C._Rakshit_2300/CH3/EX3.11.1/Ex3_1.sce #
 
 
 
 
 
 
 
 
 
 
 
 
 
 
 
 
 
 
 
 
 Intrinsic conductivity=   
 
    0.000432  
 
 S/m   
 
 
 
 Intrinsic resistivity=   
 
    2314.8148  
 
 ohm*meter   
 
 
 
grepthis#Electronics_Fundamentals_And_Applications_D._Chattopadhyay_And_P._C._Rakshit_2300/CH3/EX3.11.2/Ex3_2.sce #
 
 
 
 
 
 
 
 
 
 
 
 
 
 
 
 Concentration of donor atoms   
 
    7.895D+21  
 
 m^-3   
 
 
 
grepthis#Electronics_Fundamentals_And_Applications_D._Chattopadhyay_And_P._C._Rakshit_2300/CH3/EX3.11.4/Ex3_4.sce #
 
 
 
 
 
 
 
 
 
 
 
 
 
 
 
 
 
 
 
 
 
 
 Intrinsic conductivity=   
 
    0.000432  
 
 S/m   
 
 
 
 required resistance   
 
    23148148.  
 
 ohm   
 
 
 
grepthis#Electronics_Fundamentals_And_Applications_D._Chattopadhyay_And_P._C._Rakshit_2300/CH3/EX3.11.5/Ex3_5.sce #
 
 
 
 
 
 
 
 
 
 
 
 N  =
 
    0.2777778  
 
 
 N=   
 
    0.2777778  
 
 (m^2)/(V.s)   
 
 P  =
 
    0.1388889  
 
 
 P=   
 
    0.1388889  
 
 (m^2)/(V.s)   
 
 
 
 Nd  =
 
    1.000D+20  
 
 Na  =
 
    5.000D+19  
 
 n  =
 
    6.036D+19  
 
 
 n=   
 
    6.036D+19  
 
 /(m^3)   
 
 p  =
 
    1.036D+19  
 
 
 p=   
 
    1.036D+19  
 
 /(m^3)   
 
 Z  =
 
    2.9125782  
 
 
 Z=   
 
    2.9125782  
 
 S/m   
 
 F  =
 
    200.  
 
 J  =
 
    582.51563  
 
 
 J=   
 
    582.51563  
 
 A/(m^2)   
 
 
 
 
 
 
grepthis#Electronics_Fundamentals_And_Applications_D._Chattopadhyay_And_P._C._Rakshit_2300/CH3/EX3.11.6/Ex3_6.sce #
 
 
 
 
 
 
 
 
 Nd  =
 
    5.000D+19  
 
 n  =
 
    6.036D+19  
 
 
 n=   
 
    6.036D+19  
 
 /(m^3)   
 
 p  =
 
    1.036D+19  
 
 
 p=   
 
    1.036D+19  
 
 /(m^3)   
 
 N  =
 
    0.38  
 
 P  =
 
    0.18  
 
 e  =
 
    1.600D-19  
 
 Z  =
 
    3.9678384  
 
 
 Z=   
 
    3.9678384  
 
 S/m   
 
 
grepthis#Electronics_Fundamentals_And_Applications_D._Chattopadhyay_And_P._C._Rakshit_2300/CH3/EX3.11.7/Ex3_7.sce #
 
 
 
 
 
 
 
 
 
 Eg  =
 
    3.168D-19  
 
 
 Y  =
 
    625.  
 
 
 Y=   
 
    625.  
 
 nm   
 
 
grepthis#Electronics_Fundamentals_And_Applications_D._Chattopadhyay_And_P._C._Rakshit_2300/CH3/EX3.11.8/Ex3_8.sce #
 
 
 
 
 
 
 
 
 
 
 
 
 B  =
 
    0.2  
 
 
 B=   
 
    0.2  
 
 T   
 
 t  =
 
    0.001  
 
 FH  =
 
    1.  
 
 
 FH=   
 
    1.  
 
 V/m   
 
 
 
grepthis#Electronics_Fundamentals_And_Applications_D._Chattopadhyay_And_P._C._Rakshit_2300/CH4/EX4.7.1/Ex4_1.sce #
 
 
 
 
 
 
 
 Qm  =
 
    4.55  
 
 X  =
 
    4.01  
 
 eQb  =
 
    0.54  
 
 
 eQb=   
 
    0.54  
 
 eV   
 
 a  =
 
    0.21  
 
 eVbi  =
 
    0.33  
 
 
 eVbi=   
 
    0.33  
 
 eV   
 
 Es  =
 
    1.036D-10  
 
 e  =
 
    1.600D-19  
 
 Nd  =
 
    1.000D+22  
 
 W  =
 
    0.0000002  
 
 
 W=   
 
    0.0000002  
 
 m   
 
 Fm  =
 
    3192782.  
 
 
 Fm=   
 
    3192782.  
 
 V/m   
 
 
grepthis#Electronics_Fundamentals_And_Applications_D._Chattopadhyay_And_P._C._Rakshit_2300/CH4/EX4.7.3/Ex4_3.sce #
 
 
 
 
 
 
 
 e  =
 
    1.600D-19  
 
 Fa  =
 
    7000000.  
 
 Es  =
 
    1.160D-10  
 
 dQ  =
 
    0.0277203  
 
 
 dQ=   
 
    0.0277203  
 
 V   
 
 Xm  =
 
    1.980D-09  
 
 
 Xm=   
 
    1.980D-09  
 
 m   
 
 
grepthis#Electronics_Fundamentals_And_Applications_D._Chattopadhyay_And_P._C._Rakshit_2300/CH4/EX4.7.4/Ex4_4.sce #
 
 
 
 
 
 
 
 
 kB  =
 
    1.380D-23  
 
 T  =
 
    300.  
 
 e  =
 
    1.600D-19  
 
 Js  =
 
    0.00006  
 
 Qbn  =
 
    0.668  
 
 A  =
 
    108.60247  
 
 
 A=   
 
    108.60247  
 
 (cm^-2)(K^-2)   
 
 
grepthis#Electronics_Fundamentals_And_Applications_D._Chattopadhyay_And_P._C._Rakshit_2300/CH4/EX4.7.5/Ex4_5.sce #
 
 
 
 
 
 
 
 e  =
 
    1.600D-19  
 
 V  =
 
    0.32  
 
 kB  =
 
    1.380D-23  
 
 T  =
 
    300.  
 
 Js  =
 
    0.61  
 
 J  =
 
    143322.01  
 
 
 J=   
 
    143322.01  
 
 A/m^2   
 
 A  =
 
    4.000D-08  
 
 I  =
 
    5.7328803  
 
 
 I=   
 
    5.7328803  
 
 mA   
 
 
grepthis#Electronics_Fundamentals_And_Applications_D._Chattopadhyay_And_P._C._Rakshit_2300/CH5/EX5.7.1/Ex5_1.sce #
 
 
 
 
 
 
 
 I  =
 
    0.05  
 
 Is  =
 
    0.000005  
 
 e  =
 
    1.600D-19  
 
 
 kB  =
 
    1.380D-23  
 
 T  =
 
    300.  
 
 a  =
 
    10001.  
 
 
 V  =
 
    0.2383176  
 
 
 V=   
 
    0.2383176  
 
 V   
 
 
grepthis#Electronics_Fundamentals_And_Applications_D._Chattopadhyay_And_P._C._Rakshit_2300/CH5/EX5.7.2/Ex5_2.sce #
 
 
 
 
 
 
 
 e  =
 
    1.600D-19  
 
 V1  =
 
    0.06  
 
 V2  =
 
  - 0.06  
 
 kB  =
 
    1.380D-23  
 
 T  =
 
    300.  
 
 
 
 
 a  =
 
  - 10.163883  
 
 
 a   
 
    10.163883  
 
    
 
 
grepthis#Electronics_Fundamentals_And_Applications_D._Chattopadhyay_And_P._C._Rakshit_2300/CH5/EX5.7.3/Ex5_3.sce #
 
 
 
 
 
 
 V  =
 
    0.9  
 
 I  =
 
    0.06  
 
 rdc  =
 
    15.  
 
 n  =
 
    2.  
 
 rac  =
 
    0.8666667  
 
 
 rdc=   
 
    15.  
 
 ohm   
 
 
 rac=   
 
    0.8666667  
 
 ohm   
 
 
grepthis#Electronics_Fundamentals_And_Applications_D._Chattopadhyay_And_P._C._Rakshit_2300/CH5/EX5.7.4/Ex5_4.sce #
 
 
 
 
 
 
 e  =
 
    1.600D-19  
 
 kB  =
 
    1.380D-23  
 
 
 n  =
 
    2.  
 
 T  =
 
    300.  
 
 
 
 
 
 a  =
 
    35.870367  
 
 
 V1-V   
 
    35.870367  
 
 mV   
 
 
 
 
 
grepthis#Electronics_Fundamentals_And_Applications_D._Chattopadhyay_And_P._C._Rakshit_2300/CH5/EX5.7.5/Ex5_5.sce #
 
 
 
 
 
 
 e  =
 
    1.600D-19  
 
 kB  =
 
    1.380D-23  
 
 n  =
 
    2.  
 
 T  =
 
    300.  
 
 
 
 
 
 a  =
 
  - 35.870367  
 
 
 V   
 
  - 35.870367  
 
 mV   
 
 
 The negative sign suggests diode in reverse bias   
 
 
grepthis#Electronics_Fundamentals_And_Applications_D._Chattopadhyay_And_P._C._Rakshit_2300/CH5/EX5.7.6/Ex5_6.sce #
 
 
 
 
 
 
 
 
 
 
 
 
 b  =
 
    50.  
 
 a  =
 
    56.438562  
 
 
 T2-T1   
 
    56.438562  
 
 C   
 
 
grepthis#Electronics_Fundamentals_And_Applications_D._Chattopadhyay_And_P._C._Rakshit_2300/CH5/EX5.7.7/Ex5_7.sce #
 
 
 
 
 
 
 V  =
 
    0.6  
 
 r  =
 
    150.  
 
 P  =
 
    0.2  
 
 
 i  =
 
    36.514837  
 
 
 i=   
 
    36.514837  
 
 mA   
 
 
 Vb  =
 
    330.43353  
 
 
 Vb=   
 
    330.43353  
 
 V   
 
 
 
 
grepthis#Electronics_Fundamentals_And_Applications_D._Chattopadhyay_And_P._C._Rakshit_2300/CH5/EX5.7.8/Ex5_8.sce #
 
 
 
 
 
 
 V  =
 
    15.  
 
 Vz  =
 
    12.  
 
 P  =
 
    0.36  
 
 
 I  =
 
    0.03  
 
 
 I=   
 
    0.03  
 
 A   
 
 Vr  =
 
    3.  
 
 
 Vr=   
 
    3.  
 
 V   
 
 R  =
 
    100.  
 
 
 R=   
 
    100.  
 
 ohm   
 
 
 Iz  =
 
    0.002  
 
 Il  =
 
    0.028  
 
 
 Il=   
 
    0.028  
 
 A   
 
 Rlm  =
 
    428.57143  
 
 
 Rlm=   
 
    428.57143  
 
 ohm   
 
 
 The allowable range of variation of Rl is 428.6ohm<=Rl<infinite   
 
 
 
grepthis#Electronics_Fundamentals_And_Applications_D._Chattopadhyay_And_P._C._Rakshit_2300/CH5/EX5.7.9/Ex5_9.sce #
 
 
 
 
 
 
 V  =
 
    15.  
 
 Vz  =
 
    12.  
 
 P  =
 
    0.36  
 
 
 I  =
 
    0.03  
 
 
 I=   
 
    0.03  
 
 A   
 
 Iz  =
 
    0.002  
 
 Rl  =
 
    1000.  
 
 i  =
 
    0.012  
 
 
 i=   
 
    0.012  
 
 A   
 
 Imin  =
 
    0.014  
 
 R  =
 
    100.  
 
 Vr  =
 
    1.4  
 
 
 Vr=   
 
    1.4  
 
 V   
 
 Vmin  =
 
    13.4  
 
 
 Vmin=   
 
    13.4  
 
 V   
 
 I1  =
 
    0.042  
 
 
 I1=   
 
    0.042  
 
 A   
 
 VR  =
 
    4.2  
 
 
 VR=   
 
    4.2  
 
 V   
 
 Vmax  =
 
    16.2  
 
 
 Vmax=   
 
    16.2  
 
 V   
 
 
 V can vary between Vmin & Vmax   
 
 
grepthis#Electronics_Fundamentals_And_Applications_D._Chattopadhyay_And_P._C._Rakshit_2300/CH5/EX5.7.10/Ex5_10.sce #
 
 
 
 
 
 
 Vz  =
 
    3.  
 
 Vi  =
 
    12.  
 
 V  =
 
    12.  
  - 3.   
 
 R1  =
 
    1000.  
 
 R2  =
 
    1000.  
 
 R3  =
 
    500.  
 
 R  =
 
    2000.  - 1000.  
  - 1000.    1500.  
 
 I1  =
 
    0.0075  
    0.003   
 
 
 I=   
 
    0.0075  
 
 A   
 
 
 Iz=   
 
    0.003  
 
 A   
 
 Pz  =
 
    0.009  
 
 
 Pz=   
 
    0.009  
 
 W   
 
 
 Power dissipated does not exceed the maximum power limit of 20mW   
 
 
 
 
grepthis#Electronics_Fundamentals_And_Applications_D._Chattopadhyay_And_P._C._Rakshit_2300/CH5/EX5.7.11/Ex5_11.sce #
 
 
 
 
 
 
 Vs1  =
 
    15.  
 
 Vs2  =
 
    30.  
 
 Vzo  =
 
    9.  
 
 rZ  =
 
    5.  
 
 R  =
 
    800.  
 
 Izmin  =
 
    0.0074534  
 
 
 Izmin=   
 
    0.0074534  
 
 A   
 
 Vomin  =
 
    9.0372671  
 
 
 Vomin=   
 
    9.0372671  
 
 V   
 
 Izmax  =
 
    0.0260870  
 
 
 Izmax=   
 
    0.0260870  
 
 A   
 
 Vomax  =
 
    9.1304348  
 
 
 Vomax=   
 
    9.1304348  
 
 V   
 
 
 Output voltage Vo varies in the range Vomin to Vomax   
 
 
 
 
grepthis#Electronics_Fundamentals_And_Applications_D._Chattopadhyay_And_P._C._Rakshit_2300/CH5/EX5.7.12/Ex5_12.sce #
 
 
 
 
 
 
 V  =
 
    35.  
 
 Iz  =
 
    0.025  
 
 Il  =
 
    0.005  
 
 Vzo  =
 
    7.  
 
 rZ  =
 
    6.  
 
 Vz  =
 
    7.15  
 
 
 Vz=   
 
    7.15  
 
 V   
 
 I  =
 
    0.03  
 
 
 I=   
 
    0.03  
 
 A   
 
 R  =
 
    928.33333  
 
 
 R=   
 
    928.33333  
 
 ohm   
 
 
grepthis#Electronics_Fundamentals_And_Applications_D._Chattopadhyay_And_P._C._Rakshit_2300/CH6/EX6.11.1/Ex6_1.sce #
 
 
 
 
 
 
 
 
 
 
 
 
 
 
 
 Im=   
 
    0.0226  
 
 A   
 
 
 
 
 
 Idc=   
 
    0.00718  
 
 A   
 
 
 
 Irms1  =
 
    0.00870  
 
 
 
 rms ac load current is=   
 
    0.00870  
 
 A   
 
 
 
 
 
 Dc voltage across the diode=   
 
    0.359  
 
 V   
 
 
 
 
 
 Dc output power=   
 
    0.062  
 
 W   
 
 
 
 
 
 conversion efficiency=   
 
    39.  
 
 %   
 
 
 
 
 
 Pertcentage regulation=   
 
    4.17  
 
 %   
 
 
 
 
 
grepthis#Electronics_Fundamentals_And_Applications_D._Chattopadhyay_And_P._C._Rakshit_2300/CH6/EX6.11.2/Ex6_2.sce #
 
 
 
 
 
 
 
 
 
 
 
 
 
 
 
 
 
 
 
 DC load current Idc=   
 
    0.00982  
 
 A   
 
 
 
 
 
 Direct current supplied by each diode Idc=   
 
    0.0049  
 
 A   
 
 
 
 
 Pdc=   
 
    0.096  
 
 W   
 
 
 
 
 
 Ripple voltage Vrp=   
 
    4.748  
 
 V   
 
 
 
 
 
 Percentage regulation=   
 
    10.  
 
 %   
 
 
 
 
 Efficiency of rectification   
 
    73.8  
 
 %   
 
 
 
 
grepthis#Electronics_Fundamentals_And_Applications_D._Chattopadhyay_And_P._C._Rakshit_2300/CH6/EX6.11.3/Ex6_3.sce #
 
 
 
 
 
 
 
 
 
 
 
 
 
 
 
 
 
 Vdc=   
 
    25.970663  
 
 V   
 
 
 
 
 Ripple voltage Vrp=   
 
    12.55489  
 
 V   
 
 
 
 
 Percentage regulation=   
 
    4.  
 
 %   
 
 
 
 
grepthis#Electronics_Fundamentals_And_Applications_D._Chattopadhyay_And_P._C._Rakshit_2300/CH6/EX6.11.4/Ex6_4.sce #
 
 
 
 
 
 
 
 
 
 
 
 
 
 
 
 
 Ripple factor=   
 
    0.0177  
 
 
 
 
 Percentage Ripple=   
 
    1.77  
 
 %   
 
 
 
grepthis#Electronics_Fundamentals_And_Applications_D._Chattopadhyay_And_P._C._Rakshit_2300/CH6/EX6.11.5/Ex6_5.sce #
 
 
 
 
 
 
 
 f  =
 
    50.  
 
 w  =
 
    314.15927  
 
 Vdc  =
 
    10.  
 
 Idc  =
 
    0.1  
 
 y  =
 
    0.02  
 
 
 
 a  =
 
    0.0000597  
 
 RL  =
 
    100.  
 
 
 
 
 
 Lc  =
 
    0.1052632  
 
 
 L  =
 
    0.1  
 
 C  =
 
    0.0  
 
 
 L1  =
 
    1.  
 
 C1  =
 
    0.0  
 
 
 Rb  =
 
   950.  
 
 
 The designed values of the components for a full wave rectifier with L-type LC filter are   
 
 
 The load resistance RL is =   
 
   100.  
 
 ohm   
 
 
 The critical inductance Lc is =   
 
    0.1  
 
 H   
 
 
 The inductance L is=   
 
    0.1  
 
 H   
 
 
 The capacitance C is   
 
   597.  
 
 µF   
 
 
 
 But if the inductance L designed is of the value =   
 
    1.  
 
 H   
 
 
 the capacitance C will be of the value =   
 
    60.  
 
 µF   
 
 
 So,a standard value of 50µF can be used in practice   
 
 
 The bleeder resistance Rb for good voltage regulation is=   
 
   950.  
 
 ohm   
 
 
 As Rb is much greater than RL,little power is wasted in Rb.This reflects the advantage of selecting L>Lc   
 
 
 
 
grepthis#Electronics_Fundamentals_And_Applications_D._Chattopadhyay_And_P._C._Rakshit_2300/CH7/EX7.13.1/Ex7_1.sce #
 
 
 
 
 
 
 
 
 
 
 
 
 
 
 
 Av=   
 
    89.1  
 
 
 Ap=   
 
    88.209  
 
 
 
grepthis#Electronics_Fundamentals_And_Applications_D._Chattopadhyay_And_P._C._Rakshit_2300/CH7/EX7.13.2/Ex7_2.sce #
 
 
 
 
 
 
 
 
 
 
 
 
 
 
 Ic=   
 
    2.95  
 
 mA   
 
 
 
 
 
 Ib=   
 
    50.  
 
 µA   
 
 
grepthis#Electronics_Fundamentals_And_Applications_D._Chattopadhyay_And_P._C._Rakshit_2300/CH7/EX7.13.3/Ex7_3.sce #
 
 
 
 
 
 
 
 
 
 
 
 
 
 gain B=   
 
    39.  
 
 
 
 
 Ic=   
 
    10.1  
 
 mA   
 
 
 
 
 Ie=   
 
    10.4  
 
 mA   
 
 
grepthis#Electronics_Fundamentals_And_Applications_D._Chattopadhyay_And_P._C._Rakshit_2300/CH7/EX7.13.4/Ex7_4.sce #
 
 
 
 
 
 
 
 
 
 
 
 
 Ib=   
 
    0.0303226  
 
 mA   
 
 
 
 Ic=   
 
    3.7903226  
 
 mA   
 
 
 
 Vce=   
 
    1.0483871  
 
 V   
 
 
grepthis#Electronics_Fundamentals_And_Applications_D._Chattopadhyay_And_P._C._Rakshit_2300/CH7/EX7.13.5/Ex7_5.sce #
 
 
 
 
 
 
 As the base is forward biased,transistor is not cut off.   
 
 
 Assuming the transistor in active region    
 
 VBB  =
 
    5.  
 
 VBE  =
 
    0.7  
 
 RB  =
 
    220.  
 
 IB  =
 
    0.0195455  
 
 
 
 IB=   
 
    0.0195  
 
 mA   
 
 
 Ico<<IB   
 
 B  =
 
    100.  
 
 IC  =
 
    1.9545  
 
 
 
 IC=   
 
    1.95  
 
 mA   
 
 Vcc  =
 
    12.  
 
 Rc  =
 
    3.3  
 
 VCB  =
 
    4.85  
 
 
 VCB=   
 
    4.85  
 
 V   
 
 
 A positive value of VCB implies that for n-p-n transistor,the collector junction is reverse biased and hence the transistor 
       is actually in active region                                                                                          
 
 IE  =
 
  - 1.97  
 
 
 IE=   
 
  - 1.97  
 
 mA   
 
 
 
 The negative sign indicates that IE actually flows in the opposite direction.   
 
 
 IB and IC do not depend on the collector circuit resistance Rc.So if it is increased, at one stage VCB becomes negative and 
       transistor goes into saturation region                                                                                
 
 
grepthis#Electronics_Fundamentals_And_Applications_D._Chattopadhyay_And_P._C._Rakshit_2300/CH7/EX7.13.6/Ex7_6.sce #
 
 
 
 
 
 
 Applying Kirchhoff voltage law to the base & collector circuit respectively   
 
 
 
 R1  =
 
    47.  
 
 RE  =
 
    2.2  
 
 R2  =
 
    3.3  
 
 VBE  =
 
    0.85  
 
 VBB  =
 
    5.  
 
 Vcc  =
 
    9.  
 
 VCE  =
 
    0.22  
 
 
 
 I  =
 
    0.0132036  
    1.5910822  
 
 
 IB=   
 
    0.0132036  
 
 mA   
 
 
 IC=   
 
    1.5910822  
 
 mA   
 
 hFE  =
 
    110.  
 
 
 The minimum base current required for saturation is   
 
 IBmin  =
 
    0.0144644  
 
 
 IBmin=   
 
    0.0144644  
 
 mA   
 
 
 As IB<IBmin transitor is not in the saturation region.It must be in the active region.   
 
 
grepthis#Electronics_Fundamentals_And_Applications_D._Chattopadhyay_And_P._C._Rakshit_2300/CH7/EX7.13.7/Ex7_7.sce #
 
 
 
 
 
 IB  =
 
    0.03  
 
 IC1  =
 
    3.5  
 
 IC2  =
 
    3.7  
 
 VCE1  =
 
    7.5  
 
 VCE2  =
 
    12.5  
 
 VCE  =
 
    5.  
 
 IC  =
 
    0.2  
 
 
 Output resistance is   
 
 Ro  =
 
    25.  
 
 
 The output resistance is =   
 
    25.  
 
 kilo ohm   
 
 b  =
 
    123.33333  
 
 
 b=   
 
    123.33333  
 
 a  =
 
    0.9919571  
 
 
 
 a=   
 
    0.9919571  
 
 
grepthis#Electronics_Fundamentals_And_Applications_D._Chattopadhyay_And_P._C._Rakshit_2300/CH7/EX7.13.8/Ex7_8.sce #
 
 
 
 
 
 b  =
 
    100.  
 
 Vz  =
 
    4.  
 
 IL  =
 
    2.  
 
 Iz  =
 
    5.  
 
 VCC  =
 
    12.  
 
 VEB1  =
 
    0.7  
 
 VEB2  =
 
    0.7  
 
 
 IB  =
 
    0.02  
 
 IE  =
 
    2.02  
 
 VR1  =
 
    7.3  
 
 R1  =
 
    1.4541833  
 
 
 
 The resistance R1 is =   
 
    1.45  
 
 kilo ohm   
 
 VR2  =
 
    4.  
 
 R2  =
 
    1.98  
 
 
 
 The resistance R2 is =   
 
    1.98  
 
 kilo ohm   
 
 
 
 
 For Q1 to remain in the active region,VBC≥0,i.e.   
 
 
 RL≤(7.3/2) kilo ohm   
 
 
 RL≤3.65 kilo ohm   
 
 
 So the range of RL for Q1 to remain in the active region is 0≤RL≤3.65 kilo ohm   
 
 
grepthis#Electronics_Fundamentals_And_Applications_D._Chattopadhyay_And_P._C._Rakshit_2300/CH8/EX8.14.1/Ex8_1.sce #
 
 
 
 
 
 
 
 
 
 
 
 
 
 
 
 Ib=   
 
    0.0377  
 
 mA   
 
 
 
 
 
 Ic=   
 
    3.729  
 
 mA   
 
 
 
 
 
 S=   
 
    34.  
 
 
 
 S1=   
 
    0.0003  
 
 A/V   
 
 
 
 S2=   
 
    1.D-05  
 
 A   
 
 
 
grepthis#Electronics_Fundamentals_And_Applications_D._Chattopadhyay_And_P._C._Rakshit_2300/CH8/EX8.14.2/Ex8_2.sce #
 
 
 
 
 
 
 
 
 
 
 
 
 
 
 
 
 
 
 Re=   
 
    20.  
 
 ohms   
 
 
 RT  =
 
    225.  
 
 VT  =
 
    0.3225  
 
 
 R1  =
 
    6976.7442  
 
 
 
 R1=   
 
    6.977  
 
 kilo ohm   
 
 R2  =
 
    232.5  
 
 
 R2=   
 
    232.5  
 
 ohm   
 
 
 
 
grepthis#Electronics_Fundamentals_And_Applications_D._Chattopadhyay_And_P._C._Rakshit_2300/CH8/EX8.14.3/Ex8_3.sce #
 
 
 
 
 
 
 
 
 
 
 
 
 
 
 
 AI=   
 
    0.9846827  
 
 
 
 
 Ri=   
 
    32.363239  
 
 ohms   
 
 
 
 
 Ro=   
 
    70.921986  
 
 kilo ohms   
 
 
 
 
 AV=   
 
    182.55578  
 
 
 
 
 AP=   
 
    179.75952  
 
 
grepthis#Electronics_Fundamentals_And_Applications_D._Chattopadhyay_And_P._C._Rakshit_2300/CH8/EX8.14.4/Ex8_4.sce #
 
 
 
 
 
 
 
 
 
 
 
 
 
 
 
 
 AI=   
 
  - 100.  
 
 
 
 
 Ri=   
 
    500.  
 
 ohms   
 
 
 
 Ro=   
 
    160.  
 
 kilo ohms   
 
 
grepthis#Electronics_Fundamentals_And_Applications_D._Chattopadhyay_And_P._C._Rakshit_2300/CH8/EX8.14.5/Ex8_5.sce #
 
 
 
 
 
 
 
 
 
 
 
 
 
 
 
 
 AI=   
 
  - 88.888889  
 
 
 
 
 Ri=   
 
    777.77778  
 
 ohms   
 
 
 
 
 AVo=   
 
  - 250.  
 
 
 
 
 APo=   
 
    22222.222  
 
 
grepthis#Electronics_Fundamentals_And_Applications_D._Chattopadhyay_And_P._C._Rakshit_2300/CH8/EX8.14.6/Ex8_6.sce #
 
 
 
 
 
 
 
 
 
 
 
 
 
 
 
 
 
 
 AI=   
 
  - 135.  
 
 
 
 
 Ri=   
 
    17.6  
 
 kilo ohms   
 
 
 
 
 AV=   
 
  - 23.011364  
 
 
 
 The output resistance of the transistor excluding RL is infinite.   
 
 
 The output resistance of the transistor including RL is =.   
 
    3.  
 
 kilo ohm   
 
 
 
grepthis#Electronics_Fundamentals_And_Applications_D._Chattopadhyay_And_P._C._Rakshit_2300/CH8/EX8.14.7/Ex8_7.sce #
 
 
 
 
 
 
 
 
 
 
 
 
 
 
 
 
 
 
 Ri=   
 
    101.56  
 
 kilo ohms   
 
 
 
 
 Input resistance (including Rb)=   
 
    86.85786  
 
 kilo ohms   
 
 
 
 The output resistance excluding load is infinita   
 
 
 
 Output resistance including load =   
 
    2.  
 
 kilo ohms   
 
 
 
 
 AV=   
 
  - 1.9692792  
 
 
 Small signals are used,since otherwise the output waveform will be distorted.Also,the equivalent circuit will not hold.   
 
 
 
 
 
 
 Ib=   
 
    0.0285307  
 
 mA   
 
 
 
 The Q-point is defined by   
 
 
 
 Ic=   
 
    2.853067  
 
 mA   
 
 
 VCE  =
 
    11.440799  
 
 
 VCE=   
 
    11.440799  
 
 V   
 
 
grepthis#Electronics_Fundamentals_And_Applications_D._Chattopadhyay_And_P._C._Rakshit_2300/CH8/EX8.14.8/Ex8_8.sce #
 
 
 
 
 
 
 f  =
 
    1000.  
 
 AV  =
 
  - 200.  
 
 hfe  =
 
    100.  
 
 hie  =
 
    1.  
 
 Pcmax  =
 
    0.075  
 
 
 VCC  =
 
    12.  
 
 
 RL  =
 
    2.  
 
 
 
 The designed values of the components of a CE transistor amplifier are:   
 
 
 The load resistance RL is =   
 
    2.  
 
 kilo ohm   
 
 
 VCG  =
 
    6.  
 
 
 IC  =
 
    3.  
 
 
 
 Ihe DC collector current is =   
 
    3.  
 
 mA   
 
 Pr  =
 
    18.  
 
 
 
 Pc  =
 
    14.5  
 
 VCE  =
 
    4.83  
 
 
 VEG  =
 
    1.2  
 
 IE  =
 
    3.  
 
 Re  =
 
    0.4  
 
 
 The resistance Re is =   
 
   389.  
 
 ohm   
 
 Pe  =
 
    3.5  
 
 VBE  =
 
    0.7  
 
 VBG  =
 
    1.9  
 
 
 
 
 
 
 x  =
 
    0.2  
 
 a  =
 
    5.4  
 
 
 
 
 RT  =
 
    1.6  
 
 R1  =
 
    11.  
 
 
 
 The resistance R1 is=   
 
    10.5  
 
 kilo ohm   
 
 R2  =
 
    1.97  
 
 
 
 The resistance R2 is =   
 
    2.  
 
 kilo ohm   
 
 Pr2  =
 
    1.8  
 
 Pr1  =
 
    9.8  
 
 Ce  =
 
    0.0  
 
 
 
 The bypass capacitance Ce is =   
 
   4.  
 
 micro farad   
 
 C1  =
 
   0.  
 
 
 
 The coupling capacitance C1 is =   
 
    3.2  
 
 micro farad   
 
 Rin  =
 
   ****  
 
 C2  =
 
    0.0  
 
 
 
 The coupling capacitance C2 is =   
 
    0.1  
 
 micro farad   
 
 
 
grepthis#Electronics_Fundamentals_And_Applications_D._Chattopadhyay_And_P._C._Rakshit_2300/CH8/EX8.14.9/Ex8_9.sce #
 
 
 
 
 
 VCC  =
 
    12.  
 
 a  =
 
    0.98  
 
 VBE  =
 
    0.7  
 
 IE  =
 
    2.  
 
 
 b  =
 
    49.  
 
 
 
 
 IB  =
 
    0.04  
 
 IC  =
 
    1.96  
 
 RE  =
 
    0.1  
 
 R2  =
 
    20.  
 
 RC  =
 
    3.3  
 
 
 
 
 I  =
 
    0.045  
 
 
 
 R1  =
 
    51.194118  
 
 
 
 The resistance R1 is =   
 
    51.2  
 
 kilo ohm   
 
 
 
grepthis#Electronics_Fundamentals_And_Applications_D._Chattopadhyay_And_P._C._Rakshit_2300/CH8/EX8.14.10/Ex8_10.sce #
 
 
 
 
 
 VBE  =
 
    0.7  
 
 b  =
 
    90.  
 
 VCC  =
 
    10.  
 
 RE  =
 
    1.2  
 
 RC  =
 
    4.7  
 
 RB  =
 
    250.  
 
 
 
 
 
 
 
 IB  =
 
    0.0118185  
 
 
 IE  =
 
    1.075  
 
 
 VCE  =
 
    3.65  
 
 
 IC  =
 
    1.06  
 
 
 
 The quiescent value of IE is =   
 
    1.08  
 
 mA   
 
 
 The quiescent value of VCE is =   
 
    3.65  
 
 V   
 
 
 When dc current gain=90,IC=   
 
    1.06  
 
 mA   
 
 
 b1  =
 
    135.  
 
 IB1  =
 
    0.01  
 
 IC1  =
 
    1.19  
 
 
 When dc current gain is increased by 50%,IC=   
 
    1.19  
 
 mA   
 
 x  =
 
    12.2  
 
 
 The increase in the collector current IC is =   
 
    12.2  
 
 %   
 
 
 The percentage increase of IC being less than that of the dc current gain,the circuit provides some stabilization against t 
      he changes in the dc current gain.                                                                                     
 
 
 VCE does not depend on dc current gain and hence it is not affected when the dc current gain changes.   
 
 
grepthis#Electronics_Fundamentals_And_Applications_D._Chattopadhyay_And_P._C._Rakshit_2300/CH8/EX8.14.11/Ex8_11.sce #
 
 
 
 
 
 VBE  =
 
    0.7  
 
 b  =
 
    99.  
 
 VCC  =
 
    15.  
 
 RE  =
 
    7.  
 
 RC  =
 
    4.  
 
 RB  =
 
    5.  
 
 VEE  =
 
  - 15.  
 
 
 
 
 
 
 IB  =
 
    0.0202837  
 
 
 
 The quiescent value of IB is =   
 
    0.0203  
 
 mA   
 
 IC  =
 
    2.0081  
 
 
 
 The quiescent value of IC is =   
 
    2.01  
 
 mA   
 
 IE  =
 
    2.03  
 
 
 
 The quiescent value of IE is =   
 
    2.03  
 
 mA   
 
 
 
 VCE  =
 
    7.77  
 
 
 
 The quiescent value of VCE is =   
 
    7.77  
 
 V   
 
 
 b1  =
 
    119.  
 
 IB1  =
 
    0.02  
 
 
 IC1  =
 
    2.013798  
 
 
 
 When dc current gain is increased by 20%,IC=   
 
    2.014  
 
 mA   
 
 x  =
 
    0.284  
 
 
 The increase in the collector current IC is =   
 
    0.284  
 
 %   
 
 
 Since a 20% increase in current gain produces a mere 0.284% enhancement of IC,the circuit provides a good stabilization aga 
      inst the changes in the current gain                                                                                   
 
 
 
grepthis#Electronics_Fundamentals_And_Applications_D._Chattopadhyay_And_P._C._Rakshit_2300/CH8/EX8.14.12/Ex8_12.sce #
 
 
 
 
 
 
 VBE  =
 
    0.7  
 
 b  =
 
    100.  
 
 VCC  =
 
    22.  
 
 R1  =
 
    82.  
 
 R2  =
 
    16.  
 
 RL  =
 
    2.2  
 
 Re  =
 
    0.75  
 
 
 VT  =
 
    3.5918367  
 
 RT  =
 
    13.387755  
 
 
 
 
 IB  =
 
    0.0324423  
 
 IC  =
 
    3.2442333  
 
 
 
 
 VCE  =
 
    12.4052  
 
 
 
 The operating point is specified by   
 
 
 IC=   
 
    3.24  
 
 mA   
 
 
 VCE=   
 
    12.4  
 
 V   
 
 
grepthis#Electronics_Fundamentals_And_Applications_D._Chattopadhyay_And_P._C._Rakshit_2300/CH8/EX8.14.13/Ex8_13.sce #
 
 
 
 
 
 RE  =
 
    0.68  
 
 RC  =
 
    2.7  
 
 
 VCE  =
 
    7.3  
 
 VBE  =
 
    0.7  
 
 Vre  =
 
    2.1  
 
 IB  =
 
    0.02  
 
 IE  =
 
    3.0882353  
 
 IC  =
 
    3.0682353  
 
 b  =
 
    153.41176  
 
 
 
 The current gain β is =   
 
    153.4  
 
 VCC  =
 
    17.68  
 
 
 
 The collector supply voltage VCC is =   
 
    17.7  
 
 V   
 
 
 Vrb  =
 
    14.9  
 
 RB  =
 
    744.  
 
 
 
 The resistance RB is =   
 
    744.  
 
 kilo ohm   
 
 
 
 
 
 For the DC load line   
 
 
 The intercept of the load line on the VCE-axis(X-axis) is =   
 
    17.7  
 
 V   
 
 
 The intercept of the load line on the IC axis(Y-axis) is =   
 
    5.23  
 
 mA   
 
 
 The DC load line is the straight line joining above two intercepts.   
 
 
 The co-ordinates of the operating point Q on the load line are (7.3V,3.07mA)   
 
 
 
 
 
grepthis#Electronics_Fundamentals_And_Applications_D._Chattopadhyay_And_P._C._Rakshit_2300/CH8/EX8.14.14/Ex8_14.sce #
 
 
 
 
 
 VBE  =
 
    0.7  
 
 b  =
 
    120.  
 
 VCC  =
 
    15.  
 
 R1  =
 
    72.  
 
 R2  =
 
    8.  
 
 RL  =
 
    2.  
 
 Re  =
 
    0.7  
 
 RC  =
 
    2.  
 
 Rin  =
 
    1.5  
 
 vi  =
 
    1.  
 
 VT  =
 
    1.5  
 
 RT  =
 
    7.2  
 
 
 
 
 IB  =
 
    0.0087051  
 
 IC  =
 
    1.0446137  
 
 
 
 
 VCE  =
 
    12.2  
 
 
 
 
 
  1. For the DC load line   
 
 
 The operating point Q is specified by   
 
 
 IC=   
 
    1.04  
 
 mA   
 
 
 VCE=   
 
    12.2  
 
 V   
 
 
 The intercept of the dc load line on the VCE-axis(X-axis) is =   
 
    15.  
 
 V   
 
 
 The intercept of the dc load line on the IC axis(Y-axis) is =   
 
    5.56  
 
 mA   
 
 
 The DC load line is the straight line joining above two intercepts.   
 
 Rac  =
 
    1.  
 
 
  2. For the AC load line   
 
 
 The intercept of the ac load line on the VCE-axis(X-axis) is =   
 
    13.2  
 
 V   
 
 
 The line joining the above intercept and the operating point Q extended to meet the IC axis(Y-axis) gives the AC load line  
 
 AV  =
 
  - 80.  
 
 vo  =
 
    80.  
 
 
  3. The amplitude of the output voltage vo is =   
 
    80.  
 
 mV   
 
 
 
grepthis#Electronics_Fundamentals_And_Applications_D._Chattopadhyay_And_P._C._Rakshit_2300/CH9/EX9.12.1/Ex9_1.sce #
 
 
 
 
 
 AVm  =
 
    120.  
 
 fm  =
 
    100.  
 
 AVl  =
 
    60.  
 
 AVh  =
 
    60.  
 
 f  =
 
    100000.  
 
 
 fl  =
 
    173.20508  
 
 
 
 The lower half-power frequency is =   
 
    173.2  
 
 Hz   
 
 
 fh  =
 
   57735.  
 
 
 
 The upper half-power frequency is =   
 
    57.7  
 
 kHz   
 
 
grepthis#Electronics_Fundamentals_And_Applications_D._Chattopadhyay_And_P._C._Rakshit_2300/CH9/EX9.12.2/Ex9_2.sce #
 
 
 
 
 
 
 hfe  =
 
    100.  
 
 hie  =
 
    2000.  
 
 Cob  =
 
    2.000D-12  
 
 C  =
 
    0.0000004  
 
 RL  =
 
    8000.  
 
 CW  =
 
    1.000D-11  
 
 fl  =
 
    39.788736  
 
 
 
 The lower half-power frequency is =   
 
    39.8  
 
 Hz   
 
 hfb  =
 
  - 0.99  
 
 Coc  =
 
    0.00  
 
 Cs  =
 
    0.00  
 
 Ro  =
 
   1600.  
 
 fh  =
 
   *****  
 
 
 
 The upper half-power frequency is =   
 
    469.  
 
 kHz   
 
 
grepthis#Electronics_Fundamentals_And_Applications_D._Chattopadhyay_And_P._C._Rakshit_2300/CH9/EX9.12.3/Ex9_3.sce #
 
 
 
 
 
 
 fm  =
 
    60.  
 
 
 
 f  =
 
    600000.  
 
 fl  =
 
    30.  
 
 fh  =
 
    300000.  
 
 
 
 
 a  =
 
    0.8944272  
 
 
 o  =
 
    26.6  
 
 
 
 For the low frequency gain with respect to the mid frequency gain    
 
 
 Magnitude=   
 
    0.89  
 
 
 Phase angle=   
 
    26.6  
 
 degree   
 
 
 
 
 b  =
 
    0.45  
 
 
 O  =
 
  - 63.43  
 
 
 
 For the high frequency gain with respect to the mid frequency gain    
 
 
 Magnitude=   
 
    0.447  
 
 
 Phase angle=   
 
  - 63.43  
 
 degree   
 
 
 
grepthis#Electronics_Fundamentals_And_Applications_D._Chattopadhyay_And_P._C._Rakshit_2300/CH9/EX9.12.4/Ex9_4.sce #
 
 
 
 
 
 
 RL  =
 
    12.  
 
 n  =
 
    8.  
 
 
 Im  =
 
    0.125  
 
 RL1  =
 
    768.  
 
 
 
 Pac  =
 
    6.  
 
 
 The output power is =   
 
    6.  
 
 W   
 
 
grepthis#Electronics_Fundamentals_And_Applications_D._Chattopadhyay_And_P._C._Rakshit_2300/CH9/EX9.12.5/Ex9_5.sce #
 
 
 
 
 
 VCQ  =
 
    6.  
 
 ICQ  =
 
    0.05  
 
 VCmin  =
 
    1.  
 
 VCmax  =
 
    11.  
 
 ICmin  =
 
    0.01  
 
 ICmax  =
 
    0.09  
 
 Ps  =
 
    0.3  
 
 
 The dc input power is =   
 
    0.3  
 
 W   
 
 Pac  =
 
    0.1  
 
 
 The ac output power is =   
 
    0.1  
 
 W   
 
 PT  =
 
    0.2  
 
 
 The collector dissipation is =   
 
    0.2  
 
 W   
 
 n  =
 
    33.333333  
 
 
 
 The efficiency is =   
 
    33.3  
 
 %   
 
 
grepthis#Electronics_Fundamentals_And_Applications_D._Chattopadhyay_And_P._C._Rakshit_2300/CH9/EX9.12.6/Ex9_6.sce #
 
 
 
 
 
 
 
 n  =
 
    3.  
 
 RL  =
 
    9.  
 
 VCC  =
 
    15.  
 
 RL1  =
 
    20.25  
 
 Pactot  =
 
    5.5555556  
 
 
 
 The maximum output power is =   
 
    5.56  
 
 W   
 
 Pstot  =
 
    7.07  
 
 
 
 The maximum dc power supplied is =   
 
    7.07  
 
 W   
 
 n  =
 
    78.5  
 
 
 
 The efficiency is =   
 
    78.5  
 
 %   
 
 
grepthis#Electronics_Fundamentals_And_Applications_D._Chattopadhyay_And_P._C._Rakshit_2300/CH9/EX9.12.7/Ex9_7.sce #
 
 
 
 
 
 
 L  =
 
    0.00012  
 
 C  =
 
    1.000D-10  
 
 R  =
 
    10.  
 
 hoe  =
 
    0.00005  
 
 hfe  =
 
    100.  
 
 hie  =
 
    2500.  
 
 RT  =
 
    10000.  
 
 fo  =
 
    1452879.2  
 
 
 
 The resonant frequency is =   
 
    1.45  
 
 MHz   
 
 Qo  =
 
    110.  
 
 Ro  =
 
   *****  
 
 Rp  =
 
   6316.  
 
 Qe  =
 
    5.77  
 
 B  =
 
   *****  
 
 
 
 The bandwidth is =   
 
    252.  
 
 kHz   
 
 AVm  =
 
  - 252.6  
 
 
 
 The maximum voltage gain is =   
 
  - 252.6  
 
 
grepthis#Electronics_Fundamentals_And_Applications_D._Chattopadhyay_And_P._C._Rakshit_2300/CH9/EX9.12.8/Ex9_8.sce #
 
 
 
 
 
 V  =
 
    10.  
 
 Vr  =
 
    7.07  
 
 
 
 
 
 x  =
 
    3.0116117  
 
 
 
 The decibel change in the output power level is =   
 
    3.  
 
 dB   
 
 
grepthis#Electronics_Fundamentals_And_Applications_D._Chattopadhyay_And_P._C._Rakshit_2300/CH9/EX9.12.9/Ex9_9.sce #
 
 
 
 
 
 Vorms  =
 
    2.  
 
 Pa  =
 
    42.  
 
 Pol  =
 
    0.4  
 
 Ri  =
 
    1000.  
 
 VOrms  =
 
    1.4142136  
 
 
 
 1. The rms output voltage at 100Hz,which is the lower cutoff frequency,is =   
 
    1.414  
 
 V   
 
 Po  =
 
    0.8  
 
 
 2. The output power in the midband region is =   
 
    0.8  
 
 W   
 
 
 
 Pi  =
 
    0.000  
 
 
 Vi  =
 
    0.225  
 
 
 
 3. The rms input voltage is =   
 
    0.2247  
 
 V   
 
 
 
grepthis#Electronics_Fundamentals_And_Applications_D._Chattopadhyay_And_P._C._Rakshit_2300/CH10/EX10.7.1/Ex10_1.sce #
 
 
 
 
 
 A  =
 
  - 100.  
 
 B  =
 
  - 0.04  
 
 Af  =
 
  - 20.  
 
 
 1.Voltage gain with feedback Af=   
 
  - 20.  
 
    
 
 F  =
 
  - 13.9794  
 
 
 
 2.Amount of feedback F=   
 
  - 13.98  
 
 dB   
 
 Vi  =
 
    0.04  
 
 Vo  =
 
  - 0.8  
 
 
 3.Output voltage Vo=   
 
  - 0.8  
 
 V   
 
 f  =
 
  - 4.  
 
 
 4.Feedback factor f=   
 
  - 4.  
 
    
 
 Vf  =
 
    0.032  
 
 
 5.Feedback voltage is Vf=   
 
    32.  
 
 mV   
 
 
 
grepthis#Electronics_Fundamentals_And_Applications_D._Chattopadhyay_And_P._C._Rakshit_2300/CH10/EX10.7.2/Ex10_2.sce #
 
 
 
 
 
 
 Negative feedback has to be applied for gain stability   
 
 
 
 Af  =
 
    10.  
 
 
 y  =
 
    2.  
 
 x  =
 
    20.  
 
 a  =
 
    10.  
 
 
 (1+(A*B))=   
 
    10.  
 
    
 
 
 A  =
 
    100.  
 
 
 Open loop gain A=   
 
    100.  
 
    
 
 
 B  =
 
    0.09  
 
 
 Minimum value of feedback ratio B=   
 
    0.09  
 
    
 
 
 
grepthis#Electronics_Fundamentals_And_Applications_D._Chattopadhyay_And_P._C._Rakshit_2300/CH10/EX10.7.3/Ex10_3.sce #
 
 
 
 
 
 VD  =
 
    0.1  
 
 VDf  =
 
    0.05  
 
 A  =
 
  - 80.  
 
 
 B  =
 
  - 0.0125  
 
 
 
 Reverse transmission factor B=   
 
  - 0.0125  
 
    
 
 
grepthis#Electronics_Fundamentals_And_Applications_D._Chattopadhyay_And_P._C._Rakshit_2300/CH10/EX10.7.4/Ex10_4.sce #
 
 
 
 
 
 B  =
 
    50.  
 
 VB  =
 
    6.4  
 
 
 
 VB=   
 
    6.4  
 
 V   
 
 VBE  =
 
    0.8  
 
 
 VBE=   
 
    0.8  
 
 V   
 
 VA  =
 
    9.2  
 
 
 VA=   
 
    9.2  
 
 V   
 
 I1  =
 
    0.0  
 
 
 
 I1=   
 
    0.01  
 
 A   
 
 IE1  =
 
    1.01  
 
 
 
 IE1=   
 
    1.01  
 
 A   
 
 
 IB1  =
 
    0.02  
 
 
 IB1=   
 
    19.8  
 
 mA   
 
 I2  =
 
    0.04  
 
 
 I2=   
 
    36.  
 
 mA   
 
 IC2  =
 
    0.02  
 
 
 IC2=   
 
    16.2  
 
 mA   
 
 
 IE2  =
 
    0.02  
 
 
 IE2=   
 
    16.2  
 
 mA   
 
 I3  =
 
    0.01  
 
 
 I3=   
 
    14.4  
 
 mA   
 
 IZ  =
 
    0.03  
 
 
 IZ=   
 
    30.6  
 
 mA   
 
 VCE  =
 
    10.  
 
 
 VCE=   
 
    10.  
 
 V   
 
 IC1  =
 
    0.99  
 
 P  =
 
    9.9  
 
 
 P=   
 
    9.9  
 
 W   
 
 
grepthis#Electronics_Fundamentals_And_Applications_D._Chattopadhyay_And_P._C._Rakshit_2300/CH10/EX10.7.5/Ex10_5.sce #
 
 
 
 
 
 A  =
 
    50.  
 
 Ri  =
 
    1000.  
 
 Ro  =
 
    40000.  
 
 
 B  =
 
    0.1  
 
 Af  =
 
    8.3333333  
 
 
 
 Gain of feedback amplifier Af=   
 
    8.33  
 
    
 
 Rif  =
 
   6000.  
 
 Rof  =
 
   6667.  
 
 
 
 Input resistance with feedback Rif=   
 
    6.  
 
 kilo ohm   
 
 
 Output resistance with feedback Rof=   
 
    6.67  
 
 kilo ohm   
 
 
grepthis#Electronics_Fundamentals_And_Applications_D._Chattopadhyay_And_P._C._Rakshit_2300/CH11/EX11.12.1/Ex11_1.sce #
 
 
 
 
 
 L  =
 
    0.05  
 
 C  =
 
    2.000D-10  
 
 R  =
 
    50.  
 
 hie  =
 
    2000.  
 
 hre  =
 
    0.0001  
 
 hfe  =
 
    98.  
 
 hoe  =
 
    0.00005  
 
 RB  =
 
    50000.  
 
 f  =
 
    50329.212  
 
 
 g  =
 
    0.09  
 
 
 M  =
 
    0.00  
 
 
 
 Frequency of oscillation is =   
 
    50.3  
 
 kHz   
 
 
 Mutual inductance is =   
 
    1.33  
 
 mH   
 
 
grepthis#Electronics_Fundamentals_And_Applications_D._Chattopadhyay_And_P._C._Rakshit_2300/CH11/EX11.12.2/Ex11_2.sce #
 
 
 
 
 
 
 
 
 f  =
 
    60000.  
 
 C  =
 
    4.000D-10  
 
 
 
 
 
 d  =
 
    0.0175905  
 
 
 
 hfe  =
 
    90.  
 
 dhe  =
 
    0.2  
 
 e  =
 
    450.  
 
 
 
 x  =
 
    1.      1.  
    450.  - 1.  
 
 y  =
 
    0.0175905  
    0.         
 
 L  =
 
    0.0000390  
    0.0175515  
 
 
 
 Inductance L1 is =   
 
    39.  
 
 micro Henry   
 
 
 Inductance L2 is =   
 
    17.55  
 
 mH   
 
 
 
grepthis#Electronics_Fundamentals_And_Applications_D._Chattopadhyay_And_P._C._Rakshit_2300/CH11/EX11.12.3/Ex11_3.sce #
 
 
 
 
 
 L  =
 
    0.02  
 
 C1  =
 
    2.000D-10  
 
 C2  =
 
    3.000D-10  
 
 Cs  =
 
    1.200D-10  
 
 f  =
 
    102734.07  
 
 
 Frequency of oscillation is =   
 
    102.73407  
 
 kHz   
 
 
grepthis#Electronics_Fundamentals_And_Applications_D._Chattopadhyay_And_P._C._Rakshit_2300/CH11/EX11.12.4/Ex11_4.sce #
 
 
 
 
 
 R  =
 
    4700.  
 
 C  =
 
    1.000D-08  
 
 f  =
 
    1070.8343  
 
 
 Frequency of oscillation f is =   
 
    1.0708343  
 
 kHz   
 
 
grepthis#Electronics_Fundamentals_And_Applications_D._Chattopadhyay_And_P._C._Rakshit_2300/CH11/EX11.12.5/Ex11_5.sce #
 
 
 
 
 
 f  =
 
    30.  
 
 C  =
 
    5.000D-10  
 
 
 R  =
 
    10610330.  
 
 
 Resistance needed to span the frequency range,R=   
 
    10.61033  
 
 Mega ohms   
 
 
 
 
 
 
 
 A  =
 
    6.  
 
 
 
 
 
 R3  =
 
 5:1   
 
 
 The ratio of the resistances in the other arms of the bridge,R1/R2 is =   
 
 5:1   
 
 
grepthis#Electronics_Fundamentals_And_Applications_D._Chattopadhyay_And_P._C._Rakshit_2300/CH11/EX11.12.6/Ex11_6.sce #
 
 
 
 
 
 
 L  =
 
    3.5  
 
 f  =
 
    450000.  
 
 R  =
 
    9050.  
 
 Q  =
 
    1093.4825  
 
 
 
 Quality factor is   
 
   1093.  
 
 
grepthis#Electronics_Fundamentals_And_Applications_D._Chattopadhyay_And_P._C._Rakshit_2300/CH12/EX12.9.1/Ex12_1.sce #
 
 
 
 
 
 Vmax  =
 
    8.  
 
 Vmin  =
 
    2.  
 
 ma  =
 
    0.6  
 
 
 Percentage modulation ma=   
 
    60.  
 
 %   
 
 
 VC  =
 
    5.  
 
 
 Amplitude of the unmodulated carrier is VC=   
 
    5.  
 
 V   
 
 
 In the textbook answer given is incorrect as they have further divided by 2 which is not the part of given formula.   
 
 
grepthis#Electronics_Fundamentals_And_Applications_D._Chattopadhyay_And_P._C._Rakshit_2300/CH12/EX12.9.2/Ex12_2.sce #
 
 
 
 
 
 fc  =
 
    1000000.  
 
 fmin  =
 
    400.  
 
 fmax  =
 
    1600.  
 
 fs  =
 
    1200.  
 
 
 1.Frequency span of each sideband is    
 
    1200.  
 
 Hz   
 
 fumax  =
 
    1001.6  
 
 
 2.The maximum upper side frequency is    
 
    1001.6  
 
 kHz   
 
 flmin  =
 
    998.4  
 
 
 3.The minimum lower side frequency is    
 
    998.4  
 
 kHz   
 
 Wc  =
 
    3.2  
 
 
 4.The channelwidth is    
 
    3.2  
 
 kHz   
 
 
grepthis#Electronics_Fundamentals_And_Applications_D._Chattopadhyay_And_P._C._Rakshit_2300/CH12/EX12.9.3/Ex12_3.sce #
 
 
 
 
 
 R  =
 
    100.  
 
 Vc  =
 
    100.  
 
 ma  =
 
    0.4  
 
 Pc  =
 
    50.  
 
 
 The unmodulated carrier power is Pc=    
 
    50.  
 
 W   
 
 Pt  =
 
    54.  
 
 
 The total power developed by the AM wave is Pt=   
 
    54.  
 
 W   
 
 
 
grepthis#Electronics_Fundamentals_And_Applications_D._Chattopadhyay_And_P._C._Rakshit_2300/CH12/EX12.9.4/Ex12_4.sce #
 
 
 
 
 
 ma  =
 
    0.5  
 
 Pc  =
 
    20.  
 
 Ps  =
 
    2.5  
 
 
 The total sideband power is Ps=   
 
    2.5  
 
 kW   
 
 
 Pa  =
 
    3.5714286  
 
 
 
 The required audio power is    
 
    3.57  
 
 kW   
 
 
grepthis#Electronics_Fundamentals_And_Applications_D._Chattopadhyay_And_P._C._Rakshit_2300/CH12/EX12.9.5/Ex12_5.sce #
 
 
 
 
 
 df  =
 
    30.  
 
 fm  =
 
    15.  
 
 mf  =
 
    2.  
 
 
 1.The modulation index is mf=   
 
    2.  
 
 fc  =
 
    100.  
 
 
 2.The three significant pairs of side frequencies are 100MHz+-15kHz(fc+-fm);100MHz+-30kHz(fc+-2fm);100MHz+-45kHz(fc+-3fm)   
 
 wc  =
 
    90.  
 
 
 3.The required channelwidth is    
 
    90.  
 
 kHz   
 
 
 
grepthis#Electronics_Fundamentals_And_Applications_D._Chattopadhyay_And_P._C._Rakshit_2300/CH12/EX12.9.6/Ex12_6.sce #
 
 
 
 
 
 R  =
 
    200000.  
 
 C  =
 
    1.500D-10  
 
 
 ma  =
 
    0.5  
 
 fmh  =
 
    10.61033  
 
 
 
 The required frequency is fmh=   
 
    10.61  
 
 kHz   
 
 
 
grepthis#Electronics_Fundamentals_And_Applications_D._Chattopadhyay_And_P._C._Rakshit_2300/CH12/EX12.9.7/Ex12_7.sce #
 
 
 
 
 
 Pc  =
 
    10.  
 
 Pt  =
 
    12.5  
 
 
 ma  =
 
    0.7071068  
 
 
 The depth of modulation is ma=   
 
    0.7071068  
 
 mb  =
 
    0.6  
 
 PT  =
 
    14.3  
 
 
 The total radiated power is PT=   
 
    14.3  
 
 kW   
 
 
grepthis#Electronics_Fundamentals_And_Applications_D._Chattopadhyay_And_P._C._Rakshit_2300/CH13/EX13.16.1/Ex13_1.sce #
 
 
 
 
 
 ND  =
 
    2.000D+21  
 
 e  =
 
    1.600D-19  
 
 E  =
 
    1.062D-10  
 
 a  =
 
    0.000002  
 
 Vp  =
 
    6.0236428  
 
 
 
 The pinch-off voltage is =   
 
    6.02  
 
 V   
 
 VGS  =
 
  - 2.  
 
 
 VDsat  =
 
    4.02  
 
 
 
 The saturation voltage is =   
 
    4.02  
 
 V   
 
 
grepthis#Electronics_Fundamentals_And_Applications_D._Chattopadhyay_And_P._C._Rakshit_2300/CH13/EX13.16.2/Ex13_2.sce #
 
 
 
 
 
 VGS  =
 
  - 1.5  
 
 IDsat  =
 
    0.005  
 
 RS  =
 
    300.  
 
 
 Resistance to be calculated is =   
 
    300.  
 
 ohm   
 
 
grepthis#Electronics_Fundamentals_And_Applications_D._Chattopadhyay_And_P._C._Rakshit_2300/CH13/EX13.16.3/Ex13_3.sce #
 
 
 
 
 
 VGS1  =
 
  - 1.  
 
 VGS2  =
 
  - 1.5  
 
 ID1  =
 
    0.007  
 
 ID2  =
 
    0.005  
 
 
 id  =
 
    0.002  
 
 vgs  =
 
    0.5  
 
 gm  =
 
    0.004  
 
 
 The transconductance of the FET is =   
 
    4.  
 
 mA/V   
 
 rd  =
 
    200000.  
 
 u  =
 
    800.  
 
 
 The amplification factor of the FET is =   
 
    800.  
 
 
grepthis#Electronics_Fundamentals_And_Applications_D._Chattopadhyay_And_P._C._Rakshit_2300/CH13/EX13.16.4/Ex13_4.sce #
 
 
 
 
 
 RL  =
 
    250000.  
 
 rd  =
 
    100000.  
 
 gm  =
 
    0.0005  
 
 u  =
 
    50.  
 
 AV  =
 
  - 35.714286  
 
 
 The voltage gain of FET amplifier is =   
 
  - 35.714286  
 
 
 The output resistance excluding RL is rd=   
 
    100.  
 
 kilo ohm   
 
 ro  =
 
    71428.571  
 
 
 Including RL,the output resistance is=   
 
    71.428571  
 
 kilo ohm   
 
 
grepthis#Electronics_Fundamentals_And_Applications_D._Chattopadhyay_And_P._C._Rakshit_2300/CH13/EX13.16.5/Ex13_5.sce #
 
 
 
 
 
 
 IDSS  =
 
    0.012  
 
 Vp  =
 
  - 4.  
 
 VGS  =
 
  - 2.  
 
 
 IDS  =
 
    0.003  
 
 
 The drain current for given value of VGS is=   
 
    3.  
 
 mA   
 
 gmo  =
 
    0.004  
 
 
 Vp  =
 
  - 6.  
 
 
 The pinch-off voltage for given value of gmo is =   
 
  - 6.  
 
 V   
 
 
grepthis#Electronics_Fundamentals_And_Applications_D._Chattopadhyay_And_P._C._Rakshit_2300/CH13/EX13.16.6/Ex13_6.sce #
 
 
 
 
 
 IDSS  =
 
    0.012  
 
 Vp  =
 
  - 4.  
 
 VDD  =
 
    30.  
 
 RL  =
 
    5000.  
 
 Rs  =
 
    600.  
 
 Rg  =
 
    1500000.  
 
 
 
 
 
 
 
 ID1  =
 
    13.821415  
 
 
 ID2  =
 
    3.22  
 
 
 
 ID1=   
 
    13.8  
 
 mA   
 
 
 ID2=   
 
    3.22  
 
 mA   
 
 
 As ID1>IDSS ,the value rejected is ID1=   
 
    13.8  
 
 mA   
 
 
 
 Therefore,the drain current is =   
 
    3.22  
 
 mA   
 
 ID  =
 
    0.00  
 
 VDS  =
 
    12.  
 
 
 The value of drain-to-source voltage VDS is =   
 
    12.  
 
 V   
 
 VGS  =
 
  - 1.93  
 
 
 The value of gate-to-source voltage VGS is=   
 
  - 1.93  
 
 V   
 
 
 As Vp=(-4)<VGS<0V and VDS=12V>(VGS-Vp),it is verified that the JFET is in the saturation region of the drain characteristic 
      s                                                                                                                      
 
 
grepthis#Electronics_Fundamentals_And_Applications_D._Chattopadhyay_And_P._C._Rakshit_2300/CH13/EX13.16.7/Ex13_7.sce #
 
 
 
 
 
 IDSS  =
 
    0.01  
 
 Vp  =
 
  - 2.  
 
 VDD  =
 
    20.  
 
 RL  =
 
    1000.  
 
 Rs  =
 
    2000.  
 
 R1  =
 
    12000000.  
 
 R2  =
 
    8000000.  
 
 VT  =
 
    8.  
 
 
 
 
 
 
 ID1  =
 
    5.7588723  
 
 
 ID2  =
 
    4.34  
 
 
 
 ID1=   
 
    5.76  
 
 mA   
 
 
 ID2=   
 
    4.34  
 
 mA   
 
 
 VGS  =
 
  -*****  
 
 
 As Vp>(VGS calculated using ID1), the value rejected is ID1=   
 
    5.76  
 
 mA   
 
 
 Therefore,the drain current is =   
 
    4.34  
 
 mA   
 
 ID  =
 
    0.00  
 
 VGS  =
 
  - 0.68  
 
 
 VGS=   
 
  - 0.68  
 
 V   
 
 VDS  =
 
    6.98  
 
 
 
 VDS=   
 
   7.  
 
 V   
 
 
 As Vp=(-2)<(VGS=-0.68V) and VDS=7V>(VGS-Vp),it is checked that the JFET operates in the saturation region    
 
 
grepthis#Electronics_Fundamentals_And_Applications_D._Chattopadhyay_And_P._C._Rakshit_2300/CH13/EX13.16.8/Ex13_8.sce #
 
 
 
 
 
 
 IDSS  =
 
    0.01  
 
 Vp  =
 
  - 4.  
 
 VGS  =
 
  - 2.5  
 
 
 IDS  =
 
    0.0014062  
 
 
 
 The drain current for given value of VGS is=   
 
    1.41  
 
 mA   
 
 VDSmin  =
 
    1.5  
 
 
 
 The minimum value of VDS for saturation is=   
 
    1.5  
 
 V   
 
 
grepthis#Electronics_Fundamentals_And_Applications_D._Chattopadhyay_And_P._C._Rakshit_2300/CH13/EX13.16.9/Ex13_9.sce #
 
 
 
 
 
 VDD  =
 
    20.  
 
 IDS  =
 
    0.9  
 
 Vp  =
 
  - 3.  
 
 IDSS  =
 
    8.  
 
 
 
 VGS  =
 
  - 1.9937694  
 
 
 The gate-to-source voltage VGS is=   
 
  - 1.9937694  
 
 V   
 
 
 gm  =
 
    1.7888544  
 
 
 
 The value of transconductance is=   
 
    1.79  
 
 mS   
 
 
 
grepthis#Electronics_Fundamentals_And_Applications_D._Chattopadhyay_And_P._C._Rakshit_2300/CH13/EX13.16.10/Ex13_10.sce #
 
 
 
 
 
 IDS  =
 
  - 15.  
 
 Vp  =
 
    5.  
 
 IDSS  =
 
  - 40.  
 
 
 
 VGS  =
 
    1.9381378  
 
 
 The gate-to-source voltage VGS is=   
 
    1.9381378  
 
 V   
 
 
grepthis#Electronics_Fundamentals_And_Applications_D._Chattopadhyay_And_P._C._Rakshit_2300/CH13/EX13.16.11/Ex13_11.sce #
 
 
 
 
 
 IDSS  =
 
    0.01  
 
 Vp  =
 
  - 5.  
 
 VDD  =
 
    24.  
 
 VDS  =
 
    8.  
 
 ID  =
 
    0.004  
 
 R1  =
 
    2000000.  
 
 R2  =
 
    1000000.  
 
 VT  =
 
    8.  
 
 
 
 VGS  =
 
  - 1.8377223  
 
 
 Rs  =
 
    2459.4306  
 
 
 The value of Rs =   
 
    2.4594306  
 
 kilo ohm   
 
 Rch  =
 
    2000.  
 
 
 The channel resistance at the Q-point is=   
 
    2.  
 
 kilo ohm   
 
 
grepthis#Electronics_Fundamentals_And_Applications_D._Chattopadhyay_And_P._C._Rakshit_2300/CH13/EX13.16.12/Ex13_12.sce #
 
 
 
 
 
 ID  =
 
    5.  
 
 VGS  =
 
    8.  
 
 VT  =
 
    4.  
 
 VGS2  =
 
    10.  
 
 
 K  =
 
    0.3125  
 
 ID1  =
 
    11.25  
 
 
 The saturation drain current for gate-source voltage of 10V is =   
 
    11.25  
 
 mA   
 
 
grepthis#Electronics_Fundamentals_And_Applications_D._Chattopadhyay_And_P._C._Rakshit_2300/CH13/EX13.16.13/Ex13_13.sce #
 
 
 
 
 
 
 VT  =
 
    2.  
 
 K  =
 
    0.5  
 
 VDD  =
 
    15.  
 
 RL  =
 
    1.  
 
 R1  =
 
    200000.  
 
 R2  =
 
    100000.  
 
 VGS  =
 
    5.  
 
 
 Threshold voltage is =   
 
    2.  
 
 V   
 
 
 The gate-to-source voltage VGS is =   
 
    5.  
 
 V   
 
 ID  =
 
    4.5  
 
 
 The value of drain current ID is =   
 
    4.5  
 
 mA   
 
 VDS  =
 
    10.5  
 
 
 The value of drain-to-source voltage VDS is=   
 
    10.5  
 
 V   
 
 
 As VDS>(VGS-VT),(i.e. 10.5>(5-2)),the operation is indeed in the active region    
 
 
grepthis#Electronics_Fundamentals_And_Applications_D._Chattopadhyay_And_P._C._Rakshit_2300/CH13/EX13.16.14/Ex13_14.sce #
 
 
 
 
 
 
 VDD  =
 
    18.  
 
 VGS  =
 
    0.  
 
 RL  =
 
    600.  
 
 IDSS  =
 
    18.  
 
 Vp  =
 
  - 5.  
 
 
 
 
 K  =
 
    0.72  
 
 
 The value of K is =   
 
    0.72  
 
 mA/V^2   
 
 ID  =
 
    18.  
 
 
 Since VGS=0,the value of ID=IDSS is=   
 
    18.  
 
 mA   
 
 VDS  =
 
    7.2  
 
 
 The value of VDS is =   
 
    7.2  
 
 V   
 
 
 Pinch off voltage Vp is =   
 
  - 5.  
 
 V   
 
 
 Gate to source voltage VGS is =   
 
    0.  
 
 V   
 
 
 As VDS>(VGS-Vp),(i.e.7.5>(0-(-5))),the MOSFET is actually in the active region    
 
 
 
grepthis#Electronics_Fundamentals_And_Applications_D._Chattopadhyay_And_P._C._Rakshit_2300/CH13/EX13.16.15/Ex13_15.sce #
 
 
 
 
 
 
 rd  =
 
    100000.  
 
 gm  =
 
    0.0035  
 
 RL  =
 
    5000.  
 
 u  =
 
    350.  
 
 AV  =
 
    0.9433962  
 
 
 
 The voltage gain is=   
 
    0.943  
 
 Ro  =
 
    284.9  
 
 
 
 The output resistance excluding RL is =   
 
    285.  
 
 ohm   
 
 Ro1  =
 
    270.  
 
 
 
 The output resistance including RL is=   
 
    269.  
 
 ohm   
 
 
 
grepthis#Electronics_Fundamentals_And_Applications_D._Chattopadhyay_And_P._C._Rakshit_2300/CH13/EX13.16.16/Ex13_16.sce #
 
 
 
 
 
 
 IDSS  =
 
    4.  
 
 Vp  =
 
  - 3.  
 
 RL  =
 
    10.  
 
 VGS  =
 
  - 0.7  
 
 gmo  =
 
    2.6666667  
 
 gm  =
 
    2.0444444  
 
 AV  =
 
  - 20.444444  
 
 
 The small signal voltage gain is =   
 
  - 20.444444  
 
 
 
grepthis#Electronics_Fundamentals_And_Applications_D._Chattopadhyay_And_P._C._Rakshit_2300/CH14/EX14.12.1/Ex14_1.sce #
 
 
 
 
 
 R1  =
 
    1000.  
 
 Rf  =
 
    3000.  
 
 v1  =
 
    2.  
 
 vo  =
 
  - 6.  
 
 
 Output voltage is=   
 
  - 6.  
 
 V   
 
 
 Output voltage is negative as it is the circuit of inverting amplifier   
 
 
 Input resistance Rin=R1 is =   
 
    1.  
 
 kilo ohm   
 
 i  =
 
    0.002  
 
 
 The input currrent is =   
 
    2.  
 
 mA   
 
 
grepthis#Electronics_Fundamentals_And_Applications_D._Chattopadhyay_And_P._C._Rakshit_2300/CH14/EX14.12.2/Ex14_2.sce #
 
 
 
 
 
 R1  =
 
    2000.  
 
 Rf  =
 
    5000.  
 
 AV  =
 
    3.5  
 
 
 The voltage gain of the given non-inverting amplifier circuit is =   
 
    3.5  
 
 
grepthis#Electronics_Fundamentals_And_Applications_D._Chattopadhyay_And_P._C._Rakshit_2300/CH14/EX14.12.3/Ex14_3.sce #
 
 
 
 
 
 
 v1  =
 
    0.00004  
 
 v2  =
 
  - 0.00004  
 
 vo  =
 
    0.1  
 
 
 V1  =
 
    0.00004  
 
 V2  =
 
    0.00004  
 
 Vo  =
 
    0.0004  
 
 
 In first case:   
 
 vd  =
 
    0.00008  
 
 
 vd=   
 
    80.  
 
 µV   
 
 vc  =
 
    0.  
 
 
 
 vc=   
 
    0.  
 
 µV   
 
 
 Ad  =
 
   1250.  
 
 
 Voltage gain for the difference signal is Ad =   
 
   1250.  
 
 
 In second case:   
 
 Vd  =
 
    0.  
 
 
 Vd=   
 
    0.  
 
 µV   
 
 Vc  =
 
    0.00  
 
 
 
 Vc=   
 
    40.  
 
 µV   
 
 Ac  =
 
    10.  
 
 
 Voltage gain for the common-mode signal is Ac =   
 
    10.  
 
 CMRR  =
 
    125.  
 
 
 Common Mode Rejection Ratio is CMRR=   
 
    125.  
 
 
grepthis#Electronics_Fundamentals_And_Applications_D._Chattopadhyay_And_P._C._Rakshit_2300/CH14/EX14.12.4/Ex14_4.sce #
 
 
 
 
 
 R1  =
 
    1000.  
 
 R2  =
 
    200.  
 
 R3  =
 
    400.  
 
 Rf  =
 
    500.  
 
 v1  =
 
  - 5.  
 
 v2  =
 
    3.  
 
 v3  =
 
    4.  
 
 vo  =
 
  - 10.  
 
 
 Output voltage of the 3-input summing amplifier circuit is =   
 
  - 10.  
 
 V   
 
 
 Output voltage is negative as it the circuit of inverting summing amplifier   
 
 
 
grepthis#Electronics_Fundamentals_And_Applications_D._Chattopadhyay_And_P._C._Rakshit_2300/CH14/EX14.12.5/Ex14_5.sce #
 
 
 
 
 
 R1  =
 
    1000.  
 
 Rf  =
 
    50000.  
 
 A  =
 
  - 50.  
 
 
 The voltage gain of the given inverting amplifier circuit is =   
 
  - 50.  
 
 
 
 
 If the operation were entirely linear ,the output voltage would have been -25*sin(100*%pi*t)   
 
 
 But since the voltage supply is +-12V ,the op-amp is saturated when |vout| attains 12V   
 
 
 
 to  =
 
    0.0015936  
 
 
 
 to=   
 
    0.00159  
 
 s   
 
 
 Thus over the entire cycle,   
 
 
 vout=-25*sin(100*%pi*t) V when 0<=t<=to   
 
 
 vout=-12V when to<=t<=(0.01-to)   
 
 
 vout=-25*sin(100*%pi*t) V when (0.01-to)<=t<=(0.01+to)   
 
 
 vout=+12V when (0.01+to)<=t<=(0.02-to)   
 
 
 vout=-25*sin(100*%pi*t) V when (0.02-to)<=t<=0.02 seconds   
 
 
grepthis#Electronics_Fundamentals_And_Applications_D._Chattopadhyay_And_P._C._Rakshit_2300/CH14/EX14.12.6/Ex14_6.sce #
 
 
 
 
 
 R  =
 
    2000.  
 
 C  =
 
    1.000D-08  
 
 
 
 d  =
 
    1500.  
 
 vo  =
 
  - 0.03  
 
 
 Output voltage of a differentiator is    
 
  - 0.03  
 
 V   
 
 
 Hence for <t<1 ms,vo=-0.03V=-30mV.Otherwise,vo=0V   
 
 
grepthis#Electronics_Fundamentals_And_Applications_D._Chattopadhyay_And_P._C._Rakshit_2300/CH14/EX14.12.8/Ex14_8.sce #
 
 
 
 
 
 R1  =
 
    5000.  
 
 Rf  =
 
    10000.  
 
 vi  =
 
    5.  
 
 V  =
 
    4.  
 
 
 Vo  =
 
    2.  
 
 
 Output voltage Vo of the circuit is =   
 
    2.  
 
 V   
 
 
grepthis#Electronics_Fundamentals_And_Applications_D._Chattopadhyay_And_P._C._Rakshit_2300/CH15/EX15.7.1/Ex15_1.sce #
 
 
 
 
 
 fc  =
 
    1000.  
 
 A  =
 
  - 56.  
 
 
 f  =
 
    10000.  
 
 
 
 n  =
 
    2.8  
 
 
 Order of given filter to be designed is (n)=   
 
    3.  
 
 
 
 k  =
 
    0.5  
 
 Ao  =
 
    2.  
 
 R1  =
 
    10000.  
 
 
 R2  =
 
    10000.  
 
 
 R  =
 
    1000.  
 
 C  =
 
    0.0000002  
 
 
 
 The designed values of resistance and capacitance for a low-pass Butterworth filter are:   
 
 
 R1=   
 
    10.  
 
 kilo ohm   
 
 
 R2=   
 
    10.  
 
 kilo ohm   
 
 
 R=   
 
    1.  
 
 kilo ohm   
 
 
 C=   
 
    0.16  
 
 micro Farad   
 
 
 
 
grepthis#Electronics_Fundamentals_And_Applications_D._Chattopadhyay_And_P._C._Rakshit_2300/CH15/EX15.7.2/Ex15_2.sce #
 
 
 
 
 
 Ao  =
 
    5.  
 
 
 R1  =
 
    1000.  
 
 R2  =
 
    4000.  
 
 fc  =
 
    200.  
 
 
 R  =
 
    5000.  
 
 C  =
 
    0.0000002  
 
 
 The designed values of resistance and capacitance for a high-pass Butterworth filter are:   
 
 
 R1=   
 
    1.  
 
 kilo ohm   
 
 
 R2=   
 
    4.  
 
 kilo ohm   
 
 
 R=   
 
    5.  
 
 kilo ohm   
 
 
 C=   
 
    0.1591549  
 
 micro Farad   
 
 
grepthis#Electronics_Fundamentals_And_Applications_D._Chattopadhyay_And_P._C._Rakshit_2300/CH15/EX15.7.3/Ex15_3.sce #
 
 
 
 
 
 fo  =
 
    1000.  
 
 f  =
 
    100.  
 
 
 Q  =
 
    10.  
 
 C1  =
 
    2.000D-08  
 
 C2  =
 
    2.000D-08  
 
 Ao  =
 
    2.  
 
 
 wo  =
 
    6283.1853  
 
 R1  =
 
    39788.736  
 
 R3  =
 
    159154.94  
 
 Rp  =
 
    397.88736  
 
 R2  =
 
    401.90642  
 
 
 The designed values of resistance and capacitance for a second order band-pass Butterworth filter are:   
 
 
 R1=   
 
    40.  
 
 kilo ohm   
 
 
 R2=   
 
    401.  
 
 ohm   
 
 
 R3=   
 
    160.  
 
 kilo ohm   
 
 
 C1=   
 
    0.02  
 
 micro Farad   
 
 
 C2=   
 
    0.02  
 
 micro Farad   
 
 
grepthis#Electronics_Fundamentals_And_Applications_D._Chattopadhyay_And_P._C._Rakshit_2300/CH15/EX15.7.4/Ex15_4.sce #
 
 
 
 
 
 fo  =
 
    400.  
 
 Q  =
 
    10.  
 
 C1  =
 
    1.000D-07  
 
 C2  =
 
    1.000D-07  
 
 Ao  =
 
    2.  
 
 
 wo  =
 
    2513.2741  
 
 R1  =
 
    19894.368  
 
 
 R3  =
 
   79577.  
 
 Rp  =
 
    198.9  
 
 R2  =
 
    201.  
 
 
 a  =
 
    10.  
 
 R6  =
 
   10000.  
 
 R5  =
 
    1000.  
 
 R4  =
 
    500.  
 
 
 The designed values of resistance and capacitance for a notch filter are:   
 
 
 R1=   
 
    19.89  
 
 kilo ohm   
 
 
 R2=   
 
    201.  
 
 ohm   
 
 
 R3=   
 
    79.58  
 
 kilo ohm   
 
 
 R4=   
 
    500.  
 
 ohm   
 
 
 R5=   
 
    1.  
 
 kilo ohm   
 
 
 R6=   
 
    10.  
 
 kilo ohm   
 
 
 C1=   
 
    0.1  
 
 micro Farad   
 
 
 C2=   
 
    0.1  
 
 micro Farad   
 
 
 
grepthis#Electronics_Fundamentals_And_Applications_D._Chattopadhyay_And_P._C._Rakshit_2300/CH16/EX16.10.1/Ex16_1.sce #
 
 
 
 
 
 Vp  =
 
    15.  
 
 VBB  =
 
    40.  
 
 n  =
 
    0.375  
 
 
 The intrinsic stand-off ratio is    
 
    0.375  
 
 R  =
 
    50000.  
 
 C  =
 
    2.000D-09  
 
 T  =
 
    47.000363  
 
 
 
 The time period is    
 
    47.  
 
 microseconds   
 
 
grepthis#Electronics_Fundamentals_And_Applications_D._Chattopadhyay_And_P._C._Rakshit_2300/CH17/EX17.17.1/Ex17_1.sce #
 
 
 
 
 
 x  =
 
    25.  
 
 s  =
 
 11001   
 
 
 1 Binary equivalent of 25 is    
 
 11001   
 
 
 y  =
 
    576.  
 
 s1  =
 
 1001000000   
 
 
 2 Binary equivalent of 576 is    
 
 1001000000   
 
 
 
grepthis#Electronics_Fundamentals_And_Applications_D._Chattopadhyay_And_P._C._Rakshit_2300/CH17/EX17.17.2/Ex17_2.sce #
 
 
 
 
 
 s  =
 
 1111   
 
 x  =
 
    15.  
 
 
 Decimal equivalent of 1111 is    
 
    15.  
 
 
 
grepthis#Electronics_Fundamentals_And_Applications_D._Chattopadhyay_And_P._C._Rakshit_2300/CH17/EX17.17.3/Ex17_3.sce #
 
 
 
 
 
 
 
 
 
 
 
 
 
 
 
 
 
 
 
 e  =
 
    1.999991893768311  
 w  =
 
    1.999991893768311  
 d  =
 
    110099999.  
 e  =
 
    1.  
 w  =
 
    1.999991893768311    1.  
 d  =
 
    11009999.  
 e  =
 
    1.  
 w  =
 
    1.999991893768311    1.    1.  
 d  =
 
    1100999.  
 e  =
 
    1.  
 w  =
 
    1.999991893768311    1.    1.    1.  
 d  =
 
    110099.  
 e  =
 
    1.  
 w  =
 
    1.999991893768311    1.    1.    1.    1.  
 d  =
 
    11009.  
 e  =
 
    1.  
 w  =
 
    1.999991893768311    1.    1.    1.    1.    1.  
 d  =
 
    1100.  
 e  =
 
    0.  
 w  =
 
    1.999991893768311    1.    1.    1.    1.    1.    0.  
 d  =
 
    110.  
 e  =
 
    0.  
 w  =
 
    1.999991893768311    1.    1.    1.    1.    1.    0.    0.  
 d  =
 
    11.  
 e  =
 
    1.  
 w  =
 
    1.999991893768311    1.    1.    1.    1.    1.    0.    0.    1.  
 d  =
 
    1.  
 e  =
 
    1.  
 w  =
 
    1.999991893768311    1.    1.    1.    1.    1.    0.    0.    1.    1.  
 d  =
 
    0.  
 
 
 
 
 
 
The decimal equivalent of 11.1101 is = 3.812500 
 
grepthis#Electronics_Fundamentals_And_Applications_D._Chattopadhyay_And_P._C._Rakshit_2300/CH17/EX17.17.4/Ex17_4.sce #
 
 
 
 
 
 
 
 
 
 
 
 
 
 
 
The binary equivalent of 4.625 is = 100.101000 
 
grepthis#Electronics_Fundamentals_And_Applications_D._Chattopadhyay_And_P._C._Rakshit_2300/CH17/EX17.17.5/Ex17_5.sce #
 
 
 
 
 
 dec  =
 
    263.  
 
 base  =
 
    5.  
 
 s  =
 
 2023   
 
 
 Equivalent of 263 in a code base 5 is    
 
 2023   
 
 
 
grepthis#Electronics_Fundamentals_And_Applications_D._Chattopadhyay_And_P._C._Rakshit_2300/CH17/EX17.17.6/Ex17_6.sce #
 
 
 
 
 
 x  =
 
    2.  
 
 s  =
 
    4.  
 
 s1  =
 
 100   
 
 
 Binary addition corresponding to decimal addition 2+2 is    
 
 100   
 
 
 
grepthis#Electronics_Fundamentals_And_Applications_D._Chattopadhyay_And_P._C._Rakshit_2300/CH17/EX17.17.7/Ex17_7.sce #
 
 
 
 
 
 x  =
 
 11111   
 
 y  =
 
 1011   
 
 z  =
 
 101   
 
 w  =
 
 10   
 
 v  =
 
 1   
 
 s1  =
 
    31.  
 
 s2  =
 
    11.  
 
 s3  =
 
    5.  
 
 s4  =
 
    2.  
 
 s5  =
 
    1.  
 
 a  =
 
    50.  
 
 b  =
 
 110010   
 
 
 Binary addition of 11111+1011+101+10+1 is    
 
 110010   
 
 
 
 Decimal equivalent corresponding to above binary addition is    
 
    50.  
 
 
 
grepthis#Electronics_Fundamentals_And_Applications_D._Chattopadhyay_And_P._C._Rakshit_2300/CH17/EX17.17.8/Ex17_8.sce #
 
 
 
 
 
 x  =
 
 1101   
 
 y  =
 
 111   
 
 s1  =
 
    13.  
 
 s2  =
 
    7.  
 
 a  =
 
    6.  
 
 s  =
 
 110   
 
 
 Binary subtraction 1101-111 is =   
 
 110   
 
 
 
grepthis#Electronics_Fundamentals_And_Applications_D._Chattopadhyay_And_P._C._Rakshit_2300/CH17/EX17.17.9/Ex17_9.sce #
 
 
 
 
 
 hFE  =
 
    30.  
 
 VBE  =
 
    0.8  
 
 VCE  =
 
    0.2  
 
 R1  =
 
    15000.  
 
 R2  =
 
    100000.  
 
 RL  =
 
    2000.  
 
 VCC  =
 
    10.  
 
 VBB  =
 
  - 10.  
 
 
 VB  =
 
  - 1.3043478  
 
 
 For input level 0 V:   
 
 
 As a bias of approximately 0 V is sufficient to cut off a silicon emitter junction ,it follows that transistor is cut off w 
      hen vi=0                                                                                                               
 
 
 When vi=0,the output voltage is vo=VCC=   
 
    10.  
 
 V   
 
 
 This indicates that the output is in state 1 when the input is in state 0   
 
 
 
 iC  =
 
    0.0049  
 
 iB  =
 
    0.0001633  
 
 i1  =
 
    0.0006133  
 
 i2  =
 
    0.000108  
 
 iB1  =
 
    0.0005053  
 
 
 For input level 10 V:   
 
 
 Since iB>iB(min),it is verified that the transistor is in saturation   
 
 When vi=10,the output voltage is vo=VCE(sat)=   
 
    0.2  
 
 V   
 
 This indicates that the output is in state 0 when the input is in state 1   
 
 
 Overall it has been thus verified that the circuit has performed the NOT operation   
 
 
grepthis#Electronics_Fundamentals_And_Applications_D._Chattopadhyay_And_P._C._Rakshit_2300/CH17/EX17.17.10/Ex17_10.sce #
 
 
 
 
 
 A  =
 
    0.  
 
 B  =
 
    0.  
 
 C  =
 
    0.  
 
 
 Boolean expression C=A+B for inputs A=0 and B=0 is   
 
    0.  
 
 A  =
 
    1.  
 
 B  =
 
    0.  
 
 C  =
 
    1.  
 
 
 Boolean expression C=A+B for inputs A=1 and B=0 is   
 
    1.  
 
 A  =
 
    1.  
 
 B  =
 
    1.  
 
 C  =
 
    1.  
 
 
 Boolean expression C=A+B for inputs A=1 and B=1 is   
 
    1.  
 
 
grepthis#Electronics_Fundamentals_And_Applications_D._Chattopadhyay_And_P._C._Rakshit_2300/CH19/EX19.29.1/Ex19_1.sce #
 
 
 
 
 
 ID  =
 
    0.00005  
 
 k  =
 
    0.000025  
 
 VDS  =
 
    0.25  
 
 VGS  =
 
    5.  
 
 VTH  =
 
    1.5  
 
 w  =
 
    2.2857143  
 
 
 
 W/L=   
 
    2.29  
 
 P  =
 
    0.00  
 
 
 The dissipated power is=   
 
    12.5  
 
 micro Watt   
 
 VDD  =
 
    5.  
 
 R  =
 
   *****  
 
 
 The load resistance is=   
 
    95.  
 
 kilo ohm   
 
 
grepthis#Electronics_Fundamentals_And_Applications_D._Chattopadhyay_And_P._C._Rakshit_2300/CH19/EX19.29.2/Ex19_2.sce #
 
 
 
 
 
 ID  =
 
    0.00005  
 
 k  =
 
    0.000025  
 
 VDEP  =
 
    3.  
 
 l  =
 
    2.25  
 
 
 Pull-up (L/W)=   
 
    2.25  
 
 VGS  =
 
    5.  
 
 VTH  =
 
    1.  
 
 VDs  =
 
    4.75  
 
 VDD  =
 
    5.  
 
 
 l1  =
 
    0.5  
 
 
 Pull-down (L/W)=   
 
    0.5  
 
 
grepthis#Electronics_Fundamentals_And_Applications_D._Chattopadhyay_And_P._C._Rakshit_2300/CH19/EX19.29.3/Ex19_3.sce #
 
 
 
 
 
 w  =
 
    10.  
 
 un  =
 
    1350.  
 
 up  =
 
    540.  
 
 
 
 
 
 w1  =
 
    25.  
 
 
 W/L value of the PMOS transistor in a CMOS inverter is =   
 
    25.  
 
 
grepthis#Electronics_Fundamentals_And_Applications_D._Chattopadhyay_And_P._C._Rakshit_2300/CH19/EX19.29.4/Ex19_4.sce #
 
 
 
 
 
 f  =
 
    2.000D+09  
 
 VDD  =
 
    3.  
 
 Cl  =
 
    1.000D-12  
 
 P  =
 
    0.05  
 
 N  =
 
    2.7777778  
 
 
 
 N=   
 
    2.78  
 
 
 The maximum permissible number of fan-outs is(integer just below actual value)=   
 
    2.  
 
 
grepthis#Electronics_Fundamentals_And_Applications_D._Chattopadhyay_And_P._C._Rakshit_2300/CH19/EX19.29.5/Ex19_5.sce #
 
 
 
 
 
 L  =
 
    0.000003  
 
 VDS  =
 
    0.5  
 
 u  =
 
    0.14  
 
 t  =
 
    1.286D-10  
 
 
 
 The transit time is=   
 
    0.13  
 
 nanoseconds   
 
 
grepthis#Electronics_Fundamentals_And_Applications_D._Chattopadhyay_And_P._C._Rakshit_2300/CH19/EX19.29.6/Ex19_6.sce #
 
 
 
 
 
 y  =
 
    2.  
 
 W  =
 
    6.  
 
 
 W=   
 
    6.  
 
 micrometres   
 
 n  =
 
    80.  
 
 i  =
 
    0.07  
 
 I  =
 
    5.6  
 
 
 I=   
 
    5.6  
 
 mA   
 
 
 
 This needs a line at least width of   
 
 
    5.6  
 
 micrometres   
 
 
 Above calculated minimum metal line-width (W) is thus the safe width of the metal line driving 80 inverters.   
 
 f  =
 
    5.  
 
 w  =
 
    30.  
 
 
 The metal line-width required to supply a fan-out of 5 lines is=   
 
    30.  
 
 micrometres   
 
 
grepthis#Electronics_Fundamentals_And_Applications_D._Chattopadhyay_And_P._C._Rakshit_2300/CH20/EX20.9.1/Ex20_1.sce #
 
 
 
 
 
 e  =
 
    1.600D-19  
 
 Va  =
 
    1000.  
 
 m  =
 
    9.110D-31  
 
 v  =
 
    18741994.  
 
 l  =
 
    0.02  
 
 t  =
 
    1.067D-09  
 
 
 
 The transit time is =   
 
    1.07D-09  
 
 s   
 
 Vd  =
 
    20.  
 
 s  =
 
    0.005  
 
 ta  =
 
    7.03D+14  
 
 
 
 Traverse acceleration is =   
 
    7.025D+14  
 
 m/s^2   
 
 L  =
 
    0.25  
 
 d  =
 
    0.01  
 
 
 
 Spot deflection is =   
 
    1.  
 
 cm   
 
 S  =
 
    0.0005  
 
 
 
 Deflection sensitivity is =   
 
    0.5  
 
 mm/V   
 
 
grepthis#Electronics_Fundamentals_And_Applications_D._Chattopadhyay_And_P._C._Rakshit_2300/CH20/EX20.9.2/Ex20_2.sce #
 
 
 
 
 
 e  =
 
    1.600D-19  
 
 Va  =
 
    1000.  
 
 m  =
 
    9.110D-31  
 
 v  =
 
    18741994.  
 
 l  =
 
    0.015  
 
 t  =
 
    8.003D-10  
 
 
 
 
 T  =
 
    0.0000029  
 
 f  =
 
    347073.97  
 
 
 
 The highest frequency of the deflecting voltage is =   
 
    347.  
 
 kHz   
 
 
grepthis#Electronics_Fundamentals_And_Applications_D._Chattopadhyay_And_P._C._Rakshit_2300/CH20/EX20.9.3/Ex20_3.sce #
 
 
 
 
 
 V  =
 
    1000.  
 
 
 B  =
 
    0.015  
 
 l  =
 
    0.01  
 
 L1  =
 
    0.2  
 
 e  =
 
    1.600D-19  
 
 m  =
 
    9.110D-31  
 
 d  =
 
    0.2811299  
 
 
 
 The deflection of the spot is=   
 
    28.1  
 
 cm   
 
 Sm  =
 
    18.7  
 
 
 
 The magnetic deflection sensitivity is=   
 
    1.87  
 
 mm/gauss   
 
 
grepthis#Electronics_Fundamentals_And_Applications_D._Chattopadhyay_And_P._C._Rakshit_2300/CH20/EX20.9.4/Ex20_4.sce #
 
 
 
 
 
 sw  =
 
    10.  
 
 n  =
 
    2.5  
 
 c  =
 
    4.  
 
 ct  =
 
    0.1  
 
 t  =
 
    0.4  
 
 T  =
 
    0.08  
 
 f  =
 
    12.5  
 
 
 The frequency of the signal is =   
 
    12.5  
 
 kHz   
 
 
grepthis#Electronics_Fundamentals_And_Applications_D._Chattopadhyay_And_P._C._Rakshit_2300/CH20/EX20.9.5/Ex20_5.sce #
 
 
 
 
 
 
 
 
 
 
 fh  =
 
    1.  
 
 nh  =
 
    3.  
 
 nv  =
 
    4.  
 
 fv  =
 
    0.75  
 
 
 The frequency of the vertical signal is =   
 
    750.  
 
 Hz   
 
 
 
grepthis#Electronics_Fundamentals_And_Applications_D._Chattopadhyay_And_P._C._Rakshit_2300/CH20/EX20.9.6/Ex20_6.sce #
 
 
 
 
 
 
 A  =
 
    2.6  
 
 vyo  =
 
    1.1  
 
 sino  =
 
    0.4230769  
 
 x  =
 
    25.028999  
 
 
 As the major axis of the ellipse has a negative slope,phase difference between the two voltages must lie between 90 degree  
      and 180 degree                                                                                                         
 
 
 Therefore,phase difference between the voltages is =   
 
    154.971  
 
 degree   
 
 
grepthis#Electronics_Fundamentals_And_Applications_D._Chattopadhyay_And_P._C._Rakshit_2300/CH21/EX21.13.1/Ex21_1.sce #
 
 
 
 
 
 Npe  =
 
    6.000D+10  
 
 Npf  =
 
    1.000D+12  
 
 fCE  =
 
    2204540.8  
 
 
 
 Critical frequency for the E layer is =   
 
    2.2  
 
 MHz   
 
 fCF  =
 
   *****  
 
 
 
 Critical frequency for the F layer is =   
 
    9.  
 
 MHz   
 
 R  =
 
   6400.  
 
 He  =
 
    110.  
 
 ime  =
 
    79.5  
 
 
 fmE  =
 
   ***  
 
 
 The maximum frequency reflected from the E layer is =   
 
   12.  
 
 MHz   
 
 Hf  =
 
   ***  
 
 imf  =
 
   74.  
 
 
 fmF  =
 
   ***  
 
 
 The maximum frequency reflected from the F layer is =   
 
   33.  
 
 MHz   
 
 
 
grepthis#Electronics_Fundamentals_And_Applications_D._Chattopadhyay_And_P._C._Rakshit_2300/CH21/EX21.13.2/Ex21_2.sce #
 
 
 
 
 
 R  =
 
    6400.  
 
 He  =
 
    110.  
 
 ime  =
 
    1.3867046  
 
 
 o  =
 
    0.1840917  
 
 
 L  =
 
   2356.  
 
 
 
 The maximum distance for single hop transmission is =   
 
   2356.  
 
 km   
 
 
 
grepthis#Electronics_Fundamentals_And_Applications_D._Chattopadhyay_And_P._C._Rakshit_2300/CH21/EX21.13.3/Ex21_3.sce #
 
 
 
 
 
 
 fc  =
 
    3000000.  
 
 Np  =
 
    1.111D+11  
 
 
 
 h  =
 
    61.111111  
 
 H  =
 
    100.  
 
 
 The required height above the ground is =   
 
    161.11111  
 
 km   
 
 
grepthis#Electronics_Fundamentals_And_Applications_D._Chattopadhyay_And_P._C._Rakshit_2300/CH23/EX23.31.1/Ex23_1.sce #
 
 
 
 
 
 y  =
 
    0.0000006  
 
 c  =
 
    3.000D+08  
 
 v  =
 
    4.762D+14  
 
 
 
 The frequency of the emitted radiation is   
 
 
 v=   
 
    4.76D+14  
 
 Hz   
 
 h  =
 
    6.62D-34  
 
 P  =
 
    0.001  
 
 n  =
 
    3.17D+15  
 
 
 
 The number of photons emitted per second is=   
 
    3.17D+15  
 
 s^-1   
 
 
grepthis#Electronics_Fundamentals_And_Applications_D._Chattopadhyay_And_P._C._Rakshit_2300/CH23/EX23.31.2/Ex23_2.sce #
 
 
 
 
 
 V  =
 
    500.  
 
 t  =
 
    0.002  
 
 
 The coherence time is =   
 
    2.  
 
 ms   
 
 c  =
 
    3.000D+08  
 
 Lc  =
 
    600000.  
 
 
 The longitudinal coherence length is=   
 
    600.  
 
 km   
 
 
grepthis#Electronics_Fundamentals_And_Applications_D._Chattopadhyay_And_P._C._Rakshit_2300/CH23/EX23.31.3/Ex23_3.sce #
 
 
 
 
 
 
 
 
 
 Lc  =
 
    600.  
 
 d  =
 
    300.  
 
 
 The minimum difference between the two arms of the Michelson interferometer is=   
 
    300.  
 
 km   
 
 
 
grepthis#Electronics_Fundamentals_And_Applications_D._Chattopadhyay_And_P._C._Rakshit_2300/CH23/EX23.31.4/Ex23_4.sce #
 
 
 
 
 
 h  =
 
    6.620D-34  
 
 v  =
 
    3.000D+08  
 
 kB  =
 
    1.380D-23  
 
 T  =
 
    1000.  
 
 w  =
 
    6000.  
 
 R  =
 
    2.611D+10  
 
 
 R=   
 
    2.611D+10  
 
 
 
 As the ratio of the number of spontaneous to stimulated transitions (R) is >> 1 the emission is predominantly due to sponta 
      neous transitions and is thus incoherent                                                                               
 
 
grepthis#Electronics_Fundamentals_And_Applications_D._Chattopadhyay_And_P._C._Rakshit_2300/CH23/EX23.31.5/Ex23_5.sce #
 
 
 
 
 
 u  =
 
    8.000D-14  
 
 
 c  =
 
    3.000D+08  
 
 y  =
 
    0.0000012  
 
 V  =
 
    20.815265  
 
 t  =
 
    0.0480417  
 
 
 The coherence time is =   
 
    48.041667  
 
 ms   
 
 
 Lc  =
 
    1.44D+07  
 
 
 The coherence length is=   
 
    1.44D+07  
 
 m   
 
 
 
grepthis#Electronics_Fundamentals_And_Applications_D._Chattopadhyay_And_P._C._Rakshit_2300/CH23/EX23.31.6/Ex23_6.sce #
 
 
 
 
 
 
 
 
 
 
 
 c  =
 
    3.000D+08  
 
 tc  =
 
    1.000D-08  
 
 y0  =
 
    0.0000007  
 
 Y0  =
 
    1.408D-13  
 
 
 
 Line width is =   
 
    1.41D-04  
 
 nm   
 
 Lc  =
 
    3.00D+00  
 
 
 
 The coherence length Lc is=   
 
    3.  
 
 m   
 
 
grepthis#Electronics_Fundamentals_And_Applications_D._Chattopadhyay_And_P._C._Rakshit_2300/CH23/EX23.31.7/Ex23_7.sce #
 
 
 
 
 
 o  =
 
    0.00005  
 
 f  =
 
    10.  
 
 D  =
 
    0.0005  
 
 r  =
 
    0.00025  
 
 
 
 The image radius is =   
 
    0.00025  
 
 cm   
 
 a  =
 
    0.000000196350  
 
 P  =
 
    0.01  
 
 PD  =
 
    50929.58178941  
 
 
 
 Power density is =   
 
    50929.582  
 
 W/cm^2   
 
 y  =
 
    0.00006  
 
 d  =
 
    1.2  
 
 
 The lateral coherent width is =   
 
    1.2  
 
 cm   
 
 
grepthis#Electronics_Fundamentals_And_Applications_D._Chattopadhyay_And_P._C._Rakshit_2300/CH23/EX23.31.8/Ex23_8.sce #
 
 
 
 
 
 h  =
 
    6.620D-34  
 
 c  =
 
    3.000D+08  
 
 y  =
 
    0.0000006  
 
 E  =
 
    3.138D-19  
 
 e  =
 
    1.520D-18  
 
 P  =
 
    1.834D-18  
 
 
 The desired pumping energy is =   
 
    11.46152  
 
 eV   
 
 
 
grepthis#Electronics_Fundamentals_And_Applications_D._Chattopadhyay_And_P._C._Rakshit_2300/CH23/EX23.31.9/Ex23_9.sce #
 
 
 
 
 
 h  =
 
    6.620D-34  
 
 v  =
 
    2.400D+15  
 
 c  =
 
    3.000D+08  
 
 A21  =
 
    60240964.  
 
 B21  =
 
    7.072D+18  
 
 
 The desired probability is =   
 
    7.072D+18  
 
 m^3/(J.s^2)   
 
 
grepthis#Electronics_Fundamentals_And_Applications_D._Chattopadhyay_And_P._C._Rakshit_2300/CH23/EX23.31.10/Ex23_10.sce #
 
 
 
 
 
 u1  =
 
    1.55  
 
 u2  =
 
    1.5  
 
 oa  =
 
    22.986391  
 
 
 
 The acceptance angle is =   
 
    23.  
 
 degree   
 
 NA  =
 
    0.39  
 
 
 NA=   
 
    0.39  
 
 
 oc  =
 
    75.4  
 
 
 Critical angle=   
 
    75.4  
 
 degree   
 
 d  =
 
    0.00  
 
 x  =
 
    0.00  
 
 n  =
 
   5207.  
 
 
 The number of reflections per metre is =   
 
   5207.  
 
 
 
