grepthis#Electronics_Fundamentals_And_Applications_D._Chattopadhyay_And_P._C._Rakshit_2300/CH4/EX4.7.2/Ex4_2.sce #
 
 
 
 
[2J[0;0H 
 
 
 
 Es  =
 
    1.036D-10  
 
 e  =
 
    1.600D-19  
 
 m  =
 
    4.400D+15  
 
 
 Nd  =
 
    2.742D+21  
 
 
 Nd=   
 
    2.742D+21  
 
 m^-3   
 
 
grepthis#Electronics_Fundamentals_And_Applications_D._Chattopadhyay_And_P._C._Rakshit_2300/CH14/EX14.12.9/Ex14_9.sce #
 
 
 
[2J[0;0H 
 
 R1  =
 
    10000.  
 
 R2  =
 
    100.  
 
 R3  =
 
    10000.  
 
 R4  =
 
    10000.  
 
 R5  =
 
    10000.  
 
 
 
 
 
 
 
 
 
 R  =
 
    0.0202  
 
 r  =
 
    0.0202  
 
 
 R=   
 
    0.0202  
 
 
 r=   
 
    0.0202  
 
 
 
 
 Differential mode gain A=Vo/(V1-V2)=   
 
  - 202.  
 
 
