grepthis#Heat_Transfer_(in_Si_Units)_J._P._Holman_405/CH2/EX2.7/2_7.sce #
 
[2J[0;0H 
			Example Number 2.7


 
 
 
 
 
 
 
 
 
 
 
 
 
 
Material	(hP/kA)		m		mL 

copper		12.987013	3.603750		0.360375 

stainless steel	294.117647	17.149859	1.714986 

glass		6250.000000	79.056942	7.905694 
 
 
 

the parameters of interest for the heat flow and efficiency comparisons are now tabulated as 

Material		(hPkA)		mLc 

copper		0.189990		0.378394 

stainless steel	0.008389		1.800735 

glass		0.000395		8.300979 
 
 

Material		efficiency	q relative to copper percentage 

copper		0.954856		100.000000 

stainless steel	0.525831		55.069099 

glass		0.120468		12.616316 
 
 
 
 
 
 
 
 
 
 
 
 
 
grepthis#Heat_Transfer_(in_Si_Units)_J._P._Holman_405/CH2/EX2.9/2_9.sce #
 
[2J[0;0H 
			Example Number 2.9


 
 
 
 
 
 
 
 
 
 
 
 
 
 
 
 
 
 
 
 
 
 
 
 
the actual heat transferred is 60.966575 W 
 
 
grepthis#Heat_Transfer_(in_Si_Units)_J._P._Holman_405/CH2/EX2.10/2_10.sce #
 
[2J[0;0H 
			Example Number 2.10


 
 
 
 
 
 
 
 
 
 
 
 
 
 
 
 
 
 
 
 
 
 
 
 
 
 
 
 
the expression for the temperature distribution in the rod is  

 theta` = (((theta1`*exp^(2*m*L)-theta2`*exp^(m*L))*exp^(-m*x))+((theta2`exp^(m*L)-theta1`)exp^(m*x))/(exp^(2*m*L)-1)) 

 for an infinitely long heat generating fin with the left end maintained at T1, the temperature distribution becomes  

 theta`/theta1 = exp^(-m*x) 
 
 
 
 
grepthis#Heat_Transfer_(in_Si_Units)_J._P._Holman_405/CH3/EX3.6/3_6.sce #
 
[2J[0;0H 
			Example Number 3.6


 
 
 
 
 
 
 
 
 
 
 
 
 
 
 
 
 
 
 
 
 
 
 
 
 
 
 
 
 
 
the iteration table is shown as : 

 
 
    275.       259.375      252.34375    250.58594    250.14648    250.03662  
    268.75     254.6875     251.17188    250.29297    250.07324    250.01831  
    168.75     154.6875     151.17188    150.29297    150.07324    150.01831  
    159.375    152.34375    150.58594    150.14648    150.03662    150.00916  
 


 after five iterations the solution converges and the final temperatures are 
 
 
 T1=   
 
    250.03662  
 
 
 T2=   
 
    250.01831  
 
 
 T3=   
 
    150.01831  
 
 
 T4=   
 
    150.00916  
 
 
 
grepthis#Heat_Transfer_(in_Si_Units)_J._P._Holman_405/CH3/EX3.8/3_8.sce #
 
[2J[0;0H 
			Example Number 3.8


 
 
 
 
 
 
 
 
 
 
 
 
 
 
 
 
 
 
 
 
 
 
 
 
 
 
 
 
 
 
 
 
 
 
 
 
 
 
 
 
 
 
 
 
 
 
 
 
 
 
 
 
 
Nodes(1,2,3,4,8,9,10,11,15,16,17,18,22,23,24,25) temperature at 20 W/m respectively 
 
    31.324452  
    32.553865  
    36.250916  
    49.741533  
    31.46542   
    32.823746  
    36.836409  
    47.74885   
    31.552055  
    32.987453  
    37.145912  
    46.629161  
    31.581274  
    33.042237  
    37.242422  
    46.268133  
 
 
 
 


 Nodes(1,2,3,4,8,9,10,11,15,16,17,18,22,23,24,25) temperature at 40 W/m respectively 
 
    32.648903  
    35.107731  
    42.501833  
    69.483067  
    32.93084   
    35.647491  
    43.672819  
    65.4977    
    33.10411   
    35.974905  
    44.291823  
    63.258323  
    33.162549  
    36.084474  
    44.484844  
    62.536266  
 
 
 
 
 


 the convection loss at the top surface is given by (for 20 W/m heat generation) 19.337774 W 


 the convection loss at the top surface is given by (for 40 W/m heat generation) 38.675548 W 
 
grepthis#Heat_Transfer_(in_Si_Units)_J._P._Holman_405/CH3/EX3.11/3_11.sce #
 
[2J[0;0H 
			Example Number 3.11


 
 
 
 
 
 
 
 
 
 
 
 
 
 
 
 
 
 
 
 
 
 
 
 
 
 
 
 
 
 
 
 
 
 
 
 
 
 
 
 
 
 
 
 
 
 
 
 
 
Nodal temperatures for node(1,2,3,4,5,6,7,8,9,10,11,12,13,14) are respectively as follows in degree celsius 
 
    247.78755  
    247.78755  
    147.57735  
    147.57735  
    294.02304  
    367.33912  
    399.06577  
    208.75305  
    276.26767  
    313.99486  
    164.72148  
    214.98365  
    119.38259  
    135.88116  
 
 
 
grepthis#Heat_Transfer_(in_Si_Units)_J._P._Holman_405/CH3/EX3.12/3_12.sce #
 
[2J[0;0H 
			Example Number 3.12


 
 
 
 
 
 
 
 
 
 
 
 
 
 
 
 
 
 
 
 
 
 
 
 
 
 
 
 
 
 
 
 
 
 
 
 
 
 
 
 
 
 
 
 
 
 
 
 
 
 
 
 
 
 
 
 
 
 
the following results for the temperature in each z-plane is ; 

		 z-plane		Node 1			Node 2 

		1.000000		45.901776		40.294432 

		2.000000		84.361667		80.570382 

		3.000000		95.336175		93.834143 

		4.000000		98.485063		97.927985 

		5.000000		99.161157		98.835657 
 
 
 
 
 
 
 
 
 
 
 
 
 
 
 
 
 
 
 
 
grepthis#Heat_Transfer_(in_Si_Units)_J._P._Holman_405/CH4/EX4.5/4_5.sce #
 
[2J[0;0H 
			Example Number 4.5


 
 
 
 
 
 
 
 
 
 
 
 
 
 
 
 
 
 
The iteration are listed below
 
 
 
 
 
 t		h*sqrt(alpha*t)/k 	 x/(2*sqrt(alpha*t)) 	 (T_x_t-Ts)/(Te-Ts) 

 1000.000000		 0.707718 	 0.069007 		 0.41 
 
 
 

 3000.000000		 1.225804 	 0.039841 		 0.61 
 
 
 

 4000.000000		 1.415437 	 0.034503 		 0.68 

 consequently the time required is approximately 3000 second 
 
 
 
 
 
grepthis#Heat_Transfer_(in_Si_Units)_J._P._Holman_405/CH4/EX4.6/4_6.sce #
 
[2J[0;0H 
			Example Number 4.6


 
 
 
 
 
 
 
 
 
 
 
 
 
 
 
 
 
 
 
 
 
 
 
 
 
 
 
 
 
 
 
 
 
 
 
 
 


 temperature at a depth of 1.25 cm from one of faces after 1 min of exposure of plate to the environment is 147.714000 degree celsius 


 energy removed per unit area from the plate in this time is 6.475950e+06 J/square meter 
 
 
 
grepthis#Heat_Transfer_(in_Si_Units)_J._P._Holman_405/CH4/EX4.7/4_7.sce #
 
[2J[0;0H 
			Example Number 4.7(Page no.-154-155)


 
 
 
 
 
 
 
 
 
 
 
 
 
 
 
 
 
 
 
 
 
 
 
 
 
 
 
 
 
 
 
 
 
 
 
 
 
 
 
temperature at a radius of 1.25 cm is 118.412000 degree celsius 


heat lost per unit length 1 minute after the cylinder is exposed to the environment is 4.031743e+05 J/m 
grepthis#Heat_Transfer_(in_Si_Units)_J._P._Holman_405/CH4/EX4.8/4_8.sce #
 
[2J[0;0H 
			Example Number 4.8


 
 
 
 
 
 
 
 
 
 
 
 
 
 
 
 
 
 
 
 
 
 
 
 
 
 
 
 
 
 
 
 
 
 
 
 
 
 
 
 
 
the temperature at the axis is 117.621600 degree celsius 

 the temperature at the surface is 116.192952 degree celsius 
 
 
 
 
grepthis#Heat_Transfer_(in_Si_Units)_J._P._Holman_405/CH4/EX4.9/4_9.sce #
 
[2J[0;0H 
			Example Number 4.9


 
 
 
 
 
 
 
 
 
 
 
 
 
 
 
 
 
 
 
 
 
 
 
 
 
 
 
 
 
 
 
 
 
 
 
 
 
 
 
 
the temperature at a radial position of 0.0125 m and a distance of 0.00625m from one end of cylinder 60 second after exposure to environment is 104.493550 degree celsius 
 
 
 
grepthis#Heat_Transfer_(in_Si_Units)_J._P._Holman_405/CH4/EX4.10/4_10.sce #
 
[2J[0;0H 
			Example Number 4.10


 
 
 
 
 
 
 
 
 
 
 
 
 
 
 
 
 
 
 
 
 
 
 
 
 
 
 
 
 
 
 
 
 
 
 
 the actual heat loss in the 1-minute  is 40.180395 kJ 
 
 
 
 
 
 
 
 
 
 
 
 
 
 
 
grepthis#Heat_Transfer_(in_Si_Units)_J._P._Holman_405/CH6/EX6.3/6_3.sce #
 
[2J[0;0H 
			Example Number 6.3


 
 
 
 
 
 
 
 
 
 
 
 
 
 
 
 
 
 
 
 
 reynolds number is   
 
    823.27113  
 
 
 so that the flow is laminar   
 
 
 
 
 
 
 
 
 
 
 
 
 
 
 
 
 
 
 

 total heat transfer is 3.488536 W 


 exit wall temperature is 160.959789 degree celsius 


 heat transfer coefficient is 26.451600 W/square meter degree celsius 
 
 
 
 
 
grepthis#Heat_Transfer_(in_Si_Units)_J._P._Holman_405/CH6/EX6.5/6_5.sce #
 
[2J[0;0H 
			Example Number 6.5


 
 
 
 
 
 
 
 
 
 
 
 
 
 
 
 
 
 
 
 
 
 
 
 
 
 
 
 
 
 
 
 
 
 
 
the length of tube necessary to accomplish the heating is 1.398596 m 
 
 
grepthis#Heat_Transfer_(in_Si_Units)_J._P._Holman_405/CH6/EX6.6/6_6.sce #
 
[2J[0;0H 
			Example Number 6.6


 
 
 
 
 
 
 
 
 
 
 
 
 
 
 
 
 
 
 
 reynolds number is    
 
    50987.89  
 
 
 so the flow is turbulent   
 
 
 
 
 
 
 
 
 
 
 
 
 
 
 
 


 the constant heat flux that must be applied at the tube surface to result in an air temperature rise of 5 degree celsius is 11870.800000 W/square meter 
 
 


 average wall temperature is 370.125054 K 
 
 
grepthis#Heat_Transfer_(in_Si_Units)_J._P._Holman_405/CH7/EX7.13/7_13.sce #
 
[2J[0;0H 
			Example Number 7.13


 
 
 
 
 
 
 
 
 
 
 
 
 
 
 
 
 
 
 
 
 
 
 
 
 
 
 
 
 
 
 
 
 
 
 
heat transfer coefficient is 9.401395 W/square meter degree celsius 
 
 
grepthis#Heat_Transfer_(in_Si_Units)_J._P._Holman_405/CH8/EX8.2/8_2.sce #
 
[2J[0;0H 
			Example Number 8.2


 
 
 
 
 
 
 
 
 
 
 
 
 
 
 
 
 
net radiant heat exchange between the two plates is 18.330312 kW 
 
 
 
 
 
 
 
 
 
grepthis#Heat_Transfer_(in_Si_Units)_J._P._Holman_405/CH8/EX8.3/8_3.sce #
 
[2J[0;0H 
			Example Number 8.3


 
 
 
 
 
 
 
 
 
 
 
 
 
 
 
 
 
 
 
 
 
 
 
 
 
 
 
 
 
 
 
 
 
 
 
shape factor between the open ends of the cylinder is 0.076800  
 
 
 
 
 
 
 
 
grepthis#Heat_Transfer_(in_Si_Units)_J._P._Holman_405/CH8/EX8.4/8_4.sce #
 
[2J[0;0H 
			Example Number 8.4


 
 
 
 
 
 
 
 
 
 
 
 
 
 
 
 
 
 
 
 
 
 
 
 
 
 
 
 
 
 
 
 
shape factor between the top surface and the side is 0.520000  

shape factor between the side and itself is 0.397752  
 
 
 
 
 
 
 
 
 
 
 
 
 
 
 
 
 
 
 
 
 
 
 
grepthis#Heat_Transfer_(in_Si_Units)_J._P._Holman_405/CH8/EX8.5/8_5.sce #
 
[2J[0;0H 
			Example Number 8.5


 
 
 
 
 
 
 
 
 
 
 
 
 
 
 
 
 
 
 
 
 
 
 
 
 
 
 
value of F12 is 0.424413  

value of F13 is 0.262302  

value of F11 is 0.313285  
 
 
 
 
 
 
grepthis#Heat_Transfer_(in_Si_Units)_J._P._Holman_405/CH8/EX8.6/8_6.sce #
 
[2J[0;0H 
			Example Number 8.6


 
 
 
 
 
 
 
 
 
 
 
 
 
 
 
 
 
 
 
 
 
 
 
 
 
 
 
 
 
 
 
 
 
 
 
 
 
 
 
 
 
 
 
 
 
 
 
 
 
 
 
 
 
 
 
 
the net heat transfer for plate 1 is 14.425572 kW 


 the net heat transfer for plate 2 is 2.593356 kW 


 the net heat transfer to the room  is 17.018929 kW 
 
 
 
 
 
grepthis#Heat_Transfer_(in_Si_Units)_J._P._Holman_405/CH8/EX8.7/8_7.sce #
 
[2J[0;0H 
			Example Number 8.7


 
 
 
 
 
 
 
 
 
 
 
 
 
 
 
 
 
 
 
 
 
 
 
 
 
 
 
 
 
 
 
 
 
 
 
 
 
 
 
 
 
 
 
 
temperature of the insulated surface is 599.377986 K 


 heat lost by the surface at 1000K is 8.228899 kW 
 
 
 
 
 
grepthis#Heat_Transfer_(in_Si_Units)_J._P._Holman_405/CH8/EX8.8/8_8.sce #
 
[2J[0;0H 
			Example Number 8.8


 
 
 
 
 
 
 
 
 
 
 
 
 
 
 
 
 
 
 
 
 
 
 
 
 
 
 
 
 
 
net radiant exchange is 798.257758 W 
 
 
 
 
 
 
grepthis#Heat_Transfer_(in_Si_Units)_J._P._Holman_405/CH8/EX8.10/8_10.sce #
 
[2J[0;0H 
			Example Number 8.10


 
 
 
 
 
 
 
 
 
 
 
 
 
 
 
 
 
 
 
 
 
so the heat tranfer is reduced by 93.182796 percent 
 
 
 
 
 
 
 
 
 
 
 
 
 
 
 
 
 
grepthis#Heat_Transfer_(in_Si_Units)_J._P._Holman_405/CH8/EX8.11/8_11.sce #
 
[2J[0;0H 
			Example Number 8.11


 
 
 
 
 
 
 
 
 
 
 
 
 
 
 
 
 
 
 
 
 
 
 
 
 
 
 
 
 
 
 
 
 
 
 
 
 
 
 
 
 
 
 
 
 
 
 
 
 
temperature of the outer cylinder is 715.951351 K 


total heat lost by inner cylinder is 2826.468844 W 
 
 
 
 
 
 
 
 
 
 
 
 
 
 
 
 
 
 
 
 
 
 
 
 
grepthis#Heat_Transfer_(in_Si_Units)_J._P._Holman_405/CH8/EX8.12/8_12.sce #
 
[2J[0;0H 
			Example Number 8.12


 
 
 
 
 
 
 
 
 
 
 
 
 
 
 
 
 
 
 
 
 
 
 
 
 
 
 
 
 
 
 
 
 
 
 
 
the heat-transfer rate between the two planes is 5620.674098 W/square meter 


 the temperature of the gas is 592.419792 K 


 the ratio of heat-transfer with presence of gas to without presence of gas is 0.971311 
 
 
 
grepthis#Heat_Transfer_(in_Si_Units)_J._P._Holman_405/CH8/EX8.14/8_14.sce #
 
[2J[0;0H 
			Example Number 8.14


 
 
 
 
 
 
 
 
 
 
 
 
 
 
 
 
 
 
 
 
 
 
 
 
 
 
 
 
 
 
 
 
 
 
 
 
 
 
 
 
 
 
 
 
 
 
 
 
 
 
 
 
 
 
 
 
 
 
 
 
radiation lost through the quartz window to a room temperature of 30 degree celsius is 112171.214503 W/square meter 


 with no windows at all, the heat transfer would be 1.483966e+05 W/square meter 
 
 
 
 
 
 
 
 
 
 
 
 
 
grepthis#Heat_Transfer_(in_Si_Units)_J._P._Holman_405/CH8/EX8.15/8_15.sce #
 
[2J[0;0H 
			Example Number 8.15


 
 
 
 
 
 
 
 
 
 
 
 
 
 
 
 
 
 
 
 
 
 
 
 
 
 
 
 
 
 
 
 
 
 
 
 
 
 
 
 
 
 
 
 
 
 
 
 
heat lost to the large room per unit length of surface 2 is 18370.186466 W/m 


 temperature of the insulated surface is 780.798364 K 
 
 
 
 
 
 
 
 
 
 
 
 
 
 
 
 
 
 
 
 
 
 
 
 
grepthis#Heat_Transfer_(in_Si_Units)_J._P._Holman_405/CH8/EX8.16/8_16.sce #
 
[2J[0;0H 
			Example Number 8.16


 
 
 
 
 
 
 
 
 
 
 
 
 
 
 
 
 
 
 
 
 
 
 
 
 
 
 
 
 
 
 
 
 
 
 
 
 
 
 
 
 
 
 
 
 
		 CASE(A) 


 the heat transfers are 

		 q1 = 44.182319 kW 

		 q1 = -4.022486 kW 


 the net heat absorbed by the room in part (a) is 40.159833 kW 
 
 
 
 
 
 
 
 
 
 
 
 
 
 
 
 
 
 
 
 
 
 
 
 
 
 
 
 
 
 


 		CASE(B) 


 the heat transfers are 

		 q1 = 18.938995 kW 

		 q2 = -18.938995 kW 


 the temperature of the insulated wall is 893.755615 K 
 
 
 
 
 
 
 
 
 
 
 
 
 
 
 
 
grepthis#Heat_Transfer_(in_Si_Units)_J._P._Holman_405/CH8/EX8.17/8_17.sce #
 
[2J[0;0H 
			Example Number 8.17


 
 
 
 
 
 
 
 
 
 
 
 
 
 
 
 
 
 
 
 
 
 
 
 
 
 
 
 
 
 
 
 
 
 
 
 
 
 
 
 
 
 
 
 
 
 
 
 
 
 
 
 
 
 
 
 
 
 
 
 
 
 
 
 
 
 
 
 
 
 
 
 
 
 
 
 
 
 
 
the heat transfer rate is 47.531863 W 
 
 
 
 
 
 
 
 


thus the assumption of uniform radiosity gives a heat transfer that is 1.879346 percent below the value obtained by breaking the hot surface into four parts for the calculations 
 
 
 
 
 
 
 
 
 
 
 
 
 
 
 
 
 
 
 
 
 
 
 
 
 
 
 
grepthis#Heat_Transfer_(in_Si_Units)_J._P._Holman_405/CH8/EX8.18/8_18.sce #
 
[2J[0;0H 
			Example Number 8.18


 
 
 
 
 
 
 
 
 
 
 
 
 
 
 
 
 
 
 
 
 
 
 
 
 
 
 
 
 
 
 
 
 
 
 
 
 
 
 
 
 
 
 
 
 
 
 
 
 
 
 
 
 
 
 
 
 
 
 
 
 
 
 
 
 
 
 
 
 
 
 
 
 
 
 
 
 
 
 
 
 
 
 
 
 
 
 
 
 
 
 
 
 
 
 
temperature of all surfaces are following  


	 T1 = 1274.881324 K 


	 T2 = 802.874579 K 


	 T3 = 779.521642 K 


	 T4 = 802.874579 K 


	 T5 = 779.521642 K 
 
 
 
 
 
 
 
 
 
 
 
 
 
 
 
 
 
 
 
 
 
 
 
 
 
 
 
 
 
 
 
 
 
 
 


 from second method T1 = 1288.077327 K 


 so there is a difference of 13.196003 K between the two methods 
 
 
 
 
 
 
 
 
 
 
 
 
 
 
 
 
 
 
 
 
 
 
 
 
 
 
 
 
 
 
 
grepthis#Heat_Transfer_(in_Si_Units)_J._P._Holman_405/CH8/EX8.19/8_19.sce #
 
[2J[0;0H 
			Example Number 8.19


 
 
 
 
 
 
 
 
 
 
 
 
 
 
 
 
 
 
 
 
 
 
 
 
 
 
 
 
 
 
 
 
 
 
 
 
 
 
 
 
 
 
 
 
 
 
 
 
 
 
 
 
 
 
 


 the heat lost by plate is 43138.125436 W 
 
grepthis#Heat_Transfer_(in_Si_Units)_J._P._Holman_405/CH9/EX9.3/9_3.sce #
 
[2J[0;0H 
			Example Number 9.3


 
 
 
 
 
 
 
 
 
 
 
 
 
heat transfer for water brass system is 9623.063426 W/square meter 
grepthis#Heat_Transfer_(in_Si_Units)_J._P._Holman_405/CH10/EX10.4/10_4.sce #
 
[2J[0;0H 
			Example Number 10.4


 
 
 
 
 
 
 
 
 
 
 
 
 
 
 
 
 
 
 
area of heat-exchanger is 15.814568 square meter  
grepthis#Heat_Transfer_(in_Si_Units)_J._P._Holman_405/CH10/EX10.5/10_5.sce #
 
[2J[0;0H 
			Example Number 10.5


 
 
 
 
 
 
 
 
 
 
 
 
 
 
 
 
 
 
 
 
 
area required for this exchanger is 19.526441 square meter 
 
 
grepthis#Heat_Transfer_(in_Si_Units)_J._P._Holman_405/CH10/EX10.6/10_6.sce #
 
[2J[0;0H 
			Example Number 10.6


 
 
 
 
 
 
 
 
 
 
 
 
 
 
 
 
 
 
 
 
 
 
 
 
 
 
 
 
 
 
 
 
 
 
 
 
 
 
 
 
 
 
number of tubes per pass = 37.000000 


 number of passes = 2 


 length of tube per pass = 1.707894 m 
 
 
grepthis#Heat_Transfer_(in_Si_Units)_J._P._Holman_405/CH10/EX10.7/10_7.sce #
 
[2J[0;0H 
			Example Number 10.7


 
 
 
 
 
 
 
 
 
 
 
 
 
 
 
 
 
 
 
 
 
 
 
 
 
surface area of heat exchanger is 10.837200 square meter 
 
grepthis#Heat_Transfer_(in_Si_Units)_J._P._Holman_405/CH10/EX10.8/10_8.sce #
 
[2J[0;0H 
			Example Number 10.8


 
 
 
 
 
 
 
 
 
 
 
 
 
 
 
 
 
the objective of this example is to show that an iterative procedure is required when the inlet and outlet temperatures are not known or easily calculated 


 there is no need to go through this iteration because it can be avoided by using the techniques described in section 10-6 
 
 
grepthis#Heat_Transfer_(in_Si_Units)_J._P._Holman_405/CH10/EX10.9/10_9.sce #
 
[2J[0;0H 
			Example Number 10.9


 
 
 
 
 
 
 
 
 
 
 
 
 
 
 
 
 
 
 
 
 
 
 
 
 
 
 
 
 
 
 
 
we find a reduction in the oil flow rate of 50 % causes a reduction in heat transfer of only 34.486146 % 
 
 
 
 
 
 
 
 
 
 
grepthis#Heat_Transfer_(in_Si_Units)_J._P._Holman_405/CH10/EX10.10/10_10.sce #
 
[2J[0;0H 
			Example Number 10.10


 
 
 
 
 
 
 
 
 
 
 
 
 
 
 
 
 
 
 
 
 
 
 
 
 
 
 
 
 
 
 
exit water temperature is 90.800000 degree celcius 


 the total heat transfer under the new flow conditions is 155.496000 kW 
 
 
 
 
 
 
 
 
 
 
grepthis#Heat_Transfer_(in_Si_Units)_J._P._Holman_405/CH10/EX10.11/10_11.sce #
 
[2J[0;0H 
			Example Number 10.11


 
 
 
 
 
 
 
 
 
 
 
 
 
 
 
 
 
 
 
 
 
 
 
 
 
 
 
 
 
 
 
 
 
 
 
 
 
 
 
 
 
 
 
 
 
 
 
 
 
 
 
 
 
 
 
 
 
 
 
 
 
 
 
the exit water temperature is 21.117887 degree celsius 


 the heat transfer is 40.327394 kW 
grepthis#Heat_Transfer_(in_Si_Units)_J._P._Holman_405/CH10/EX10.12/10_12.sce #
 
[2J[0;0H 
			Example Number 10.12


 
 
 
 
 
 
 
 
 
 
 
 
 
 
 
 
 
 
 
 
 
 
 
 
 
 
 
 
 
 
 
 
 
 
 
 
 
 
 
 
 
 
 
 
 
we have find that 2.468281 square meter of area is required for each of small exchangers, or a total of 4.936561 square meter 


 the area required in the one larger exchanger is 4.638665 square meter 


 the cost per unit area is greater so that the most economical choice would be the single larger exchanger  
grepthis#Heat_Transfer_(in_Si_Units)_J._P._Holman_405/CH10/EX10.13/10_13.sce #
 
[2J[0;0H 
			Example Number 10.13


 
 
 
 
 
 
 
 
 
 
 
 
 
 
 
 
 
 
 
 
 
 
 
 
 
 
 
area required for the heat exchanger is 20.086324 square meter 
 
 
 
 
 
 
grepthis#Heat_Transfer_(in_Si_Units)_J._P._Holman_405/CH10/EX10.16/10_16.sce #
 
[2J[0;0H 
			Example Number 10.16


 
 
 
 
 
 
 
 
 
 
 
 
 
 
 
 
 
 
 
 
 
 
 
 
 
heat-transfer coefficient is 115.486519 W/square meter degree celsius 
 
 
 
 
 
 
 
 
grepthis#Heat_Transfer_(in_Si_Units)_J._P._Holman_405/CH10/EX10.17/10_17.sce #
 
[2J[0;0H 
			Example Number 10.17


 
 
 
 
 
 
 
 
 
 
 
 
 
 
 
 
 
 
 
 
 
 
 
 
 
 
 
 
 
 
 
 
 
 
 
 
 
 
 
 
 
 
 
 
 
 
 
 
 
 
 
 
 
 
 
 
 
 
 
 
 
 
 
 
 
 
 
 
 
 
 
 
 
 
 
 
 
 
 
 
 
 
 
 
 
the result of the calculations are shown in the accompanying figure 
 
 
grepthis#Heat_Transfer_(in_Si_Units)_J._P._Holman_405/CH10/EX10.18/10_18.sce #
 
[2J[0;0H 
			Example Number 10.18


 
 
 
 
 
 
 
 
 
 
 
 
 
 
 
 
 
 
 
 
 
 
 
 
 
 
 
 
 
 
 
 
 
 
 
 
 
 
 
grepthis#Heat_Transfer_(in_Si_Units)_J._P._Holman_405/CH11/EX11.5/11_5.sce #
 
[2J[0;0H 
			Example Number 11.5


 
 
 
 
 
 
 
 
 
 
 
 
 
 
 
 
 
 
 
 
 
 
 
 
 
 
 
 
 
evaporation rate on the land under these conditions is 2.802263e-03 kg/h square meter 
 
 
 
