grepthis#Design_With_Operational_Amplifiers_And_Analog_Integrated_Circuits_S._Franco_929/CH6/EX6.2.b/Example6_2_b.sce #
 
 
 
 
[2J[0;0H 
 
 
 
 
 
 
 
 
 
 
 
 
 
 
 
 
 
 
 
 
 
 
 
 
 
 
 
 
 
 
 
grepthis#Design_With_Operational_Amplifiers_And_Analog_Integrated_Circuits_S._Franco_929/CH13/EX13.7/Example13_7.sce #
 
 
 
 
[2J[0;0H 
 
 
 
 
 
 
 
 
 
 
 
 
 
 
 
 
 
 
 
 
 
 
 
 
 
 
 
 
 
 
 
 
 
 
 
 
 
R1=95.3 kohms 
 

R2=130 kohms 
 

C=100 pF 
 
 
 
 
 
 
 
 
 
 
 

Filter Components : 
 

R3=80.6 kohms 
 

C1=22 nF 
 

R4=2 kohms 
 

C2=10 nF 
grepthis#Design_With_Operational_Amplifiers_And_Analog_Integrated_Circuits_S._Franco_929/CH13/EX13.8/Example13_8.sce #
 
 
 
 
[2J[0;0H 
 
 
 
 
 
 
 
 
 
 
 
 
 
 
 
 
 
 
 
 
 
 
 
 
 
 
 
 
 
 
 
 
 
 
 
 
 
 
 
 
 
 
 
 
 
 
 
 
 
R1=28.0 kohms 
 

R2=287 kohms 
 

C=110 pF 
 

fI=1 kHz 
 
 
 
 
 
 
 
 
 

Filter Components : 
 

R3=6.17 kohms 
 

C1=1 uF 
 

R4=3.45 kohms 
