Total number of .sce files(without counting DEPENDENCIES directory): 98

grepthis#Engineering_Physics_A._Marikani_1664/CH1/EX1.1/Ex1_1.sce #
 
 
 
 
 
 
 
 
 
 

The fundamental frequency of vibration of the crystal is 1.8200 MHz 
 
 
grepthis#Engineering_Physics_A._Marikani_1664/CH1/EX1.2/Ex1_2.sce #
 
 
 
 
 
 
 
 
 
 

The fundamental frequency of vibration of the crystal is 2.730e+06 Hz 
 
 

The frequency of the first overtone of the crystal is 5.460e+06 Hz 
 
grepthis#Engineering_Physics_A._Marikani_1664/CH1/EX1.3/Ex1_3.sce #
 
 
 
 
 
 
 
 
 
 

The wavelength of the ultrasonic wave is 1.501e-05 m 
 

The velocity of ultrasonic wave is 1501 m/s 
 
grepthis#Engineering_Physics_A._Marikani_1664/CH1/EX1.4/Ex1_4.sce #
 
 
 
 
 
 
 
 
 

The Doppler shifted frequency is 1.299e+04 Hz 
 
grepthis#Engineering_Physics_A._Marikani_1664/CH1/EX1.5/Ex1_5.sce #
 
 
 
 
 
 
 

The velocity of the ultrasonic waves is 5459.97 m/s 
 
grepthis#Engineering_Physics_A._Marikani_1664/CH2/EX2.1/Ex2_1.sce #
 
 
 
 
 
 
 
 
 

The energy of one photon in joules is 3.141e-19 J 
 

The energy of one photon in eV is 1.96 eV 
 

The number of photons emitted per second by He-Ne laser are 1.592e+16 photons per second 
 
 
grepthis#Engineering_Physics_A._Marikani_1664/CH2/EX2.2/Ex2_2.sce #
 
 
 
 
 
 
 
 

The energy of emitted photon in joules is 3.141e-19 J 
 

The energy of emitted photon in eV is 1.96 eV 
 
grepthis#Engineering_Physics_A._Marikani_1664/CH2/EX2.3/Ex2_3.sce #
 
 
 
 
 
 
 
 

 The energy of emitted photon is  1.729e-19 J 
 

 The energy of emitted photon is  1.080 eV 
 E1  =
 
    0.  
 
 E2  =
 
    1.4  
 
 
 

 The value of E3 energy level is 2.480 eV 
 
grepthis#Engineering_Physics_A._Marikani_1664/CH2/EX2.4/Ex2_4.sce #
 
 
 
 
 
 
 

The energy difference is 1.6 eV 
 
 
 
 

The wavelength of the photon is 7.765e-07 m 
 
grepthis#Engineering_Physics_A._Marikani_1664/CH2/EX2.5/Ex2_5.sce #
 
 
 
 
 
 
 
 

The wavelength of the laser emitted by GaAs is 8.749e-07 m 
 
grepthis#Engineering_Physics_A._Marikani_1664/CH2/EX2.6/Ex2_6.sce #
 
 
 
 
 
 
 
 
 
 
 

The relative population between energy levels N1 and N2 is 5.068e+41 
 
grepthis#Engineering_Physics_A._Marikani_1664/CH2/EX2.7/Ex2_7.sce #
 
 
 
 
 
 
 
 
 
 

The ratio between stimulated emission and spontaneous emission is 1.762e-35.
Therefore, the stimulated emission is not possible in this condition. 
 
grepthis#Engineering_Physics_A._Marikani_1664/CH2/EX2.8/Ex2_8.sce #
 
 
 
 
 
 
 
 
 

The efficiency of the laser is 0.016667 percent 
 
grepthis#Engineering_Physics_A._Marikani_1664/CH2/EX2.9/Ex2_9.sce #
 
 
 
 
 
 
 
 

The intensity of the laser is 1.273e+09 W/m^2 
 
grepthis#Engineering_Physics_A._Marikani_1664/CH2/EX2.10/Ex2_10.sce #
 
 
 
 
 
 
 
 

The angular spread is 6.328e-04 radian 
 
 

The radius of the spread is 3.164e-03 m 
 

The area of the spread is 3.145e-05 m^2 
 
 
grepthis#Engineering_Physics_A._Marikani_1664/CH3/EX3.1/Ex3_1.sce #
 
 
 
 
 
 
 
 

The numerical aperture of the fibre is 0.5568 
 
grepthis#Engineering_Physics_A._Marikani_1664/CH3/EX3.2/Ex3_2.sce #
 
 
 
 
 
 
 
 
 

The numerical aperture of the fibre is 0.3487 
 

The acceptance angle of the fibre is 20.4086 degree 
 
grepthis#Engineering_Physics_A._Marikani_1664/CH3/EX3.3/Ex3_3.sce #
 
 
 
 
 
 
 
 

The critical angle of the fibre is 68.63 degree 
 
grepthis#Engineering_Physics_A._Marikani_1664/CH3/EX3.4/Ex3_4.sce #
 
 
 
 
 
 
 
 
 
 
 

The refractive index of the core is 1.5572 
 

The acceptance angle of the fibre is 6.476 degree 
 
grepthis#Engineering_Physics_A._Marikani_1664/CH3/EX3.5/Ex3_5.sce #
 
 
 
 
 
 
 
 
 
 

The refractive index of the cladding is 1.477 
 
grepthis#Engineering_Physics_A._Marikani_1664/CH3/EX3.6/Ex3_6.sce #
 
 
 
 
 
 
 
 
 

The refractive index of the core is 1.50 
 

The refractive index of cladding is 1.478 
 
 
grepthis#Engineering_Physics_A._Marikani_1664/CH4/EX4.1/Ex4_1.sce #
 
 
 
 
 
 
 
 
 
 
 

The change in wavelength is 4.146e-12 m 
 
grepthis#Engineering_Physics_A._Marikani_1664/CH4/EX4.2/Ex4_2.sce #
 
 
 
 
 
 
 
 
 
 
 

a)The Comptons  shift is  0.02427 A 
 
 

b)The wavelength of the scattered photon is  2.024271 A 
 

c)The energy of the recoiling electron in joules is 1.192e-17 J 
 

c)The energy of the recoiling electron in eV is 7.448e+01 eV 
 
 
 

e)The angle at which the recoiling electron appears is 45 degree 
 
grepthis#Engineering_Physics_A._Marikani_1664/CH4/EX4.3/Ex4_3.sce #
 
 
 
 
 
 
 
 
 
 
 
 

1)The Comptons shift = 0.012 A 
 
 
 

3)The wavelength of the scattered photon = 1.254 A 
 
grepthis#Engineering_Physics_A._Marikani_1664/CH4/EX4.4/Ex4_4.sce #
 
 
 
 
 
 
 
 
 
 
 

Energy of photon in joules is 3.375e-19 J 
 

Energy of photon in eV is 2.109 eV 
 
 

The number of photons emitted per second is 1.778e+20 photons per second 
 
grepthis#Engineering_Physics_A._Marikani_1664/CH4/EX4.5/Ex4_5.sce #
 
 
 
 
 
 
 
 
 
 

1)The energy of photon in joules is 1.989e-16 J 
 

2)The energy of photon in eV is 1.243 Kev 
 
 

3)The momentum of the photon is 6.630e-25 kg.m/s 
 

4)The mass of the photon is 2.210e-33 kg 
 
grepthis#Engineering_Physics_A._Marikani_1664/CH4/EX4.6/Ex4_6.sce #
 
 
 
 
 
 
 
 

The de-Broglie wavelength of electron is 0.347 A 
 
grepthis#Engineering_Physics_A._Marikani_1664/CH4/EX4.7/Ex4_7.sce #
 
 
 
 
 
 
 
 
 
 

The de-Broglie wavelength of the photon is 1.832e-10 m 
 
 
grepthis#Engineering_Physics_A._Marikani_1664/CH4/EX4.8/Ex4_8.sce #
 
 
 
 
 
 
 
 
 
 

The de-Broglie wavelength is 7.281e-11 m 
 
grepthis#Engineering_Physics_A._Marikani_1664/CH4/EX4.9/Ex4_9.sce #
 
 
 
 
 
 
 
 
 
 
 

The de-Broglie wavelength of alpha particle = 9.064e-13 m 
 
grepthis#Engineering_Physics_A._Marikani_1664/CH4/EX4.10/Ex4_10.sce #
 
 
 
 
 
 
 
 
 
 

The probability of finding the particle is 0.004 
 
grepthis#Engineering_Physics_A._Marikani_1664/CH4/EX4.11/Ex4_11.sce #
 
 
 
 
 
 
 
 
 
 

The lowest energy of the electron in joules is 6.031e-18 J 
 

The lowest energy of the electron in eV is 37.69 eV 
 
 
grepthis#Engineering_Physics_A._Marikani_1664/CH4/EX4.12/Ex4_12.sce #
 
 
 
 
 
 
 
 
 
 
 
 

The lowest energy of the system in joules is 1.206e-17 J 
 

The lowest energy of the system in eV is 75.38 eV 
 
grepthis#Engineering_Physics_A._Marikani_1664/CH4/EX4.13/Ex4_13.sce #
 
 
 
 
 
 
 
 
 

 1) The lowest energy of the system in joules is 3.618e-17 eV 
 

 2) The lowest energy of the system is  226.15 eV 
 
 3) Quantum numbers are,   
 
 
 
 
 
 

i)n = 1 
 , l = 0 
 , ml = 0 
 , ms = 0.5 

ii)n = 1 
 , l = 0 
 , ml = 0 
 , ms1 = -0.5 
 

iii)n = 2 
 , l = 0 
 , ml = 0 
 , ms = 0.5 
 
grepthis#Engineering_Physics_A._Marikani_1664/CH4/EX4.14/Ex4_14.sce #
 
 
 
 
 
 
 
 
 
 

The mass of the particle is 1.372e-31 kg 
 
grepthis#Engineering_Physics_A._Marikani_1664/CH4/EX4.15/Ex4_15.sce #
 
 
 
 
 
 
 
 
 
 
 
 

The velocity for wavelength 450 nm is 6.667e+14 Hz 
 

The velocity for wavelength 460 nm is 6.522e+14 Hz 
 

The average value of v is 6.594e+14 Hz 
 
 
 

The energy density of the black body is 9.080e-16 J/m^3 
 
grepthis#Engineering_Physics_A._Marikani_1664/CH6/EX6.1/Ex6_1.sce #
 
 
 
 
 
 
 

The density of diamond is 4520.3 kg/m^3 
 
grepthis#Engineering_Physics_A._Marikani_1664/CH6/EX6.2/Ex6_2.sce #
 
 
 
 
 
 
 
 
 BCCv is the volume of BCC unit cell   
 
 

The volume of BCC unit cell is 3.659e-29 m^-3 
 
 HCPv is the volume of HCP unit cell   
 
 

The volume of HCP unit cell is 1.065e-28 m^3 
 

The change in volume is 6.994e-29 
 

The volume change in percentage is 191.1 percent 
 
grepthis#Engineering_Physics_A._Marikani_1664/CH6/EX6.3/Ex6_3.sce #
 
 
 
 
 
 
 
 
 

The lattice constant for FCC is 3.615e-10 
 
 

The density of copper is 8971 kg/m^3 
 
grepthis#Engineering_Physics_A._Marikani_1664/CH6/EX6.4/Ex6_4.sce #
 
 
 
 
 
 
 
 
 NaCl  =
 
    58.5  
 

1) Molecular weigth of NaCl is 58.5 
 
 
 

2) The interatomic distance of NaCl crystal is 5.628e-10 m 
 
grepthis#Engineering_Physics_A._Marikani_1664/CH6/EX6.5/Ex6_5.sce #
 
 
 
 
 
 
 
 
 
 

For (101) plane, the interplanar and interatomic distance is 0.2970 nm 
 
 
 
 
 

For (221) plane, the interplanar and interatomic distance is 0.14 nm 
 
grepthis#Engineering_Physics_A._Marikani_1664/CH6/EX6.6/Ex6_6.sce #
 
 
 
 
 
 For the plane (102),the intercepts are (a/1) = a,(b/0) = infinity ,c/2   
 
 
 For the plane (231),the intercepts are a/2 , b/3 and (c/1) = c   
 
 
 For the plane (312),the intercepts are a/3 ,(b/-1) = -b ,c/2   
 
 
 
 
 
grepthis#Engineering_Physics_A._Marikani_1664/CH6/EX6.7/Ex6_7.sce #
 
 
 
 
 
 
 
 
 
 
 
 
 
 

 The angle between the planes (111) and (212) is 15.793 degree 
 
grepthis#Engineering_Physics_A._Marikani_1664/CH6/EX6.8/Ex6_8.sce #
 
 
 
 
 
 The intercepts of the plane(100) are a ,infinity ,infinity.   
 
 
 The intercepts of the cubic plane(110) are a ,a ,infinity.   
 
 
 The intercepts of the plane(111) are a ,a ,a.   
 
 
 The intercepts of the plane(200) are a/2 ,infinity ,infinity.   
 
 
 The intercepts of the plane(120) are a ,a/2 ,infinity.   
 
 
 The intercepts of the plane(211) are a/2 ,a ,a.   
 
 
 
 
 
grepthis#Engineering_Physics_A._Marikani_1664/CH6/EX6.9/Ex6_9.sce #
 
 
 
 
 
 
 
 
 
 

The lattice constant is 0.4050 nm 
 
grepthis#Engineering_Physics_A._Marikani_1664/CH6/EX6.10/Ex6_10.sce #
 
 
 
 
 
 
 
 
 Interplanar spacing for d100 plane = a   
 
 
 
 
 Interplanar spacing for d110 plane = a/1.414   
 
 
 
 
 Interplanar spacing for d111 plane = a/1.732   
 
 
 
 

x = 2.449 

y = 1.732 

z = 1.414 

d100:d110:d111 = 2.449:1.732:1.414 
 
grepthis#Engineering_Physics_A._Marikani_1664/CH6/EX6.11/Ex6_11.sce #
 
 
 
 
 
 
 
 
 For the plane (231) the intercepts are (a/2),(b/3),(c/1)   
 
 
 Ratio of the intercepts made by (231) plane in simple cubic crystal is as follows :   
 
 
 l1:l2:l3 = 3:2:6   
 
 
 
 
grepthis#Engineering_Physics_A._Marikani_1664/CH6/EX6.12/Ex6_12.sce #
 
 
 
 
 
 
 
 
 
 
 Ratio of the intercepts are as follows :    
 
 
 I1:I2:I3 = a:b/2:c/3   
 
 
 
 0.8:I2:I3 = a:b/2:c/3   
 
 
 By substituting values   
 
 

I2 = 0.6 A 
 

I3 = 0.5 A 
 
 
 
 
 
grepthis#Engineering_Physics_A._Marikani_1664/CH6/EX6.13/Ex6_13.sce #
 
 
 
 
 
 
 i)Simple cubic unit cell   
 
 
 The nearest neighbour distance is a   
 
 
 ii)Body-centered cubic unit cell   
 
 
 2r = (0.866)a   
 
 
 iii)Face-centered cubic unit cell   
 
 
 2r = (0.7071)a   
 
 
 
 
grepthis#Engineering_Physics_A._Marikani_1664/CH6/EX6.14/Ex6_14.sce #
 
 
 
 
 
 
 
 
 
 
 

The interplanar distance is 0.68 A 
 
grepthis#Engineering_Physics_A._Marikani_1664/CH6/EX6.15/Ex6_15.sce #
 
 
 
 
 
 r  =
 
    1.278D-10  
 
 
 
 
 

 The interatomic distance is 3.615e-10 m 
 

 Number of atoms per Cu unit cell is 4 
 
 
grepthis#Engineering_Physics_A._Marikani_1664/CH6/EX6.16/Ex6_16.sce #
 
 
 
 
 
 
 i)Ratio of the intercepts are 0.214 : 1 : 0.188   
 
 
 Miller indices for the given plane is (212)   
 
 
 ii)Ratio of the intercepts are 0.858 : 1 : 0.754   
 
 
 Miller indices for the given plane is (121)   
 
 
 iii)Ratio of the intercepts are 0.429 : infinity : 0.126   
 
 
 Miller indices for the given plane is (103)   
 
 
 
 
grepthis#Engineering_Physics_A._Marikani_1664/CH6/EX6.17/Ex6_17.sce #
 
 
 
 
 
 
 i)For (100) plane   
 
 
 Number of atoms per m^2 = 1/4r^2   
 
 
 i)For (110) plane   
 
 

c1= 0.0884 
 
 Number of atoms per m^2 = (0.084/r^2)   
 
 
 i)For (111) plane   
 
 

c2= 0.2887 
 
 Number of atoms per m^2 = (0.2887/r^2)   
 
 
 
 
 
grepthis#Engineering_Physics_A._Marikani_1664/CH6/EX6.18/Ex6_18.sce #
 
 
 
 
 
 
 

The packing density is 0.74 
 
 

The ionic packing factor of NaCl crystal is 0.667 
 
grepthis#Engineering_Physics_A._Marikani_1664/CH7/EX7.1/Ex7_1.sce #
 
 
 
 
 
 
 
 
 
 
 
 
 

Concentration of atoms = 5.698e+28 m^-3 
 

The number of vacancies for gold at 900 degree celcius is 1.874e+23 vacancies per m^3 
 
 

Vacancy fraction = 1.163e-05 
 
 
grepthis#Engineering_Physics_A._Marikani_1664/CH7/EX7.2/Ex7_2.sce #
 
 
 
 
 
 
 
 
 
 
 
 
 

Concentration of atoms is 5.302e+28 m^-3 
 

The energy for vacancy formation in joules is 1.762e-19 J 
 

The energy for vacancy formation in eV is 1.101e+00 eV 
 
grepthis#Engineering_Physics_A._Marikani_1664/CH7/EX7.3/Ex7_3.sce #
 
 
 
 
 
 
 
 
 
 
 
 
 

Concentration of atoms is 1.579e+28 m^-3 
 

The number of Schottky defect for KCl at 500 degree celcius is 5.374e+19 Schottky defect per m^-3 
 
 
grepthis#Engineering_Physics_A._Marikani_1664/CH8/EX8.1/Ex8_1.sce #
 
 
 
 
 
 
 
 
 

The resistivity of sodium at 0 degree celcius is 4.527e-08 ohm m 
 
grepthis#Engineering_Physics_A._Marikani_1664/CH8/EX8.2/Ex8_2.sce #
 
 
 
 
 
 
 

The band gap of the semiconductor is 0.647 eV 
 
grepthis#Engineering_Physics_A._Marikani_1664/CH8/EX8.3/Ex8_3.sce #
 
 
 
 
 
 
 
 

The probability  of occupation of electron at 989 degree celcius is 0.01 
 
grepthis#Engineering_Physics_A._Marikani_1664/CH8/EX8.4/Ex8_4.sce #
 
 
 
 
 
 

The drift velocity of the electron is 1.75 m/s 
 
 
grepthis#Engineering_Physics_A._Marikani_1664/CH8/EX8.5/Ex8_5.sce #
 
 
 
 
 
 
 

The Fermi energy of Al at 0 k in joules is 1.868e-18 J 
 

The Fermi energy of Al at 0 k in eV is 1.167e+01 eV 
 
grepthis#Engineering_Physics_A._Marikani_1664/CH8/EX8.6/Ex8_6.sce #
 
 
 
 
 
 
 
 

Fermi energy of Al at 0 k in joules = 1.868e-18 J 
 

Fermi energy of Al at 0 k in eV = 11.67e eV 
 
grepthis#Engineering_Physics_A._Marikani_1664/CH8/EX8.7/Ex8_7.sce #
 
 
 
 
 
 
 

The concentration of free electrons per unit volume of silver is 5.853e+28 m^-3 
 
grepthis#Engineering_Physics_A._Marikani_1664/CH8/EX8.8/Ex8_8.sce #
 
 
 
 
 
 
 

The probability of an electron thermlly excited to the conduction band at 25 degree celcius is 9.123e-10 
 
grepthis#Engineering_Physics_A._Marikani_1664/CH8/EX8.9/Ex8_9.sce #
 
 
 
 
 
 
 
 

The Fermi energy of the metal in joules is 3.365e-19 J 
 

The Fermi energy o the metal in eV is 2.10 eV 
 
 

The Fermi temperature of the metal is 2.438e+04 K 
 
grepthis#Engineering_Physics_A._Marikani_1664/CH8/EX8.10/Ex8_10.sce #
 
 
 
 
 
 
 
 

The Lorentz number is 2.216e-08 W ohm K^-2 
 
grepthis#Engineering_Physics_A._Marikani_1664/CH8/EX8.11/Ex8_11.sce #
 
 
 
 
 
 
 
 
 
 
 

1)The electrical conductivity is 5.828e+07 per ohm meter 
 

 2)The thermal conductivity is 417.89 W m^-1.K^-1 
 

3)The Lorentz number is 2.447e-08 W ohm K^-2 
 
grepthis#Engineering_Physics_A._Marikani_1664/CH9/EX9.1/Ex9_1.sce #
 
 
 
 
 
 
 
 
 
 
 

The carrier concentration of an intrinsic semiconductor is 2.750e+19 m^3 
 
grepthis#Engineering_Physics_A._Marikani_1664/CH9/EX9.2/Ex9_2.sce #
 
 
 
 
 
 
 
 
 

Band gap of semiconductor in joules is 4.221e-20 J 
 

Band gap of semiconductor in eV is 0.2638 eV 
 
grepthis#Engineering_Physics_A._Marikani_1664/CH9/EX9.3/Ex9_3.sce #
 
 
 
 
 
 
 
 
 
 
 

The Hall voltage is 1.830e-04 V 
 
grepthis#Engineering_Physics_A._Marikani_1664/CH9/EX9.4/Ex9_4.sce #
 
 
 
 
 
 
 
 
 
 
 For N-type semiconductor   
 
 

i)The concentration of electron is 1.442e+24 m^-3 
 

ii)The concentration of holes is 1.560e+08 m^-3 
 
 For P-type semiconductor   
 
 

i)The concentration of holes is 3.750e+24 m^-3 
 

ii)The concentration of electron is 6.000e+07 m^-3 
 
grepthis#Engineering_Physics_A._Marikani_1664/CH9/EX9.5/Ex9_5.sce #
 
 
 
 
 
 
 
 
 1)Since the hall voltage is negative,charge carriers of the semiconductors are electrons   
 
 

2)The carrier concentration is 2.001e+23 m^-3 
 
grepthis#Engineering_Physics_A._Marikani_1664/CH9/EX9.6/Ex9_6.sce #
 
 
 
 
 
 Eg2  =
 
    0.72  
 
 
 
 
 
 
 

The ratio of intrinsic carrier densities of the materials A & B is 1.015e+03 
 
 
 
grepthis#Engineering_Physics_A._Marikani_1664/CH9/EX9.7/Ex9_7.sce #
 
 
 
 
 
 
 
 
 

Mobility of the electron is 0.035 m^2 V^-1 s^-1 
 
grepthis#Engineering_Physics_A._Marikani_1664/CH9/EX9.8/Ex9_8.sce #
 
 
 
 
 
 
 
 
 
 

The Hall voltage in the sample is 1.473e+03 V 
 
grepthis#Engineering_Physics_A._Marikani_1664/CH9/EX9.9/Ex9_9.sce #
 
 
 
 
 
 
 
 
 

Ratio between  the conductivity of the material at 600 K and 300 K is 306.79 
 
grepthis#Engineering_Physics_A._Marikani_1664/CH9/EX9.10/Ex9_10.sce #
 
 
 
 
 
 
 
 
 

The intrinsic carrier concentration of GaAs is 7.022e+12 m^-3 
 
grepthis#Engineering_Physics_A._Marikani_1664/CH9/EX9.11/Ex9_11.sce #
 
 
 
 
 
 
 
 
 
 
 
 
 
 For P-type material   
 

1)The electrical conductivity is 10.0 ohm^-1 m^-1 
 

2)The acceptor concentration is 1.302e+20 m^-3 
 

3)The minority carriers concentration is 1.728e+12 m^-3 
 
 For N-type semiconductor   
 
 

2)The electrical conductivity is 10.0 ohm^-1 m^-1 
 

2)The donor concentration is 4.630e+19 m^-3 
 

3)The minority carriers concentration  is 4.860e+12 m^-3 
 
grepthis#Engineering_Physics_A._Marikani_1664/CH10/EX10.1/Ex10_1.sce #
 
 
 
 
 
 
 
 

Magnetization of the material is 5 A/m 
 
 

Flux density of the material is 1.257 Wb/m^2 
 
grepthis#Engineering_Physics_A._Marikani_1664/CH10/EX10.2/Ex10_2.sce #
 
 
 
 
 
 
 
 
 
 

Number of atoms per m^-3 are 9.137e+28 m^-3 
 
 

Magnetic moment is 5.661e-24  
 

Magnetic moment of nickel atom is 0.61 uB 
 
grepthis#Engineering_Physics_A._Marikani_1664/CH10/EX10.3/Ex10_3.sce #
 
 
 
 
 
 
 
 
 

Magnetic flux density is 1.5 Wb/m^2 
 

Relative permeability of the material is 663.15 
 
grepthis#Engineering_Physics_A._Marikani_1664/CH10/EX10.4/Ex10_4.sce #
 
 
 
 
 
 
 
 

Saturation magnetization for Ni ferrite is 2.930e+05 A/m 
 
grepthis#Engineering_Physics_A._Marikani_1664/CH10/EX10.5/Ex10_5.sce #
 
 
 
 
 
 
 
 

Magnetic flux density is 0.2538 Wb/m^2 
 

Magnetization of the material is 1967.62 A/m 
 
grepthis#Engineering_Physics_A._Marikani_1664/CH10/EX10.6/Ex10_6.sce #
 
 
 
 
 
 
 

Magnetization of the material is 600 A/m 
 
 

Magnetic flux density inside the material is 1.382e-03 Wb/m^2 
 
grepthis#Engineering_Physics_A._Marikani_1664/CH11/EX11.1/Ex11_1.sce #
 
 
 
 
 
 
 
 
 
 

The dielectric constant of the material is 2258.87 
 
grepthis#Engineering_Physics_A._Marikani_1664/CH11/EX11.2/Ex11_2.sce #
 
 
 
 
 
 
 
 
 
 
 

Electronic polarizability of He gas is 2.243e-41 F m^2 
 
grepthis#Engineering_Physics_A._Marikani_1664/CH11/EX11.3/Ex11_3.sce #
 
 
 
 
 
 
 
 
 

Polarization produced in a dielectric medium is 4.427e-09 C/m^2 
 
grepthis#Engineering_Physics_A._Marikani_1664/CH11/EX11.4/Ex11_4.sce #
 
 
 
 
 
 
 
 

Electronic polarizability of neon is 4.389e-40 F m^2 
 
grepthis#Engineering_Physics_A._Marikani_1664/CH11/EX11.5/Ex11_5.sce #
 
 
 
 
 
 
 
 
 

Area of the metal sheet required is 7.530e-03 m^2 
 
grepthis#Engineering_Physics_A._Marikani_1664/CH11/EX11.6/Ex11_6.sce #
 
 
 
 
 
 
 
 

Relative permittivity of the crystal is 5.857 
 
 
 
grepthis#Engineering_Physics_A._Marikani_1664/CH11/EX11.7/Ex11_7.sce #
 
 
 
 
 
 
 
 

Polarizability of the material is 4.374e-39 F m^-2 
 
grepthis#Engineering_Physics_A._Marikani_1664/CH12/EX12.1/Ex12_1.sce #
 
 
 
 
 
 
 
 
 

Critical field at 2K is 0.0217 T 
 
grepthis#Engineering_Physics_A._Marikani_1664/CH12/EX12.2/Ex12_2.sce #
 
 
 
 
 
 
 
 
 
 

Critical field at 5K is 3364.38 T 
 
 
grepthis#Engineering_Physics_A._Marikani_1664/CH12/EX12.3/Ex12_3.sce #
 
 
 
 
 
 
 
 
 

Critical temperature of Hg with atomic mass,203.4 is 4.14468 K 
 
grepthis#Engineering_Physics_A._Marikani_1664/CH12/EX12.4/Ex12_4.sce #
 
 
 
 
 
 
 
 
 
 
 
 

Critical magnetic field is 4.276e+04 A/m 
 

Critical current is 134.33 A 
 

Critical current density is 1.710e+08 A/m^2 
 
grepthis#Engineering_Physics_A._Marikani_1664/CH12/EX12.5/Ex12_5.sce #
 
 
 
 
 
 
 
 
 

Frequency of ac signal is 2.898e+09 Hz 
 
 
grepthis#Engineering_Physics_A._Marikani_1664/CH12/EX12.6/Ex12_6.sce #
 
 
 
 
 
 
 
 

Band gap of superconducting lead is 3.473e-22 J 
 

Band gap of superconducting lead is 2.17 meV 
 
 
