Total number of .sce files(without counting DEPENDENCIES directory): 179

grepthis#Electronic_Communication_Systems_R._Blake_761/CH1/EX1.1/1_1.sce #
 
 
 
 
 
 
 
 
 
 WAVELENGTH IN FREE SPACE IS    
 
    300.  
 
 m   
 
 
 
 
 
 WAVELENGTH IN FREE SPACE IS    
 
    11.111111  
 
 m   
 
 
 
 
 
 WAVELENGTH IN FREE SPACE IS    
 
    0.075  
 
 m   
 
grepthis#Electronic_Communication_Systems_R._Blake_761/CH1/EX1.4/1_4.sce #
 
 
 
 
 
 
 
 
 
 
 
 
 noise power contributed by resistor   
 
    4.140D-17  
 
 W   
 
grepthis#Electronic_Communication_Systems_R._Blake_761/CH1/EX1.5/1_5.sce #
 
 
 
 
 
 
 
 The noise power is   
 
    2.426D-14  
 
 W   
 
 
 
 
 Th noise voltage is   
 
    0.0000054  
 
 volts   
 
 
grepthis#Electronic_Communication_Systems_R._Blake_761/CH1/EX1.6/1_6.sce #
 
 
 
 
 
 
 
 
 
 Noise current is   
 
    0.1333333  
 
 uA   
 
 
 
 
 
 
 current through the diode is   
 
    0.2777778  
 
 A   
 
grepthis#Electronic_Communication_Systems_R._Blake_761/CH1/EX1.7/1_7.sce #
 
 
 
 
 
 
 
 
 
 
 
 Open-ckt noise voltage is    
 
    0.0000008  
 
 volts   
 
 
 
 
 
 
 The load power is   
 
    5.060D-16  
 
 W   
 
grepthis#Electronic_Communication_Systems_R._Blake_761/CH1/EX1.8/1_8.sce #
 
 
 
 
 
 
 
 
 The power ratio in dB   
 
    13.9794  
 
 dB   
 
grepthis#Electronic_Communication_Systems_R._Blake_761/CH1/EX1.10/1_10.sce #
 
 
 
 
 
 
 
 
 SNR at the output is    
 
    36.  
 
 dB   
 
grepthis#Electronic_Communication_Systems_R._Blake_761/CH1/EX1.11/1_11.sce #
 
 
 
 
 
 
 
 The noise temperature is    
 
    169.65  
 
 K   
 
grepthis#Electronic_Communication_Systems_R._Blake_761/CH1/EX1.13/1_13.sce #
 
 
 
 
 
 
 A)The freq is   
 
    110.  
 
 MHz   
 
 
 
 
 The power in dBm   
 
  - 30.  
 
 dBm   
 
 
 
 
 
 
 The power is   
 
    0.000001  
 
 W   
 
 
 
 The voltage is   
 
    0.0070711  
 
 volts   
 
 
 
 
 
 B)The freq is   
 
    7.4  
 
 MHz   
 
 
 
 
 
 
 
 The power is   
 
    0.00794  
 
 W   
 
 
 The power in dBm   
 
    9.  
 
 dBm   
 
 
 
 The voltage is   
 
    0.6300794  
 
 volts   
 
 
 
 
 
 C)The freq is   
 
    546.  
 
 MHz   
 
 
 
 
 The voltage is   
 
    16.8  
 
 mV   
 
 
 
 
 The power is   
 
    5.6448  
 
 uW   
 
 
 
 The power in dBm   
 
  - 22.483514  
 
 dBm   
 
grepthis#Electronic_Communication_Systems_R._Blake_761/CH2/EX2.1/2_1.sce #
 
 
 
 
 
 
 
 
 a)The resonent frequency is    
 
    4501581.6  
 
 Hz   
 
 
 
 
 The bandwidth is    
 
    300105.44  
 
 Hz   
 
grepthis#Electronic_Communication_Systems_R._Blake_761/CH2/EX2.2/2_2.sce #
 
 
 
 
 N2  =
 
    100.  
 
 
 
 
 1)The operating frequency is   
 
    5032921.2  
 
 Hz   
 
 
 
 
 
 
 2)Operating gain   
 
  - 10.  
 
 
 The -ve sign denotes a phase inversion   
 
 
 
 
 
 
 
 
 3)Operating gain   
 
    0.2  
 
grepthis#Electronic_Communication_Systems_R._Blake_761/CH2/EX2.3/2_3.sce #
 
 
 
 
 
 
 
    9.091D-12  
 
 
 
 
 1)The operating frequency is   
 
    52785723.  
 
 Hz   
 
 
 
 
 The feedback fraction is   
 
  - 0.1  
 
 
 
 
 
 
 The feedback fraction is   
 
    0.0909091  
 
grepthis#Electronic_Communication_Systems_R._Blake_761/CH2/EX2.4/2_4.sce #
 
 
 
 
 
 
 
 
 The effective total capacitance is   
 
    9.009009  
 
 pF   
 
 
 
 
 
 The operating freq is   
 
    53025115.  
 
 Hz   
 
grepthis#Electronic_Communication_Systems_R._Blake_761/CH2/EX2.5/2_5.sce #
 
 
 
 
 
 
 
 The resonent freq is   
 
    1779406.4  
 
 Hz   
 
 
 
 
 
 
 
 
 
 
 The tuning voltage is    
 
    7.5  
 
 V   
 
grepthis#Electronic_Communication_Systems_R._Blake_761/CH2/EX2.7/2_7.sce #
 
 
 
 
 
 
 
 
 
 The output frequencies at the output of square-law mixer are :   
 
    21.  
 
 MHz   
 
    1.  
 
 MHz   
 
grepthis#Electronic_Communication_Systems_R._Blake_761/CH2/EX2.8/2_8.sce #
 
 
 
 
 
 
 
 
 
 
 The capture range is    
 
    4.  
 
 MHz   
 
 
 
 
 The lock range is    
 
    8.  
 
 MHz   
 
 
 
 freq_lock_lost  =
 
    8.  
 
 
 The freq at which the lock is acquired, moving downward in freq is    
 
    14.  
 
 MHz   
 
 
 Lock will be lost on the way down at   
 
    8.  
 
 MHz   
 
grepthis#Electronic_Communication_Systems_R._Blake_761/CH2/EX2.9/2_9.sce #
 
 
 
 
 
 
 
 
 
 
 
 The values of N at low end is   
 
    54.  
 
 The values of N at high end is   
 
    170.  
 
grepthis#Electronic_Communication_Systems_R._Blake_761/CH2/EX2.10/2_10.sce #
 
 
 
 
 
 
 
 
 
 
 
 
 
 
 
 
 
 The step size that would have been obtained without prescaling   
 
    10000.  
 
 Hz   
 
grepthis#Electronic_Communication_Systems_R._Blake_761/CH2/EX2.11/2_11.sce #
 
 
 
 
 
 
 
 
 
 
 The output frequencies are   
 
    10200000.  
 
 Hz   
 
    12000000.  
 
 Hz   
 
 
 
 The step size is   
 
    20000.  
 
 Hz   
 
grepthis#Electronic_Communication_Systems_R._Blake_761/CH3/EX3.1/3_1.sce #
 
 
 
 
 
 
 
 
 
 v(t) = (2.83+1.41*sin(3.14*10^3*t))*sin(9.42*10^6*t) V   
 
grepthis#Electronic_Communication_Systems_R._Blake_761/CH3/EX3.2/3_2.sce #
 
 
 
 
 
 
 
 m=   
 
    0.5  
 
 
 The equation can be obtained as   
 
 v(t) = 2.83(1+0.5*sin(3.14*10^3*t))*sin(9.42*10^6*t) V   
 
grepthis#Electronic_Communication_Systems_R._Blake_761/CH3/EX3.3/3_3.sce #
 
 
 
 
 
 
 
 
 
 The modulation index is   
 
    0.3741657  
 
grepthis#Electronic_Communication_Systems_R._Blake_761/CH3/EX3.4/3_4.sce #
 
 
 
 
 
 
 
 The modulation index is   
 
    0.3636364  
 
grepthis#Electronic_Communication_Systems_R._Blake_761/CH3/EX3.6/3_6.sce #
 
 
 
 
 
 
 
 The maximum modulation freq is   
 
    5000.  
 
 Hz   
 
grepthis#Electronic_Communication_Systems_R._Blake_761/CH3/EX3.7/3_7.sce #
 
 
 
 
 
 
 
 The total power is   
 
    66.  
 
 kW   
 
grepthis#Electronic_Communication_Systems_R._Blake_761/CH3/EX3.8/3_8.sce #
 
 
 
 
 
 
 
 
 
 
 
    426000.  
 
grepthis#Electronic_Communication_Systems_R._Blake_761/CH3/EX3.9/3_9.sce #
 
 
 
 
 
 
 
 
 The total power is   
 
    200.  
 
 uW   
 
 
 
 
 
 The modulating freq is    
 
    2.  
 
 kHz   
 
 
 
 
 The carrier freq   
 
    10.  
 
 MHz   
 
grepthis#Electronic_Communication_Systems_R._Blake_761/CH3/EX3.10/3_10.sce #
 
 
 
 
 
 
 
 The o/p freq f_out1 is    
 
    7.998  
 
 MHz   
 
 
 
 The o/p freq f_out1 is    
 
    7.9965  
 
 MHz   
 
grepthis#Electronic_Communication_Systems_R._Blake_761/CH3/EX3.11/3_11.sce #
 
 
 
 
 
 
 
 
 
 
 
 The value of average power of signal is    
 
    1.5625  
 
 W   
 
grepthis#Electronic_Communication_Systems_R._Blake_761/CH4/EX4.1/4_1.sce #
 
 
 
 
 
 
 
 
 
 a)The value of o/p freq is    
 
    175.0045  
 
 MHz   
 
 
 
 
 
 b)The value of o/p freq is    
 
    174.94  
 
 MHz   
 
grepthis#Electronic_Communication_Systems_R._Blake_761/CH4/EX4.2/4_2.sce #
 
 
 
 
 
 
 
 
 
 
 
 The value of deviation is    
 
    127.27922  
 
 kHz   
 
grepthis#Electronic_Communication_Systems_R._Blake_761/CH4/EX4.3/4_3.sce #
 
 
 
 
 
 
 
 
 
 a)The value of modulation index for fm=15kHz is    
 
    5.  
 
 
 
 
 
 b)The value of modulation index for fm=50Hz is    
 
    1500.  
 
grepthis#Electronic_Communication_Systems_R._Blake_761/CH4/EX4.4/4_4.sce #
 
 
 
 
 
 
 
 
 
 
 
 
 
 The rms voltage that cause deviation is    
 
    0.3702402  
 
 V   
 
grepthis#Electronic_Communication_Systems_R._Blake_761/CH4/EX4.6/4_6.sce #
 
 
 
 
 
 
 
 
 
 
 
 
 
 The freq deviation produce is   
 
    6.  
 
 kHz   
 
grepthis#Electronic_Communication_Systems_R._Blake_761/CH4/EX4.9/4_9.sce #
 
 
 
 
 
 
 
 
 
 
 
 
 
 
 
 
 The SNR at detecttor o/p is   
 
    33.9794  
 
 dB   
 
grepthis#Electronic_Communication_Systems_R._Blake_761/CH4/EX4.10/4_10.sce #
 
 
 
 
 
 
 
 
 
 The freq is widin the acceptable range   
 
    2.0833333  
 
 kHz   
 
 
grepthis#Electronic_Communication_Systems_R._Blake_761/CH5/EX5.2/5_2.sce #
 
 
 
 
 
 
 
 
 The value of dc power input is   
 
    14.285714  
 
 W   
 
 
 
 
 The value of audio power is   
 
    7.1428571  
 
 W   
 
grepthis#Electronic_Communication_Systems_R._Blake_761/CH5/EX5.3/5_3.sce #
 
 
 
 
 
 
 
 
 The impedance of transformer secondary is   
 
    6.  
 
 ohm   
 
 
 
 
 The impedance of transformer primary is   
 
    96.  
 
 ohm   
 
grepthis#Electronic_Communication_Systems_R._Blake_761/CH5/EX5.4/5_4.sce #
 
 
 
 
 
 
 
 
 The o/p power with 100% modulation is   
 
    150.  
 
 W   
 
 
 
 
 The value of supply power is   
 
    214.28571  
 
 W   
 
 
 
 
 Power dissipated is   
 
    64.285714  
 
 W   
 
grepthis#Electronic_Communication_Systems_R._Blake_761/CH5/EX5.5/5_5.sce #
 
 
 
 
 
 
 
 
 The load impedance is   
 
    11.25  
 
 ohm   
 
grepthis#Electronic_Communication_Systems_R._Blake_761/CH5/EX5.6/5_6.sce #
 
 
 
 
 
 
 
 
 
 a)The USB will be passed   
 
 
 b)The carrier freq should be moved to the high end of filter at 5.0015MHz   
 
grepthis#Electronic_Communication_Systems_R._Blake_761/CH5/EX5.7/5_7.sce #
 
 
 
 
 
 
 
 
 
 The freq of local oscillator   
 
    12.5015  
 
 MHz   
 
grepthis#Electronic_Communication_Systems_R._Blake_761/CH5/EX5.8/5_8.sce #
 
 
 
 
 
 
 
 
 
 The o/p carrier freq   
 
    21.503  
 
 MHz   
 
grepthis#Electronic_Communication_Systems_R._Blake_761/CH5/EX5.9/5_9.sce #
 
 
 
 
 
 
 a)See fig.5.23 for this block diagram   
 
 
 
 
 
 
 b)Transmitter is capable of 5kHz deviation   
 
 
 
 
 
 c)The oscillator freq is   
 
    8.3333333  
 
 MHz   
 
 
 
 
 
 
 The audio RMS voltage is   
 
    98.209275  
 
 mV   
 
grepthis#Electronic_Communication_Systems_R._Blake_761/CH5/EX5.10/5_10.sce #
 
 
 
 
 
 
 
 
 
 
 Freq deviation of oscillator is   
 
    231.48148  
 
 Hz   
 
grepthis#Electronic_Communication_Systems_R._Blake_761/CH5/EX5.11/5_11.sce #
 
 
 
 
 
 
 
 
 The carrier freq of o/p signal   
 
    20.  
 
 MHz   
 
 
 
 
 
 
 
 The RMS voltage for needed deviation is    
 
    141.42136  
 
 mV   
 
grepthis#Electronic_Communication_Systems_R._Blake_761/CH6/EX6.1/6_1.sce #
 
 
 
 
 
 
 
 
 The Bandwidth at 1700kHz   
 
    17.743022  
 
 kHz   
 
grepthis#Electronic_Communication_Systems_R._Blake_761/CH6/EX6.4/6_4.sce #
 
 
 
 
 
 
 
 
 The voltage value of signal is   
 
    1.5811388  
 
 mV   
 
grepthis#Electronic_Communication_Systems_R._Blake_761/CH6/EX6.5/6_5.sce #
 
 
 
 
 
 
 
 
 
 
 a)The image freq is   
 
    1500.  
 
 kHz   
 
 
 
 
 
 
 
 
 b)The image rejection is   
 
    38.686676  
 
 dB   
 
grepthis#Electronic_Communication_Systems_R._Blake_761/CH6/EX6.6/6_6.sce #
 
 
 
 
 
 
 
 
 
 
 
 
 
 The different freqs are   
 
    13.6  
    6.8   
    25.4  
    12.7  
 
    10.   
    5.    
    21.8  
    10.9  
 
 All freqs are in MHz   
 
grepthis#Electronic_Communication_Systems_R._Blake_761/CH6/EX6.7/6_7.sce #
 
 
 
 
 
 
 
 
 
 the sensitivity of detector is   
 
    60.  
 
 uV/Hz   
 
grepthis#Electronic_Communication_Systems_R._Blake_761/CH6/EX6.8/6_8.sce #
 
 
 
 
 
 
 
 
 
 
 The RMS voltage is   
 
    0.5303301  
 
 V   
 
grepthis#Electronic_Communication_Systems_R._Blake_761/CH6/EX6.9/6_9.sce #
 
 
 
 
 
 
 
 
 a)The critical coupling factor is   
 
    0.0288675  
 
 
 
 
 b)The optimum coupling factor is   
 
    0.0433013  
 
 
 
 
 c)The BW using optimum coupling factor is   
 
    19.702078  
 
 kHz   
 
grepthis#Electronic_Communication_Systems_R._Blake_761/CH6/EX6.10/6_10.sce #
 
 
 
 
 
 
 
 
 
 The first IF is   
 
    4.5  
 
 MHz   
 
 
 
 
 
 The second IF is   
 
    500.  
 
 kHz   
 
grepthis#Electronic_Communication_Systems_R._Blake_761/CH6/EX6.11/6_11.sce #
 
 
 
 
 
 
 
 
 Signal strength at receiver i/p is   
 
    6.2946271  
 
 uV   
 
grepthis#Electronic_Communication_Systems_R._Blake_761/CH7/EX7.1/7_1.sce #
 
 
 
 
 
 
 
 
 
 
 maximum data rate for four-level code in the available bandwidth   
 
    12.8  
 
 kb/s   
 
 
 
 
 
 
 maximum data rate for four-level code in the available bandwidth   
 
    37.207054  
 
 kb/s   
 
 
 
grepthis#Electronic_Communication_Systems_R._Blake_761/CH7/EX7.2/7_2.sce #
 
 
 
 
 
 
 
 
 The audible frequency is   
 
    14.1  
 
 KHz   
 
grepthis#Electronic_Communication_Systems_R._Blake_761/CH7/EX7.3/7_3.sce #
 
 
 
 
 
 
 
 a) The number of levels with m=8 are   
 
    256.  
 
 levels   
 
 
 
 
 
 b) The number of levels with m=16 are   
 
    65536.  
 
 levels   
 
grepthis#Electronic_Communication_Systems_R._Blake_761/CH7/EX7.4/7_4.sce #
 
 
 
 
 
 
 
 Dynamic range for a linear PCM   
 
    98.08  
 
 dB   
 
grepthis#Electronic_Communication_Systems_R._Blake_761/CH7/EX7.5/7_5.sce #
 
 
 
 
 
 
 
 
 The minimum data rate needed to transmit audio is    
 
    560.  
 
 Kb/s   
 
grepthis#Electronic_Communication_Systems_R._Blake_761/CH7/EX7.6/7_6.sce #
 
 
 
 
 
 
 
 
 
 
 
 The maximum output voltage produced is   
 
    0.8757031  
 
 volts   
 
grepthis#Electronic_Communication_Systems_R._Blake_761/CH8/EX8.3/8_3.sce #
 
 
 
 
 
 
 
 
 The net loss is   
 
    0.8  
 
 dB   
 
grepthis#Electronic_Communication_Systems_R._Blake_761/CH8/EX8.5/8_5.sce #
 
 
 
 
 
 
 
 
 
 
 
 
 The value of carrier freq for channel 5 is   
 
    92.  
 
 kHz   
 
grepthis#Electronic_Communication_Systems_R._Blake_761/CH8/EX8.6/8_6.sce #
 
 
 
 
 
 
 
 
 
 
 
 
 
 The tone appear in the supergroup output at frequency of   
 
    426.  
 
 kHz   
 
grepthis#Electronic_Communication_Systems_R._Blake_761/CH9/EX9.2/9_2.sce #
 
 
 
 
 
 
 
 The efficiency is   
 
    70.  
 
 %   
 
grepthis#Electronic_Communication_Systems_R._Blake_761/CH9/EX9.6/9_6.sce #
 
 
 
 
 
 
 hammming bits are required   
 
    5.  
 
grepthis#Electronic_Communication_Systems_R._Blake_761/CH12/EX12.1/12_1.sce #
 
 
 
 
 
 
 
 
 
 
 
 a)The theoretical max data rate is   
 
    50.278077  
 
 kb/s   
 
 
 
 
 
 b)The data rate for 4 states is   
 
    40.  
 
 kb/s   
 
grepthis#Electronic_Communication_Systems_R._Blake_761/CH12/EX12.2/12_2.sce #
 
 
 
 
 
 
 
 
 The baud rate is    
 
    10.  
 
 kbaud   
 
 
 
 
 The bit rate is    
 
    60.  
 
 kb/s   
 
grepthis#Electronic_Communication_Systems_R._Blake_761/CH12/EX12.3/12_3.sce #
 
 
 
 
 
 data_rate  =
 
    270833.  
 
 
 
 
 
 a)The frequency shift is   
 
    135416.5  
 
 Hz   
 
 
 
 
 b)The maximum frequency is   
 
    8.801D+08  
 
 Hz   
 
 
 
 The minimum frequency is   
 
    8.799D+08  
 
 Hz   
 
 
 
 The bandwidth efficiency in b/s/Hz is   
 
    1.354165  
 
 b/s/Hz   
 
grepthis#Electronic_Communication_Systems_R._Blake_761/CH12/EX12.4/12_4.sce #
 
 
 
 
 
 
 
 
 The channel data rate is   
 
    48.6  
 
 kb/s   
 
grepthis#Electronic_Communication_Systems_R._Blake_761/CH12/EX12.5/12_5.sce #
 
 
 
 
 
 
 
 
 The no. of bits per symbol is   
 
    6.  
 
grepthis#Electronic_Communication_Systems_R._Blake_761/CH12/EX12.6/12_6.sce #
 
 
 
 
 
 
 
 Shannon limit   
 
    29901.679  
 
 b/s   
 
grepthis#Electronic_Communication_Systems_R._Blake_761/CH13/EX13.1/13_1.sce #
 
 
 
 
 
 
 
 
 
 a)The number of signals are   
 
    250.  
 
 
 
 
 
 b)The number of signals are   
 
    125.  
 
 
 
 
 
 
 c)The number of signals are   
 
    5.5555556  
 
 
 
 
 
 
 d)The number of signals are   
 
    71.428571  
 
grepthis#Electronic_Communication_Systems_R._Blake_761/CH13/EX13.2/13_2.sce #
 
 
 
 
 
 
 
 
 
 
 
 
 The noise power at BW=30 kHz is   
 
  - 129.05878  
 
 dBm   
 
 
 
 
 The noise power at BW=10 MHz is   
 
  - 103.83  
 
 dBm   
 
 
 
 
 The value of SNR for BW=30 kHz is   
 
    19.058784  
 
 dB   
 
 
 
 
 The value of SNR for BW=10 MHz is   
 
  - 6.1700034  
 
 dB   
 
grepthis#Electronic_Communication_Systems_R._Blake_761/CH13/EX13.3/13_3.sce #
 
 
 
 
 
 
 Time required for each freq   
 
    0.1  
 
 sec/hop   
 
grepthis#Electronic_Communication_Systems_R._Blake_761/CH13/EX13.4/13_4.sce #
 
 
 
 
 
 
 
 
 
 
 The no of signal changes i.e. symbol rate is    
 
    80000.  
 
 baud   
 
grepthis#Electronic_Communication_Systems_R._Blake_761/CH13/EX13.5/13_5.sce #
 
 
 
 
 
 
 
 
 
 
 The value of BW after spreading   
 
    10000000.  
 
 MHz   
 
 
 
 
 The value of processing gain   
 
    16.9897  
 
 dB   
 
 
 
 
 The value of SNR after spreading in dB   
 
    3.0103  
 
 dB   
 
grepthis#Electronic_Communication_Systems_R._Blake_761/CH14/EX14.1/14_1.sce #
 
 
 
 
 
 
 
 
 The inductance of 1m length is   
 
    225.  
 
 nH/m   
 
grepthis#Electronic_Communication_Systems_R._Blake_761/CH14/EX14.2/14_2.sce #
 
 
 
 
 
 
 
 a)The characteristic impedance of conductor is   
 
    227.39881  
 
 ohm   
 
 
 
 
 
 b)The characteristic impedance of coaxial cable is   
 
    54.784151  
 
 ohm   
 
grepthis#Electronic_Communication_Systems_R._Blake_761/CH14/EX14.3/14_3.sce #
 
 
 
 
 
 
 
 
 The value of velocity factor is   
 
    0.6900656  
 
 
 
 
 The value of propagation velo. is   
 
    2.070D+08  
 
 m/s   
 
grepthis#Electronic_Communication_Systems_R._Blake_761/CH14/EX14.4/14_4.sce #
 
 
 
 
 
 
 
 
 
 
 
 
 
 
 
 
 refl_coeff  =
 
  - 0.3333333  
 
 
 
 
 
 
 The total voltage at the load is   
 
    0.3333333  
 
 V   
 
 
 
 
 
 The voltage across the line,   
 
    0.3333333  
 
 V   
 
grepthis#Electronic_Communication_Systems_R._Blake_761/CH14/EX14.5/14_5.sce #
 
 
 
 
 
 
 
 
 
 
 
 The length reqd for phase shift is   
 
    0.12375  
 
 m   
 
grepthis#Electronic_Communication_Systems_R._Blake_761/CH14/EX14.6/14_6.sce #
 
 
 
 
 
 
 
 
 The value of SWR is   
 
    2.  
 
grepthis#Electronic_Communication_Systems_R._Blake_761/CH14/EX14.7/14_7.sce #
 
 
 
 
 
 
 
 
 The amount of power reflected is   
 
    12.5  
 
 mW   
 
 
 
 
 The power dissipated in load is   
 
    37.5  
 
 mW   
 
grepthis#Electronic_Communication_Systems_R._Blake_761/CH14/EX14.8/14_8.sce #
 
 
 
 
 
 
 
 
 The power absorbed by load is   
 
    44.444444  
 
 W   
 
grepthis#Electronic_Communication_Systems_R._Blake_761/CH14/EX14.9/14_9.sce #
 
 
 
 
 
 
 
 
 
 
 wl  =
 
    8.  
 
 
 ang  =
 
    45.  
 
 
 
 
 The impedance looking toward the load   
 
    40. - 30.i  
 
 ohm   
 
grepthis#Electronic_Communication_Systems_R._Blake_761/CH14/EX14.10/14_10.sce #
 
 
 
 
 
 
 
 
 
 
 The length should be   
 
    0.1425  
 
 m   
 
grepthis#Electronic_Communication_Systems_R._Blake_761/CH14/EX14.11/14_11.sce #
 
 
 
 
 
 
 
 
 
 
 The transmitter power must be   
 
    151.35612  
 
 W   
 
grepthis#Electronic_Communication_Systems_R._Blake_761/CH14/EX14.13/14_13.sce #
 
 
 
 
 
 
 
 
 
 
 
 
 
 
 
 Input impedance is   
 
    19.36 + 5.44i  
 
 ohm   
 
grepthis#Electronic_Communication_Systems_R._Blake_761/CH14/EX14.14/14_14.sce #
 
 
 
 
 
 
 
 
 
 
 The required turn ratio is   
 
    0.7521561  
 
grepthis#Electronic_Communication_Systems_R._Blake_761/CH14/EX14.15/14_15.sce #
 
 
 
 
 
 
 
 
    66.475559  
 
grepthis#Electronic_Communication_Systems_R._Blake_761/CH14/EX14.16/14_16.sce #
 
 
 
 
 
 
 
 
 
 
 Capacitance is   
 
    2.122D-11  
 
 F   
 
grepthis#Electronic_Communication_Systems_R._Blake_761/CH14/EX14.17/14_17.sce #
 
 
 
 
 
 
 
 
 The value of stude is   
 
    0.0138889  
 
 S   
 
grepthis#Electronic_Communication_Systems_R._Blake_761/CH14/EX14.18/14_18.sce #
 
 
 
 
 
 
 
 
 The distance is   
 
    168.  
 
 m   
 
grepthis#Electronic_Communication_Systems_R._Blake_761/CH14/EX14.19/14_19.sce #
 
 
 
 
 
 
 
 
 The wavelength is   
 
    46.  
 
 cm   
 
 
 
 
 The freq is   
 
    619.56522  
 
 MHz   
 
grepthis#Electronic_Communication_Systems_R._Blake_761/CH14/EX14.20/14_20.sce #
 
 
 
 
 
 
 
 
 The value of SWR is   
 
    2.1503424  
 
grepthis#Electronic_Communication_Systems_R._Blake_761/CH15/EX15.1/15_1.sce #
 
 
 
 
 
 
 
 
 The charasteristic impedance of polyethylene is   
 
    248.58644  
 
 ohm   
 
grepthis#Electronic_Communication_Systems_R._Blake_761/CH15/EX15.2/15_2.sce #
 
 
 
 
 
 
 
 
 The max power density is   
 
    23.872679  
 
 GW/m2   
 
grepthis#Electronic_Communication_Systems_R._Blake_761/CH15/EX15.3/15_3.sce #
 
 
 
 
 
 
 
 
 Power density at a point 10km   
 
    79.577472  
 
 nW/m2   
 
grepthis#Electronic_Communication_Systems_R._Blake_761/CH15/EX15.4/15_4.sce #
 
 
 
 
 
 
 
 
 The electric field strength is   
 
    5.4772256  
 
 mW/m   
 
grepthis#Electronic_Communication_Systems_R._Blake_761/CH15/EX15.5/15_5.sce #
 
 
 
 
 
 
 
 
 
 
 The power delivered to receiver is   
 
    405.81167  
 
 nW   
 
grepthis#Electronic_Communication_Systems_R._Blake_761/CH15/EX15.6/15_6.sce #
 
 
 
 
 
 
 
 
    96.4194  
 
 
 
 
 
 
 
 
 
 
 
 The power delivered to receiver is   
 
    2.043D-09  
 
 W   
 
grepthis#Electronic_Communication_Systems_R._Blake_761/CH15/EX15.7/15_7.sce #
 
 
 
 
 
 
 
 
 The angle of refraction is   
 
    10.313191  
 
 degree   
 
grepthis#Electronic_Communication_Systems_R._Blake_761/CH15/EX15.8/15_8.sce #
 
 
 
 
 
 
 
 
 The max usable freq MUF is   
 
    33.916131  
 
 MHz   
 
grepthis#Electronic_Communication_Systems_R._Blake_761/CH15/EX15.11/15_11.sce #
 
 
 
 
 
 
 
 
 
 
 The fading period is   
 
    0.01125  
 
 sec   
 
 
 
 
 
 The fading period is   
 
    0.0047368  
 
 sec   
 
 
grepthis#Electronic_Communication_Systems_R._Blake_761/CH15/EX15.12/15_12.sce #
 
 
 
 
 
 
 
 
 Number of cell sites are   
 
    72.170901  
 
grepthis#Electronic_Communication_Systems_R._Blake_761/CH16/EX16.1/16_1.sce #
 
 
 
 
 
 
 
 The length of half-wave dipole is   
 
    7.125  
 
 m   
 
grepthis#Electronic_Communication_Systems_R._Blake_761/CH16/EX16.2/16_2.sce #
 
 
 
 
 
 
 
 
 The efficiency of dipole antenna is   
 
    0.9305556  
 
 %   
 
grepthis#Electronic_Communication_Systems_R._Blake_761/CH16/EX16.3/16_3.sce #
 
 
 
 
 
 
 
 
 Second antenna with gain=4.5dBd has higher gain   
 
grepthis#Electronic_Communication_Systems_R._Blake_761/CH16/EX16.4/16_4.sce #
 
 
 
 
 
 
 
 
 
 
 The gain is   
 
    1.4341893  
 
 dBi   
 
grepthis#Electronic_Communication_Systems_R._Blake_761/CH16/EX16.6/16_6.sce #
 
 
 
 
 
 
 
 
 
 EIRP in dBm is expressed as   
 
    44.444489  
 
 dBm   
 
grepthis#Electronic_Communication_Systems_R._Blake_761/CH16/EX16.7/16_7.sce #
 
 
 
 
 
 
 
 
 
 a)1.The optimum diameter for antenna is   
 
    0.0795775  
 
 m   
 
 
 
 a)2.The spacing for the antenna   
 
    0.0625  
 
 m   
 
 
 
 a)3.The total length of an antenna is   
 
    0.5  
 
 m   
 
 
 
 
 
 b)The antenna gain is   
 
    14.771213  
 
 dBi   
 
 
 
 
 The beamwidth is   
 
    36.769553  
 
 degree   
 
grepthis#Electronic_Communication_Systems_R._Blake_761/CH16/EX16.8/16_8.sce #
 
 
 
 
 
 
 
 
 
 
 
 The length of elements are   
 
 
 
 L1=   
 
    0.4453125  
 
 m   
 
 L2=   
 
    0.6361607  
 
 m   
 
 L3=   
 
    0.9088010  
 
 m   
 
 L4=   
 
    1.2982872  
 
 m   
 
 L5=   
 
    1.854696  
 
 m   
 
 
 
 
 
 The spacing betn elements are   
 
 
 
 D1=   
 
    0.8309644  
 
 m   
 
 D2=   
 
    1.1870921  
 
 m   
 
 D3=   
 
    1.6958458  
 
 m   
 
 D4=   
 
    2.4226368  
 
 m   
 
 D5=   
 
    3.4609098  
 
 m   
 
grepthis#Electronic_Communication_Systems_R._Blake_761/CH16/EX16.9/16_9.sce #
 
 
 
 
 
 
 
 
 
 The beamwidth is   
 
    1.75  
 
 degree   
 
 
 
 
 
 The gain is   
 
    39.76571  
 
 dBi   
 
grepthis#Electronic_Communication_Systems_R._Blake_761/CH17/EX17.1/17_1.sce #
 
 
 
 
 
 
 
 
 
 
 
 The max usable freq is   
 
    7.500D+09  
 
 Hz   
 
grepthis#Electronic_Communication_Systems_R._Blake_761/CH17/EX17.2/17_2.sce #
 
 
 
 
 
 
 
 
 
 The group velo.is   
 
    1.984D+08  
 
 m/s   
 
grepthis#Electronic_Communication_Systems_R._Blake_761/CH17/EX17.3/17_3.sce #
 
 
 
 
 
 
 
 
 The group velo. for 12GHz signal is   
 
    1.658D+08  
 
 m/s   
 
 
 
 
 The group velo. for 17GHz signal is   
 
    2.426D+08  
 
 m/s   
 
 
 
 
 
 
 
 
 The diffn in the travel times for 2 signals is   
 
    9.542D-08  
 
 sec   
 
grepthis#Electronic_Communication_Systems_R._Blake_761/CH17/EX17.4/17_4.sce #
 
 
 
 
 
 
 
 The phase velo is   
 
    4.536D+08  
 
 m/s   
 
grepthis#Electronic_Communication_Systems_R._Blake_761/CH17/EX17.5/17_5.sce #
 
 
 
 
 
 
 
 The characteristic impedance of waveguide is   
 
    569.97043  
 
 ohm   
 
grepthis#Electronic_Communication_Systems_R._Blake_761/CH17/EX17.8/17_8.sce #
 
 
 
 
 
 
 
 
 
 The freq of oscillation is   
 
    1.429D+10  
 
 Hz   
 
grepthis#Electronic_Communication_Systems_R._Blake_761/CH17/EX17.9/17_9.sce #
 
 
 
 
 
 
 
 
 The duty cycle is   
 
    0.0648649  
 
 
 
 
 The length of pulse is   
 
    0.0006486  
 
 sec   
 
grepthis#Electronic_Communication_Systems_R._Blake_761/CH17/EX17.10/17_10.sce #
 
 
 
 
 
 
 
 
 
 
 a)The gain is   
 
    15.763414  
 
 dBi   
 
 
 
 
 b)The beamwidth in H-plane is   
 
    26.923077  
 
 degree   
 
 
 
 
 c)The beamwidth in H-plane is   
 
    28.965517  
 
 degree   
 
grepthis#Electronic_Communication_Systems_R._Blake_761/CH17/EX17.11/17_11.sce #
 
 
 
 
 
 
 
 
 
 
 
 
 
 The antenna length   
 
    53.033009  
 
 m   
 
 and   
 
 The antenna width   
 
    53.033009  
 
 m   
 
grepthis#Electronic_Communication_Systems_R._Blake_761/CH17/EX17.12/17_12.sce #
 
 
 
 
 
 
 
 
 
 
 The received power is   
 
    1.013D-14  
 
 W   
 
grepthis#Electronic_Communication_Systems_R._Blake_761/CH17/EX17.13.a/17_13_a.sce #
 
 
 
 
 
 
 
 
 The distance of target is   
 
    2250.  
 
 m   
 
grepthis#Electronic_Communication_Systems_R._Blake_761/CH17/EX17.14/17_14.sce #
 
 
 
 
 
 
 
 
 
 
 
 
 
 The Doppler shift is    
 
    1777.7778  
 
 Hz   
 
grepthis#Electronic_Communication_Systems_R._Blake_761/CH18/EX18.2/18_2.sce #
 
 
 
 
 
 
 
 
 The dist by which beam must  the obstacle is   
 
    11.627553  
 
 m   
 
grepthis#Electronic_Communication_Systems_R._Blake_761/CH18/EX18.3/18_3.sce #
 
 
 
 
 
 
 
 
 
 
 
 
 The power delivered to the Rx is   
 
  - 62.033925  
 
 dBm   
 
grepthis#Electronic_Communication_Systems_R._Blake_761/CH18/EX18.4/18_4.sce #
 
 
 
 
 
 
 
 
 
 Noise temperature is   
 
    182.73725  
 
 K   
 
grepthis#Electronic_Communication_Systems_R._Blake_761/CH18/EX18.5/18_5.sce #
 
 
 
 
 
 
 
 The equivalent noise temperature   
 
    169.61903  
 
 K   
 
grepthis#Electronic_Communication_Systems_R._Blake_761/CH18/EX18.6/18_6.sce #
 
 
 
 
 
 
 
 
 
 
 
 
 
 The noise power is   
 
    9.688D-14  
 
 W   
 
 
 
 The thermal noise power is   
 
  - 100.13784  
 
 dBm   
 
grepthis#Electronic_Communication_Systems_R._Blake_761/CH18/EX18.7/18_7.sce #
 
 
 
 
 
 
 
 
 
 Carrier to noise ratio is   
 
    38.  
 
 dB   
 
grepthis#Electronic_Communication_Systems_R._Blake_761/CH18/EX18.8/18_8.sce #
 
 
 
 
 
 
 
 
 
 
 
 
 
 
 
 Energy per bit to noise density ratio is    
 
    35.139929  
 
 dB   
 
grepthis#Electronic_Communication_Systems_R._Blake_761/CH18/EX18.9/18_9.sce #
 
 
 
 
 
 
 
 
 
 
 The local oscillator freq is    
 
    6800.  
 
 MHz   
 
grepthis#Electronic_Communication_Systems_R._Blake_761/CH18/EX18.10/18_10.sce #
 
 
 
 
 
 
 
 
 
 
 The freq of shift oscillator is    
 
    160.  
 
 MHz   
 
 
 
 
 The local oscillator freq is    
 
    6640.  
 
 MHz   
 
 
 
 
 O/P of Mixer 3 is   
 
    6800.  
 
 MHz   
 
grepthis#Electronic_Communication_Systems_R._Blake_761/CH18/EX18.11/18_11.sce #
 
 
 
 
 
 
 
 
 
 The number of bits per symbol are   
 
    4.  
 
 bits   
 
 
 
 
 
 The baud rate is   
 
    22.631  
 
 Mbaud   
 
grepthis#Electronic_Communication_Systems_R._Blake_761/CH19/EX19.1/19_1.sce #
 
 
 
 
 
 
 
 
 Level of video signals in IRE units   
 
    53.75  
 
 IRE units   
 
grepthis#Electronic_Communication_Systems_R._Blake_761/CH19/EX19.2/19_2.sce #
 
 
 
 
 
 
 
 Horizontal blanking occupies   
 
    15.748031  
 
 %   
 
 of the signal   
 
 
 
 
 
 vertical blanking occupies   
 
    8.  
 
 %   
 
 of the signal   
 
 
 
 
 
 The acive video is   
 
    77.511811  
 
 %   
 
grepthis#Electronic_Communication_Systems_R._Blake_761/CH19/EX19.3/19_3.sce #
 
 
 
 
 
 
 
 
 The horizontal resolution in lines is   
 
    240.  
 
 lines   
 
grepthis#Electronic_Communication_Systems_R._Blake_761/CH19/EX19.4/19_4.sce #
 
 
 
 
 
 
 
 
 The luminance signal is   
 
    0.384  
 
 
 
 
 The in-phase component of the color signal is   
 
  - 0.248  
 
 
 
 
 The quadrature component of the color signal is   
 
    0.082  
 
grepthis#Electronic_Communication_Systems_R._Blake_761/CH19/EX19.6/19_6.sce #
 
 
 
 
 
 
 
 
 The input of Amp 1 is   
 
  - 20.  
 
 dBmV   
 
 
 
 
 
 
 The output of Amp 1 is   
 
    20.  
 
 dBmV   
 
 
 
 
 
 The input of Amp 2 is   
 
    5.  
 
 dBmV   
 
 
 
 
 
 The output of Amp 2 is   
 
    30.  
 
 dBmV   
 
 
 
 
 
 
 The input of Amp 3 is   
 
    8.  
 
 dBmV   
 
 
 
 
 The output of Amp 3 is   
 
    28.  
 
 dBmV   
 
 
 
 
 
 
 
 
 Signal strength at subscriber tap is   
 
    1.7782794  
 
 mV   
 
 
 
 
 
 
 The power at the end is   
 
  - 43.750613  
 
 dBm   
 
grepthis#Electronic_Communication_Systems_R._Blake_761/CH19/EX19.7.a/19_7_a.sce #
 
 
 
 
 
 
 
 
 
 
 
 
 The interference would in   
 
    126.  
 
 MHz   
 
 to   
 
    132.  
 
 MHz   
 
 band   
 
grepthis#Electronic_Communication_Systems_R._Blake_761/CH19/EX19.7.b/19_7_b.sce #
 
 
 
 
 
 
 
 
 
 
 
 
 
 The bit rate for the signal is   
 
    1.106D+08  
 
 bps   
 
grepthis#Electronic_Communication_Systems_R._Blake_761/CH20/EX20.1/20_1.sce #
 
 
 
 
 
 
 
 
 A) The velocity of a satellite is   
 
    7613.8699  
 
 m/s   
 
 
 r  =
 
    6900000.  
 
 
 
 
 The orbital period of satellite is   
 
    5694.0793  
 
 sec   
 
 
 
 
 
 
 B) The velocity of a satellite is   
 
    3071.4756  
 
 m/s   
 
 
 r  =
 
    42400000.  
 
 
 
 
 The orbital period of satellite is   
 
    86735.854  
 
 sec   
 
grepthis#Electronic_Communication_Systems_R._Blake_761/CH20/EX20.2/20_2.sce #
 
 
 
 
 
 H  =
 
    36000.  
 
 
 
    6.813753  
 
grepthis#Electronic_Communication_Systems_R._Blake_761/CH20/EX20.3/20_3.sce #
 
 
 
 
 
 
 
 
 
 The length of the path is   
 
    38836.175  
 
 km   
 
grepthis#Electronic_Communication_Systems_R._Blake_761/CH20/EX20.4/20_4.sce #
 
 
 
 
 
 
 
 
 
 
 
 
 The value of signal strength at receiver   
 
  - 88.071419  
 
 dBm   
 
grepthis#Electronic_Communication_Systems_R._Blake_761/CH20/EX20.5/20_5.sce #
 
 
 
 
 
 
 
 
 
 
 
 
 
 
 
 
 The receiver noise temperature is   
 
    21.012912  
 
 dB   
 
grepthis#Electronic_Communication_Systems_R._Blake_761/CH20/EX20.6/20_6.sce #
 
 
 
 
 
 
 
 
 Equivalent noise temperature is   
 
    119.63589  
 
 K   
 
grepthis#Electronic_Communication_Systems_R._Blake_761/CH20/EX20.7/20_7.sce #
 
 
 
 
 
 
 
 
 
 
 
 
 
 
 
 
 
 
 
 
 
 
 
 The carrier to noise ratio at the receiver is   
 
    30.970403  
 
 dB   
 
grepthis#Electronic_Communication_Systems_R._Blake_761/CH20/EX20.8/20_8.sce #
 
 
 
 
 
 
 
 
 
 
 
 The total time delay is    
 
    0.0005333  
 
 sec   
 
grepthis#Electronic_Communication_Systems_R._Blake_761/CH20/EX20.9/20_9.sce #
 
 
 
 
 
 
 
 
 wl  =
 
    0.075  
 
 
 
 
 The gain of TVRO is    
 
    39.387824  
 
 dB   
 
 
 
 
 The beamwidth is   
 
    1.75  
 
 degree   
 
grepthis#Electronic_Communication_Systems_R._Blake_761/CH21/EX21.1/21_1.sce #
 
 
 
 
 
 
 
 
 
 
 Handoff time is   
 
    720.  
 
 sec   
 
 
 
 
 
 Handoff time is   
 
    36.  
 
 sec   
 
grepthis#Electronic_Communication_Systems_R._Blake_761/CH21/EX21.2/21_2.sce #
 
 
 
 
 
 
 
 
 
 
 
 
 a) The average traffic is   
 
    416.66667  
 
 E   
 
 
 
 
 The peak traffic is   
 
    3333.3333  
 
 E   
 
 
 
 
 
 b) The average traffic per cell is   
 
    416.66667  
 
 E   
 
 
 
 
 The peak traffic per cell is   
 
    3333.3333  
 
 E   
 
 
 
grepthis#Electronic_Communication_Systems_R._Blake_761/CH21/EX21.3/21_3.sce #
 
 
 
 
 
 
 
 
 The maximum distance between base and mobile is   
 
    36900.  
 
 m   
 
grepthis#Electronic_Communication_Systems_R._Blake_761/CH22/EX22.1/22_1.sce #
 
 
 
 
 
 
 
 The mobile transmitted power in dBm is   
 
    24.  
 
 dBm   
 
 or   
 
 
 
 The mobile transmitted power is   
 
    251.18864  
 
 mW   
 
grepthis#Electronic_Communication_Systems_R._Blake_761/CH23/EX23.1/23_1.sce #
 
 
 
 
 
 
 
 
 
 
 
 
 
 
 
 The no of pages transmitted in one min are   
 
    886.58824  
 
grepthis#Electronic_Communication_Systems_R._Blake_761/CH23/EX23.2/23_2.sce #
 
 
 
 
 
 
 
 
 The efficiency is   
 
    0.256  
 
 b/s/Hz   
 
grepthis#Electronic_Communication_Systems_R._Blake_761/CH23/EX23.3/23_3.sce #
 
 
 
 
 
 
 
 The maximum hopping rate is    
 
    1600.  
 
 Hz   
 
 The minimum hopping rate is   
 
    320.  
 
 Hz   
 
grepthis#Electronic_Communication_Systems_R._Blake_761/CH24/EX24.3/24_3.sce #
 
 
 
 
 
 
 
 The core diameter is   
 
    0.0000042  
 
 m   
 
grepthis#Electronic_Communication_Systems_R._Blake_761/CH24/EX24.4/24_4.sce #
 
 
 
 
 
 
 
 
 The maximun distance that can be use between repeaters is   
 
    5.8823529  
 
 km   
 
grepthis#Electronic_Communication_Systems_R._Blake_761/CH24/EX24.5/24_5.sce #
 
 
 
 
 
 
 
 
 
 
 
 
 
 
 
 The total dispersion is   
 
    948.94668  
 
 ps   
 
grepthis#Electronic_Communication_Systems_R._Blake_761/CH24/EX24.6/24_6.sce #
 
 
 
 
 
 
 
 
 
 
 The bandwidth distance product is   
 
    2.634D+10  
 
 Hz-km   
 
grepthis#Electronic_Communication_Systems_R._Blake_761/CH24/EX24.7/24_7.sce #
 
 
 
 
 
 
 
 
 a) The proportion of input power emerging at port 2   
 
    50.118723  
 
 %   
 
 
 
  The proportion of input power emerging at port 3   
 
    25.118864  
 
 %   
 
 
 
 
 Directivity is   
 
    40.  
 
 dB   
 
 
 
 
 
 the excess loss is   
 
    1.2356514  
 
 dB   
 
grepthis#Electronic_Communication_Systems_R._Blake_761/CH24/EX24.8/24_8.sce #
 
 
 
 
 
 h  =
 
    6.626D-34  
 
 
 
 
 
 
 
 The energy of photon in eV is   
 
    1.242375  
 
 eV   
 
grepthis#Electronic_Communication_Systems_R._Blake_761/CH24/EX24.9/24_9.sce #
 
 
 
 
 
 
 
 The diode current is   
 
    165.  
 
 nA   
 
grepthis#Electronic_Communication_Systems_R._Blake_761/CH25/EX25.1/25_1.sce #
 
 
 
 
 
 
 
 
 
 
 
 
 
 
 
 
 The system margin is   
 
    7.0109126  
 
 dB   
 
grepthis#Electronic_Communication_Systems_R._Blake_761/CH25/EX25.2/25_2.sce #
 
 
 
 
 
 
 
 
 The maximum permissible value for the pulse-spreading constant is   
 
    2.2222222  
 
 ns/km   
 
grepthis#Electronic_Communication_Systems_R._Blake_761/CH25/EX25.3/25_3.sce #
 
 
 
 
 
 
 
 
 
 a) The maximum bit rate for NRZ   
 
    0.0074278  
 
 GHz   
 
 
 
 
 b) The maximum bit rate for NRZ   
 
    0.0037139  
 
 GHz   
 
grepthis#Electronic_Communication_Systems_R._Blake_761/CH25/EX25.4/25_4.sce #
 
 
 
 
 
 
 
 
 Dispersion is   
 
    1.  
 
 ns/km   
 
 
 
 
 Total rise time is   
 
    5.  
 
 ns   
 
grepthis#Electronic_Communication_Systems_R._Blake_761/CH25/EX25.5/25_5.sce #
 
 
 
 
 
 
 
 T_RT  =
 
    5.000D-09  
 
 
 T_rf  =
 
    3.464D-09  
 
 
 
 
 The maximum acceptable dispersion is   
 
    0.1385641  
 
 ns/km   
 
 
 
 
 The bandwidth-distance product is    
 
    3608.4392  
 
 MHz-km   
 
