grepthis#Electronic_Communication_Systems_R._Blake_761/CH1/EX1.9/1_9.sce #
[2J[0;0H 
 
 
 
 No  =
 
    0.03  
 
 
 
 
 
 Te noise figure is   
 
    3.  
 
grepthis#Electronic_Communication_Systems_R._Blake_761/CH1/EX1.12/1_12.sce #
[2J[0;0H 
 
 
 
 
 
 
 The power gain is   
 
    7500.  
 
 
 
 
 The noise figure is   
 
    2.316  
 
 
 
 
 The noise temperature is   
 
    381.64  
 
 K   
 
grepthis#Electronic_Communication_Systems_R._Blake_761/CH4/EX4.7/4_7.sce #
[2J[0;0H 
 
 
 
 
 
 
 
 a)The rms signal voltage is   
 
    15.811388  
 
 V   
 
 
 
 
 
 
 
 b)The rms voltage of side bands are   
 
 
 
 Vc=   
 
    4.110961  
 
 V   
 
 V1=   
 
    5.375872  
 
 V   
 
 V2=   
 
    7.7475803  
 
 V   
 
 V3=   
 
    4.9015304  
 
 V   
 
 
 
 c)The 3 side bands at different freq. are    
 
 
 
 f_usb1=   
 
    160.001  
 
 MHz   
 
 f_usb2=   
 
    160.002  
 
 MHz   
 
 f_usb3=   
 
    160.003  
 
 MHz   
 
 
 
 
 f_lsb1=   
 
    159.999  
 
 MHz   
 
 f_lsb2=   
 
    159.998  
 
 MHz   
 
 f_lsb3=   
 
    159.997  
 
 MHz   
 
 
 
 
 d)The power of each side band is   
 
 
 
 Pc=   
 
    0.338  
 
 W   
 
 P1=   
 
    0.578  
 
 W   
 
 P2=   
 
    1.2005  
 
 W   
 
 P3=   
 
    0.4805  
 
 W   
 
 
 
 
 
 
 
 
 e)Percentage total power which is uncounted is   
 
    2.9654036  
 
 %   
 
 
 
 
 
 f)Power of each side bands in dBm is   
 
 
 
 Pc(dBm)   
 
    25.289167  
 
 dBm   
 
 P1(dBm)=   
 
    27.619278  
 
 dBm   
 
 P2(dBm)=   
 
    30.793622  
 
 dBm   
 
 P3(dBm)=   
 
    26.816934  
 
 dBm   
 
 
 
 
 
