/home/fossee/Downloads/set/set12/s_Heat_And_Thermodynamics_D._S._Mathur_1286.zip
161
1
/home/fossee/Downloads/set/set12/s_Higher_Engineering_Mathematics_B._S._Grewal_149.zip
144
166
/home/fossee/Downloads/set/set12/s_Integrated_Circuits_S._Sharma_2204.zip
119
0
/home/fossee/Downloads/set/set12/s_Hydraulics_Made_Easy_R._S._Dighe_1484.zip
153
0
/home/fossee/Downloads/set/set12/s_Integrated_Electronics:_Analog_And_Digital_Circuits_And_Systems_J._Millman_And_C._C._Halkias_506.zip
0
0
/home/fossee/Downloads/set/set12/s_Heat_Transfer_(in_Si_Units)_J._P._Holman_405.zip
125
0
/home/fossee/Downloads/set/set12/s_High_Frequency_And_Microwave_Engineering_E._Da_Silva_2210.zip
87
7
/home/fossee/Downloads/set/set12/s_Generation_Of_Electrical_Energy_B._R._Gupta_416.zip
137
0
/home/fossee/Downloads/set/set12/s_High_Voltage_Engineering_Theory_And_Practice__M._A._Salam,_H._Anis,_A._El_Morshedy_And_R._Radwan_3523.zip
0
0
/home/fossee/Downloads/set/set12/s_High_Voltage_Engineering_C._L._Wadhwa_3487.zip
30
0
/home/fossee/Downloads/set/set12/s_Integrated_Circuits_K._R._Botkar_73.zip
57
0
/home/fossee/Downloads/set/set12/s_Hydraulics_J._Lal_1640.zip
104
0
/home/fossee/Downloads/set/set12/s_Heat_And_Mass_Transfer_V._K._Dwivedi_1752.zip
118
0
/home/fossee/Downloads/set/set12/s_Heat_Transfer_K._A._Gavhane_1073.zip
164
0
/home/fossee/Downloads/set/set12/s_Integrated_Circuits_P._Raja_2582.zip
77
0
/home/fossee/Downloads/set/set12/s_Heat_And_Thermodynamics_A._Manna_1571.zip
135
0
/home/fossee/Downloads/set/set12/s_Heat_Transfer:_Principles_And_Applications_B._K._Dutta_1046.zip
0
0
/home/fossee/Downloads/set/set12/s_Heat_And_Thermodynamics_Brijlal_And_N._Subrahmanyam_2741.zip
176
0
/home/fossee/Downloads/set/set12/s_Heat_And_Mass_Transfer_E._R._G._Eckert_And_R._M._Drake_686.zip
32
0
/home/fossee/Downloads/set/set12/s_Industrial_Instrumentation_K._Krishnaswamy_And_S._Vijayachitra_1436.zip
92
0
/home/fossee/Downloads/set/set12/s_Heat_And_Mass_Transfer_-_A_Practical_Approach_Y._A._Cengel_587.zip
133
10
/home/fossee/Downloads/set/set12/s_High_Voltage_Engineering_M._S._Naidu_And_V._Kamaraju_3169.zip
21
29
/home/fossee/Downloads/set/set12/s_Hydraulics_And_Fluid_Mechanics_E._H._Lewitt_1466.zip
144
0
/home/fossee/Downloads/set/set12/s_High_Voltage_Engineering_Theory_And_Practice_M._Khalifa_3369.zip
70
0
