grepthis#_introduction_to_nuclear_engineering_J._R._Lamarsh_And_A._J._Baratta_3269/CH10/EX10.2/Ex10_2.sce #
 
 
[2J[0;0H 
 
 
 
 
 
 
 
 
 
 
 The equation to calculate radius is 
 5.42E+02  = 1.000000E+08 * Bp*exp(-mu*R)/(4*pi*R^2) 
 
 
 
 
 
 
 
 
 
 
 
 
 
 
 
 
 
 
 
 
 
 

 The shield radius required = 14 cm 
 
 
grepthis#_introduction_to_nuclear_engineering_J._R._Lamarsh_And_A._J._Baratta_3269/CH10/EX10.3/Ex10_3.sce #
 
 
[2J[0;0H 
 
 
 
 
 
 
 
 
 
 
 
 
 
 
 
 
 
 
 The equation to calculate thickness is 
 7.97E+02 = (1.000000E+09/2) *(18.089*E1(0.958*mu*a) -17.089*E1(1.008*mu*a)) 
 
 
 
 
 
 
 
 x  =
 
 
         column  1 to 12
 
    1.    2.    3.    4.    5.    6.    7.    8.    9.    10.    11.    12.  
 
         column 13 to 20
 
    13.    14.    15.    16.    17.    18.    19.    20.  
 
 
 
 
 
 
 
 
 
 
 

 The concrete thickness = 130 cm 
 
 
grepthis#_introduction_to_nuclear_engineering_J._R._Lamarsh_And_A._J._Baratta_3269/CH11/EX11.1/Ex11_1.sce #
 
 
[2J[0;0H 
 
 
 
 
 
 
 
 
 
 
 The point of maximum concentration of non-radioactive effluent = 1900 m 
 
 
grepthis#_introduction_to_nuclear_engineering_J._R._Lamarsh_And_A._J._Baratta_3269/CH11/EX11.2/Ex11_2.sce #
 
 
[2J[0;0H 
 
 
 
 
 
 
 
 
 
 
 
 
 
 
 
 
 
 
 
 The external gamma dose rate due to xenon release under type F condition = 0.0372 mrem/year or 0.372 mSv/year 
 
 
grepthis#_introduction_to_nuclear_engineering_J._R._Lamarsh_And_A._J._Baratta_3269/CH11/EX11.5/Ex11_5.sce #
 
 
[2J[0;0H 
 
 
 
 
 
 
 
 
 
 
 
 
 
 
 
 
 
 
 
 
 
 
 
 
 
 
 
 
 The equilibrium dose rate to an adult thyroid = 6.71E-10 rem/sec 
 
 
 
 
 
 
 
 
 The annual dose to an adult thyroid = 21.16 mrem 
 
 
grepthis#_introduction_to_nuclear_engineering_J._R._Lamarsh_And_A._J._Baratta_3269/CH11/EX11.7/Ex11_7.sce #
 
 
[2J[0;0H 
 
 
 
 
 
 
 
 
 
 
 
 
 
 
 
 
 
 
 
 
 
 
 The total external dose due to gamma ray exposure = 1.10E-02 rem
 
 
 
 
 
 
 
 
 
 
 
 
 
 The dose rate to an adult thyroid after 2 hours = 4.10E-05 rem/sec or 148 mrem/hour
 
 
 
 
 
 
 
 
 
 
 
 
 The dose commitment to thyroid by Iodine-131 exposure after 2 hours = 38.81 rem 
 
 
grepthis#_introduction_to_nuclear_engineering_J._R._Lamarsh_And_A._J._Baratta_3269/CH11/EX11.10/Ex11_10.sce #
 
 
[2J[0;0H 
 
 
 
 
 
 
 
 
 
 
 
 
 
 
 
 
 
 
 
 
 
 
 
 
 
 Total activity of Radium-226 emitted = 0.0185 curie 
 
 
 
 
 
 
 
 
 
 
 
 
 
 
 Concentration of Radium-226 present = 1.47E-15 micro-curie/cm^3 
 
 
 
 
 
 
 On comparison, the total concentration of Radium-226 is 2042 times smaller than Maximum Permissible Concentration (MPC) 
 
 
 
