Total number of .sce files(without counting DEPENDENCIES directory): 112

grepthis#Fundamentals_Of_Thermodynamics_B._Claus_And_R._E._Sonntag_172/CH10/EX10.1/ex1.sce #
 
 
 
 
 
 hi  =
 
    171.95  
 
 si  =
 
    0.5705  
 
 se  =
 
    2.1341  
 
 he  =
 
    765.34  
 
 m  =
 
    5.  
 
 q1  =
 
    180.  
 
 q2  =
 
    413.39  
 
 To  =
 
    298.3  
 
 T1  =
 
    373.2  
 
 T2  =
 
    473.2  
 
 wrev  =
 
    61.950839  
 

 Hence, the irreversibility is i=62.0 kJ/kg.
 
 
grepthis#Fundamentals_Of_Thermodynamics_B._Claus_And_R._E._Sonntag_172/CH11/EX11.1/ex1.sce #
 
 
 
 
 
 
 
 
 
 
 
 
 
 
 
 
 
 
 
 
 
 
 
 
 
 
Percentage efficiency = 30.3  
grepthis#Fundamentals_Of_Thermodynamics_B._Claus_And_R._E._Sonntag_172/CH12/EX12.1/ex1.sce #
 
 
 
 
 
 
 
 
 
 
 
 
 
 
 
Temperature T2 = 556.4 K
 
 Compressor work = 269.3 kJ/kg 
 
 
 
 
 
 
 
 
 
 Temperature T3 = 1373.2 K
 
 Temperature T4 = 711.2 K
 
 Turbine work = 664.6 kJ/kg
 
 Net work = 395.3 kJ/kg
 
 
 
 
 
 
 
 
 Thermal Efficiency of cycle = 48.2 percent 
grepthis#Fundamentals_Of_Thermodynamics_B._Claus_And_R._E._Sonntag_172/CH14/EX14.1/ex1.sce #
 
 
 
 
 
 
 
 
 
 
 
 
Sublimation Pressure = 0.00109 kPa 
 
grepthis#Fundamentals_Of_Thermodynamics_B._Claus_And_R._E._Sonntag_172/CH15/EX15.1/ex1.sce #
 
 
 
 
 
 
Theoratical air fuel ratio on mass basis = 15.1 kg air/kg fuel 
 
 
grepthis#Fundamentals_Of_Thermodynamics_B._Claus_And_R._E._Sonntag_172/CH17/EX17.1/ex1.sce #
 
 
 
 
 
 
 
 
 
 
 
Stagnation Temperature = 319.9 K 
 
 Stagnation Pressure = 187.9 kPa 
 
grepthis#Fundamentals_Of_Thermodynamics_B._Claus_And_R._E._Sonntag_172/CH2/EX2.1/ex1.sce #
 
 
 
 
 m  =
 
    1.  
 
 g  =
 
    9.75  
 
 F  =
 
    9.75  
 

 hence,weight of person is F = 9.750 N. 
 
grepthis#Fundamentals_Of_Thermodynamics_B._Claus_And_R._E._Sonntag_172/CH3/EX3.1/ex1.sce #
 
 
 
 
 
 from the table,we find that at 120C,saturation pressure of water is 198.5 kPa.But here we have pressure of 500 kPa.hence,water e 
      xists as a compressed liquid here.                                                                                          
 
 
 also at 120C,vf=0.00106 kg/m^3 and vg=0.89186 kg/m^3.given v=0.5 m^3/kg i.e. vf<v<vg,so we have two phase mixture of liquid and  
      vapor.                                                                                                                      
 
grepthis#Fundamentals_Of_Thermodynamics_B._Claus_And_R._E._Sonntag_172/CH4/EX4.1/ex1.sce #
 
 
 
 
 P1  =
 
    200.  
 
 V2  =
 
    0.1  
 
 V1  =
 
    0.04  
 
 W1  =
 
    12.  
 

 hence,the work done during the isobaric process is W1 = 12.000 kJ. 
 
 W2  =
 
    7.3303259  
 

 hence,the work done in isothermal process is W2 = 7.330 kJ. 
 
 P2  =
 
    60.772623  
 
 W3  =
 
    6.4091255  
 

 hence,the work done during the described process is W3 = 6.409 kJ. 
 
 W4  =
 
    0.  
 

 hence,the work done in the isovolumic process is W4 = 0.000 kJ. 
 
grepthis#Fundamentals_Of_Thermodynamics_B._Claus_And_R._E._Sonntag_172/CH5/EX5.1/ex1.sce #
 
 
 
 
 m  =
 
    1100.  
 
 ke  =
 
    400.  
 
 V  =
 
    26.967994  
 
 g  =
 
    9.807  
 
 H  =
 
    37.079266  
 
 
 hence,the car should be raised to a height of 37.1 m to make its potential energy equal to kinetic energy   
 
grepthis#Fundamentals_Of_Thermodynamics_B._Claus_And_R._E._Sonntag_172/CH6/EX6.1/ex1.sce #
 
 
 
 
 R  =
 
    0.287  
 
 T  =
 
    25.  
 
 P  =
 
    150.  
 
 v  =
 
    0.570556  
 
 D  =
 
    0.2  
 
 A  =
 
    0.0314159  
 
 V  =
 
    0.1  
 
 m  =
 
    0.0055062  
 

 hence,the mass flow rate is m=0.0055 kg/s.
 
grepthis#Fundamentals_Of_Thermodynamics_B._Claus_And_R._E._Sonntag_172/CH7/EX7.1/ex1.sce #
 
 
 
 
 W  =
 
    100.028  
 
 neng  =
 
    0.3  
 
 Qh  =
 
    333.42667  
 
 Ql  =
 
    233.39867  
 
 qh  =
 
    35000.  
 
 m  =
 
    0.0095265  
 

 hence,total rate of energy rejected is Ql=233 kW.
 

 and rate of fuel consumption is m=0.0095 kg/s.
 
grepthis#Fundamentals_Of_Thermodynamics_B._Claus_And_R._E._Sonntag_172/CH8/EX8.1/ex1.sce #
 
 
 
 
 Th  =
 
    60.  
 
 Tl  =
 
    0.  
 
 s1  =
 
    1.7262  
 
 s2  =
 
    1.7262  
 
 s3  =
 
    1.2857  
 
 s4  =
 
    1.2857  
 
 
 if Pressure is 1400 kPa,then s=1.7360 kJ/kg-K and if P=1600 kPa,then s=1.7135 kJ/kg-K.Therefore   
 
 P2  =
 
    1487.1111  
 
 B  =
 
    5.55  
 
 
 hence,pressure after compression is P2=1487.111 kPa.
 

 and coefficient of performance of refrigerator is B=5.550 .
 
grepthis#Fundamentals_Of_Thermodynamics_B._Claus_And_R._E._Sonntag_172/CH9/EX9.1/ex1.sce #
 
 
 
 
 hi  =
 
    3051.2  
 
 si  =
 
    7.1228  
 
 Pe  =
 
    0.15  
 
 se  =
 
    7.1228  
 
 sf  =
 
    1.4335  
 
 sfg  =
 
    5.7897  
 
 vi  =
 
    50.  
 
 ve  =
 
    200.  
 
 xe  =
 
    0.9826589  
 
 hf  =
 
    467.1  
 
 hfg  =
 
    2226.5  
 
 he  =
 
    2654.99  
 
 w  =
 
    377.46005  
 

 hence, work per kilogram of steam for this isentropic process is w=377.5 kJ/kg-K.
 
grepthis#Fundamentals_Of_Thermodynamics_B._Claus_And_R._E._Sonntag_172/CH10/EX10.2/ex2.sce #
 
 
 
 
 
 hi  =
 
    298.6  
 
 si  =
 
    6.8631  
 
 se  =
 
    7.4664  
 
 he  =
 
    544.7  
 
 q  =
 
  - 50.  
 
 w  =
 
  - 296.1  
 
 To  =
 
    298.2  
 
 P1  =
 
    100.  
 
 P2  =
 
    1000.  
 
 R  =
 
    0.287  
 
 wrev  =
 
  - 263.259  
 
 i  =
 
    32.840999  
 

 Hence, the irreversibility is i=32.8 kJ/kg.
 
 
grepthis#Fundamentals_Of_Thermodynamics_B._Claus_And_R._E._Sonntag_172/CH11/EX11.2/ex2.sce #
 
 
 
 
 
 
 
 
 
 
 
 
 
 
 
 
 
 
 
 
 
 
 
 
 
 
Percentage efficiency = 35.3  
grepthis#Fundamentals_Of_Thermodynamics_B._Claus_And_R._E._Sonntag_172/CH12/EX12.2/ex2.sce #
 
 
 
 
 
 
 
 
 
 
 
 
 
 
 
 
 
 
 
Temperature T2 = 623.5 K
 
 Compressor work = 336.6 kJ/kg 
 
 
 
 
 
 
 
 
 
 
 
 Temperature T3 = 1373.2 K
 
 Temperature T4 = 810.5 K
 
 Turbine work = 564.9 kJ/kg
 
 Net work = 228.3 kJ/kg
 
 
 
 
 
 
 
 
 Thermal Efficiency of cycle = 30.3 percent 
grepthis#Fundamentals_Of_Thermodynamics_B._Claus_And_R._E._Sonntag_172/CH16/EX16.2/ex2.sce #
 
 
 
 
 
 
 
 
 
 
 
 
 
 
 
 
 
 
 
 Change in gibbs free energy at 298 K = 457.179 kJ 
 
 
 
 
 
 
 
 
 
 
 
 
 
  Change in gibbs free energy at 2000 K = 271.040 kJ  
grepthis#Fundamentals_Of_Thermodynamics_B._Claus_And_R._E._Sonntag_172/CH2/EX2.2/ex2.sce #
 
 
 
 
 Vliq  =
 
    0.2  
 
 dliq  =
 
    997.  
 
 Vstone  =
 
    0.12  
 
 Vsand  =
 
    0.15  
 
 Vair  =
 
    0.53  
 
 mliq  =
 
    199.4  
 
 dstone  =
 
    2750.  
 
 dsand  =
 
    1500.  
 
 mstone  =
 
    330.  
 
 msand  =
 
    225.  
 
 Vtot  =
 
    1.  
 
 dair  =
 
    1.1  
 
 mair  =
 
    0.583  
 
 mtot  =
 
    754.983  
 
 v  =
 
    0.0013245  
 
 d  =
 
    754.983  
 

 hence,average specific volume is v=0.001325  m^3/kg. 
 

 and overall density is d=755 kg/m^3. 
 
grepthis#Fundamentals_Of_Thermodynamics_B._Claus_And_R._E._Sonntag_172/CH3/EX3.2/ex2.sce #
 
 
 
 
 
 from the table,we find that at 30C,saturation pressure of ammonia is 1167 kPa.But here we have pressure of 1000 kPa.hence,ammoni 
      a exists in superheated vapor state.                                                                                        
 
 
 for R-22 at 200 kPa,vg=0.1119 kg/m^3.given v=0.15 m^3/kg i.e. v>vg,so the state is superheated vapor   
 
grepthis#Fundamentals_Of_Thermodynamics_B._Claus_And_R._E._Sonntag_172/CH5/EX5.2/ex2.sce #
 
 
 
 
 W  =
 
  - 5090.  
 
 Q  =
 
  - 1500.  
 
 dU  =
 
    3590.  
 
 
 hence,change in internal energy is 3590 kJ   
 
grepthis#Fundamentals_Of_Thermodynamics_B._Claus_And_R._E._Sonntag_172/CH6/EX6.2/ex2.sce #
 
 
 
 
 P  =
 
    600.  
 
 m  =
 
    1.  
 
 v  =
 
    0.001  
 
 W  =
 
    0.6  
 
 
 hence,the work involved in this process is W=0.600 kJ. 
 
grepthis#Fundamentals_Of_Thermodynamics_B._Claus_And_R._E._Sonntag_172/CH7/EX7.2/ex2.sce #
 
 
 
 
 Qh  =
 
    400.  
 
 W  =
 
    150.  
 
 Ql  =
 
    250.  
 
 B  =
 
    1.6666667  
 

 hence,rate of energy taken out of the cold space is Ql=250.000 W.
 

 and coefficient of performance of the refrigerator is B=1.667 .
 
grepthis#Fundamentals_Of_Thermodynamics_B._Claus_And_R._E._Sonntag_172/CH8/EX8.2/ex2.sce #
 
 
 
 
 u1  =
 
    87.94  
 
 u2  =
 
    276.44  
 
 s1  =
 
    0.3357  
 
 s2  =
 
    1.2108  
 
 V  =
 
    0.001  
 
 v1  =
 
    0.000923  
 
 m  =
 
    1.0834236  
 
 T  =
 
    20.  
 
 Q12  =
 
    277.93669  
 
 W12  =
 
    73.711338  
 
 
 hence,work required to accomplish the process is W12=73.7 kJ.
 
 
 and heat transfer is Q12=277.9 kJ.
 
grepthis#Fundamentals_Of_Thermodynamics_B._Claus_And_R._E._Sonntag_172/CH9/EX9.2/ex2.sce #
 
 
 
 
 hi  =
 
    3051.2  
 
 si  =
 
    7.1228  
 
 se  =
 
    7.1228  
 
 Pe  =
 
    0.3  
 
 
 from steam table,various properties at final state are    
 
 he  =
 
    2780.2  
 
 Te  =
 
    159.1  
 
 vi  =
 
    30.  
 
 ve  =
 
    736.81748  
 

 hence,exit velocity of the steam from the nozzle is ve=737 m/s.
 
grepthis#Fundamentals_Of_Thermodynamics_B._Claus_And_R._E._Sonntag_172/CH11/EX11.3/ex3.sce #
 
 
 
 
 
 
 
 
 
 
 
 
 
 
 
 
 
 
 
 
 
 
 hf  =
 
    604.7  
 
 
 
 
 
 
 
 
 
 
 
 
 
 
 
 
Percentage efficiency = 35.9  
grepthis#Fundamentals_Of_Thermodynamics_B._Claus_And_R._E._Sonntag_172/CH12/EX12.3/ex3.sce #
 
 
 
 
 
 
 
 
 
 
 
Thermal efficiency = 59.4 percent 
grepthis#Fundamentals_Of_Thermodynamics_B._Claus_And_R._E._Sonntag_172/CH13/EX13.3/ex3.sce #
 
 
 
 
 
 
 
 
 
 
 
 
 
 
 
Mass of vapour = 2.77 Kg  
grepthis#Fundamentals_Of_Thermodynamics_B._Claus_And_R._E._Sonntag_172/CH16/EX16.3/ex3.sce #
 
 
 
 
 
 
 
 
 
 
 
Equilibrium constant at 298 K = -184.511 
 
 Equilibrium constant at 2000 K = -16.299 
 
grepthis#Fundamentals_Of_Thermodynamics_B._Claus_And_R._E._Sonntag_172/CH17/EX17.3/ex3.sce #
 
 
 
 
 
 
 
 
 
 
 
 
 
 
 
 
 
Thrust acting in x direction = 10.68 kN 
grepthis#Fundamentals_Of_Thermodynamics_B._Claus_And_R._E._Sonntag_172/CH2/EX2.3/ex3.sce #
 
 
 
 
 Dcyl  =
 
    0.1  
 
 Drod  =
 
    0.01  
 
 Acyl  =
 
    0.0078540  
 
 Arod  =
 
    0.0000785  
 
 Pcyl  =
 
    250000.  
 
 Po  =
 
    101000.  
 
 g  =
 
    9.81  
 
 mp  =
 
    25.  
 
 F  =
 
    932.92578  
 

 hence,the force that rod can push within the upward direction is F = 932.926 N. 
 
grepthis#Fundamentals_Of_Thermodynamics_B._Claus_And_R._E._Sonntag_172/CH4/EX4.3/ex3.sce #
 
 
 
 
 Psat  =
 
    190.2  
 
 P1  =
 
    190.2  
 
 vf  =
 
    0.001504  
 
 vfg  =
 
    0.62184  
 
 x1  =
 
    0.25  
 
 v1  =
 
    0.156964  
 
 v2  =
 
    0.2213192  
 
 P2  =
 
    600.  
 
 m  =
 
    0.5  
 
 W  =
 
    12.713378  
 
 
 hence,work produced by ammonia is 12.71 kJ   
 
grepthis#Fundamentals_Of_Thermodynamics_B._Claus_And_R._E._Sonntag_172/CH5/EX5.3/ex3.sce #
 
 
 
 
 g  =
 
    9.806  
 
 m  =
 
    10.  
 
 H1  =
 
    10.2  
 
 H2  =
 
    0.  
 
 dKE1  =
 
    1000.212  
 
 dPE1  =
 
  - 1.  
 

 hence,when stone is about to enter state 2, dKE = 1000.212 J. 
 

 and dPE = -1.000 J. 
 
 dPE2  =
 
    0.  
 
 W2  =
 
    0.  
 
 dKE2  =
 
  - 1.  
 
 dU2  =
 
    1.  
 

 hence,when stone has just come to rest in the bucket i.e. state 3, W=0, dPE=0, dKE1 = -1.000 J. 
 

 and dU = 1.000 J. 
 
 dKE3  =
 
    0.  
 
 dPE  =
 
    0.  
 
 W3  =
 
    0.  
 
 dU3  =
 
  - 1.  
 
 Q3  =
 
  - 1.  
 

 hence,when stone has entered state 4, dPE=0, W3=0,dKE=0, dU= -1.000 J. 
 

 and Q3= -1.000 J. 
 
grepthis#Fundamentals_Of_Thermodynamics_B._Claus_And_R._E._Sonntag_172/CH6/EX6.3/ex3.sce #
 
 
 
 
 hir  =
 
    441.89  
 
 her  =
 
    249.1  
 
 hiw  =
 
    42.  
 
 hew  =
 
    83.95  
 
 mr  =
 
    0.2  
 
 mw  =
 
    0.9191418  
 

 hence,the rate at which cooling water flows thorugh the condenser is mw=0.919 kg/s. 
 
grepthis#Fundamentals_Of_Thermodynamics_B._Claus_And_R._E._Sonntag_172/CH8/EX8.3/ex3.sce #
 
 
 
 
 C  =
 
    4.184  
 
 T1  =
 
    20.  
 
 T2  =
 
    90.  
 
 dS1  =
 
    0.8957889  
 
 dS2  =
 
    0.8959  
 

 hence,change in entropy assuming constant specific heat is dS1=0.8958 kJ/kg-K.
 

 using steam table is dS2=0.8959 kJ/kg-K.
 
grepthis#Fundamentals_Of_Thermodynamics_B._Claus_And_R._E._Sonntag_172/CH9/EX9.3/ex3.sce #
 
 
 
 
 
 from R-134a tables   
 
 se  =
 
    1.7148  
 
 si  =
 
    1.7395  
 
 
 therefore,se<si,whereas for this process the second law requires that se>=si.The process described involves a violation of the s 
      econd law and thus would be impossible.                                                                                     
 
grepthis#Fundamentals_Of_Thermodynamics_B._Claus_And_R._E._Sonntag_172/CH11/EX11.4/ex4.sce #
 
 
 
 
 
 
 
 
 
 
 
 
 
 
 
 
 
 
 
 
 
 
 
 
 
 
 
 
 
 
 
 
Refrigerator Efficiency = 37.5  
 
grepthis#Fundamentals_Of_Thermodynamics_B._Claus_And_R._E._Sonntag_172/CH12/EX12.4/ex4.sce #
 
 
 
 
 
 
 
 
 
 
Isothermal work in compressor = -190.5 kJ/kg 
 
 
 Isothermal work in turbine = 907.5 kJ/kg
 
grepthis#Fundamentals_Of_Thermodynamics_B._Claus_And_R._E._Sonntag_172/CH13/EX13.4/ex4.sce #
 
 
 
 
 
 
 
 
 
 
 
 
 
Mass of vapour condense = 2.175 kg 
 
grepthis#Fundamentals_Of_Thermodynamics_B._Claus_And_R._E._Sonntag_172/CH14/EX14.4/ex4.sce #
 
 
 
 
 
 
 
 
 
 
 
 
 
 
 
 
Change in internal energy = -159.4 J/kg  
 
grepthis#Fundamentals_Of_Thermodynamics_B._Claus_And_R._E._Sonntag_172/CH2/EX2.4/ex4.sce #
 
 
 
 
 dm  =
 
    13534.  
 
 H  =
 
    0.75  
 
 g  =
 
    9.80665  
 
 Patm  =
 
    99.542401  
 

 hence, atmospheric pressure is Patm = 99.54 kPa. 
 
grepthis#Fundamentals_Of_Thermodynamics_B._Claus_And_R._E._Sonntag_172/CH3/EX3.4/ex4.sce #
 
 
 
 
 vliq  =
 
    0.1  
 
 vf  =
 
    0.000843  
 
 vvap  =
 
    0.9  
 
 vg  =
 
    0.02671  
 
 mliq  =
 
    118.62396  
 
 mvap  =
 
    33.695245  
 
 m  =
 
    152.31921  
 
 x  =
 
    0.2212147  
 
 
 hence,% vapor on mass basis is 22.1   
 
grepthis#Fundamentals_Of_Thermodynamics_B._Claus_And_R._E._Sonntag_172/CH4/EX4.4/ex4.sce #
 
 
 
 
 v1  =
 
    0.35411  
 
 v2  =
 
    0.177055  
 
 m  =
 
    0.1  
 
 P1  =
 
    1000.  
 
 W  =
 
  - 17.7055  
 
 
 hence,the work in the overall process is -17.7 kJ   
 
grepthis#Fundamentals_Of_Thermodynamics_B._Claus_And_R._E._Sonntag_172/CH6/EX6.4/ex4.sce #
 
 
 
 
 hi  =
 
    2850.1  
 
 Vi  =
 
    50.  
 
 Ve  =
 
    600.  
 
 he  =
 
    2671.35  
 
 hf  =
 
    467.1  
 
 hfg  =
 
    2226.5  
 
 xe  =
 
    0.9900067  
 
 
 hence, the quality is xe=0.990. 
 
grepthis#Fundamentals_Of_Thermodynamics_B._Claus_And_R._E._Sonntag_172/CH7/EX7.4/ex4.sce #
 
 
 
 
 Qh  =
 
    1000.  
 
 W  =
 
    450.  
 
 Ql  =
 
    550.  
 
 nthermal  =
 
    0.45  
 
 Tl  =
 
    300.  
 
 Th  =
 
    550.  
 
 ncarnot  =
 
    0.6354800  
 
 W2  =
 
    635.47995  
 
 Ql2  =
 
    364.52005  
 

 hence,energy discarded to the ambient surroundings is Ql2=365kW.
 

 and the engine efficiency is ncarnot=0.635.
 
grepthis#Fundamentals_Of_Thermodynamics_B._Claus_And_R._E._Sonntag_172/CH8/EX8.4/ex4.sce #
 
 
 
 
 T1  =
 
    300.  
 
 T2  =
 
    1500.  
 
 P1  =
 
    200.  
 
 P2  =
 
    150.  
 
 R  =
 
    0.2598  
 
 Cp  =
 
    0.922  
 
 dsT2  =
 
    8.0649  
 
 dsT1  =
 
    6.4168  
 
 dS1  =
 
    1.7228398  
 
 dS2  =
 
    1.7058452  
 
 dS3  =
 
    1.5586416  
 
 dS4  =
 
    1.8075818  
 

 hence,change in entropy using ideal gas tables is dS1=1.7228 kJ/kg-K.
 

 hence,change in entropy using empirical equation is dS2=1.7058 kJ/kg-K.
 

 hence,change in entropy using the value of specific heat at 300K is dS3=1.5586 kJ/kg-K.
 

 hence,change in entropy assuming specific heat is constant at its value at 900K is dS4=1.8076 kJ/kg-K.
 
grepthis#Fundamentals_Of_Thermodynamics_B._Claus_And_R._E._Sonntag_172/CH9/EX9.4/ex4.sce #
 
 
 
 
 Cp  =
 
    1.004  
 
 Ti  =
 
    290.  
 
 Pi  =
 
    100.  
 
 Pe  =
 
    1000.  
 
 k  =
 
    1.4  
 
 Te  =
 
    559.90234  
 
 we  =
 
  - 270.98195  
 

 hence,specific work required is we=-270.982 kJ/kg.
 
grepthis#Fundamentals_Of_Thermodynamics_B._Claus_And_R._E._Sonntag_172/CH11/EX11.5/ex5.sce #
 
 
 
 
 
 
 
 
 
 
 
 
 
 
 
 
 
 
 
 
 
 
 
 
 
 
 
 
 
 
 
 
 
 
Cycle Efficiency = 29.2  
grepthis#Fundamentals_Of_Thermodynamics_B._Claus_And_R._E._Sonntag_172/CH12/EX12.5/ex5.sce #
 
 
 
 
 
 
 
 
 
 
 
 
 
 
 
 
 
 
 
 
 
 
 
 T5  =
 
    710.8  
 
 
Velocity of air leaving the nozel = 889 m/s 
grepthis#Fundamentals_Of_Thermodynamics_B._Claus_And_R._E._Sonntag_172/CH13/EX13.5/ex5.sce #
 
 
 
 
 
 
 
 
 
 
 
 
 
 
 
 
 
 
 
 
 
 
 
Heat transferred per unit mass = -41.65 kJ/kg of dry air 
grepthis#Fundamentals_Of_Thermodynamics_B._Claus_And_R._E._Sonntag_172/CH14/EX14.5/ex5.sce #
 
 
 
 
 
 
 
 
 
 
 
 
 
 
 
 
 
 
 
 
Enthalpy change = -0 kJ/kg 
 
 Since Enthalpy change is -0 kJ/kg so Temperature = 146.0 K 
grepthis#Fundamentals_Of_Thermodynamics_B._Claus_And_R._E._Sonntag_172/CH17/EX17.5/ex5.sce #
 
 
 
 
 
 
 
 
 
Speed of sound at 300 K = 347.2 m/s 
 
 
 
 Speed of sound at 1000 K = 633.9 m/s 
 
grepthis#Fundamentals_Of_Thermodynamics_B._Claus_And_R._E._Sonntag_172/CH2/EX2.5/ex5.sce #
 
 
 
 
 dm  =
 
    13590.  
 
 H  =
 
    0.24  
 
 g  =
 
    9.80665  
 
 dP  =
 
    31985.37  
 
 Patm  =
 
    99954.28  
 
 Pvessel  =
 
    131939.65  
 
 Pvessel  =
 
    1.3021431  
 

 hence, the absolute pressure inside vessel is Pvessel = 1.302 atm. 
 
grepthis#Fundamentals_Of_Thermodynamics_B._Claus_And_R._E._Sonntag_172/CH6/EX6.5/ex5.sce #
 
 
 
 
 hi  =
 
    346.8  
 
 he  =
 
    346.8  
 
 hf  =
 
    134.4  
 
 hfg  =
 
    1296.4  
 
 xe  =
 
    0.1638383  
 

 hence,quality of the ammonia leaving the expansion valve is xe=0.1638. 
 
grepthis#Fundamentals_Of_Thermodynamics_B._Claus_And_R._E._Sonntag_172/CH7/EX7.5/ex5.sce #
 
 
 
 
 Tl  =
 
    297.  
 
 Th  =
 
    308.  
 
 Ql  =
 
    4.  
 
 B  =
 
    27.  
 
 W  =
 
    0.1481481  
 

 hence,the magnitude of reqiured work is W=0.15 kW.
 
grepthis#Fundamentals_Of_Thermodynamics_B._Claus_And_R._E._Sonntag_172/CH8/EX8.5/ex5.sce #
 
 
 
 
 Cp  =
 
    1.004  
 
 R  =
 
    0.287  
 
 P1  =
 
    400.  
 
 P2  =
 
    300.  
 
 T1  =
 
    300.  
 
 T2  =
 
    600.  
 
 dS1  =
 
    0.7784845  
 
 s1  =
 
    6.8693  
 
 s2  =
 
    7.5764  
 
 dS2  =
 
    0.7896648  
 

 hence,entropy change assuming constant specific heat is dS1=0.7785 kJ/kg-K.
 

 and assuming variable specific heat is dS2=0.7897 kJ/kg-K.
 
grepthis#Fundamentals_Of_Thermodynamics_B._Claus_And_R._E._Sonntag_172/CH9/EX9.5/ex5.sce #
 
 
 
 
 h1  =
 
    2865.54  
 
 h2  =
 
    83.94  
 
 h3  =
 
    2725.3  
 
 s1  =
 
    7.3115  
 
 s2  =
 
    0.2966  
 
 s3  =
 
    6.9918  
 
 m1  =
 
    2.  
 
 m2  =
 
    0.1061877  
 
 m3  =
 
    2.1061877  
 
 Sgen  =
 
    0.0715480  
 

 hence,entropy generated in this process is Sgen=0.072 kW/K.
 
grepthis#Fundamentals_Of_Thermodynamics_B._Claus_And_R._E._Sonntag_172/CH12/EX12.6/ex6.sce #
 
 
 
 
 
 
 
 
 
 
 
Coefficient of performance = 1.713 
 
 
 
 
 
 
 
 
 
 
 P  =
 
    1.  
 
 
 Rate at which the air enter the compressor = 0.014 kg/s  
grepthis#Fundamentals_Of_Thermodynamics_B._Claus_And_R._E._Sonntag_172/CH13/EX13.6/ex6.sce #
 
 
 
 
 
 
 
 
 
 
 
 
 
 
 
 
 
 
 
 
 
 
 
Heat transferred = -339.1 kJ  
grepthis#Fundamentals_Of_Thermodynamics_B._Claus_And_R._E._Sonntag_172/CH14/EX14.6/ex6.sce #
 
 
 
 
 
 
 
 
 
 
 
 
 
 
 
 
 
 
 
 
Enthalpy change = 61.98 kJ/kg 
 
 
 
 
 
 
 
 
 Entropy Change = 1.0782 kJ/kg.K  
grepthis#Fundamentals_Of_Thermodynamics_B._Claus_And_R._E._Sonntag_172/CH15/EX15.6/ex6.sce #
 
 
 
 
 
 
 
 
 
 
 
 
Heat transfer per kilomole of fuel entering combustion chamber = -890.309 kJ  
grepthis#Fundamentals_Of_Thermodynamics_B._Claus_And_R._E._Sonntag_172/CH17/EX17.6/ex6.sce #
 
 
 
 
 
 
 
 
 
 
 
 
 
Mass flow rate at the throat section = 1.0646 kg/s 
 
 
 
 
 
 
 
 
 
 Mass flow rate at the exit section = 0.8711 kg/s 
 
grepthis#Fundamentals_Of_Thermodynamics_B._Claus_And_R._E._Sonntag_172/CH2/EX2.6/ex6.sce #
 
 
 
 
 dg  =
 
    750.  
 
 dR  =
 
    1206.  
 
 H  =
 
    7.5  
 
 g  =
 
    9.807  
 
 dP1  =
 
    55.164375  
 
 Ptop1  =
 
    101.  
 
 P1  =
 
    156.16438  
 
 
 hence,pressure at the bottom of storage tank if fluid is gasoline is 156.2 kPa   
 
 dP2  =
 
    88.704315  
 
 Ptop2  =
 
    1000.  
 
 P2  =
 
    1088.7043  
 

 hence, pressure at the bottom of storage tank if liquid is R-134a is P2 = 1089 kPa. 
 
grepthis#Fundamentals_Of_Thermodynamics_B._Claus_And_R._E._Sonntag_172/CH3/EX3.6/ex6.sce #
 
 
 
 
 T1  =
 
    219.8  
 
 P1  =
 
    600.  
 
 
 This temperature is higher than the critical temperature (critical temp. at P=600 kPa) is 96.37 K.Hence,v=0.10788 m^3/kg   
 
 T2  =
 
    100.  
 
 v2  =
 
    0.008  
 
 vf  =
 
    0.001452  
 
 vg  =
 
    0.0312  
 
 Psat  =
 
    779.2  
 
 vfg  =
 
    0.029748  
 
 x  =
 
    0.2201156  
 

 hence, the pressure is Psat = 779.2 kPa. 
 

 and quality is x = 0.2201 . 
 
grepthis#Fundamentals_Of_Thermodynamics_B._Claus_And_R._E._Sonntag_172/CH5/EX5.6/ex6.sce #
 
 
 
 
 V1  =
 
    0.1  
 
 m  =
 
    0.5  
 
 v1  =
 
    0.2  
 
 vf  =
 
    0.001084  
 
 vfg  =
 
    0.4614  
 
 x1  =
 
    0.431114  
 
 hf  =
 
    604.74  
 
 hfg  =
 
    2133.8  
 
 h2  =
 
    3066.8  
 
 h1  =
 
    1524.6511  
 
 Q  =
 
    771.07447  
 
 P  =
 
    400.  
 
 v2  =
 
    0.6548  
 
 W  =
 
    90.96  
 

 hence, work done for the process, W = 90.960 kJ. 
 

 and heat transfer, Q=771.074 kJ.
 
grepthis#Fundamentals_Of_Thermodynamics_B._Claus_And_R._E._Sonntag_172/CH6/EX6.6/ex6.sce #
 
 
 
 
 hi  =
 
    3137.  
 
 he  =
 
    2675.5  
 
 Vi  =
 
    50.  
 
 Ve  =
 
    100.  
 
 Zi  =
 
    6.  
 
 Ze  =
 
    3.  
 
 m  =
 
    1.5  
 
 g  =
 
    9.8066  
 
 Qcv  =
 
  - 8.5  
 
 Wcv  =
 
    678.16913  
 

 hence,the power output of the turbine is Wcv=678.169 kW. 
 
grepthis#Fundamentals_Of_Thermodynamics_B._Claus_And_R._E._Sonntag_172/CH8/EX8.6/ex6.sce #
 
 
 
 
 T1  =
 
    600.  
 
 P1  =
 
    400.  
 
 P2  =
 
    150.  
 
 u1  =
 
    435.1  
 
 sT1  =
 
    7.5764  
 
 R  =
 
    0.287  
 
 ds  =
 
    0.  
 
 sT2  =
 
    7.294902  
 
 
 we know the values of s and P for state 2.So,in order to fully determine the state,we will use steam table   
 
 T2  =
 
    457.  
 
 u2  =
 
    328.14  
 
 w  =
 
    106.96  
 

 hence,work done by air is w=106.96 kJ/kg.
 
grepthis#Fundamentals_Of_Thermodynamics_B._Claus_And_R._E._Sonntag_172/CH12/EX12.7/ex7.sce #
 
 
 
 
 
 
 
 
 
 
 
 
 
Temperature at compressor exit, T2 = 723.9 K 
 
 
 Pressure at compressor exit, P2 = 2.512 MPa 
  
 
 
 
 
 
 

 Initial Temperature during heat additon process, T3 = 3234 K 
 
 
 Initial pressure during heat addition process, P3 = 11.223 MPa 
 
 
 
 
 Final temperature during heat addition process, T4 = 1287.6 K 
 
 
 Final pressure during heat addition process, P4 = 0.4468 MPa 
 
 

 Thermal efficiency = 96.0 percent 
 
 
 
 

 Mean effective pressure = 1455 kPa 
 
grepthis#Fundamentals_Of_Thermodynamics_B._Claus_And_R._E._Sonntag_172/CH13/EX13.7/ex7.sce #
 
 
 
 
 
 
 
 
 
 
 
 
 
 
 
 
 
 
 
Relative humidity = 0.0107 
 
 
 
 
 
 Humidity ratio = 0.399  
grepthis#Fundamentals_Of_Thermodynamics_B._Claus_And_R._E._Sonntag_172/CH14/EX14.7/ex7.sce #
 
 
 
 
 
 
 
 
 
 
 
 
 
 
 
 
 
 
 
 
 
 
 
 
 
 
 
 
 
 
 
 
 
Percentage deviation in specific volume using Kays rule = 4.8 percent 
 
 
 
 
 
 
 
 
 
 
 
 
 
 
 
 Percentage deviation in specific volume using vander waals eqn = 6.4 percent 
 
grepthis#Fundamentals_Of_Thermodynamics_B._Claus_And_R._E._Sonntag_172/CH15/EX15.7/ex7.sce #
 
 
 
 
 
 
 
 
 
 
 
 
 
1. Enthalpy of water at given pressure and temperature using value of Cp = -232.258 kJ/kmol 
 
 
 
 
 
 2. Enthalpy of water at given pressure and temperature assuming value od dh = -232.467 kJ/kmol 
 
 
 
 
 
 
 
 
 3.(i) enthalpy at given temp and pressure in kJ/kmol in terms of liquid = -234.080 kJ/kmol 
 
 3.(ii) enthalpy at given temp and pressure in kJ/kmol in terms of liquid = -234.074 kJ/kmol 
 
 
 
 
 
 
 
 
 
 
 4. enthalpy at given temp and pressure in kJ/kmol using compressibility chart = -233.417 kJ/kmol 
 
grepthis#Fundamentals_Of_Thermodynamics_B._Claus_And_R._E._Sonntag_172/CH17/EX17.7/ex7.sce #
 
 
 
 
 
 
 
 
 
 
 
 
 
 
 
 
  When diverging section act as a nozzle :-   
 
Exit pressure  = 93.9 kPa 
 
Exit Temperature = 183.2 K 
 
Exit velocity = 596.1 m/s 
 
 
 
 
 
 
 
 
 
  When diverging section act as a diffuser :-   
 
Exit pressure  = 93.6 kPa 
 
Exit Temperature = 353.2 K 
 
Exit velocity = 116.0 m/s 
 
 
 
grepthis#Fundamentals_Of_Thermodynamics_B._Claus_And_R._E._Sonntag_172/CH2/EX2.7/ex7.sce #
 
 
 
 
 Po  =
 
    100.  
 
 F1  =
 
    25.  
 
 A1  =
 
    0.01  
 
 P1  =
 
    2600.  
 
 d  =
 
    900.  
 
 g  =
 
    9.81  
 
 H  =
 
    6.  
 
 P2  =
 
    2547.026  
 
 A2  =
 
    0.05  
 
 F2  =
 
    122.3513  
 

 hence, balancing force on second larger piston is F2 = 122.4 N. 
 
grepthis#Fundamentals_Of_Thermodynamics_B._Claus_And_R._E._Sonntag_172/CH4/EX4.7/ex7.sce #
 
 
 
 
 k  =
 
    1.4  
 
 A  =
 
    0.5  
 
 dx  =
 
    0.005  
 
 dT1  =
 
    7.9  
 
 Q  =
 
  - 1106.  
 
 h  =
 
    100.  
 
 dT  =
 
    22.1  
 
 Q2  =
 
    1105.  
 

 hence,the rate of heat transfer in the glass and convective layer is Q2 = 1105 kW. 
 
grepthis#Fundamentals_Of_Thermodynamics_B._Claus_And_R._E._Sonntag_172/CH6/EX6.7/ex7.sce #
 
 
 
 
 V1  =
 
    0.  
 
 V2  =
 
    25.  
 
 h2  =
 
    401.52  
 
 h1  =
 
    198.  
 
 w  =
 
  - 203.8325  
 
 Wc  =
 
  - 50.  
 
 m  =
 
    0.2452994  
 
 h3  =
 
    257.9  
 
 Qcool  =
 
    35.229907  
 
 
 hence,heat transfer rate in the aftercooler is Qcool=35.230 kW. 
 
 
grepthis#Fundamentals_Of_Thermodynamics_B._Claus_And_R._E._Sonntag_172/CH8/EX8.7/ex7.sce #
 
 
 
 
 P2  =
 
    500.  
 
 P1  =
 
    100.  
 
 T1  =
 
    293.2  
 
 n  =
 
    1.3  
 
 T2  =
 
    425.07419  
 
 R  =
 
    0.2968  
 
 w12  =
 
  - 130.46753  
 
 Cvo  =
 
    0.745  
 
 q12  =
 
  - 32.22126  
 
 
 hence,work done is w12=-130.5 kJ/kg.
 

 and heat transfer are q12=-32.2 kJ/kg.
 
grepthis#Fundamentals_Of_Thermodynamics_B._Claus_And_R._E._Sonntag_172/CH9/EX9.7/ex7.sce #
 
 
 
 
 P1  =
 
    100.  
 
 P2  =
 
    5000.  
 
 v  =
 
    0.001004  
 
 w  =
 
    4.9196  
 

 hence,work required to pump water isentropically  is w=4.92 kJ/kg.
 
grepthis#Fundamentals_Of_Thermodynamics_B._Claus_And_R._E._Sonntag_172/CH12/EX12.8/ex8.sce #
 
 
 
 
 
 
 
 
 
 
 
 
 
Temperature at compressor exit, T2 = 955.2 K 
 
 
 Pressure at compressor exit, P2 = 6.629 MPa 
  
 
 
 
 
 
 
 

 Initial Temperature during heat addition process, T3 = 2748 K 
 
 
 
 
 Final temperature during heat addition process, T4 = 1265 K 
 
 
 
 
 
 
 

 Thermal efficiency = 61.1 percent 
 

 Mean effective pressure = 1399 kPa 
 
grepthis#Fundamentals_Of_Thermodynamics_B._Claus_And_R._E._Sonntag_172/CH3/EX3.8/ex8.sce #
 
 
 
 
 P  =
 
    100.  
 
 V  =
 
    240.  
 
 R  =
 
    0.287  
 
 T  =
 
    25.  
 
 m  =
 
    280.42821  
 

 hence, mass of air contained in room is m = 280.428 kg. 
 
grepthis#Fundamentals_Of_Thermodynamics_B._Claus_And_R._E._Sonntag_172/CH5/EX5.8/ex8.sce #
 
 
 
 
 h1  =
 
    273.2  
 
 h2  =
 
    1540.2  
 
 T1  =
 
    300.  
 
 T2  =
 
    1500.  
 
 
 Cp  =
 
                           2       3  
    0.88 - 0.00001x + 0.54x - 0.33x   
 
 dh1  =
 
    1267.  
 
 dh2  =
 
    1241.6412  
 
 dh3  =
 
    1106.4  
 
 dh4  =
 
    1292.04  
 

 Hence,change in specific heat enthalpy if ideal gas tables are used is dh1=1267.0 kJ/kg. 
 

 if empirical equations are used, dh2=1241.6 kJ/kg. 
 

 if specific heat is assumed to be constant and using its value at T1, dh3=1106.4 kJ/kg. 
 

 if specific heat is assumed to be constant at its value at (T1+T2)/2, dh4=1292.0 kJ/kg. 
 
grepthis#Fundamentals_Of_Thermodynamics_B._Claus_And_R._E._Sonntag_172/CH6/EX6.8/ex8.sce #
 
 
 
 
 m  =
 
    1.5  
 
 g  =
 
    9.807  
 
 Zin  =
 
  - 15.  
 
 Zex  =
 
    0.  
 
 v  =
 
    0.001001  
 
 Pex  =
 
    501.3  
 
 Pin  =
 
    90.  
 
 W  =
 
  - 0.8382245  
 
 
 Hence, the pump requires power input of W=-838 W. 
 
grepthis#Fundamentals_Of_Thermodynamics_B._Claus_And_R._E._Sonntag_172/CH8/EX8.8/ex8.sce #
 
 
 
 
 m  =
 
    1.  
 
 sfg  =
 
    6.048  
 
 T  =
 
    25.  
 
 dScm  =
 
  - 6.048  
 
 hfg  =
 
    2257.  
 
 Qtosurroundings  =
 
    2257.  
 
 dSsurroundings  =
 
    7.5700151  
 
 dSnet  =
 
    1.5220151  
 
 hence,net increase in entropy of water plus surroundings is dSnet=1.5220 kJ/K.
 
grepthis#Fundamentals_Of_Thermodynamics_B._Claus_And_R._E._Sonntag_172/CH9/EX9.8/ex8.sce #
 
 
 
 
 
 From Steam Tables, for liquid water at 20 C   
 
 vf  =
 
    0.001002  
 
 v  =
 
    0.001002  
 
 Pi  =
 
    300.  
 
 Po  =
 
    100.  
 
 Ve  =
 
    20.01999  
 
 
 Hence, an ideal nozzle can generate upto Ve=20 m/s in the exit flow. 
 
grepthis#Fundamentals_Of_Thermodynamics_B._Claus_And_R._E._Sonntag_172/CH17/EX17.9/ex9.sce #
 
 
 
 
 
 
 
 
 
 
 
 
 
 
 
Exit pressure = 669.6 kPa 
 
 Exit temperature = 327.8 K 
 
 Exit stagnation pressure = 929.8 kPa 
 
grepthis#Fundamentals_Of_Thermodynamics_B._Claus_And_R._E._Sonntag_172/CH3/EX3.9/ex9.sce #
 
 
 
 
 V  =
 
    0.5  
 
 m  =
 
    10.  
 
 T  =
 
    25.  
 
 M  =
 
    24.  
 
 Ru  =
 
    8.3145  
 
 R  =
 
    0.3464375  
 
 P  =
 
    2066.1532  
 

 hence,pressure inside tank is P = 2066 kPa. 
 
grepthis#Fundamentals_Of_Thermodynamics_B._Claus_And_R._E._Sonntag_172/CH5/EX5.9/ex9.sce #
 
 
 
 
 P  =
 
    150.  
 
 V  =
 
    0.1  
 
 T1  =
 
    25.  
 
 T2  =
 
    150.  
 
 R  =
 
    0.2968  
 
 m  =
 
    0.1695942  
 
 Cv  =
 
    0.745  
 
 W  =
 
  - 20.  
 
 Q  =
 
  - 4.2065364  
 

 hence,the heat transfer for the above process is Q=-4.2 kJ. 
 
grepthis#Fundamentals_Of_Thermodynamics_B._Claus_And_R._E._Sonntag_172/CH6/EX6.9/ex9.sce #
 
 
 
 
 h1  =
 
    3023.5  
 
 h2  =
 
    3002.5  
 
 x  =
 
    0.9  
 
 hf  =
 
    226.  
 
 hfg  =
 
    2373.1  
 
 h3  =
 
    2361.79  
 
 h4  =
 
    188.5  
 
 q12  =
 
  - 21.  
 
 w23  =
 
    640.71  
 
 q34  =
 
  - 2173.29  
 
 w45  =
 
  - 4.  
 
 h5  =
 
    192.5  
 
 q51  =
 
    2831.  
 

 hence, heat transfer in line between boiler and turbine is q12=-21.0 kJ/kg. 
 

 hence, turbine work is w23=640.7 kJ/kg. 
 

 hence, heat transfer in condenser is q34=-2173.3 kJ/kg. 
 

 hence, heat transfer in boiler is q51=2831 kJ/kg. 
 
grepthis#Fundamentals_Of_Thermodynamics_B._Claus_And_R._E._Sonntag_172/CH8/EX8.9/ex9.sce #
 
 
 
 
 Qout  =
 
    1.  
 
 T  =
 
    600.  
 
 Sgen  =
 
    0.0016667  
 
 
 hence,entropy generation is Sgen=0.00167 kW/K.
 
grepthis#Fundamentals_Of_Thermodynamics_B._Claus_And_R._E._Sonntag_172/CH9/EX9.9/ex9.sce #
 
 
 
 
 
 From R-410a tables,we get   
 
 hi  =
 
    280.6  
 
 he  =
 
    307.8  
 
 si  =
 
    1.0272  
 
 se  =
 
    1.014  
 
 m  =
 
    0.08  
 
 P  =
 
    3.  
 
 Qcv  =
 
  - 0.824  
 
 To  =
 
    30.  
 
 Sgen  =
 
    0.0016617  
 

 Hence,the rate of entropy generation for this process is Sgen=0.00166 kW/K. 
 
grepthis#Fundamentals_Of_Thermodynamics_B._Claus_And_R._E._Sonntag_172/CH3/EX3.10/ex10.sce #
 
 
 
 
 dt  =
 
    185.  
 
 dV  =
 
    0.75  
 
 V  =
 
    0.0040541  
 
 P  =
 
    105.  
 
 T  =
 
    21.  
 
 R  =
 
    0.1889  
 
 m  =
 
    0.0076609  
 

 hence,mass flow rate is m = 0.008 kg/s. 
 

 and volume flow rate is V = 0.004 m^3/s. 
 
grepthis#Fundamentals_Of_Thermodynamics_B._Claus_And_R._E._Sonntag_172/CH5/EX5.10/ex10.sce #
 
 
 
 
 W  =
 
  - 256.  
 
 Q  =
 
  - 10.  
 
 r  =
 
    246.  
 

 hence,the rate of increase of internal energy is r=246 J/s. 
 
grepthis#Fundamentals_Of_Thermodynamics_B._Claus_And_R._E._Sonntag_172/CH6/EX6.10/ex10.sce #
 
 
 
 
 hf4  =
 
    167.4  
 
 hfg4  =
 
    215.6  
 
 h3  =
 
    241.8  
 
 h4  =
 
    241.8  
 
 h1  =
 
    387.2  
 
 h2  =
 
    435.1  
 
 x4  =
 
    0.3450835  
 
 m  =
 
    0.1  
 
 Qevap  =
 
    14.54  
 
 Wcomp  =
 
  - 5.  
 
 Qcomp  =
 
  - 0.21  
 

 hence, the quality at the evaporator inlet is x4=0.345. 
 

 hence, the rate of heat transfer to the evaporator is Qevap=14.54 kW. 
 

 hence, rate of heat transfer from the compressor is Qcomp=-0.21 kW. 
 
grepthis#Fundamentals_Of_Thermodynamics_B._Claus_And_R._E._Sonntag_172/CH8/EX8.10/ex10.sce #
 
 
 
 
 B  =
 
    4.  
 
 W  =
 
    10.  
 
 Qh  =
 
    40.  
 
 Ql  =
 
    30.  
 
 Thigh  =
 
    323.  
 
 Tlow  =
 
    263.  
 
 SgenHP  =
 
    9.7705682  
 
 Tl  =
 
    281.  
 
 Th  =
 
    294.  
 
 SgenCV1  =
 
    7.3068752  
 
 SgenCV2  =
 
    12.215412  
 
 SgenTOT  =
 
    29.292856  
 
 
 Hence,Total entropy generated is SgenTOT=29.3 W/K. 
 
grepthis#Fundamentals_Of_Thermodynamics_B._Claus_And_R._E._Sonntag_172/CH9/EX9.10/ex10.sce #
 
 
 
 
 hi  =
 
    3051.2  
 
 si  =
 
    7.1228  
 
 sf  =
 
    0.7548  
 
 sfg  =
 
    7.2536  
 
 ses  =
 
    7.1228  
 
 xes  =
 
    0.8779089  
 
 hf  =
 
    225.9  
 
 hfg  =
 
    2373.1  
 
 hes  =
 
    2309.2656  
 
 ws  =
 
    741.93439  
 
 wa  =
 
    600.  
 
 nturbine  =
 
    0.8086968  
 

 hence,efficiency of the turbine is nturbine=80.9.
 
grepthis#Fundamentals_Of_Thermodynamics_B._Claus_And_R._E._Sonntag_172/CH3/EX3.11/ex11.sce #
 
 
 
 
 
 For Nitrogn, the critical properties are 126.2 K, 3.39 MPa. Given T=20+273.2 K, P=1.0 MPa. Since, given temperature is more than 
       twice Tc and the reduced pressure is less than 0.3, ideal gas behaviour is a very good assumption.                         
 
 
 For Carbon Dioxide, the critical properties are 304.1 K,7.38 MPa.Given T=20+273.2 K, P=1.0 MPa Therefore, reduced properties are 
       0.96(T/Tc) and 0.136 (P/Pc). CO2 is a gas with a Z of about 0.95, os the ideal gas is accurate to within about 5% in this  
      case.                                                                                                                       
 
 
 Given P=1.0MPa, T=20+273.2 K. For Ammonia, at T=293.2 K, Pg=858 kPa. Since, P>Pg, this state is compressible liquid and not a ga 
      s.                                                                                                                          
 
grepthis#Fundamentals_Of_Thermodynamics_B._Claus_And_R._E._Sonntag_172/CH5/EX5.11/ex11.sce #
 
 
 
 
 Q  =
 
    1500.  
 
 mair  =
 
    1.  
 
 mwood  =
 
    5.  
 
 miron  =
 
    25.  
 
 Cvair  =
 
    0.717  
 
 Cwood  =
 
    1.38  
 
 Ciron  =
 
    0.42  
 
 dT  =
 
    55.  
 
 T  =
 
    0.0827952  
 
 dt  =
 
    11.0715  
 
 hence,the rate of change of temperature is dt=0.0828 K/s.
 
 and time taken to reach a temperature of T=11 min.
 
grepthis#Fundamentals_Of_Thermodynamics_B._Claus_And_R._E._Sonntag_172/CH6/EX6.11/ex11.sce #
 
 
 
 
 u2  =
 
    3040.4  
 
 hi  =
 
    3040.4  
 
 P2  =
 
    1.4  
 
 
 Since, the final pressure is given as 1.4 MPa,we know two properties at the final state and hence,final state can be determined. 
      The temperature corresponding to a pressure of 1.4 MPa and an internal energy of 3040.4 kJ/kg is found to be                
 
 T2  =
 
    452.  
 
grepthis#Fundamentals_Of_Thermodynamics_B._Claus_And_R._E._Sonntag_172/CH9/EX9.11/ex11.sce #
 
 
 
 
 hi  =
 
    1757.3  
 
 si  =
 
    8.6905  
 
 he  =
 
    855.3  
 
 w  =
 
    902.  
 
 n  =
 
    0.85  
 
 ws  =
 
    1061.1765  
 
 hes  =
 
    696.12353  
 
 Tes  =
 
    683.7  
 
 ses  =
 
    7.7148  
 
 R  =
 
    0.287  
 
 Pi  =
 
    2995.3661  
 

 hence,turbine inlet pressure is Pi=2995 kPa.
 
grepthis#Fundamentals_Of_Thermodynamics_B._Claus_And_R._E._Sonntag_172/CH3/EX3.12/ex12.sce #
 
 
 
 
 T  =
 
    100.  
 
 P  =
 
    3.  
 
 v1  =
 
    0.0065  
 

 hence,the specific volume for R-134a using R-134a tables is v1 = 0.006 m^3/kg. 
 
 M  =
 
    102.3  
 
 R  =
 
    8.3145  
 
 Ru  =
 
    0.0812757  
 
 v2  =
 
    0.0101053  
 

 hence,the specific volume for R-134a using R-134a the ideal gas laws is v2 = 0.010 m^3/kg. 
 
 Tr  =
 
    0.9973276  
 
 Pr  =
 
    0.7389163  
 
 Z  =
 
    0.67  
 
 v3  =
 
    0.0067705  
 

 hence,the specific volume for R-134a using the generalized chart is v3 = 0.007 m^3/kg. 
 
 
grepthis#Fundamentals_Of_Thermodynamics_B._Claus_And_R._E._Sonntag_172/CH9/EX9.12/ex12.sce #
 
 
 
 
 Pe  =
 
    150.  
 
 Pi  =
 
    100.  
 
 k  =
 
    1.4  
 
 Ti  =
 
    300.  
 
 Tes  =
 
    336.84728  
 
 ws  =
 
  - 36.994668  
 
 n  =
 
    0.7  
 
 w  =
 
  - 52.849525  
 
 Te  =
 
    352.63897  
 

 hence,required work input is w=-52.8 kJ/kg.
 

 and exit temperature is Te=352.6 K.
 
grepthis#Fundamentals_Of_Thermodynamics_B._Claus_And_R._E._Sonntag_172/CH3/EX3.13/ex13.sce #
 
 
 
 
 Pc  =
 
    4250.  
 
 Tc  =
 
    369.8  
 
 T  =
 
    15.  
 
 Tr  =
 
    0.0405625  
 
 Prsat  =
 
    0.2  
 
 P  =
 
    850.  
 
 x  =
 
    0.1  
 
 Zf  =
 
    0.035  
 
 Zg  =
 
    0.83  
 
 Z  =
 
    0.1145  
 
 V  =
 
    0.1  
 
 R  =
 
    0.1887  
 
 m  =
 
    13.659948  
 

 hence,the total propane mass is m = 13.660 kg. 
 

 and pressure is P = 850.000 kPa. 
 
grepthis#Fundamentals_Of_Thermodynamics_B._Claus_And_R._E._Sonntag_172/CH6/EX6.13/ex13.sce #
 
 
 
 
 vf1  =
 
    0.001725  
 
 vf2  =
 
    0.0016  
 
 uf1  =
 
    368.7  
 
 uf2  =
 
    226.  
 
 vg1  =
 
    0.08313  
 
 vfg2  =
 
    0.20381  
 
 ug1  =
 
    1341.  
 
 ufg2  =
 
    1099.7  
 
 Vf  =
 
    1.  
 
 Vg  =
 
    1.  
 
 mf1  =
 
    579.71014  
 
 mg1  =
 
    12.029352  
 
 m1  =
 
    591.7395  
 
 he  =
 
    1461.1  
 
 V  =
 
    2.  
 
 
 m1u1=mf1*uf1+mg1*ug1.If x2 is the quality,then m2=V/v2=2/(0.00160+0.20381*x2) and u2=uf2+x2*ufg2=226.0+1099.7*x2.   
 
 
 Also,m2*(he-u2)=m1*he-m1u1.From this equation,we will get an equation for x2.   
 
 x2  =
 
    0.0110572  
 
 v2  =
 
    0.0038536  
 
 m2  =
 
    518.99994  
 
 m  =
 
    72.739557  
 
 
 Hence,mass of ammonia withdrawn is m=72.7 kg. 
 
grepthis#Fundamentals_Of_Thermodynamics_B._Claus_And_R._E._Sonntag_172/CH15/EX15.15/ex15.sce #
 
 
 
 
 
 
 
 
 
 
 
 
 
 
 
 
 
 
 
 
Reversible electromotive Force = 1.229 V 
grepthis#Fundamentals_Of_Thermodynamics_B._Claus_And_R._E._Sonntag_172/CH15/EX15.17/ex17.sce #
 
 
 
 
 
 
 
 
 
Efficiency of generator = 93.1 percent
 
 Thermal Efficiency = 32.8 percent
 
 
