grepthis#Fundamentals_Of_Electrical_Machines__M._A._Salam_2642/CH1/EX1.3/Ex1_3.sce #
 
 
 
 
 
 
 
 
[2J[0;0H 
 
 R1  =
 
    5.  
 
 R2  =
 
    4.  
 
 R3  =
 
    9.  
 
 R4  =
 
    6.  
 
 V1  =
 
    10.  
 
 V2  =
 
    6.  
 
 
 
 
 
 R  =
 
    2.7272727  
 
 
 R_th  =
 
    6.7272727  
 
 I  =
 
    0.3636364  
 
 V_th  =
 
    8.16  
 
 I_9  =
 
    0.5188439  
 
 
 
 
 
 Example 1.3 solution   
 
 
 Current through 9Ω 
 I_9Ω = 0.52 A  
 
grepthis#Fundamentals_Of_Electrical_Machines__M._A._Salam_2642/CH1/EX1.4/Ex1_4.sce #
 
 
 
 
 
 
 
 
[2J[0;0H 
 
 
 V_t1  =
 
    30.  
 
 V_t2  =
 
  - 10.  
 
 T  =
 
    4.  
 
 
 
 
 
 
 
 
 
 
 Example 1.4 solution   
 

 RMS value of the voltage waveform : 
 V_rms = 22.36 V  
 
