ERROR: Digital_Image_Processing_R._C._Gonzalez_And_R._E._Woods_3176/CH2/EX2.2/Ex2_2.sce
 
 
 
 
 
 
 
 
 
[2J[0;0H 
 
 
 
gray=imread("Ex2_2.tif");
                         !--error 4 
Undefined variable: imread
at line      14 of exec file called by :    
._E._Woods_3176/CH2/EX2.2/Ex2_2.sce',-1
 
ERROR: Digital_Image_Processing_R._C._Gonzalez_And_R._E._Woods_3176/CH2/EX2.3/Ex2_3.sce
 
 
 
 
 
 
 
 
 
[2J[0;0H 
 
 
 
gray=rgb2gray(imread("Ex2_3.png"));
                                  !--error 4 
Undefined variable: imread
at line      14 of exec file called by :    
._E._Woods_3176/CH2/EX2.3/Ex2_3.sce',-1
 
ERROR: Digital_Image_Processing_R._C._Gonzalez_And_R._E._Woods_3176/CH2/EX2.4/Ex2_4.sce
 
 
 
 
 
 
 
 
 
[2J[0;0H 
 
 
 
gray=imread("Ex2_4.tif");
                         !--error 4 
Undefined variable: imread
at line      14 of exec file called by :    
._E._Woods_3176/CH2/EX2.4/Ex2_4.sce',-1
 
ERROR: Digital_Image_Processing_R._C._Gonzalez_And_R._E._Woods_3176/CH2/EX2.5/Ex2_5.sce
 
 
 
 
 
 
 
 
 
[2J[0;0H 
 
 
 
gray=imread("Ex2_5.tif");
                         !--error 4 
Undefined variable: imread
at line      14 of exec file called by :    
._E._Woods_3176/CH2/EX2.5/Ex2_5.sce',-1
 
ERROR: Digital_Image_Processing_R._C._Gonzalez_And_R._E._Woods_3176/CH2/EX2.6/Ex2_6.sce
 
 
 
 
 
 
 
 
 
[2J[0;0H 
 
 
 
gray=imread("Ex2_6.tif");
                         !--error 4 
Undefined variable: imread
at line      14 of exec file called by :    
._E._Woods_3176/CH2/EX2.6/Ex2_6.sce',-1
 
ERROR: Digital_Image_Processing_R._C._Gonzalez_And_R._E._Woods_3176/CH2/EX2.7/Ex2_7.sce
 
 
 
 
 
 
 
 
 
[2J[0;0H 
 
 
 
 
 
gray=imread("Ex2_7.tif");
                         !--error 4 
Undefined variable: imread
at line      16 of exec file called by :    
._E._Woods_3176/CH2/EX2.7/Ex2_7.sce',-1
 
ERROR: Digital_Image_Processing_R._C._Gonzalez_And_R._E._Woods_3176/CH2/EX2.12/Ex2_12.sce
 
 
 
 
 
 
 
 
 
[2J[0;0H 
 
 
 
 
 
gray1=imread("Ex2_12.tif");
                           !--error 4 
Undefined variable: imread
at line      16 of exec file called by :    
E._Woods_3176/CH2/EX2.12/Ex2_12.sce',-1
 
ERROR: Digital_Image_Processing_R._C._Gonzalez_And_R._E._Woods_3176/CH3/EX3.1/Ex3_1.sce
 
 
 
 
 
 
 
 
 
[2J[0;0H 
 
 
 
gray=imread("Ex3_1.tif");
                         !--error 4 
Undefined variable: imread
at line      14 of exec file called by :    
._E._Woods_3176/CH3/EX3.1/Ex3_1.sce',-1
 
ERROR: Digital_Image_Processing_R._C._Gonzalez_And_R._E._Woods_3176/CH3/EX3.2/Ex3_2.sce
 
 
 
 
 
 
 
 
 
[2J[0;0H 
 
 
 
gray=imread("Ex3_2.tif");
                         !--error 4 
Undefined variable: imread
at line      14 of exec file called by :    
._E._Woods_3176/CH3/EX3.2/Ex3_2.sce',-1
 
ERROR: Digital_Image_Processing_R._C._Gonzalez_And_R._E._Woods_3176/CH3/EX3.3/Ex3_3.sce
 
 
 
 
 
 
 
 
 
[2J[0;0H 
 
 
 
gray=imread("Ex3_3.tif");
                         !--error 4 
Undefined variable: imread
at line      14 of exec file called by :    
._E._Woods_3176/CH3/EX3.3/Ex3_3.sce',-1
 
ERROR: Digital_Image_Processing_R._C._Gonzalez_And_R._E._Woods_3176/CH3/EX3.6/Ex3_6.sce
 
 
 
 
 
 
 
 
 
 
 
[2J[0;0H 
 
 
 
a=imread('Ex3_6.tif');
                      !--error 4 
Undefined variable: imread
at line      16 of exec file called by :    
._E._Woods_3176/CH3/EX3.6/Ex3_6.sce',-1
 
ERROR: Digital_Image_Processing_R._C._Gonzalez_And_R._E._Woods_3176/CH3/EX3.10/Ex3_10.sce
 
 
 
 
 
 
 
 
 
 
 
[2J[0;0H 
 
 
 
p1=imread('Ex3_10.tif');
                        !--error 4 
Undefined variable: imread
at line      16 of exec file called by :    
E._Woods_3176/CH3/EX3.10/Ex3_10.sce',-1
 
ERROR: Digital_Image_Processing_R._C._Gonzalez_And_R._E._Woods_3176/CH3/EX3.11/Ex3_11.sce
 
 
 
 
 
 
 
 
 
 
 
[2J[0;0H 
 
 
 
 
 
 
 
 
[count cell]=imhist(a);
                       !--error 4 
Undefined variable: imhist
at line      21 of exec file called by :    
E._Woods_3176/CH3/EX3.11/Ex3_11.sce',-1
 
ERROR: Digital_Image_Processing_R._C._Gonzalez_And_R._E._Woods_3176/CH3/EX3.12/Ex3_12.sce
 
 
 
 
 
 
 
 
 
 
 
[2J[0;0H 
 
 
 
a=imread('Ex3_12.tif');
                       !--error 4 
Undefined variable: imread
at line      16 of exec file called by :    
E._Woods_3176/CH3/EX3.12/Ex3_12.sce',-1
 
ERROR: Digital_Image_Processing_R._C._Gonzalez_And_R._E._Woods_3176/CH3/EX3.13/Ex3_13.sce
 
 
 
 
 
 
 
 
 
 
 
[2J[0;0H 
 
 
 
a=imread('Ex3_13.tif');
                       !--error 4 
Undefined variable: imread
at line      16 of exec file called by :    
E._Woods_3176/CH3/EX3.13/Ex3_13.sce',-1
 
ERROR: Digital_Image_Processing_R._C._Gonzalez_And_R._E._Woods_3176/CH3/EX3.14/Ex3_14.sce
 
 
 
 
 
 
 
 
 
 
 
[2J[0;0H 
 
 
 
a=imread('Ex3_14.tif');
                       !--error 4 
Undefined variable: imread
at line      16 of exec file called by :    
E._Woods_3176/CH3/EX3.14/Ex3_14.sce',-1
 
ERROR: Digital_Image_Processing_R._C._Gonzalez_And_R._E._Woods_3176/CH3/EX3.15/Ex3_15.sce
 
 
 
 
 
 
 
 
 
 
 
[2J[0;0H 
 
 
 
a=imread('Ex3_15.tif');
                       !--error 4 
Undefined variable: imread
at line      16 of exec file called by :    
E._Woods_3176/CH3/EX3.15/Ex3_15.sce',-1
 
ERROR: Digital_Image_Processing_R._C._Gonzalez_And_R._E._Woods_3176/CH3/EX3.16/Ex3_16.sce
 
 
 
 
 
 
 
 
 
 
 
[2J[0;0H 
 
 
 
a=imread('Ex3_16.tif');
                       !--error 4 
Undefined variable: imread
at line      16 of exec file called by :    
E._Woods_3176/CH3/EX3.16/Ex3_16.sce',-1
 
ERROR: Digital_Image_Processing_R._C._Gonzalez_And_R._E._Woods_3176/CH3/EX3.17/Ex3_17.sce
 
 
 
 
 
 
 
 
 
 
 
[2J[0;0H 
 
 
 
a=rgb2gray(imread('Ex3_17.png'));
                                !--error 4 
Undefined variable: imread
at line      16 of exec file called by :    
E._Woods_3176/CH3/EX3.17/Ex3_17.sce',-1
 
ERROR: Digital_Image_Processing_R._C._Gonzalez_And_R._E._Woods_3176/CH4/EX4.7/Ex4_7.sce
 
 
 
 
 
 
 
 
 
 
[2J[0;0H 
 
 
 
a=imread("Ex4_7.tif");
                      !--error 4 
Undefined variable: imread
at line      15 of exec file called by :    
._E._Woods_3176/CH4/EX4.7/Ex4_7.sce',-1
 
ERROR: Digital_Image_Processing_R._C._Gonzalez_And_R._E._Woods_3176/CH4/EX4.8/Ex4_8.sce
 
 
 
 
 
 
 
 
 
 
[2J[0;0H 
 
 
 
a=imread("Ex4_8.tif");
                      !--error 4 
Undefined variable: imread
at line      15 of exec file called by :    
._E._Woods_3176/CH4/EX4.8/Ex4_8.sce',-1
 
ERROR: Digital_Image_Processing_R._C._Gonzalez_And_R._E._Woods_3176/CH4/EX4.9/Ex4_9.sce
 
 
 
 
 
 
 
 
 
 
[2J[0;0H 
 
 
 
a=imread("Ex4_9.tif");
                      !--error 4 
Undefined variable: imread
at line      15 of exec file called by :    
._E._Woods_3176/CH4/EX4.9/Ex4_9.sce',-1
 
ERROR: Digital_Image_Processing_R._C._Gonzalez_And_R._E._Woods_3176/CH4/EX4.13/Ex4_13.sce
 
 
 
 
 
 
 
 
 
[2J[0;0H 
 
 
 
a=imread("Ex4_13_1.tif");
                         !--error 4 
Undefined variable: imread
at line      14 of exec file called by :    
E._Woods_3176/CH4/EX4.13/Ex4_13.sce',-1
 
ERROR: Digital_Image_Processing_R._C._Gonzalez_And_R._E._Woods_3176/CH4/EX4.14/Ex4_14.sce
 
 
 
 
 
 
 
 
 
[2J[0;0H 
 
 
 
a=imread("Ex4_14.tif");
                       !--error 4 
Undefined variable: imread
at line      14 of exec file called by :    
E._Woods_3176/CH4/EX4.14/Ex4_14.sce',-1
 
ERROR: Digital_Image_Processing_R._C._Gonzalez_And_R._E._Woods_3176/CH4/EX4.15/Ex4_15.sce
 
 
 
 
 
 
 
 
 
[2J[0;0H 
 
 
 
 
 
 
 
 
 
a=imread("Ex4_15.tif");
                       !--error 4 
Undefined variable: imread
at line      31 of exec file called by :    
E._Woods_3176/CH4/EX4.15/Ex4_15.sce',-1
 
ERROR: Digital_Image_Processing_R._C._Gonzalez_And_R._E._Woods_3176/CH4/EX4.16/Ex4_16.sce
 
 
 
 
 
 
 
 
 
[2J[0;0H 
 
 
 
 
    case'ideal'then
                  !--error 276 
Missing operator, comma, or semicolon.
at line      12 of function lowpassfilter called by :  
endfunction
at line      31 of exec file called by :    
E._Woods_3176/CH4/EX4.16/Ex4_16.sce',-1
 
 
ERROR: Digital_Image_Processing_R._C._Gonzalez_And_R._E._Woods_3176/CH4/EX4.17/Ex4_17.sce
 
 
 
 
 
 
 
 
 
[2J[0;0H 
 
 
 
 
    case'butterworth'then
                        !--error 276 
Missing operator, comma, or semicolon.
at line      12 of function lowpassfilter called by :  
endfunction
at line      35 of exec file called by :    
E._Woods_3176/CH4/EX4.17/Ex4_17.sce',-1
 
 
ERROR: Digital_Image_Processing_R._C._Gonzalez_And_R._E._Woods_3176/CH4/EX4.18/Ex4_18.sce
 
 
 
 
 
 
 
 
 
[2J[0;0H 
 
 
 
 
    case'gaussian'then
                     !--error 276 
Missing operator, comma, or semicolon.
at line      12 of function lowpassfilter called by :  
endfunction
at line      31 of exec file called by :    
E._Woods_3176/CH4/EX4.18/Ex4_18.sce',-1
 
 
ERROR: Digital_Image_Processing_R._C._Gonzalez_And_R._E._Woods_3176/CH4/EX4.19/Ex4_19.sce
 
 
 
 
 
 
 
 
 
 
[2J[0;0H 
 
 
 
 
    case'ideal'then
                  !--error 276 
Missing operator, comma, or semicolon.
at line      12 of function lowpassfilter called by :  
endfunction
at line      44 of exec file called by :    
E._Woods_3176/CH4/EX4.19/Ex4_19.sce',-1
 
 
ERROR: Digital_Image_Processing_R._C._Gonzalez_And_R._E._Woods_3176/CH4/EX4.20/Ex4_20.sce
 
 
 
 
 
 
 
 
 
[2J[0;0H 
 
 
 
 
    case'ideal'then
                  !--error 276 
Missing operator, comma, or semicolon.
at line      12 of function lowpassfilter called by :  
endfunction
at line      47 of exec file called by :    
E._Woods_3176/CH4/EX4.20/Ex4_20.sce',-1
 
 
ERROR: Digital_Image_Processing_R._C._Gonzalez_And_R._E._Woods_3176/CH4/EX4.21/Ex4_21.sce
 
 
 
 
 
 
 
 
 
 
[2J[0;0H 
 
 
 
 
    case'ideal'then
                  !--error 276 
Missing operator, comma, or semicolon.
at line      12 of function lowpassfilter called by :  
endfunction
at line      45 of exec file called by :    
E._Woods_3176/CH4/EX4.21/Ex4_21.sce',-1
 
 
ERROR: Digital_Image_Processing_R._C._Gonzalez_And_R._E._Woods_3176/CH4/EX4.22/Ex4_22.sce
 
 
 
 
 
 
 
 
 
[2J[0;0H 
 
 
 
 
        case'Homomorphic'then
                            !--error 276 
Missing operator, comma, or semicolon.
at line      11 of function filter called by :  
endfunction
at line      30 of exec file called by :    
E._Woods_3176/CH4/EX4.22/Ex4_22.sce',-1
 
 
ERROR: Digital_Image_Processing_R._C._Gonzalez_And_R._E._Woods_3176/CH4/EX4.23/Ex4_23.sce
 
 
 
 
 
 
 
 
 
[2J[0;0H 
 
 
 
 
        case'ideal'then
                      !--error 276 
Missing operator, comma, or semicolon.
at line      13 of function notchfilter called by :  
endfunction
at line      79 of exec file called by :    
E._Woods_3176/CH4/EX4.23/Ex4_23.sce',-1
 
 
ERROR: Digital_Image_Processing_R._C._Gonzalez_And_R._E._Woods_3176/CH4/EX4.24/Ex4_24.sce
 
 
 
 
 
 
 
 
 
[2J[0;0H 
 
 
 
 
 
 
 
 
 
a=imread("Ex4_24.tif");
                       !--error 4 
Undefined variable: imread
at line      25 of exec file called by :    
E._Woods_3176/CH4/EX4.24/Ex4_24.sce',-1
 
ERROR: Digital_Image_Processing_R._C._Gonzalez_And_R._E._Woods_3176/CH5/EX5.1/Ex5_1.sce
 
 
 
 
 
 
 
 
 
 
 
[2J[0;0H 
 
 
 
 
    case'gaussian'then
                     !--error 276 
Missing operator, comma, or semicolon.
at line       8 of function imnoise2 called by :  
endfunction
at line      86 of exec file called by :    
._E._Woods_3176/CH5/EX5.1/Ex5_1.sce',-1
 
 
ERROR: Digital_Image_Processing_R._C._Gonzalez_And_R._E._Woods_3176/CH5/EX5.2/Ex5_2.sce
 
 
 
 
 
 
 
 
 
 
 
 
[2J[0;0H 
 
 
 
 
 
 
 
 
 
 
 
 
 
 
 
 
 
gray=imread("Ex5_2.tif");
                         !--error 4 
Undefined variable: imread
at line     104 of exec file called by :    
._E._Woods_3176/CH5/EX5.2/Ex5_2.sce',-1
 
ERROR: Digital_Image_Processing_R._C._Gonzalez_And_R._E._Woods_3176/CH5/EX5.3/Ex5_3.sce
 
 
 
 
 
 
 
 
 
 
 
 
[2J[0;0H 
 
 
 
 
 
 
 
 
    case'median'then
                   !--error 276 
Missing operator, comma, or semicolon.
at line      14 of function restoration_filter called by :  
endfunction
at line     104 of exec file called by :    
._E._Woods_3176/CH5/EX5.3/Ex5_3.sce',-1
 
 
ERROR: Digital_Image_Processing_R._C._Gonzalez_And_R._E._Woods_3176/CH5/EX5.4/Ex5_4.sce
 
 
 
 
 
 
 
 
 
[2J[0;0H 
 
 
 
 
 
 
 
 
 
 
 
A=imread("Ex5_4.tif");
                      !--error 4 
Undefined variable: imread
at line      43 of exec file called by :    
._E._Woods_3176/CH5/EX5.4/Ex5_4.sce',-1
 
ERROR: Digital_Image_Processing_R._C._Gonzalez_And_R._E._Woods_3176/CH5/EX5.5/Ex5_5.sce
 
 
 
 
 
 
 
 
 
[2J[0;0H 
 
 
 
A=imread("Ex5_5.tif");
                      !--error 4 
Undefined variable: imread
at line      14 of exec file called by :    
._E._Woods_3176/CH5/EX5.5/Ex5_5.sce',-1
 
ERROR: Digital_Image_Processing_R._C._Gonzalez_And_R._E._Woods_3176/CH5/EX5.8/Ex5_8.sce
 
 
 
 
 
 
 
 
 
[2J[0;0H 
 
 
 
 
 
 
 
 
 
a=imread("Ex5_8.tif");
                      !--error 4 
Undefined variable: imread
at line      25 of exec file called by :    
._E._Woods_3176/CH5/EX5.8/Ex5_8.sce',-1
 
ERROR: Digital_Image_Processing_R._C._Gonzalez_And_R._E._Woods_3176/CH5/EX5.10/Ex5_10.sce
 
 
 
 
 
 
 
 
 
[2J[0;0H 
 
 
 
 
gray=imread("Ex5_10.png");
                          !--error 4 
Undefined variable: imread
at line      15 of exec file called by :    
E._Woods_3176/CH5/EX5.10/Ex5_10.sce',-1
 
ERROR: Digital_Image_Processing_R._C._Gonzalez_And_R._E._Woods_3176/CH5/EX5.11/Ex5_11.sce
 
 
 
 
 
 
 
 
 
[2J[0;0H 
 
 
 
 
    case'inverse'then
                    !--error 276 
Missing operator, comma, or semicolon.
at line      19 of function lowpassfilter called by :  
endfunction
at line      51 of exec file called by :    
E._Woods_3176/CH5/EX5.11/Ex5_11.sce',-1
 
 
ERROR: Digital_Image_Processing_R._C._Gonzalez_And_R._E._Woods_3176/CH5/EX5.12/Ex5_12.sce
 
 
 
 
 
 
 
 
 
[2J[0;0H 
 
 
 
 
    case'inverse'then
                    !--error 276 
Missing operator, comma, or semicolon.
at line      19 of function lowpassfilter called by :  
endfunction
at line      51 of exec file called by :    
E._Woods_3176/CH5/EX5.12/Ex5_12.sce',-1
 
 
ERROR: Digital_Image_Processing_R._C._Gonzalez_And_R._E._Woods_3176/CH6/EX6.3/Ex6_3.sce
 
 
 
 
 
 
 
 
 
 
[2J[0;0H 
 
 
 
gray=imread("Ex6_3.tif");
                         !--error 4 
Undefined variable: imread
at line      15 of exec file called by :    
._E._Woods_3176/CH6/EX6.3/Ex6_3.sce',-1
 
ERROR: Digital_Image_Processing_R._C._Gonzalez_And_R._E._Woods_3176/CH6/EX6.4/Ex6_4.sce
 
 
 
 
 
 
 
 
 
 
[2J[0;0H 
 
 
 
gray=imread("Ex6_4.tif");
                         !--error 4 
Undefined variable: imread
at line      15 of exec file called by :    
._E._Woods_3176/CH6/EX6.4/Ex6_4.sce',-1
 
ERROR: Digital_Image_Processing_R._C._Gonzalez_And_R._E._Woods_3176/CH6/EX6.5/Ex6_5.sce
 
 
 
 
 
 
 
 
 
 
[2J[0;0H 
 
 
 
 
 theta  =
 
 
         column  1 to 12
 
    0.    1.    2.    3.    4.    5.    6.    7.    8.    9.    10.    11.  
 
         column 13 to 23
 
    12.    13.    14.    15.    16.    17.    18.    19.    20.    21.    22.  
 
         column 24 to 34
 
    23.    24.    25.    26.    27.    28.    29.    30.    31.    32.    33.  
 
         column 35 to 45
 
    34.    35.    36.    37.    38.    39.    40.    41.    42.    43.    44.  
 
         column 46 to 56
 
    45.    46.    47.    48.    49.    50.    51.    52.    53.    54.    55.  
 
         column 57 to 67
 
    56.    57.    58.    59.    60.    61.    62.    63.    64.    65.    66.  
 
         column 68 to 78
 
    67.    68.    69.    70.    71.    72.    73.    74.    75.    76.    77.  
 
         column 79 to 89
 
    78.    79.    80.    81.    82.    83.    84.    85.    86.    87.    88.  
 
         column  90 to 100
 
    89.    90.    91.    92.    93.    94.    95.    96.    97.    98.    99.  
 
         column 101 to 109
 
    100.    101.    102.    103.    104.    105.    106.    107.    108.  
 
         column 110 to 118
 
    109.    110.    111.    112.    113.    114.    115.    116.    117.  
 
         column 119 to 127
 
    118.    119.    120.    121.    122.    123.    124.    125.    126.  
 
         column 128 to 136
 
    127.    128.    129.    130.    131.    132.    133.    134.    135.  
 
         column 137 to 145
 
    136.    137.    138.    139.    140.    141.    142.    143.    144.  
 
         column 146 to 154
 
    145.    146.    147.    148.    149.    150.    151.    152.    153.  
 
         column 155 to 163
 
    154.    155.    156.    157.    158.    159.    160.    161.    162.  
 
         column 164 to 172
 
    163.    164.    165.    166.    167.    168.    169.    170.    171.  
 
         column 173 to 181
 
    172.    173.    174.    175.    176.    177.    178.    179.    180.  
 
         column 182 to 190
 
    181.    182.    183.    184.    185.    186.    187.    188.    189.  
 
         column 191 to 199
 
    190.    191.    192.    193.    194.    195.    196.    197.    198.  
 
         column 200 to 208
 
    199.    200.    201.    202.    203.    204.    205.    206.    207.  
 
         column 209 to 217
 
    208.    209.    210.    211.    212.    213.    214.    215.    216.  
 
         column 218 to 226
 
    217.    218.    219.    220.    221.    222.    223.    224.    225.  
 
         column 227 to 235
 
    226.    227.    228.    229.    230.    231.    232.    233.    234.  
 
         column 236 to 244
 
    235.    236.    237.    238.    239.    240.    241.    242.    243.  
 
         column 245 to 253
 
    244.    245.    246.    247.    248.    249.    250.    251.    252.  
 
         column 254 to 262
 
    253.    254.    255.    256.    257.    258.    259.    260.    261.  
 
         column 263 to 271
 
    262.    263.    264.    265.    266.    267.    268.    269.    270.  
 
         column 272 to 280
 
    271.    272.    273.    274.    275.    276.    277.    278.    279.  
 
         column 281 to 289
 
    280.    281.    282.    283.    284.    285.    286.    287.    288.  
 
         column 290 to 298
 
    289.    290.    291.    292.    293.    294.    295.    296.    297.  
 
         column 299 to 307
 
    298.    299.    300.    301.    302.    303.    304.    305.    306.  
 
         column 308 to 316
 
    307.    308.    309.    310.    311.    312.    313.    314.    315.  
 
         column 317 to 325
 
    316.    317.    318.    319.    320.    321.    322.    323.    324.  
 
         column 326 to 334
 
    325.    326.    327.    328.    329.    330.    331.    332.    333.  
 
         column 335 to 343
 
    334.    335.    336.    337.    338.    339.    340.    341.    342.  
 
         column 344 to 352
 
    343.    344.    345.    346.    347.    348.    349.    350.    351.  
 
         column 353 to 361
 
    352.    353.    354.    355.    356.    357.    358.    359.    360.  
 
         column 362 to 370
 
    361.    362.    363.    364.    365.    366.    367.    368.    369.  
 
         column 371 to 379
 
    370.    371.    372.    373.    374.    375.    376.    377.    378.  
 
         column 380 to 388
 
    379.    380.    381.    382.    383.    384.    385.    386.    387.  
 
         column 389 to 397
 
    388.    389.    390.    391.    392.    393.    394.    395.    396.  
 
         column 398 to 406
 
    397.    398.    399.    400.    401.    402.    403.    404.    405.  
 
         column 407 to 415
 
    406.    407.    408.    409.    410.    411.    412.    413.    414.  
 
         column 416 to 424
 
    415.    416.    417.    418.    419.    420.    421.    422.    423.  
 
         column 425 to 433
 
    424.    425.    426.    427.    428.    429.    430.    431.    432.  
 
         column 434 to 442
 
    433.    434.    435.    436.    437.    438.    439.    440.    441.  
 
         column 443 to 451
 
    442.    443.    444.    445.    446.    447.    448.    449.    450.  
 
 
 
 
 
 
 
 
 
 
 
 
gray=rgb2gray(imread("Ex6_5.png"));
                                  !--error 4 
Undefined variable: imread
at line      28 of exec file called by :    
._E._Woods_3176/CH6/EX6.5/Ex6_5.sce',-1
 
ERROR: Digital_Image_Processing_R._C._Gonzalez_And_R._E._Woods_3176/CH6/EX6.6/Ex6_6.sce
 
 
 
 
 
 
 
 
 
 
[2J[0;0H 
 
 
 
gray1=imresize(imread("Ex6_6_1.tif"),0.5);
                                     !--error 4 
Undefined variable: imread
at line      15 of exec file called by :    
._E._Woods_3176/CH6/EX6.6/Ex6_6.sce',-1
 
ERROR: Digital_Image_Processing_R._C._Gonzalez_And_R._E._Woods_3176/CH6/EX6.7/Ex6_7.sce
 
 
 
 
 
 
 
 
 
 
[2J[0;0H 
 
 
 
Color=imread("Ex6_7.tif");
                          !--error 4 
Undefined variable: imread
at line      15 of exec file called by :    
._E._Woods_3176/CH6/EX6.7/Ex6_7.sce',-1
 
ERROR: Digital_Image_Processing_R._C._Gonzalez_And_R._E._Woods_3176/CH6/EX6.9/Ex6_9.sce
 
 
 
 
 
 
 
 
 
 
[2J[0;0H 
 
 
 
 
 
Color=imread("Ex6_9_1.tif");
                            !--error 4 
Undefined variable: imread
at line      17 of exec file called by :    
._E._Woods_3176/CH6/EX6.9/Ex6_9.sce',-1
 
ERROR: Digital_Image_Processing_R._C._Gonzalez_And_R._E._Woods_3176/CH6/EX6.10/Ex6_10.sce
 
 
 
 
 
 
 
 
 
 
[2J[0;0H 
 
 
 
 
 
Color=imread("Ex6_10.tif");
                           !--error 4 
Undefined variable: imread
at line      17 of exec file called by :    
E._Woods_3176/CH6/EX6.10/Ex6_10.sce',-1
 
ERROR: Digital_Image_Processing_R._C._Gonzalez_And_R._E._Woods_3176/CH6/EX6.11/Ex6_11.sce
 
 
 
 
 
 
 
 
 
 
[2J[0;0H 
 
 
 
 
 
Color=imread("Ex6_11.tif");
                           !--error 4 
Undefined variable: imread
at line      17 of exec file called by :    
E._Woods_3176/CH6/EX6.11/Ex6_11.sce',-1
 
ERROR: Digital_Image_Processing_R._C._Gonzalez_And_R._E._Woods_3176/CH6/EX6.12/Ex6_12.sce
 
 
 
 
 
 
 
 
 
 
[2J[0;0H 
 
 
 
rgb=imread("Ex6_12.tif");
                         !--error 4 
Undefined variable: imread
at line      15 of exec file called by :    
E._Woods_3176/CH6/EX6.12/Ex6_12.sce',-1
 
ERROR: Digital_Image_Processing_R._C._Gonzalez_And_R._E._Woods_3176/CH6/EX6.13/Ex6_13.sce
 
 
 
 
 
 
 
 
 
[2J[0;0H 
 
 
 
rgb=imread("Ex6_13.tif");
                         !--error 4 
Undefined variable: imread
at line      14 of exec file called by :    
E._Woods_3176/CH6/EX6.13/Ex6_13.sce',-1
 
ERROR: Digital_Image_Processing_R._C._Gonzalez_And_R._E._Woods_3176/CH6/EX6.14/Ex6_14.sce
 
 
 
 
 
 
 
 
 
[2J[0;0H 
 
 
 
rgb=imread("Ex6_14.tif");
                         !--error 4 
Undefined variable: imread
at line      14 of exec file called by :    
E._Woods_3176/CH6/EX6.14/Ex6_14.sce',-1
 
ERROR: Digital_Image_Processing_R._C._Gonzalez_And_R._E._Woods_3176/CH6/EX6.16/Ex6_16.sce
 
 
 
 
 
 
 
 
 
[2J[0;0H 
 
 
 
rgb=imread("Ex6_16.tif");
                         !--error 4 
Undefined variable: imread
at line      14 of exec file called by :    
E._Woods_3176/CH6/EX6.16/Ex6_16.sce',-1
 
ERROR: Digital_Image_Processing_R._C._Gonzalez_And_R._E._Woods_3176/CH6/EX6.17/Ex6_17.sce
 
 
 
 
 
 
 
 
 
[2J[0;0H 
 
 
 
R=rgb2gray(imread("Ex6_17_R.tif"));
                                  !--error 4 
Undefined variable: imread
at line      14 of exec file called by :    
E._Woods_3176/CH6/EX6.17/Ex6_17.sce',-1
 
ERROR: Digital_Image_Processing_R._C._Gonzalez_And_R._E._Woods_3176/CH8/EX8.2/Ex8_2.sce
 
 
 
 
 
 
 
 
 
[2J[0;0H 
 
 
 
A=imread("Ex8_2.tif");
                      !--error 4 
Undefined variable: imread
at line      14 of exec file called by :    
._E._Woods_3176/CH8/EX8.2/Ex8_2.sce',-1
 
ERROR: Digital_Image_Processing_R._C._Gonzalez_And_R._E._Woods_3176/CH9/EX9.1/Ex9_1.sce
 
 
 
 
 
 
 
 
 
[2J[0;0H 
 
 
 
 
 
Image=imread("Ex9_1.tif");
                          !--error 4 
Undefined variable: imread
at line      16 of exec file called by :    
._E._Woods_3176/CH9/EX9.1/Ex9_1.sce',-1
 
ERROR: Digital_Image_Processing_R._C._Gonzalez_And_R._E._Woods_3176/CH9/EX9.2/Ex9_2.sce
 
 
 
 
 
 
 
 
 
[2J[0;0H 
 
 
 
 
Image=imread("Ex9_2.tif");
                          !--error 4 
Undefined variable: imread
at line      15 of exec file called by :    
._E._Woods_3176/CH9/EX9.2/Ex9_2.sce',-1
 
ERROR: Digital_Image_Processing_R._C._Gonzalez_And_R._E._Woods_3176/CH9/EX9.4/Ex9_4.sce
 
 
 
 
 
 
 
 
 
[2J[0;0H 
 
 
 
 
Color=imread("Ex9_4.png");
                          !--error 4 
Undefined variable: imread
at line      15 of exec file called by :    
._E._Woods_3176/CH9/EX9.4/Ex9_4.sce',-1
 
ERROR: Digital_Image_Processing_R._C._Gonzalez_And_R._E._Woods_3176/CH9/EX9.5/Ex9_5.sce
 
 
 
 
 
 
 
 
 
[2J[0;0H 
 
 
 
 
Color=imread("Ex9_5.png");
                          !--error 4 
Undefined variable: imread
at line      15 of exec file called by :    
._E._Woods_3176/CH9/EX9.5/Ex9_5.sce',-1
 
ERROR: Digital_Image_Processing_R._C._Gonzalez_And_R._E._Woods_3176/CH9/EX9.7/Ex9_7.sce
 
 
 
 
 
 
 
 
 
[2J[0;0H 
 
 
 
 
Color=imread("Ex9_7.png");
                          !--error 4 
Undefined variable: imread
at line      15 of exec file called by :    
._E._Woods_3176/CH9/EX9.7/Ex9_7.sce',-1
 
ERROR: Digital_Image_Processing_R._C._Gonzalez_And_R._E._Woods_3176/CH9/EX9.9/Ex9_9.sce
 
 
 
 
 
 
 
 
 
[2J[0;0H 
 
 
 
 
    case'median'then
                   !--error 276 
Missing operator, comma, or semicolon.
at line      14 of function restoration_filter called by :  
endfunction
at line      76 of exec file called by :    
._E._Woods_3176/CH9/EX9.9/Ex9_9.sce',-1
 
 
ERROR: Digital_Image_Processing_R._C._Gonzalez_And_R._E._Woods_3176/CH9/EX9.10/Ex9_10.sce
 
 
 
 
 
 
 
 
 
[2J[0;0H 
 
 
 
 
    case'median'then
                   !--error 276 
Missing operator, comma, or semicolon.
at line      14 of function restoration_filter called by :  
endfunction
at line      76 of exec file called by :    
E._Woods_3176/CH9/EX9.10/Ex9_10.sce',-1
 
 
ERROR: Digital_Image_Processing_R._C._Gonzalez_And_R._E._Woods_3176/CH10/EX10.1/Ex10_1.sce
 
 
 
 
 
 
 
 
 
[2J[0;0H 
 
 
 
 
a=imread("Ex10_1.tif");
                       !--error 4 
Undefined variable: imread
at line      15 of exec file called by :    
._Woods_3176/CH10/EX10.1/Ex10_1.sce',-1
 
ERROR: Digital_Image_Processing_R._C._Gonzalez_And_R._E._Woods_3176/CH10/EX10.2/Ex10_2.sce
 
 
 
 
 
 
 
 
 
[2J[0;0H 
 
 
 
 
a=imread("Ex10_2.tif");
                       !--error 4 
Undefined variable: imread
at line      15 of exec file called by :    
._Woods_3176/CH10/EX10.2/Ex10_2.sce',-1
 
ERROR: Digital_Image_Processing_R._C._Gonzalez_And_R._E._Woods_3176/CH10/EX10.3/Ex10_3.sce
 
 
 
 
 
 
 
 
 
[2J[0;0H 
 
 
 
 
a=imread("Ex10_2.tif");
                       !--error 4 
Undefined variable: imread
at line      15 of exec file called by :    
._Woods_3176/CH10/EX10.3/Ex10_3.sce',-1
 
ERROR: Digital_Image_Processing_R._C._Gonzalez_And_R._E._Woods_3176/CH10/EX10.4/Ex10_4.sce
 
 
 
 
 
 
 
 
 
[2J[0;0H 
 
 
 
 
a=imread("Ex10_4.tif");
                       !--error 4 
Undefined variable: imread
at line      15 of exec file called by :    
._Woods_3176/CH10/EX10.4/Ex10_4.sce',-1
 
ERROR: Digital_Image_Processing_R._C._Gonzalez_And_R._E._Woods_3176/CH10/EX10.6/Ex10_6.sce
 
 
 
 
 
 
 
 
 
[2J[0;0H 
 
 
 
 
a=imread("Ex10_6.tif");
                       !--error 4 
Undefined variable: imread
at line      15 of exec file called by :    
._Woods_3176/CH10/EX10.6/Ex10_6.sce',-1
 
ERROR: Digital_Image_Processing_R._C._Gonzalez_And_R._E._Woods_3176/CH10/EX10.7/Ex10_7.sce
 
 
 
 
 
 
 
 
 
[2J[0;0H 
 
 
 
 
a=imread("Ex10_7.tif");
                       !--error 4 
Undefined variable: imread
at line      15 of exec file called by :    
._Woods_3176/CH10/EX10.7/Ex10_7.sce',-1
 
ERROR: Digital_Image_Processing_R._C._Gonzalez_And_R._E._Woods_3176/CH10/EX10.8/Ex10_8.sce
 
 
 
 
 
 
 
 
 
[2J[0;0H 
 
 
 
 
a=imread("Ex10_8.tif");
                       !--error 4 
Undefined variable: imread
at line      15 of exec file called by :    
._Woods_3176/CH10/EX10.8/Ex10_8.sce',-1
 
ERROR: Digital_Image_Processing_R._C._Gonzalez_And_R._E._Woods_3176/CH10/EX10.9/Ex10_9.sce
 
 
 
 
 
 
 
 
 
[2J[0;0H 
 
 
 
 
a=imread("Ex10_9.tif");
                       !--error 4 
Undefined variable: imread
at line      15 of exec file called by :    
._Woods_3176/CH10/EX10.9/Ex10_9.sce',-1
 
ERROR: Digital_Image_Processing_R._C._Gonzalez_And_R._E._Woods_3176/CH10/EX10.15/Ex10_15.sce
 
 
 
 
 
 
 
 
 
[2J[0;0H 
 
 
 
 
a=imread("Ex10_15.tif");
                        !--error 4 
Undefined variable: imread
at line      15 of exec file called by :    
Woods_3176/CH10/EX10.15/Ex10_15.sce',-1
 
ERROR: Digital_Image_Processing_R._C._Gonzalez_And_R._E._Woods_3176/CH10/EX10.16/Ex10_16.sce
 
 
 
 
 
 
 
 
 
[2J[0;0H 
 
 
 
 
a=imread("Ex10_16.tif");
                        !--error 4 
Undefined variable: imread
at line      15 of exec file called by :    
Woods_3176/CH10/EX10.16/Ex10_16.sce',-1
 
ERROR: Digital_Image_Processing_R._C._Gonzalez_And_R._E._Woods_3176/CH10/EX10.18/Ex10_18.sce
 
 
 
 
 
 
 
 
 
[2J[0;0H 
 
 
 
 
a=imread("Ex10_18.tif");
                        !--error 4 
Undefined variable: imread
at line      15 of exec file called by :    
Woods_3176/CH10/EX10.18/Ex10_18.sce',-1
 
ERROR: Digital_Image_Processing_R._C._Gonzalez_And_R._E._Woods_3176/CH10/EX10.19/Ex10_19.sce
 
 
 
 
 
 
 
 
 
[2J[0;0H 
 
 
 
 
a=imread("Ex10_19.tif");
                        !--error 4 
Undefined variable: imread
at line      15 of exec file called by :    
Woods_3176/CH10/EX10.19/Ex10_19.sce',-1
 
ERROR: Digital_Image_Processing_R._C._Gonzalez_And_R._E._Woods_3176/CH10/EX10.20/Ex10_20.sce
 
 
 
 
 
 
 
 
 
[2J[0;0H 
 
 
 
 
 
 
 
 
a=imread("Ex10_20.tif");
                        !--error 4 
Undefined variable: imread
at line      33 of exec file called by :    
Woods_3176/CH10/EX10.20/Ex10_20.sce',-1
 
ERROR: Digital_Image_Processing_R._C._Gonzalez_And_R._E._Woods_3176/CH10/EX10.22/Ex10_22.sce
 
 
 
 
 
 
 
 
 
[2J[0;0H 
 
 
 
 
a=imread("Ex10_22.tif");
                        !--error 4 
Undefined variable: imread
at line      15 of exec file called by :    
Woods_3176/CH10/EX10.22/Ex10_22.sce',-1
 
ERROR: Digital_Image_Processing_R._C._Gonzalez_And_R._E._Woods_3176/CH10/EX10.23/Ex10_23.sce
 
 
 
 
 
 
 
 
 
[2J[0;0H 
 
 
 
a=imread("Ex10_23.tif");
                        !--error 4 
Undefined variable: imread
at line      14 of exec file called by :    
Woods_3176/CH10/EX10.23/Ex10_23.sce',-1
 
