Total number of .sce files(without counting DEPENDENCIES directory): 59

grepthis#Electronic_Communication_Systems_G._Kennedy_And_B._Davis_63/CH2/EX2.1/Exa2_1.sci #
 
 
 
 
 
 
 
 
 
 
 
 
 
 
 RMS noise voltage is (in V)   
 
    0.0000182  
 
 
grepthis#Electronic_Communication_Systems_G._Kennedy_And_B._Davis_63/CH2/EX2.2/Exa2_2.sci #
 
 
 
 
 
 
 
 
 
 
 
 
 
 
 Noise voltage is (in V)   
 
    0.0000069  
 
grepthis#Electronic_Communication_Systems_G._Kennedy_And_B._Davis_63/CH2/EX2.3/Exa2_3.sci #
 
 
 
 
 
 
 
 
 
 
 
 
 Input-noise Resistance is (in ohms)   
 
    2518.5  
 
grepthis#Electronic_Communication_Systems_G._Kennedy_And_B._Davis_63/CH3/EX3.1/Exa3_1.sci #
 
 
 
 
 
 
 
 
 
 
 
 Frequency range occupied by the sidebands is (in Hz)   
 
    711762.54  
 
 
 Frequency range extending from    
 
    701762.54  
 
 
 to   
 
    721762.54  
 
  Hz    
 
grepthis#Electronic_Communication_Systems_G._Kennedy_And_B._Davis_63/CH3/EX3.2/Exa3_2.sci #
 
 
 
 
 
 
 
 
 Total power in modulated power is (in W)   
 
    512.5  
 
 
grepthis#Electronic_Communication_Systems_G._Kennedy_And_B._Davis_63/CH3/EX3.3/Exa3_3.sci #
 
 
 
 
 
 
 
 
 Carrier power is (in kW)   
 
    8.4745763  
 
 
grepthis#Electronic_Communication_Systems_G._Kennedy_And_B._Davis_63/CH3/EX3.4/Exa3_4.sci #
 
 
 
 
 
 
 
 
 It1  =
 
    9.1913002  
 
 
 
 Antenna current when percent of modulation changes to 0.8 is (in A)   
 
    9.1913002  
 
 
 
grepthis#Electronic_Communication_Systems_G._Kennedy_And_B._Davis_63/CH3/EX3.5/Exa3_5.sci #
 
 
 
 
 
 
 
 
 
 
 
 
 
 Total radiated power is (in kW)   
 
    10.845  
 
 
 
grepthis#Electronic_Communication_Systems_G._Kennedy_And_B._Davis_63/CH3/EX3.6/Exa3_6.sci #
 
 
 
 
 
 
 
 
 
 
 
 
 Modulation index due to second wave is   
 
    0.6407640  
 
grepthis#Electronic_Communication_Systems_G._Kennedy_And_B._Davis_63/CH4/EX4.1/Exa4_1.sci #
 
 
 
 
 
 
 
 
 
 
 
 
 
 
 
 
 
 
 Power savings when modulation index is 100%   
 
    83.333333  
 
 
 Power savings when modulation index is 50%   
 
    94.444444  
 
grepthis#Electronic_Communication_Systems_G._Kennedy_And_B._Davis_63/CH4/EX4.2/Exa4_2.sci #
 
 
 
 
 
 
 
 
 
 Frequency present in the unwanted lower sideband is (in dB)   
 
    29.143617  
 
grepthis#Electronic_Communication_Systems_G._Kennedy_And_B._Davis_63/CH5/EX5.1/Exa5_1.sci #
 
 
 
 
 
 
 
 
 
 
 
 
 
 
 
 
 
 
 Deviation when AF voltage id incresed to 7.2 V (in kHz)   
 
    14.4  
 
 
 Deviation when AF voltage id incresed to 10 V (in kHz)   
 
    20.  
 
 
 Modulation index in case 1   
 
    9.6  
 
 
 Modulation index in case 2   
 
    28.8  
 
 
 Modulation index in case 3   
 
    100.  
 
grepthis#Electronic_Communication_Systems_G._Kennedy_And_B._Davis_63/CH5/EX5.2/Exa5_2.sci #
 
 
 
 
 
 
 
 
 
 
 
 
 
 
 
 Carrier Frequency (in Hz)   
 
    95492966.  
 
 
 Modulation Frequency (in Hz)   
 
    198.94368  
 
 
 Moduation Index   
 
    5.  
 
 
 Max. Deviation (in Hz)   
 
    994.71839  
 
 
 Power dissipated in FM wave (in W)   
 
    7.2  
 
grepthis#Electronic_Communication_Systems_G._Kennedy_And_B._Davis_63/CH5/EX5.3/Exa5_3.sci #
 
 
 
 
 
 
 
 
 
 
 Bandwidth requirement for an FM signal (in Khz)    
 
    32.  
 
grepthis#Electronic_Communication_Systems_G._Kennedy_And_B._Davis_63/CH5/EX5.4/Exa5_4.sci #
 
 
 
 
 
 
 
 
 
 
 
 
  Equation of modulated wave in FM for case (a) is V =  4sin(     
 
    1.571D+08  
 
 
  t +     
 
    25.  
 
 
 sin    
 
    2513.2741  
 
 
 t (FM)   
 
 
 
  Equation of modulated wave in PM for case (b) is V =  4sin(     
 
    1.571D+08  
 
 
  t +     
 
    25.  
 
 
 sin    
 
    2513.2741  
 
 
 t (PM)   
 
 
 
  Equation of modulated wave in FM for case (c) is V =  4sin(     
 
    1.571D+08  
 
 
 
 t + 5sin    
 
    12566.371  
 
 
 t (FM)   
 
 
 
  Equation of modulated wave in PM for case (d) is V =  4sin(     
 
    1.571D+08  
 
 
  t +     
 
    25.  
 
 
 sin    
 
    12566.371  
 
 
 t (PM)   
 
grepthis#Electronic_Communication_Systems_G._Kennedy_And_B._Davis_63/CH5/EX5.5/Exa5_5.sci #
 
 
 
 
 
 
 
 
 Value of capacity reactance is (in ohms)   
 
    750.  
 
grepthis#Electronic_Communication_Systems_G._Kennedy_And_B._Davis_63/CH5/EX5.6/Exa5_6.sci #
 
 
 
 
 
 
 
 
 
 
 
 
 
 
 
 Total frequency variation is (in Hz)   
 
    1729559.7  
 
grepthis#Electronic_Communication_Systems_G._Kennedy_And_B._Davis_63/CH5/EX5.7/Exa5_7.sci #
 
 
 
 
 
 
 
 
 
 
 
 
 
 
 
 
 
 
 
 
 
 
 (A) RMS value of the required modulating voltage (in V)   
 
    0.5303301  
 
 
 Value of the fixed capacitance (in F)   
 
    2.700D-10  
 
 
 Value of the fixed inductance (in H)   
 
    1.212D-08  
 
 
grepthis#Electronic_Communication_Systems_G._Kennedy_And_B._Davis_63/CH6/EX6.1/Exa6_1.sci #
 
 
 
 
 
 
 
 
 
 
 
 Image frequency at 1000 kHz (in Hz)   
 
    1.3864398  
 
 
 Rejection Ratio at 1000 kHz   
 
    138.64759  
 
 
 
 Image frequency at 25 MHz (in Hz)   
 
    0.0715216  
 
 
 Rejection Ratio at 25 MHz   
 
    7.2217281  
 
grepthis#Electronic_Communication_Systems_G._Kennedy_And_B._Davis_63/CH6/EX6.2/Exa6_2.sci #
 
 
 
 
 
 
 rho_b  =
 
    0.0715  
 
 
 
 
 
 
 
 
 Loaded Q which an RF amplifier    
 
    268.12045  
 
 
 Geometric Mean of Loaded Q which an RF amplifier    
 
    134.06022  
 
 
 
 new intermediate frequency that would be needed (in MHz)   
 
    11.375  
 
 
grepthis#Electronic_Communication_Systems_G._Kennedy_And_B._Davis_63/CH6/EX6.3/Exa6_3.sci #
 
 
 
 
 
 
 
 
 
 
 
 
 
 
 Maximum modulation index (in %)   
 
    72.825813  
 
 
grepthis#Electronic_Communication_Systems_G._Kennedy_And_B._Davis_63/CH7/EX7.1/Exa7_1.sci #
 
 
 
 
 
 
 
 
 
 
 
 Inductance per meter (in H/m)   
 
    0.0000004  
 
 
 Outer conductor diameter (in mm)   
 
    3.7844168  
 
grepthis#Electronic_Communication_Systems_G._Kennedy_And_B._Davis_63/CH7/EX7.2/Exa7_2.sci #
 
 
 
 
 
 Min. value that char. impd. of an air-dielectric parallel-wire line is (in ohm 
      s)                                                                        
 
    83.084279  
 
grepthis#Electronic_Communication_Systems_G._Kennedy_And_B._Davis_63/CH7/EX7.3/Exa7_3.sci #
 
 
 
 
 
 
 
 
 
 
 
 
 Outer conductor diameter is (in light years)   
 
    408.67099  
 
grepthis#Electronic_Communication_Systems_G._Kennedy_And_B._Davis_63/CH7/EX7.4/Exa7_4.sci #
 
 
 
 
 
 
 
 
 Charactericstic impediance of the quarter-wave transfomer is (in ohms)   
 
    244.94897  
 
grepthis#Electronic_Communication_Systems_G._Kennedy_And_B._Davis_63/CH7/EX7.5/Exa7_5.sci #
 
 
 
 
 
 
 
 
 
 
 
 
 
 
 Reactance of quarter-wave transformer is (in ohms)   
 
  - 609.7561  
 
 
 Char. imp. of quarter-wave transformer (in ohms)   
 
    261.71196  
 
 
grepthis#Electronic_Communication_Systems_G._Kennedy_And_B._Davis_63/CH9/EX9.1/Exa9_1.sci #
 
 
 
 
 
 
 
 
 
 
 Length of an antenna is (in m)   
 
    570.  
 
 
 Length of an antenna is (in feet)   
 
    2223.  
 
grepthis#Electronic_Communication_Systems_G._Kennedy_And_B._Davis_63/CH9/EX9.2/Exa9_2.sci #
 
 
 
 
 
 
 
 
 Power must be delivered to the isotropic antenna is (in W)   
 
    1640.5898  
 
grepthis#Electronic_Communication_Systems_G._Kennedy_And_B._Davis_63/CH9/EX9.3/Exa9_3.sci #
 
 
 
 
 
 
 
 Erp (in W)   
 
    2000.  
 
 
 
 
 
 
 
 
grepthis#Electronic_Communication_Systems_G._Kennedy_And_B._Davis_63/CH9/EX9.4/Exa9_4.sci #
 
 
 
 
 
 
 
 
 Beamwidth between nulls of a 2-m paraboloid reflector (in degres)   
 
    3.5  
 
grepthis#Electronic_Communication_Systems_G._Kennedy_And_B._Davis_63/CH9/EX9.5/Exa9_5.sci #
 
 
 
 
 
 
 
 
 Gain of the antenna is (in W)   
 
    9600.  
 
grepthis#Electronic_Communication_Systems_G._Kennedy_And_B._Davis_63/CH10/EX10.1/Exa10_1.sci #
 
 
 
 
 
 
 
 
 
 
 Cutoff Frequency of the dominant mode is (in Hz)   
 
    2.941D+09  
 
grepthis#Electronic_Communication_Systems_G._Kennedy_And_B._Davis_63/CH10/EX10.2/Exa10_2.sci #
 
 
 
 
 
 
 
 
 
 
 Cutoff Frequency of the TE10 mode is (in Hz)   
 
    6.250D+09  
 
 
 
 
 
 
 
 
 
 
 
 
 Cutoff Frequency of the TE20 mode is (in Hz)   
 
    5.882D+09  
 
 
 
 
 
 
 
 
 
 
 
 
 Cutoff Frequency of the TE02 mode is (in Hz)   
 
    6.250D+09  
 
 
grepthis#Electronic_Communication_Systems_G._Kennedy_And_B._Davis_63/CH10/EX10.3/Exa10_3.sci #
 
 
 
 
 
 
 
 
 
 
 
 
 
 
 
 
 
 
 Cutoff wavelength for the dominant mode is (in cm)    
 
    6.  
 
 
 Wavelength in a waveguide for the dominant mode (in cm)    
 
    9.0453403  
 
 
 Group Velocities (in m/s)    
 
    1.658D+10  
 
 
 Phase Velocities (in m/s)    
 
    5.427D+10  
 
 
grepthis#Electronic_Communication_Systems_G._Kennedy_And_B._Davis_63/CH10/EX10.4/Exa10_4.sci #
 
 
 
 
 
 
 
 
 
 
 
 
 
 
 
 
 
 
 
 Wave which will propagate in the WG (in cm)   
 
    3.  
 
 
 This mode will propagate (in cm)   
 
    12.  
 
 
 This mode will propagate (in cm)   
 
    6.  
 
 
 This mode will propagate (in cm)   
 
    4.  
 
 
 This mode will not propagate (in cm)   
 
    3.  
 
 
 Guide wavelength for this mode of propagation (in cm)   
 
    4.5355737  
 
grepthis#Electronic_Communication_Systems_G._Kennedy_And_B._Davis_63/CH10/EX10.5/Exa10_5.sci #
 
 
 
 
 
 
 
 
 
 
 
 Formula for the cutoff wavelength in a standard rectangular waveguide for the  
      TM11 mode                                                                 
 
    0.8944272  
 
 *a   
 
grepthis#Electronic_Communication_Systems_G._Kennedy_And_B._Davis_63/CH10/EX10.6/Exa10_6.sci #
 
 
 
 
 
 
 
 
 
 
 Char. Wave impediance for the data for Ex 10.3 (in ohms)   
 
    681.71992  
 
 
 Char. Wave impediance for the data for Ex 10.4 (in ohms)   
 
    570.33452  
 
 
 
 
grepthis#Electronic_Communication_Systems_G._Kennedy_And_B._Davis_63/CH10/EX10.7/Exa10_7.sci #
 
 
 
 
 
 
 
 
 
 
 
 
 
 
 
 
 
 
 
 
 
 
 
 
 
 
 Cut-off wavelength for TE10 mode (in cm)   
 
    9.  
 
 
 Guide wavelength for TE10 mode (in cm)   
 
    3.588535  
 
 
 Group Velocitiy for TE10 mode (in m/s)   
 
    2.787D+10  
 
 
 Phase Velocitiy for TE10 mode (in m/s)   
 
    3.230D+10  
 
 
 Char. Impediance for TE10 mode (in ohms)   
 
    405.85375  
 
 
 
 Cut-off wavelength for TM11 mode (in cm)   
 
    4.9923018  
 
 
 Guide wavelength for TM11 mode (in cm)   
 
    4.4776674  
 
 
 Group Velocitiy for TM11 mode (in m/s)   
 
    2.233D+10  
 
 
 Phase Velocitiy for TM11 mode (in m/s)   
 
    4.030D+10  
 
 
 Char. Impediance for TM11 mode (in ohms)   
 
    280.64547  
 
 
grepthis#Electronic_Communication_Systems_G._Kennedy_And_B._Davis_63/CH10/EX10.8/Exa10_8.sci #
 
 
 
 
 
 
 
 
 
 
 
 
 Frequency is (in Hz)   
 
    7.612D+09  
 
grepthis#Electronic_Communication_Systems_G._Kennedy_And_B._Davis_63/CH10/EX10.9/Exa10_9.sci #
 
 
 
 
 
 
 
 
 
 
 
 
 
 
 Cutoff wavelength (in cm)   
 
    6.8295492  
 
 
 Guide wavelength (in cm)   
 
    3.3394325  
 
 
 Char. wave impediance (in ohms)   
 
    419.64546  
 
grepthis#Electronic_Communication_Systems_G._Kennedy_And_B._Davis_63/CH10/EX10.10/Exa10_10.sci #
 
 
 
 
 
 
 
 
 
 
 
 
 
 
 
 
 Ratio of the cross section of a circular waveguide to that of a reactangle   
 
    2.1613799  
 
grepthis#Electronic_Communication_Systems_G._Kennedy_And_B._Davis_63/CH10/EX10.11/Exa10_11.sci #
 
 
 
 
 
 
 A  =
 
    25.  
 
 
 
 
 
 
 
 
 
 Volatage attenuation is (in dB)   
 
    681.25  
 
grepthis#Electronic_Communication_Systems_G._Kennedy_And_B._Davis_63/CH13/EX13.1/Exa13_1.sci #
 
 
 
 
 
 
 
 
 capacity of a standard 4-Khz telephone channel is (in bits/sec)   
 
    32956.348  
 
grepthis#Electronic_Communication_Systems_G._Kennedy_And_B._Davis_63/CH13/EX13.2/Exa13_2.sci #
 
 
 
 
 
 
 
 
 
 
 
 
 Information-carrying capacity is (in bits/sec)   
 
    37214.733  
 
 
 Capacity of the channel if its bandwidth is doubled is (in bits/sec)   
 
    66447.716  
 
grepthis#Electronic_Communication_Systems_G._Kennedy_And_B._Davis_63/CH16/EX16.1/Exa16_1.sci #
 
 
 
 
 
 
 
 
 Duty cycle of a radar is   
 
    0.0005  
 
grepthis#Electronic_Communication_Systems_G._Kennedy_And_B._Davis_63/CH16/EX16.2/Exa16_2.sci #
 
 
 
 
 
 
 
 
 Average power is (in W)   
 
    50.  
 
grepthis#Electronic_Communication_Systems_G._Kennedy_And_B._Davis_63/CH16/EX16.3/Exa16_3.sci #
 
 
 
 
 
 
 
 
 
 
 Minimum receivable signal in a radar receiver is (in W)   
 
    4.168D-14  
 
grepthis#Electronic_Communication_Systems_G._Kennedy_And_B._Davis_63/CH16/EX16.4/Exa16_4.sci #
 
 
 
 
 
 
 
 
 
 
 
 
 Maximum range of a radar system is (in Km)   
 
    685.68067  
 
grepthis#Electronic_Communication_Systems_G._Kennedy_And_B._Davis_63/CH16/EX16.5/Exa16_5.sci #
 
 
 
 
 
 
 
 
 
 
 
 Peak transmitted pulse power is (in W)   
 
    1.0986328  
 
grepthis#Electronic_Communication_Systems_G._Kennedy_And_B._Davis_63/CH16/EX16.6/Exa16_6.sci #
 
 
 
 
 
 
 
 
 
 
 
 
 
 Maximum range of a deep-space radar is (in Km)   
 
    132609.03  
 
grepthis#Electronic_Communication_Systems_G._Kennedy_And_B._Davis_63/CH16/EX16.7/Exa16_7.sci #
 
 
 
 
 
 
 
 
 
 
 
 
 
 
 
 The lowest three blind speeds of this radar are (in Km/h)   
 
    172.8  
 
    345.6  
 
    518.4  
 
grepthis#Electronic_Communication_Systems_G._Kennedy_And_B._Davis_63/CH16/EX16.8/Exa16_8.sci #
 
 
 
 
 
 
 
 
 
 
 
 
 
 
 
 
 
 
 
 
 
 
 
 
 
 
 
 
 
 Active tracking range of a deep space radar is (in m)   
 
    9.866D+12  
 
 
 Active tracking range of a deep space radar is (in m)   
 
    1.360D+11  
 
 
 Maximum Active tracking range of a deep space radar is (in m)   
 
    1.360D+11  
 
grepthis#Electronic_Communication_Systems_G._Kennedy_And_B._Davis_63/CH16/EX16.9/Exa16_9.sci #
 
 
 
 
 
 
 
 
 
 
 
 
 Doppler frequency is (in Hz)   
 
    925.92593  
 
grepthis#Electronic_Communication_Systems_G._Kennedy_And_B._Davis_63/CH18/EX18.1/Exa18_1.sci #
 
 
 
 
 
 
 
 
 Critical angle is (in degrees)   
 
    71.329957  
 
grepthis#Electronic_Communication_Systems_G._Kennedy_And_B._Davis_63/CH18/EX18.2/Exa18_2.sci #
 
 
 
 
 
 
 
 Bandwidth is (in Ghz)   
 
    0.175  
 
grepthis#Electronic_Communication_Systems_G._Kennedy_And_B._Davis_63/CH18/EX18.3/Exa18_3.sci #
 
 
 
 
 
 
 
 
 Responsivity is (in A/W)   
 
    0.5  
 
