Total number of .sce files(without counting DEPENDENCIES directory): 172

grepthis#Engineering_Thermodynamics_P._K._Nag_779/CH1/EX1.1/1_1.sce #
 
 
 
 
 
 
 Gas Pressure is    
 
    1.7437092  
 
 bar   
 
 
grepthis#Engineering_Thermodynamics_P._K._Nag_779/CH1/EX1.2/1_2.sce #
 
 
 
 
 
 
 
 
 
 Inlet steam pressure is   
 
    1502997.2  
 
 Pa   
 
 
 Condenser pressure is   
 
    8271.792  
 
 Pa   
 
 
 
 
 
grepthis#Engineering_Thermodynamics_P._K._Nag_779/CH1/EX1.3/1_3.sce #
 
 
 
 
 
 
 
 
 
  40cmHg vaccume is   
 
    47980.8  
 
 Pa   
 
 
 
 
 
 
 90cmHg gauge is   
 
    221244.8  
 
 Pa   
 
 
 
 
 
 
 
 1.2 m H2O gauge is   
 
    113052.8  
 
 Pa   
 
 
grepthis#Engineering_Thermodynamics_P._K._Nag_779/CH1/EX1.4/1_4.sce #
 
 
 
 
 
 The depth of atmosphere required is    
 
    69.203302  
 
 Km   
 
 
grepthis#Engineering_Thermodynamics_P._K._Nag_779/CH1/EX1.5/1_5.sce #
 
 
 
 
 
 Net vertical force experienced by astronaut is   
 
    6668.08  
 
 N   
 
grepthis#Engineering_Thermodynamics_P._K._Nag_779/CH2/EX2.1/2_1.sce #
 
 
 
 
 
 The straight bore thermometer reading would e   
 
    47.620846  
 
 degree Celcius   
 
grepthis#Engineering_Thermodynamics_P._K._Nag_779/CH2/EX2.2/2_2.sce #
 
 
 
 
 
 
 
 Reading of thermocouple at t = 50degree is   
 
    58.333333  
 
 degree   
 
grepthis#Engineering_Thermodynamics_P._K._Nag_779/CH2/EX2.3/2_3.sce #
 
 
 
 
 
 
 The temperature when indicated resistance is 5.8 ohm is    
 
    300.  
 
 degree   
 
 
grepthis#Engineering_Thermodynamics_P._K._Nag_779/CH3/EX3.1/3_1.sce #
 
 
 
 
 
 The velocity of the object just before ir hits the ground is   
 
    109.37093  
 
 m/s   
 
grepthis#Engineering_Thermodynamics_P._K._Nag_779/CH3/EX3.2/3_2.sce #
 
 
 
 
 The amount of work done upon the atmosphere by the ballon is   
 
    50.6625  
 
 KJ   
 
grepthis#Engineering_Thermodynamics_P._K._Nag_779/CH3/EX3.3/3_3.sce #
 
 
 
 
 The displacement work done by the air is   
 
    60.795  
 
 KJ   
 
grepthis#Engineering_Thermodynamics_P._K._Nag_779/CH3/EX3.4/3_4.sce #
 
 
 
 
 
 
 
 
 
 
 The Net work tranfer for the system is   
 
  - 57.191438  
 
 KJ   
 
 
grepthis#Engineering_Thermodynamics_P._K._Nag_779/CH3/EX3.5/3_5.sce #
 
 
 
 
 
 
 
 
 
 
 
 The rate of work transfer gas to the piston is   
 
    24383.786  
 
 kW   
 
grepthis#Engineering_Thermodynamics_P._K._Nag_779/CH3/EX3.6/3_6.sce #
 
 
 
 
 
 
 
 
 
 
 
 HrA  =
 
    2171633.7  
 
 
 Rating of furnace would be   
 
    2171633.7  
 
 W   
 
 
 
 
 
  Length of cylinder of furnace is   
 
    0.9226374  
 
 m   
 
grepthis#Engineering_Thermodynamics_P._K._Nag_779/CH3/EX3.7/3_7.sce #
 
 
 
 
 
 
 
 
 
 
 
 
 
 Mass of alluminium that can be melted is   
 
    5.232  
 
 tonnes   
 
 
 Rate at which alluminium can be melted is   
 
    538843.17  
 
 kg/h   
 
grepthis#Engineering_Thermodynamics_P._K._Nag_779/CH3/EX3.8/3_8.sce #
 
 
 
 
 
 
 
 
 
 
 Work done during automization is   
 
    6.9813333  
 
 J   
 
 
grepthis#Engineering_Thermodynamics_P._K._Nag_779/CH3/EX3.9/3_9.sce #
 
 
 
 
 
 
 
 
 
 
 Work input to the motor is   
 
    10800.  
 
 J   
 
 
 Work input to the stirrer is   
 
    9720.  
 
 J   
 
 
 Work done by the fluid on the atmosphere is   
 
    3769.9112  
 
 J   
 
 
grepthis#Engineering_Thermodynamics_P._K._Nag_779/CH3/EX3.10/3_10.sce #
 
 
 
 
 
 
 
 Work done by the system is   
 
    10.607153  
 
 kJ   
 
grepthis#Engineering_Thermodynamics_P._K._Nag_779/CH3/EX3.11/3_11.sce #
 
 
 
 
 
 
 
 
 Work done in the cycle is   
 
    18598.318  
 
 J   
 
grepthis#Engineering_Thermodynamics_P._K._Nag_779/CH4/EX4.1/4_1.sce #
 
 
 
 
 
 
 
 Change in the internal energy of the system is   
 
  - 21850.  
 
 Joule   
 
grepthis#Engineering_Thermodynamics_P._K._Nag_779/CH4/EX4.2/4_2.sce #
 
 
 
 
 
 
 
 The heat flow into the system along the path adb   
 
    62500.  
 
 J   
 
 
 
 
 
 
 The heat liberated along the path b-a is   
 
  - 73000.  
 
 J   
 
 
 
 
 
 
 
 
 
 
 The heat absorbed in the path ad and db are   
 
    52400.  
 
 and   
 
    10100.  
 
 J   
 
 
grepthis#Engineering_Thermodynamics_P._K._Nag_779/CH4/EX4.3/4_3.sce #
 
 
 
 
 
 
 
 
 
 
 
 
 
 
 
 
 
 
 
 The completed table is   
 
    0.        2170.   - 2170.   
    21000.    0.        21000.  
  - 2100.     34500.  - 36600.  
  - 35900.  - 53670.    17770.  
 
 
 
grepthis#Engineering_Thermodynamics_P._K._Nag_779/CH4/EX4.4/4_4.sce #
 
 
 
 
 
 
 
 
 
 
 
 Q,W and dU of the quasi static process are   
 
    37267.641  
 
    129401.53  
 
  - 92133.889  
 
 J respectively   
 
 
 
 
 
 Work transfer for the process is   
 
    122133.89  
 
 Joule   
 
 
 
 Wb is not equal to integral(p*dv) since the process is not quasi static   
 
 
grepthis#Engineering_Thermodynamics_P._K._Nag_779/CH4/EX4.5/4_5.sce #
 
 
 
 
 
 
 
 
 
 
 
 
 
 The work done by the system is   
 
    8550.  
 
 J   
 
 
 The internal energy change of the system is   
 
    59535.  
 
 J   
 
 
 The heat flow into the system is   
 
    68085.  
 
 J   
 
 
grepthis#Engineering_Thermodynamics_P._K._Nag_779/CH4/EX4.6/4_6.sce #
 
 
 
 
 
 
 
 
 
 
 
 
 
 
 
 
 Heat trasfer in the cycle is   
 
    35.  
 
 KJ/Kg   
 
 
 Work done during the the cycle is   
 
    35.  
 
 KJ/Kg   
 
grepthis#Engineering_Thermodynamics_P._K._Nag_779/CH5/EX5.1/5_1.sce #
 
 
 
 
 
 
 
 
 
 
 
 
 The rate of work input is   
 
  - 121994.  
 
 Watt   
 
 
 
 
 
 The ratio of the inlet pipe diameter and outer pipe diameter is   
 
    1.8898224  
 
grepthis#Engineering_Thermodynamics_P._K._Nag_779/CH5/EX5.2/5_2.sce #
 
 
 
 
 
 
 
 
 
 
 
 
 
 The internal energy decreases by   
 
    20008.08  
 
 Joule   
 
grepthis#Engineering_Thermodynamics_P._K._Nag_779/CH5/EX5.3/5_3.sce #
 
 
 
 
 
 
 
 
 
 
 
 
 
 The stean flow rate is   
 
    53.585484  
 
 Kg/s   
 
 
grepthis#Engineering_Thermodynamics_P._K._Nag_779/CH5/EX5.4/5_4.sce #
 
 
 
 
 w  =
 
    w   
 
 P  =
 
  - 441.294 + 2257w   
 
 
 
 
 
 
 The amount of heat that should be supplied is   
 
    703.88055  
 
 Kg/h   
 
 
 
 
 
grepthis#Engineering_Thermodynamics_P._K._Nag_779/CH5/EX5.5/5_5.sce #
 
 
 
 
 
 
 The rate of heat transfer to the air in the heat exchanger is   
 
    1577.85  
 
 KJ/s   
 
 
 
 The power output from the turbine assuming no heat loss   
 
    298.8  
 
 KW   
 
 
 
 The velocity at the exit of the nozzle is   
 
    552.35858  
 
 m/s   
 
grepthis#Engineering_Thermodynamics_P._K._Nag_779/CH5/EX5.6/5_6.sce #
 
 
 
 
 
 
 
 The power output of the turbine is   
 
    2449.875  
 
 kW   
 
 
 
 
 
 
 The diameter of the inlet pipe is   
 
    0.3299424  
 
 m   
 
grepthis#Engineering_Thermodynamics_P._K._Nag_779/CH5/EX5.7/5_7.sce #
 
 
 
 
 
 
 
 
 
 Velocity of exhaust gas is   
 
    541.40986  
 
 m/s   
 
grepthis#Engineering_Thermodynamics_P._K._Nag_779/CH5/EX5.9/5_9.sce #
 
 
 
 
 
 
 
 
 The rate at which air flows out of the tank   
 
    0.8485183  
 
 kg/h   
 
grepthis#Engineering_Thermodynamics_P._K._Nag_779/CH6/EX6.1/6_1.sce #
 
 
 
 
 
 
 
 Least rate of heat rejection is   
 
    0.3935065  
 
 KW   
 
 
grepthis#Engineering_Thermodynamics_P._K._Nag_779/CH6/EX6.2/6_2.sce #
 
 
 
 
 
 
 Least Power necessary to pump the heat out is   
 
  - 0.2599010  
 
 kW   
 
 
 
grepthis#Engineering_Thermodynamics_P._K._Nag_779/CH6/EX6.4/6_4.sce #
 
 
 
 
 
 
 
 The heat rejected, the work done and the thermal effiency of the engine is   
 
    146.40761  
 
 J   
 
    53.592389  
 
 J   
 
    0.2679619  
 
 respectively   
 
grepthis#Engineering_Thermodynamics_P._K._Nag_779/CH6/EX6.5/6_5.sce #
 
 
 
 
 
 
 
 
 
 
 
 
 
 
 The heat rejection to the 40 degree reservior is   
 
    5531698.4  
 
 J   
 
 
 
 
 
 
 
 
 
 
 The heat rejection to the 40 degree reservior is   
 
    1898351.7  
 
 J   
 
grepthis#Engineering_Thermodynamics_P._K._Nag_779/CH6/EX6.7/6_7.sce #
 
 
 
 
 
  The multiplication factor is    
 
    6.1945032  
 
grepthis#Engineering_Thermodynamics_P._K._Nag_779/CH6/EX6.8/6_8.sce #
 
 
 
 
 
 
 
 
 
 Minimum area required for the collector plate   
 
    9.9300912  
 
 m2   
 
 
grepthis#Engineering_Thermodynamics_P._K._Nag_779/CH6/EX6.9/6_9.sce #
 
 
 
 
 
 Area of the panel   
 
    0.1672219  
 
 m2   
 
grepthis#Engineering_Thermodynamics_P._K._Nag_779/CH7/EX7.1/7_1.sce #
 
 
 
 
 
 
 Change in the entropy of the water is   
 
  - 0.0271004  
 
 KJ/K   
 
grepthis#Engineering_Thermodynamics_P._K._Nag_779/CH7/EX7.2/7_2.sce #
 
 
 
 
 
 
 
 
 
 
 The entropy change of the universe is   
 
    0.1842703  
 
 kJ/K   
 
 
 
 
 
 
 
 
 The entropy change of the universe is   
 
    0.0973880  
 
 kJ/K   
 
 
 
grepthis#Engineering_Thermodynamics_P._K._Nag_779/CH7/EX7.3/7_3.sce #
 
 
 
 
 
 
 
 
 
 
 
 
 
 
 
 
 The entropy change of the universe is   
 
    0.0965307  
 
 kJ/K   
 
 
 
 
 
 The minimum risk required is   
 
    28.0807  
 
 kJ   
 
grepthis#Engineering_Thermodynamics_P._K._Nag_779/CH7/EX7.5/7_5.sce #
 
 
 
 
 
 
 
 
 Entropy change for the process is   
 
    5.4975905  
 
 J/K   
 
grepthis#Engineering_Thermodynamics_P._K._Nag_779/CH7/EX7.8/7_8.sce #
 
 
 
 
 
 
 
 
 
 The final temperature of the body C is   
 
    400.  
 
 K   
 
grepthis#Engineering_Thermodynamics_P._K._Nag_779/CH7/EX7.9/7_9.sce #
 
 
 
 
 
 
 
 
 
 
 
 
 
 The maximum work that can be recovered is   
 
    35.  
 
 kJ   
 
grepthis#Engineering_Thermodynamics_P._K._Nag_779/CH7/EX7.10/7_10.sce #
 
 
 n  =
 
    1.3  
 
 
 
Warning : redefining function: H                       . Use funcprot(0) to avoid this message

 
 
 
 
 Change in enthalpy is   
 
    223.47718  
 
 kJ   
 
 
 Change in internal energy is   
 
    171.90552  
 
 kJ   
 
 
 The change in entropy and heat transfer are   
 
    0.  
 
 and   
 
    0.  
 
 kJ   
 
 
 The work transfer during the process is    
 
  - 171.90552  
 
 kJ   
 
grepthis#Engineering_Thermodynamics_P._K._Nag_779/CH7/EX7.11/7_11.sce #
 
 
 
 
 
 
 
 Change in the entropy of the universe is   
 
  - 0.0469703  
 
 kJ/Kg K   
 
 
 As the change in entropy of the universe in the process A-B is negative so the flow must be from B-A   
 
grepthis#Engineering_Thermodynamics_P._K._Nag_779/CH7/EX7.12/7_12.sce #
 
 
 
 
 
 
 
 The entropy generated during the process is   
 
    0.7856776  
 
 kW/K   
 
 
 As the entropy generated is positive so such device is possible   
 
grepthis#Engineering_Thermodynamics_P._K._Nag_779/CH7/EX7.13/7_13.sce #
 
 
 
 
 
 
 
 The rate of heat transfer through the wall is   
 
    1164.8437  
 
 W   
 
 
 
 The rate of entropy through the wall is   
 
    0.2130136  
 
 W/K   
 
 
 
 
 
 The rate of total entropy generation with this heat transfer process is   
 
    0.3529830  
 
 W/K   
 
 
grepthis#Engineering_Thermodynamics_P._K._Nag_779/CH8/EX8.1/8_1.sce #
 
 
 
 
 
 
 The fraction of energy that becomes unavailable due to irreversible heat transfer is   
 
    0.2600382  
 
grepthis#Engineering_Thermodynamics_P._K._Nag_779/CH8/EX8.2/8_2.sce #
 
 
 
 
 
 
 Tg1  =
 
    1373.  
 
 Sg  =
 
  - 1.7294093  
 
 
 
 Total change in entropy is    
 
    2.0403676  
 
 kJ/K   
 
 
 
 Increase in unavailable energy is   
 
    618.23138  
 
 kJ   
 
grepthis#Engineering_Thermodynamics_P._K._Nag_779/CH8/EX8.3/8_3.sce #
 
 
 
 
 
 
 
 
 Total work   
 
    1271.1519  
 
 kJ   
 
 
 Heat released   
 
    11760.  
 
 kJ   
 
 
 Internal energy change   
 
    10488.848  
 
 kJ   
 
grepthis#Engineering_Thermodynamics_P._K._Nag_779/CH8/EX8.4/8_4.sce #
 
 
 
 
 
 
 
 
 
 
 
 
 The decrease in the totla energy is   
 
    281.81689  
 
 kJ   
 
grepthis#Engineering_Thermodynamics_P._K._Nag_779/CH8/EX8.5/8_5.sce #
 
 
 
 
 
 
 
 
 
 
 
 
 
 The final RPM of the flywheel would be   
 
    222.16879  
 
 
grepthis#Engineering_Thermodynamics_P._K._Nag_779/CH8/EX8.6/8_6.sce #
 
 
 
 
 
 
 
 
 
 
 
 
 The maximum work is   
 
    122.95727  
 
 kJ   
 
 
 Change in availability is   
 
    82.432871  
 
 kJ   
 
 
 Irreversibility is   
 
    15.257271  
 
 kJ   
 
 
 
grepthis#Engineering_Thermodynamics_P._K._Nag_779/CH8/EX8.7/8_7.sce #
 
 
 
 S21  =
 
  - 0.1353465  
 
 
 
 The decrease in availability is   
 
    260.75652  
 
 kJ/kg   
 
 
 
 The maximum work is   
 
    260.75652  
 
 kJ/kg   
 
 
 
 
 
 The irreversibility is   
 
    49.656521  
 
 kJ/kg   
 
 
 
 
 
 
 
 
grepthis#Engineering_Thermodynamics_P._K._Nag_779/CH8/EX8.8/8_8.sce #
 
 
 
 
 
 
 
 
 The initial and final availbility of the products are   
 
    85.96724  
 
 and   
 
    39.682677  
 
 kJ/Kg respectively   
 
 
 
 
 
 
 
 The irreversibility of the process is   
 
    319.3698  
 
 kW   
 
 
 
 
 
 
 
 Tota power generated by the heat engine   
 
    441.35253  
 
 kW   
 
 
grepthis#Engineering_Thermodynamics_P._K._Nag_779/CH8/EX8.10/8_10.sce #
 
 
 
 
 
 The rate of energy loss because of the pressure drop due to friction   
 
    25.83  
 
 kW   
 
 
grepthis#Engineering_Thermodynamics_P._K._Nag_779/CH8/EX8.11/8_11.sce #
 
 
 
 
 
 
 
 
 
 
 
 
 The rate of entropy generation is   
 
    0.0446036  
 
 kW/K   
 
 
 The rate of energy loss due to mixing is   
 
    13.381067  
 
 kW   
 
 
 
 
 
 
grepthis#Engineering_Thermodynamics_P._K._Nag_779/CH8/EX8.12/8_12.sce #
 
 
 
 
 
 
 
 
 PART (A)   
 
 
 The first law efficiency is   
 
    96.  
 
 %   
 
 
 The Second law efficiency is   
 
    79.058824  
 
 %   
 
 
 
 
 
 
 PART (B)   
 
 
 The first law efficiency is   
 
    90.  
 
 %   
 
 
 The Second law efficiency is   
 
    42.352941  
 
 %   
 
 
 
 
 
 
 PART (C)   
 
 
 The first law efficiency is   
 
    60.  
 
 %   
 
 
 The Second law efficiency is   
 
    4.4117647  
 
 %   
 
 
 
 
 
 
 
 
 Part (D)   
 
 
 The first law efficiency is   
 
    90.  
 
 %   
 
 
 The Second law efficiency of part (a) is   
 
    74.117647  
 
 %   
 
 
 The Second law efficiency of part (b) is   
 
    42.352941  
 
 %   
 
 
 The Second law efficiency of part (c) is   
 
    6.6176471  
 
 %   
 
grepthis#Engineering_Thermodynamics_P._K._Nag_779/CH8/EX8.14/8_14.sce #
 
 
 
 
 
 
 
 The power input is   
 
  - 235.675  
 
 kW   
 
 
 The second law efficiency of the compressor is   
 
    0.8554942  
 
 
grepthis#Engineering_Thermodynamics_P._K._Nag_779/CH8/EX8.15/8_15.sce #
 
 
 
 
 
 
 
 The energy of the complete vaccume is   
 
    100.  
 
 kJ   
 
grepthis#Engineering_Thermodynamics_P._K._Nag_779/CH8/EX8.16/8_16.sce #
 
 
 
 
 
 
 
 
 
 
 
 Energy produced is   
 
    34621.027  
 
 kJ   
 
 
grepthis#Engineering_Thermodynamics_P._K._Nag_779/CH8/EX8.17/8_17.sce #
 
 
 
 
 
 
 The irreversibility in case a is   
 
    110.03184  
 
 kJ/kg   
 
 
 
 
 
 
 
 The irreversibility in case b is   
 
    38.231839  
 
 kJ/kg   
 
 
 
grepthis#Engineering_Thermodynamics_P._K._Nag_779/CH8/EX8.18/8_18.sce #
 
 
 
 
 
 
 
 
 Irreversibility per unit mass is   
 
    142.7096  
 
 kJ/kg   
 
 
 The second law effiency of the turbine is   
 
    0.7805273  
 
 
grepthis#Engineering_Thermodynamics_P._K._Nag_779/CH8/EX8.19/8_19.sce #
 
 
 
 
 
 
 Rate of availability transfer with heat and the irreversibility rate are   
 
  - 6.8  
 
 and   
 
    1.7  
 
 kW   
 
 
 
 
 
 Rate of availability in case b is   
 
    3.4  
 
 kW   
 
 
grepthis#Engineering_Thermodynamics_P._K._Nag_779/CH9/EX9.1/9_1.sce #
 
 
 
 
 
 
 
 
 
 At 1 Mpa saturation temperature is   
 
    179.91  
 
 degree   
 
 
 Changes in specific volume is   
 
    0.193313  
 
 m3/kg   
 
 
 Change in entropy during evaporation is   
 
    4.4478  
 
 kJ/kg K   
 
grepthis#Engineering_Thermodynamics_P._K._Nag_779/CH9/EX9.3/9_3.sce #
 
 
 
 
 
 
 
 The enthalpy and entropy og the system are   
 
    2614.5546  
 
 and   
 
    5.9600644  
 
 kJ/kg and kJ/kg K respectively   
 
grepthis#Engineering_Thermodynamics_P._K._Nag_779/CH9/EX9.4/9_4.sce #
 
 
 
 
 
 
 
 
 
 
 
 
 
 The entropy, enthalpy and volume of stem at 1.4MPa and 380 degree is   
 
    7.23632  
 
 kJ/kg K   
 
    3214.3  
 
 kJ/kg   
 
    0.2108  
 
 m3/kg respectively   
 
 
 
grepthis#Engineering_Thermodynamics_P._K._Nag_779/CH9/EX9.5/9_5.sce #
 
 
 
 
 
 
 
 
 
 
 
 
 
 
 
 
 
 
 The pressure is   
 
    3973000.  
 
 Pa   
 
 
 The mass is   
 
    9.5732934  
 
 kg   
 
 
 Specific volume is   
 
    0.0041783  
 
 m3/kg   
 
 
 Enthalpy is   
 
    1188.1341  
 
 kJ/kg   
 
 
 The entropy is   
 
    2.9891337  
 
 kJ/kg K   
 
 
 The interal energy is   
 
    1171.5337  
 
 kJ/kg   
 
grepthis#Engineering_Thermodynamics_P._K._Nag_779/CH9/EX9.7/9_7.sce #
 
 
 
 
 
 
 
 
 
 
 The ideal work output of the turbine is   
 
    882.40805  
 
 kJ/Kg   
 
grepthis#Engineering_Thermodynamics_P._K._Nag_779/CH9/EX9.8/9_8.sce #
 
 
 
 
 
 
 
 
 
 
 
 
 
 
 
 
 
 
 The condition of superheat after mixing   
 
    8.803604  
 
 degree   
 
 
 The velocity of steam leaving the nozzle is   
 
    508.6596  
 
 m/sec   
 
grepthis#Engineering_Thermodynamics_P._K._Nag_779/CH9/EX9.9/9_9.sce #
 
 
 
 
 
 The quality of steam in pipe line is   
 
    0.9609767  
 
 
 Maximum moisture is   
 
    5.4788682  
 
 %   
 
 
grepthis#Engineering_Thermodynamics_P._K._Nag_779/CH9/EX9.10/9_10.sce #
 
 
 
 
 
 
 
 
 
 The quality of the steam in the pipe line is   
 
    0.9095443  
 
grepthis#Engineering_Thermodynamics_P._K._Nag_779/CH9/EX9.11/9_11.sce #
 
 
 
 
 
 
 
 
 
 
 
 Q  =
 
    1788192.  
 
 
 The heat transfer during the process is   
 
    1788192.  
 
 kJ   
 
grepthis#Engineering_Thermodynamics_P._K._Nag_779/CH9/EX9.12/9_12.sce #
 
 
 
 
 
 
 
 
 
 
 The value of n is   
 
    1.23845  
 
 
 The work done by the steam is   
 
    4720.2654  
 
 J   
 
 
 
 
 
 
 
 
 
 
 The heat transfer is   
 
  - 1.8009192  
 
 kJ   
 
 
grepthis#Engineering_Thermodynamics_P._K._Nag_779/CH9/EX9.13/9_13.sce #
 
 
 
 
 
 
 hfg  =
 
    2108.5  
 
 
 
 
 
 
 
 
 
 
 
 
 
 
 
 
 
 
 
 
 
 
 Final pressure is   
 
    3.5  
 
 bar   
 
 
 Steam quality is   
 
    0.87  
 
 
 Entropy change during the process is   
 
    0.4227  
 
 kJ/K   
 
 
 
 
grepthis#Engineering_Thermodynamics_P._K._Nag_779/CH9/EX9.14/9_14.sce #
 
 
 
 
 
 
 
 
 
 
 
 
 
 
 
 
 
 
 
 
 The availability of the steam before the throttle valve   
 
    1263.6894  
 
 kJ/kg   
 
 
 The availability of the steam after the throttle valve   
 
    1237.5538  
 
 kJ/kg   
 
 
 The availability of the steam at the turbine exhaust   
 
    601.85104  
 
 kJ/kg   
 
 
 The specific work output from the turbine is   
 
    546.25342  
 
 kJ/kg   
 
grepthis#Engineering_Thermodynamics_P._K._Nag_779/CH9/EX9.15/9_15.sce #
 
 
 
 
 
 
 
 
 
 
 
 
 
 
 
 
 
 Availability of steam entering at state 1   
 
    1057.4864  
 
 kJ/kg   
 
 
 Availability of steam leaving  at state 2   
 
    656.7062  
 
 kJ/kg   
 
 
 Availability of steam leaving  at state 3   
 
    202.88556  
 
 kJ/kg   
 
 
 
 
 
 Maximum work is   
 
    741.14568  
 
 kJ/kg   
 
 
 
 
 
 
 Irreversibility is   
 
    124456.61  
 
 kJ/h   
 
 
grepthis#Engineering_Thermodynamics_P._K._Nag_779/CH9/EX9.16/9_16.sce #
 
 
 
 
 
 
 
 
 
 
 
 Energy of system in Part (a) is   
 
  - 246.75  
 
 kJ   
 
 
 
 
 
 
 Energy of system in Part (b) is   
 
    176.0174  
 
 kJ   
 
 
 
 
 
 
 
 
 
 
 Energy of system in Part (c) is   
 
    455.6024  
 
 kJ   
 
 
 
 
 
 
 Energy of system in Part (d) is   
 
  - 198.15  
 
 kJ   
 
 
grepthis#Engineering_Thermodynamics_P._K._Nag_779/CH9/EX9.17/9_17.sce #
 
 
 
 
 
 
 
 
 
 
 
 
 
 
 
 
 
 
 
 
 
 In parallel flow   
 
 
 The rate of irreversibility is   
 
    10.98  
 
 kW   
 
 
 The Second law efficiency is   
 
    24.275862  
 
 %   
 
 
 
 
 
 
 
 
 In Counter flow   
 
 
 The rate of irreversibility is   
 
    7.4254545  
 
 kW   
 
 
 The Second law efficiency is   
 
    32.159468  
 
 %   
 
grepthis#Engineering_Thermodynamics_P._K._Nag_779/CH9/EX9.18/9_18.sce #
 
 
 
 
 
 
 
 
 
 
 
 
 
 
 
 The maximum cooling rate is   
 
    106.20704  
 
 kW   
 
grepthis#Engineering_Thermodynamics_P._K._Nag_779/CH10/EX10.1/10_1.sce #
 
 
 
 
 
 
 
 
 
 If the fluid is in the air   
 
 
 The final temperature is    
 
    286.5  
 
 K   
 
 
 The heat transferred is   
 
  - 100.06969  
 
 kJ/kg   
 
 
 
 
 
 
 
 
 
 If the fluid is in the steam   
 
 
 The final temperature is    
 
    354.33  
 
 K   
 
 
 The heat transferred is   
 
  - 219.62294  
 
 kJ/kg   
 
grepthis#Engineering_Thermodynamics_P._K._Nag_779/CH10/EX10.2/10_2.sce #
 
 
 
 
 
 
 
 If the fluid is in the air   
 
 
 The final temperature is    
 
    682.96875  
 
 K   
 
 
 The heat transferred is   
 
    261.26859  
 
 kJ   
 
 
 Work done is   
 
    74.611031  
 
 kJ   
 
 
 
 
 
 
 
 
 
 
 If the fluid is in the steam   
 
 
 The final temperature is    
 
    673.  
 
 K   
 
 
 The heat transferred is   
 
    507.7  
 
 kJ   
 
 
 Work done is   
 
    118000.  
 
 J   
 
 
grepthis#Engineering_Thermodynamics_P._K._Nag_779/CH10/EX10.4/10_4.sce #
 
 
 
 
 
 
 
 
 
 If the fluid is in the air   
 
 
 The specific volume is   
 
    0.8517698  
 
 m3/kg   
 
 
 The work done per kg of the fluid is   
 
    198.18505  
 
 kJ   
 
 
 
 
 
 
 
 
 If the fluid is in the steam   
 
 
 The specific volume is   
 
    1.626323  
 
 m3/kg   
 
 
 The work done per kg of the fluid is   
 
    368.72751  
 
 kJ   
 
grepthis#Engineering_Thermodynamics_P._K._Nag_779/CH10/EX10.5/10_5.sce #
 
 
 
 
 
 
 
 
 
 If the fluid is in the air   
 
 
 The specific volume is   
 
    1.0053291  
 
 m3/kg   
 
 
 The final temperature is    
 
    350.28889  
 
 K   
 
 
 Heat transferred per kg is   
 
    146.92611  
 
 kJ   
 
 
 
 
 
 
 
 
 
 
 If the fluid is in the steam   
 
 
 The specific volume is   
 
    1.5252748  
 
 m3/kg   
 
 
 The final temperature is    
 
    372.62  
 
 K   
 
 
 Heat transferred per kg is   
 
    32.18067  
 
 kJ   
 
grepthis#Engineering_Thermodynamics_P._K._Nag_779/CH10/EX10.6/10_6.sce #
 
 
 
 
 
 
 
 
 
 
 
 
 
 
 
 
 
 
 
 
 
 
 
 
 
 Work done in the cycle is   
 
    141.59224  
 
 J   
 
 
 Internal energy change in the cycle is   
 
    0.  
 
 J   
 
 
 Heat transfer in the cycle is   
 
    141.59224  
 
 J   
 
 
 
 
 Thermal efficiency of the system is   
 
    95.348313  
 
 %   
 
 
grepthis#Engineering_Thermodynamics_P._K._Nag_779/CH10/EX10.7/10_7.sce #
 
 
 
 
 
 
 
 
 
 
 
 
 
 
 
 
 
 The final equillibrium pressure is   
 
    1168.6932  
 
 KPa   
 
 
 The amount of heat transferred to the surrounding is   
 
  - 226.04503  
 
 kJ   
 
 
 
 
 If the vessele is perfectly inslulated   
 
 
 The final temperature is   
 
    318.45455  
 
 K   
 
 
 The final pressure is   
 
    1240.5855  
 
 KPa   
 
grepthis#Engineering_Thermodynamics_P._K._Nag_779/CH10/EX10.8/10_8.sce #
 
 
 
 
 
 
 
 
 
 
 
 
 Molecular weight and the gas constant of the gas are   
 
    18.034707  
 
 kg/kg mol and   
 
    0.461  
 
 kJ/kg K   
 
 
 Work done   
 
    0.  
 
 kJ   
 
 
 The heat transferred   
 
    286.33  
 
 kJ   
 
 
 The change in internal energy    
 
    286.33  
 
 kJ   
 
 
 entropy   
 
    0.8859873  
 
 kJ   
 
 
 enthalpy   
 
    373.92  
 
 kJ/K   
 
grepthis#Engineering_Thermodynamics_P._K._Nag_779/CH10/EX10.9/10_9.sce #
 
 
 
 
 
 
 
 
 
 
 The work done in the expansion is   
 
    300.722  
 
 kJ   
 
grepthis#Engineering_Thermodynamics_P._K._Nag_779/CH10/EX10.11/10_11.sce #
 
 
 
 
 
 
 
 
 
 
 
 
 
 
 
 
 The work transfer for the whole path is   
 
    93.498608  
 
 kJ   
 
 
 The heat transfer for the whole path   
 
    571.63801  
 
 kJ   
 
grepthis#Engineering_Thermodynamics_P._K._Nag_779/CH10/EX10.12/10_12.sce #
 
 
 
 
 
 
 
 
 
 
 
 
 
 
 
 
 The heat received in the cycle is   
 
    137268.29  
 
 J   
 
 
 The heat rejected in the cycle   
 
    84266.695  
 
 J   
 
 
 The efficiency of the cycle is   
 
    0.3861168  
 
grepthis#Engineering_Thermodynamics_P._K._Nag_779/CH10/EX10.13/10_13.sce #
 
 
 
 
 
 
 
 
 
 
 
 cv of the gas is   
 
    0.6610009  
 
 kJ/kg K   
 
 
 cp of the gas is   
 
    0.8989613  
 
 kJ/kg K   
 
 
 Increase in the entropy of the gas is   
 
    0.0801592  
 
 kJ/kg K   
 
grepthis#Engineering_Thermodynamics_P._K._Nag_779/CH10/EX10.14/10_14.sce #
 
 
 
 
 
 n  =
 
    1.3022969  
 
 
 
 
 
 
 
 
 
 
 The index of compression process is   
 
    1.3022969  
 
 
 S2-S1 is   
 
  - 0.0001165  
 
 kJ/K   
 
 
 S3-S2 is   
 
    0.0006924  
 
 kJ/K   
 
 
 The heat exchange is   
 
  - 0.0565999  
 
 kJ   
 
grepthis#Engineering_Thermodynamics_P._K._Nag_779/CH10/EX10.15/10_15.sce #
 
 
 
 
 
 
 
 
 Mole fraction of N2 is   
 
    0.4852941  
 
 
 Mole fraction of CO2 is   
 
    0.5147059  
 
 
 
 
 Equivalant molecular weight of mixture is   
 
    36.235294  
 
 kg   
 
 
 
 
 
 The equivalent gas constant of the mixture is   
 
    0.2294448  
 
 kJ/kg K   
 
 
 
 
 
 
 
 
 
 Partial pressures of nitrogen and CO2 are   
 
    145.58824  
 
 and   
 
    154.41176  
 
 kPa respectively   
 
 
 Partial volume of nitrogen and CO2 are   
 
    0.8700007  
 
 and   
 
    0.9227280  
 
 m3 respectively   
 
 
 
 
 
 Volume of mixture is   
 
    1.7927287  
 
 m3   
 
 
 Density of mixture is   
 
    4.462471  
 
 kg/m3   
 
 
 
 
 
 
 
 
 
 
 
 cp and cv of mixture are   
 
    0.9207405  
 
 and   
 
    0.6912957  
 
 kJ/kg K respectively   
 
 
 
 
 
 
 Change in internal energy of the system heated at constant volume is   
 
    110.60731  
 
 kJ   
 
 
 Change in enthalpy of the system heated at constant volume is   
 
    147.31848  
 
 kJ   
 
 
 Change in entropy of the system heated at constant volume is   
 
    0.3651732  
 
 kJ/kg K   
 
 
 
 Change in entropy of the system heated at constant Pressure is   
 
    0.4863762  
 
 kJ   
 
 
 
grepthis#Engineering_Thermodynamics_P._K._Nag_779/CH10/EX10.16/10_16.sce #
 
 
 
 
 
 
 
 
 
 
 Increase in entropy is   
 
    1.2292056  
 
 kJ/kg K   
 
grepthis#Engineering_Thermodynamics_P._K._Nag_779/CH10/EX10.17/10_17.sce #
 
 
 
 
 
 
 
 
 
 
 
 
 
 Specific volume is   
 
    0.0030552  
 
 m3/kg   
 
 
 Specific temperature is   
 
    57.85  
 
 K   
 
 
 Specific pressure is   
 
    5.46  
 
 kPa   
 
 
 Reduced volume is   
 
    1.4822636  
 
grepthis#Engineering_Thermodynamics_P._K._Nag_779/CH11/EX11.3/11_3.sce #
 
 
 
 
 
 Vapour pressure of benzene is    
 
    17.668259  
 
 kPa   
 
grepthis#Engineering_Thermodynamics_P._K._Nag_779/CH11/EX11.4/11_4.sce #
 
 
 
 
 
 
 
 Temperature of triple point is   
 
    195.19774  
 
 K   
 
 
 Pressure of triple point is   
 
    44.631622  
 
 mm Hg   
 
 
 Latent heat of sublimation is   
 
    31211.882  
 
 kJ/kg mol   
 
 
 Latent heat of vapourization is   
 
    25466.701  
 
 kJ/kg mol   
 
 
 Latent heat of fusion is   
 
    5745.1813  
 
 kJ/kg mol   
 
grepthis#Engineering_Thermodynamics_P._K._Nag_779/CH11/EX11.6/11_6.sce #
 
 
 
 
 
 
 
 
 
 
 
 System 1   
 
 
 Volume is   
 
    0.008  
 
 m3   
 
 
 Energy is   
 
    1.62123  
 
 kJ   
 
 
 System 2   
 
 
 Volume is   
 
    0.012  
 
 m3   
 
 
 Energy is   
 
    2.431845  
 
 kJ   
 
 
 Final temperature is   
 
    260.  
 
 K   
 
 
 Final Pressure is   
 
    135.1025  
 
 kPa   
 
grepthis#Engineering_Thermodynamics_P._K._Nag_779/CH12/EX12.1/12_1.sce #
 
 
 
 
 
 
 The work required in saturated liquid form is   
 
  - 0.9387  
 
 kJ/kg   
 
 
 
 
 
 
 
 The work required in saturated vapour form is   
 
  - 520.  
 
 kJ/kg   
 
 
grepthis#Engineering_Thermodynamics_P._K._Nag_779/CH12/EX12.2/12_2.sce #
 
 
 
 
 
 
 
 
 
 
 
 
 
 
 
 Net work per kg of steam is   
 
    969.5991  
 
 kJ/kg   
 
 
 Cycle efficiency is   
 
    0.3249967  
 
 
 
 
 
 
 
 
 
 
 Percentage reduction in net work per kg of steam is   
 
    20.09319  
 
 %   
 
 
 Percentage reduction in cycle efficiency is   
 
    20.09319  
 
 %   
 
grepthis#Engineering_Thermodynamics_P._K._Nag_779/CH12/EX12.3/12_3.sce #
 
 
 
 
 
 
 
 
 
 
 
 
 
 
 
 
 The greatest allowable steam pressure at the turbine inlet is   
 
    16.832  
 
 bar   
 
 
 Rankine cycle efficiency is   
 
    31.684101  
 
 %   
 
 
 Mean temperature of heat addition is   
 
    460.65782  
 
 K   
 
 
grepthis#Engineering_Thermodynamics_P._K._Nag_779/CH12/EX12.4/12_4.sce #
 
 
 
 
 
 
 
 
 
 
 
 
 Quality at turbine exhaust is   
 
    0.88  
 
 
 Cycle efficiency is   
 
    43.904347  
 
 %   
 
 
 steam rate is   
 
    2.1818182  
 
 kg/kW h   
 
grepthis#Engineering_Thermodynamics_P._K._Nag_779/CH12/EX12.5/12_5.sce #
 
 
 
 
 
 
 
 
 
 
 
 
 
 
 
 
 
 
 
 
 
 Efficiency of the cycle is    
 
    36.068757  
 
 %   
 
 
 Steam rate of the cycle is   
 
    3.8526471  
 
 kg/kW h   
 
 
 Increase in temperature due to regeneration is   
 
    27.386207  
 
 degree centigrade   
 
 
 Increase in steam rate due to regeneration is   
 
    0.3855182  
 
 kg/kW h   
 
 
 Increase in Efficiency of the cycle due to regeneration is   
 
    1.9029397  
 
 %   
 
 
 
grepthis#Engineering_Thermodynamics_P._K._Nag_779/CH12/EX12.6/12_6.sce #
 
 
 
 
 
 
 
 
 
 
 
 
 
 
 
 
 
 
 
 
 
 
 
 
 
 
 
 
 
 
 
 
 Net work per kg os stem is   
 
    798.6417  
 
 kJ/kg   
 
 
 Cycle efficiency is   
 
    33.397805  
 
 %   
 
 
 Stream rate is   
 
    4.5076534  
 
 kg/kW h   
 
 
grepthis#Engineering_Thermodynamics_P._K._Nag_779/CH12/EX12.7/12_7.sce #
 
 
 
 
 
 
 
 
 
 
 
 
 
 
 
 
 
 
 
 
 
 
 
 The second law efficiency is   
 
    47.304586  
 
 %   
 
grepthis#Engineering_Thermodynamics_P._K._Nag_779/CH12/EX12.9/12_9.sce #
 
 
 
 
 
 
 
 
 
 
 
 
 
 
 
 
 
 
 
 
 
 Temperature of the steam is   
 
    360.  
 
 degree   
 
 
 Pressure of the steam is    
 
    22.5  
 
 bar   
 
grepthis#Engineering_Thermodynamics_P._K._Nag_779/CH12/EX12.10/12_10.sce #
 
 
 
 
 
 
 
 
 
 
 
 
 
 
 
 
 
 
 
 Fuel buring rate is   
 
    756.63532  
 
 kg/h   
 
 
grepthis#Engineering_Thermodynamics_P._K._Nag_779/CH12/EX12.11/12_11.sce #
 
 
 
 
 
 
 
 
 n_cycle  =
 
    0.3592038  
 
 
 Steam flow at turbine inlet is   
 
    0.2062375  
 
 kg/s   
 
 
 cycle efficiency is   
 
    35.920381  
 
 %   
 
grepthis#Engineering_Thermodynamics_P._K._Nag_779/CH12/EX12.12/12_12.sce #
 
 
 
 
 
 
 
 
 
 
 
 
 
 
 Overall efficiency of the cycle   
 
    52.798182  
 
 %   
 
 
 
 
 Flow through the mercury turbine is   
 
    593428.19  
 
 kg/h   
 
 
 
 Useful work done in binary vapour cycle is   
 
    28372.803  
 
 kW   
 
 
 
 
 
 
 
 
 
 
 
 
 
 
 Overall efficiency is   
 
    46.169369  
 
 %   
 
 
grepthis#Engineering_Thermodynamics_P._K._Nag_779/CH13/EX13.1/13_1.sce #
 
 
 
 
 
 
 
 
 
 
 
 
 T3  =
 
    3632.3893  
 
 
 
 
 
 
 
 Maximum pressure is   
 
    9.4347773  
 
 MPa   
 
 
 Temperature of the cycle is   
 
    3632.3893  
 
 K   
 
 
 Cycle efficiency is   
 
    56.472472  
 
 %   
 
 
 Mean effective pressure is   
 
    1.5332587  
 
 MPa   
 
 
 
 
 
grepthis#Engineering_Thermodynamics_P._K._Nag_779/CH13/EX13.2/13_2.sce #
 
 k  =
 
    0.06  
 
 
 
 
 
 Air standard efficiency is   
 
    59.867691  
 
 %   
 
 
 
grepthis#Engineering_Thermodynamics_P._K._Nag_779/CH13/EX13.3/13_3.sce #
 
 
 
 
 
 
 
 
 
 
 
 
 
 
 
 
 
 
 
 cut-off ratio is   
 
    2.007897  
 
 
 Heat supplied per kg of air is   
 
    884.34699  
 
 kJ/kg   
 
 
 Cycle efficiency is   
 
    61.334041  
 
 %   
 
 
 Mean effective pressure is   
 
    699.9687  
 
 KPa   
 
 
 
grepthis#Engineering_Thermodynamics_P._K._Nag_779/CH13/EX13.5/13_5.sce #
 
 
 
 
 
 
 
 
 
 
 
 
 
 
 
 
 
 
 
 
 
 
 The percentage efficiency in cycle efficiency due to regeneration is   
 
    41.64682  
 
 %   
 
 
grepthis#Engineering_Thermodynamics_P._K._Nag_779/CH13/EX13.6/13_6.sce #
 
 
 
 
 
 
 
 Maximum work done per kg of air is   
 
    239.46674  
 
 kJ/kg   
 
 
 cycle efficiency is   
 
    47.123735  
 
 %   
 
 
 ratio of brayton and carnot efficiency is   
 
    0.6541238  
 
grepthis#Engineering_Thermodynamics_P._K._Nag_779/CH13/EX13.7/13_7.sce #
 
 
 
 
 
 
 
 
 
 
 
 
 
 
 
 The thermal efficiency of the cycle is   
 
    40.066303  
 
 %   
 
 
 Work ratio is   
 
    0.5449517  
 
 
 Power output is   
 
    40.066303  
 
 MW   
 
 
 Energy flow rate of the exhaust gas stream is   
 
    20.529786  
 
 MW   
 
 
grepthis#Engineering_Thermodynamics_P._K._Nag_779/CH13/EX13.10/13_10.sce #
 
 
 
 
 
 
 
 
 
 
 
 
 Temperature at the turbine exit is   
 
    1114.4744  
 
 K   
 
 
 Pressure at the turbine exit is   
 
    311.99882  
 
 kPa   
 
 
 
 
 
 Velocity of the gas at the nozzle exit is   
 
    1020.3478  
 
 m/s   
 
 
 
 
 
 
 
 
 The propulsive efficiency of the cycle is   
 
    25.71074  
 
 %   
 
grepthis#Engineering_Thermodynamics_P._K._Nag_779/CH13/EX13.11/13_11.sce #
 
 
 
 
 
 
 
 
 
 
 
 
 
 
 
 
 
 
 
 
 
 
 Air fuel ratio is   
 
    40.55749  
 
 
 Overall efficiency of combined plant is   
 
    52.755357  
 
 %   
 
 
 
 
 
grepthis#Engineering_Thermodynamics_P._K._Nag_779/CH14/EX14.1/14_1.sce #
 
 
 
 
 
 
 Power required to derive the plane is   
 
    12.985075  
 
 kW   
 
grepthis#Engineering_Thermodynamics_P._K._Nag_779/CH14/EX14.2/14_2.sce #
 
 
 
 
 
 
 
 
 
 The rate of heat removal is   
 
    8.5572  
 
 kW   
 
 
 Power input to the compressor is   
 
    2.1606  
 
 kW   
 
 
 The heat rejection rate in the condenser is   
 
    10.7178  
 
 kW   
 
 
 COP is   
 
    3.9605665  
 
 
grepthis#Engineering_Thermodynamics_P._K._Nag_779/CH14/EX14.3/14_3.sce #
 
 
 
 
 
 
 
 
 
 
 
 
 
 
 
 
 
 
 Refrigerant flow rate is   
 
    0.1790464  
 
 kg/s   
 
 
 Volume flow rate is   
 
    0.0137866  
 
 m3/s   
 
 
 Compressor discharge temperature is   
 
    48.  
 
 degree   
 
 
 Pressure ratio is   
 
    4.3841731  
 
 
 Heat rejected to the condenser is   
 
    24.139042  
 
 kW   
 
 
 Flash gas percentage is   
 
    30.529077  
 
 %   
 
 
 COP is   
 
    5.26  
 
 
 Power required to drive the compressor is   
 
    4.6945979  
 
 kW   
 
 
 Ratio of COP of carnot refrigerator is   
 
    0.7870722  
 
 
 
 
 
grepthis#Engineering_Thermodynamics_P._K._Nag_779/CH14/EX14.4/14_4.sce #
 
 
 
 
 
 
 Refrigeration effect is   
 
    126.  
 
 kJ/kg   
 
 
 
 
 Refrigerant flow rate is   
 
    0.3086420  
 
 kg/s   
 
 
 
 
 
 
 
 
 
 
 Diameter of cylinder is   
 
    10.773252  
 
 cm   
 
 
 Length of cylinder is   
 
    11.850577  
 
 cm   
 
 
 
 
 Power required to drive the compresor is   
 
    8.0246914  
 
 kW   
 
 
 COP is   
 
    4.8461538  
 
 
 
grepthis#Engineering_Thermodynamics_P._K._Nag_779/CH14/EX14.5/14_5.sce #
 
 
 
 
 
 
 
 
 
 
 
 
 
 
 
 
 
 ICOP  =
 
    0.1571985  
 
 
 Increase in work of compression is   
 
    15.719846  
 
 %   
 
 
 Increase in COP for 2 stage compression is   
 
    15.719846  
 
 %   
 
grepthis#Engineering_Thermodynamics_P._K._Nag_779/CH14/EX14.6/14_6.sce #
 
 
 
 
 
 
 
 
 
 
 
 
 Steam flow rate required is   
 
    0.0650529  
 
 kg/s   
 
grepthis#Engineering_Thermodynamics_P._K._Nag_779/CH14/EX14.7/14_7.sce #
 
 
 
 
 T2  =
 
    418.86174  
 
 
 
 
 
 
 COP of the refrigerator is   
 
    0.2457320  
 
 P  =
 
    47.477199  
 
 
 Driving power required is   
 
    47.477199  
 
 kW   
 
 
 
 Mass flow rate is   
 
    0.6476831  
 
 kg/s   
 
 
grepthis#Engineering_Thermodynamics_P._K._Nag_779/CH14/EX14.8/14_8.sce #
 
 
 
 
 
 
 
 
 
 
 
 
 
 
 Power input is   
 
    4.3342817  
 
 kW   
 
 
 Heating capacity is   
 
    20.972973  
 
 kW   
 
 
 COP is   
 
    4.8388579  
 
 
 The isentropic compressor efficiency is   
 
    79.980309  
 
 %   
 
grepthis#Engineering_Thermodynamics_P._K._Nag_779/CH14/EX14.9/14_9.sce #
 
 
 
 
 
 
 
 
 
 
 Pressure ratio for the turbine is   
 
    3.6111111  
 
 
 
 
 
 
 COP is   
 
    0.0794219  
 
 
grepthis#Engineering_Thermodynamics_P._K._Nag_779/CH15/EX15.1/15_1.sce #
 
 
 
 
 
 
 
 
 Specific humidity is   
 
    0.0182141  
 
 kg vap./kg dry air   
 
 
 Partial pressure of water vapour is   
 
    0.0288256  
 
 bar   
 
 
 Dew point temperature is   
 
    24.1  
 
 degree   
 
 
 
 
 Relative humidity is   
 
    60.053333  
 
 %   
 
 
 
 Degree of saturation is   
 
    0.8600165  
 
 
 
 
 
 Density of dry air is   
 
    1.1245495  
 
 kg/m3   
 
 
 
 Density of water vapour is   
 
    0.0204827  
 
 kg/m3   
 
 
 
 
 Enthalpy of the mixture is   
 
    79.056867  
 
 kJ/kg   
 
 
grepthis#Engineering_Thermodynamics_P._K._Nag_779/CH15/EX15.2/15_2.sce #
 
 
 
 
 
 
 
 
 
 
 Relative humidity is   
 
    39.910625  
 
 %   
 
 
 Humidity ratio of inlet mixture is   
 
    0.0107221  
 
 kg vap./kg dry air   
 
grepthis#Engineering_Thermodynamics_P._K._Nag_779/CH15/EX15.3/15_3.sce #
 
 
 
 
 
 
 
 
 
 
 
 
 
 
 t2  =
 
    27.082721  
 
 
 Mass of spray water required is   
 
    0.0033813  
 
 kg moisture/m3   
 
 
 Temperature to which air must be heated is   
 
    27.082721  
 
 degree   
 
 
 
grepthis#Engineering_Thermodynamics_P._K._Nag_779/CH15/EX15.4/15_4.sce #
 
 
 
 
 
 
 
 
 Capacity of the cooling coil in tonnes   
 
    33.78805  
 
 tonnes   
 
 
 Rate of water vapour removed is   
 
    0.0319109  
 
 kg/s   
 
grepthis#Engineering_Thermodynamics_P._K._Nag_779/CH15/EX15.5/15_5.sce #
 
 
 
 
 
 
 Final condition of air is given by   
 
 
 W3 =    
 
    0.0144  
 
 kg vap./kg dry air   
 
 
 h3 =    
 
    71.666667  
 
 kJ/kg dry air   
 
grepthis#Engineering_Thermodynamics_P._K._Nag_779/CH15/EX15.7/15_7.sce #
 
 
 
 
 
 
 
 
 
 
 Capacity of the cooling coil in tonnes   
 
    32.286352  
 
 tonnes   
 
 
 Capacity of humidifier   
 
    69.308036  
 
 kg/h   
 
 
grepthis#Engineering_Thermodynamics_P._K._Nag_779/CH15/EX15.8/15_8.sce #
 
 
 
 
 
 
 
 
 
 
 
 Temperature of water leaving the tower is   
 
    21.812805  
 
 degree   
 
 
 Fraction of water evoporated is   
 
    0.0125  
 
 kg/kg dry sir   
 
 
 Range of cooling water is   
 
    8.1871952  
 
 degree   
 
 
 Approach of cooling water is   
 
    6.6128048  
 
 degree   
 
 
 
grepthis#Engineering_Thermodynamics_P._K._Nag_779/CH15/EX15.9/15_9.sce #
 
 
 
 
 
 
 
 
 
 
 
 
 
 
 
 
 
 
 
 
 
 
 Make up water flow rate is   
 
    0.1290180  
 
 kg/s   
 
 
 Volume flow rate of air is   
 
    3.4374723  
 
 m3/s   
 
grepthis#Engineering_Thermodynamics_P._K._Nag_779/CH16/EX16.2/16_2.sce #
 
 
 
 
 
 
 
 
 K is   
 
    0.3145292  
 
 atm   
 
 
 epislon is    
 
    0.6116071  
 
 
 The heat of reaction is   
 
    140399.23  
 
 kJ/kg mol   
 
 
grepthis#Engineering_Thermodynamics_P._K._Nag_779/CH16/EX16.3/16_3.sce #
 
 
 
 
 
 
 
 
 
 Equillibrium constant is   
 
    1.6198347  
 
 
 Gibbs function change is   
 
  - 4812.2249  
 
 J/gmol   
 
grepthis#Engineering_Thermodynamics_P._K._Nag_779/CH16/EX16.5/16_5.sce #
 
 
 
 
 
 The value of equillibrium constant is   
 
    0.7556687  
 
 atm   
 
grepthis#Engineering_Thermodynamics_P._K._Nag_779/CH16/EX16.6/16_6.sce #
 
 
 
 
 
 Cp is   
 
    4.4836442  
 
 j/gmol K   
 
grepthis#Engineering_Thermodynamics_P._K._Nag_779/CH16/EX16.7/16_7.sce #
 
 
 
 
 
 
 
 
 The composition of fuel is   
 
 carbon   
 
    85.235435  
 
 %   
 
 Hydrogen   
 
    14.764565  
 
 %   
 
 
 Air fuel ratio is   
 
    23.982915  
 
 
 Percentage of excess air used is   
 
    67.226891  
 
 %   
 
grepthis#Engineering_Thermodynamics_P._K._Nag_779/CH16/EX16.8/16_8.sce #
 
 
 
 
 
 
 Heat transfer per kg mol of fuel is   
 
  - 965198.  
 
 kJ   
 
 
 
 
grepthis#Engineering_Thermodynamics_P._K._Nag_779/CH16/EX16.9/16_9.sce #
 
 
 
 
 
 
 
 Fuel consumption rate is   
 
    38.513175  
 
 kg/h   
 
 
grepthis#Engineering_Thermodynamics_P._K._Nag_779/CH16/EX16.10/16_10.sce #
 
 
 
 
 Hp2  =
 
  - 1226577.  
 
 
 
 
 
 Hp  =
 
  - 1226577.    46537.  - 595964.  
 
 T  =
 
    1000.    1200.    1100.  
 
 
 
 the adeabatic flame temperature is   
 
    1153.423  
 
 K   
 
grepthis#Engineering_Thermodynamics_P._K._Nag_779/CH16/EX16.11/16_11.sce #
 
 
 
 
 
 
 
 
 
 
 
 
 Reversible work is   
 
    47139.5  
 
 kJ/kg   
 
 
 Increase in entropy during combustion is   
 
    3699.6688  
 
 kj/kg mol K   
 
 
 Irreversibility of the process   
 
    25056.856  
 
 kJ/kg   
 
 
 Availability of products of combustion is   
 
    22082.644  
 
 kJ/kg   
 
 
grepthis#Engineering_Thermodynamics_P._K._Nag_779/CH16/EX16.12/16_12.sce #
 
 
 
 
 
 
 The chemical energy of carbon is   
 
    410541.59  
 
 kJ/k mol   
 
 
 
 
 
 The chemical energy of hydrogen is   
 
    235211.89  
 
 kJ/k mol   
 
 
 
 
 
 The chemical energy of methane is   
 
    821580.16  
 
 kJ/k mol   
 
 
 
 
 
 The chemical energy of Carbonmonoxide is   
 
    275364.91  
 
 kJ/k mol   
 
 
 
 E  =
 
    716698.69  
 
 
 The chemical energy of methanol is   
 
    716698.69  
 
 kJ/k mol   
 
 
 
 
 The chemical energy of nitrogen is   
 
    691.09096  
 
 kJ/k mol   
 
 
 
 
 The chemical energy of Oxygen is   
 
    3946.6437  
 
 kJ/k mol   
 
 
 
 
 The chemical energy of carbondioxide is   
 
    20108.232  
 
 kJ/k mol   
 
 
 
 
 
 The chemical energy of water is   
 
    5.2117742  
 
 kJ/k mol   
 
grepthis#Engineering_Thermodynamics_P._K._Nag_779/CH16/EX16.13/16_13.sce #
 
 
 
 
 
 
 
 The rate of heat transfer from the engine is   
 
  - 4.3312006  
 
 kW   
 
 
 
 
 
 The second law efficiency is   
 
    13.33969  
 
 %   
 
 
grepthis#Engineering_Thermodynamics_P._K._Nag_779/CH17/EX17.1/17_1.sce #
 
 
 
 
 
 
 
 
 
 
 
 
 
 Mach number is   
 
    0.7603607  
 
 
 Velocity is   
 
    254.06536  
 
 m/s   
 
 
 Stagnation pressure is   
 
    58.665153  
 
 kPa   
 
grepthis#Engineering_Thermodynamics_P._K._Nag_779/CH17/EX17.2/17_2.sce #
 
 
 
 
 
 
 
 
 
 
 
 
 
 
 
 
 
 
 
 
 
 
 
 
 
 
 Net thrust is   
 
    51.328446  
 
 kN   
 
grepthis#Engineering_Thermodynamics_P._K._Nag_779/CH17/EX17.3/17_3.sce #
 
 
 
 
 
 
 
 
 
 
 
 
 
 
 When divergent section act as a nozzle   
 
 
 Maximum flow rate of air is   
 
    1.0647637  
 
 kg/s   
 
 
 Static temperature is   
 
    183.204  
 
 K   
 
 
 Static Pressure is   
 
    93.9  
 
 kPa   
 
 
 Velocity at the exit from the nozzle is   
 
    596.07718  
 
 m/s   
 
 
 
 
 
 
 
 
 
 
 When divergent section act as a diffuser   
 
 
 Maximum flow rate of air is   
 
    1.0647637  
 
 kg/s   
 
 
 Static temperature is   
 
    353.232  
 
 K   
 
 
 Static Pressure is   
 
    936.  
 
 kPa   
 
 
 Velocity at the exit from the nozzle is   
 
    116.03412  
 
 m/s   
 
 
 
 
 
 
grepthis#Engineering_Thermodynamics_P._K._Nag_779/CH17/EX17.5/17_5.sce #
 
 
 
 
 
 
 
 
 
 
 
 
 
 
 
 
 
 
 
 Exit mach number is M2   
 
    0.402  
 
 
 Exit pressure is   
 
    147.92605  
 
 kPa   
 
 
 Exit Stagnation pressure is   
 
    44.7195  
 
 kPa   
 
 
 Entropy increase is   
 
    0.0687260  
 
 kJ/kg K   
 
grepthis#Engineering_Thermodynamics_P._K._Nag_779/CH17/EX17.6/17_6.sce #
 
 
 
 A2  =
 
    0.0013  
 
 
 
 
 
 
 
 Mass flow rate is   
 
    0.4044993  
 
 kg/s   
 
 
 The mass flow rate can be increased by raising the supply pressure   
 
grepthis#Engineering_Thermodynamics_P._K._Nag_779/CH18/EX18.1/18_1.sce #
 
 
 
 Pressure ratio is   
 
    8.4764776  
 
 
 
 
 
 
 
 
 Indicated power is   
 
    11.24901  
 
 kW   
 
 
 Shaft power is   
 
    14.061263  
 
 kW   
 
 
 
 
 Mass flow rate is   
 
    0.0723072  
 
 kg/s   
 
 
 
 Pressure ratio when second stage is added is   
 
    71.850672  
 
 
 
 Volume derived per cycle is V2   
 
    0.0003277  
 
 m3   
 
 
 
 Second stage bore would be   
 
    52.744274  
 
 mm   
 
 
grepthis#Engineering_Thermodynamics_P._K._Nag_779/CH18/EX18.2/18_2.sce #
 
 
 
 
 
 
 
 
 
 
 Indicated poer is   
 
    5.4756564  
 
 kW   
 
 
 Volumetric efficiency is   
 
    78.609842  
 
 %   
 
 
 
 
 Mass flow rate is   
 
    1.541459  
 
 kg/min   
 
 
 
 Free air delivery is   
 
    1.2577575  
 
 m3/min   
 
 
 
 
 Isothermal efficiency is   
 
    80.642806  
 
 %   
 
 
 
 Input power is   
 
    6.4419487  
 
 kW   
 
 
grepthis#Engineering_Thermodynamics_P._K._Nag_779/CH18/EX18.3/18_3.sce #
 
 
 
 
 
 
 
 
 Heat rejected to the intercooler is   
 
    87.001072  
 
 kJ/kg   
 
grepthis#Engineering_Thermodynamics_P._K._Nag_779/CH18/EX18.4/18_4.sce #
 
 
 
 
 
 
 
 
 
 
 
 
 
 Minimum power required is   
 
    49.337005  
 
 kW   
 
 
 Stroke of the compressor is   
 
    36.  
 
 cm   
 
 
 Bore of high pressure compressure is   
 
    8.9217217  
 
 cm   
 
 
 Bore of lo pressure compressure is   
 
    26.596152  
 
 cm   
 
 
grepthis#Engineering_Thermodynamics_P._K._Nag_779/CH18/EX18.5/18_5.sce #
 
 
 
 
 
 
 
 
 
 
 
 Indicated output is   
 
    132.87797  
 
 kJ   
 
 
 
grepthis#Engineering_Thermodynamics_P._K._Nag_779/CH18/EX18.6/18_6.sce #
 
 
 
 
 
 
 
 
 
 
 
 Effective swept volume of the LP cylinder is   
 
    0.0453214  
 
 m3   
 
 
 
 
 
 Delivery temperature is   
 
    358.39467  
 
 K   
 
 
 
 
 Volume of the air delivered   
 
    0.0037212  
 
 m3   
 
 
 
 Work done per kg of the air is   
 
    251.44953  
 
 kJ   
 
 
grepthis#Engineering_Thermodynamics_P._K._Nag_779/CH18/EX18.7/18_7.sce #
 
 
 
 
 
 
 
 
 
 
 
 Work required is   
 
    1.3480298  
 
 kJ/rev   
 
 
