Total number of .sce files(without counting DEPENDENCIES directory): 81

grepthis#Fluid_Mechanics_-_Worked_Examples_For_Engineers_C._Schaschke_650/CH1/EX1.1/1.sce #
 
 
 
 
 
 
 
 
 
 
 
 Total force exerted over the wall =   
 
 
    36257.76  
 
 
 N   
 
grepthis#Fluid_Mechanics_-_Worked_Examples_For_Engineers_C._Schaschke_650/CH2/EX2.1/1.sce #
 
 
 
 
 
 
 
 
 
 
 velocity at pipe 3 =   
 
 
    1.7964791  
 
 
 m/s   
 
 
 
 
 Flowrate at pipe 3 =   
 
 
    0.0141095  
 
 
 m^3/s   
 
 
 
 
 Flowrate at pipe 2   
 
 
    0.0058905  
 
 
 m^3/s   
 
 
 
 Velocity at pipe 2   
 
 
    3.  
 
 
 m/s   
 
 
 
 
 Velocity at pipe 1 =   
 
 
    1.1317685  
 
 
 m/s   
 
 
 
 Flowrate at pipe 1   
 
 
    0.02  
 
 
 m^3/s   
 
grepthis#Fluid_Mechanics_-_Worked_Examples_For_Engineers_C._Schaschke_650/CH5/EX5.1/1.sce #
 
 
 
 
 
 
 
 
 
 
 Velocity =   
 
 
    20.287927  
 
 
 m/s   
 
grepthis#Fluid_Mechanics_-_Worked_Examples_For_Engineers_C._Schaschke_650/CH6/EX6.1/1.sce #
 
 
 
 
 
 
 
 
 
 
 The number of orifices required are   
 
 
    620.2576  
 
grepthis#Fluid_Mechanics_-_Worked_Examples_For_Engineers_C._Schaschke_650/CH1/EX1.2/2.sce #
 
 
 
 
 
 
 
 
 
 
 Total vertical force tending to lift the dome =   
 
 
    157079.63  
 
 
 N   
 
 
 
 
 Absolute pressure at the bottom of the vessel =   
 
 
    175825.  
 
 
 N/m^2   
 
 
 
 
 Downward force imposed by the gas and liquid =   
 
 
    254673.21  
 
 
 N   
 
grepthis#Fluid_Mechanics_-_Worked_Examples_For_Engineers_C._Schaschke_650/CH2/EX2.2/2.sce #
 
 
 
 
 
 
 
 
 
 
 
 
 
 
 
 
 
 
 
 
 
 
 
 
 
 
 Force exerted by the liquid on the bend =   
 
 
    5555.3949  
 
 
 N   
 
grepthis#Fluid_Mechanics_-_Worked_Examples_For_Engineers_C._Schaschke_650/CH3/EX3.2/2.sce #
 
 
 
 
 
 
 The furthest distance the fluid can flow into the 8 mm inside diameter pipe before fully developed laminar flow can exist is    
 
 
    0.928  
 
 
 m   
 
grepthis#Fluid_Mechanics_-_Worked_Examples_For_Engineers_C._Schaschke_650/CH6/EX6.2/2.sce #
 
 
 
 
 
 
 
 
 
 
 
 
 
 The coefficient of velocity for the orifice is found to be   
 
 
    0.9813362  
 
grepthis#Fluid_Mechanics_-_Worked_Examples_For_Engineers_C._Schaschke_650/CH7/EX7.2/2.sce #
 
 
 
 
 
 
 
 
 
 
 
 
 The delivery of water through the channel is found to be    
 
 
    0.2219869  
 
 
 m^3/s   
 
grepthis#Fluid_Mechanics_-_Worked_Examples_For_Engineers_C._Schaschke_650/CH9/EX9.2/2.sce #
 
 
 
 
 
 
 
 
 
 
 
 
 
 
 
 
 The head loss across the restriction orifice =   
 
 
    44.862552  
 
 
 velocity heads   
 
 
 
 
 
 
 
 
 
 
 
 
 
 System head =   
 
 
    7.6025625  
 
 
 m   
 
 
 
 Delivered head =   
 
 
    7.6275081  
 
 
 m   
 
 
 
 The delivered head therefore ly matches the system head at the flow rate of 1.1*10^(-2) m^3/s, corresponding to the duty point   
 
grepthis#Fluid_Mechanics_-_Worked_Examples_For_Engineers_C._Schaschke_650/CH1/EX1.3/3.sce #
 
 
 
 
 
 
 
 
 
 
 
 The force on the plunger =   
 
 
    53.955  
 
 
 N   
 
grepthis#Fluid_Mechanics_-_Worked_Examples_For_Engineers_C._Schaschke_650/CH2/EX2.3/3.sce #
 
 
 
 
 
 
 
 
 
 
 
 Average pressure =   
 
 
    850.  
 
 
 kN/m^2   
 
grepthis#Fluid_Mechanics_-_Worked_Examples_For_Engineers_C._Schaschke_650/CH5/EX5.3/3.sce #
 
 
 
 
 
 
 
 
 
 
 
 
 
 
 
 
 Throat diameter =   
 
 
    0.0479044  
 
 
 m   
 
 
 
 
 
 
 Overall Length =   
 
 
    29.3  
 
 
 m   
 
grepthis#Fluid_Mechanics_-_Worked_Examples_For_Engineers_C._Schaschke_650/CH6/EX6.3/3.sce #
 
 
 
 
 
 
 
 
 
 
 
 
 
 
 Total drainage is found to take    
 
 
    2123.9573  
 
 
  seconds   
 
grepthis#Fluid_Mechanics_-_Worked_Examples_For_Engineers_C._Schaschke_650/CH1/EX1.4/4.sce #
 
 
 
 
 
 
 
 
 H=   
 
 
    1.8333333  
 
 
 m   
 
 
 
 
 
 
 
 
 
 
 The lowest possible position of the inteiface in the chamber below the overflow.   
 
 
    1.1  
 
 
 m   
 
grepthis#Fluid_Mechanics_-_Worked_Examples_For_Engineers_C._Schaschke_650/CH2/EX2.4/4.sce #
 
 
 
 
 
 
 
 
 
 
 
 
 
 
 
 
 
 
 
 Velocity at pt. A =   
 
 
    1.979899  
 
 
 m/s   
 
 
 
 Velocity at pt. B =   
 
 
    1.979899  
 
 
 m/s   
 
 
 
 Velocity at pt. C =   
 
 
    1.979899  
 
 
 m/s   
 
 
 
 Pressure at pt. A =   
 
 
    17640.  
 
 
 kN/m^2   
 
 
 
 Pressure at pt. B =   
 
 
  - 1960.  
 
 
 kN/m^2   
 
 
 
 Pressure at pt. C =   
 
 
  - 16660.  
 
 
 kN/m^2   
 
grepthis#Fluid_Mechanics_-_Worked_Examples_For_Engineers_C._Schaschke_650/CH3/EX3.4/4.sce #
 
 
 
 
 
 
 
 
 
 
 The glycerol delivery rate is    
 
 
    0.0077327  
 
 
 m^3/s   
 
 
 
 
 The Reynolds number is    
 
 
    82.046672  
 
 
 As Re is below 2000, therefore confirming laminar flow.   
 
 
grepthis#Fluid_Mechanics_-_Worked_Examples_For_Engineers_C._Schaschke_650/CH5/EX5.4/4.sce #
 
 
 
 
 
 
 
 
 
 
 
 
 
 
 
 
 Flow through orifice =   
 
 
    20.  
 
 
 %   
 
 
 
 Flow through venturi =   
 
 
    80.  
 
 
 %   
 
 
 Thus 20 % of the flow passes through the orifice meter while 80 % of the flow passes through the venturi.   
 
grepthis#Fluid_Mechanics_-_Worked_Examples_For_Engineers_C._Schaschke_650/CH6/EX6.4/4.sce #
 
 
 
 
 
 
 
 
 
 
 
 The time to drain the tank is found to be    
 
 
    2286.9045  
 
 
 seconds   
 
grepthis#Fluid_Mechanics_-_Worked_Examples_For_Engineers_C._Schaschke_650/CH7/EX7.4/4.sce #
 
 
 
 
 
 
 
 
 The minimum flow area is found to be    
 
 
    5.1080202  
 
 
 m^2   
 
grepthis#Fluid_Mechanics_-_Worked_Examples_For_Engineers_C._Schaschke_650/CH8/EX8.4/4.sce #
 
 
 
 
 
 
 
 
 
 
 Internal diameter of the pipeline =   
 
 
    0.0505067  
 
 
 m   
 
 
 
 
 Re =   
 
 
    97139.845  
 
 
 The value of Reynolds number lies between 4000 and 10^5, confirming the validity of using the Blasius equation for smooth-walled pipes   
 
grepthis#Fluid_Mechanics_-_Worked_Examples_For_Engineers_C._Schaschke_650/CH1/EX1.5/5.sce #
 
 
 
 
 
 
 
 
 
 
 
 The position of the interface between the legs =   
 
 
    0.2978353  
 
 
 m   
 
grepthis#Fluid_Mechanics_-_Worked_Examples_For_Engineers_C._Schaschke_650/CH2/EX2.5/5.sce #
 
 
 
 
 
 
 
 
 
 
 
 
 
 
 Pressure drop =   
 
 
    375.26364  
 
 
 N/m^2   
 
grepthis#Fluid_Mechanics_-_Worked_Examples_For_Engineers_C._Schaschke_650/CH3/EX3.5/5.sce #
 
 
 
 
 
 
 
 
 
 
 Diameter of the pipe =   
 
 
    0.0126324  
 
 
 m   
 
 
 
 Reynolds number =   
 
 
    246.37989  
 
grepthis#Fluid_Mechanics_-_Worked_Examples_For_Engineers_C._Schaschke_650/CH4/EX4.5/5.sce #
 
 
 
 
 
 
 
 
 
 
 
 
 
 
 The pressure drop per unit length in the full-scale pipe is expected to be    
 
 
    1012.5  
 
 
 kN/m^2   
 
grepthis#Fluid_Mechanics_-_Worked_Examples_For_Engineers_C._Schaschke_650/CH5/EX5.5/5.sce #
 
 
 
 
 
 
 
 
 
 
 
 
 
 
 
 Coefficient of discharge =   
 
 
    0.9626771  
 
 
grepthis#Fluid_Mechanics_-_Worked_Examples_For_Engineers_C._Schaschke_650/CH8/EX8.5/5.sce #
 
 
 
 
 
 
 
 
 
 
 
 
 
 
 
 
 
 
 
 The minimum allowable height =   
 
 
    8.6844316  
 
 
 m   
 
grepthis#Fluid_Mechanics_-_Worked_Examples_For_Engineers_C._Schaschke_650/CH1/EX1.6/6.sce #
 
 
 
 
 
 
 
 
 
 
 the density of the solution with crystal =   
 
 
    1495.0731  
 
 
 kg/m^3   
 
 
 
 
 
 
 
 The fraction of crystals =   
 
 
    0.1575630  
 
grepthis#Fluid_Mechanics_-_Worked_Examples_For_Engineers_C._Schaschke_650/CH3/EX3.6/6.sce #
 
 
 
 dp  =
 
    28.520566  
 
 
 Pressure difference =   
 
 
    28.520566  
 
 
 N/m^2   
 
grepthis#Fluid_Mechanics_-_Worked_Examples_For_Engineers_C._Schaschke_650/CH5/EX5.6/6.sce #
 
 
 
 
 
 
 
 
 
 
 
 
 
 The differential pressure =   
 
 
    23592.898  
 
 
 N/m^2   
 
grepthis#Fluid_Mechanics_-_Worked_Examples_For_Engineers_C._Schaschke_650/CH6/EX6.6/6.sce #
 
 
 
 
 
 
 
 
 
 
 
 
 The rate of flow =   
 
 
    0.0150419  
 
 
 m^3/s   
 
 
 
 
 The time taken to reduce the difference in levels to 10 cm is    
 
 
    44.957149  
 
 
 s   
 
grepthis#Fluid_Mechanics_-_Worked_Examples_For_Engineers_C._Schaschke_650/CH8/EX8.6/6.sce #
 
 
 
 
 
 
 
 
 
 
 
 
 
 The pressure drop due to friction is    
 
 
    91324.16  
 
 
 kNm-2   
 
 
 
 
 
 
 
 
 and the difference in levels is   
 
 
    12.291799  
 
 
 m   
 
grepthis#Fluid_Mechanics_-_Worked_Examples_For_Engineers_C._Schaschke_650/CH9/EX9.6/6.sce #
 
 
 
 
 
 
 
 
 
 
 
 
 
 
 
 
 
 Quantity of liquid delivered =   
 
 
    14.95161  
 
 
 m^3   
 
 
 
 Time taken =   
 
 
    2.990322  
 
 
 h   
 
 
grepthis#Fluid_Mechanics_-_Worked_Examples_For_Engineers_C._Schaschke_650/CH1/EX1.7/7.sce #
 
 
 
 
 
 
 
 
 
 
 
 
 
 
 
 
 
 Radius of the bubble =   
 
 
    0.053  
 
 
 mm   
 
grepthis#Fluid_Mechanics_-_Worked_Examples_For_Engineers_C._Schaschke_650/CH2/EX2.7/7.sce #
 
 
 
 
 
 
 
 
 
 
 
 
 
 
 
 
 
 
 
 
 Force required =   
 
 
  - 1099.745  
 
 
 N   
 
grepthis#Fluid_Mechanics_-_Worked_Examples_For_Engineers_C._Schaschke_650/CH5/EX5.7/7.sce #
 
 
 
 
 
 
 
 
 
 
 
 
 
 Rate of flow =   
 
 
    0.0045878  
 
 
 m^3/s   
 
grepthis#Fluid_Mechanics_-_Worked_Examples_For_Engineers_C._Schaschke_650/CH7/EX7.7/7.sce #
 
 
 
 
 
 
 
 
 The rate of flow of liquid over the weir is    
 
 
    0.0047898  
 
 
 m^3/h   
 
grepthis#Fluid_Mechanics_-_Worked_Examples_For_Engineers_C._Schaschke_650/CH8/EX8.7/7.sce #
 
 
 
 
 
 
 
 
 
 
 
 
 
 
 
 
 
 
 
 
 Rate of flow =   
 
 
    0.0009327  
 
 
 m^3/s   
 
 
 
 
 The minimum allowable height =   
 
 
    4.3679613  
 
 
 m   
 
grepthis#Fluid_Mechanics_-_Worked_Examples_For_Engineers_C._Schaschke_650/CH1/EX1.8/8.sce #
 
 
 
 
 
 
 
 
 Differential pressure =   
 
 
    24721.2  
 
 
 N/m^2   
 
grepthis#Fluid_Mechanics_-_Worked_Examples_For_Engineers_C._Schaschke_650/CH3/EX3.8/8.sce #
 
 
 
 
 
 
 
 
 
 
 At the pipe wall (r =R), therefore, the shear stress is   
 
 
 
  - 8.  
 
 
 N/m^2   
 
 
 The negative sign indicates that the shear stress is in the opposite direction to flow.   
 
 
 
 pressure drop per metre length of pipe is   
 
 
 
 
    320.  
 
 
 N/m   
 
grepthis#Fluid_Mechanics_-_Worked_Examples_For_Engineers_C._Schaschke_650/CH5/EX5.8/8.sce #
 
 
 
 
 
 
 
 
 
 
 
 
 
 
 
 
 
 Mass flowrate =   
 
 
    0.9253439  
 
 
 kg/s   
 
grepthis#Fluid_Mechanics_-_Worked_Examples_For_Engineers_C._Schaschke_650/CH6/EX6.8/8.sce #
 
 
 
 
 
 
 
 
 
 
 
 
 
 
 The time required for the level in the tank to fall to 1 m is    
 
 
    1525.2545  
 
 
 second   
 
grepthis#Fluid_Mechanics_-_Worked_Examples_For_Engineers_C._Schaschke_650/CH7/EX7.8/8.sce #
 
 
 
 
 
 
 
 
 The height of the weir crest above the surface of the river is found to be    
 
 
    4.2708726  
 
 
 m   
 
grepthis#Fluid_Mechanics_-_Worked_Examples_For_Engineers_C._Schaschke_650/CH8/EX8.8/8.sce #
 
 
 
 
 
 
 
 
 The rate of flow through parallel pipes A is    
 
 
    0.0005940  
 
 
 m^3/s   
 
 
 
 
 The rate of flow through parallel pipes B is    
 
 
    0.0033576  
 
 
 m^3/s   
 
grepthis#Fluid_Mechanics_-_Worked_Examples_For_Engineers_C._Schaschke_650/CH9/EX9.8/8.sce #
 
 
 
 
 
 
 
 
 
 
 
 
 The minimum level of the alarm =   
 
 
    1.92679  
 
 
 m   
 
grepthis#Fluid_Mechanics_-_Worked_Examples_For_Engineers_C._Schaschke_650/CH1/EX1.9/9.sce #
 
 
 
 
 
 
 
 
 
 Pressure drop in the pipe =   
 
 
    3924.  
 
 
 N/m^2   
 
grepthis#Fluid_Mechanics_-_Worked_Examples_For_Engineers_C._Schaschke_650/CH2/EX2.9/9.sce #
 
 
 
 
 
 
 
 
 
 
 
 
 Total depression =   
 
 
    0.2517756  
 
 
 m   
 
grepthis#Fluid_Mechanics_-_Worked_Examples_For_Engineers_C._Schaschke_650/CH3/EX3.9/9.sce #
 
 
 
 
 
 
 
 
 The maximum inside diameter is found to be    
 
 
    0.0799792  
 
 
 m   
 
grepthis#Fluid_Mechanics_-_Worked_Examples_For_Engineers_C._Schaschke_650/CH5/EX5.9/9.sce #
 
 
 
 
 
 
 
 
 
 
 
 
 
 
 
 
 
 Flow rate of water =   
 
 
    0.0007618  
 
 
 m^3/s   
 
 
 
 
 Coefficient of discharge of the rotameter =   
 
 
    0.7003989  
 
 
grepthis#Fluid_Mechanics_-_Worked_Examples_For_Engineers_C._Schaschke_650/CH6/EX6.9/9.sce #
 
 
 
 
 
 
 
 
 
 
 
 
 
 
 
 
 
 
 
 
 
 
 The Area of the tank =   
 
 
    2.3338946  
 
 
 m^2   
 
 
 
 Flowrate =   
 
 
    0.0069406  
 
 
 m^3/s   
 
grepthis#Fluid_Mechanics_-_Worked_Examples_For_Engineers_C._Schaschke_650/CH7/EX7.9/9.sce #
 
 
 
 
 
 
 
 
 
 
 Time taken =   
 
 
    7183.4153  
 
 
 s   
 
grepthis#Fluid_Mechanics_-_Worked_Examples_For_Engineers_C._Schaschke_650/CH8/EX8.9/9.sce #
 
 
 
 
 
 
 
 
 
 
 
 
 
 
 
 
 
 
 
 The rate of flow =   
 
 
    0.0052093  
 
 
 m^3/s   
 
grepthis#Fluid_Mechanics_-_Worked_Examples_For_Engineers_C._Schaschke_650/CH1/EX1.10/10.sce #
 
 
 
 
 
 
 
 
 
 
 
 Quantity of mercury to be removed =   
 
 
    0.0000497  
 
 
 m^3   
 
grepthis#Fluid_Mechanics_-_Worked_Examples_For_Engineers_C._Schaschke_650/CH3/EX3.10/10.sce #
 
 
 
 
 
 
 
 
 
 
 
 Pressure drop across the valve =   
 
 
    92368.386  
 
 
 N/m^2   
 
grepthis#Fluid_Mechanics_-_Worked_Examples_For_Engineers_C._Schaschke_650/CH6/EX6.10/10.sce #
 
 
 
 
 
 
 
 
 
 
 
 
 
 
 
 
 
 Time taken =   
 
 
    1531.0704  
 
 
 s   
 
grepthis#Fluid_Mechanics_-_Worked_Examples_For_Engineers_C._Schaschke_650/CH7/EX7.10/10.sce #
 
 
 
 
 
 
 
 Rate of flow =   
 
 
    0.0002283  
 
 
 m^3/s   
 
grepthis#Fluid_Mechanics_-_Worked_Examples_For_Engineers_C._Schaschke_650/CH8/EX8.10/10.sce #
 
 
 
 
 
 
 
 
 
 
 
 
 
 
 
 
 
 
 
 
 
 
 
 
 
 
 
 
 
 
 The total pressure drop due to friction through the pipe system is    
 
 
    479792.58  
 
 
 N/m^2   
 
 
grepthis#Fluid_Mechanics_-_Worked_Examples_For_Engineers_C._Schaschke_650/CH1/EX1.11/11.sce #
 
 
 
 
 
 
 
 
 The gauge pressure across the filter =   
 
 
    322.10089  
 
 
 N/m^2   
 
grepthis#Fluid_Mechanics_-_Worked_Examples_For_Engineers_C._Schaschke_650/CH7/EX7.11/11.sce #
 
 
 
 
 
 
 
 
 Time taken to reduce the head in the the tank =   
 
 
    256.81586  
 
 
 s   
 
grepthis#Fluid_Mechanics_-_Worked_Examples_For_Engineers_C._Schaschke_650/CH8/EX8.11/11.sce #
 
 
 
 
 
 
 
 
 
 
 
 
 
 Friction factor =   
 
 
    0.005  
 
grepthis#Fluid_Mechanics_-_Worked_Examples_For_Engineers_C._Schaschke_650/CH9/EX9.11/11.sce #
 
 
 
 
 
 
 
 
 
 
 
 
 
 
 
 
 
 
 
 
 
 
 
 
 
 
 
 
 
 
 
 
 
 
 
 
 
 
 
 Differential Head =   
 
 
    27.96  
 
 
 m   
 
 
 
 
 
 
 The impeller diameter =   
 
 
    0.1728664  
 
 
 m   
 
 
 
 The rotational speed at maximum efficiency =   
 
 
    40.994185  
 
 
 rps   
 
 
 
 
 Power input to the pump =   
 
 
    17142.975  
 
 
 W   
 
 
 
 
grepthis#Fluid_Mechanics_-_Worked_Examples_For_Engineers_C._Schaschke_650/CH1/EX1.12/12.sce #
 
 
 
 
 
 
 
 
 
 
 The tension in the cable =   
 
 
    857.29256  
 
 
 N   
 
grepthis#Fluid_Mechanics_-_Worked_Examples_For_Engineers_C._Schaschke_650/CH3/EX3.12/12.sce #
 
 
 
 
 
 
 
 
 
 
 Exact angle of inclination =   
 
 
    61.017409  
 
 
 
 
 
 
 Viscosity of the second liquid =   
 
 
    0.0018623  
 
 
 Ns/m^2   
 
grepthis#Fluid_Mechanics_-_Worked_Examples_For_Engineers_C._Schaschke_650/CH8/EX8.12/12.sce #
 
 
 
 
 
 
 
 
 
 
 
 
 
 
 
 The rate of flow from B to C =   
 
 
    1.675  
 
 
 litres per second   
 
 
 
 
 
 
 
 
 dp_AD =   
 
 
    55.288375  
 
 
 kN/m^2   
 
 
 
 dp_AB =   
 
 
    22.918375  
 
 
 kN/m^2   
 
 
 
 dp_BC =   
 
 
    46.573375  
 
 
 kN/m^2   
 
 
 
 dp_DC =   
 
 
    14.203375  
 
 
 kN/m^2   
 
 
 
 
 The lowest pressure drop is in the pipe connecting C and D   
 
grepthis#Fluid_Mechanics_-_Worked_Examples_For_Engineers_C._Schaschke_650/CH9/EX9.12/12.sce #
 
 
 
 
 
 
 
 
 Suction specific speed =   
 
 
    0.2119499  
 
 
grepthis#Fluid_Mechanics_-_Worked_Examples_For_Engineers_C._Schaschke_650/CH1/EX1.13/13.sce #
 
 
 
 
 
 
 
 
 
 
 
 Length of the stem above the liquid of SG 0.9 =   
 
 
    0.0511111  
 
 
 m   
 
grepthis#Fluid_Mechanics_-_Worked_Examples_For_Engineers_C._Schaschke_650/CH8/EX8.13/13.sce #
 
 
 
 
 
 
 
 
 
 
 
 
 
 Time taken =   
 
 
    11190.293  
 
 
 s   
 
grepthis#Fluid_Mechanics_-_Worked_Examples_For_Engineers_C._Schaschke_650/CH1/EX1.14/14.sce #
 
 
 
 
 
 
 
 
 
 Quantity delivered =   
 
 
    2500000.  
 
 
 kg   
 
 
 
 
 Time taken =   
 
 
    21.052632  
 
 
 hours   
 
grepthis#Fluid_Mechanics_-_Worked_Examples_For_Engineers_C._Schaschke_650/CH8/EX8.14/14.sce #
 
 
 
 
 
 
 
 
 
 
 
 
 
 
 
 
 
 
 the pressure drop due to friction per metre length of tube is found to be    
 
 
    404.63628  
 
 
 Nm^2/m   
 
grepthis#Fluid_Mechanics_-_Worked_Examples_For_Engineers_C._Schaschke_650/CH9/EX9.14/14.sce #
 
 
 
 
 
 
 
 
 
 
 
 
 
 
 Coefficient of discharge =   
 
 
    0.9814815  
 
 
 
 
 The power required =   
 
 
    433.275  
 
 
 W   
 
grepthis#Fluid_Mechanics_-_Worked_Examples_For_Engineers_C._Schaschke_650/CH8/EX8.15/15.sce #
 
 
 
 
 
 
 
 Fractional head loss =   
 
 
    0.2977855  
 
 
 m   
 
grepthis#Fluid_Mechanics_-_Worked_Examples_For_Engineers_C._Schaschke_650/CH9/EX9.15/15.sce #
 
 
 
 
 
 
 
 
 
 
 
 
 The ratio of peak to average flow =   
 
 
    3.1415927  
 
 
grepthis#Fluid_Mechanics_-_Worked_Examples_For_Engineers_C._Schaschke_650/CH8/EX8.16/16.sce #
 
 
 
 
 
 
 
 
 
 
 
 Time taken =   
 
 
    4.3581605  
 
 
 s   
 
grepthis#Fluid_Mechanics_-_Worked_Examples_For_Engineers_C._Schaschke_650/CH3/EX3.17/17.sce #
 
 
 
 
 
 
 
 The shear stress =   
 
 
  - 225.  
 
 
 N/m^2   
 
 
 It acts in the opposite direction to the flow.   
 
grepthis#Fluid_Mechanics_-_Worked_Examples_For_Engineers_C._Schaschke_650/CH3/EX3.18/18.sce #
 
 
 
 
 
 
 
 
 
 
 Viscosity =   
 
 
    0.5092958  
 
 
 Ns/m^2   
 
 
 
 
 Torque =   
 
 
    0.0098175  
 
 
 Nm   
 
grepthis#Fluid_Mechanics_-_Worked_Examples_For_Engineers_C._Schaschke_650/CH3/EX3.19/19.sce #
 
 
 
 
 
 
 
 
 
 
 
 
 
 
 
 
 
 The torque on the bearing is found to be    
 
 
    226.50742  
 
 
 Nm   
 
 
 and the power required to overcome the frictional resistance is    
 
 
    42695.643  
 
 
 W   
 
grepthis#Fluid_Mechanics_-_Worked_Examples_For_Engineers_C._Schaschke_650/CH3/EX3.20/20.sce #
 
 
 
 
 
 
 
 
 
 
 
 The viscosity of the oil is found to be    
 
 
    0.0837295  
 
 
 Nsm-2.   
 
 
