Total number of .sce files(without counting DEPENDENCIES directory): 312

grepthis#Concepts_Of_Physics_(volume_-_1)_H._C._Verma_2084/CH2/EX2.1w/2_1w.sce #
 
 
 
 
 
 
 
 
 
 
 
 
 
 
 
 
 magnitude of the vector is   
 
    65.  
 
 
 direction of the vector is   
 
    67.380135  
 
 
 
grepthis#Concepts_Of_Physics_(volume_-_1)_H._C._Verma_2084/CH2/EX2.2/2_2.sce #
 
 
 
 
 
 
 
 
 
 
 
 
 
 
 
 
 
 
 the sum of two vectors(in unit) is   
 
    8.660254  
 
 
 the difference of two vectors(in unit) is   
 
    5.  
 
 
grepthis#Concepts_Of_Physics_(volume_-_1)_H._C._Verma_2084/CH2/EX2.2w/2_2w.sce #
 
 
 
 
 
 
 
 
 
 
 
 
 
 
 
 
 
 
 
 
 
 
 
 
 
 
 
 
 
 magnitude(in m) of resultant vector is   
 
    8.6020559  
 
 
 value of angle(in degree) of resultant vector with X axis   
 
    35.613278  
 
 
grepthis#Concepts_Of_Physics_(volume_-_1)_H._C._Verma_2084/CH2/EX2.3/2_3.sce #
 
 
 
 
 
 
 
 F  =
 
    10.5  
 
 theta  =
 
    37.  
 
 
 
 
 
 
 component of force(in newton) in vertical direction is   
 
    8.3856729  
 
 
grepthis#Concepts_Of_Physics_(volume_-_1)_H._C._Verma_2084/CH2/EX2.3w/2_3w.sce #
 
 
 
 
 
 
 
 
 
 
 
 
 
 
 
 
 
 
 
 
 
 
 
 
 
 
 
 
 OB  =
 
    5.  
 
 
 
 magnitude(in m) of OC vector is   
 
    7.0710678  
 
 
 magnitude(in m) of OB vector is   
 
    5.  
 
 
grepthis#Concepts_Of_Physics_(volume_-_1)_H._C._Verma_2084/CH2/EX2.4/2_4.sce #
 
 
 
 
 
 
 
 
 
 
 
 
 
 
 
 work done(in J) by the force,during the given displacement is   
 
  - 24.  
 
 
grepthis#Concepts_Of_Physics_(volume_-_1)_H._C._Verma_2084/CH2/EX2.4w/2_4w.sce #
 
 
 
 
 
 
 
 
 
 
 
 
 
 
 
 
 
 
 
 
 
 
 the angle(in degree) made by OA+OB-OC vector with X axis is   
 
  - 27.367805  
 
 
grepthis#Concepts_Of_Physics_(volume_-_1)_H._C._Verma_2084/CH2/EX2.5/2_5.sce #
 
 
 
 
 
 
 
 
 
 
 
 
 
angle(in degree) between the given two vectors is 30 or 150 
 
grepthis#Concepts_Of_Physics_(volume_-_1)_H._C._Verma_2084/CH2/EX2.6/2_6.sce #
 
 
 
 
 
 
 
 
 
 
 
 
 
 
 
 
 
 
 
 the slope of the curve at x=2 is   
 
    1.25  
 
 
 the slope of the curve at x=6 is   
 
    0.  
 
 
 the slope of the curve at x=10 is   
 
  - 1.25  
 
 
 
grepthis#Concepts_Of_Physics_(volume_-_1)_H._C._Verma_2084/CH2/EX2.6w/2_6w.sce #
 
 
 
 
 
 
 
 
 
 
 
 
 
 
 the value of angleAOB(in degree) is   
 
    131.81031  
 
 
grepthis#Concepts_Of_Physics_(volume_-_1)_H._C._Verma_2084/CH2/EX2.7w/2_7w.sce #
 
 
 
 
 
 
 
 
 
 
 
 
 
 
 
 
 
 
 x component of unit vector of A vector   
 
    0.9128709  
 
 
 y component of unit vector of A vector   
 
    0.1825742  
 
 
 z component of unit vector of A vector   
 
  - 0.3651484  
 
 
grepthis#Concepts_Of_Physics_(volume_-_1)_H._C._Verma_2084/CH2/EX2.9/2_9.sce #
 
 
 
 
 
 
 
 
 
 
 
 y  =
 
    181.5  
 
 
 
 value of the given integral is   
 
    181.5  
 
 
grepthis#Concepts_Of_Physics_(volume_-_1)_H._C._Verma_2084/CH2/EX2.9w/2_9w.sce #
 
 
 
 
 
 
 
 
 
 
 
 
 
 
 
 
 
 
 
 
 
 
  angle(in degree) between given two vectors is   
 
    30.450314  
 
 
grepthis#Concepts_Of_Physics_(volume_-_1)_H._C._Verma_2084/CH2/EX2.10w/2_10w.sce #
 
 
 
 
 
 
 
 
 
 
 
 
 
 
 
 
 
 
 
 
 
 
 
 
 
 
 
 
 
 value of the given scalar is   
 
    0.  
 
 
grepthis#Concepts_Of_Physics_(volume_-_1)_H._C._Verma_2084/CH2/EX2.11w/2_11w.sce #
 
 
 
 
 
 
 
 
 
 
 
 
 
 
 
WARNING: Feature derivative is obsolete.
         Please use numderivative instead.
         This feature will be permanently removed in Scilab 6.0

 deltav  =
 
    502.65482  
 
 
 
 the change in volume(in cm cube) of sphere is   
 
    502.65482  
 
 
grepthis#Concepts_Of_Physics_(volume_-_1)_H._C._Verma_2084/CH2/EX2.12/2_12.sce #
 
 
 
 
 
 
 
 
 
 
 
 
 
 
 
 
 
 
 
 temp  =
 
    280.7  
 
the value is 280.7 
 
grepthis#Concepts_Of_Physics_(volume_-_1)_H._C._Verma_2084/CH2/EX2.13/2_13.sce #
 
 
 
 
 
 
 
 
 
 
 
 fbar  =
 
    25.37  
 
 
 sfnew  =
 
    0.321  
 
 sigma  =
 
    0.1791647  
 
 
the focal length of the given concave mirror(in cm) is 25.549165 or 25.190835 
 
grepthis#Concepts_Of_Physics_(volume_-_1)_H._C._Verma_2084/CH2/EX2.13w/2_13w.sce #
 
 
 
 
 
 
 
 
 
 
 
 
 
 
 
 
 
 maximum value of given function is infinite and minimum value is    
 
    2.  
 
 
 
grepthis#Concepts_Of_Physics_(volume_-_1)_H._C._Verma_2084/CH2/EX2.14w/2_14w.sce #
 
 
 
 
 
 
 
 
 
 
 A  =
 
    72.  
 
 
 
 the area under curve is   
 
    72.  
 
 
grepthis#Concepts_Of_Physics_(volume_-_1)_H._C._Verma_2084/CH3/EX3.1/3_1.sce #
 
 
 
 
 
 
 
 
 
 
 
 
 
 
 distance travelled(in m) by the person is   
 
    125.66371  
 
 
 displacement(in m) of the person from initial to final point is   
 
    80.  
 
 
grepthis#Concepts_Of_Physics_(volume_-_1)_H._C._Verma_2084/CH3/EX3.1w/3_1w.sce #
 
 
 
 
 
 
 
 v1  =
 
    6.  
 
 v2  =
 
    8.  
 
 d1  =
 
    1.  
 
 d2  =
 
    1.  
 
 d  =
 
    2.  
 
 
 
 
 
 
 
 the average velocity(in km/h) of the man is   
 
    0.1428571  
 
 
grepthis#Concepts_Of_Physics_(volume_-_1)_H._C._Verma_2084/CH3/EX3.2/3_2.sce #
 
 
 
 
 
 
 
 
 
 
 
 
WARNING: Feature derivative is obsolete.
         Please use numderivative instead.
         This feature will be permanently removed in Scilab 6.0

 
 
 
 the average speed(in m/s) of the particle is   
 
    12.5  
 
 
 the instantaneous speed(in m/s) of the particle is   
 
    25.  
 
 
grepthis#Concepts_Of_Physics_(volume_-_1)_H._C._Verma_2084/CH3/EX3.2w/3_2w.sce #
 
 
 
 
 
 
 
 w  =
 
    40.  
 
 t  =
 
    50.  
 
 rnd  =
 
    10.  
 
 
 
 
 
 avgvelocity  =
 
    0.  
 
 
the average speed of the teacher is 16.00 ft/min and the average velocity is 0.00 ft/min 
 
grepthis#Concepts_Of_Physics_(volume_-_1)_H._C._Verma_2084/CH3/EX3.3/3_3.sce #
 
 
 
 
 
 
 
 
 
 
 
 
 
 the distance(in m) travelled by the particle is   
 
    9.  
 
 
grepthis#Concepts_Of_Physics_(volume_-_1)_H._C._Verma_2084/CH3/EX3.3w/3_3w.sce #
 
 
 
 
 
 
 
 A  =
 
    1.  
 
 B  =
 
    4.  
 
 C  =
 
  - 2.  
 
 D  =
 
    5.  
 
 t  =
 
    4.  
 
 t1  =
 
    0.  
 
 t2  =
 
    4.  
 
 
 
 
 
 
 
WARNING: Feature derivative is obsolete.
         Please use numderivative instead.
         This feature will be permanently removed in Scilab 6.0

 v  =
 
    78.  
 
 na  =
 
    32.  
 
 
 
 
 
 
WARNING: Feature derivative is obsolete.
         Please use numderivative instead.
         This feature will be permanently removed in Scilab 6.0

 
WARNING: Feature derivative is obsolete.
         Please use numderivative instead.
         This feature will be permanently removed in Scilab 6.0

 
 
 

the velocity of particle at t=4 s is 78.00 m/s 

the acceleration of particle at t=4 s is 32.00 m/s^2 

the average velocity of the particle between t=0 s and t=4 s is 30.00 m/s 

the average acceleration of the particle between t=0 s and t=4 s is 20.00 m/s^2 
 
 
grepthis#Concepts_Of_Physics_(volume_-_1)_H._C._Verma_2084/CH3/EX3.4/3_4.sce #
 
 
 
 
 
 
 
 
 
 
 
 
 
 
 
 
 average velocity(in cm/s) of the tip of minute hand in time elapsed between 6.00 a.m and 6.30 a.m is   
 
    0.0044444  
 
 
 average velocity(in cm/s) of the tip of minute hand in time elapsed between 6.00 a.m and 6.30 p.m is   
 
    0.0001778  
 
 
grepthis#Concepts_Of_Physics_(volume_-_1)_H._C._Verma_2084/CH3/EX3.4w/3_4w.sce #
 
 
 
 
 
 
 
 
 
 
 
 
 
 
 
 
 
 
 distance(in m) travelled during t=0 s to t=2 s is   
 
    10.  
 
 
 distance(in m) travelled during t=2 s to t=4 s is   
 
    10.  
 
 
 distance(in m) travelled during t=0 s to t=4 s   
 
    20.  
 
 
 displacement(in m) during t=0 s to t=4 s   
 
    0.  
 
 
 acceleration(in m/s^2) at t=1/2 s   
 
    10.  
 
 
 acceleration(in m/s^2) at t=2 s   
 
  - 10.  
 
 
grepthis#Concepts_Of_Physics_(volume_-_1)_H._C._Verma_2084/CH3/EX3.5/3_5.sce #
 
 
 
 
 
 
 
 
 
 
 
 
 
 
 
 
 
 
 distance(in m) travelled by the particle in the first two seconds is   
 
    6.  
 
 
 time(in s) taken by particle to reach 7.5 m/s velocity is   
 
    10.  
 
 
 distance(in m) covered by particle to reach 7.5 m/s velocity is   
 
    50.  
 
 
grepthis#Concepts_Of_Physics_(volume_-_1)_H._C._Verma_2084/CH3/EX3.5w/3_5w.sce #
 
 
 
 
 
 
 
 v1  =
 
    100.  
 
 v2  =
 
    150.  
 
 t  =
 
    1.  
 
 
 
 
 
 
acceleration of the particle is 50.00 m/s^2 

distance travelled in (t+1)th second is 125.00 m 
 
grepthis#Concepts_Of_Physics_(volume_-_1)_H._C._Verma_2084/CH3/EX3.6/3_6.sce #
 
 
 
 
 
 
 
 
 
 
 
 
 
 
 
 
 
 
 displacement(in m) of particle in last 1 second   
 
    24.  
 
 
grepthis#Concepts_Of_Physics_(volume_-_1)_H._C._Verma_2084/CH3/EX3.6w/3_6w.sce #
 
 
 
 
 
 
 
 u  =
 
    0.  
 
 v  =
 
    2.2  
 
 d  =
 
    0.24  
 
 
 
 
 
the acceleration of the stone is 10.083 m/s^2 
 
grepthis#Concepts_Of_Physics_(volume_-_1)_H._C._Verma_2084/CH3/EX3.7/3_7.sce #
 
 
 
 
 
 
 
 
 
 
 
 
 
 
 maximum height(in m) reached by the ball is   
 
    0.8  
 
 
grepthis#Concepts_Of_Physics_(volume_-_1)_H._C._Verma_2084/CH3/EX3.8/3_8.sce #
 
 
 
 
 
 
 
 
 
 
 
 
 
 
 
 
 
 
 
 
 
 
 
 
 
the velocity of the particle at t=4 s is 13.291689 m/s and angle made with X axis is 15.763383 degree 
the particle is at(41.583626,7.221780)m at  time t=4 s 
 
grepthis#Concepts_Of_Physics_(volume_-_1)_H._C._Verma_2084/CH3/EX3.8w/3_8w.sce #
 
 
 
 
 
 
 
 dcar  =
 
    20.  
 
 vcar  =
 
    40.  
 
 vfly  =
 
    100.  
 
 
 
 
 
 
 
 
total distance travelled by the fly is 50.00 km and number of trips made by fly can be infinite 
 
grepthis#Concepts_Of_Physics_(volume_-_1)_H._C._Verma_2084/CH3/EX3.9/3_9.sce #
 
 
 
 
 
 
 
 u  =
 
    12.  
 
 theta  =
 
    45.  
 
 g  =
 
    10.  
 
 
 
 
 
the ball hits the field at 14.400000 m from the point of projection 
 
grepthis#Concepts_Of_Physics_(volume_-_1)_H._C._Verma_2084/CH3/EX3.10/3_10.sce #
 
 
 
 
 
 
 
 vsr  =
 
    4.  
 
 vrg  =
 
    3.  
 
 
 
 
 
 
the velocity of the swimmer with respect to ground is 5.000000 km/h and angle made by him with X axis is 53.130102 degree 
 
grepthis#Concepts_Of_Physics_(volume_-_1)_H._C._Verma_2084/CH3/EX3.10w/3_10w.sce #
 
 
 
 
 
 
 
 x  =
 
  - 50.  
 
 u  =
 
    5.  
 
 a  =
 
  - 10.  
 
 
 
 
 a  =
 
  - 5.  
 
 b  =
 
    5.  
 
 c  =
 
    50.  
 
 
 t1  =
 
  - 2.7015621  
 
 t2  =
 
    3.7015621  
 
 
 
 
 
 
 
 
 
 
 
 
height of the ballon when the stone reaches ground is 68.51 m 
 
grepthis#Concepts_Of_Physics_(volume_-_1)_H._C._Verma_2084/CH3/EX3.11/3_11.sce #
 
 
 
 
 
 
 
 vmanstreet  =
 
    3.  
 
 vrainstreet  =
 
    4.  
 
 
 
 
 
 
velocity of the raindrops with respect to the man is 5.00 km/h and angle made by rain drops with Y axis is 36.870 degree 
 
grepthis#Concepts_Of_Physics_(volume_-_1)_H._C._Verma_2084/CH3/EX3.11w/3_11w.sce #
 
 
 
 
 
 
 
 u  =
 
    20.  
 
 theta  =
 
    45.  
 
 g  =
 
    10.  
 
 
 
 
 
 
 
 
 
 
the time taken by the ball to strike the ground is 2.83 s 

the maximum height reached by the ball is 10.00 m 

the horizontal distance travelled by the ball before reaching the ground is 40.00 m 
 
grepthis#Concepts_Of_Physics_(volume_-_1)_H._C._Verma_2084/CH3/EX3.16w/3_16w.sce #
 
 
 
 
 
 
 
 vrg  =
 
    2.  
 
 vmr  =
 
    3.  
 
 d  =
 
    0.5  
 
 
 
 
 
 
 
swimmer should try to swim,making an angle of 41.81 degree with Y axis 

time taken by the swimmer to cross the river is 0.22 h 
 
grepthis#Concepts_Of_Physics_(volume_-_1)_H._C._Verma_2084/CH3/EX3.17w/3_17w.sce #
 
 
 
 
 
 
 
 dyaxis  =
 
    0.5  
 
 vrg  =
 
    2.  
 
 vmr  =
 
    3.  
 
 theta1  =
 
    30.  
 
 theta2  =
 
    90.  
 
 
 
 
 
 
 
 
time taken by the swimmer to cross the river is 0.19 hour 

displacement of the swimmer along X axis is 0.0962 km 
 
 
grepthis#Concepts_Of_Physics_(volume_-_1)_H._C._Verma_2084/CH3/EX3.18w/3_18w.sce #
 
 
 
 
 
 
 
 vmg  =
 
    10.  
 
 theta  =
 
    30.  
 
 
 
 
 
 
the speed of raindrops with respect to the ground is 20.00 km/h and with respect to the  man is 17.32 km/h 
 
grepthis#Concepts_Of_Physics_(volume_-_1)_H._C._Verma_2084/CH3/EX3.19w/3_19w.sce #
 
 
 
 
 
 
 
 vmanroad  =
 
    8.  
 
 
 
 
 
 
 
 
 
 
 
the speed of the rain with respect to the road is 10.58 km/h and makes angle of 49.11 degree with Y axis 
 
grepthis#Concepts_Of_Physics_(volume_-_1)_H._C._Verma_2084/CH4/EX4.1/4_1.sce #
 
 
 
 
 
 
 
 np  =
 
    26.  
 
 na  =
 
    6.000D+26  
 
 mi  =
 
    58.  
 
 e  =
 
    1.600D-19  
 
 perdiff  =
 
    1.  
 
 r  =
 
    1.  
 
 
 
 poschrg  =
 
    430344.83  
 
 fc  =
 
    1.667D+21  
 
 
 
 the coulomb force(in newton) between the two blocks is newton   
 
    1.667D+21  
 
 
grepthis#Concepts_Of_Physics_(volume_-_1)_H._C._Verma_2084/CH4/EX4.3w/4_3w.sce #
 
 
 
 
 
 
 
 me  =
 
    9.100D-31  
 
 e  =
 
    1.600D-19  
 
 k  =
 
    9.000D+09  
 
 G  =
 
    6.670D-11  
 
 
 
 ratio  =
 
    4.171D+42  
 
 
 
 the ratio of electric to gravitational force between two electrons is   
 
    4.171D+42  
 
 
grepthis#Concepts_Of_Physics_(volume_-_1)_H._C._Verma_2084/CH5/EX5.1/5_1.sce #
 
 
 
 
 
 
 
 m  =
 
    0.5  
 
 g  =
 
    9.8  
 
 
 
 T  =
 
    4.9  
 
 
the force exterted by the string on particle in vertically upward direction is 4.90 N 
 
grepthis#Concepts_Of_Physics_(volume_-_1)_H._C._Verma_2084/CH5/EX5.3w/5_3w.sce #
 
 
 
 
 
 
 
 u  =
 
    250.  
 
 v  =
 
    0.  
 
 x  =
 
    0.05  
 
 m  =
 
    0.01  
 
 
 
 a  =
 
    625000.  
 
 
 
the force exerted by the tree limb on the bullet is 6250.00 N 
 
grepthis#Concepts_Of_Physics_(volume_-_1)_H._C._Verma_2084/CH5/EX5.4w/5_4w.sce #
 
 
 
 
 
 
 
 m  =
 
    0.01  
 
 Fx  =
 
    10.  
 
 Fy  =
 
    5.  
 
 ux  =
 
    0.  
 
 uy  =
 
    0.  
 
 t  =
 
    5.  
 
 
 
 
 
 
 
 
at t=5 s position of the particle is (i12500.00 + j6250.00)m 
 
grepthis#Concepts_Of_Physics_(volume_-_1)_H._C._Verma_2084/CH5/EX5.7w/5_7w.sce #
 
 
 
 
 
 
 
 
 theta  =
 
    30.  
 
 m  =
 
    1.  
 
 M  =
 
    2.  
 
 g  =
 
    9.8  
 
 
 
 
 
 
 a  =
 
    6.7896392  
 
 
the acceleration with which ring starts moving if released from rest at an angle theta is 6.79 m/s^2 
 
grepthis#Concepts_Of_Physics_(volume_-_1)_H._C._Verma_2084/CH5/EX5.8w/5_8w.sce #
 
 
 
 
 
 
 
 m  =
 
    60.  
 
 theta  =
 
    30.  
 
 fgmax  =
 
    360.  
 
 g  =
 
    10.  
 
 
 
 T  =
 
    720.  
 
 a  =
 
    2.  
 
 
the maximum acceleration of the man for safe climbing is 2.00 m/s^2 
 
grepthis#Concepts_Of_Physics_(volume_-_1)_H._C._Verma_2084/CH6/EX6.1/6_1.sce #
 
 
 
 
 
 
 
 M  =
 
    0.4  
 
 f  =
 
    3.  
 
 g  =
 
    10.  
 
 
 
 N  =
 
    4.  
 
 theta  =
 
    36.869898  
 
 F  =
 
    5.  
 
 
the angle made by the contact force with the vertical is 36.87 degree 
 the magnitude of contact force is 5.00 N 
 
grepthis#Concepts_Of_Physics_(volume_-_1)_H._C._Verma_2084/CH6/EX6.1w/6_1w.sce #
 
 
 
 
 
 
 
 mus  =
 
    0.3  
 
 
 
 thetamax  =
 
    16.699244  
 
 
the maximum angle to prevent slipping is 16.70 
 
grepthis#Concepts_Of_Physics_(volume_-_1)_H._C._Verma_2084/CH6/EX6.2/6_2.sce #
 
 
 
 
 
 
 
 M  =
 
    20.  
 
 muk  =
 
    0.25  
 
 g  =
 
    9.8  
 
 
 
 fk  =
 
    49.  
 
 
the force of friction exerted by the horizontal surface on the box,in opposite direction to the pull is 49.00 N 
 
grepthis#Concepts_Of_Physics_(volume_-_1)_H._C._Verma_2084/CH6/EX6.2w/6_2w.sce #
 
 
 
 
 
 
 
 m  =
 
    4.  
 
 f  =
 
    20.  
 
 g  =
 
    10.  
 
 
 
 N  =
 
    40.  
 
 musmin  =
 
    0.5  
 
 
the frictional force on the block,in opposite direction to the applied force is 20.00 N 

the coefficient of static friction between the block and the table is greater than or equal to 0.50 
 
grepthis#Concepts_Of_Physics_(volume_-_1)_H._C._Verma_2084/CH6/EX6.3/6_3.sce #
 
 
 
 
 
 
 
 M  =
 
    30.  
 
 a  =
 
    2.  
 
 g  =
 
    10.  
 
 
 
 fs  =
 
    60.  
 
 musmax  =
 
    0.2  
 
 
the force of friction exerted by the horse on the boy is 60.00 N 

for the boy sliding back during acceleration, the value of coefficient of static friction is less than 0.20  
 
grepthis#Concepts_Of_Physics_(volume_-_1)_H._C._Verma_2084/CH6/EX6.3w/6_3w.sce #
 
 
 
 
 
 
 
 mus  =
 
    0.2  
 
 M  =
 
    2.  
 
 g  =
 
    10.  
 
 
 
 N  =
 
    20.  
 
 
 
 
 
 m  =
 
    0.4  
 
 
the maximum value of mass of the block is 0.40 kg 
 
grepthis#Concepts_Of_Physics_(volume_-_1)_H._C._Verma_2084/CH6/EX6.4/6_4.sce #
 
 
 
 
 
 
 
 theta1  =
 
    18.  
 
 theta2  =
 
    15.  
 
 
 
 mus  =
 
    0.3249197  
 
 muk  =
 
    0.2679492  
 
 
the coefficient of static friction between the block and the plank is tan(18)=0.32 

 the coefficient of kinetic friction between the block and the plank is tan(15)=0.27 
 
grepthis#Concepts_Of_Physics_(volume_-_1)_H._C._Verma_2084/CH6/EX6.5w/6_5w.sce #
 
 
 
 
 
 
 
 theta  =
 
    30.  
 
 g  =
 
    10.  
 
 
 
 a  =
 
    2.5  
 
 
 
 
 muk  =
 
    0.2886751  
 
 
the coefficient of kinetic friction is 0.29 
 
grepthis#Concepts_Of_Physics_(volume_-_1)_H._C._Verma_2084/CH6/EX6.6w/6_6w.sce #
 
 
 
 
 
 
 
 M  =
 
    2.5  
 
 F  =
 
    15.  
 
 g  =
 
    10.  
 
 x  =
 
    10.  
 
 t  =
 
    5.  
 
 
 
 mus  =
 
    0.6  
 
 a  =
 
    0.8  
 
 
 muk  =
 
    0.52  
 
 
the coefficient of static friction between the block and the surface is 0.60 

 the coefficient of kinetic friction between the block and the surface is 0.52 
 
 
grepthis#Concepts_Of_Physics_(volume_-_1)_H._C._Verma_2084/CH6/EX6.10w/6_10w.sce #
 
 
 
 
 
 
 
 mus  =
 
    0.28  
 
 muk  =
 
    0.25  
 
 M  =
 
    2.  
 
 g  =
 
    9.8  
 
 
 
 
 
 
 m1  =
 
    1.125  
 
 m2  =
 
    3.5555556  
 
 
 
 
 
 
 a  =
 
    0.2078894  
 
 
the minimum value of m for which the system remains at rest is 1.12 kg 

the maximum value of m for which the system remains at rest is 3.56 kg 

the acceleration of either block for minimum value of m and if gently pushed up the incline is 0.21 m/s^2 
 
grepthis#Concepts_Of_Physics_(volume_-_1)_H._C._Verma_2084/CH7/EX7.1/7_1.sce #
 
 
 
 
 
 
 
 v  =
 
    10.  
 
 r  =
 
    0.2  
 
 
 
 w  =
 
    50.  
 
 
the angular velocity is 50 rad/s 
 
grepthis#Concepts_Of_Physics_(volume_-_1)_H._C._Verma_2084/CH7/EX7.1w/7_1w.sce #
 
 
 
 
 
 
 
 R  =
 
    45.  
 
 mus  =
 
    2.  
 
 g  =
 
    10.  
 
 
 
 
 
 
 
 
 v  =
 
    30.  
 
 
the maximum speed the car can take on the turn without skidding is 30 m/s or 108.0 km/hr 
 
grepthis#Concepts_Of_Physics_(volume_-_1)_H._C._Verma_2084/CH7/EX7.2/7_2.sce #
 
 
 
 
 
 
 
 v1  =
 
    5.  
 
 v2  =
 
    6.  
 
 dt  =
 
    2.  
 
 r  =
 
    0.2  
 
 
 
 at  =
 
    0.5  
 
 alpha  =
 
    2.5  
 
 
the angular accleration is 2.5 rad/s^2 
 
grepthis#Concepts_Of_Physics_(volume_-_1)_H._C._Verma_2084/CH7/EX7.2w/7_2w.sce #
 
 
 
 
 
 
 
 r  =
 
    600.  
 
 v  =
 
    50.  
 
 g  =
 
    10.  
 
 
 
 
 
 
 
 
 theta  =
 
    22.619865  
 
 
the value of angle of banking is 22.62 degree 
 
grepthis#Concepts_Of_Physics_(volume_-_1)_H._C._Verma_2084/CH7/EX7.3/7_3.sce #
 
 
 
 
 
 
 
 r  =
 
    0.1  
 
 t  =
 
    4.  
 
 
 
 d  =
 
    0.6283185  
 
 v  =
 
    0.1570796  
 
 a  =
 
    0.2467401  
 
 
the linear acceleration is 0.25 m/s^2 
 
grepthis#Concepts_Of_Physics_(volume_-_1)_H._C._Verma_2084/CH7/EX7.4/7_4.sce #
 
 
 
 
 
 
 
 t  =
 
    3.  
 
 r  =
 
    0.2  
 
 
 
 
 
 v  =
 
    6.  
 
 ar  =
 
    180.  
 
WARNING: Feature derivative is obsolete.
         Please use numderivative instead.
         This feature will be permanently removed in Scilab 6.0

 at  =
 
    2.  
 
 
the value of radial acceleration is 180 m/s^2 

the value of tangential acceleration is 2 m/s^2 
 
grepthis#Concepts_Of_Physics_(volume_-_1)_H._C._Verma_2084/CH7/EX7.4w/7_4w.sce #
 
 
 
 
 
 
 
 k  =
 
    100.  
 
 l0  =
 
    0.5  
 
 m  =
 
    0.5  
 
 w  =
 
    2.  
 
 
 
 
 
 
 l  =
 
    0.0102041  
 
 
the value of elongation of the spring is 0.01 m or 1.0 cm 
 
grepthis#Concepts_Of_Physics_(volume_-_1)_H._C._Verma_2084/CH7/EX7.5/7_5.sce #
 
 
 
 
 
 
 
 r  =
 
    0.25  
 
 m  =
 
    0.1  
 
 t  =
 
    2.  
 
 
 
 v  =
 
    0.7853982  
 
 a  =
 
    2.4674011  
 
 N  =
 
    0.2467401  
 
 
the normal contact force by the side wall of the groove is 0.25 N 
 
grepthis#Concepts_Of_Physics_(volume_-_1)_H._C._Verma_2084/CH7/EX7.6/7_6.sce #
 
 
 
 
 
 
 
 r  =
 
    10.  
 
 theta  =
 
    10.  
 
 g  =
 
    9.8  
 
 
 
 v  =
 
    4.1569272  
 
 
for normal contact force providing the necessary centripetal force,the speed of vehicle on the turn is 4.16 m/s 
 
grepthis#Concepts_Of_Physics_(volume_-_1)_H._C._Verma_2084/CH7/EX7.7/7_7.sce #
 
 
 
 
 
 
 
 W  =
 
    98.  
 
 R  =
 
    6400000.  
 
 g  =
 
    9.8  
 
 
 
 m  =
 
    10.  
 
 w  =
 
    0.0000727  
 
 We  =
 
    97.661536  
 
 
the weight of the body if spring balance is shifted to the equator is 97.66 N 
 
grepthis#Concepts_Of_Physics_(volume_-_1)_H._C._Verma_2084/CH7/EX7.7w/7_7w.sce #
 
 
 
 
 
 
 
 v  =
 
    250.  
 
 r  =
 
    2000.  
 
 M  =
 
    16000.  
 
 g  =
 
    9.8  
 
 
 
 
 
 
 F  =
 
    656800.  
 
 
 the force exerted by the air,on the plane in upward direction is 6.57e+05 N 
 
grepthis#Concepts_Of_Physics_(volume_-_1)_H._C._Verma_2084/CH7/EX7.8w/7_8w.sce #
 
 
 
 
 
 
 
 L  =
 
    0.2  
 
 theta  =
 
    30.  
 
 g  =
 
    10.  
 
 
 
 
 
 
 
 
 
 w  =
 
    4.3869134  
 
 
the angular speed of rotation is 4.4 rad/s 
 
 
grepthis#Concepts_Of_Physics_(volume_-_1)_H._C._Verma_2084/CH7/EX7.10w/7_10w.sce #
 
 
 
 
 
 
 
 r  =
 
    2.  
 
 mus  =
 
    0.2  
 
 g  =
 
    10.  
 
 
 
 
 
 
 
 
 v  =
 
    10.  
 
 
the minimum speed at which floor may be removed is 10.0 m/s 
 
grepthis#Concepts_Of_Physics_(volume_-_1)_H._C._Verma_2084/CH8/EX8.1/8_1.sce #
 
 
 
 
 
 
 
 k  =
 
    50.  
 
 x  =
 
    0.01  
 
 
 
 W  =
 
    0.0025  
 
 
the work done by the spring force is 2.5e-03 J 
 
grepthis#Concepts_Of_Physics_(volume_-_1)_H._C._Verma_2084/CH8/EX8.1w/8_1w.sce #
 
 
 
 
 
 
 
 m  =
 
    20.  
 
 h  =
 
    2.  
 
 g  =
 
    9.8  
 
 
 
 W  =
 
  - 392.  
 
 
 
the work done by the porter on the suitcase is 392 J 
 
grepthis#Concepts_Of_Physics_(volume_-_1)_H._C._Verma_2084/CH8/EX8.2/8_2.sce #
 
 
 
 
 
 
 
 m  =
 
    0.02  
 
 u  =
 
    10.  
 
 g  =
 
    9.8  
 
 
 
 
 h  =
 
    5.1020408  
 
 W  =
 
  - 1.  
 
 
the work done by force by gravity is -1.0 J 
 
grepthis#Concepts_Of_Physics_(volume_-_1)_H._C._Verma_2084/CH8/EX8.2w/8_2w.sce #
 
 
 
 
 
 
 
 m  =
 
    500.  
 
 v  =
 
    0.2  
 
 g  =
 
    9.8  
 
 
 
 P  =
 
    980.  
 
 
the value of minimum horsepower of the motor to be used is 1.31 hp 
 
grepthis#Concepts_Of_Physics_(volume_-_1)_H._C._Verma_2084/CH8/EX8.3w/8_3w.sce #
 
 
 
 
 
 
 
 m  =
 
    2.  
 
 theta  =
 
    30.  
 
 a  =
 
    1.  
 
 t  =
 
    4.  
 
 g  =
 
    9.8  
 
 
 
 F  =
 
    11.8  
 
 v  =
 
    4.  
 
 P  =
 
    47.2  
 
 d  =
 
    8.  
 
 W  =
 
    94.4  
 
 pavg  =
 
    23.6  
 
 
the power delivered by the pulling force at t=4 s is 47 W 

the average power delivered by the pulling force between t=0 s to t=4 s is 23.6 W 
 
grepthis#Concepts_Of_Physics_(volume_-_1)_H._C._Verma_2084/CH8/EX8.4w/8_4w.sce #
 
 
 
 
 
 
 
 
 x1  =
 
    0.  
 
 x2  =
 
    2.  
 
 
 
 W  =
 
    21.  
 
 
the work done by the given force for the given displacement is 21 J 
 
grepthis#Concepts_Of_Physics_(volume_-_1)_H._C._Verma_2084/CH8/EX8.5/8_5.sce #
 
 
 
 
 
 
 
 v0  =
 
    3.  
 
 theta  =
 
    60.  
 
 l  =
 
    0.5  
 
 g  =
 
    10.  
 
 
 
 
 
 v1  =
 
    2.  
 
 
the speed of the pendulum of bob when it makes an angle of 60 degree with the vertical is 2 m/s 
 
grepthis#Concepts_Of_Physics_(volume_-_1)_H._C._Verma_2084/CH8/EX8.11w/8_11w.sce #
 
 
 
 
 
 
 
 hA  =
 
    1.  
 
 hB  =
 
    0.5  
 
 g  =
 
    10.  
 
 
 
 
 
 
 
 
 vB  =
 
    3.1622777  
 
 
the speed of the particle at a B point is 3.16 m/s 
 
grepthis#Concepts_Of_Physics_(volume_-_1)_H._C._Verma_2084/CH8/EX8.12w/8_12w.sce #
 
 
 
 
 
 
 
 k  =
 
    400.  
 
 m  =
 
    0.04  
 
 h  =
 
    4.9  
 
 g  =
 
    9.8  
 
 
 
 
 x  =
 
    0.098  
 
 
the maximum compression of the spring is 0.098 m or 9.8 cm 
 
grepthis#Concepts_Of_Physics_(volume_-_1)_H._C._Verma_2084/CH9/EX9.1w/9_1w.sce #
 
 
 
 
 
 
 
 m1  =
 
    0.5  
 
 m2  =
 
    1.  
 
 m3  =
 
    1.5  
 
 x1  =
 
    0.  
 
 x2  =
 
    4.  
 
 x3  =
 
    0.  
 
 y1  =
 
    0.  
 
 y2  =
 
    0.  
 
 y3  =
 
    3.  
 
 
 
 X  =
 
    1.3333333  
 
 Y  =
 
    1.5  
 
 
The centre of mass is 1.3 cm right and 1.5 cm left above the .5 kg paticle. 
 
grepthis#Concepts_Of_Physics_(volume_-_1)_H._C._Verma_2084/CH9/EX9.4/9_4.sce #
 
 
 
 
 
 
 
 m  =
 
    1.  
 
 v  =
 
    2.  
 
 k  =
 
    50.  
 
 
 
 V  =
 
    1.  
 
 ke1  =
 
    2.  
 
 ke2  =
 
    1.  
 
 x  =
 
    0.2  
 
 
the maximum compression of the string is 0.2 m 
 
grepthis#Concepts_Of_Physics_(volume_-_1)_H._C._Verma_2084/CH9/EX9.5/9_5.sce #
 
 
 
 
 
 
 
 ma  =
 
    50.  
 
 mb  =
 
    20.  
 
 va  =
 
    20.  
 
 vb  =
 
    10.  
 
 
 
 V  =
 
    11.428571  
 
 
the speed of combined mass after collision is 11.43 km/hr 
 
grepthis#Concepts_Of_Physics_(volume_-_1)_H._C._Verma_2084/CH9/EX9.6w/9_6w.sce #
 
 
 
 
 
 
 
 M  =
 
    2.5  
 
 F1  =
 
    6.  
 
 F2  =
 
    5.  
 
 F3  =
 
    6.  
 
 F4  =
 
    4.  
 
 theta1  =
 
    0.  
 
 theta2  =
 
    37.  
 
 theta3  =
 
    53.  
 
 theta4  =
 
    60.  
 
 
 
 Fx  =
 
    3.6040677  
 
 Fy  =
 
    1.6813637  
 
 F  =
 
    3.9769697  
 
 theta  =
 
    25.009914  
 
 acm  =
 
    1.5907879  
 
 
the acceleration of the centre of mass is 1.6 m/s^2 and is in the direction of the resultant force 
 
grepthis#Concepts_Of_Physics_(volume_-_1)_H._C._Verma_2084/CH9/EX9.8w/9_8w.sce #
 
 
 
 
 
 
 
 u  =
 
    100.  
 
 theta  =
 
    37.  
 
 g  =
 
    10.  
 
 
 
 xcm  =
 
    961.2617  
 
 
 
 x1  =
 
    480.63085  
 
 x2  =
 
    1121.472  
 
 
the distance of landing of heavier piece from launching point is 1121 m 
 
grepthis#Concepts_Of_Physics_(volume_-_1)_H._C._Verma_2084/CH9/EX9.9w/9_9w.sce #
 
 
 
 
 
 
 
 L  =
 
    2.2  
 
 n  =
 
    10.  
 
 
 
 
 
 X  =
 
    0.2  
 
 
distance moved by the bigger block at the instant the smaller block reaches the ground is 0.2 m 
 
grepthis#Concepts_Of_Physics_(volume_-_1)_H._C._Verma_2084/CH9/EX9.10w/9_10w.sce #
 
 
 
 
 
 
 
 m  =
 
    0.05  
 
 v  =
 
    1000.  
 
 n  =
 
    20.  
 
 t  =
 
    4.  
 
 
 
 me  =
 
    50.  
 
 f  =
 
    250.  
 
 
the average force exerted by the hero on the machine gun is 250 N 
 
grepthis#Concepts_Of_Physics_(volume_-_1)_H._C._Verma_2084/CH9/EX9.11w/9_11w.sce #
 
 
 
 
 
 
 
 vb  =
 
    20.  
 
 v1  =
 
    30.  
 
 
 
 M  =
 
    1.  
 
 v  =
 
    10.  
 
 deltake  =
 
    50.  
 
 fdeltake  =
 
    0.25  
 
 
the fractional change in the kinetic energy is 0.25 
 
 
grepthis#Concepts_Of_Physics_(volume_-_1)_H._C._Verma_2084/CH9/EX9.13w/9_13w.sce #
 
 
 
 
 
 
 
 v1  =
 
    4000.  
 
 v2  =
 
    100.  
 
 
 
 M  =
 
    1.  
 
 vdash  =
 
    3900.  
 
 V  =
 
    4020.  
 
 
the final velocity of the shuttle is 4020 km/h 
 
grepthis#Concepts_Of_Physics_(volume_-_1)_H._C._Verma_2084/CH9/EX9.14w/9_14w.sce #
 
 
 
 
 
 
 
 m1  =
 
    25.  
 
 m2  =
 
    10.  
 
 v1  =
 
    5.  
 
 
 
 v  =
 
    12.5  
 
 vsep  =
 
    17.5  
 
 
the velocity with which the board recoils is 12.5 m/s 

the velocity of separation of the boy and the board is 17.5 m/s 
 
 
grepthis#Concepts_Of_Physics_(volume_-_1)_H._C._Verma_2084/CH9/EX9.17w/9_17w.sce #
 
 
 
 
 
 
 
 mb  =
 
    0.05  
 
 mp  =
 
    0.45  
 
 h  =
 
    1.8  
 
 g  =
 
    10.  
 
 
 
 
 v  =
 
    60.  
 
 
the speed of the bullet is 60 m/s 
 
grepthis#Concepts_Of_Physics_(volume_-_1)_H._C._Verma_2084/CH9/EX9.22w/9_22w.sce #
 
 
 
 
 
 
 
 m  =
 
    1.2  
 
 v  =
 
    0.2  
 
 e  =
 
    0.6  
 
 vdash  =
 
    0.12  
 
 
 
 
 
 
 
 v1  =
 
    0.04  
 
 v2  =
 
    0.16  
 
 lke  =
 
    0.00768  
 
 
the loss of kinetic energy during the collision is 7.7e-03 J 
 
grepthis#Concepts_Of_Physics_(volume_-_1)_H._C._Verma_2084/CH10/EX10.1/10_1.sce #
 
 
 
 
 
 
 
 wzero  =
 
    10.471976  
 
 w  =
 
    0.  
 
 t  =
 
    15.  
 
 
 
 alpha  =
 
  - 0.6981317  
 
 theta  =
 
    78.539816  
 
 
the number of revolutions the motor makes before coming to rest is 12.5 
 
grepthis#Concepts_Of_Physics_(volume_-_1)_H._C._Verma_2084/CH10/EX10.1w/10_1w.sce #
 
 
 
 
 
 
 
 wzero  =
 
    0.  
 
 alpha  =
 
    2.  
 
 t  =
 
    10.  
 
 
 
 theta  =
 
    100.  
 
 n  =
 
    16.  
 
 
the number of revolutions made by the wheel is 16 
 
grepthis#Concepts_Of_Physics_(volume_-_1)_H._C._Verma_2084/CH10/EX10.2/10_2.sce #
 
 
 
 
 
 
 
 wzero  =
 
    0.  
 
 w  =
 
    41.887902  
 
 t  =
 
    5.  
 
 
 
 alpha  =
 
    8.3775804  
 
 wdash  =
 
    20.943951  
 
 t1  =
 
    2.5  
 
 
the time taken by the fan to attain half of the maximum speed is 2.5 s 
 
grepthis#Concepts_Of_Physics_(volume_-_1)_H._C._Verma_2084/CH10/EX10.2w/10_2w.sce #
 
 
 
 
 
 
 
 theta  =
 
    2.5  
 
 t  =
 
    1.  
 
 
 
 alpha  =
 
    5.  
 
 theta1  =
 
    10.  
 
 thetar  =
 
    7.5  
 
 
the angle rotated during the next second is 7.5 rad 
 
grepthis#Concepts_Of_Physics_(volume_-_1)_H._C._Verma_2084/CH10/EX10.3/10_3.sce #
 
 
 
 
 
 
 
 v  =
 
    20.  
 
 r  =
 
    10.  
 
 a  =
 
    400.  
 
 
 
 w  =
 
    2.  
 
 alpha  =
 
    40.  
 
 
the angular velocity of the pulley is 2 rad/s and angular acceleration of the pulley is 40 rad/s^2 
 
grepthis#Concepts_Of_Physics_(volume_-_1)_H._C._Verma_2084/CH10/EX10.3w/10_3w.sce #
 
 
 
 
 
 
 
 wzero  =
 
    5.2359878  
 
 w  =
 
    0.  
 
 t  =
 
    60.  
 
 I  =
 
    2.  
 
 
 
 alpha  =
 
  - 0.0872665  
 
 tau  =
 
    0.1745329  
 
 
the torque required to stop the wheel in one minute is 0.17 N-m 
 
grepthis#Concepts_Of_Physics_(volume_-_1)_H._C._Verma_2084/CH10/EX10.4w/10_4w.sce #
 
 
 
 
 
 
 
 F  =
 
    20.  
 
 I  =
 
    0.2  
 
 r  =
 
    0.2  
 
 t  =
 
    5.  
 
 wzero  =
 
    0.  
 
 
 
 tau  =
 
    4.  
 
 alpha  =
 
    20.  
 
 w  =
 
    100.  
 
 
the angular velocity of the wheel after 5 s is 100 rad/s 
 
grepthis#Concepts_Of_Physics_(volume_-_1)_H._C._Verma_2084/CH10/EX10.5/10_5.sce #
 
 
 
 
 
 
 
 r  =
 
    0.1  
 
 F  =
 
    5.  
 
 aplha  =
 
    2.  
 
 
 
 tau  =
 
    0.5  
 
 I  =
 
    0.25  
 
 
the moment of inertia of the wheel is 0.25 kg-m^2 
 
grepthis#Concepts_Of_Physics_(volume_-_1)_H._C._Verma_2084/CH10/EX10.7w/10_7w.sce #
 
 
 
 
 
 
 
 ma  =
 
    10.  
 
 mb  =
 
    15.  
 
 l  =
 
    5.  
 
 la  =
 
    2.5  
 
 
 
 
 x  =
 
    1.6666667  
 
 
the second kid should sit at a distance of 1.7 m from the centre 
 
grepthis#Concepts_Of_Physics_(volume_-_1)_H._C._Verma_2084/CH10/EX10.8w/10_8w.sce #
 
 
 
 
 
 
 
 m  =
 
    10.  
 
 theta  =
 
    53.  
 
 g  =
 
    9.8  
 
 
 
 
 
 
 
 W  =
 
    98.  
 
 N2  =
 
    98.  
 
 f  =
 
    65.025196  
 
 
the normal force that the floor exerts on the ladder is 98 N 

the frictional force that the floor exerts on the ladder is 65 N 
 
grepthis#Concepts_Of_Physics_(volume_-_1)_H._C._Verma_2084/CH10/EX10.9w/10_9w.sce #
 
 
 
 
 
 
 
 theta  =
 
    60.  
 
 m  =
 
    80.  
 
 g  =
 
    9.8  
 
 
 
 N  =
 
    392.  
 
 T  =
 
    452.64261  
 
 
the contact force exerted by the floor on each leg of ladder 392 N 

the tension in the crossbar is 452 N 
 
grepthis#Concepts_Of_Physics_(volume_-_1)_H._C._Verma_2084/CH10/EX10.12/10_12.sce #
 
 
 
 
 
 
 
 M  =
 
    0.2  
 
 vcm  =
 
    0.02  
 
 
 
 
 
 K  =
 
    0.000056  
 
 
the kinetic energy of the sphere is 5.6e-05 J 
 
grepthis#Concepts_Of_Physics_(volume_-_1)_H._C._Verma_2084/CH10/EX10.13w/10_13w.sce #
 
 
 
 
 
 
 
 M  =
 
    0.2  
 
 r  =
 
    0.04  
 
 w  =
 
    10.  
 
 
 
 I  =
 
    0.00008  
 
 K  =
 
    0.004  
 
 L  =
 
    0.0008  
 
 
the kinetic energy of the disc is 4.0e-03 J 

the angular momentum of the disc is 8.0e-04 J-s 
 
 
grepthis#Concepts_Of_Physics_(volume_-_1)_H._C._Verma_2084/CH10/EX10.14w/10_14w.sce #
 
 
 
 
 
 
 
 wzero  =
 
    20.  
 
 w  =
 
    0.  
 
 t  =
 
    4.  
 
 I  =
 
    0.2  
 
 t1  =
 
    2.  
 
 
 
 alpha  =
 
    5.  
 
 tau  =
 
    1.  
 
 theta  =
 
    30.  
 
 W  =
 
    30.  
 
 
the work done by the torque in first two seconds is 30 J 
 
grepthis#Concepts_Of_Physics_(volume_-_1)_H._C._Verma_2084/CH10/EX10.19w/10_19w.sce #
 
 
 
 
 
 
 
 m  =
 
    1.2  
 
 R  =
 
    0.1  
 
 sep  =
 
    0.5  
 
 
 
 d  =
 
    0.25  
 
 Icm  =
 
    0.0048  
 
 I  =
 
    0.0798  
 
 
 Isys  =
 
    0.1596  
 
 
the moment of inertia of the system about the axis perpendicular to the rod passing through its middle point is 0.160 kg-m^2 
 
grepthis#Concepts_Of_Physics_(volume_-_1)_H._C._Verma_2084/CH10/EX10.22w/10_22w.sce #
 
 
 
 
 
 
 
 p  =
 
    2.2  
 
 v  =
 
    2.5  
 
 
 
 r  =
 
    0.3501409  
 
 w  =
 
    7.1399833  
 
 n  =
 
    1.1363636  
 
 
the number of revolutions made by the wheel per second is 1.14 rev/s 
 
grepthis#Concepts_Of_Physics_(volume_-_1)_H._C._Verma_2084/CH11/EX11.1/11_1.sce #
 
 
 
 
 
 
 
 m1  =
 
    1.  
 
 m2  =
 
    2.  
 
 r  =
 
    0.5  
 
 G  =
 
    6.670D-11  
 
 
 
 F  =
 
    5.336D-10  
 
 a1  =
 
    5.336D-10  
 
 a2  =
 
    2.668D-10  
 
 
the initial acceleration of the particle1 towards particle2 is 5.3e-10 m/s^2 

the initial acceleration of the particle2 towards particle1 is 2.7e-10 m/s^2 
 
grepthis#Concepts_Of_Physics_(volume_-_1)_H._C._Verma_2084/CH11/EX11.2/11_2.sce #
 
 
 
 
 
 
 
 m1  =
 
    0.1  
 
 r  =
 
    0.2  
 
 G  =
 
    6.670D-11  
 
 
 
 
 U  =
 
  - 1.001D-11  
 
 
the work done in bringing three particles is -1.0e-11 J 
 
grepthis#Concepts_Of_Physics_(volume_-_1)_H._C._Verma_2084/CH11/EX11.2w/11_2w.sce #
 
 
 
 
 
 
 
 Me  =
 
    6.000D+24  
 
 Mm  =
 
    7.400D+22  
 
 d  =
 
    4.000D+08  
 
 
 
 
 
 
 
 
 x  =
 
    3.600D+08  
 
 
the distance from the earth surface where resultant gravitational field due to the earth and the moon is zero is 3.6e+05 km 
 
grepthis#Concepts_Of_Physics_(volume_-_1)_H._C._Verma_2084/CH11/EX11.4/11_4.sce #
 
 
 
 
 
 
 
 F  =
 
    2.  
 
 m  =
 
    0.05  
 
 
 
 E  =
 
    40.  
 
 
the gravitational field along the direction of force is 40 N/kg 
 
grepthis#Concepts_Of_Physics_(volume_-_1)_H._C._Verma_2084/CH11/EX11.4w/11_4w.sce #
 
 
 
 
 
 
 
 mA  =
 
    1.  
 
 mB  =
 
    2.  
 
 R  =
 
    1.  
 
 vB  =
 
    0.00001  
 
 G  =
 
    6.670D-11  
 
 
 
 v  =
 
    0.00002  
 
 U1  =
 
  - 1.334D-10  
 
 d  =
 
    0.3077988  
 
 
the speed of particle A is 2.0e-05 m/s 

the separation between the particles under mutual attraction is 0.31 m 
 
grepthis#Concepts_Of_Physics_(volume_-_1)_H._C._Verma_2084/CH11/EX11.5w/11_5w.sce #
 
 
 
 
 
 
 
 
 Ex  =
 
    10.  
 
 Ey  =
 
    10.  
 
 m  =
 
    2.  
 
 x0  =
 
    0.  
 
 x1  =
 
    5.  
 
 y0  =
 
    0.  
 
 y1  =
 
    4.  
 
 
 
 
 
 
 
 
 W1  =
 
    100.  
 
 W2  =
 
    80.  
 
 W  =
 
    180.  
 
 
the work done by the external agent is -180 J 
 
grepthis#Concepts_Of_Physics_(volume_-_1)_H._C._Verma_2084/CH11/EX11.7/11_7.sce #
 
 
 
 
 
 
 
 M  =
 
    7.360D+22  
 
 G  =
 
    6.670D-11  
 
 a  =
 
    1740000.  
 
 
 
 E  =
 
    1.6214559  
 
 
the gravitational field due to the moon at its surface is 1.62 N/kg 
 
grepthis#Concepts_Of_Physics_(volume_-_1)_H._C._Verma_2084/CH11/EX11.8/11_8.sce #
 
 
 
 
 
 
 
 h  =
 
    5000.  
 
 R  =
 
    6400000.  
 
 g0  =
 
    9.8  
 
 d  =
 
    5000.  
 
 
 
 gh  =
 
    9.7846875  
 
 gd  =
 
    9.7923438  
 
 
the value of gravitational acceleration at height 5 km above the earth surface is 9.78 m/s^2 

the value of gravitational acceleration at depth 5 km below the earth surface is 9.79 m/s^2 
 
grepthis#Concepts_Of_Physics_(volume_-_1)_H._C._Verma_2084/CH11/EX11.9/11_9.sce #
 
 
 
 
 
 
 
 h  =
 
    600000.  
 
 M  =
 
    6.000D+24  
 
 R  =
 
    6400000.  
 
 G  =
 
    6.670D-11  
 
 
 
 a  =
 
    7000000.  
 
 v  =
 
    7561.179  
 
 T  =
 
    5816.857  
 
 
the speed of the satellite is 7.6e+03 m/s or 7.6 km/s 

the time period of the satellite is 5.8e+03 s 
 
grepthis#Concepts_Of_Physics_(volume_-_1)_H._C._Verma_2084/CH11/EX11.9w/11_9w.sce #
 
 
 
 
 
 
 
 v0  =
 
    9800.  
 
 R  =
 
    6400000.  
 
 g  =
 
    9.8  
 
 
 
 
 
 H  =
 
    20906667.  
 
 
the maximum height attained by the particle is 20906 km 
 
grepthis#Concepts_Of_Physics_(volume_-_1)_H._C._Verma_2084/CH11/EX11.10/11_10.sce #
 
 
 
 
 
 
 
 M  =
 
    7.400D+22  
 
 R  =
 
    1740000.  
 
 G  =
 
    6.670D-11  
 
 
 
 v  =
 
    2381.876  
 
 
the escape velocity from the moon is 2.4 km/s 
 
grepthis#Concepts_Of_Physics_(volume_-_1)_H._C._Verma_2084/CH11/EX11.10w/11_10w.sce #
 
 
 
 
 
 
 
 d  =
 
    0.01  
 
 R  =
 
    6400000.  
 
 h  =
 
    800000.  
 
 
 
 
 
 
 
 
 x  =
 
    0.0079012  
 
 
the stretch produced in the spring is 0.79 cm 
 
grepthis#Concepts_Of_Physics_(volume_-_1)_H._C._Verma_2084/CH11/EX11.11w/11_11w.sce #
 
 
 
 
 
 
 
 t  =
 
    2.  
 
 g  =
 
    9.8  
 
 G  =
 
    6.670D-11  
 
 w  =
 
    0.0000727  
 
 R  =
 
    6400000.  
 
 
 
 
 
 
 
 tdash  =
 
    2.0034537  
 
 
the value of time period of the pendulum if used at the equator is 2.0035 s 
 
grepthis#Concepts_Of_Physics_(volume_-_1)_H._C._Verma_2084/CH11/EX11.12w/11_12w.sce #
 
 
 
 
 
 
 
 r  =
 
    8000000.  
 
 R  =
 
    6400000.  
 
 g  =
 
    9.8  
 
 
 
 
 
 v  =
 
    7083.502  
 
 t  =
 
    7096.1345  
 
 
the speed of projection of the satellite into the orbit is 7.08 km/s 

the time period of the satellite in the orbit is 118 minutes 
 
grepthis#Concepts_Of_Physics_(volume_-_1)_H._C._Verma_2084/CH11/EX11.13w/11_13w.sce #
 
 
 
 
 
 
 
 T1  =
 
    1.  
 
 T2  =
 
    8.  
 
 R1  =
 
    10000.  
 
 
 
 
 
 R2  =
 
    40000.  
 
 v1  =
 
    62831.853  
 
 v2  =
 
    31415.927  
 
 v  =
 
    31415.927  
 
 w  =
 
    1.0471976  
 
 
the speed of the satellite S2 with respect to the satellite S1 is 3.1e+04 km/h 

the angular speed of the satellite S2 as observed by an astronaut in the satellite S1 is 1.05 rad/h 
 
grepthis#Concepts_Of_Physics_(volume_-_1)_H._C._Verma_2084/CH12/EX12.1/12_1.sce #
 
 
 
 
 
 
 
 F  =
 
    4.  
 
 x  =
 
    0.05  
 
 
 
 k  =
 
    80.  
 
 
the value of spring constant is 80 N/m 
 
grepthis#Concepts_Of_Physics_(volume_-_1)_H._C._Verma_2084/CH12/EX12.1w/12_1w.sce #
 
 
 
 
 
 
 
 
 
 
 A  =
 
    5.  
 
 w  =
 
    3.1415927  
 
 T  =
 
    2.  
 
 vmax  =
 
    15.707963  
 
 v  =
 
  - 7.8539816  
 
 
the amplitude is 5 m 

the time period is 2 s 

the maximum speed is 15.71 m/s 

the velocity at time t=1 s is -7.85 m/s 
 
 
grepthis#Concepts_Of_Physics_(volume_-_1)_H._C._Verma_2084/CH12/EX12.2/12_2.sce #
 
 
 
 
 
 
 
 m  =
 
    0.5  
 
 
 v  =
 
    10.  
 
 
 
 E  =
 
    25.  
 
 
 A  =
 
    1.  
 
 
the amplitude of the motion is 1 m 
 
grepthis#Concepts_Of_Physics_(volume_-_1)_H._C._Verma_2084/CH12/EX12.2w/12_2w.sce #
 
 
 
 
 
 
 
 m  =
 
    5.  
 
 A  =
 
    0.1  
 
 T  =
 
    3.14  
 
 
 
 w  =
 
    2.0010144  
 
 k  =
 
    20.020294  
 
 F  =
 
    2.0020294  
 
 
the maximum force exerted by the spring on the block is 2 N 
 
grepthis#Concepts_Of_Physics_(volume_-_1)_H._C._Verma_2084/CH12/EX12.3/12_3.sce #
 
 
 
 
 
 
 
 m  =
 
    0.2  
 
 k  =
 
    80.  
 
 
 
 T  =
 
    0.3141593  
 
 
the time period of oscillation of the particle is 0.31 s 
 
grepthis#Concepts_Of_Physics_(volume_-_1)_H._C._Verma_2084/CH12/EX12.3w/12_3w.sce #
 
 
 
 
 
 
 
 w  =
 
    6.28  
 
 A  =
 
    0.1  
 
 x  =
 
    0.06  
 
 t  =
 
    0.1666667  
 
 
 
 T  =
 
    1.0005072  
 
 vmax  =
 
    0.628  
 
 amax  =
 
    3.94384  
 
 vx  =
 
    0.5024  
 
 vt  =
 
  - 0.5436972  
 
 
the time period is 1 s 

the maximum speed is 0.628 m/s 

the maximum acceleration is 4 m/s^2 

the speed for displacement x=6 cm from mean position is 50.2 cm/s 

the speed at time t= 1/6 s is -54.4 cm/s 
 
grepthis#Concepts_Of_Physics_(volume_-_1)_H._C._Verma_2084/CH12/EX12.4/12_4.sce #
 
 
 
 
 
 
 
 
 
 
 
 
 delta  =
 
    30.  
 
 delta1  =
 
    150.  
 
 
 
 m1  =
 
    0.8660254  
 
 m2  =
 
  - 0.8660254  
 
 deltaf  =
 
    30.  
 
 
the value of phase constant is 30 degree 
 
grepthis#Concepts_Of_Physics_(volume_-_1)_H._C._Verma_2084/CH12/EX12.5/12_5.sce #
 
 
 
 
 
 
 
 m  =
 
    0.04  
 
 A  =
 
    0.02  
 
 T  =
 
    0.2  
 
 
 
 E  =
 
    0.0078957  
 
 
the total mechanical energy of the system is 7.9e-03 J 
 
grepthis#Concepts_Of_Physics_(volume_-_1)_H._C._Verma_2084/CH12/EX12.6/12_6.sce #
 
 
 
 
 
 
 
 theta0  =
 
    0.3141593  
 
 theta  =
 
    0.3141593  
 
 T  =
 
    0.05  
 
 
 
 
 w  =
 
    125.66371  
 
 delta  =
 
    90.  
 
 
equation giving angular displacement as a function of time is 
  theta = (0.31 rad)*sin[(125.66 s^-1)t + 90] 
 
grepthis#Concepts_Of_Physics_(volume_-_1)_H._C._Verma_2084/CH12/EX12.6w/12_6w.sce #
 
 
 
 
 
 
 
 nu  =
 
    10.  
 
 l  =
 
    0.002  
 
 g  =
 
    9.8696044  
 
 
 
 
 
 
 w  =
 
    62.831853  
 
 A  =
 
    0.0025  
 
 vmax  =
 
    0.1570796  
 
 x  =
 
    0.0005  
 
 v  =
 
    0.1539060  
 
 
the maximum speed of the block is 15.71 cm/s 

the speed when the spring is stretched by 0.20 cm is 15.4 cm/s 
 
grepthis#Concepts_Of_Physics_(volume_-_1)_H._C._Verma_2084/CH12/EX12.7/12_7.sce #
 
 
 
 
 
 
 
 g  =
 
    9.8696044  
 
 l  =
 
    1.  
 
 
 
 T  =
 
    2.  
 
 
the time period of the pendulum is 2.0 s 
 
grepthis#Concepts_Of_Physics_(volume_-_1)_H._C._Verma_2084/CH12/EX12.8/12_8.sce #
 
 
 
 
 
 
 
 t  =
 
    36.  
 
 n  =
 
    20.  
 
 l  =
 
    0.8  
 
 
 
 T  =
 
    1.8  
 
 g  =
 
    9.7477574  
 
 
the value of the acceleration due to gravity is 9.75 m/s^2 
 
grepthis#Concepts_Of_Physics_(volume_-_1)_H._C._Verma_2084/CH12/EX12.9/12_9.sce #
 
 
 
 
 
 
 
 L  =
 
    1.  
 
 g  =
 
    9.8  
 
 
 
 
 
 T  =
 
    1.6387821  
 
 
the time period of oscillation is 1.64 s 
 
grepthis#Concepts_Of_Physics_(volume_-_1)_H._C._Verma_2084/CH12/EX12.10/12_10.sce #
 
 
 
 
 
 
 
 m  =
 
    0.2  
 
 r  =
 
    0.05  
 
 T  =
 
    0.2  
 
 
 
 I  =
 
    0.00025  
 
 k  =
 
    0.2467401  
 
 
the value of torsional constant of the wire is 0.25 kg-m^2/s^2 
 
grepthis#Concepts_Of_Physics_(volume_-_1)_H._C._Verma_2084/CH12/EX12.11/12_11.sce #
 
 
 
 
 
 
 
 
 
 A1  =
 
    2.  
 
 A2  =
 
    2.  
 
 delta  =
 
    60.  
 
 
 
 A  =
 
    3.4641016  
 
 
the amplitude of the simple harmonic motion is 3.5 cm 
 
grepthis#Concepts_Of_Physics_(volume_-_1)_H._C._Verma_2084/CH12/EX12.14w/12_14w.sce #
 
 
 
 
 
 
 
 l  =
 
    0.4  
 
 theta  =
 
    0.04  
 
 theta1  =
 
    0.02  
 
 g  =
 
    10.  
 
 t  =
 
    5.  
 
 
 
 w  =
 
    5.  
 
 T  =
 
    1.2566371  
 
 A  =
 
    0.016  
 
 ohm  =
 
    0.1732051  
 
 v  =
 
    0.0692820  
 
 alpha  =
 
    1.  
 
 
the time period of the pendululum is 1.26 s 

the linear amplitude of the pendulum is 1.6 cm 

the linear speed of the pendulum at displacement of 0.02 rad is 6.9 cm/s 

the angular acceleration of the pendulum is 1 rad s^-2 
 
grepthis#Concepts_Of_Physics_(volume_-_1)_H._C._Verma_2084/CH12/EX12.16w/12_16w.sce #
 
 
 
 
 
 
 
 
 g  =
 
    9.8696044  
 
 l  =
 
    1.  
 
 
 
 
 
 gdash  =
 
    2.4674011  
 
 T  =
 
    4.  
 
 
The time period of small oscillations is 4 s 
 
grepthis#Concepts_Of_Physics_(volume_-_1)_H._C._Verma_2084/CH12/EX12.18w/12_18w.sce #
 
 
 
 
 
 
 
 l  =
 
    1.  
 
 d  =
 
    0.4  
 
 g  =
 
    10.  
 
 
 
 
 
 
 T  =
 
    1.5497109  
 
 
the time period of small oscillation about the point of suspension is 1.55 s 
 
grepthis#Concepts_Of_Physics_(volume_-_1)_H._C._Verma_2084/CH12/EX12.19w/12_19w.sce #
 
 
 
 
 
 
 
 I  =
 
    0.2  
 
 T  =
 
    2.  
 
 T1  =
 
    2.5  
 
 
 
 
 I1  =
 
    0.1125  
 
 
the moment of inertia of the second disc about the wire is 0.11 kg-m^2 
 
grepthis#Concepts_Of_Physics_(volume_-_1)_H._C._Verma_2084/CH12/EX12.22w/12_22w.sce #
 
 
 
 
 
 
 
 
 
 
 
 
 
 delta  =
 
    120.  
 
 
the phase difference between the individual motions is 120 degree 
 
grepthis#Concepts_Of_Physics_(volume_-_1)_H._C._Verma_2084/CH13/EX13.1/13_1.sce #
 
 
 
 
 
 
 
 h  =
 
    0.2  
 
 r  =
 
    0.1  
 
 P0  =
 
    101000.  
 
 rho  =
 
    1000.  
 
 g  =
 
    10.  
 
 
 
 P  =
 
    103000.  
 
 A  =
 
    0.0314159  
 
 F  =
 
    3235.8404  
 
 
the force exerted by the water on the bottom is 3235 N 
 
grepthis#Concepts_Of_Physics_(volume_-_1)_H._C._Verma_2084/CH13/EX13.1w/13_1w.sce #
 
 
 
 
 
 
 
 h  =
 
    0.1  
 
 r  =
 
    0.04  
 
 g  =
 
    10.  
 
 P0  =
 
    100000.  
 
 rho  =
 
    13600.  
 
 
 
 P  =
 
    113600.  
 
 A  =
 
    0.0050265  
 
 F  =
 
    571.01588  
 
 
the force exerted by the mercury on the bottom of the beaker is 571 N 
 
grepthis#Concepts_Of_Physics_(volume_-_1)_H._C._Verma_2084/CH13/EX13.2/13_2.sce #
 
 
 
 
 
 
 
 m  =
 
    0.7  
 
 l  =
 
    0.1  
 
 rho  =
 
    1000.  
 
 
 
 V  =
 
    0.0007  
 
 Vtotal  =
 
    0.001  
 
 Vout  =
 
    0.0003  
 
 
the volume of the cube outside the water is 300 cm^3 
 
grepthis#Concepts_Of_Physics_(volume_-_1)_H._C._Verma_2084/CH13/EX13.2w/13_2w.sce #
 
 
 
 
 
 
 
 P0  =
 
    100000.  
 
 rho  =
 
    1.3  
 
 g  =
 
    9.8  
 
 
 
 h  =
 
    7849.2936  
 
 
the height of the atmosphere to exert the same pressure as at the surface of the earth is 7849 m 
 
grepthis#Concepts_Of_Physics_(volume_-_1)_H._C._Verma_2084/CH13/EX13.3/13_3.sce #
 
 
 
 
 
 
 
 A1  =
 
    0.0001  
 
 A2  =
 
    0.00002  
 
 v1  =
 
    2.  
 
 
 
 v2  =
 
    10.  
 
 
the speed of the outgoing liquid is 10 cm/s 
 
grepthis#Concepts_Of_Physics_(volume_-_1)_H._C._Verma_2084/CH13/EX13.3w/13_3w.sce #
 
 
 
 
 
 
 
 h1  =
 
    0.02  
 
 s  =
 
    13.6  
 
 
 
 
 h  =
 
    0.272  
 
 
the height of the water coloumn is 27 cm 
 
grepthis#Concepts_Of_Physics_(volume_-_1)_H._C._Verma_2084/CH13/EX13.4/13_4.sce #
 
 
 
 
 
 
 
 A1  =
 
    0.0001  
 
 A2  =
 
    0.00002  
 
 v1  =
 
    0.1  
 
 rho  =
 
    1200.  
 
 
 
 v2  =
 
    0.5  
 
 
 deltaP  =
 
    144.  
 
 
the difference in the pressures at A and B point is 144 Pa 
 
grepthis#Concepts_Of_Physics_(volume_-_1)_H._C._Verma_2084/CH13/EX13.5/13_5.sce #
 
 
 
 
 
 
 
 h  =
 
    6.  
 
 g  =
 
    9.8  
 
 
 
 v  =
 
    10.844353  
 
 
the speed of the water coming out of the tap is 11 m/s 
 
grepthis#Concepts_Of_Physics_(volume_-_1)_H._C._Verma_2084/CH13/EX13.5w/13_5w.sce #
 
 
 
 
 
 
 
 A1  =
 
    0.0001  
 
 A2  =
 
    0.001  
 
 f  =
 
    5.  
 
 
 
 
 F  =
 
    50.  
 
 
the force applied on the water in the thicker arm is 50 N 
 
grepthis#Concepts_Of_Physics_(volume_-_1)_H._C._Verma_2084/CH13/EX13.6w/13_6w.sce #
 
 
 
 
 
 
 
 m  =
 
    0.01  
 
 l  =
 
    0.01  
 
 g  =
 
    10.  
 
 rho  =
 
    9000.  
 
 rho0  =
 
    1000.  
 
 
 
 k  =
 
    10.  
 
 V  =
 
    0.0000011  
 
 Fb  =
 
    0.0111111  
 
 x  =
 
    0.0088889  
 
 
the elongation of the spring is 0.89 cm 
 
grepthis#Concepts_Of_Physics_(volume_-_1)_H._C._Verma_2084/CH13/EX13.7w/13_7w.sce #
 
 
 
 
 
 
 
 l  =
 
    0.03  
 
 rho  =
 
    800.  
 
 k  =
 
    50.  
 
 g  =
 
    10.  
 
 rho0  =
 
    1000.  
 
 
 
 s  =
 
    0.8  
 
 hin  =
 
    0.024  
 
 hout  =
 
    0.006  
 
 V  =
 
    0.000027  
 
 Fb  =
 
    0.27  
 
 Fs  =
 
    0.3  
 
 Wdash  =
 
    0.216  
 
 W  =
 
    0.354  
 
 
the maximum weight that can be put on the block without wetting it is 0.35 N 
 
grepthis#Concepts_Of_Physics_(volume_-_1)_H._C._Verma_2084/CH13/EX13.8w/13_8w.sce #
 
 
 
 
 
 
 
 l  =
 
    1.  
 
 h  =
 
    0.5  
 
 s  =
 
    0.5  
 
 
 
 
 
 
 
 theta  =
 
    45.  
 
 
the angle that the plank makes with the vertical in equilibrium is 45 degree 
 
grepthis#Concepts_Of_Physics_(volume_-_1)_H._C._Verma_2084/CH13/EX13.10w/13_10w.sce #
 
 
 
 
 
 
 
 A1  =
 
    30.  
 
 A2  =
 
    15.  
 
 deltaP  =
 
    600.  
 
 rho0  =
 
    1000.  
 
 
 
 r  =
 
    2.  
 
 
 
 
 vA  =
 
    0.6324555  
 
 Rflow  =
 
    18.973666  
 
 
the rate of water flow through the tube is 1897 cm^3/s 
 
grepthis#Concepts_Of_Physics_(volume_-_1)_H._C._Verma_2084/CH13/EX13.11w/13_11w.sce #
 
 
 
 
 
 
 
 AA  =
 
    0.5  
 
 AB  =
 
    0.0001  
 
 m  =
 
    20.  
 
 h  =
 
    0.5  
 
 g  =
 
    10.  
 
 rho  =
 
    1000.  
 
 
 
 
 r  =
 
    400.  
 
 
 
 
 vB  =
 
    3.2863353  
 
 
the velocity of the water coming out of the opening is 3.3 m/s 
 
grepthis#Concepts_Of_Physics_(volume_-_1)_H._C._Verma_2084/CH14/EX14.1/14_1.sce #
 
 
 
 
 
 
 
 m  =
 
    4.  
 
 r  =
 
    0.002  
 
 g  =
 
    9.7389372  
 
 
 
 F  =
 
    38.955749  
 
 A  =
 
    0.0000126  
 
 St  =
 
    3100000.  
 
 
the tensile stress developed in the wire is 3.1e+06 N/m^2 
 
grepthis#Concepts_Of_Physics_(volume_-_1)_H._C._Verma_2084/CH14/EX14.1w/14_1w.sce #
 
 
 
 
 
 
 
 L  =
 
    2.  
 
 A  =
 
    0.00002  
 
 m  =
 
    4.8  
 
 Y  =
 
    2.000D+11  
 
 g  =
 
    10.  
 
 
 
 T  =
 
    48.  
 
 l  =
 
    0.000024  
 
 
the extension of the wire is 2.4e-05 m 
 
grepthis#Concepts_Of_Physics_(volume_-_1)_H._C._Verma_2084/CH14/EX14.2/14_2.sce #
 
 
 
 
 
 
 
 m  =
 
    4.  
 
 l  =
 
    20.  
 
 r  =
 
    0.002  
 
 dl  =
 
    0.000031  
 
 g  =
 
    9.7389372  
 
 
 
 Ssl  =
 
    3100000.  
 
 Stl  =
 
    0.0000015  
 
 Y  =
 
    2.000D+12  
 
 
the value of Young modulus is 2.0e+12 N/m^2 
 
grepthis#Concepts_Of_Physics_(volume_-_1)_H._C._Verma_2084/CH14/EX14.2w/14_2w.sce #
 
 
 
 
 
 
 
 L  =
 
    4.5  
 
 d  =
 
    0.006  
 
 T  =
 
    100.  
 
 Y  =
 
    4.800D+11  
 
 Pr  =
 
    0.2  
 
 
 
 A  =
 
    0.0000283  
 
 l  =
 
    0.0000332  
 
 deltad  =
 
    8.842D-09  
 
 
the elongation of the rope is 3.32e-05 m 

the corresponding change in the diameter is 8.8e-09 m 
 
grepthis#Concepts_Of_Physics_(volume_-_1)_H._C._Verma_2084/CH14/EX14.3/14_3.sce #
 
 
 
 
 
 
 
 l  =
 
    2.  
 
 A  =
 
    0.000004  
 
 dl  =
 
    0.002  
 
 Y  =
 
    2.000D+11  
 
 
 
 St  =
 
    0.001  
 
 Ss  =
 
    2.000D+08  
 
 V  =
 
    0.000008  
 
 U  =
 
    0.8  
 
 
the elastic potential energy stored in the stretched steel wire is 0.8 J 
 
grepthis#Concepts_Of_Physics_(volume_-_1)_H._C._Verma_2084/CH14/EX14.3w/14_3w.sce #
 
 
 
 
 
 
 
 m1  =
 
    1.  
 
 m2  =
 
    2.  
 
 Ss  =
 
    2.000D+09  
 
 g  =
 
    10.  
 
 
 
 
 
 
 
 a  =
 
    3.3333333  
 
 T  =
 
    13.333333  
 
 r  =
 
    0.0000461  
 
 
the minimum radius of the wire used if it is not to break is 4.6e-05 m 
 
grepthis#Concepts_Of_Physics_(volume_-_1)_H._C._Verma_2084/CH14/EX14.4/14_4.sce #
 
 
 
 
 
 
 
 r  =
 
    0.05  
 
 S  =
 
    0.075  
 
 
 
 l  =
 
    0.1  
 
 F  =
 
    0.0075  
 
 
the force by which the surface on one side of the diameter pulls the suface on the other side is 7.5e-03 N 
 
grepthis#Concepts_Of_Physics_(volume_-_1)_H._C._Verma_2084/CH14/EX14.4w/14_4w.sce #
 
 
 
 
 
 
 
 Ys  =
 
    2.000D+11  
 
 Yc  =
 
    1.100D+11  
 
 
 
 
 r  =
 
    1.8181818  
 
 
the ratio of the lengths of the two wire(Ls/Lc) is 1.818182:1 
 
grepthis#Concepts_Of_Physics_(volume_-_1)_H._C._Verma_2084/CH14/EX14.5/14_5.sce #
 
 
 
 
 
 
 
 R  =
 
    0.01  
 
 n  =
 
    1000.  
 
 S  =
 
    0.075  
 
 
 
 
 r  =
 
    0.001  
 
 A1  =
 
    0.0012566  
 
 A2  =
 
    0.0125664  
 
 deltaA  =
 
    0.0113097  
 
 deltaU  =
 
    0.0008482  
 
 
the gain in the surface energy is 8.5e-04 J 
 
grepthis#Concepts_Of_Physics_(volume_-_1)_H._C._Verma_2084/CH14/EX14.5w/14_5w.sce #
 
 
 
 
 
 
 
 V1  =
 
    0.001  
 
 P1  =
 
    100000.  
 
 P2  =
 
    1000000.  
 
 C  =
 
    5.000D-10  
 
 
 
 deltap  =
 
    900000.  
 
 
 deltaV  =
 
  - 0.0000004  
 
 
the decrease in the volume of the sample of water is 0.45 cm^3 
 
grepthis#Concepts_Of_Physics_(volume_-_1)_H._C._Verma_2084/CH14/EX14.6/14_6.sce #
 
 
 
 
 
 
 
 R  =
 
    0.002  
 
 S  =
 
    0.464  
 
 
 
 deltaP  =
 
    464.  
 
 
the excess pressure inside a mercury drop is 464 N/m^2 
 
grepthis#Concepts_Of_Physics_(volume_-_1)_H._C._Verma_2084/CH14/EX14.6w/14_6w.sce #
 
 
 
 
 
 
 
 m1  =
 
    1.  
 
 m2  =
 
    2.  
 
 A  =
 
    0.0000005  
 
 Y  =
 
    2.000D+11  
 
 g  =
 
    10.  
 
 
 
 T1  =
 
    10.  
 
 Ss1  =
 
    20000000.  
 
 St1  =
 
    0.0001  
 
 T2  =
 
    30.  
 
 Ss2  =
 
    60000000.  
 
 St2  =
 
    0.0003  
 
 
the longitudinal strain in wire 1 is 1.0e-04 

the longitudinal strain in wire 2 is 3.0e-04 
 
grepthis#Concepts_Of_Physics_(volume_-_1)_H._C._Verma_2084/CH14/EX14.7/14_7.sce #
 
 
 
 
 
 
 
 h  =
 
    0.0002  
 
 R  =
 
    0.0075  
 
 S  =
 
    0.03  
 
 g  =
 
    9.8  
 
 
 
 deltaP  =
 
    16.  
 
 rho  =
 
    8163.2653  
 
 
the density of the liquid is 8.2e+03 kg/m^3 
 
grepthis#Concepts_Of_Physics_(volume_-_1)_H._C._Verma_2084/CH14/EX14.7w/14_7w.sce #
 
 
 
 
 
 
 
 m  =
 
    3.  
 
 A  =
 
    0.0000005  
 
 Y  =
 
    2.000D+11  
 
 g  =
 
    10.  
 
 
 
 
 
 
 
 
 a  =
 
    3.3333333  
 
 TA  =
 
    10.  
 
 TB  =
 
    20.  
 
 StA  =
 
    0.0001  
 
 StB  =
 
    0.0002  
 
 
the longitudinal strain developed in wire A is 1.0e-04 

the longitudinal strain developed in wire B is 2.0e-04 
 
grepthis#Concepts_Of_Physics_(volume_-_1)_H._C._Verma_2084/CH14/EX14.8/14_8.sce #
 
 
 
 
 
 
 
 r  =
 
    0.0002  
 
 S  =
 
    0.075  
 
 g  =
 
    10.  
 
 rho  =
 
    1000.  
 
 theta  =
 
    0.  
 
 
 
 h  =
 
    0.075  
 
 
the height of the water in the column is 7.5 cm 
 
grepthis#Concepts_Of_Physics_(volume_-_1)_H._C._Verma_2084/CH14/EX14.8w/14_8w.sce #
 
 
 
 
 
 
 
 A  =
 
    0.000003  
 
 l  =
 
    0.5  
 
 m  =
 
    2.1  
 
 Y  =
 
    1.900D+11  
 
 g  =
 
    10.  
 
 
 
 V  =
 
    0.0000015  
 
 T  =
 
    21.  
 
 Ss  =
 
    7000000.  
 
 St  =
 
    0.0000368  
 
 U  =
 
    0.0001934  
 
 
the elastic potential energy stored in the wire is 1.9e-04 J 
 
grepthis#Concepts_Of_Physics_(volume_-_1)_H._C._Verma_2084/CH14/EX14.9/14_9.sce #
 
 
 
 
 
 
 
 d  =
 
    0.002  
 
 sigma  =
 
    1750.  
 
 v  =
 
    0.0035  
 
 g  =
 
    9.8  
 
 
 
 r  =
 
    0.001  
 
 
 
 
 eta  =
 
    1.0888889  
 
 
the value of the coefficient of viscosity of the solution is 11 poise 
 
grepthis#Concepts_Of_Physics_(volume_-_1)_H._C._Verma_2084/CH14/EX14.9w/14_9w.sce #
 
 
 
 
 
 
 
 W  =
 
    10.  
 
 A  =
 
    0.000003  
 
 r  =
 
    0.2  
 
 v  =
 
    2.  
 
 Y  =
 
    2.000D+11  
 
 g  =
 
    10.  
 
 
 
 m  =
 
    1.  
 
 T  =
 
    30.  
 
 L  =
 
    0.2  
 
 l  =
 
    0.00001  
 
 
the elongation of the wire is 1.0e-03 cm 
 
grepthis#Concepts_Of_Physics_(volume_-_1)_H._C._Verma_2084/CH14/EX14.11w/14_11w.sce #
 
 
 
 
 
 
 
 r  =
 
    0.001  
 
 S  =
 
    0.075  
 
 rho  =
 
    1000.  
 
 h  =
 
    0.1  
 
 g  =
 
    9.8  
 
 
 
 
 
 
 deltaP  =
 
    1130.  
 
 
the pressure inside the bubble is greater than the atmospheric pressure by 1130 Pa 
 
grepthis#Concepts_Of_Physics_(volume_-_1)_H._C._Verma_2084/CH14/EX14.12w/14_12w.sce #
 
 
 
 
 
 
 
 l  =
 
    0.1  
 
 
 S  =
 
    0.025  
 
 g  =
 
    10.  
 
 
 
 F  =
 
    0.005  
 
 m  =
 
    0.0005  
 
 
the load W suspended from wire to keep it in equilibrium should be 5.0e-03 N 

the mass of the load suspended from wire to keep it in equilibrium should be 5.0e-04 kg or 0.5 g 
 
grepthis#Concepts_Of_Physics_(volume_-_1)_H._C._Verma_2084/CH14/EX14.13w/14_13w.sce #
 
 
 
 
 
 
 
 h  =
 
    0.075  
 
 S  =
 
    0.075  
 
 theta  =
 
    0.  
 
 g  =
 
    10.  
 
 rho  =
 
    1000.  
 
 
 
 r  =
 
    0.0002  
 
 
the radius of the capillary tube is 0.2 mm 
 
grepthis#Concepts_Of_Physics_(volume_-_1)_H._C._Verma_2084/CH14/EX14.15w/14_15w.sce #
 
 
 
 
 
 
 
 A  =
 
    10.  
 
 v  =
 
    2.  
 
 d  =
 
    1.  
 
 
 eta  =
 
    0.001  
 
 
 
 dvbydx  =
 
    2.  
 
 F  =
 
    0.02  
 
 
the tangential force needed to keep the plate moving is 0.02 N 
 
grepthis#Concepts_Of_Physics_(volume_-_1)_H._C._Verma_2084/CH14/EX14.16w/14_16w.sce #
 
 
 
 
 
 
 
 v  =
 
    5.  
 
 d  =
 
    5.  
 
 
 eta  =
 
    0.001  
 
 
 
 dvbydx  =
 
    1.  
 
 
 
 Ss  =
 
    0.001  
 
 
the shearing stress between the horizontal layers of water is 1.0e-03 N/m^2 
 
grepthis#Concepts_Of_Physics_(volume_-_1)_H._C._Verma_2084/CH14/EX14.17w/14_17w.sce #
 
 
 
 
 
 
 
 r  =
 
    0.00001  
 
 eta  =
 
    0.000018  
 
 rho  =
 
    1.2  
 
 rho0  =
 
    1000.  
 
 g  =
 
    10.  
 
 
 
 
 v  =
 
    0.0123457  
 
 
the terminal velocity of the rain drop is 1.2 cm/s^2 
 
grepthis#Concepts_Of_Physics_(volume_-_1)_H._C._Verma_2084/CH15/EX15.1/15_1.sce #
 
 
 
 
 
 
 
 
 y0  =
 
    0.004  
 
 T  =
 
    1.  
 
 lambda  =
 
    0.04  
 
 
 
 v  =
 
    0.04  
 
 
 
 
the velocity of the wave is 4 cm/s 

the function f(t) giving displacement is...................f(t) = y0*exp-((t/T)^2) 

the function g(x) giving shape of the string at t=0 is.....g(x) = y0*exp-((x/lambda)^2) 
 
grepthis#Concepts_Of_Physics_(volume_-_1)_H._C._Verma_2084/CH15/EX15.1w/15_1w.sce #
 
 
 
 
 
 
 
 
 
 
 
 A  =
 
    3.  
 
 lambda  =
 
    2.  
 
 T  =
 
    0.02  
 
 nu  =
 
    50.  
 
 v  =
 
    100.  
 
 
the amplitude is 3 cm 

the wavelength is 2 cm 

the frequency is 50 Hz 

the wave velocity is 100 cm/s 
 
grepthis#Concepts_Of_Physics_(volume_-_1)_H._C._Verma_2084/CH15/EX15.2/15_2.sce #
 
 
 
 
 
 
 
 
 w  =
 
    60.  
 
 
 
 A  =
 
    5.  
 
 k  =
 
    1.  
 
 lambda  =
 
    6.2831853  
 
 nu  =
 
    9.5492966  
 
 T  =
 
    0.1047198  
 
 v  =
 
    60.  
 
 
the amplitude is 5 mm 

the wave number is 1 cm^-1 

the wavelength is 6.28 cm 

the frequency is 9.55 Hz 

the time period is 0.10 s 

the wave velocity is 60 cm/s 
 
grepthis#Concepts_Of_Physics_(volume_-_1)_H._C._Verma_2084/CH15/EX15.2w/15_2w.sce #
 
 
 
 
 
 
 
 
 t  =
 
    0.  
 
 t1  =
 
    0.11  
 
 
 
 
 
WARNING: Feature derivative is obsolete.
         Please use numderivative instead.
         This feature will be permanently removed in Scilab 6.0

 vmax  =
 
  - 9.42  
 
 
 a  =
 
    1.230D-11  
 
 
the maximum velocity is -9.42 m/s 

the acceleration at t=0.11 s and x= 6 cm is 0 cm^2/s 
 
grepthis#Concepts_Of_Physics_(volume_-_1)_H._C._Verma_2084/CH15/EX15.3/15_3.sce #
 
 
 
 
 
 
 
 m  =
 
    1.  
 
 mu  =
 
    0.1  
 
 l  =
 
    0.5  
 
 g  =
 
    10.  
 
 
 
 F  =
 
    10.  
 
 v  =
 
    10.  
 
 T  =
 
    0.05  
 
 
the time taken by the pulse in travelling through a distance of 50 cm is 0.05 s 
 
grepthis#Concepts_Of_Physics_(volume_-_1)_H._C._Verma_2084/CH15/EX15.3w/15_3w.sce #
 
 
 
 
 
 
 
 A  =
 
    0.0000008  
 
 rho  =
 
    12500.  
 
 nu  =
 
    20.  
 
 F  =
 
    64.  
 
 
 
 mu  =
 
    0.01  
 
 v  =
 
    80.  
 
 w  =
 
    125.66371  
 
 
 
 
 t  =
 
    0.05  
 
 x  =
 
    0.5  
 
 yn  =
 
    0.7071068  
 
 
 
WARNING: Feature derivative is obsolete.
         Please use numderivative instead.
         This feature will be permanently removed in Scilab 6.0

 vn  =
 
    88.85765  
 
 
the wave speed is 80 m/s 

the wave equation is .......y = (1.0cm)*cos(125*(t-(x/80))) 

the displacement of the particle at x=50 cm at time t=0.05 s is 0.71 cm 

the velocity of the particle at that position is 89 cm/s 
 
grepthis#Concepts_Of_Physics_(volume_-_1)_H._C._Verma_2084/CH15/EX15.4/15_4.sce #
 
 
 
 
 
 
 
 P1  =
 
    0.2  
 
 A1  =
 
    2.  
 
 A2  =
 
    3.  
 
 
 
 
 P2  =
 
    0.45  
 
 
the power transmitted through the given point is 0.45 W 
 
grepthis#Concepts_Of_Physics_(volume_-_1)_H._C._Verma_2084/CH15/EX15.4w/15_4w.sce #
 
 
 
 
 
 
 
 m  =
 
    0.005  
 
 L  =
 
    0.5  
 
 v  =
 
    80.  
 
 Y  =
 
    1.600D+12  
 
 A  =
 
    0.000001  
 
 
 
 mu  =
 
    0.01  
 
 F  =
 
    64.  
 
 deltaL  =
 
    0.00002  
 
 
the extension of the wire over its natural length is 0.02 mm 
 
grepthis#Concepts_Of_Physics_(volume_-_1)_H._C._Verma_2084/CH15/EX15.5/15_5.sce #
 
 
 
 
 
 
 
 
 
 
 k  =
 
    628.  
 
 x0  =
 
    0.015  
 
 A1  =
 
    0.005  
 
 A2  =
 
    0.004  
 
 
 
 deltaP  =
 
    9.42  
 
 deltaA  =
 
    0.001  
 
 
the phase difference between the waves is 9.42 rad 

the amplitude of the resultant wave is 1.0 mm 
 
grepthis#Concepts_Of_Physics_(volume_-_1)_H._C._Verma_2084/CH15/EX15.5w/15_5w.sce #
 
 
 
 
 
 
 
 lr  =
 
    12.  
 
 mr  =
 
    6.  
 
 mb  =
 
    2.  
 
 lambda  =
 
    0.06  
 
 
 
 
 
 
 lambda1  =
 
    0.12  
 
 
the wavelength of the pulse when it reaches the top of the rope is 0.12 m 
 
grepthis#Concepts_Of_Physics_(volume_-_1)_H._C._Verma_2084/CH15/EX15.6/15_6.sce #
 
 
 
 
 
 
 
 
 A  =
 
    1.  
 
 k  =
 
    1.57  
 
 w  =
 
    78.5  
 
 x  =
 
    2.33  
 
 
 
 v  =
 
    50.  
 
 xn  =
 
    1.0005072  
 
 xa  =
 
    2.0010144  
 
 Ar  =
 
    0.8695493  
 
 
the velocity of the wave is 50 cm/s 

the node st to the origin is located at x=1 cm 

the antinode st to the origin is located at x=2 cm 

the amplitude at x=2.33 is 0.87 mm 
 
grepthis#Concepts_Of_Physics_(volume_-_1)_H._C._Verma_2084/CH15/EX15.6w/15_6w.sce #
 
 
 
 
 
 
 
 
 
 
 
 
 
 
 
 
 x  =
 
    4.5  
 
 t  =
 
    0.005  
 
 
 y  =
 
  - 0.3613079  
 
 
the displacement of the particle at x=4.5 cm and t=5.0 ms is -0.36 cm 
 
grepthis#Concepts_Of_Physics_(volume_-_1)_H._C._Verma_2084/CH15/EX15.7/15_7.sce #
 
 
 
 
 
 
 
 m  =
 
    1.6  
 
 mw  =
 
    0.02  
 
 l  =
 
    0.5  
 
 g  =
 
    10.  
 
 L  =
 
    0.4  
 
 
 
 F  =
 
    16.  
 
 mu  =
 
    0.04  
 
 nu0  =
 
    25.  
 
 
the fundamental frequency of the portion of the string between the wall and the pulley is 25 Hz 
 
 
 
grepthis#Concepts_Of_Physics_(volume_-_1)_H._C._Verma_2084/CH15/EX15.7w/15_7w.sce #
 
 
 
 
 
 
 
 
 
 
 
 A  =
 
    0.0025646  
 
 k  =
 
    1.57  
 
 w  =
 
    314.  
 
 lambda  =
 
    4.0020289  
 
 nu  =
 
    49.974652  
 
 
 
 x  =
 
    5.66  
 
 t  =
 
    2.  
 
 vn  =
 
    76.476954  
 
 
 
 
 
 nloops  =
 
    5.  
 
 
the amplitude is 2.56 mm 

the wavelength is 4.00 cm 

the velocity is 76.48 cm/s 

nodes occur at 0 cm,2 cm,4 cm,6 cm,8 cm,10 cm 

antinodes occur in between at 1 cm,3 cm,5 cm,7 cm,9 cm 

the number of loops is 5 
 
grepthis#Concepts_Of_Physics_(volume_-_1)_H._C._Verma_2084/CH15/EX15.8/15_8.sce #
 
 
 
 
 
 
 
 nu1  =
 
    256.  
 
 nu2  =
 
    384.  
 
 l1  =
 
    21.  
 
 
 
 l2  =
 
    14.  
 
 
the length of the experimental wire to get the resonance is 14 cm 
 
grepthis#Concepts_Of_Physics_(volume_-_1)_H._C._Verma_2084/CH15/EX15.8w/15_8w.sce #
 
 
 
 
 
 
 
 L1  =
 
    90.  
 
 nu1  =
 
    124.  
 
 nu2  =
 
    186.  
 
 
 
 
 L2  =
 
    60.  
 
 
the pressing in the guitar to produce the fundamental frequency of 186 Hz is 60 cm 
 
grepthis#Concepts_Of_Physics_(volume_-_1)_H._C._Verma_2084/CH15/EX15.9w/15_9w.sce #
 
 
 
 
 
 
 
 
 L  =
 
    1.  
 
 m1  =
 
    1.  
 
 m2  =
 
    2.  
 
 m3  =
 
    3.  
 
 
 
 
 L1  =
 
    0.5454545  
 
 L2  =
 
    0.2727273  
 
 L3  =
 
    0.1818182  
 
 
the position of bridge 1 from one end is 0.55 m 

the position of bridge 2 from the other end is 0.18 m 
 
grepthis#Concepts_Of_Physics_(volume_-_1)_H._C._Verma_2084/CH15/EX15.10w/15_10w.sce #
 
 
 
 
 
 
 
 mu  =
 
    0.005  
 
 F  =
 
    450.  
 
 nu1  =
 
    420.  
 
 nu2  =
 
    490.  
 
 
 
 
 n  =
 
    6.  
 
 L  =
 
    2.1428571  
 
 
the length of the wire is 2.1 m 
 
grepthis#Concepts_Of_Physics_(volume_-_1)_H._C._Verma_2084/CH16/EX16.1/16_1.sce #
 
 
 
 
 
 
 
 v  =
 
    300.  
 
 lambda  =
 
    0.006  
 
 
 
 nu  =
 
    50000.  
 
the wave is not audible 
 
grepthis#Concepts_Of_Physics_(volume_-_1)_H._C._Verma_2084/CH16/EX16.1w/16_1w.sce #
 
 
 
 
 
 
 
 nu  =
 
    50000.  
 
 t  =
 
    0.8  
 
 v  =
 
    1500.  
 
 
 
 d  =
 
    600.  
 
 lambda  =
 
    0.03  
 
 
the depth of the sea is 600 m 

the wavelength of the signal in the water is 3.0 cm 
 
grepthis#Concepts_Of_Physics_(volume_-_1)_H._C._Verma_2084/CH16/EX16.2/16_2.sce #
 
 
 
 
 
 
 
 lambda  =
 
    0.4  
 
 deltap  =
 
    0.001  
 
 B  =
 
    140000.  
 
 
 
 p0  =
 
    0.0005  
 
 s0  =
 
    2.274D-10  
 
 
the amplitude of vibration of the particles of the medium is 2.27e-10 m 
 
grepthis#Concepts_Of_Physics_(volume_-_1)_H._C._Verma_2084/CH16/EX16.2w/16_2w.sce #
 
 
 
 
 
 
 
 v  =
 
    141.66667  
 
 h  =
 
    2000.  
 
 vs  =
 
    340.  
 
 
 
 t  =
 
    5.8823529  
 
 d  =
 
    833.33333  
 
 
the plane will be 833 m ahead of the observer on its line of motion 
 
grepthis#Concepts_Of_Physics_(volume_-_1)_H._C._Verma_2084/CH16/EX16.3/16_3.sce #
 
 
 
 
 
 
 
 p0  =
 
    0.02  
 
 p0dash  =
 
    0.025  
 
 I  =
 
    0.0000005  
 
 
 
 
 Idash  =
 
    0.0000008  
 
 
the intensity of the sound wave is 7.8e-07 W/m^2 
 
grepthis#Concepts_Of_Physics_(volume_-_1)_H._C._Verma_2084/CH16/EX16.3w/16_3w.sce #
 
 
 
 
 
 
 
 
 
 peq  =
 
    100000.  
 
 
 
 
 w  =
 
    1000.  
 
 nu  =
 
    159.15494  
 
 v  =
 
    333.33333  
 
 lambda  =
 
    2.0943951  
 
 p0  =
 
    0.01  
 
 
the frequency is 159 Hz 

the wavelength is 2.1 m 

the speed of the sound wave is 333 m/s 

the maximum pressure amplitude is (1.00e+05 + 0.01) N/m^2 

the minimum pressure amplitude is (1.00e+05 - 0.01) N/m^2 
 
grepthis#Concepts_Of_Physics_(volume_-_1)_H._C._Verma_2084/CH16/EX16.4/16_4.sce #
 
 
 
 
 
 
 
 r  =
 
    20.  
 
 
 
 
 deltabeta  =
 
    13.0103  
 
 
the increase in the sound level in decibels is 13 dB 
 
grepthis#Concepts_Of_Physics_(volume_-_1)_H._C._Verma_2084/CH16/EX16.4w/16_4w.sce #
 
 
 
 
 
 
 
 nu  =
 
    10000.  
 
 v  =
 
    340.  
 
 delta  =
 
    60.  
 
 
 
 lambda  =
 
    0.034  
 
 k  =
 
    184.79957  
 
 d  =
 
    0.0056667  
 
 
the minimum separation between the two points for phase difference of 60 degree is 0.57 cm 
 
grepthis#Concepts_Of_Physics_(volume_-_1)_H._C._Verma_2084/CH16/EX16.5/16_5.sce #
 
 
 
 
 
 
 
 nu  =
 
    1000.  
 
 deltax  =
 
    0.83  
 
 v  =
 
    332.  
 
 
 
 lambda  =
 
    0.332  
 
 delta  =
 
    15.707963  
 
 n  =
 
    5.  
 
the waves will interfere destructively. 
 
grepthis#Concepts_Of_Physics_(volume_-_1)_H._C._Verma_2084/CH16/EX16.5w/16_5w.sce #
 
 
 
 
 
 
 
 v1  =
 
    336.  
 
 v0  =
 
    332.  
 
 T0  =
 
    273.  
 
 
 
 T  =
 
    279.61794  
 
 t  =
 
    6.6179416  
 
 
the atmospheric temperature is 7 degreecelsius 
 
grepthis#Concepts_Of_Physics_(volume_-_1)_H._C._Verma_2084/CH16/EX16.6/16_6.sce #
 
 
 
 
 
 
 
 nu  =
 
    416.  
 
 v  =
 
    333.  
 
 
 
 lambda  =
 
    0.8004808  
 
 L  =
 
    0.6003606  
 
 
the distance of the piston from the open end,for tube to vibrate in its first overtone is 60.0 cm 
 
grepthis#Concepts_Of_Physics_(volume_-_1)_H._C._Verma_2084/CH16/EX16.6w/16_6w.sce #
 
 
 
 
 
 
 
 gama  =
 
    1.4  
 
 voxygen  =
 
    470.  
 
 
 
 
 
 vhydrogen  =
 
    1880.  
 
 
the speed of sound wave in hydrogen is 1880 m/s 
 
grepthis#Concepts_Of_Physics_(volume_-_1)_H._C._Verma_2084/CH16/EX16.7/16_7.sce #
 
 
 
 
 
 
 
 nu1  =
 
    384.  
 
 n  =
 
    6.  
 
 t  =
 
    2.  
 
 
 
 deltanu  =
 
    3.  
 
 nu2  =
 
    387.  
 
 nu2dash  =
 
    381.  
 
 
the tunning frequency of fork B is 381 Hz or 387 Hz 
 
grepthis#Concepts_Of_Physics_(volume_-_1)_H._C._Verma_2084/CH16/EX16.7w/16_7w.sce #
 
 
 
 
 
 
 
 A  =
 
    0.00008  
 
 U  =
 
    3.  
 
 d  =
 
    2.  
 
 t  =
 
    5.  
 
 
 
 U0  =
 
    0.0000048  
 
 Udash  =
 
    0.0000239  
 
 
the energy delivered to the microphone in t=5 s is 24 microJ 
 
grepthis#Concepts_Of_Physics_(volume_-_1)_H._C._Verma_2084/CH16/EX16.8/16_8.sce #
 
 
 
 
 
 
 
 us  =
 
    10.  
 
 nudash  =
 
    12000.  
 
 v  =
 
    340.  
 
 
 
 
 nu0  =
 
    11647.059  
 
 
the most dominant frequency is 11.6 kHz 
 
grepthis#Concepts_Of_Physics_(volume_-_1)_H._C._Verma_2084/CH16/EX16.8w/16_8w.sce #
 
 
 
 
 
 
 
 I  =
 
    0.000002  
 
 nu  =
 
    1000.  
 
 rho0  =
 
    1.2  
 
 v  =
 
    330.  
 
 
 
 s0  =
 
    1.600D-08  
 
 
the amplitude of vibration of the particles of the air is 1.6e-08 m 
 
grepthis#Concepts_Of_Physics_(volume_-_1)_H._C._Verma_2084/CH16/EX16.9w/16_9w.sce #
 
 
 
 
 
 
 
 n  =
 
    30.  
 
 
 
 
 m  =
 
    1000.  
 
 
 f  =
 
    31.622777  
 
 
the factor by which the pressure amplituide increases is 32 
 
grepthis#Concepts_Of_Physics_(volume_-_1)_H._C._Verma_2084/CH16/EX16.10w/16_10w.sce #
 
 
 
 
 
 
 
 r  =
 
    0.2  
 
 v  =
 
    340.  
 
 
 
 l1  =
 
    0.4  
 
 l2  =
 
    0.6283185  
 
 deltal  =
 
    0.2283185  
 
 nu  =
 
    1489.1476  
 
 
the frequency at which the maxima of intensity are detected are 1489 Hz and 2978 Hz 
 
grepthis#Concepts_Of_Physics_(volume_-_1)_H._C._Verma_2084/CH16/EX16.11w/16_11w.sce #
 
 
 
 
 
 
 
 nu  =
 
    180.  
 
 d  =
 
    2.  
 
 v  =
 
    360.  
 
 
 
 
 lambda  =
 
    2.  
 
 delta  =
 
    2.  
 
 
 x  =
 
    3.  
 
 
the minimum distance between the source and the detector for maximum sound detection is 3 m 
 
grepthis#Concepts_Of_Physics_(volume_-_1)_H._C._Verma_2084/CH16/EX16.12w/16_12w.sce #
 
 
 
 
 
 
 
 nu  =
 
    264.  
 
 v  =
 
    350.  
 
 
 
 
 n  =
 
    1.  
 
 lmin  =
 
    0.3314394  
 
 
the length of the shortest d organ pipe that will resonate with the tunning fork is 33 cm 
 
grepthis#Concepts_Of_Physics_(volume_-_1)_H._C._Verma_2084/CH16/EX16.13w/16_13w.sce #
 
 
 
 
 
 
 
 l0  =
 
    0.6  
 
 
 
 
 l1  =
 
    0.15  
 
 
the length of the d pipe is 15 cm 
 
grepthis#Concepts_Of_Physics_(volume_-_1)_H._C._Verma_2084/CH16/EX16.14w/16_14w.sce #
 
 
 
 
 
 
 
 nu  =
 
    800.  
 
 l1  =
 
    0.0975  
 
 l2  =
 
    0.3125  
 
 l3  =
 
    0.5275  
 
 
 
 
 
 
 
 
 v  =
 
    344.  
 
 
the speed of the sound in air is 344 m/s 
 
grepthis#Concepts_Of_Physics_(volume_-_1)_H._C._Verma_2084/CH16/EX16.15w/16_15w.sce #
 
 
 
 
 
 
 
 nu0  =
 
    500.  
 
 rhoa  =
 
    1.2  
 
 rhoh  =
 
    0.089  
 
 
 
 
 nu  =
 
    1835.9702  
 
 
the fundamental frequency if the air is replaced by hydrogen is 1835 Hz 
 
grepthis#Concepts_Of_Physics_(volume_-_1)_H._C._Verma_2084/CH16/EX16.16w/16_16w.sce #
 
 
 
 
 
 
 
 l  =
 
    0.9  
 
 rho  =
 
    2600.  
 
 Y  =
 
    7.800D+10  
 
 vai  =
 
    340.  
 
 
 
 v  =
 
    5477.2256  
 
 lambda  =
 
    1.8  
 
 nu  =
 
    3042.9031  
 
 lambdaai  =
 
    0.1117354  
 
 
the speed of the sound in aluminium is 5477 m/s 

the wavelength of the sound in aluminium rod is 180 cm 

the frequency of the sound produced is 3042 Hz 

the wavelength of the sound in air is 11.2 cm 
 
grepthis#Concepts_Of_Physics_(volume_-_1)_H._C._Verma_2084/CH16/EX16.17w/16_17w.sce #
 
 
 
 
 
 
 
 nu1  =
 
    440.  
 
 n  =
 
    4.  
 
 nuf  =
 
    440.  
 
 
 
 fre  =
 
    444.  
 
 
the frequency of the note emitted by the taut string is 444 Hz 
 
grepthis#Concepts_Of_Physics_(volume_-_1)_H._C._Verma_2084/CH16/EX16.18w/16_18w.sce #
 
 
 
 
 
 
 
 us  =
 
    10.  
 
 v  =
 
    340.  
 
 nu  =
 
    500.  
 
 
 
 nudash  =
 
    485.71429  
 
 nudashdash  =
 
    515.15152  
 
 
the apparent frequency heard by the ground observer is 486 Hz 

the frequency of the reflected wave as heard by the ground observer is 515 Hz 
 
grepthis#Concepts_Of_Physics_(volume_-_1)_H._C._Verma_2084/CH16/EX16.19w/16_19w.sce #
 
 
 
 
 
 
 
 us  =
 
    20.  
 
 u0  =
 
    15.  
 
 nu  =
 
    600.  
 
 v  =
 
    340.  
 
 
 
 nudash  =
 
    665.625  
 
 nudashdash  =
 
    541.66667  
 
 
the frequency heard by the observer before the meeting of the trains is 666 Hz 

the frequency heard by the observer after the crossing of the trains is 542 Hz 
 
grepthis#Concepts_Of_Physics_(volume_-_1)_H._C._Verma_2084/CH16/EX16.20w/16_20w.sce #
 
 
 
 
 
 
 
 us  =
 
    10.  
 
 v  =
 
    340.  
 
 nu  =
 
    600.  
 
 
 
 nudash  =
 
    582.85714  
 
 
the main frequency heard by the person is 583 Hz 
 
grepthis#Concepts_Of_Physics_(volume_-_1)_H._C._Verma_2084/CH16/EX16.21w/16_21w.sce #
 
 
 
 
 
 
 
 u0  =
 
    10.  
 
 us  =
 
    10.  
 
 nudash  =
 
    1950.  
 
 v  =
 
    340.  
 
 
 
 nu  =
 
    2068.1818  
 
 
the original frequency of the source is 2068 Hz 
 
grepthis#Concepts_Of_Physics_(volume_-_1)_H._C._Verma_2084/CH16/EX16.22w/16_22w.sce #
 
 
 
 
 
 
 
 nudash  =
 
    440.  
 
 nudashdash  =
 
    480.  
 
 v  =
 
    330.  
 
 
 
 
 
 
 u  =
 
    14.347826  
 
 
the speed of the car is 14.3 m/s or 52 km/h 
 
grepthis#Concepts_Of_Physics_(volume_-_1)_H._C._Verma_2084/CH16/EX16.23w/16_23w.sce #
 
 
 
 
 
 
 
 v  =
 
    340.  
 
 d1  =
 
    300.  
 
 u  =
 
    33.333333  
 
 nu  =
 
    640.  
 
 d2  =
 
    400.  
 
 
 
 theta  =
 
    53.130102  
 
 nudash  =
 
    680.  
 
 
the frequency of train whistle heard by the person standing on the road perpendicular to the track is 680 Hz 
 
grepthis#Concepts_Of_Physics_(volume_-_1)_H._C._Verma_2084/CH17/EX17.1/17_1.sce #
 
 
 
 
 
 
 
 mu  =
 
    1.5  
 
 v0  =
 
    3.000D+08  
 
 
 
 v  =
 
    2.000D+08  
 
 
the speed of light in glass is 2.0e+08 m/s 
 
grepthis#Concepts_Of_Physics_(volume_-_1)_H._C._Verma_2084/CH17/EX17.1w/17_1w.sce #
 
 
 
 
 
 
 
 lambda01  =
 
    400.  
 
 lambda02  =
 
    700.  
 
 mu  =
 
    1.33  
 
 
 
 lambda1  =
 
    300.75188  
 
 lambda2  =
 
    526.31579  
 
 
the limits of wavelengths in the water are 300 nm and 526 nm 
 
grepthis#Concepts_Of_Physics_(volume_-_1)_H._C._Verma_2084/CH17/EX17.2/17_2.sce #
 
 
 
 
 
 
 
 d  =
 
    0.0001  
 
 lambda  =
 
    0.0000006  
 
 D  =
 
    1.  
 
 
 
 w  =
 
    0.006  
 
 
the separation between successive bright fringes is 6.0e-03 m or 6.0 mm 
 
grepthis#Concepts_Of_Physics_(volume_-_1)_H._C._Verma_2084/CH17/EX17.2w/17_2w.sce #
 
 
 
 
 
 
 
 x1  =
 
    2.  
 
 x2  =
 
    2.25  
 
 muw  =
 
    1.33  
 
 
 
 
 mug  =
 
    1.49625  
 
 
the refractive index of the glass is 1.50 
 
grepthis#Concepts_Of_Physics_(volume_-_1)_H._C._Verma_2084/CH17/EX17.3/17_3.sce #
 
 
 
 
 
 
 
 lambdan  =
 
    589.  
 
 mu  =
 
    1.33  
 
 
 
 lambda  =
 
    442.85714  
 
 
the wavelength of light in the water is 443 nm 
 
grepthis#Concepts_Of_Physics_(volume_-_1)_H._C._Verma_2084/CH17/EX17.3w/17_3w.sce #
 
 
 
 
 
 
 
 D  =
 
    2.5  
 
 d  =
 
    0.0005  
 
 yv  =
 
    0.002  
 
 yr  =
 
    0.0035  
 
 
 
 lambdav  =
 
    0.0000004  
 
 lambdar  =
 
    0.0000007  
 
 
the wavelength of the violet light is 400 nm 

the wavelength of the red light is 700 nm 
 
grepthis#Concepts_Of_Physics_(volume_-_1)_H._C._Verma_2084/CH17/EX17.4/17_4.sce #
 
 
 
 
 
 
 
 lambda  =
 
    589.  
 
 mu  =
 
    1.25  
 
 
 
 
 d  =
 
    117.8  
 
 
the minimum thickness of the film is 118 nm 
 
grepthis#Concepts_Of_Physics_(volume_-_1)_H._C._Verma_2084/CH17/EX17.4w/17_4w.sce #
 
 
 
 
 
 
 
 lambda  =
 
    0.0000006  
 
 D  =
 
    1.  
 
 n  =
 
    10.  
 
 x  =
 
    0.012  
 
 
 
 d  =
 
    0.0004911  
 
 
the separation between the slits is 4.9e-04 m or 0.49 mm 
 
grepthis#Concepts_Of_Physics_(volume_-_1)_H._C._Verma_2084/CH17/EX17.5/17_5.sce #
 
 
 
 
 
 
 
 lambda  =
 
    0.0000005  
 
 b  =
 
    0.0002  
 
 
 
 
 theta1  =
 
    0.00225  
 
 theta2  =
 
  - 0.00225  
 
 theta  =
 
    0.0045  
 
 
the angular divergence for most of the light getting diffracted is 4.5e-03 radian 
 
grepthis#Concepts_Of_Physics_(volume_-_1)_H._C._Verma_2084/CH17/EX17.5w/17_5w.sce #
 
 
 
 
 
 
 
 
 n  =
 
    2.  
 
 
 
 r  =
 
    33.970563  
 
 
the ratio of maximum intensity to the minimum intensity in the interference fringe pattern is 34 
 
grepthis#Concepts_Of_Physics_(volume_-_1)_H._C._Verma_2084/CH17/EX17.6/17_6.sce #
 
 
 
 
 
 
 
 lambda  =
 
    0.0000006  
 
 b  =
 
    0.1  
 
 d  =
 
    20.  
 
 
 
 sintheta  =
 
    0.0000072  
 
 r  =
 
    0.0001440  
 
 d  =
 
    0.0002879  
 
 
the diameter of the disc image is 2.9e-04 cm 
 
grepthis#Concepts_Of_Physics_(volume_-_1)_H._C._Verma_2084/CH17/EX17.6w/17_6w.sce #
 
 
 
 
 
 
 
 
 n  =
 
    2.  
 
 
 
 r  =
 
    9.  
 
 
the ratio of maximum intensity to the minimum intensity in the interference pattern is 9 
 
grepthis#Concepts_Of_Physics_(volume_-_1)_H._C._Verma_2084/CH17/EX17.7w/17_7w.sce #
 
 
 
 
 
 
 
 lambda  =
 
    0.0000006  
 
 d  =
 
    0.0001  
 
 
 
 pdmax  =
 
    0.0001  
 
 pdmin  =
 
    0.  
 
 
 
 D  =
 
    0.0166665  
 
 
the maximum path difference on moving the detector along S1P line is 1.0e-02 cm 

the minimum path difference on moving the detector along S1P line is 0.0 cm 

the farthest minimum is located at a distance of 1.7 cm from the point S1 
 
grepthis#Concepts_Of_Physics_(volume_-_1)_H._C._Verma_2084/CH17/EX17.8w/17_8w.sce #
 
 
 
 
 
 
 
 lambda1  =
 
    0.0000007  
 
 lambda2  =
 
    0.0000005  
 
 d  =
 
    0.002  
 
 D  =
 
    1.2  
 
 n  =
 
    3.  
 
 
 
 y  =
 
    0.00117  
 
 
 
 
 
 m  =
 
    4.  
 
 ym  =
 
    0.00156  
 
the distance of the third bright fringe from the central maximum is 0.12 cm 

the least distance from the central maximum where both the wavelengths coincides is 0.16 cm 
 
grepthis#Concepts_Of_Physics_(volume_-_1)_H._C._Verma_2084/CH17/EX17.9w/17_9w.sce #
 
 
 
 
 
 
 
 lambda  =
 
    0.0000006  
 
 t  =
 
    0.000018  
 
 mu  =
 
    1.6  
 
 
 
 n  =
 
    18.  
 
 
the number of fringes that will shift due to introduction of the sheet is 18 
 
grepthis#Concepts_Of_Physics_(volume_-_1)_H._C._Verma_2084/CH17/EX17.10w/17_10w.sce #
 
 
 
 
 
 
 
 d  =
 
    0.0000005  
 
 mu  =
 
    1.5  
 
 lambda1  =
 
    0.0000004  
 
 lambda2  =
 
    0.0000007  
 
 
 
 
 
 n1  =
 
    3.  
 
 n2  =
 
    2.  
 
 lambda1n  =
 
    0.0000004  
 
 lambda2n  =
 
    0.0000006  
 
 
the wavelengths in the visible region that are strongly reflected are 429 nm and 600 nm 
 
grepthis#Concepts_Of_Physics_(volume_-_1)_H._C._Verma_2084/CH17/EX17.11w/17_11w.sce #
 
 
 
 
 
 
 
 b  =
 
    0.0004  
 
 D  =
 
    0.4  
 
 lambda  =
 
    0.0000005  
 
 
 
 
 sep  =
 
    0.001092  
 
 
the distance between the two first order minima is 1.1 mm 
 
grepthis#Concepts_Of_Physics_(volume_-_1)_H._C._Verma_2084/CH18/EX18.1/18_1.sce #
 
 
 
 
 
 
 
 
 
 
 
 
 
 
 virtual image is formed on right side of mirror at a distance(in cm)   
 
    5.4545455  
 
 
grepthis#Concepts_Of_Physics_(volume_-_1)_H._C._Verma_2084/CH18/EX18.1w/18_1w.sce #
 
 
 
 
 
 
 
 
 
 
 
 
 
 
 virtual image is formed on right side of mirror at a distance(in cm)   
 
    40.  
 
 
grepthis#Concepts_Of_Physics_(volume_-_1)_H._C._Verma_2084/CH18/EX18.2/18_2.sce #
 
 
 
 
 
 
 
 
 
 
 
 
 
 
 
 
 
 
 
 
 
 image is inverted and is of length(in cm)   
 
  - 5.  
 
 
 
 
grepthis#Concepts_Of_Physics_(volume_-_1)_H._C._Verma_2084/CH18/EX18.2w/18_2w.sce #
 
 
 
 
 
 
 
 
 
 
 
 
 
 
 
 
 length(in cm) of the image is   
 
    5.  
 
 
 
grepthis#Concepts_Of_Physics_(volume_-_1)_H._C._Verma_2084/CH18/EX18.3/18_3.sce #
 
 
 
 
 
 
 
 
 
 
 
 
 
 
 shift(in cm) in the position of printed letters is   
 
    2.  
 
 
grepthis#Concepts_Of_Physics_(volume_-_1)_H._C._Verma_2084/CH18/EX18.3w/18_3w.sce #
 
 
 
 
 
 
 
 
 
 
 
 
 
 
 
 
 the boy should stand at a distance(in m) from the convex mirror   
 
    2.5  
 
 
grepthis#Concepts_Of_Physics_(volume_-_1)_H._C._Verma_2084/CH18/EX18.4/18_4.sce #
 
 
 
 
 
 
 
 
 
 
 
 
 
 
 refractive index of material is    
 
    1.3414248  
 
 
grepthis#Concepts_Of_Physics_(volume_-_1)_H._C._Verma_2084/CH18/EX18.4w/18_4w.sce #
 
 
 
 
 
 
 
 
 
 
 
 
 v  =
 
  - 30.  
 
 
 
 image is formed on same side of object at a distance(in cm)   
 
    30.  
 
 
 
 
 
 focal length(in cm) of the given concave mirror is   
 
    8.5714286  
 
 
grepthis#Concepts_Of_Physics_(volume_-_1)_H._C._Verma_2084/CH18/EX18.5/18_5.sce #
 
 
 
 
 
 
 
 
 
 
 
 
 
 
 refractive index of material of the prism is   
 
    1.5847383  
 
 
grepthis#Concepts_Of_Physics_(volume_-_1)_H._C._Verma_2084/CH18/EX18.5w/18_5w.sce #
 
 
 
 
 
 
 
 
 
 
 
 
 
 
 
 maximum value of theta(in degree) for total internal reflection at vertical surface   
 
    48.590378  
 
 
 
grepthis#Concepts_Of_Physics_(volume_-_1)_H._C._Verma_2084/CH18/EX18.6aw/18_6aw.sce #
 
 
 
 
 
 
 
 
 
 
 
 
 
 for total internal reflection refractive index of material of given right prism should be greater than or equal to   
 
    1.4142136  
 
 
 
grepthis#Concepts_Of_Physics_(volume_-_1)_H._C._Verma_2084/CH18/EX18.6bw/18_6bw.sce #
 
 
 
 
 
 
 
 
 
 
 thetac  =
 
    36.869898  
 
 
 
 total internal reflection does not take place for given conditions of right prism   
 
 
grepthis#Concepts_Of_Physics_(volume_-_1)_H._C._Verma_2084/CH18/EX18.6/18_6.sce #
 
 
 
 
 
 
 
 
 
 
 
 
 
 
 
 
 virtual image is formed on left side of spherical surface at a distance(in cm)   
 
  - 30.  
 
 
grepthis#Concepts_Of_Physics_(volume_-_1)_H._C._Verma_2084/CH18/EX18.7/18_7.sce #
 
 
 
 
 
 
 
 
 
 
 
 
 
 
 
 
 
 
 image is erect and is of size(in cm)   
 
    0.6024096  
 
 
grepthis#Concepts_Of_Physics_(volume_-_1)_H._C._Verma_2084/CH18/EX18.8/18_8.sce #
 
 
 
 
 
 
 
 
 
 
 
 
 
 
 
 focal length(in cm) of the given biconvex lens is   
 
    20.  
 
 
grepthis#Concepts_Of_Physics_(volume_-_1)_H._C._Verma_2084/CH18/EX18.9/18_9.sce #
 
 
 
 
 
 
 
 f  =
 
    12.  
 
 u  =
 
  - 8.  
 
 
 
 
 
 
 
 
 
 image is erect and is of length(in cm)   
 
    6.  
 
 
 
 
 
 
grepthis#Concepts_Of_Physics_(volume_-_1)_H._C._Verma_2084/CH18/EX18.11w/18_11w.sce #
 
 
 
 
 
 
 
 
 
 
 
 
 v  =
 
    6.6666667  
 
 
 
 virtual image is formed due to reflection through concave mirror below surface of mirror at a depth(in cm) of    
 
    6.6666667  
 
 
 
 
 
 
 final image is formed below water surface at a distance(in cm)   
 
    8.7719298  
 
 
 
grepthis#Concepts_Of_Physics_(volume_-_1)_H._C._Verma_2084/CH18/EX18.12w/18_12w.sce #
 
 
 
 
 
 
 
 
 
 
 
 
 
 
 
 
 
 here img_pos is same as radius of curvature of concave mirror and thus final image is formed at P itself   
grepthis#Concepts_Of_Physics_(volume_-_1)_H._C._Verma_2084/CH18/EX18.13w/18_13w.sce #
 
 
 
 
 
 
 
 
 
 
 
 
 
 
 
 
 
 minimum angle of deviation(in degree) for 400nm wavelength in equilateral prism of silicate flint glass is   
 
    52.197476  
 
 
 minimum angle of deviation(in degree) for 700nm wavelength in equilateral prism of silicate flint glass is   
 
    47.220511  
 
 
grepthis#Concepts_Of_Physics_(volume_-_1)_H._C._Verma_2084/CH18/EX18.14w/18_14w.sce #
 
 
 
 
 
 
 
 
 
 
 
 delta  =
 
    2.  
 
 
 
 the mirror should be rotated by angle(in degree) of   
 
    2.  
 
 
 
grepthis#Concepts_Of_Physics_(volume_-_1)_H._C._Verma_2084/CH18/EX18.15w/18_15w.sce #
 
 
 
 
 
 
 
 
 
 
 
 
 
 v  =
 
  - 100.  
 
 
 
 image is formed on the left of the separating surface at a distance(in cm) of   
 
    100.  
 
 
grepthis#Concepts_Of_Physics_(volume_-_1)_H._C._Verma_2084/CH18/EX18.16w/18_16w.sce #
 
 
 
 
 
 
 
 
 
 
 
 
 
 
 v  =
 
    30.  
 
 
 
 
 image is formed inside the rod at a distance(in cm) of   
 
    30.  
 
 the image will be of same height as the object and is inverted   
grepthis#Concepts_Of_Physics_(volume_-_1)_H._C._Verma_2084/CH18/EX18.17w/18_17w.sce #
 
 
 
 
 
 
 
 
 
 
 
 
 
 v  =
 
  - 3.0769231  
 
 
 
 below the surface the bubble will appear at a distance(in cm) of   
 
    3.0769231  
 
 
grepthis#Concepts_Of_Physics_(volume_-_1)_H._C._Verma_2084/CH18/EX18.18w/18_18w.sce #
 
 
 
 
 
 
 
 
 
 
 
 
 
 
 
 
 v  =
 
  - 6.0606061  
 
 nu  =
 
  - 10.060606  
 
 
 
 virtual image is formed on the same side of water at a distance(in mm) of   
 
    6.0606061  
 
 
 nv  =
 
  - 5.030303  
 
 
 
 final image is formed on the same side of air at a distance(in mm) of   
 
    5.030303  
 
 
 
 from the centre first image is formed on the side from which incident rays are coming at a distance(in mm) of    
 
    8.0606061  
 
 
 from the centre second image is formed on the side from which incident rays are coming at a distance(in mm) of    
 
    3.030303  
 
 
grepthis#Concepts_Of_Physics_(volume_-_1)_H._C._Verma_2084/CH18/EX18.19w/18_19w.sce #
 
 
 
 
 
 
 
 
 
 
 
 
 
 
 
 focal length(in cm) of the given lens is   
 
    40.  
 
 
 
grepthis#Concepts_Of_Physics_(volume_-_1)_H._C._Verma_2084/CH18/EX18.20w/18_20w.sce #
 
 
 
 
 
 
 
 
 
 
 
 
 
 
 
 
 
 
 on the right of the lens mirror should be placed at a distance(in cm) of   
 
    6.  
 
 
grepthis#Concepts_Of_Physics_(volume_-_1)_H._C._Verma_2084/CH18/EX18.21w/18_21w.sce #
 
 
 
 
 
 
 
 
 
 
 
 
 
 
 image due to lens is formed on the left side of the lens at a distance(in cm) of   
 
    60.  
 
 
 
 
 
 
 
 
 
 
 
 
 
 
 
 
 
 
 
 
 
 
 the separation(in cm) between the lens and the mirror is   
 
    40.  
grepthis#Concepts_Of_Physics_(volume_-_1)_H._C._Verma_2084/CH18/EX18.22w/18_22w.sce #
 
 
 
 
 
 
 
 
 
 
 
 
 
 
 
 
 object should be placed at a distance(in cm) of   
 
    12.5  
 
 
grepthis#Concepts_Of_Physics_(volume_-_1)_H._C._Verma_2084/CH18/EX18.23w/18_23w.sce #
 
 
 
 
 
 
 
 
 
 
 
 
 
 
 
 
 
 focal length(in cm) of the given concavo-convex lens is   
 
    60.  
 
 
 
 
 
 first image is formed on right side of first lens at a distance(in cm) of   
 
    240.  
 
 
 
 uf  =
 
    80.  
 
 
 
 
 final image is formed on right side of second lens at a distance(in cm) of   
 
    34.285714  
 
 
 
 
 
 
grepthis#Concepts_Of_Physics_(volume_-_1)_H._C._Verma_2084/CH18/EX18.24w/18_24w.sce #
 
 
 
 
 
 
 
 
 
 
 
 
 
 
 a  =
 
    0.1666667  
 
 f_new  =
 
    46.941176  
 
 
 
 new focal length(in cm) of a lens on immersing it in water is   
 
    46.941176  
 
 
 
grepthis#Concepts_Of_Physics_(volume_-_1)_H._C._Verma_2084/CH18/EX18.25w/18_25w.sce #
 
 
 
 
 
 
 
 
 
 
 
 
 
 
 
 
 
 
 
 
 
 
 R  =
 
    10.  
 
 v  =
 
    70.  
 
 
 
 the image is formed inside the cylindrical tube at distance(in cm) of   
 
    70.  
 
 
 
grepthis#Concepts_Of_Physics_(volume_-_1)_H._C._Verma_2084/CH18/EX18.26w/18_26w.sce #
 
 
 
 
 
 
 
 
 
 
 
 
 
 f  =
 
    0.0199601  
 
 vdash  =
 
    8.  
 
 udash  =
 
  - 0.0200100  
 
 
 
 away from the lens,the slide should be moved by a distance(in m) of   
 
    0.0200100  
 
 
 
 
 
grepthis#Concepts_Of_Physics_(volume_-_1)_H._C._Verma_2084/CH18/EX18.27w/18_27w.sce #
 
 
 
 
 
 
 
 
 
 
 
 
 
 f  =
 
    5.  
 
 I1I  =
 
    0.5  
 
 v_new  =
 
    9.5  
 
 u_new  =
 
  - 10.555556  
 
 
 
 from the lens,the object should be placed at a distance(in cm) of   
 
    10.555556  
 
 
 
 
 
 
grepthis#Concepts_Of_Physics_(volume_-_1)_H._C._Verma_2084/CH18/EX18.28aw/18_28aw.sce #
 
 
 
 
 
 
 
 
 
 
 
 
 
 
 
 final image is formed on the right of the second lens at a distance(in cm) of   
 
    40.  
 
 
 
 
 
 
grepthis#Concepts_Of_Physics_(volume_-_1)_H._C._Verma_2084/CH18/EX18.28bw/18_28bw.sce #
 
 
 
 
 
 
 
 
 
 
 
 
 
 
 
 
 
 on right side of the second lens,the final image is formed at a distance(in cm) of    
 
    40.  
 
 
 
 
 
grepthis#Concepts_Of_Physics_(volume_-_1)_H._C._Verma_2084/CH19/EX19.1/19_1.sce #
 
 
 
 
 
 
 
 d1  =
 
    4.  
 
 d2  =
 
    5.  
 
 h1  =
 
    52.  
 
 h2  =
 
    55.  
 
 
 
 alpha1  =
 
    13.  
 
 alpha2  =
 
    11.  
 
the first boy will look taller to the eye 
 
 
grepthis#Concepts_Of_Physics_(volume_-_1)_H._C._Verma_2084/CH19/EX19.1w/19_1w.sce #
 
 
 
 
 
 
 
 f  =
 
    0.12  
 
 D  =
 
    0.25  
 
 
 
 m  =
 
    3.0833333  
 
 
the angular magnification is 3.08 
 
grepthis#Concepts_Of_Physics_(volume_-_1)_H._C._Verma_2084/CH19/EX19.2/19_2.sce #
 
 
 
 
 
 
 
 fo  =
 
    0.01  
 
 fe  =
 
    0.025  
 
 u  =
 
  - 0.012  
 
 D  =
 
    0.25  
 
 
 
 v  =
 
    0.06  
 
 m  =
 
  - 50.  
 
 L  =
 
    0.085  
 
 
the angular magnification is -50 

the length of the microscope tube is 8.5 cm 
 
grepthis#Concepts_Of_Physics_(volume_-_1)_H._C._Verma_2084/CH19/EX19.2w/19_2w.sce #
 
 
 
 
 
 
 
 D  =
 
    10.  
 
 v  =
 
  - 0.25  
 
 
 
 f  =
 
    0.1  
 
 u  =
 
  - 0.0714286  
 
 
the object distance to obtain maximum angular magnification for a normal eye is -7.1 cm 
 
grepthis#Concepts_Of_Physics_(volume_-_1)_H._C._Verma_2084/CH19/EX19.3/19_3.sce #
 
 
 
 
 
 
 
 d  =
 
    1.5  
 
 
 
 f  =
 
  - 1.5  
 
 P  =
 
  - 0.6666667  
 
 
the power of lens for the spectacles is -0.67 D 
 
grepthis#Concepts_Of_Physics_(volume_-_1)_H._C._Verma_2084/CH19/EX19.3w/19_3w.sce #
 
 
 
 
 
 
 
 u  =
 
  - 0.036  
 
 f  =
 
    0.04  
 
 D  =
 
    0.25  
 
 
 
 v  =
 
  - 0.36  
 
 m  =
 
    10.  
 
 alpha  =
 
    6.9444444  
 
 
the image distance is -36 cm 

the linear magnification is 10 

the angular magnification is 7.0 
 
grepthis#Concepts_Of_Physics_(volume_-_1)_H._C._Verma_2084/CH19/EX19.4w/19_4w.sce #
 
 
 
 
 
 
 
 fo  =
 
    0.01  
 
 fe  =
 
    0.05  
 
 d  =
 
    0.122  
 
 D  =
 
    0.25  
 
 
 
 ve  =
 
  - 0.25  
 
 ue  =
 
  - 0.0416667  
 
 vo  =
 
    0.0803333  
 
 uo  =
 
  - 0.0114218  
 
 m  =
 
  - 42.2  
 
 
the object should be placed at a distance of 1.1 cm from the objective lens to focus it properly 

the angular magnification is -42 
 
grepthis#Concepts_Of_Physics_(volume_-_1)_H._C._Verma_2084/CH19/EX19.5w/19_5w.sce #
 
 
 
 
 
 
 
 fo  =
 
    0.005  
 
 fe  =
 
    0.05  
 
 d  =
 
    0.07  
 
 D  =
 
    0.25  
 
 
 
 v  =
 
    0.02  
 
 u  =
 
  - 0.0066667  
 
 m  =
 
  - 15.  
 
 
the object distance for the least strain in the eyes is 0.7 cm 

the angular magnification for the least strain in the eyes is -15 
 
grepthis#Concepts_Of_Physics_(volume_-_1)_H._C._Verma_2084/CH19/EX19.6w/19_6w.sce #
 
 
 
 
 
 
 
 fo  =
 
    2.  
 
 fe  =
 
    0.04  
 
 u  =
 
    10000.  
 
 
 
 L  =
 
    2.04  
 
 m  =
 
  - 50.  
 
 
the length of the tube is 204 cm 

gthe angular magnification is -50 
 
grepthis#Concepts_Of_Physics_(volume_-_1)_H._C._Verma_2084/CH19/EX19.7w/19_7w.sce #
 
 
 
 
 
 
 
 fo  =
 
    0.5  
 
 fe  =
 
  - 0.05  
 
 u  =
 
  - 2.  
 
 
 
 L  =
 
    0.45  
 
 m  =
 
    10.  
 
 v  =
 
    0.6666667  
 
 Ldash  =
 
    0.6166667  
 
 mdash  =
 
    13.333333  
 
 
the tube length for large distance viewing is 45 cm 

the magnifying power for the large distance viewing is 10 

the tube length for viewing object at 2 m is 61.67 cm 

the angular magnification for viewing object at 2 m is 13.33 
 
grepthis#Concepts_Of_Physics_(volume_-_1)_H._C._Verma_2084/CH19/EX19.8w/19_8w.sce #
 
 
 
 
 
 
 
 f  =
 
    0.5  
 
 d  =
 
    0.25  
 
 
 
 
 
 m  =
 
  - 2.  
 
 
the angular magnification due to the converging lens is -2 
 
grepthis#Concepts_Of_Physics_(volume_-_1)_H._C._Verma_2084/CH19/EX19.9w/19_9w.sce #
 
 
 
 
 
 
 
 u  =
 
  - 0.25  
 
 v  =
 
  - 0.4  
 
 vdash  =
 
  - 2.5  
 
 
 
 f  =
 
    0.6666667  
 
 P  =
 
    1.5  
 
 d  =
 
  - 0.5263158  
 
 
the power of the lens is 1.5 D 

the maximum distance upto which,the person will be able to see ly is 53 cm 
 
grepthis#Concepts_Of_Physics_(volume_-_1)_H._C._Verma_2084/CH19/EX19.10w/19_10w.sce #
 
 
 
 
 
 
 
 P1  =
 
    50.  
 
 P2  =
 
    60.  
 
 
 
 
 
 P  =
 
    50.  
 
 f  =
 
    0.02  
 
 
 Pdash  =
 
    60.  
 
 fdash  =
 
    0.0166667  
 
 v  =
 
    0.02  
 
 u  =
 
  - 0.1  
 
 
the distance of the retina from the lens is 2 cm 

the near point is at 10 cm 
 
 
grepthis#Concepts_Of_Physics_(volume_-_1)_H._C._Verma_2084/CH20/EX20.1/20_1.sce #
 
 
 
 
 
 
 
 mur  =
 
    1.613  
 
 mu  =
 
    1.62  
 
 muv  =
 
    1.632  
 
 
 
 w  =
 
    0.0306452  
 
 
the dispersive power of the flint glass is 0.0306 
 
grepthis#Concepts_Of_Physics_(volume_-_1)_H._C._Verma_2084/CH20/EX20.1w/20_1w.sce #
 
 
 
 
 
 
 
 
 mur  =
 
    1.613  
 
 muv  =
 
    1.632  
 
 A  =
 
    5.  
 
 
 
 delta  =
 
    0.095  
 
 
the angular dispersion produced by the thin prism of the flint glass is 0.095 degree 
 
grepthis#Concepts_Of_Physics_(volume_-_1)_H._C._Verma_2084/CH20/EX20.2/20_2.sce #
 
 
 
 
 
 
 
 fr  =
 
    90.  
 
 fv  =
 
    86.4  
 
 
 
 
 
 
 m  =
 
    0.0004630  
 
 
 
 n  =
 
    0.0113426  
 
 
 w  =
 
    0.0408163  
 
 
the dispersive power of the material of the lens is 0.041 
 
grepthis#Concepts_Of_Physics_(volume_-_1)_H._C._Verma_2084/CH20/EX20.2w/20_2w.sce #
 
 
 
 
 
 
 
 A  =
 
    5.  
 
 mur  =
 
    1.514  
 
 mu  =
 
    1.517  
 
 muv  =
 
    1.523  
 
 murdash  =
 
    1.613  
 
 mudash  =
 
    1.62  
 
 muvdash  =
 
    1.632  
 
 
 
 
 
 
 Adash  =
 
    4.1693548  
 
 
 
 delta  =
 
  - 0.0342177  
 
 
the angle of flint glass prism needed is 4.2 degree 

the angular dispersion produced by the combination is 0.0342 degree 
 
grepthis#Concepts_Of_Physics_(volume_-_1)_H._C._Verma_2084/CH20/EX20.3w/20_3w.sce #
 
 
 
 
 
 
 
 w  =
 
    0.03  
 
 wdash  =
 
    0.05  
 
 delta  =
 
    1.  
 
 mu  =
 
    1.517  
 
 mudash  =
 
    1.621  
 
 
 
 
 
 m  =
 
    0.4995169  
 
 
 
 A  =
 
    4.8355899  
 
 Adash  =
 
    2.4154589  
 
 
the refracting angle of the crown prism is 4.8 degree 

the refracting angle of the flint prism is 2.4 degree 
 
grepthis#Concepts_Of_Physics_(volume_-_1)_H._C._Verma_2084/CH22/EX22.1/22_1.sce #
 
 
 
 
 
 
 
 lambda  =
 
    600.  
 
 P  =
 
    10.  
 
 rellum  =
 
    0.6  
 
 
 
 
 lumflux  =
 
    4110.  
 
 
the luminous flux is 4110 lumen 
 
grepthis#Concepts_Of_Physics_(volume_-_1)_H._C._Verma_2084/CH22/EX22.1w/22_1w.sce #
 
 
 
 
 
 
 
 E1  =
 
    12.  
 
 lambda1  =
 
    0.0000006  
 
 E2  =
 
    8.  
 
 lambda2  =
 
    0.0000006  
 
 rellum1  =
 
    0.35  
 
 rellum2  =
 
    0.8  
 
 
 
 radflux  =
 
    20.  
 
 lumflux1  =
 
    2877.  
 
 lumflux2  =
 
    4384.  
 
 lumflux  =
 
    7261.  
 
 lumeff  =
 
    363.05  
 
 
the total radiant flux is 20 W 

the total luminous flux is 7261 lumen 

the luminous efficiency is 363 lumen W^-1 
 
grepthis#Concepts_Of_Physics_(volume_-_1)_H._C._Verma_2084/CH22/EX22.2w/22_2w.sce #
 
 
 
 
 
 
 
 r  =
 
    0.01  
 
 d  =
 
    2.  
 
 lumflux  =
 
    0.002  
 
 
 
 deltaw  =
 
    0.0000785  
 
 F  =
 
    320.  
 
 lumint  =
 
    25.464791  
 
 
the total luminous flux emitted by the source is 320 lumen 

the total luminous intensity of the source is 25 cd 
 
grepthis#Concepts_Of_Physics_(volume_-_1)_H._C._Verma_2084/CH22/EX22.3w/22_3w.sce #
 
 
 
 
 
 
 
 P  =
 
    100.  
 
 lumeff  =
 
    25.  
 
 A  =
 
    0.0001  
 
 d  =
 
    0.5  
 
 
 
 deltaF  =
 
    2500.  
 
 I  =
 
    397.88736  
 
 deltaw  =
 
    0.0004  
 
 
 deltaF  =
 
    0.1591549  
 
 
the luminous flux falling on the plane is 0.16 lumen 
 
grepthis#Concepts_Of_Physics_(volume_-_1)_H._C._Verma_2084/CH22/EX22.4w/22_4w.sce #
 
 
 
 
 
 
 
 d  =
 
    0.5  
 
 lumflux  =
 
    1570.  
 
 d1  =
 
    0.8  
 
 
 
 I  =
 
    124.93663  
 
 
 
 r  =
 
    0.5  
 
 theta  =
 
    0.  
 
 EA  =
 
    499.74652  
 
 
 r1  =
 
    0.8  
 
 theta1  =
 
    51.317813  
 
 EB  =
 
    122.00843  
 
 
the illuminance at a small surface area of the table-top directly below the surface is 500 lux 

the illuminance at a small surface area of the table-top at a distance 0.80 m from the source is 122 lux 
 
grepthis#Concepts_Of_Physics_(volume_-_1)_H._C._Verma_2084/CH22/EX22.5w/22_5w.sce #
 
 
 
 
 
 
 
 I0  =
 
    160.  
 
 deltaw  =
 
    0.02  
 
 theta  =
 
    60.  
 
 
 
 I  =
 
    80.  
 
 deltaF  =
 
    1.6  
 
 
the luminous flux emitted into a cone of solid angle 0.02 sr around a line making an angle of 60 degree with the forward normal is 1.6 lumen 
 
