grepthis#Concepts_Of_Physics_(volume_-_1)_H._C._Verma_2084/CH2/EX2.10/2_10.sce #
 
 
[2J[0;0H 
 
 
 
 
 a  =
 
    15462.  
 
 b  =
 
    14.745  
 
 c  =
 
    14.75  
 
 d  =
 
    1.465D+13  
 
 
 
 
 na  =
 
    15500.  
 
 nb  =
 
    14.7  
 
 nc  =
 
    14.8  
 
 nd  =
 
    1.460D+13  
 
 
the value of 15462.000000 rounded upto three significant digits is 15500 

the value of 14.745000 rounded upto three significant digits is 14.70 

the value of 14.750000 rounded upto three significant digits is 14.80 

the value of 1.4650e+13 rounded upto three significant digits is 1.46e+13 
 
grepthis#Concepts_Of_Physics_(volume_-_1)_H._C._Verma_2084/CH2/EX2.11/2_11.sce #
 
 
[2J[0;0H 
 
 
 
 
 
 
 
 
 
 temp  =
 
    1039.7838  
 
 
 
 
 
 ntemp  =
 
    1040.  
 
 
value is 1039.783784,considering only 2 significant figures value is 1040 
 
grepthis#Concepts_Of_Physics_(volume_-_1)_H._C._Verma_2084/CH2/EX2.18w/2_18w.sce #
 
 
[2J[0;0H 
 
 
 
 
 
 
 
 
 
 
 
 
 
 
 
 temp  =
 
    38844.  
 
 
 ntemp  =
 
    39000.  
 
 
value is 38844,considering only 2 significant figures value is 39000 
 
