Total number of .sce files(without counting DEPENDENCIES directory): 91

grepthis#Fluid_Mechanics_R._H._F._Pao_2066/CH2/EX2.1/2_1.sce #
 
 
 
 gam  =
 
    0.0765  
 
 p  =
 
    14.7  
 
 dz  =
 
    10560.  
 
 
 pg  =
 
    27670.588  
 
 p2  =
 
    10.036363  
 
 gam2  =
 
    0.0522301  
 
 
Final pressure = 10.04 psia 

 Final specific weight = 0.0522 lb/ft^3 
 
grepthis#Fluid_Mechanics_R._H._F._Pao_2066/CH2/EX2.2/2_2.sce #
 
 
 
 gam  =
 
    0.0765  
 
 p  =
 
    14.7  
 
 dz  =
 
    10560.  
 
 n  =
 
    1.235  
 
 
 pg  =
 
    27670.588  
 
 p2  =
 
    9.8912293  
 
 gam2  =
 
    0.0555055  
 
 
Final pressure = 9.89 psia 

 Final specific weight = 0.0555 lb/ft^3 
 
 
grepthis#Fluid_Mechanics_R._H._F._Pao_2066/CH2/EX2.3/2_3.sce #
 
 
 
 pb  =
 
    28.5  
 
 d  =
 
    13.6  
 
 gam  =
 
    62.4  
 
 pobs  =
 
  - 4.  
 
 
 patm  =
 
    13.996667  
 
 pabs  =
 
    9.9966667  
 
 P  =
 
    23.069231  
 
 
Absolute pressure = 10.0 psia 

 Absolute pressure in feet of water = 23.1 ft of water 
 
grepthis#Fluid_Mechanics_R._H._F._Pao_2066/CH2/EX2.4/2_4.sce #
 
 
 
 pb  =
 
    28.  
 
 d  =
 
    13.6  
 
 gam  =
 
    62.4  
 
 xm  =
 
    15.  
 
 xw  =
 
    10.  
 
 patm  =
 
    28.  
 
 
 pB  =
 
  - 3.0333333  
 
 pair  =
 
    6.3844444  
 
 
The pressure gauge at B indicates a reading of 3.03 psi vacuum 

 Absolute pressure of Air = 6.38 psia 
 
grepthis#Fluid_Mechanics_R._H._F._Pao_2066/CH2/EX2.5/2_5.sce #
 
 
 
 pb  =
 
    28.5  
 
 d  =
 
    13.6  
 
 gam  =
 
    62.4  
 
 xm  =
 
    10.  
 
 xw  =
 
    2.  
 
 
 dp  =
 
    5.4166667  
 
 
Pressure difference = 5.42 psi 

 Pressure at A is greater than that at B 
 
grepthis#Fluid_Mechanics_R._H._F._Pao_2066/CH2/EX2.6/2_6.sce #
 
 
 
 gam  =
 
    62.4  
 
 x1  =
 
    4.  
 
 x2  =
 
    6.  
 
 y1  =
 
    6.  
 
 z  =
 
    8.  
 
 dy  =
 
    1.  
 
 angle  =
 
    60.  
 
 
 A1  =
 
    24.  
 
 A2  =
 
    18.  
 
 yc  =
 
    10.571429  
 
 hc  =
 
    9.1551257  
 
 F  =
 
    23993.753  
 
 ic1  =
 
    72.  
 
 ic2  =
 
    36.  
 
 ad1  =
 
    4.4081633  
 
 ad2  =
 
    5.877551  
 
 It  =
 
    118.28571  
 
 ydc  =
 
    0.2664093  
 
 
 MED  =
 
    18481.675  
 
 FEDC  =
 
    9727.1973  
 
 xed  =
 
    1.9  
 
 xp  =
 
    3.5810811  
 
 
Magnitude of total force = 23993 lb 

 Vertical location of force = 0.266 ft 

 Horizontal location of force = 3.58 ft from AB 

 Direction of force is perpendicular to the plane surface 
 
grepthis#Fluid_Mechanics_R._H._F._Pao_2066/CH2/EX2.7/2_7.sce #
 
 
 
 gam  =
 
    62.4  
 
 z  =
 
    10.  
 
 z2  =
 
    5.  
 
 z3  =
 
    4.25  
 
 p  =
 
    2.  
 
 
 h  =
 
    4.6153846  
 
 Av  =
 
    100.  
 
 Fh  =
 
    91200.  
 
 hpc  =
 
    0.5701754  
 
 Fv  =
 
    109008.85  
 
 xp  =
 
    4.6628105  
 
 F  =
 
    142128.  
 
 
Magnitude of force = 142127 lb 

 horizontal distance from line of action of Fv = 4.66 ft from AG 
 
grepthis#Fluid_Mechanics_R._H._F._Pao_2066/CH2/EX2.8/2_8.sce #
 
 
 
 gam  =
 
    0.0765  
 
 l  =
 
    40.  
 
 w  =
 
    16.  
 
 d  =
 
    8.  
 
 z  =
 
    6.  
 
 BG  =
 
    1.  
 
 
 I  =
 
    13653.333  
 
 V  =
 
    3840.  
 
 IVG  =
 
    2.5555556  
 
 MB  =
 
    3.5555556  
 
 
I/V -BG = 2.56 ft  

 Barge is stable 

 Location of metacenter = 3.56 ft above the center of buoyancy  
 
grepthis#Fluid_Mechanics_R._H._F._Pao_2066/CH3/EX3.1/3_1.sce #
 
 
 
 gam  =
 
    0.0765  
 
 Q  =
 
    100.  
 
 d1  =
 
    2.5  
 
 d2  =
 
    9.  
 
 l  =
 
    12.  
 
 
 A1  =
 
    4.9087385  
 
 V1  =
 
    20.371833  
 
 A2  =
 
    28.274334  
 
 V2  =
 
    3.5367765  
 
 
Mean velocity of flow at section 1 = 20.4 ft/sec 

 Mean velocity of flow at section 2 = 3.54 ft/sec 
 
grepthis#Fluid_Mechanics_R._H._F._Pao_2066/CH3/EX3.5/3_5.sce #
 
 
 
 x  =
 
    3.  
 
 y  =
 
    1.  
 
 
 u  =
 
  - 3.  
 
 v  =
 
  - 18.  
 
 
Horizontal component of velocity = -3  

 vertical component of velocity = -18  
 
grepthis#Fluid_Mechanics_R._H._F._Pao_2066/CH4/EX4.1/4_1.sce #
 
 
 
 rho  =
 
    1.5  
 
 g  =
 
    32.2  
 
 dzds  =
 
  - 0.5  
 
 x1  =
 
    0.  
 
 x2  =
 
    3.  
 
 
 
 r1  =
 
  - 16.35  
 
 r2  =
 
  - 380.85  
 
 
At the upper end, dp/ds = -16.3 lb/ft^2 per foot 

 At the lower end, dp/ds = -380.9 lb/ft^2 per foot 
 
grepthis#Fluid_Mechanics_R._H._F._Pao_2066/CH4/EX4.2/4_2.sce #
 
 
 
 g  =
 
    32.2  
 
 v1  =
 
    3.  
 
 z1  =
 
    1.5  
 
 rho  =
 
    1.5  
 
 z2  =
 
    0.  
 
 v2  =
 
    30.  
 
 
 dp  =
 
    595.8  
 
 
pressure difference = 595.8 lb/ft^2 
 
grepthis#Fluid_Mechanics_R._H._F._Pao_2066/CH4/EX4.3/4_3.sce #
 
 
 
 pd  =
 
    15.  
 
 rhod  =
 
    0.005  
 
 pi  =
 
    150.  
 
 rhoi  =
 
    0.03  
 
 dz  =
 
  - 25.  
 
 vd  =
 
    1000.  
 
 vi  =
 
    100.  
 
 ud  =
 
    200.  
 
 ui  =
 
    250.  
 
 g  =
 
    32.2  
 
 J  =
 
    778.  
 
 uff  =
 
    5.  
 
 Q  =
 
    50.  
 
 
 pr  =
 
  - 288000.  
 
 zr  =
 
  - 805.  
 
 vr  =
 
    495000.  
 
 ur  =
 
  - 38900.  
 
 jeh  =
 
    250516.  
 
 gem  =
 
    417811.  
 
 power  =
 
    64877.484  
 
 
Power transferred = 64877 ft-lb/sec 
 
grepthis#Fluid_Mechanics_R._H._F._Pao_2066/CH4/EX4.4/4_4.sce #
 
 
 
 r0  =
 
    1.  
 
 ri  =
 
    0.  
 
 
 
 V  =
 
  - 0.8166667  
 
 
 a2  =
 
    1.0583825  
 
 
Kinetic energy correction factor = 1.06 
 
grepthis#Fluid_Mechanics_R._H._F._Pao_2066/CH4/EX4.5.a/4_5a.sce #
 
 
 
 gam  =
 
    62.4  
 
 pu  =
 
    40.  
 
 zu  =
 
    25.  
 
 vu  =
 
    8.  
 
 g  =
 
    32.2  
 
 vl  =
 
    8.  
 
 zl  =
 
    0.  
 
 
 pl  =
 
    50.833333  
 
 
Pressure at the lower end if friction is neglected = 50.83 psig 
 
grepthis#Fluid_Mechanics_R._H._F._Pao_2066/CH4/EX4.5.b/4_5b.sce #
 
 
 
 hl  =
 
    5.  
 
 gam  =
 
    62.4  
 
 pu  =
 
    40.  
 
 zu  =
 
    25.  
 
 vu  =
 
    8.  
 
 g  =
 
    32.2  
 
 vl  =
 
    8.  
 
 zl  =
 
    0.  
 
 
 pl  =
 
    48.666667  
 
 
Pressure at the lower end if friction is neglected = 48.67 psig 
 
grepthis#Fluid_Mechanics_R._H._F._Pao_2066/CH4/EX4.6.b/4_6b.sce #
 
 
 
 gam  =
 
    62.4  
 
 pa  =
 
    0.  
 
 za  =
 
    15.  
 
 va  =
 
    0.  
 
 pg  =
 
    0.  
 
 zg  =
 
    0.  
 
 g  =
 
    32.2  
 
 d  =
 
    4.  
 
 dg  =
 
    2.  
 
 zd  =
 
    25.  
 
 
 vg  =
 
    31.080541  
 
 Ag  =
 
    0.0218166  
 
 Q  =
 
    0.6780722  
 
 A  =
 
    0.0872665  
 
 v4  =
 
    7.7701351  
 
 pc  =
 
  - 0.40625  
 
 pgd  =
 
  - 10.9375  
 
 pd  =
 
  - 4.7395833  
 
 pe  =
 
  - 0.40625  
 
 pfg  =
 
    14.0625  
 
 pf  =
 
    6.09375  
 
 
Pressure at C = -0.41 psig 

 Pressure at D = -4.74 psig 

 Pressure at E = -0.41 psig 

 Pressure at F = 6.09 psig 
 
grepthis#Fluid_Mechanics_R._H._F._Pao_2066/CH4/EX4.6/4_6.sce #
 
 
 
 gam  =
 
    62.4  
 
 pa  =
 
    0.  
 
 za  =
 
    15.  
 
 va  =
 
    0.  
 
 pg  =
 
    0.  
 
 zg  =
 
    0.  
 
 g  =
 
    32.2  
 
 dg  =
 
    2.  
 
 
 vg  =
 
    31.080541  
 
 Ag  =
 
    0.0218166  
 
 Q  =
 
    0.6780722  
 
 
discharge = 0.68 ft^3/sec 
 
grepthis#Fluid_Mechanics_R._H._F._Pao_2066/CH4/EX4.7/4_7.sce #
 
 
 
 d1  =
 
    6.  
 
 d2  =
 
    3.  
 
 pa  =
 
    2.  
 
 d  =
 
    13.6  
 
 sg  =
 
    0.75  
 
 h1  =
 
    5.  
 
 h2  =
 
    3.  
 
 g  =
 
    32.2  
 
 
 pag  =
 
    3.0222222  
 
 
 ti  =
 
    54.310227  
 
 
Time required = 54.3 sec 
 
grepthis#Fluid_Mechanics_R._H._F._Pao_2066/CH4/EX4.8/4_8.sce #
 
 
 
 x  =
 
    12.  
 
 angle  =
 
    30.  
 
 g  =
 
    32.2  
 
 z  =
 
  - 2.  
 
 d  =
 
    2.  
 
 
 vj  =
 
    18.607221  
 
 Q  =
 
    0.4059466  
 
 
Rate of flow = 0.41 ft^3/s 
 
grepthis#Fluid_Mechanics_R._H._F._Pao_2066/CH4/EX4.9/4_9.sce #
 
 
 
 x  =
 
    10.  
 
 sg  =
 
    13.6  
 
 d1  =
 
    8.  
 
 d2  =
 
    4.  
 
 g  =
 
    32.2  
 
 
 vdiff  =
 
    10.5  
 
 Vts  =
 
    11.2  
 
 Vt  =
 
    26.856657  
 
 Q  =
 
    2.3436854  
 
 
Discharge = 2.34 ft^3/s 
 
grepthis#Fluid_Mechanics_R._H._F._Pao_2066/CH4/EX4.11/4_11.sce #
 
 
 
 gam  =
 
    62.4  
 
 ds  =
 
    12.  
 
 dd  =
 
    10.  
 
 Q  =
 
    4.  
 
 pd  =
 
    40.  
 
 ps  =
 
  - 6.  
 
 zd  =
 
    5.  
 
 zs  =
 
    0.  
 
 g  =
 
    32.2  
 
 
 vs  =
 
    5.0929582  
 
 vd  =
 
    7.3338598  
 
 emp  =
 
    111.58626  
 
 hpp  =
 
    50.639872  
 
 
Horsepower input of the test pump = 50.6 hp 
 
grepthis#Fluid_Mechanics_R._H._F._Pao_2066/CH4/EX4.12/4_12.sce #
 
 
 
 d1  =
 
    12.  
 
 d2  =
 
    8.  
 
 v1  =
 
    15.  
 
 p1  =
 
    12.  
 
 p2  =
 
    5.85  
 
 rho  =
 
    1.94  
 
 angle  =
 
    60.  
 
 
 Q  =
 
    11.780972  
 
 v2  =
 
    33.75  
 
 pa1  =
 
    1357.168  
 
 pa2  =
 
    294.05307  
 
 qv1  =
 
    342.8263  
 
 qv2  =
 
    771.35917  
 
 Fx  =
 
    2232.7004  
 
 Fy  =
 
    922.67407  
 
 
Horizontal component of force = 2232 lb 

 Vertical component of force = 922 lb 
 
grepthis#Fluid_Mechanics_R._H._F._Pao_2066/CH4/EX4.14.b/4_14b.sce #
 
 
 
 de  =
 
    4.  
 
 T  =
 
    1000.  
 
 g  =
 
    32.2  
 
 vele  =
 
    8.5  
 
 pe  =
 
    16.5  
 
 pa  =
 
    14.7  
 
 pa2  =
 
    1.  
 
 
 Ae  =
 
    12.566371  
 
 Ve  =
 
    3702.5474  
 
 T2  =
 
    1172.1593  
 
 
Thrust = 1172 lb 
 
grepthis#Fluid_Mechanics_R._H._F._Pao_2066/CH4/EX4.14/4_14.sce #
 
 
 
 de  =
 
    4.  
 
 T  =
 
    1000.  
 
 g  =
 
    32.2  
 
 vele  =
 
    8.5  
 
 pe  =
 
    16.5  
 
 pa  =
 
    14.7  
 
 
 Ae  =
 
    12.566371  
 
 Ve  =
 
    3702.5474  
 
 
Exit velocity = 3702 ft/s 
 
grepthis#Fluid_Mechanics_R._H._F._Pao_2066/CH4/EX4.16/4_16.sce #
 
 
 
 q  =
 
    240.  
 
 v1  =
 
    60.  
 
 gam  =
 
    62.4  
 
 rho  =
 
    1.94  
 
 g  =
 
    32.2  
 
 
 y1  =
 
    4.  
 
 v2  =
 
    8.6  
 
 y2  =
 
    28.  
 
 hl  =
 
    30.752174  
 
 hpp  =
 
    837.35374  
 
 
Downstream depth = 28.0 ft 

 Horsepower dissipation = 837 hp per foot width 
 
grepthis#Fluid_Mechanics_R._H._F._Pao_2066/CH4/EX4.17/4_17.sce #
 
 
 
 dh  =
 
    3.  
 
 L  =
 
    12.  
 
 g  =
 
    32.2  
 
 
 a  =
 
    8.05  
 
 
Acceleration = 8.05 ft/s^2 
 
grepthis#Fluid_Mechanics_R._H._F._Pao_2066/CH5/EX5.3/5_3.sce #
 
 
 
 m  =
 
    1155.  
 
 gam  =
 
    62.4  
 
 spg  =
 
    0.93  
 
 t  =
 
    180.  
 
 d  =
 
    0.1666667  
 
 L  =
 
    20.  
 
 dp  =
 
    2.5  
 
 
 Q  =
 
    0.1105712  
 
 A  =
 
    0.0218166  
 
 V  =
 
    5.0682095  
 
 mu  =
 
    0.0030829  
 
 
Viscosity of oil = 0.0031 lb-sec/ft^2 
 
grepthis#Fluid_Mechanics_R._H._F._Pao_2066/CH5/EX5.4/5_4.sce #
 
 
 
 g  =
 
    32.2  
 
 gam  =
 
    62.4  
 
 r0  =
 
    1.  
 
 
 
 alpha  =
 
    2.  
 
 
 bet  =
 
    1.3333333  
 
 
Alpha = 2  

 beta = 1.33 
 
grepthis#Fluid_Mechanics_R._H._F._Pao_2066/CH5/EX5.5.a/5_5a.sce #
 
 
 
 spg  =
 
    0.93  
 
 mu  =
 
    0.0031  
 
 gam  =
 
    62.4  
 
 z  =
 
    50.  
 
 p1  =
 
    60.  
 
 p2  =
 
    25.  
 
 
 p1g  =
 
    8640.  
 
 p2g  =
 
    6501.6  
 
 dp  =
 
    2138.4  
 
 
The flow is in upward direction 

 Energy loss= 2138 ft-lb/ft^3 
 
grepthis#Fluid_Mechanics_R._H._F._Pao_2066/CH5/EX5.5.b/5_5b.sce #
 
 
 
 hl  =
 
    2140.  
 
 spg  =
 
    0.93  
 
 mu  =
 
    0.0031  
 
 gam  =
 
    62.4  
 
 z  =
 
    50.  
 
 p1  =
 
    60.  
 
 p2  =
 
    25.  
 
 d  =
 
    1.  
 
 
 V  =
 
    2.9961918  
 
 Q  =
 
    0.0163417  
 
 Q2  =
 
    7.3341509  
 
 
Flow rate = 7.33 gal/min 
 
grepthis#Fluid_Mechanics_R._H._F._Pao_2066/CH5/EX5.7/5_7.sce #
 
 
 
 muw  =
 
    0.0000204  
 
 rhow  =
 
    1.94  
 
 mua  =
 
    0.0000004  
 
 rhoa  =
 
    0.00237  
 
 Qw  =
 
    200.  
 
 Lr  =
 
    5.  
 
 
 Qa  =
 
    15007.032  
 
 
Flow in model = 15007 gal/min 
 
grepthis#Fluid_Mechanics_R._H._F._Pao_2066/CH6/EX6.3/6_3.sce #
 
 
 
 dg  =
 
    0.5  
 
 dw  =
 
    12.  
 
 rhog  =
 
    0.022  
 
 rhow  =
 
    1.94  
 
 muw  =
 
    0.0000234  
 
 mug  =
 
    0.0000003  
 
 Qg  =
 
    0.15  
 
 dpg  =
 
    100.  
 
 
 Vr  =
 
    0.0315906  
 
 Qr  =
 
    18.196171  
 
 Qw  =
 
    2.7294256  
 
 dpr  =
 
    0.0880023  
 
 dpw  =
 
    8.8002314  
 
 
Flow rate of water = 2.73 ft^3/s 

 Pressure drop = 8.8 lb/ft^2 
 
grepthis#Fluid_Mechanics_R._H._F._Pao_2066/CH6/EX6.4/6_4.sce #
 
 
 
 Lr  =
 
    0.1  
 
 rhom  =
 
    2.  
 
 rhop  =
 
    1.94  
 
 
 Vr  =
 
    0.3162278  
 
 Tr  =
 
    0.3162278  
 
 ar  =
 
    1.  
 
 Fr  =
 
    0.0010309  
 
 
Velocity ratio = 0.3162 

 Time ratio = 0.3162 

 Acceleration ratio = 1  

 Force ratio = 0.001031 
 
grepthis#Fluid_Mechanics_R._H._F._Pao_2066/CH7/EX7.1.b/7_1b.sce #
 
 
 
 z1  =
 
    2.  
 
 Q  =
 
    0.1  
 
 alpha  =
 
    2.  
 
 g  =
 
    32.2  
 
 L  =
 
    4.  
 
 D  =
 
    0.0104167  
 
 
 v2  =
 
    2.6145668  
 
 hl  =
 
    1.7877031  
 
 Nr  =
 
    1459.249  
 
 mu  =
 
    0.0000187  
 
 
Kinematic viscosity = 1.87e-05 ft^2/s 
 
grepthis#Fluid_Mechanics_R._H._F._Pao_2066/CH7/EX7.1.c/7_1c.sce #
 
 
 
 z1  =
 
    2.  
 
 Q  =
 
    0.1  
 
 alpha  =
 
    2.  
 
 g  =
 
    32.2  
 
 L  =
 
    4.  
 
 D  =
 
    0.0104167  
 
 
 v2  =
 
    2.6145668  
 
 hl  =
 
    1.7877031  
 
 Nr  =
 
    1459.249  
 
 Ld  =
 
    0.8816296  
 
 
Theoretical entrance transistion length = 0.882 ft 
 
grepthis#Fluid_Mechanics_R._H._F._Pao_2066/CH7/EX7.1/7_1.sce #
 
 
 
 z1  =
 
    2.  
 
 Q  =
 
    0.1  
 
 alpha  =
 
    2.  
 
 g  =
 
    32.2  
 
 L  =
 
    4.  
 
 D  =
 
    0.0104167  
 
 
 v2  =
 
    2.6145668  
 
 hl  =
 
    1.7877031  
 
 Nr  =
 
    1459.249  
 
 
Reynolds number is 1459.  Hence the flow is laminar 
 
 
grepthis#Fluid_Mechanics_R._H._F._Pao_2066/CH7/EX7.2/7_2.sce #
 
 
 
 Q  =
 
    350.  
 
 D  =
 
    6.  
 
 rho  =
 
    0.84  
 
 gam  =
 
    62.4  
 
 g  =
 
    32.2  
 
 mu  =
 
    0.000092  
 
 L  =
 
    5280.  
 
 
 V  =
 
    3.9717811  
 
 Nr  =
 
    35137.874  
 
 f  =
 
    0.0231096  
 
 hl  =
 
    59.777984  
 
 hp  =
 
    4.4428091  
 
 
Horsepower required = 4.44 hp/mile 
 
grepthis#Fluid_Mechanics_R._H._F._Pao_2066/CH7/EX7.3/7_3.sce #
 
 
 
 n  =
 
    7.  
 
 
 alpha  =
 
    1.0583825  
 
 bet  =
 
    1.0204082  
 
 
alpha = 1.06 

 beta = 1.02 
 
grepthis#Fluid_Mechanics_R._H._F._Pao_2066/CH7/EX7.5/7_5.sce #
 
 
 
 spg  =
 
    0.84  
 
 z  =
 
    1.  
 
 gam  =
 
    62.4  
 
 patm  =
 
    14.7  
 
 T  =
 
    544.6  
 
 R  =
 
    53.3  
 
 g  =
 
    32.2  
 
 D  =
 
    3.  
 
 mu  =
 
    0.0000004  
 
 
 dp  =
 
    4.368  
 
 rho  =
 
    0.0022647  
 
 umax  =
 
    62.107888  
 
 V  =
 
    49.68631  
 
 Nr  =
 
    870052.35  
 
 V2  =
 
    54.344402  
 
 mass  =
 
    0.8699741  
 
 emf  =
 
    45.858913  
 
 hp  =
 
    2.3357333  
 
 
Mass flow rate = 0.87 slug/sec 

 Horsepower input of the fan = 2.34 hp 
 
grepthis#Fluid_Mechanics_R._H._F._Pao_2066/CH7/EX7.7.a/7_7a.sce #
 
 
 
 D  =
 
    36.  
 
 rho  =
 
    0.00226  
 
 mu  =
 
    0.0000004  
 
 umax  =
 
    62.2  
 
 V  =
 
    54.5  
 
 Nr  =
 
    950000.  
 
 r0  =
 
    18.  
 
 r  =
 
    12.  
 
 n  =
 
    8.8  
 
 k  =
 
    0.4  
 
 
 f  =
 
    0.0116659  
 
 Vs  =
 
    2.0811824  
 
 y  =
 
    6.  
 
 u1  =
 
    54.899964  
 
 u2  =
 
    56.483969  
 
 u3  =
 
    57.62647  
 
 u4  =
 
    56.7116  
 
 
Using equation 7-13, velocity = 54.9 ft/s 

 Using equation 7-18, velocity = 56.5 ft/s 

 Using equation 7-25, velocity = 57.6 ft/s 

 Using equation 7-34a, velocity = 56.7 ft/s 
 
grepthis#Fluid_Mechanics_R._H._F._Pao_2066/CH7/EX7.7.b/7_7b.sce #
 
 
 
 D  =
 
    36.  
 
 rho  =
 
    0.00226  
 
 mu  =
 
    0.0000004  
 
 umax  =
 
    62.2  
 
 V  =
 
    54.5  
 
 Nr  =
 
    950000.  
 
 r0  =
 
    18.  
 
 r  =
 
    12.  
 
 n  =
 
    8.8  
 
 k  =
 
    0.4  
 
 
 f  =
 
    0.0116659  
 
 Vs  =
 
    2.0811824  
 
 y  =
 
    6.  
 
 delta1  =
 
    0.0049618  
 
 vss  =
 
    70.  
 
 thick  =
 
    0.0645028  
 
 
Outer edge of buffer zone is at 70 

 Thickness of buffer zone = 0.0645 in 
 
grepthis#Fluid_Mechanics_R._H._F._Pao_2066/CH7/EX7.7.c/7_7c.sce #
 
 
 
 D  =
 
    36.  
 
 rho  =
 
    0.00226  
 
 mu  =
 
    0.0000004  
 
 umax  =
 
    62.2  
 
 V  =
 
    54.5  
 
 Nr  =
 
    950000.  
 
 r0  =
 
    18.  
 
 r  =
 
    12.  
 
 n  =
 
    8.8  
 
 k  =
 
    0.4  
 
 
 f  =
 
    0.0116659  
 
 Vs  =
 
    2.0811824  
 
 delta1  =
 
    0.0049618  
 
 y  =
 
    0.0049618  
 
 u2  =
 
    10.431602  
 
 u1  =
 
    24.506774  
 
 
using equation 7-13, velocity = 24.5 ft/s 

 using equation 7-30, velocity = 10.4 ft/s 
 
grepthis#Fluid_Mechanics_R._H._F._Pao_2066/CH7/EX7.7.d/7_7d.sce #
 
 
 
 D  =
 
    36.  
 
 rho  =
 
    0.00226  
 
 mu  =
 
    0.0000004  
 
 umax  =
 
    62.2  
 
 V  =
 
    54.5  
 
 Nr  =
 
    950000.  
 
 r0  =
 
    18.  
 
 r  =
 
    12.  
 
 n  =
 
    8.8  
 
 k  =
 
    0.4  
 
 
 f  =
 
    0.0116659  
 
 Vs  =
 
    2.0811824  
 
 delta1  =
 
    0.0049618  
 
 y  =
 
    0.0694646  
 
 u2  =
 
    33.077142  
 
 u3  =
 
    33.539235  
 
 
Using equation 7-13, velocity = 33.1 ft/s 

 using equation 7-34a, velocity = 33.5 ft/s 
 
grepthis#Fluid_Mechanics_R._H._F._Pao_2066/CH7/EX7.7.e/7_7e.sce #
 
 
 
 D  =
 
    36.  
 
 rho  =
 
    0.00226  
 
 mu  =
 
    0.0000004  
 
 umax  =
 
    62.2  
 
 V  =
 
    54.5  
 
 Nr  =
 
    950000.  
 
 r0  =
 
    18.  
 
 r  =
 
    12.  
 
 n  =
 
    8.8  
 
 k  =
 
    0.4  
 
 
 f  =
 
    0.0116659  
 
 Vs  =
 
    2.0811824  
 
 delta1  =
 
    0.0049618  
 
 u2  =
 
    10.431602  
 
 T0  =
 
    0.0097888  
 
 T02  =
 
    0.0097888  
 
 
Using equation 7-9a, shearing stress = 0.00979 lb/ft^2 

 Using equation 7-28, shearing stress = 0.00979 lb/ft^2 
 
 The answers are a bit different due to rounding off error in textbook   
 
 
grepthis#Fluid_Mechanics_R._H._F._Pao_2066/CH7/EX7.8/7_8.sce #
 
 
 
 umax  =
 
    62.2  
 
 r0  =
 
    18.  
 
 e  =
 
    0.0696  
 
 r  =
 
    6.  
 
 
 Vs  =
 
    2.7801599  
 
 u  =
 
    54.572778  
 
 
Velocity = 54.6 ft/s 
 
grepthis#Fluid_Mechanics_R._H._F._Pao_2066/CH7/EX7.9/7_9.sce #
 
 
 
 d  =
 
    8.  
 
 V  =
 
    3.65  
 
 u1  =
 
    4.75  
 
 r0  =
 
    4.  
 
 
 f  =
 
    0.0449  
 
 Q  =
 
    1.2740904  
 
 Vs  =
 
    0.2933333  
 
 r0e  =
 
    21.774323  
 
 e  =
 
    0.1837026  
 
 
Flow rate = 1.27 ft^3/s 

 roughness factor = 0.184 in 
 
grepthis#Fluid_Mechanics_R._H._F._Pao_2066/CH7/EX7.10/7_10.sce #
 
 
 
 e0  =
 
    0.00085  
 
 alpha  =
 
    0.25  
 
 t  =
 
    15.  
 
 r0  =
 
    3.  
 
 Q  =
 
    500.  
 
 d  =
 
    6.  
 
 mu  =
 
    0.0000204  
 
 rho  =
 
    1.94  
 
 g  =
 
    32.2  
 
 L  =
 
    1.  
 
 gam  =
 
    62.4  
 
 
 e15  =
 
    0.0040375  
 
 ratio  =
 
    61.919505  
 
 V  =
 
    5.673973  
 
 Nr  =
 
    269791.85  
 
 f  =
 
    0.036  
 
 hl  =
 
    0.0359933  
 
 dp  =
 
    2.2459793  
 
 
Pressure difference = 2.25 lb/ft^2 per foot of horizontal pipe 
 
grepthis#Fluid_Mechanics_R._H._F._Pao_2066/CH7/EX7.11/7_11.sce #
 
 
 
 d2  =
 
    4.  
 
 d1  =
 
    3.  
 
 e  =
 
    0.0005  
 
 mu  =
 
    0.0000375  
 
 rho  =
 
    1.94  
 
 Q  =
 
    100.  
 
 L  =
 
    100.  
 
 g  =
 
    32.2  
 
 gam  =
 
    62.4  
 
 
 A  =
 
    0.0381791  
 
 WP  =
 
    1.8325957  
 
 R  =
 
    0.0208333  
 
 RR  =
 
    83.333333  
 
 V  =
 
    5.8360865  
 
 Nr  =
 
    25160.017  
 
 f  =
 
    0.035  
 
 hl  =
 
    22.212982  
 
 hp  =
 
    0.5615338  
 
 
horsepower required = 0.56 hp/100 ft 
 
grepthis#Fluid_Mechanics_R._H._F._Pao_2066/CH7/EX7.12/7_12.sce #
 
 
 
 p1  =
 
    25.  
 
 p2  =
 
    20.  
 
 d1  =
 
    18.  
 
 d2  =
 
    12.  
 
 Cl  =
 
    0.25  
 
 gam  =
 
    62.4  
 
 g  =
 
    32.2  
 
 
 Vr  =
 
    0.4444444  
 
 xv  =
 
  - 11.538462  
 
 V22  =
 
    706.03203  
 
 V2  =
 
    26.571263  
 
 Q  =
 
    20.869021  
 
 
Discharge = 20.9 ft^3/s 
 
grepthis#Fluid_Mechanics_R._H._F._Pao_2066/CH7/EX7.13/7_13.sce #
 
 
 
 V61  =
 
    10.8  
 
 V81  =
 
    6.05  
 
 r0  =
 
    3.  
 
 e  =
 
    0.00015  
 
 d1  =
 
    6.  
 
 rho  =
 
    1.94  
 
 mu  =
 
    0.0000234  
 
 
 roe  =
 
    1666.6667  
 
 Nr1  =
 
    447692.31  
 
 f6  =
 
    0.0165  
 
 V6  =
 
    11.6  
 
 V8  =
 
    6.52  
 
 Q  =
 
    2.2776547  
 
 
Discharge = 2.28 ft^3/s 
 
grepthis#Fluid_Mechanics_R._H._F._Pao_2066/CH7/EX7.14/7_14.sce #
 
 
 
 L  =
 
    1000.  
 
 Q  =
 
    4.456328  
 
 g  =
 
    32.2  
 
 p  =
 
    5.  
 
 gam  =
 
    62.4  
 
 sp  =
 
    0.7  
 
 f  =
 
    0.02  
 
 r0  =
 
    0.452  
 
 e  =
 
    0.00015  
 
 mu  =
 
    0.000007  
 
 L  =
 
    1000.  
 
 
 hl  =
 
    16.483516  
 
 D5  =
 
    0.6065531  
 
 D  =
 
    0.9048441  
 
 Nr  =
 
    1215184.5  
 
 f2  =
 
    0.0145  
 
 D5  =
 
    0.4397510  
 
 D1  =
 
    0.8484795  
 
 
Diameter of steel pipe = 0.848 ft 
 
grepthis#Fluid_Mechanics_R._H._F._Pao_2066/CH8/EX8.1/8_1.sce #
 
 
 
 pi  =
 
    14.7  
 
 pf  =
 
    50.  
 
 cp  =
 
    0.24  
 
 cv  =
 
    0.17  
 
 J  =
 
    778.  
 
 T  =
 
    519.6  
 
 
 R  =
 
    54.46  
 
 k  =
 
    1.4117647  
 
 gam  =
 
    0.0748054  
 
 V  =
 
    13.368016  
 
 Vf  =
 
    5.6166795  
 
 Tf  =
 
    742.56505  
 
 
Initial volume = 13.37 ft^3 

 Final volume = 5.62 cu ft 

 Final temperature = 742.6 R 
 
grepthis#Fluid_Mechanics_R._H._F._Pao_2066/CH8/EX8.2/8_2.sce #
 
 
 
 ratio  =
 
    0.99  
 
 E  =
 
    319000.  
 
 
 pd  =
 
    3206.0571  
 
 
Pressure difference = 3206 psi 
 
grepthis#Fluid_Mechanics_R._H._F._Pao_2066/CH8/EX8.3/8_3.sce #
 
 
 
 k  =
 
    1.4  
 
 g  =
 
    32.2  
 
 R  =
 
    53.3  
 
 T  =
 
    389.9  
 
 Nm  =
 
    2.  
 
 
 c  =
 
    967.90376  
 
 V  =
 
    1319.8688  
 
 
Speed of test plane = 1319 mph 
 
grepthis#Fluid_Mechanics_R._H._F._Pao_2066/CH8/EX8.4.a/8_4a.sce #
 
 
 
 T1  =
 
    584.6  
 
 g  =
 
    32.2  
 
 k  =
 
    1.4  
 
 R  =
 
    53.3  
 
 V1  =
 
    600.  
 
 T2  =
 
    519.6  
 
 
 Nm1  =
 
    0.5062515  
 
 Nm22  =
 
    0.9138327  
 
 Nm2  =
 
    0.9559459  
 
 V2  =
 
    1068.1284  
 
 
Velocity at section 2 = 1068 ft/s 
 
grepthis#Fluid_Mechanics_R._H._F._Pao_2066/CH8/EX8.4.b/8_4b.sce #
 
 
 
 T1  =
 
    584.6  
 
 g  =
 
    32.2  
 
 k  =
 
    1.4  
 
 R  =
 
    53.3  
 
 V1  =
 
    600.  
 
 T2  =
 
    519.6  
 
 pa  =
 
    14.7  
 
 p1  =
 
    50.  
 
 
 Nm1  =
 
    0.5062515  
 
 Nm22  =
 
    0.9138327  
 
 Nm2  =
 
    0.9559459  
 
 pr  =
 
    0.6619667  
 
 p2  =
 
    42.829247  
 
 dp  =
 
    21.870753  
 
 
Pressure difference between two stations = 21.9 psi 
 
grepthis#Fluid_Mechanics_R._H._F._Pao_2066/CH8/EX8.4.c/8_4c.sce #
 
 
 
 T1  =
 
    584.6  
 
 g  =
 
    32.2  
 
 k  =
 
    1.4  
 
 R  =
 
    53.3  
 
 V1  =
 
    600.  
 
 T2  =
 
    519.6  
 
 
 Nm1  =
 
    0.5062515  
 
 Nm22  =
 
    0.9138327  
 
 Nm2  =
 
    0.9559459  
 
 Ar  =
 
    0.7542268  
 
 
Area ratio = 0.754 
 
grepthis#Fluid_Mechanics_R._H._F._Pao_2066/CH8/EX8.4.d/8_4d.sce #
 
 
 
 T1  =
 
    584.6  
 
 g  =
 
    32.2  
 
 k  =
 
    1.4  
 
 R  =
 
    53.3  
 
 V1  =
 
    600.  
 
 T2  =
 
    519.6  
 
 pa  =
 
    14.7  
 
 p1  =
 
    50.  
 
 
 Nm1  =
 
    0.5062515  
 
 Nm22  =
 
    0.9138327  
 
 Nm2  =
 
    0.9559459  
 
 pr  =
 
    0.6619667  
 
 p2  =
 
    42.829247  
 
 rho1  =
 
    0.0092859  
 
 rho2  =
 
    0.0069159  
 
 
Density of air at station 1 = 0.00929 slug/ft^3 

 Density of air at station 2 = 0.00692 slug/ft^3 
 
grepthis#Fluid_Mechanics_R._H._F._Pao_2066/CH8/EX8.5/8_5.sce #
 
 
 
 p0  =
 
    19.7  
 
 R  =
 
    53.3  
 
 T0  =
 
    539.6  
 
 g  =
 
    32.2  
 
 pa  =
 
    14.7  
 
 d  =
 
    1.  
 
 k  =
 
    1.4  
 
 
 rho0  =
 
    0.0030632  
 
 pr  =
 
    0.7461929  
 
 G  =
 
    0.0097762  
 
 
Mass rate of air flow = 0.00978 slug/sec 
 
grepthis#Fluid_Mechanics_R._H._F._Pao_2066/CH8/EX8.6/8_6.sce #
 
 
 
 p0  =
 
    64.7  
 
 R  =
 
    53.3  
 
 T0  =
 
    539.6  
 
 g  =
 
    32.2  
 
 pa  =
 
    14.7  
 
 d  =
 
    1.  
 
 k  =
 
    1.4  
 
 
 rho0  =
 
    0.0100603  
 
 pr  =
 
    0.2272025  
 
 G  =
 
    0.0361565  
 
 
Mass rate of air flow = 0.03616 slug/sec 
 
 
grepthis#Fluid_Mechanics_R._H._F._Pao_2066/CH8/EX8.7.a/8_7a.sce #
 
 
 
 k  =
 
    1.4  
 
 R  =
 
    53.3  
 
 pe  =
 
    14.7  
 
 p0  =
 
    114.7  
 
 T0  =
 
    524.6  
 
 g  =
 
    32.2  
 
 d  =
 
    0.5  
 
 
 pr  =
 
    0.1281604  
 
 prcr  =
 
    0.528  
 
 pr  =
 
    60.5616  
 
 rho0  =
 
    0.0183449  
 
 G  =
 
    0.0162520  
 
 Wt  =
 
    0.5233157  
 
 
weight of air flow through the nozzle = 0.5233 lb/s 
 
grepthis#Fluid_Mechanics_R._H._F._Pao_2066/CH8/EX8.7.b/8_7b.sce #
 
 
 
 k  =
 
    1.4  
 
 R  =
 
    53.3  
 
 pe  =
 
    14.7  
 
 p0  =
 
    114.7  
 
 T0  =
 
    524.6  
 
 g  =
 
    32.2  
 
 d  =
 
    0.5  
 
 Nm1  =
 
    1.  
 
 
 pr  =
 
    0.1281604  
 
 Nme  =
 
    1.9982123  
 
 Te  =
 
    291.67609  
 
 Ve  =
 
    1672.8138  
 
 At  =
 
    0.1963495  
 
 Ae  =
 
    0.3308468  
 
 
Mach number exit = 2.00 

 Exit velocity = 1672 ft/s 

 Exit area = 0.331 in^2 
 
grepthis#Fluid_Mechanics_R._H._F._Pao_2066/CH8/EX8.8.a/8_8a.sce #
 
 
 
 k  =
 
    1.4  
 
 R  =
 
    53.3  
 
 p0  =
 
    100.  
 
 T0  =
 
    534.6  
 
 g  =
 
    32.2  
 
 d  =
 
    0.5  
 
 Nm1  =
 
    1.  
 
 A  =
 
    0.0138889  
 
 
 
 Exit mach number is found using trial and error   
 
 Nme  =
 
    2.44  
 
 rho0  =
 
    0.0156946  
 
 G  =
 
    0.1429698  
 
 pe  =
 
    6.4260773  
 
 Te  =
 
    244.02936  
 
 Ve  =
 
    1868.3852  
 
 

 Exit mass flow rate = 0.143 slug/s 

 Exit pressure = 6.43 psia 

 Exit temperature = 244.0 R 

 Exit velocity = 1868 ft/s 

 Exit mach number = 2.44 
 
grepthis#Fluid_Mechanics_R._H._F._Pao_2066/CH8/EX8.8.b/8_8b.sce #
 
 
 
 k  =
 
    1.4  
 
 R  =
 
    53.3  
 
 p0  =
 
    100.  
 
 T0  =
 
    534.6  
 
 g  =
 
    32.2  
 
 d  =
 
    0.5  
 
 Nm1  =
 
    1.  
 
 A  =
 
    0.0138889  
 
 
 
 Exit mach number is found using trial and error   
 
 Nme  =
 
    0.24  
 
 rho0  =
 
    0.0156946  
 
 G  =
 
    0.1429698  
 
 pe  =
 
    96.070343  
 
 Te  =
 
    528.51155  
 
 Ve  =
 
    270.45439  
 
 

 Exit mass flow rate = 0.143 slug/s 

 Exit pressure = 96.07 psia 

 Exit temperature = 528.5 R 

 Exit velocity = 270 ft/s 

 Exit mach number = 0.24 
 
 
grepthis#Fluid_Mechanics_R._H._F._Pao_2066/CH8/EX8.9/8_9.sce #
 
 
 
 k  =
 
    1.4  
 
 R  =
 
    53.3  
 
 pu  =
 
    6.43  
 
 Tu  =
 
    244.  
 
 Nmu  =
 
    2.44  
 
 
 Nmd  =
 
    0.5189357  
 
 pd  =
 
    43.590256  
 
 Td  =
 
    507.21752  
 
 
Mach number upstream = 0.519  

 Pressure upstream = 43.6 psia 

 Temperature upstream = 507.2 R 
 
grepthis#Fluid_Mechanics_R._H._F._Pao_2066/CH8/EX8.10/8_10.sce #
 
 
 
 k  =
 
    1.4  
 
 R  =
 
    53.3  
 
 e  =
 
    0.0005  
 
 mu  =
 
    0.0000004  
 
 pe  =
 
    14.7  
 
 Te  =
 
    524.6  
 
 g  =
 
    32.2  
 
 Vi  =
 
    12.5  
 
 l  =
 
    6.  
 
 b  =
 
    8.  
 
 L  =
 
    100.  
 
 
 rhoe  =
 
    0.0023511  
 
 Ve  =
 
    495.34403  
 
 Nme  =
 
    0.4412018  
 
 Rd  =
 
    0.1428571  
 
 rr  =
 
    213200.  
 
 Nr  =
 
    1765208.4  
 
 f  =
 
    0.019  
 
 f2  =
 
    0.8379771  
 
 ff  =
 
    2.5004771  
 
 Nm1  =
 
    0.305  
 
 Tr2  =
 
    0.5361079  
 
 Tre  =
 
    0.5468062  
 
 pr2  =
 
    0.2810038  
 
 pre  =
 
    0.4105255  
 
 p1  =
 
    21.475602  
 
 T1  =
 
    535.06867  
 
 
Pressure at section 1 = 21.5 psia 

 Tempreature at section 1 = 535.1 R 
 
grepthis#Fluid_Mechanics_R._H._F._Pao_2066/CH8/EX8.11/8_11.sce #
 
 
 
 k  =
 
    1.4  
 
 R  =
 
    53.3  
 
 g  =
 
    32.2  
 
 T1  =
 
    534.6  
 
 V1  =
 
    400.  
 
 p1  =
 
    350.  
 
 f  =
 
    0.02  
 
 D  =
 
    0.5  
 
 
 Nm1  =
 
    0.3529311  
 
 Nm2  =
 
    0.8451543  
 
 p2  =
 
    146.15781  
 
 fl  =
 
    1.4939806  
 
 L12  =
 
    74.699031  
 
 ps  =
 
    114.15914  
 
 Nm2  =
 
    1.  
 
 fl2  =
 
    1.6849769  
 
 L2  =
 
    84.248843  
 
 
Limiting pressure = 146.2 psia 

 Distance = 74.7 ft 

 Limiting pressure in adiabatic case = 114.2 psia 

 Distance required = 84.2 ft 
 
grepthis#Fluid_Mechanics_R._H._F._Pao_2066/CH9/EX9.1/9_1a.sce #
 
 
 
 rho  =
 
    2.45  
 
 mu  =
 
    0.0092  
 
 x  =
 
    3.  
 
 v  =
 
    3.  
 
 B  =
 
    0.5  
 
 L  =
 
    3.  
 
 
 Nr  =
 
    2396.7391  
 
 y  =
 
    1.32    1.46    1.328  
 
 Cd  =
 
    0.0269627    0.0298224    0.0271261  
 
 Fd  =
 
    0.8917916    0.9863756    0.8971964  
 
 
 
 Drag on the plates using different formulae blasius, parabola and pohlhauser in order   
 
 Fd  =
 
    0.892    0.986    0.897  
 
 
    0.892    0.986    0.897  
 
 
grepthis#Fluid_Mechanics_R._H._F._Pao_2066/CH9/EX9.1.b/9_1b.sce #
 
 
 
 x  =
 
    3.  
 
 rho  =
 
    2.45  
 
 mu  =
 
    0.0092  
 
 v  =
 
    3.  
 
 
 Nr  =
 
    2396.7391  
 
 z  =
 
    4.91    5.48    4.65  
 
 x  =
 
    3.  
 
 delta  =
 
    0.3008793    0.3358083    0.2849468  
 
 f  =
 
    0.332    0.365    0.322  
 
 T  =
 
    0.1495327    0.1643959    0.1450287  
 
 
 
 Boundary layer thickness =    
 
 
 In order of Blasius, parabola and pohlhauser   
 
 delta  =
 
    0.301    0.336    0.285  
 
 
    0.301    0.336    0.285  
 
 
 Shearing stress =    
 
 
 In order of Blasius, parabola and pohlhauser   
 
 T  =
 
    0.150    0.164    0.145  
 
 
    0.150    0.164    0.145  
 
 
grepthis#Fluid_Mechanics_R._H._F._Pao_2066/CH9/EX9.2.b/9_2b.sce #
 
 
 
 e  =
 
    0.01  
 
 rho  =
 
    2.  
 
 mu  =
 
    0.000026  
 
 speed  =
 
    10.  
 
 L  =
 
    250.  
 
 A  =
 
    30000.  
 
 
 V  =
 
    16.9  
 
 Nrl  =
 
    3.250D+08  
 
 Cdf  =
 
    0.0014632  
 
 Fd  =
 
    12537.182  
 
 hp  =
 
    385.23341  
 
 
Total frictional drag = 12537 lb 

 Horsepower required = 385.2 hp 
 
 The answer given in textbook is wrong. please use a calculator   
 
 
grepthis#Fluid_Mechanics_R._H._F._Pao_2066/CH9/EX9.2.c/9_2c.sce #
 
 
 
 e  =
 
    0.01  
 
 rho  =
 
    2.  
 
 mu  =
 
    0.000026  
 
 speed  =
 
    10.  
 
 L  =
 
    250.  
 
 A  =
 
    30000.  
 
 
 V  =
 
    16.9  
 
 Nrl  =
 
    3.250D+08  
 
 Cdf  =
 
    0.0040985  
 
 Fd  =
 
    35117.286  
 
 hp  =
 
    1079.0584  
 
 
Total frictional drag = 35117 lb 

 Horsepower required = 1079.1 hp 
 
 
grepthis#Fluid_Mechanics_R._H._F._Pao_2066/CH9/EX9.2/9_2.sce #
 
 
 
 e  =
 
    0.01  
 
 rho  =
 
    2.  
 
 mu  =
 
    0.000026  
 
 speed  =
 
    10.  
 
 L  =
 
    250.  
 
 A  =
 
    30000.  
 
 
 V  =
 
    16.9  
 
 Nrl  =
 
    3.250D+08  
 
 Cdf  =
 
    0.0000732  
 
 Fd  =
 
    627.37458  
 
 hp  =
 
    19.27751  
 
 
Total frictional drag = 627 lb 

 Horsepower required = 19.3 hp 
 
grepthis#Fluid_Mechanics_R._H._F._Pao_2066/CH9/EX9.3/9_3.sce #
 
 
 
 V  =
 
    200.  
 
 L  =
 
    5.  
 
 B  =
 
    2.  
 
 rho  =
 
    0.00232  
 
 mu  =
 
    0.0000004  
 
 p2  =
 
    14.815  
 
 pa  =
 
    14.7  
 
 
 Nr  =
 
    6073298.4  
 
 Cdf  =
 
    0.0032  
 
 Fdf  =
 
    4.6646368  
 
 Fd  =
 
    47.360138  
 
 
Drag on the model = 47.36 lb 
 
grepthis#Fluid_Mechanics_R._H._F._Pao_2066/CH9/EX9.4/9_4.sce #
 
 
 
 p1  =
 
    14.7  
 
 z1  =
 
    3.  
 
 gam  =
 
    62.4  
 
 rho  =
 
    1.94  
 
 pa  =
 
    0.4  
 
 za  =
 
    1.  
 
 
 v3  =
 
  - 2184.  
 
 V  =
 
    27.395537  
 
 
Velocity of flow = 27.4 ft/s 
 
 The answer is a bit different due to rounding off error in textbook   
 
 
grepthis#Fluid_Mechanics_R._H._F._Pao_2066/CH9/EX9.5/9_5.sce #
 
 
 
 rpm  =
 
    60.  
 
 rho  =
 
    2.  
 
 mu  =
 
    0.000035  
 
 D  =
 
    0.3333333  
 
 r  =
 
    2.  
 
 
 V  =
 
    12.566371  
 
 Nr  =
 
    239359.44  
 
 Cd  =
 
    1.1  
 
 Fd  =
 
    15.158624  
 
 T  =
 
    60.634497  
 
 w  =
 
    6.2831853  
 
 hp  =
 
    0.6926869  
 
 
Horsepower required = 0.69 hp 
 
grepthis#Fluid_Mechanics_R._H._F._Pao_2066/CH9/EX9.6/9_6.sce #
 
 
 
 g  =
 
    32.2  
 
 h  =
 
    60000.  
 
 F  =
 
    2000.  
 
 d  =
 
    3.  
 
 rho  =
 
    0.00231  
 
 
 V  =
 
    1965.706  
 
 
 By trail and error   
 
 Cd  =
 
    0.25  
 
 Nm  =
 
    0.87  
 
 A  =
 
    7.0685835  
 
 Vt  =
 
    989.89198  
 
 
terminal velocity = 989.9 ft/s 
 
grepthis#Fluid_Mechanics_R._H._F._Pao_2066/CH10/EX10.2.a/10_2a.sce #
 
 
 
 vel  =
 
    50.  
 
 w  =
 
    240.  
 
 r0  =
 
    3.  
 
 L  =
 
    30.  
 
 rho  =
 
    0.0023  
 
 theta  =
 
    30.  
 
 
 V  =
 
    73.333333  
 
 T  =
 
    1421.223  
 
 Fl  =
 
    7191.3886  
 
 F  =
 
    18683.776  
 
 
Max. theoretical porpulsive force = 18683 lb 
 
grepthis#Fluid_Mechanics_R._H._F._Pao_2066/CH10/EX10.2.b/10_2b.sce #
 
 
 
 vel  =
 
    50.  
 
 w  =
 
    240.  
 
 r0  =
 
    3.  
 
 L  =
 
    30.  
 
 rho  =
 
    0.0023  
 
 theta  =
 
    30.  
 
 Cl  =
 
    2.  
 
 Cd  =
 
    1.  
 
 
 vc  =
 
    720.  
 
 V  =
 
    73.333333  
 
 vr  =
 
    9.8181818  
 
 A  =
 
    180.  
 
 Fl  =
 
    2226.4  
 
 Fd  =
 
    1113.2  
 
 F  =
 
    7454.1569  
 
 
Force required = 7454 lb 
 
grepthis#Fluid_Mechanics_R._H._F._Pao_2066/CH10/EX10.3.a/10_3a.sce #
 
 
 
 W  =
 
    7500.  
 
 rho  =
 
    0.0023  
 
 V  =
 
    256.66667  
 
 B  =
 
    50.  
 
 
 T  =
 
    254.09373  
 
 
Boundary circulation = 254 ft^2/s 
 
grepthis#Fluid_Mechanics_R._H._F._Pao_2066/CH10/EX10.3.b/10_3b.sce #
 
 
 
 W  =
 
    7500.  
 
 rho  =
 
    0.0023  
 
 V  =
 
    256.66667  
 
 B  =
 
    50.  
 
 A  =
 
    350.  
 
 
 Cl  =
 
    0.2828502  
 
 Cd  =
 
    0.03  
 
 Fd  =
 
    795.47417  
 
 hp  =
 
    371.22128  
 
 
Horsepower required = 371 hp 
 
grepthis#Fluid_Mechanics_R._H._F._Pao_2066/CH10/EX10.4/10_4.sce #
 
 
 
 Fl  =
 
    7500.  
 
 rho  =
 
    0.0023  
 
 V  =
 
    256.66667  
 
 B  =
 
    50.  
 
 A  =
 
    350.  
 
 
 Vi  =
 
    3.2352219  
 
 Cl  =
 
    0.2828502  
 
 Cdi  =
 
    0.0035653  
 
 Fdi  =
 
    94.535704  
 
 hp  =
 
    44.116662  
 
 
Horsepower required = 44.1 hp 
 
grepthis#Fluid_Mechanics_R._H._F._Pao_2066/CH11/EX11.1.a/11_1a.sce #
 
 
 
 rho  =
 
    1.94  
 
 mu  =
 
    0.0000234  
 
 y  =
 
    5.  
 
 T  =
 
    25.  
 
 d  =
 
    10.  
 
 slope  =
 
    1.5  
 
 g  =
 
    32.2  
 
 S  =
 
    0.001  
 
 
 A  =
 
    87.5  
 
 WP  =
 
    28.027756  
 
 R  =
 
    3.1219053  
 
 e  =
 
    0.01  
 
 rr  =
 
    624.38105  
 
 f  =
 
    0.019  
 
 C  =
 
    116.43837  
 
 V  =
 
    6.5058791  
 
 Q  =
 
    569.26442  
 
 
Discharge using Darcy equation = 569.3 ft^3/s 
 
 The answer is a bit different due to rounding off error in textbook   
 
 
grepthis#Fluid_Mechanics_R._H._F._Pao_2066/CH11/EX11.1.b/11_1b.sce #
 
 
 
 rho  =
 
    1.94  
 
 mu  =
 
    0.0000234  
 
 y  =
 
    5.  
 
 T  =
 
    25.  
 
 d  =
 
    10.  
 
 slope  =
 
    1.5  
 
 g  =
 
    32.2  
 
 S  =
 
    0.001  
 
 n  =
 
    0.017  
 
 
 A  =
 
    87.5  
 
 WP  =
 
    28.027756  
 
 R  =
 
    3.1219053  
 
 e  =
 
    0.01  
 
 rr  =
 
    624.38105  
 
 f  =
 
    0.019  
 
 C  =
 
    105.75205  
 
 V  =
 
    5.9087912  
 
 Q  =
 
    517.01923  
 
 
Discharge using kutter ganguillet formula = 517.0 ft^3/s 
 
 The answer is a bit different due to rounding off error in textbook   
 
 
grepthis#Fluid_Mechanics_R._H._F._Pao_2066/CH11/EX11.1.c/11_1c.sce #
 
 
 
 rho  =
 
    1.94  
 
 mu  =
 
    0.0000234  
 
 y  =
 
    5.  
 
 T  =
 
    25.  
 
 d  =
 
    10.  
 
 slope  =
 
    1.5  
 
 g  =
 
    32.2  
 
 S  =
 
    0.001  
 
 m  =
 
    0.21  
 
 
 A  =
 
    87.5  
 
 WP  =
 
    28.027756  
 
 R  =
 
    3.1219053  
 
 e  =
 
    0.01  
 
 rr  =
 
    624.38105  
 
 f  =
 
    0.019  
 
 C  =
 
    140.85856  
 
 V  =
 
    7.8703332  
 
 Q  =
 
    688.65415  
 
 
Discharge using bazin formula = 688.7 ft^3/s 
 
 The answer is a bit different due to rounding off error in textbook   
 
 
grepthis#Fluid_Mechanics_R._H._F._Pao_2066/CH11/EX11.1.d/11_1d.sce #
 
 
 
 rho  =
 
    1.94  
 
 mu  =
 
    0.0000234  
 
 y  =
 
    5.  
 
 T  =
 
    25.  
 
 d  =
 
    10.  
 
 slope  =
 
    1.5  
 
 g  =
 
    32.2  
 
 S  =
 
    0.001  
 
 n  =
 
    0.017  
 
 
 A  =
 
    87.5  
 
 WP  =
 
    28.027756  
 
 R  =
 
    3.1219053  
 
 e  =
 
    0.01  
 
 rr  =
 
    624.38105  
 
 f  =
 
    0.019  
 
 C  =
 
    105.67522  
 
 V  =
 
    5.9044987  
 
 Q  =
 
    516.64364  
 
 
Discharge using Darcy equation = 516.6 ft^3/s 
 
 The answer is a bit different due to rounding off error in textbook   
 
 
grepthis#Fluid_Mechanics_R._H._F._Pao_2066/CH11/EX11.1.e/11_1e.sce #
 
 
 
 rho  =
 
    1.94  
 
 mu  =
 
    0.0000234  
 
 y  =
 
    5.  
 
 T  =
 
    25.  
 
 d  =
 
    10.  
 
 slope  =
 
    1.5  
 
 g  =
 
    32.2  
 
 S  =
 
    0.001  
 
 n  =
 
    0.017  
 
 
 A  =
 
    87.5  
 
 WP  =
 
    28.027756  
 
 R  =
 
    3.1219053  
 
 e  =
 
    0.01  
 
 rr  =
 
    624.38105  
 
 f  =
 
    0.019  
 
 C  =
 
    105.75205  
 
 V  =
 
    5.9087912  
 
 T  =
 
    25.  
 
 yh  =
 
    3.5  
 
 Nf  =
 
    0.5565916  
 
 
froude number = 0.56 
 
grepthis#Fluid_Mechanics_R._H._F._Pao_2066/CH11/EX11.1.f/11_1f.sce #
 
 
 
 rho  =
 
    1.94  
 
 mu  =
 
    0.0000234  
 
 y  =
 
    5.  
 
 T  =
 
    25.  
 
 d  =
 
    10.  
 
 slope  =
 
    1.5  
 
 g  =
 
    32.2  
 
 S  =
 
    0.001  
 
 n  =
 
    0.017  
 
 
 A  =
 
    87.5  
 
 WP  =
 
    28.027756  
 
 R  =
 
    3.1219053  
 
 e  =
 
    0.01  
 
 rr  =
 
    624.38105  
 
 f  =
 
    0.019  
 
 C  =
 
    105.75205  
 
 V  =
 
    5.9087912  
 
 Q  =
 
    517.01923  
 
 T  =
 
    25.  
 
 yh  =
 
    3.5  
 
 yc  =
 
    2.88  
 
 
 
 yc is obtained using trial and error method   
 
Critical depth = 2.88 ft 
 
grepthis#Fluid_Mechanics_R._H._F._Pao_2066/CH11/EX11.2/11_2.sce #
 
 
 
 Re  =
 
    4000.  
 
 rho  =
 
    1.94  
 
 vm  =
 
    5.91  
 
 mu  =
 
    0.0000324  
 
 Rm  =
 
    3.12  
 
 
 lam3  =
 
    0.0009057  
 
 lam  =
 
    0.0093613  
 
 
Minimum scale ratio = 9.36e-03 
 
grepthis#Fluid_Mechanics_R._H._F._Pao_2066/CH11/EX11.3/11_3.sce #
 
 
 
 yc  =
 
    2.  
 
 g  =
 
    32.2  
 
 d  =
 
    10.  
 
 gam  =
 
    62.4  
 
 rho  =
 
    1.94  
 
 B  =
 
    10.  
 
 
 Vc  =
 
    8.0249611  
 
 Ac  =
 
    20.  
 
 Q  =
 
    160.49922  
 
 y1  =
 
    5.88  
 
 y2  =
 
    0.88  
 
 V1  =
 
    2.73  
 
 V2  =
 
    18.25  
 
 Nf1  =
 
    0.198  
 
 Nf2  =
 
    3.43  
 
 F  =
 
    5713.161  
 
 
Discharge in the channel = 160.5 ft^3/s 

 Depth of the channel at upstream and downstream = 5.88 ft and 0.88 ft 

 froude numbers at upstream and downstream = 0.198 and 3.430 

 Force applied = 5713 lb 
 
grepthis#Fluid_Mechanics_R._H._F._Pao_2066/CH11/EX11.4/11_4.sce #
 
 
 
 S0  =
 
    0.0009  
 
 n  =
 
    0.018  
 
 w  =
 
    20.  
 
 d  =
 
    0.5  
 
 Q  =
 
    400.  
 
 g  =
 
    32.2  
 
 
 y2  =
 
    4.  
 
 V2  =
 
    5.  
 
 Nf2  =
 
    0.4405671  
 
 yr  =
 
    0.2988734  
 
 y1  =
 
    1.1954937  
 
 L1  =
 
    32.5  
 
 L2  =
 
    37.1  
 
 L3  =
 
    51.4  
 
 L  =
 
    121.  
 
 
distance from vena contracta = 4.0 ft and  1.20 ft 

 Total distance = 121.0 ft 
 
