ERROR: Introduction_To_Fluid_Mechanics_R._W._Fox_And_A._T._Mcdonald_812/CH1/EX1.01/1_01.sce
 
filename=pathname+filesep()+'1.01-data.sci'
           !--error 4 
Undefined variable: pathname
at line       2 of exec file called by :    
T._Mcdonald_812/CH1/EX1.01/1_01.sce',-1
 
ERROR: Introduction_To_Fluid_Mechanics_R._W._Fox_And_A._T._Mcdonald_812/CH1/EX1.02/1_02.sce
 
pathname=get_absolute_file_path('1.02.sce')
                                            !--error 999 
get_absolute_file_path: The file 1.02.sce is not opened in scilab.
at line       2 of exec file called by :    
T._Mcdonald_812/CH1/EX1.02/1_02.sce',-1
 
ERROR: Introduction_To_Fluid_Mechanics_R._W._Fox_And_A._T._Mcdonald_812/CH2/EX2.02/2_02.sce
 
pathname=get_absolute_file_path('2.02.sce')
                                            !--error 999 
get_absolute_file_path: The file 2.02.sce is not opened in scilab.
at line       2 of exec file called by :    
T._Mcdonald_812/CH2/EX2.02/2_02.sce',-1
 
ERROR: Introduction_To_Fluid_Mechanics_R._W._Fox_And_A._T._Mcdonald_812/CH3/EX3.03/3_03.sce
 
pathname=get_absolute_file_path('3.03.sce')
                                            !--error 999 
get_absolute_file_path: The file 3.03.sce is not opened in scilab.
at line       2 of exec file called by :    
T._Mcdonald_812/CH3/EX3.03/3_03.sce',-1
 
ERROR: Introduction_To_Fluid_Mechanics_R._W._Fox_And_A._T._Mcdonald_812/CH3/EX3.04/3_04.sce
 
pathname=get_absolute_file_path('3.04.sce')
                                            !--error 999 
get_absolute_file_path: The file 3.04.sce is not opened in scilab.
at line       2 of exec file called by :    
T._Mcdonald_812/CH3/EX3.04/3_04.sce',-1
 
ERROR: Introduction_To_Fluid_Mechanics_R._W._Fox_And_A._T._Mcdonald_812/CH3/EX3.05/3_05.sce
 
pathname=get_absolute_file_path('3.05.sce')
                                            !--error 999 
get_absolute_file_path: The file 3.05.sce is not opened in scilab.
at line       2 of exec file called by :    
T._Mcdonald_812/CH3/EX3.05/3_05.sce',-1
 
ERROR: Introduction_To_Fluid_Mechanics_R._W._Fox_And_A._T._Mcdonald_812/CH3/EX3.06/3_06.sce
 
pathname=get_absolute_file_path('3.06.sce')
                                            !--error 999 
get_absolute_file_path: The file 3.06.sce is not opened in scilab.
at line       2 of exec file called by :    
T._Mcdonald_812/CH3/EX3.06/3_06.sce',-1
 
ERROR: Introduction_To_Fluid_Mechanics_R._W._Fox_And_A._T._Mcdonald_812/CH3/EX3.07/3_07.sce
 
pathname=get_absolute_file_path('3.07.sce')
                                            !--error 999 
get_absolute_file_path: The file 3.07.sce is not opened in scilab.
at line       2 of exec file called by :    
T._Mcdonald_812/CH3/EX3.07/3_07.sce',-1
 
ERROR: Introduction_To_Fluid_Mechanics_R._W._Fox_And_A._T._Mcdonald_812/CH4/EX4.01/4_01.sce
 
pathname=get_absolute_file_path('4.01.sce')
                                            !--error 999 
get_absolute_file_path: The file 4.01.sce is not opened in scilab.
at line       2 of exec file called by :    
T._Mcdonald_812/CH4/EX4.01/4_01.sce',-1
 
ERROR: Introduction_To_Fluid_Mechanics_R._W._Fox_And_A._T._Mcdonald_812/CH4/EX4.02/4_02.sce
 
pathname=get_absolute_file_path('4.02.sce')
                                            !--error 999 
get_absolute_file_path: The file 4.02.sce is not opened in scilab.
at line       2 of exec file called by :    
T._Mcdonald_812/CH4/EX4.02/4_02.sce',-1
 
ERROR: Introduction_To_Fluid_Mechanics_R._W._Fox_And_A._T._Mcdonald_812/CH4/EX4.03/4_03.sce
 
pathname=get_absolute_file_path('4.03.sce')
                                            !--error 999 
get_absolute_file_path: The file 4.03.sce is not opened in scilab.
at line       2 of exec file called by :    
T._Mcdonald_812/CH4/EX4.03/4_03.sce',-1
 
ERROR: Introduction_To_Fluid_Mechanics_R._W._Fox_And_A._T._Mcdonald_812/CH4/EX4.04/4_04.sce
 
pathname=get_absolute_file_path('4.04.sce')
                                            !--error 999 
get_absolute_file_path: The file 4.04.sce is not opened in scilab.
at line       2 of exec file called by :    
T._Mcdonald_812/CH4/EX4.04/4_04.sce',-1
 
ERROR: Introduction_To_Fluid_Mechanics_R._W._Fox_And_A._T._Mcdonald_812/CH4/EX4.05/4_05.sce
 
pathname=get_absolute_file_path('4.05.sce')
                                            !--error 999 
get_absolute_file_path: The file 4.05.sce is not opened in scilab.
at line       2 of exec file called by :    
T._Mcdonald_812/CH4/EX4.05/4_05.sce',-1
 
ERROR: Introduction_To_Fluid_Mechanics_R._W._Fox_And_A._T._Mcdonald_812/CH4/EX4.06/4_06.sce
 
pathname=get_absolute_file_path('4.06.sce')
                                            !--error 999 
get_absolute_file_path: The file 4.06.sce is not opened in scilab.
at line       2 of exec file called by :    
T._Mcdonald_812/CH4/EX4.06/4_06.sce',-1
 
ERROR: Introduction_To_Fluid_Mechanics_R._W._Fox_And_A._T._Mcdonald_812/CH4/EX4.07/4_07.sce
 
pathname=get_absolute_file_path('4.07.sce')
                                            !--error 999 
get_absolute_file_path: The file 4.07.sce is not opened in scilab.
at line       2 of exec file called by :    
T._Mcdonald_812/CH4/EX4.07/4_07.sce',-1
 
ERROR: Introduction_To_Fluid_Mechanics_R._W._Fox_And_A._T._Mcdonald_812/CH4/EX4.08/4_08.sce
 
filename=pathname+filesep()+'4.08-data.sci'
           !--error 4 
Undefined variable: pathname
at line       2 of exec file called by :    
T._Mcdonald_812/CH4/EX4.08/4_08.sce',-1
 
ERROR: Introduction_To_Fluid_Mechanics_R._W._Fox_And_A._T._Mcdonald_812/CH4/EX4.09/4_09.sce
 
pathname=get_absolute_file_path('4.09.sce')
                                            !--error 999 
get_absolute_file_path: The file 4.09.sce is not opened in scilab.
at line       2 of exec file called by :    
T._Mcdonald_812/CH4/EX4.09/4_09.sce',-1
 
ERROR: Introduction_To_Fluid_Mechanics_R._W._Fox_And_A._T._Mcdonald_812/CH4/EX4.10/4_10.sce
 
pathname=get_absolute_file_path('4.10.sce')
                                            !--error 999 
get_absolute_file_path: The file 4.10.sce is not opened in scilab.
at line       2 of exec file called by :    
T._Mcdonald_812/CH4/EX4.10/4_10.sce',-1
 
ERROR: Introduction_To_Fluid_Mechanics_R._W._Fox_And_A._T._Mcdonald_812/CH4/EX4.12/4_12.sce
 
pathname=get_absolute_file_path('4.12.sce')
                                            !--error 999 
get_absolute_file_path: The file 4.12.sce is not opened in scilab.
at line       2 of exec file called by :    
T._Mcdonald_812/CH4/EX4.12/4_12.sce',-1
 
ERROR: Introduction_To_Fluid_Mechanics_R._W._Fox_And_A._T._Mcdonald_812/CH4/EX4.14/4_14.sce
 
pathname=get_absolute_file_path('4.14.sce')
                                            !--error 999 
get_absolute_file_path: The file 4.14.sce is not opened in scilab.
at line       2 of exec file called by :    
T._Mcdonald_812/CH4/EX4.14/4_14.sce',-1
 
ERROR: Introduction_To_Fluid_Mechanics_R._W._Fox_And_A._T._Mcdonald_812/CH4/EX4.16/4_16.sce
 
pathname=get_absolute_file_path('4.16.sce')
                                            !--error 999 
get_absolute_file_path: The file 4.16.sce is not opened in scilab.
at line       2 of exec file called by :    
T._Mcdonald_812/CH4/EX4.16/4_16.sce',-1
 
ERROR: Introduction_To_Fluid_Mechanics_R._W._Fox_And_A._T._Mcdonald_812/CH4/EX4.17/4_17.sce
 
pathname=get_absolute_file_path('4.17.sce')
                                            !--error 999 
get_absolute_file_path: The file 4.17.sce is not opened in scilab.
at line       2 of exec file called by :    
T._Mcdonald_812/CH4/EX4.17/4_17.sce',-1
 
ERROR: Introduction_To_Fluid_Mechanics_R._W._Fox_And_A._T._Mcdonald_812/CH5/EX5.02/5_02.sce
 
pathname=get_absolute_file_path('5.02.sce')
                                            !--error 999 
get_absolute_file_path: The file 5.02.sce is not opened in scilab.
at line       2 of exec file called by :    
T._Mcdonald_812/CH5/EX5.02/5_02.sce',-1
 
ERROR: Introduction_To_Fluid_Mechanics_R._W._Fox_And_A._T._Mcdonald_812/CH5/EX5.07/5_07.sce
 
pathname=get_absolute_file_path('5.07.sce')
                                            !--error 999 
get_absolute_file_path: The file 5.07.sce is not opened in scilab.
at line       2 of exec file called by :    
T._Mcdonald_812/CH5/EX5.07/5_07.sce',-1
 
ERROR: Introduction_To_Fluid_Mechanics_R._W._Fox_And_A._T._Mcdonald_812/CH5/EX5.09/5_09.sce
 
pathname=get_absolute_file_path('5.09.sce')
                                            !--error 999 
get_absolute_file_path: The file 5.09.sce is not opened in scilab.
at line       2 of exec file called by :    
T._Mcdonald_812/CH5/EX5.09/5_09.sce',-1
 
ERROR: Introduction_To_Fluid_Mechanics_R._W._Fox_And_A._T._Mcdonald_812/CH6/EX6.01/6_01.sce
 
pathname=get_absolute_file_path('06.01.sce')
                                             !--error 999 
get_absolute_file_path: The file 06.01.sce is not opened in scilab.
at line       2 of exec file called by :    
T._Mcdonald_812/CH6/EX6.01/6_01.sce',-1
 
ERROR: Introduction_To_Fluid_Mechanics_R._W._Fox_And_A._T._Mcdonald_812/CH6/EX6.02/6_02.sce
 
pathname=get_absolute_file_path('06.02.sce')
                                             !--error 999 
get_absolute_file_path: The file 06.02.sce is not opened in scilab.
at line       2 of exec file called by :    
T._Mcdonald_812/CH6/EX6.02/6_02.sce',-1
 
ERROR: Introduction_To_Fluid_Mechanics_R._W._Fox_And_A._T._Mcdonald_812/CH6/EX6.03/6_03.sce
 
filename=pathname+filesep()+'06.03-data.sci'
           !--error 4 
Undefined variable: pathname
at line       2 of exec file called by :    
T._Mcdonald_812/CH6/EX6.03/6_03.sce',-1
 
ERROR: Introduction_To_Fluid_Mechanics_R._W._Fox_And_A._T._Mcdonald_812/CH6/EX6.04/6_04.sce
 
pathname=get_absolute_file_path('06.04.sce')
                                             !--error 999 
get_absolute_file_path: The file 06.04.sce is not opened in scilab.
at line       2 of exec file called by :    
T._Mcdonald_812/CH6/EX6.04/6_04.sce',-1
 
ERROR: Introduction_To_Fluid_Mechanics_R._W._Fox_And_A._T._Mcdonald_812/CH6/EX6.05/6_05.sce
 
pathname=get_absolute_file_path('06.05.sce')
                                             !--error 999 
get_absolute_file_path: The file 06.05.sce is not opened in scilab.
at line       2 of exec file called by :    
T._Mcdonald_812/CH6/EX6.05/6_05.sce',-1
 
ERROR: Introduction_To_Fluid_Mechanics_R._W._Fox_And_A._T._Mcdonald_812/CH6/EX6.06/6_06.sce
 
pathname=get_absolute_file_path('06.06.sce')
                                             !--error 999 
get_absolute_file_path: The file 06.06.sce is not opened in scilab.
at line       2 of exec file called by :    
T._Mcdonald_812/CH6/EX6.06/6_06.sce',-1
 
ERROR: Introduction_To_Fluid_Mechanics_R._W._Fox_And_A._T._Mcdonald_812/CH6/EX6.08/6_08.sce
 
pathname=get_absolute_file_path('06.08.sce')
                                             !--error 999 
get_absolute_file_path: The file 06.08.sce is not opened in scilab.
at line       2 of exec file called by :    
T._Mcdonald_812/CH6/EX6.08/6_08.sce',-1
 
ERROR: Introduction_To_Fluid_Mechanics_R._W._Fox_And_A._T._Mcdonald_812/CH7/EX7.04/7_04.sce
 
pathname=get_absolute_file_path('7.04.sce')
                                            !--error 999 
get_absolute_file_path: The file 7.04.sce is not opened in scilab.
at line       2 of exec file called by :    
T._Mcdonald_812/CH7/EX7.04/7_04.sce',-1
 
ERROR: Introduction_To_Fluid_Mechanics_R._W._Fox_And_A._T._Mcdonald_812/CH7/EX7.06/7_06.sce
 
pathname=get_absolute_file_path('7.06.sce')
                                            !--error 999 
get_absolute_file_path: The file 7.06.sce is not opened in scilab.
at line       2 of exec file called by :    
T._Mcdonald_812/CH7/EX7.06/7_06.sce',-1
 
ERROR: Introduction_To_Fluid_Mechanics_R._W._Fox_And_A._T._Mcdonald_812/CH8/EX8.01/8_01.sce
 
pathname=get_absolute_file_path('8.01.sce')
                                            !--error 999 
get_absolute_file_path: The file 8.01.sce is not opened in scilab.
at line       2 of exec file called by :    
T._Mcdonald_812/CH8/EX8.01/8_01.sce',-1
 
ERROR: Introduction_To_Fluid_Mechanics_R._W._Fox_And_A._T._Mcdonald_812/CH8/EX8.02/8_02.sce
 
pathname=get_absolute_file_path('8.02.sce')
                                            !--error 999 
get_absolute_file_path: The file 8.02.sce is not opened in scilab.
at line       2 of exec file called by :    
T._Mcdonald_812/CH8/EX8.02/8_02.sce',-1
 
ERROR: Introduction_To_Fluid_Mechanics_R._W._Fox_And_A._T._Mcdonald_812/CH8/EX8.04/8_04.sce
 
pathname=get_absolute_file_path('8.04.sce')
                                            !--error 999 
get_absolute_file_path: The file 8.04.sce is not opened in scilab.
at line       2 of exec file called by :    
T._Mcdonald_812/CH8/EX8.04/8_04.sce',-1
 
ERROR: Introduction_To_Fluid_Mechanics_R._W._Fox_And_A._T._Mcdonald_812/CH8/EX8.05/8_05.sce
 
pathname=get_absolute_file_path('8.05.sce')
                                            !--error 999 
get_absolute_file_path: The file 8.05.sce is not opened in scilab.
at line       2 of exec file called by :    
T._Mcdonald_812/CH8/EX8.05/8_05.sce',-1
 
ERROR: Introduction_To_Fluid_Mechanics_R._W._Fox_And_A._T._Mcdonald_812/CH8/EX8.06/8_06.sce
 
pathname=get_absolute_file_path('8.06.sce')
                                            !--error 999 
get_absolute_file_path: The file 8.06.sce is not opened in scilab.
at line       2 of exec file called by :    
T._Mcdonald_812/CH8/EX8.06/8_06.sce',-1
 
ERROR: Introduction_To_Fluid_Mechanics_R._W._Fox_And_A._T._Mcdonald_812/CH8/EX8.07/8_07.sce
 
pathname=get_absolute_file_path('8.07.sce')
                                            !--error 999 
get_absolute_file_path: The file 8.07.sce is not opened in scilab.
at line       2 of exec file called by :    
T._Mcdonald_812/CH8/EX8.07/8_07.sce',-1
 
ERROR: Introduction_To_Fluid_Mechanics_R._W._Fox_And_A._T._Mcdonald_812/CH8/EX8.08/8_08.sce
 
pathname=get_absolute_file_path('8.08.sce')
                                            !--error 999 
get_absolute_file_path: The file 8.08.sce is not opened in scilab.
at line       2 of exec file called by :    
T._Mcdonald_812/CH8/EX8.08/8_08.sce',-1
 
ERROR: Introduction_To_Fluid_Mechanics_R._W._Fox_And_A._T._Mcdonald_812/CH8/EX8.09/8_09.sce
 
pathname=get_absolute_file_path('8.09.sce')
                                            !--error 999 
get_absolute_file_path: The file 8.09.sce is not opened in scilab.
at line       2 of exec file called by :    
T._Mcdonald_812/CH8/EX8.09/8_09.sce',-1
 
ERROR: Introduction_To_Fluid_Mechanics_R._W._Fox_And_A._T._Mcdonald_812/CH8/EX8.10/8_10.sce
 
pathname=get_absolute_file_path('8.10.sce')
                                            !--error 999 
get_absolute_file_path: The file 8.10.sce is not opened in scilab.
at line       2 of exec file called by :    
T._Mcdonald_812/CH8/EX8.10/8_10.sce',-1
 
ERROR: Introduction_To_Fluid_Mechanics_R._W._Fox_And_A._T._Mcdonald_812/CH8/EX8.11/8_11.sce
 
pathname=get_absolute_file_path('8.11.sce')
                                            !--error 999 
get_absolute_file_path: The file 8.11.sce is not opened in scilab.
at line       2 of exec file called by :    
T._Mcdonald_812/CH8/EX8.11/8_11.sce',-1
 
ERROR: Introduction_To_Fluid_Mechanics_R._W._Fox_And_A._T._Mcdonald_812/CH9/EX9.01/9_01.sce
 
pathname=get_absolute_file_path('9.01.sce')
                                            !--error 999 
get_absolute_file_path: The file 9.01.sce is not opened in scilab.
at line       2 of exec file called by :    
T._Mcdonald_812/CH9/EX9.01/9_01.sce',-1
 
ERROR: Introduction_To_Fluid_Mechanics_R._W._Fox_And_A._T._Mcdonald_812/CH9/EX9.04/9_04.sce
 
pathname=get_absolute_file_path('9.04.sce')
                                            !--error 999 
get_absolute_file_path: The file 9.04.sce is not opened in scilab.
at line       2 of exec file called by :    
T._Mcdonald_812/CH9/EX9.04/9_04.sce',-1
 
ERROR: Introduction_To_Fluid_Mechanics_R._W._Fox_And_A._T._Mcdonald_812/CH9/EX9.05/9_05.sce
 
pathname=get_absolute_file_path('9.05.sce')
                                            !--error 999 
get_absolute_file_path: The file 9.05.sce is not opened in scilab.
at line       2 of exec file called by :    
T._Mcdonald_812/CH9/EX9.05/9_05.sce',-1
 
ERROR: Introduction_To_Fluid_Mechanics_R._W._Fox_And_A._T._Mcdonald_812/CH9/EX9.06/9_06.sce
 
pathname=get_absolute_file_path('9.06.sce')
                                            !--error 999 
get_absolute_file_path: The file 9.06.sce is not opened in scilab.
at line       2 of exec file called by :    
T._Mcdonald_812/CH9/EX9.06/9_06.sce',-1
 
ERROR: Introduction_To_Fluid_Mechanics_R._W._Fox_And_A._T._Mcdonald_812/CH9/EX9.07/9_07.sce
 
pathname=get_absolute_file_path('9.07.sce')
                                            !--error 999 
get_absolute_file_path: The file 9.07.sce is not opened in scilab.
at line       2 of exec file called by :    
T._Mcdonald_812/CH9/EX9.07/9_07.sce',-1
 
ERROR: Introduction_To_Fluid_Mechanics_R._W._Fox_And_A._T._Mcdonald_812/CH9/EX9.09/9_09.sce
 
pathname=get_absolute_file_path('9.09.sce')
                                            !--error 999 
get_absolute_file_path: The file 9.09.sce is not opened in scilab.
at line       2 of exec file called by :    
T._Mcdonald_812/CH9/EX9.09/9_09.sce',-1
 
ERROR: Introduction_To_Fluid_Mechanics_R._W._Fox_And_A._T._Mcdonald_812/CH10/EX10.01/10_01.sce
 
pathname=get_absolute_file_path('10.01.sce')
                                             !--error 999 
get_absolute_file_path: The file 10.01.sce is not opened in scilab.
at line       2 of exec file called by :    
Mcdonald_812/CH10/EX10.01/10_01.sce',-1
 
ERROR: Introduction_To_Fluid_Mechanics_R._W._Fox_And_A._T._Mcdonald_812/CH10/EX10.02/10_02.sce
 
pathname=get_absolute_file_path('10.02.sce')
                                             !--error 999 
get_absolute_file_path: The file 10.02.sce is not opened in scilab.
at line       2 of exec file called by :    
Mcdonald_812/CH10/EX10.02/10_02.sce',-1
 
ERROR: Introduction_To_Fluid_Mechanics_R._W._Fox_And_A._T._Mcdonald_812/CH10/EX10.06/10_06.sce
 
pathname=get_absolute_file_path('10.06.sce')
                                             !--error 999 
get_absolute_file_path: The file 10.06.sce is not opened in scilab.
at line       2 of exec file called by :    
Mcdonald_812/CH10/EX10.06/10_06.sce',-1
 
ERROR: Introduction_To_Fluid_Mechanics_R._W._Fox_And_A._T._Mcdonald_812/CH10/EX10.12/10_12.sce
 
pathname=get_absolute_file_path('10.12.sce')
                                             !--error 999 
get_absolute_file_path: The file 10.12.sce is not opened in scilab.
at line       2 of exec file called by :    
Mcdonald_812/CH10/EX10.12/10_12.sce',-1
 
ERROR: Introduction_To_Fluid_Mechanics_R._W._Fox_And_A._T._Mcdonald_812/CH10/EX10.14/10_14.sce
 
pathname=get_absolute_file_path('10.14.sce')
                                             !--error 999 
get_absolute_file_path: The file 10.14.sce is not opened in scilab.
at line       2 of exec file called by :    
Mcdonald_812/CH10/EX10.14/10_14.sce',-1
 
ERROR: Introduction_To_Fluid_Mechanics_R._W._Fox_And_A._T._Mcdonald_812/CH10/EX10.16/10_16.sce
 
pathname=get_absolute_file_path('10.16.sce')
                                             !--error 999 
get_absolute_file_path: The file 10.16.sce is not opened in scilab.
at line       2 of exec file called by :    
Mcdonald_812/CH10/EX10.16/10_16.sce',-1
 
ERROR: Introduction_To_Fluid_Mechanics_R._W._Fox_And_A._T._Mcdonald_812/CH11/EX11.01/11_01.sce
 
pathname=get_absolute_file_path('11.01.sce')
                                             !--error 999 
get_absolute_file_path: The file 11.01.sce is not opened in scilab.
at line       2 of exec file called by :    
Mcdonald_812/CH11/EX11.01/11_01.sce',-1
 
ERROR: Introduction_To_Fluid_Mechanics_R._W._Fox_And_A._T._Mcdonald_812/CH11/EX11.04/11_04.sce
 
pathname=get_absolute_file_path('11.04.sce')
                                             !--error 999 
get_absolute_file_path: The file 11.04.sce is not opened in scilab.
at line       2 of exec file called by :    
Mcdonald_812/CH11/EX11.04/11_04.sce',-1
 
ERROR: Introduction_To_Fluid_Mechanics_R._W._Fox_And_A._T._Mcdonald_812/CH12/EX12.01/12_01.sce
 
pathname=get_absolute_file_path('12.01.sce')
                                             !--error 999 
get_absolute_file_path: The file 12.01.sce is not opened in scilab.
at line       2 of exec file called by :    
Mcdonald_812/CH12/EX12.01/12_01.sce',-1
 
ERROR: Introduction_To_Fluid_Mechanics_R._W._Fox_And_A._T._Mcdonald_812/CH12/EX12.02/12_02.sce
 
pathname=get_absolute_file_path('12.02.sce')
                                             !--error 999 
get_absolute_file_path: The file 12.02.sce is not opened in scilab.
at line       2 of exec file called by :    
Mcdonald_812/CH12/EX12.02/12_02.sce',-1
 
ERROR: Introduction_To_Fluid_Mechanics_R._W._Fox_And_A._T._Mcdonald_812/CH12/EX12.03/12_03.sce
 
pathname=get_absolute_file_path('12.03.sce')
                                             !--error 999 
get_absolute_file_path: The file 12.03.sce is not opened in scilab.
at line       2 of exec file called by :    
Mcdonald_812/CH12/EX12.03/12_03.sce',-1
 
ERROR: Introduction_To_Fluid_Mechanics_R._W._Fox_And_A._T._Mcdonald_812/CH12/EX12.04/12_04.sce
 
pathname=get_absolute_file_path('12.04.sce')
                                             !--error 999 
get_absolute_file_path: The file 12.04.sce is not opened in scilab.
at line       2 of exec file called by :    
Mcdonald_812/CH12/EX12.04/12_04.sce',-1
 
ERROR: Introduction_To_Fluid_Mechanics_R._W._Fox_And_A._T._Mcdonald_812/CH12/EX12.05/12_05.sce
 
pathname=get_absolute_file_path('12.05.sce')
                                             !--error 999 
get_absolute_file_path: The file 12.05.sce is not opened in scilab.
at line       2 of exec file called by :    
Mcdonald_812/CH12/EX12.05/12_05.sce',-1
 
ERROR: Introduction_To_Fluid_Mechanics_R._W._Fox_And_A._T._Mcdonald_812/CH12/EX12.06/12_06.sce
 
pathname=get_absolute_file_path('12.06.sce')
                                             !--error 999 
get_absolute_file_path: The file 12.06.sce is not opened in scilab.
at line       2 of exec file called by :    
Mcdonald_812/CH12/EX12.06/12_06.sce',-1
 
ERROR: Introduction_To_Fluid_Mechanics_R._W._Fox_And_A._T._Mcdonald_812/CH12/EX12.07/12_07.sce
 
pathname=get_absolute_file_path('12.07.sce')
                                             !--error 999 
get_absolute_file_path: The file 12.07.sce is not opened in scilab.
at line       2 of exec file called by :    
Mcdonald_812/CH12/EX12.07/12_07.sce',-1
 
ERROR: Introduction_To_Fluid_Mechanics_R._W._Fox_And_A._T._Mcdonald_812/CH12/EX12.08/12_08.sce
 
pathname=get_absolute_file_path('12.08.sce')
                                             !--error 999 
get_absolute_file_path: The file 12.08.sce is not opened in scilab.
at line       2 of exec file called by :    
Mcdonald_812/CH12/EX12.08/12_08.sce',-1
 
ERROR: Introduction_To_Fluid_Mechanics_R._W._Fox_And_A._T._Mcdonald_812/CH12/EX12.09/12_09.sce
 
pathname=get_absolute_file_path('12.09.sce')
                                             !--error 999 
get_absolute_file_path: The file 12.09.sce is not opened in scilab.
at line       2 of exec file called by :    
Mcdonald_812/CH12/EX12.09/12_09.sce',-1
 
ERROR: Introduction_To_Fluid_Mechanics_R._W._Fox_And_A._T._Mcdonald_812/CH12/EX12.10/12_10.sce
 
pathname=get_absolute_file_path('12.10.sce')
                                             !--error 999 
get_absolute_file_path: The file 12.10.sce is not opened in scilab.
at line       2 of exec file called by :    
Mcdonald_812/CH12/EX12.10/12_10.sce',-1
 
