Total number of .sce files(without counting DEPENDENCIES directory): 121

grepthis#Engineering_Physics_S._M._Naidu_3669/CH10/EX10.1/1.sce #
 
 
 
 
 
 
 
 
 
 
 
energy gap is 0.802   eV  
 
grepthis#Engineering_Physics_S._M._Naidu_3669/CH11/EX11.1/1.sce #
 
 
 
 
 
 
 
 
 
 
 
 
 
 
 
 
numerical aperture is 0.296     
 
acceptance angle is 17.000   degrees 14.776  minutes 
 
critical angle is 78.000   degrees 26.000 minutes  
 
fractional refractive indices change is 0.020     
 
grepthis#Engineering_Physics_S._M._Naidu_3669/CH14/EX14.1/1.sce #
 
 
 
 
 
 
 
 
 
 
ratio of maximum intensity to minimum intensity is 19.727     
 
answer varies due to approximating off errors
 
grepthis#Engineering_Physics_S._M._Naidu_3669/CH1/EX1.1/1.sce #
 
 
 
 
 
 
 
 
 
 
 
 
 
bond energy is -4.606    eV    
 
grepthis#Engineering_Physics_S._M._Naidu_3669/CH2/EX2.1/1.sce #
 
 
 
 
 
 
 
 
 
 
 
 
free volume/unit cell is 0.008  nm**3   
 
grepthis#Engineering_Physics_S._M._Naidu_3669/CH3/EX3.1/1.sce #
 
 
 
 
 
 
 
 
 
 
 
 
 
 
 
 
glancing angle is 21.000   degrees  
 
grepthis#Engineering_Physics_S._M._Naidu_3669/CH4/EX4.1/1.sce #
 
 
 
 
 
 
 
 
 
 
 
wavelength is 0.0275 nm
  
 
grepthis#Engineering_Physics_S._M._Naidu_3669/CH5/EX5.1/1.sce #
 
 
 
 
 
 
 
 
 
 
 
 
 
temperature is 1260.842    K 
 
answer varies due to approximating off errors
 
grepthis#Engineering_Physics_S._M._Naidu_3669/CH6/EX6.1/1.sce #
 
 
 
 
 
 
 
 
 
 
dielectric constant of material is 1.339     
 
grepthis#Engineering_Physics_S._M._Naidu_3669/CH7/EX7.1/1.sce #
 
 
 
 
 
 
 
 
 
 
 
flux density is 0.628    Wb/m**2 
 
magnetic moment is -2.000   A/m  
 
grepthis#Engineering_Physics_S._M._Naidu_3669/CH8/EX8.1/1.sce #
 
 
 
 
 
 
 
 
 
 
 
 
resistivity is 0.417   ohm m  
 
grepthis#Engineering_Physics_S._M._Naidu_3669/CH9/EX9.1/1.sce #
 
 
 
 
 
 
 
 
 
 
transition temperature is 11.314   K  
 
grepthis#Engineering_Physics_S._M._Naidu_3669/CH10/EX10.2/2.sce #
 
 
 
 
 
 
 
 
 
 
 
wavelength is 8632.812   angstrom  
 
grepthis#Engineering_Physics_S._M._Naidu_3669/CH11/EX11.2/2.sce #
 
 
 
 
 
 
 
 
 
 
 
 
numerical aperture is 0.446     
 
acceptance angle is 26.000   degrees 29.451  minutes
 
answer varies due to approximating off errors
 
grepthis#Engineering_Physics_S._M._Naidu_3669/CH14/EX14.2/2.sce #
 
 
 
 
 
 
 
 
 
 
 
 
 
 
 
 
 
 
 
 
 
 
angular position of 10th maximum is 3.000  degrees 7.000  minutes 30.887  seconds 
 
answer varies due to approximating off errors
 
angular position of 1st minimum is 0.000  degrees 9.000  minutes 23.000 seconds 
 
grepthis#Engineering_Physics_S._M._Naidu_3669/CH1/EX1.2/2.sce #
 
 
 
 
 
 
 
 
 
 
 
 
 
 
 
 
 
total cohesive energy per atom is -3.068     eV   
 
answer varies due to ing off errors 
grepthis#Engineering_Physics_S._M._Naidu_3669/CH2/EX2.2/2.sce #
 
 
 
 
 
 
 
 
 
 
 
lattice constant is 3.517   angstrom  
 
grepthis#Engineering_Physics_S._M._Naidu_3669/CH3/EX3.2/2.sce #
 
 
 
 
 
 
 
 
 
 
 
 
 
wavelength is 0.084    nm 
 
maximum order of diffraction is 6.700     
 
grepthis#Engineering_Physics_S._M._Naidu_3669/CH4/EX4.2/2.sce #
 
 
 
 
 
 
 
 
 
 
 
 
velocity is 438.634   *10**4 m/s  
 
answer varies due to approximating off errors
 
kinetic energy is 54.714  eV   
 
grepthis#Engineering_Physics_S._M._Naidu_3669/CH5/EX5.2/2.sce #
 
 
 
 
 
 
 
 
 
 
 
 
 
total number of free electrons is 8.395     **10**28 per m**3
 
answer varies due to approximating off errors
 
grepthis#Engineering_Physics_S._M._Naidu_3669/CH6/EX6.2/2.sce #
 
 
 
 
 
 
 
 
 
 
 
 
capacitance is 8.850000e-12  F   
 
charge on plates is 8.850000e-10  C  
 
 
grepthis#Engineering_Physics_S._M._Naidu_3669/CH7/EX7.2/2.sce #
 
 
 
 
 
 
 
 
 
 
 
magnetisation is -0.250  *10**-2 A/m   
 
flux density is 1.257  *10**-3 Wb/m**2   
 
grepthis#Engineering_Physics_S._M._Naidu_3669/CH8/EX8.2/2.sce #
 
 
 
 
 
 
 
 
 
 
number of donor atoms is 8.333   *10**19 per m**3  
 
grepthis#Engineering_Physics_S._M._Naidu_3669/CH9/EX9.2/2.sce #
 
 
 
 
 
 
 
 
 
 
frequency is 4.105   *10**9 Hz  
 
grepthis#Engineering_Physics_S._M._Naidu_3669/CH11/EX11.3/3.sce #
 
 
 
 
 
 
 
 
 
fractional refractive indices change is 0.042     
 
 
grepthis#Engineering_Physics_S._M._Naidu_3669/CH14/EX14.3/3.sce #
 
 
 
 
 
 
 
 
 
 
 
 
 
 
 
 
 
5320.000 angstrom lies in the visible region 
grepthis#Engineering_Physics_S._M._Naidu_3669/CH1/EX1.3/3.sce #
 
 
 
 
 
 
 
 
 
 
 
 
cohesive energy is -7.965  eV      
 
grepthis#Engineering_Physics_S._M._Naidu_3669/CH2/EX2.3/3.sce #
 
 
 
 
 
 
 
 
 
 
 
 
lattice constant is 2.869  angstrom   
 
grepthis#Engineering_Physics_S._M._Naidu_3669/CH3/EX3.3/3.sce #
 
 
 
 
 
 
 
 
 
 
 
 
fraction of vacancy sites is 8.467  *10**-7   
 
grepthis#Engineering_Physics_S._M._Naidu_3669/CH4/EX4.3/3.sce #
 
 
 
 
 
 
 
 
 
 
 
 
 
 
energy value in ground state is 37.7377 eV 

energy value in 1st state is 150.95 eV 

energy value in 2nd state is 339.6395 eV 
 
grepthis#Engineering_Physics_S._M._Naidu_3669/CH5/EX5.3/3.sce #
 
 
 
 
 
 
 
 
 
 
 
relaxation time is 39.742  *10**-15 s   
 
answer varies due to approximating off errors
 
grepthis#Engineering_Physics_S._M._Naidu_3669/CH6/EX6.3/3.sce #
 
 
 
 
 
 
 
 
 
 
electronic polarizability is 2.242000e-41  F m**2   
 
 
grepthis#Engineering_Physics_S._M._Naidu_3669/CH7/EX7.3/3.sce #
 
 
 
 
 
 
 
 
 
 
 
magnetisation is 3500.000   A/m  
 
flux density is 4.712    *10**-3 Wb/m**2 
 
 
grepthis#Engineering_Physics_S._M._Naidu_3669/CH8/EX8.3/3.sce #
 
 
 
 
 
 
 
 
 
 
 
diffusion coefficient of electrons is 54.337  *10**-4 m**2/s   
 
grepthis#Engineering_Physics_S._M._Naidu_3669/CH9/EX9.3/3.sce #
 
 
 
 
 
 
 
 
 
 
critical field is 0.022    Tesla 
 
grepthis#Engineering_Physics_S._M._Naidu_3669/CH11/EX11.4/4.sce #
 
 
 
 
 
 
 
 
 
numerical aperture is 0.391     
 
grepthis#Engineering_Physics_S._M._Naidu_3669/CH14/EX14.4/4.sce #
 
 
 
 
 
 
 
 
 
 
 
wavelength of light is 5880.000   angstrom  
 
grepthis#Engineering_Physics_S._M._Naidu_3669/CH1/EX1.4/4.sce #
 
 
 
 
 
 
 
 
 
 
potential energy is 5.755   eV  
 
grepthis#Engineering_Physics_S._M._Naidu_3669/CH2/EX2.4/4.sce #
 
 
 
 
 
 
 
 
 
//number of atoms per m**3 is 177.313  *10**27   
 
grepthis#Engineering_Physics_S._M._Naidu_3669/CH3/EX3.4/4.sce #
 
 
 
 
 
 
 
 
 
 
 
 
 
 
 
 
 
 
ratio is 2.449:1.732:1.414 
grepthis#Engineering_Physics_S._M._Naidu_3669/CH4/EX4.4/4.sce #
 
 
 
 
 
 
 
 
 
 
 
 
minimum energy is 2.359 eV   
 
grepthis#Engineering_Physics_S._M._Naidu_3669/CH5/EX5.4/4.sce #
 
 
 
 
 
 
 
 
 
 
 
relaxation time is 3.824   *10**-14 s  
 
grepthis#Engineering_Physics_S._M._Naidu_3669/CH6/EX6.4/4.sce #
 
 
 
 
 
 
 
 
 
 
 
 
voltage is 39.734   V  
 
grepthis#Engineering_Physics_S._M._Naidu_3669/CH7/EX7.4/4.sce #
 
 
 
 
 
 
 
 
 
 
 
magnetisation is -0.420    A/m 
 
flux density is 1.256   *10**-3 Wb/m**2 
 
grepthis#Engineering_Physics_S._M._Naidu_3669/CH8/EX8.4/4.sce #
 
 
 
 
 
 
 
 
 
 
 
carrier concentration is 19.410    *10**21 per m**3 
 
//mobility of holes is 0.038     m**2/Vs
 
grepthis#Engineering_Physics_S._M._Naidu_3669/CH9/EX9.4/4.sce #
 
 
 
 
 
 
 
 
 
 
temperature is 7.200   K  
 
grepthis#Engineering_Physics_S._M._Naidu_3669/CH11/EX11.5/5.sce #
 
 
 
 
 
 
 
 
 
 
 
refractive index of core is 1.546     
 
refractive index of cladding is 1.496     
 
grepthis#Engineering_Physics_S._M._Naidu_3669/CH14/EX14.5/5.sce #
 
 
 
 
 
 
 
 
 
 
radius of curvature is 1.059   m  
 
grepthis#Engineering_Physics_S._M._Naidu_3669/CH1/EX1.5/5.sce #
 
 
 
 
 
 
 
 
 
 
 
cohesive energy is -3.456   eV  
 
 
grepthis#Engineering_Physics_S._M._Naidu_3669/CH2/EX2.5/5.sce #
 
 
 
 
 
 
 
 
 
number of atoms per sq. mm is 8.163  *10**12   
 
grepthis#Engineering_Physics_S._M._Naidu_3669/CH3/EX3.5/5.sce #
 
 
 
 
 
 
 
 
 
 
 
 
 
 
lattice parameter of nickel is 3.522  angstrom   
 
grepthis#Engineering_Physics_S._M._Naidu_3669/CH4/EX4.5/5.sce #
 
 
 
 
 
 
 
 
wavelength is 0.010  nm   
 
grepthis#Engineering_Physics_S._M._Naidu_3669/CH5/EX5.5/5.sce #
 
 
 
 
 
 
 
 
 
 
 
 
 
 
 
 
 
number of conduction electrons is 1.809  *10**29 per m**3   
 
mobility of electrons is 0.001   m**2/Vs  
 
drift velocity is 2.304    *10**-4 m/s
 
 
grepthis#Engineering_Physics_S._M._Naidu_3669/CH6/EX6.5/5.sce #
 
 
 
 
 
 
 
 
 
 
 
 
polarization is 212.400   *10**-9 C m  
 
grepthis#Engineering_Physics_S._M._Naidu_3669/CH7/EX7.5/5.sce #
 
 
 
 
 
 
 
 
 
magnetic moment is 3.927  *10**-3 Am**2   
 
grepthis#Engineering_Physics_S._M._Naidu_3669/CH8/EX8.5/5.sce #
 
 
 
 
 
 
 
 
 
 
 
intrinsic concentration is 556.248    *10**16 per m**3 
 
grepthis#Engineering_Physics_S._M._Naidu_3669/CH9/EX9.5/5.sce #
 
 
 
 
 
 
 
 
 
 
critical field is 0.016    Tesla 
 
grepthis#Engineering_Physics_S._M._Naidu_3669/CH11/EX11.6/6.sce #
 
 
 
 
 
 
 
 
 
numerical aperture is 0.391     
 
grepthis#Engineering_Physics_S._M._Naidu_3669/CH14/EX14.6/6.sce #
 
 
 
 
 
 
 
 
 
 
 
 
least distance of the point is 13.000   mm  
 
grepthis#Engineering_Physics_S._M._Naidu_3669/CH1/EX1.6/6.sce #
 
 
 
 
 
 
 
 
 
 
 
 
 
cohesive energy is -3.590   eV  
 
grepthis#Engineering_Physics_S._M._Naidu_3669/CH2/EX2.6/6.sce #
 
 
 
 
 
 
 
 
 
 
 
density is 5434.522   kg/m**3  
 
grepthis#Engineering_Physics_S._M._Naidu_3669/CH3/EX3.6/6.sce #
 
 
 
 
 
 
 
 
 
 
order of diffraction is 2.000     
 
grepthis#Engineering_Physics_S._M._Naidu_3669/CH4/EX4.6/6.sce #
 
 
 
 
 
 
 
 
 
 
 
minimum energy is 150.951  eV   
 
grepthis#Engineering_Physics_S._M._Naidu_3669/CH5/EX5.6/6.sce #
 
 
 
 
 
 
 
 
 
 
 
 
 
 
mobility of electrons is 0.004   m**2/Vs  
 
answer in the book is wrong
 
grepthis#Engineering_Physics_S._M._Naidu_3669/CH6/EX6.6/6.sce #
 
 
 
 
 
 
 
 
 
 
 
 
 
 
electronic polarizability is 3.293  *10**-40 F m**2   
 
answer varies due to approximating off errors
 
grepthis#Engineering_Physics_S._M._Naidu_3669/CH7/EX7.6/6.sce #
 
 
 
 
 
 
 
 
 
 
 
magnetizing force is 201.000   A/m  
 
relative permeability is 17.385     
 
answer varies due to approximating off errors
 
grepthis#Engineering_Physics_S._M._Naidu_3669/CH8/EX8.6/6.sce #
 
 
 
 
 
 
 
 
 
 
resistivity is 0.449  ohm m   
 
grepthis#Engineering_Physics_S._M._Naidu_3669/CH9/EX9.6/6.sce #
 
 
 
 
 
 
 
 
 
 
frequency is 313.962  *10**9 Hz   
 
grepthis#Engineering_Physics_S._M._Naidu_3669/CH11/EX11.7/7.sce #
 
 
 
 
 
 
 
 
 
 
 
 
numerical aperture is 0.296     
 
acceptance angle is 17.000    degrees 14.776 minutes 
 
grepthis#Engineering_Physics_S._M._Naidu_3669/CH14/EX14.7/7.sce #
 
 
 
 
 
 
 
 
 
 
 
 
thickness is 2.500    micro m 
 
grepthis#Engineering_Physics_S._M._Naidu_3669/CH3/EX3.7/7.sce #
 
 
 
 
 
 
 
 
 
 
 
 
length of unit cell is 0.287   *10**-9 m  
 
volume of unit cell is 0.024  *10**-27 m**3   
 
radius of the atom is 0.124  *10**-9 m   
 
grepthis#Engineering_Physics_S._M._Naidu_3669/CH5/EX5.7/7.sce #
 
 
 
 
 
 
 
 
 
 
 
 
 
 
mobility of electrons is 0.004   m**2/Vs  
 
answer in the book is wrong
 
grepthis#Engineering_Physics_S._M._Naidu_3669/CH6/EX6.7/7.sce #
 
 
 
 
 
 
 
 
 
 
 
 
 
orientational polarization is 1.030 *10**-11 C m    
 
grepthis#Engineering_Physics_S._M._Naidu_3669/CH7/EX7.7/7.sce #
 
 
 
 
 
 
 
 
 
 
 
change in magnetic moment is 5.705   *10**-29 Am**2  
 
answer given in the book is wrong
 
grepthis#Engineering_Physics_S._M._Naidu_3669/CH8/EX8.7/7.sce #
 
 
 
 
 
 
 
 
 
 
 
 
 
 
conductivity is 0.439   *10**-3 per ohm m  
 
hole concentration is 2.250  *10**9 per m**3   
 
conductivity is 2.160   *10**3 per ohm m  
 
grepthis#Engineering_Physics_S._M._Naidu_3669/CH9/EX9.7/7.sce #
 
 
 
 
 
 
 
 
 
 
critical field is 3.365  *10**3 A/m   
 
grepthis#Engineering_Physics_S._M._Naidu_3669/CH11/EX11.8/8.sce #
 
 
 
 
 
 
 x  =
 
    0.98  
 
 
 
 
 
 
refractive index of core is 1.658     
 
refractive index of cladding is 1.625     
 
grepthis#Engineering_Physics_S._M._Naidu_3669/CH14/EX14.8/8.sce #
 
 
 
 
 
 
 
Warning : redefining function: beta                    . Use funcprot(0) to avoid this message

 
 
 
fringe width is 2.750   mm  
 
grepthis#Engineering_Physics_S._M._Naidu_3669/CH3/EX3.8/8.sce #
 
 
 
 
 
 
 
 
 
 
order of diffraction is 2.000     
 
grepthis#Engineering_Physics_S._M._Naidu_3669/CH4/EX4.8/8.sce #
 
 
 
 
 
 
 
 
 
 
 
minimum energy is 4.193   eV  
 
grepthis#Engineering_Physics_S._M._Naidu_3669/CH5/EX5.8/8.sce #
 
 
 
 
 
 
 
 
 
 
 
relaxation time is 3.641   *10**-14 s  
 
grepthis#Engineering_Physics_S._M._Naidu_3669/CH6/EX6.8/8.sce #
 
 
 
 
 
 
 
 
 
 
 
 
 
 
 
radius is 5.864    *10**-11 m 
 
answer varies due to approximating off errors
 
displacement is 0.701 *10**-16 m    
 
grepthis#Engineering_Physics_S._M._Naidu_3669/CH7/EX7.8/8.sce #
 
 
 
 
 
 
 
 
 
 
 
change in magnetic moment is 3.936 *10**-29 Am**2    
 
grepthis#Engineering_Physics_S._M._Naidu_3669/CH8/EX8.8/8.sce #
 
 
 
 
 
 
 
 
 
 
 
carrier concentration is 1.708 *10**22 per m**3    
 
//mobility of holes is 4.099   *10**-2 m**2/Vs  
 
grepthis#Engineering_Physics_S._M._Naidu_3669/CH11/EX11.9/9.sce #
 
 
 
 
 
 
 
 
 
 
 
 
 
 
acceptance angle is 8.000   degrees 38.000  minutes 55.368 seconds  
 
answer varies due to approximating off errors
 
grepthis#Engineering_Physics_S._M._Naidu_3669/CH14/EX14.9/9.sce #
 
 
 
 
Warning : redefining function: beta                    . Use funcprot(0) to avoid this message

 
 
 
 
 
 
separation between slits is 2.000   mm  
 
grepthis#Engineering_Physics_S._M._Naidu_3669/CH3/EX3.9/9.sce #
 
 
 
 
 
 
 
 
 
 
 
 
 
 
 
 
 
 
 
 
glancing angle is 20 degrees 42 minutes 17 seconds 
answer varies due to approximating off errors 
grepthis#Engineering_Physics_S._M._Naidu_3669/CH4/EX4.9/9.sce #
 
 
 
 
 
 
 
 
 
de broglie wavelength is 8488.000  nm   
 
grepthis#Engineering_Physics_S._M._Naidu_3669/CH5/EX5.9/9.sce #
 
 
 
 
 
 
 
 
 
 
 
 
 
 
 
 
 
relaxation time is 3.974  *10**-14 s   
 
drift velocity is 0.699    m/s 
 
mobility is 0.699   *10**-2 m**2/Vs  
 
thermal velocity is 1.168   *10**5 m/s  
 
grepthis#Engineering_Physics_S._M._Naidu_3669/CH6/EX6.9/9.sce #
 
 
 
 
 
 
 
 
 
 
 
 
voltage is 53.807   V  
 
grepthis#Engineering_Physics_S._M._Naidu_3669/CH7/EX7.9/9.sce #
 
 
 
 
 
 
 
 
 
 
 
susceptibility is 3.267   *10**-4  
 
grepthis#Engineering_Physics_S._M._Naidu_3669/CH8/EX8.9/9.sce #
 
 
 
 
 
 
 
 
 
 
 
conductivity is 4.320  *10**-4 per ohm m   
 
grepthis#Engineering_Physics_S._M._Naidu_3669/CH11/EX11.10/10.sce #
 
 
 
 
 
 
 
 
 
fractional refractive indices change is 6.897  *10**-3   
 
grepthis#Engineering_Physics_S._M._Naidu_3669/CH14/EX14.10/10.sce #
 
 
 
 
 
 
 
 
 
 
 
 
 
ratio of maximum intensity to minimum intensity is 1.960     
 
grepthis#Engineering_Physics_S._M._Naidu_3669/CH3/EX3.10/10.sce #
 
 
 
 
 
 
 
 
 
 
 
 
 
 
 
cube edge of unit cell is 4.055   angstrom  
 
grepthis#Engineering_Physics_S._M._Naidu_3669/CH4/EX4.10/10.sce #
 
 
 
 
 
 
 
 
 
 
 
 
 
energy value in 2nd quantum state is  37.738     
 
energy value in 4th quantum state is 150 eV
  
answer varies due to approximating off errors
 
grepthis#Engineering_Physics_S._M._Naidu_3669/CH5/EX5.10/10.sce #
 
 
 
 
 
 
 
 
 
 
 
fermi velocity is 1.391  *10**6 m/s   
 
mean free path is 5.522   *10**-8 m  
 
grepthis#Engineering_Physics_S._M._Naidu_3669/CH6/EX6.10/10.sce #
 
 
 
 
 
 
 
 
 
 
 
 
 
 
dipole moment is 8.897  *10**-40 F m**2   
 
polarization is 26.691   *10**-15 C m  
 
dielectric constant is 1.003     
 
polarizability is 8.897    *10**-40 F m**2 
 
grepthis#Engineering_Physics_S._M._Naidu_3669/CH7/EX7.10/10.sce #
 
 
 
 
 
 
 
 
 
relative permeability is 2153.846     
 
grepthis#Engineering_Physics_S._M._Naidu_3669/CH8/EX8.10/10.sce #
 
 
 
 
 
 
 
 
 
 
 
 
 
 
 
 
 
conductivity is 11.195   per ohm m
  
 
grepthis#Engineering_Physics_S._M._Naidu_3669/CH11/EX11.11/11.sce #
 
 
 
 
 
 
 
 
 
 
 
 
 
 
 
 
refractive index of cladding is 1.440     
 
numerical aperture is 0.420     
 
acceptance angle is 24.000  degrees 50.000  minutes  
 
critical angle is 73.000    degrees 44.000  minutes
 
grepthis#Engineering_Physics_S._M._Naidu_3669/CH14/EX14.11/11.sce #
 
 
 
 
 
 
 
 
 
 
diameter of 25th ring is 0.824    cm 
 
grepthis#Engineering_Physics_S._M._Naidu_3669/CH3/EX3.11/11.sce #
 
 
 
 
 
 
 
 
 
 
 
 
 
 
 
lattice parameter of nickel is 3.522 angstrom    
 
grepthis#Engineering_Physics_S._M._Naidu_3669/CH4/EX4.11/11.sce #
 
 
 
 
 
 
 
 
 
 
 
 
 
 
interplanar spacing is 0.382  angstrom   
 
grepthis#Engineering_Physics_S._M._Naidu_3669/CH5/EX5.11/11.sce #
 
 
 
 
 
 
 
 
 
 
 
 
 
 
 
 
fermi energy is 8.827  *10**-19 J   
 
grepthis#Engineering_Physics_S._M._Naidu_3669/CH6/EX6.11/11.sce #
 
 
 
 
 
 
 
 
 
 
electronic polarizability is 1.426   *10**-40 F m**2  
 
grepthis#Engineering_Physics_S._M._Naidu_3669/CH8/EX8.11/11.sce #
 
 
 
 
 
 
 
 
 
 
 
 
 
 
resistivity is 4.134   *10**-4 per ohm m  
 
grepthis#Engineering_Physics_S._M._Naidu_3669/CH11/EX11.12/12.sce #
 
 
 
 
 
 
 
 
 
 
 
 
numerical aperture is 0.446     
 
acceptance angle is 26.000  degrees 29.451 minutes  
 
answer varies due to approximating off errors
 
grepthis#Engineering_Physics_S._M._Naidu_3669/CH3/EX3.12/12.sce #
 
 
 
 
 
 
 
 
 
 
 
 
 
 
 
interplanar spacing for (111) is 0.208    nm 
 
interplanar spacing for (321) is 0.096  nm   
 
grepthis#Engineering_Physics_S._M._Naidu_3669/CH4/EX4.12/12.sce #
 
 
 
 
 
 
 
 
 
 
 
 
 
 
energy required to pump an electron is 301.570  eV   
 
answer varies due to approximating off errors
 
grepthis#Engineering_Physics_S._M._Naidu_3669/CH5/EX5.12/12.sce #
 
 
 
 
 
 
 
 
 
 
 
 
 
 
 
 
drift velocity of free electrons is 0.739   *10**-3 m/s  
 
grepthis#Engineering_Physics_S._M._Naidu_3669/CH6/EX6.12/12.sce #
 
 
 
 
 
 
 
 
 
 
 
 
 
electronic polarizability is 6.785  *10**-40 F m**2   
 
grepthis#Engineering_Physics_S._M._Naidu_3669/CH8/EX8.12/12.sce #
 
 
 
 
 
 
 
 
 
hole concentration is 1.200  *10**9 per m**3   
 
grepthis#Engineering_Physics_S._M._Naidu_3669/CH3/EX3.13/13.sce #
 
 
 
 
 
 
 
 
 
 
 
 
 
 
 
glancing angle is 16.000    degrees 27.000  minutes 
 
glancing angle is 16 degrees 27 minutes  
answer varies due to approximating off errors
 
grepthis#Engineering_Physics_S._M._Naidu_3669/CH4/EX4.13/13.sce #
 
 
 
 
 
 
 
 
 
 
 
 
minimum energy is 9.424   eV  
 
answer varies due to approximating off errors
 
grepthis#Engineering_Physics_S._M._Naidu_3669/CH8/EX8.13/13.sce #
 
 
 
 
 
 
 
 
 
 
density of donor atoms is 8.917  *10**19 electrons/m**3   
 
grepthis#Engineering_Physics_S._M._Naidu_3669/CH3/EX3.14/14.sce #
 
 
 
 
 
 
 
 
 
 
 
 
 
 
 
glancing angle is 22 degrees 56 minutes 31 seconds 
answer given in the book is wrong
 
grepthis#Engineering_Physics_S._M._Naidu_3669/CH4/EX4.14/14.sce #
 
 
 
 
 
 
 
 
wavelength is 0.307  angstrom   
 
grepthis#Engineering_Physics_S._M._Naidu_3669/CH8/EX8.14/14.sce #
 
 
 
 
 
 
 
 
 
 
 
 
energy gap is 0.574   eV  
 
 
grepthis#Engineering_Physics_S._M._Naidu_3669/CH8/EX8.15/15.sce #
 
 
 
 
 
 
 
 
 
 
 
diffusion coefficient is 4.916  *10**-3 m**2/sec   
 
grepthis#Engineering_Physics_S._M._Naidu_3669/CH8/EX8.16/16.sce #
 
 
 
 
 
 
 
 
 
 
 
 
energy gap is 1.042  eV   
 
 
