Total number of .sce files(without counting DEPENDENCIES directory): 128

grepthis#Chemistry_R._Chang_884/CH1/EX1.1/Example1_1.sce #
 
 
 
 
 
	 Example 1.1
 
 
 
 
 
 
 
	 the density of gold is : 19.3 g/cm^3
 
 
 
 
 
grepthis#Chemistry_R._Chang_884/CH1/EX1.2/Example1_2.sce #
 
 
 
 
 
	 Example 1.2
 
 
 
 
 
 
 
	 the mass of mercury is : 74.8 g
 
 
 
 
 
grepthis#Chemistry_R._Chang_884/CH1/EX1.3/Example1_3.sce #
 
 
 
 
 
	 Example 1.3
 
 
 
 
 
 
 
	 the melting point of solder is :  435 F
 
 
 
 
 
 
 
 
	 the boiling point of helium is : -269 C
 
 
 
 
 
 
 
 
	 the meltiing point of mercury is : 234.25 K
 
 
 
 
 
grepthis#Chemistry_R._Chang_884/CH1/EX1.6/Example1_6.sce #
 
 
 
 
 
	 Example 1.6
 
 
 
 
 
 
 
 
	 the mass of glucose is : 3.78 *10^4 mg
 
 
 
 
grepthis#Chemistry_R._Chang_884/CH1/EX1.7/Example1_7.sce #
 
 
 
 
 
	 Example 1.7
 
 
 
 
 
 
 
 
	 the volume of blood is :  5.2 *10^-3 m^3
 
 
 
 
 
grepthis#Chemistry_R._Chang_884/CH1/EX1.8/Example1_8.sce #
 
 
 
 
 
	 Example 1.8
 
 
 
 
 
 
	 the density of liquid nitrogen is : 808 kg/m^3
 
 
 
 
grepthis#Chemistry_R._Chang_884/CH3/EX3.1/Example3_1.sce #
 
 
 
 
 
	 Example 3.1
 
 
 
 
 
 
 
 
	 the average atomic mass of Copper is : 63.55 amu
 
 
 
 
 
grepthis#Chemistry_R._Chang_884/CH3/EX3.2/Example3_2.sce #
 
 
 
 
 
	 Example 3.2
 
 
 
 
 
 
	 the no. of moles of He is : 1.61 mol
 
 
 
 
 
grepthis#Chemistry_R._Chang_884/CH3/EX3.3/Example3_3.sce #
 
 
 
 
 
	 Example 3.3
 
 
 
 
 
 
	 the mass of Zn is : 23.3 g
 
 
 
 
 
grepthis#Chemistry_R._Chang_884/CH3/EX3.4/Example3_4.sce #
 
 
 
 
 
	 Example 3.4
 
 
 
 
 
 
 
 
 
 
	 the no. of atoms of S is : 3.06*10^23
 
 
 
 
 
grepthis#Chemistry_R._Chang_884/CH3/EX3.5/Example3_5.sce #
 
 
 
 
 
	 Example 3.5
 
 
 
 
 
 
 
 
	 the molecular mass of SO2 is : 64.07 amu
 
 
 
 
 
 
 
 
	 the molecular mass of C8H10N4O2 is : 194.20 amu
 
 
 
 
grepthis#Chemistry_R._Chang_884/CH3/EX3.6/Example3_6.sce #
 
 
 
 
 
	 Example 3.6
 
 
 
 
 
 
 
 
 
	 the no. of moles of CH4 is : 0.378 mol
 
 
 
 
grepthis#Chemistry_R._Chang_884/CH3/EX3.7/Example3_7.sce #
 
 
 
 
 
	 Example 3.7
 
 
 
 
 
 
 
 
	 the no. of atoms of hydrogen are : 1.03*10^24 atoms
 
 
 
 
grepthis#Chemistry_R._Chang_884/CH3/EX3.8/Example3_8.sce #
 
 
 
 
 
	 Example 3.8
 
 
 
 
 
 
 
 
 
 
 
	 the percent by mass of Hydrogen is : 3.086 percent
 
	 the percent by mass of Phosphorus is : 31.61 percent
 
	 the percent by mass of Oxygen is : 65.31 percent
 
 
 
 
grepthis#Chemistry_R._Chang_884/CH3/EX3.9/Example3_9.sce #
 
 
 
 
 
	 Example 3.9
 
 
 
 
 
 
 
 
 
 
 
 
 
 
 
 
 
 
 
 
 
 
 
 
 
 
	 the empirical formula of ascorbic acid is : C3 H4 O3
 
 
 
 
grepthis#Chemistry_R._Chang_884/CH3/EX3.10/Example3_10.sce #
 
 
 
 
 
	 Example 3.10
 
 
 
 
 
 
 
 
	 the mass of Cu in CuFeS2 is : 1.28*10^3 kg
 
 
 
 
grepthis#Chemistry_R._Chang_884/CH3/EX3.13/Example3_13.sce #
 
 
 
 
 
	 Example 3.13
 
 
 
 
 
 
 
 
 
	 the mass of CO2 is : 1.25*10^3 g
 
 
 
 
grepthis#Chemistry_R._Chang_884/CH3/EX3.14/Example3_14.sce #
 
 
 
 
 
	 Example 3.14
 
 
 
 
 
 
 
 
 
	 the mass of Li is : 68.1 g
 
 
 
 
grepthis#Chemistry_R._Chang_884/CH3/EX3.15/Example3_15.sce #
 
 
 
 
 
	 Example 3.15
 
 
 
 
 
 
 
 
 
 
 
 
 
 
 
 
 
 
	 the limiting reagent is : NH3
 
 
 
 
	 the mass of the Urea produced is : 1124 g
 
 
 
	 the mass of excess CO2 is : 319 g
 
 
 
 
 
grepthis#Chemistry_R._Chang_884/CH3/EX3.16/Example3_16.sce #
 
 
 
 
 
	 Example 3.16
 
 
 
 
 
 
 
 
 
 
 
 
 
 
 
 
 
	 the theoretical yield is : 8.93*10^6 g
 
 
 
 
 
 
	 the percent yield is : 88.5 percent
 
 
 
 
grepthis#Chemistry_R._Chang_884/CH4/EX4.6/Example4_6.sce #
 
 
 
 
 
	 Example 4.6
 
 
 
 
 
 
 
 
 
 
 
 
	 the mass of the K2Cr2O7 needed is :  159 g
 
 
 
 
grepthis#Chemistry_R._Chang_884/CH4/EX4.7/Example4_7.sce #
 
 
 
 
 
	 Example 4.7
 
 
 
 
 
 
 
 
 
 
 
 
 
	 the volume of the Glucose needed is : 8.36 mL
 
 
 
 
grepthis#Chemistry_R._Chang_884/CH4/EX4.8/Example4_8.sce #
 
 
 
 
 
	 Example 4.8
 
 
 
 
 
 
 
 
 
 
	 the volume of the H2SO4 needed to dilute the solution is :  102 mL
 
 
 
 
grepthis#Chemistry_R._Chang_884/CH4/EX4.9/Example4_9.sce #
 
 
 
 
 
	 Example 4.9
 
 
 
 
 
 
 
 
 
 
 
 
 
 
 
 
	 the percentage of Cl in sample is : 47.58 percent
 
 
 
 
grepthis#Chemistry_R._Chang_884/CH4/EX4.10/Example4_10.sce #
 
 
 
 
 
	 Example 4.10
 
 
 
 
 
 
 
 
 
 
 
	 the molarity of NaOH solution is : 0.114 M
 
 
 
 
grepthis#Chemistry_R._Chang_884/CH4/EX4.11/Example4_11.sce #
 
 
 
 
 
	 Example 4.11
 
 
 
 
 
 
 
 
 
	 the volume of NaOH solution is : 16.1 mL
 
 
 
 
grepthis#Chemistry_R._Chang_884/CH4/EX4.12/Example4_12.sce #
 
 
 
 
 
	 Example 4.12
 
 
 
 
 
 
 
 
 
 
 
	 the molarity of FeSO4 solution is : 0.4358 M
 
 
 
 
grepthis#Chemistry_R._Chang_884/CH5/EX5.1/Example5_1.sce #
 
 
 
 
 
	 Example 5.1
 
 
 
 
 
	 the presuure in atmospheres is : 0.905 atm
 
 
 
 
grepthis#Chemistry_R._Chang_884/CH5/EX5.2/Example5_2.sce #
 
 
 
 
 
	 Example 5.2
 
 
 
 
 
 
	 the presuure in kilo pascals is : 97.6 kPa
 
 
 
 
grepthis#Chemistry_R._Chang_884/CH5/EX5.3/Example5_3.sce #
 
 
 
 
 
	 Example 5.3
 
 
 
 
 
 
 
 
 
	 the presuure in atmospheres is : 9.42 atm
 
 
 
 
grepthis#Chemistry_R._Chang_884/CH5/EX5.4/Example5_4.sce #
 
 
 
 
 
	 Example 5.4
 
 
 
 
 
 
 
 
 
 
 
	 the volume of NH3 under given conditions is : 9.74 L
 
 
 
 
grepthis#Chemistry_R._Chang_884/CH5/EX5.5/Example5_5.sce #
 
 
 
 
 
	 Example 5.5
 
 
 
 
 
 
 
 
 
 
	 the volume of He balloon at height 6.5km above sea level is :  1.4 L
 
 
 
 
grepthis#Chemistry_R._Chang_884/CH5/EX5.6/Example5_6.sce #
 
 
 
 
 
	 Example 5.6
 
 
 
 
 
 
 
 
 
	 the final pressure is : 1.48 atm
 
 
 
 
grepthis#Chemistry_R._Chang_884/CH5/EX5.7/Example5_7.sce #
 
 
 
 
 
	 Example 5.7
 
 
 
 
 
 
 
 
 
 
	 the final volume is :   14 mL
 
 
 
 
grepthis#Chemistry_R._Chang_884/CH5/EX5.8/Example5_8.sce #
 
 
 
 
 
	 Example 5.8
 
 
 
 
 
 
 
 
 
 
 
	 the density of CO2 is : 1.62 g/L
 
 
 
 
 
 
 
 
 
	 (Alternate Method)the density of CO2 is : 1.62 g/L
 
 
 
 
grepthis#Chemistry_R._Chang_884/CH5/EX5.9/Example5_9.sce #
 
 
 
 
 
	 Example 5.9
 
 
 
 
 
 
 
	 the molecular mass of given compound is : 67.9 g/mol
 
 
 
 
 
 
 
 
 
	 {alternate method} the molecular mass of given compound is : 67.9 g/mol
 
	 the molecular formula can be only found by trial and error method as given in the book 
 
 
 
grepthis#Chemistry_R._Chang_884/CH5/EX5.10/Example5_10.sce #
 
 
 
 
 
	 Example 5.10
 
 
 
 
 
 
 
 
 
 
 
 
 
 
 
	 the molecular mass of given compound is :  169 g/mol
 
 
 
 
 
grepthis#Chemistry_R._Chang_884/CH5/EX5.11/Example5_11.sce #
 
 
 
 
 
	 Example 5.11
 
 
 
 
 
	 the volume of O2 required for complete combustion of acetylene is : 19.1 L
 
 
 
 
 
grepthis#Chemistry_R._Chang_884/CH5/EX5.12/Example5_12.sce #
 
 
 
 
 
	 Example 5.12
 
 
 
 
 
 
 
 
 
 
	 the volume of N2 generated is : 37.0 L
 
 
 
 
 
grepthis#Chemistry_R._Chang_884/CH5/EX5.13/Example5_13.sce #
 
 
 
 
 
	 Example 5.13
 
 
 
 
 
 
 
 
 
 
 
 
	 the mass of Li2CO3 formed is :  5.4 *10^3 g
 
 
 
 
 
grepthis#Chemistry_R._Chang_884/CH5/EX5.14/Example5_14.sce #
 
 
 
 
 
	 Example 5.14
 
 
 
 
 
 
 
 
 
 
 
 
 
	 the partial pressures of Ne, Ar and Xe are : 1.21 atm, 0.20 atm and 0.585 atm respectively
 
 
 
 
 
grepthis#Chemistry_R._Chang_884/CH5/EX5.15/Example5_15.sce #
 
 
 
 
 
	 Example 5.15
 
 
 
 
 
 
 
 
 
 
 
	 the mass of O2 collected is : 0.163 g
 
 
 
 
 
grepthis#Chemistry_R._Chang_884/CH5/EX5.16/Example5_16.sce #
 
 
 
 
 
	 Example 5.16
 
 
 
 
 
 
 
 
 
	 the rms velocity of O2 collected is : 1.36 *10^3 m/s
 
 
 
 
 
 
	 the rms velocity of N2 collected is :  515 m/s
 
 
 
 
grepthis#Chemistry_R._Chang_884/CH5/EX5.17/Example5_17.sce #
 
 
 
 
 
	 Example 5.17
 
 
 
 
 
 
 
	 the molar mass of unknown gas is : 16.1 g/mol
 
 
 
 
grepthis#Chemistry_R._Chang_884/CH5/EX5.18/Example5_18.sce #
 
 
 
 
 
	 Example 5.18
 
 
 
 
 
 
 
 
 
	 the pressure of NH3 gas from ideal gas equation is : 17.7 atm
 
 
 
 
 
 
 
 
 
	 the pressure of NH3 gas from van der waals equation is : 16.2 atm
 
 
 
 
grepthis#Chemistry_R._Chang_884/CH6/EX6.1/Example6_1.sce #
 
 
 
 
 
	 Example 6.1
 
 
 
 
 
 
 
 
	 the work done in expansion against vacuum is :   -0 J
 
 
 
 
 
 
 
 
 
	 the work done in expansion against 1.2 atm pressure is : -4.9 *10^2 J
 
 
 
 
grepthis#Chemistry_R._Chang_884/CH6/EX6.2/Example6_2.sce #
 
 
 
 
 
	 Example 6.2
 
 
 
 
 
 
	 the change in energy for the process is :  334 J
 
 
 
 
grepthis#Chemistry_R._Chang_884/CH6/EX6.3/Example6_3.sce #
 
 
 
 
 
	 Example 6.3
 
 
 
 
 
 
 
 
	 the heat produced in a reaction is : -115 kJ
 
 
 
 
grepthis#Chemistry_R._Chang_884/CH6/EX6.4/Example6_4.sce #
 
 
 
 
 
	 Example 6.4
 
 
 
 
 
 
 
 
	 the change in internal energy in the reaction is : -563.5 kJ/mol
 
 
 
 
grepthis#Chemistry_R._Chang_884/CH6/EX6.5/Example6_5.sce #
 
 
 
 
 
	 Example 6.5
 
 
 
 
 
 
 
	 the amount of heat absorbed is : 128878 kJ
 
 
 
 
grepthis#Chemistry_R._Chang_884/CH6/EX6.6/Example6_6.sce #
 
 
 
 
 
	 Example 6.6
 
 
 
 
 
 
 
 
 
	 the molar heat of combustion of naphthalene is : -5.152*10^3 kJ/mol
 
 
 
 
grepthis#Chemistry_R._Chang_884/CH6/EX6.7/Example6_7.sce #
 
 
 
 
 
	 Example 6.7
 
 
 
 
 
 
 
 
 
 
 
 
 
 
	 the specific heat of lead is : 0.159 J/g C
 
 
 
 
grepthis#Chemistry_R._Chang_884/CH6/EX6.8/Example6_8.sce #
 
 
 
 
 
	 Example 6.8
 
 
 
 
 
 
 
 
 
 
 
	 the heat of neutralization is : -56.2 kJ/mol
 
 
 
 
grepthis#Chemistry_R._Chang_884/CH7/EX7.1/Example7_1.sce #
 
 
 
 
 
	 Example 7.1
 
 
 
 
 
 
	 the speed of a wave is : 1.52 *10^3 cm/s
 
 
 
 
grepthis#Chemistry_R._Chang_884/CH7/EX7.2/Example7_2.sce #
 
 
 
 
 
	 Example 7.2
 
 
 
 
 
 
	 the frequency of the wave is : 5.75 *10^14 Hz
 
 
 
 
grepthis#Chemistry_R._Chang_884/CH7/EX7.3/Example7_3.sce #
 
 
 
 
 
	 Example 7.3
 
 
 
 
 
 
 
 
	 (a) the energy of the photon is : 3.98 *10^-21 J
 
 
 
 
 
 
	 (b) the energy of the photon is : 3.98 *10^-15 J
 
 
 
 
grepthis#Chemistry_R._Chang_884/CH7/EX7.4/Example7_4.sce #
 
 
 
 
 
	 Example 7.4
 
 
 
 
 
 
 
 
 
 
	 the wavelength of the photon is :  434 nm
 
 
 
 
grepthis#Chemistry_R._Chang_884/CH7/EX7.5/Example7_5.sce #
 
 
 
 
 
	 Example 7.5
 
 
 
 
 
 
 
 
	 the wavelength of the tennis ball is :  1.8 *10^-34 m
 
 
 
 
 
 
 
	 the wavelength of the electron is :  1.1 *10^-5 m
 
 
 
 
grepthis#Chemistry_R._Chang_884/CH11/EX11.3/Example11_3.sce #
 
 
 
 
 
	 Example 11.3
 
 
 
 
 
 
 
 
 
 
 
	 the atomic radius of Au is :  144 pm
 
 
 
 
grepthis#Chemistry_R._Chang_884/CH11/EX11.4/Example11_4.sce #
 
 
 
 
 
	 Example 11.4
 
 
 
 
 
 
 
	 the spacing between planes is :  233 pm
 
 
 
 
grepthis#Chemistry_R._Chang_884/CH11/EX11.6/Example11_6.sce #
 
 
 
 
 
	 Example 11.6
 
 
 
 
 
 
 
 
 
 
	 the density of NaCl is : 2.16 g/cc
 
 
 
 
grepthis#Chemistry_R._Chang_884/CH11/EX11.7/Example11_7.sce #
 
 
 
 
 
	 Example 11.7
 
 
 
 
 
 
 
 
 
 
	 the pressure at 32 C is :  657 mm Hg
 
 
 
 
grepthis#Chemistry_R._Chang_884/CH11/EX11.8/Example11_8.sce #
 
 
 
 
 
	 Example 11.8
 
 
 
 
 
 
 
 
 
 
 
 
 
 
 
 
 
 
 
 
 
	 the overall energy required is :  984 kJ
 
 
 
 
grepthis#Chemistry_R._Chang_884/CH12/EX12.2/Example12_2.sce #
 
 
 
 
 
	 Example 12.2
 
 
 
 
 
 
	 the concentration of KCl solution is : 1.61 percent by mass
 
 
 
 
grepthis#Chemistry_R._Chang_884/CH12/EX12.3/Example12_3.sce #
 
 
 
 
 
	 Example 12.3
 
 
 
 
 
 
 
 
	 the molality of sulfuric acid solution is : 1.26 m
 
 
 
 
grepthis#Chemistry_R._Chang_884/CH12/EX12.4/Example12_4.sce #
 
 
 
 
 
	 Example 12.4
 
 
 
 
 
 
 
 
 
 
	 the molality of CH3OH solution is : 2.73 m
 
 
 
 
grepthis#Chemistry_R._Chang_884/CH12/EX12.5/Example12_5.sce #
 
 
 
 
 
	 Example 12.5
 
 
 
 
 
 
 
 
 
	 the molality of H3PO4 solution is : 5.59 m
 
 
 
 
grepthis#Chemistry_R._Chang_884/CH12/EX12.6/Example12_6.sce #
 
 
 
 
 
	 Example 12.6
 
 
 
 
 
 
 
 
 
 
	 the solubility of N2 gas in water is :  5.3*10^-4 M
 
 
 
 
grepthis#Chemistry_R._Chang_884/CH12/EX12.7/Example12_7.sce #
 
 
 
 
 
	 Example 12.7
 
 
 
 
 
 
 
 
 
 
 
 
	 the vapor pressure lowering is :  1.4 mmHg
 
 
 
 
grepthis#Chemistry_R._Chang_884/CH12/EX12.8/Example12_8.sce #
 
 
 
 
 
	 Example 12.8
 
 
 
 
 
 
 
 
 
 
 
 
	 the depression in freezing point and elevation in boiling point are : 7.79 C and  2.2 C respectively
 
 
 
 
grepthis#Chemistry_R._Chang_884/CH12/EX12.9/Example12_9.sce #
 
 
 
 
 
 
	 Example 12.9
 
 
 
 
 
 
 
	 the molar concentration is : 1.23 M
 
 
 
 
grepthis#Chemistry_R._Chang_884/CH12/EX12.10/Example12_10.sce #
 
 
 
 
 
	 Example 12.10
 
 
 
 
 
 
 
 
 
 
	 the molar mass of the sample is :  127 g/mol 
 
 
 
 
grepthis#Chemistry_R._Chang_884/CH12/EX12.11/Example12_11.sce #
 
 
 
 
 
 
	 Example 12.11
 
 
 
 
 
 
 
 
 
 
 
 
	 the molar mass of the hemoglobin is : 6.51 *10^4 g/mol 
 
 
 
 
grepthis#Chemistry_R._Chang_884/CH12/EX12.12/Example12_12.sce #
 
 
 
 
 
 
	 Example 12.12
 
 
 
 
 
 
 
 
	 the vant hoff factor of KI at 25 C is : 1.90
 
 
 
 
grepthis#Chemistry_R._Chang_884/CH13/EX13.2/Example13_2.sce #
 
 
 
 
 
	 Example 13.2
 
 
 
 
 
 
	 the rate of formation of N2O5 is : 0.048 M/s
 
 
 
 
	 the rate of reaction of NO2 is : -0.096 M/s
 
 
 
 
grepthis#Chemistry_R._Chang_884/CH13/EX13.3/Example13_3.sce #
 
 
 
 
 
	 Example 13.3
 
 
 
 
 
 
 
 
 
 
 
 
 
 
 
 
 
 
 
 
 
	 (a) the rate of reaction is : r=k[NO]^2*[H2]^1
 
 
 
 
	 (b) the rate constant of the reaction is : 2.5*10^2 /M^2 s
 
 
 
 
 
 
	 (c) the rate of reaction at given concentration is : 2.2*10^-4 M/s
 
 
 
 
grepthis#Chemistry_R._Chang_884/CH13/EX13.4/Example13_4.sce #
 
 
 
 
 
	 Example 13.4
 
 
 
 
 
 
 
 
 
	 (a) the concentration of cyclopropane at given time is : 0.18 M
 
 
 
 
 
 
 
	 (b) the time required is : 13 min
 
 
 
 
 
 
 
 
 
	 (c) the time required for required conversion is : 34 min
 
 
 
 
grepthis#Chemistry_R._Chang_884/CH13/EX13.5/Example13_5.sce #
 
 
 
 
 
	 Example 13.5
 
 
 
 
 
 
 
 
 
	 the rate constant for the decomposition is : 2.55*10^-3 s-1
 
 
 
 
grepthis#Chemistry_R._Chang_884/CH13/EX13.6/Example13_6.sce #
 
 
 
 
 
	 Example 13.6
 
 
 
 
 
	 the half life for the decomposition of ethane is : 21.5 min
 
 
 
 
grepthis#Chemistry_R._Chang_884/CH13/EX13.7/Example13_7.sce #
 
 
 
 
 
	 Example 13.7
 
 
 
 
 
 
 
 
 
	 (a) the concentration of I is :  1.2*10^-12 M
 
 
 
 
 
	 (b) the half life for Io=0.6 is : 2.4*10^-10 s
 
 
 
 
	     the half life for Io=0.42 is : 3.4*10^-10 s
 
 
 
 
grepthis#Chemistry_R._Chang_884/CH13/EX13.8/Example13_8.sce #
 
 
 
 
 
	 Example 13.8
 
 
 
 
x=T^-1;//1/T values corresponding to Temp values above, K-1
       !       
at line      10 of exec file called by :    
exec('SCI/etc/scilab.start',-1);;exec('Chemistry_R._Chang_884/CH13/EX13.8/Example13_8.sce',-1)
 
Warning: Syntax "vector ^ scalar" is obsolete. It will be removed in Scilab 6.0.
  Use "vector .^ scalar" instead.

 
 
 
 
 
 
	 the activation energy for the decomposition is : 1.82*10^2 kJ/mol
 
 
 
 
grepthis#Chemistry_R._Chang_884/CH13/EX13.9/Example13_9.sce #
 
 
 
 
 
	 Example 13.9
 
 
 
 
 
 
 
 
 
	 the rate constant at temp 350 is : 0.702 s-1
 
 
 
 
grepthis#Chemistry_R._Chang_884/CH14/EX14.2/Example14_2.sce #
 
 
 
 
 
	 Example 14.2
 
 
 
 
 
 
 
 
	 the value of the equilibrium constant of the reaction is : 6.44 *10^5
 
 
 
 
grepthis#Chemistry_R._Chang_884/CH14/EX14.3/Example14_3.sce #
 
 
 
 
 
	 Example 14.3
 
 
 
 
 
 
 
 
	 the value of the equilibrium pressure of the Cl2 gas is : 1.98 atm
 
 
 
 
grepthis#Chemistry_R._Chang_884/CH14/EX14.4/Example14_4.sce #
 
 
 
 
 
	 Example 14.4
 
 
 
 
 
 
 
 
	 the value of the equilibrium constant of the reaction is : 6.41 *10^-3
 
 
 
 
grepthis#Chemistry_R._Chang_884/CH14/EX14.6/Example14_6.sce #
 
 
 
 
 
	 Example 14.6
 
 
 
 
 
 
 
 
 
 
 
 
	(a) the value of Kp of the reaction is : 0.236
 
	(b) the value of Kc of the reaction is : 2.68 *10^-3
 
 
 
 
grepthis#Chemistry_R._Chang_884/CH14/EX14.8/Example14_8.sce #
 
 
 
 
 
	 Example 14.8
 
 
 
 
 
 
 
 
 
 
 
	 the system is not in equilibrium and the reaction will move from left to right
 
 
 
 
grepthis#Chemistry_R._Chang_884/CH14/EX14.9/Example14_9.sce #
 
 
 
 
 
	 Example 14.9
 
 
 
 
 
 
 
 
 
 
 
 
	 the equilibrium concentration of H2 is : 0.107 M
 
	 the equilibrium concentration of I2 is : 0.107 M
 
	 the equilibrium concentration of HI is : 0.786 M
 
 
 
 
grepthis#Chemistry_R._Chang_884/CH14/EX14.10/Example14_10.sce #
 
 
 
 
 
	 Example 14.10
 
 
 
 
 
 
 
 
 
 
 
 
 
 
 
 
 
 
	 the equilibrium concentration of H2 is : 0.00467 M
 
	 the equilibrium concentration of I2 is : 0.00258 M
 
	 the equilibrium concentration of HI is : 0.0255 M
 
 
 
 
grepthis#Chemistry_R._Chang_884/CH14/EX14.11/Example14_11.sce #
 
 
 
 
 
	 Example 14.11
 
 
 
 
 
 
 
 
 
 
 
	 (b) the system is not in equilibrium and the reaction will move from right to left
 
 
 
 
grepthis#Chemistry_R._Chang_884/CH15/EX15.2/Example15_2.sce #
 
 
 
 
 
	 Example 15.2
 
 
 
 
 
 
	 The [H+] ion concentration of the solution is : 4.0*10^-12 M
 
 
 
 
grepthis#Chemistry_R._Chang_884/CH15/EX15.3/Example15_3.sce #
 
 
 
 
 
	 Example 15.3
 
 
 
 
 
	 pH of the solution on first occasion is: 3.49 
 
 
 
 
 
	 pH of the solution on second occasion is : 3.00 
 
 
 
 
grepthis#Chemistry_R._Chang_884/CH15/EX15.4/Example15_4.sce #
 
 
 
 
 
	 Example 15.4
 
 
 
 
 
	 The [H+] ion concentration of the solution is : 1.5*10^-5 M
 
 
 
 
 
grepthis#Chemistry_R._Chang_884/CH15/EX15.5/Example15_5.sce #
 
 
 
 
 
	 Example 15.5
 
 
 
 
 
 
 
 
	 the pH of the solution is : 10.46 
 
 
 
 
grepthis#Chemistry_R._Chang_884/CH15/EX15.6/Example15_6.sce #
 
 
 
 
 
	 Example 15.6
 
 
 
 
 
 
 
	 the pH of the HCl solution is : 3.00 
 
 
 
 
 
 
 
 
	 the pH of the Ba(OH)2 solution is : 12.60 
 
 
 
 
grepthis#Chemistry_R._Chang_884/CH15/EX15.8/Example15_8.sce #
 
 
 
 
 
	 Example 15.8
 
 
 
 
 
 
 
 
 
 
 
 
 
 
 
	 the pH of the HNO2 solution is : 2.42 
 
 
 
 
 
grepthis#Chemistry_R._Chang_884/CH15/EX15.9/Example15_9.sce #
 
 
 
 
 
	 Example 15.9
 
 
 
 
 
 
 
 
 
	 the ionisation constant of the given solution is : 1.73*10^-4 M 
 
 
 
 
grepthis#Chemistry_R._Chang_884/CH15/EX15.10/Example15_10.sce #
 
 
 
 
 
	 Example 15.10
 
 
 
 
 
 
 
 
 
 
 
 
 
 
 
 
 
	 the pH of the NH3 solution is : 11.43 
 
 
 
 
 
grepthis#Chemistry_R._Chang_884/CH15/EX15.11/Example15_11.sce #
 
 
 
 
 
	 Example 15.11
 
 
 
 
 
 
 
 
 
 
 
 
 
 
 
 
	 the concentration of the C2H2O4 in the solution is : 0.046 M
 
 
 
 
 
 
 
 
 
 
 
 
 
 
 
 
 
 
 
 
 
	 the concentration of the [C2HO4-] ion in the solution is : 0.054 M
 
	 the concentration of the [H+] ion in the solution is : 0.054 M
 
	 the concentration of the [C2O4-2] ion in the solution is :  6.1*10^-5 M
 
	 the concentration of the [OH-] ion in the solution is : 1.835277*10^-13 M
 
 
 
 
 
grepthis#Chemistry_R._Chang_884/CH15/EX15.13/Example15_13.sce #
 
 
 
 
 
	 Example 15.13
 
 
 
 
 
 
 
 
 
 
 
 
 
 
 
 
 
 
	 the pH of the salt solution is : 8.96 
 
 
 
	 the percentage of hydrolysis of the salt solution is : 0.0061 percent
 
 
 
 
grepthis#Chemistry_R._Chang_884/CH16/EX16.1/Example16_1.sce #
 
 
 
 
 
	 Example 16.1
 
 
 
 
 
 
 
 
 
 
 
 
 
	 (a) the pH of CH3COOH solution is : 2.72 
 
 
 
 
 
 
 
 
 
 
 
 
	 (b) the pH of CH3COOH and CH3COONa solution is : 4.92 
 
 
 
 
grepthis#Chemistry_R._Chang_884/CH16/EX16.3/Example16_3.sce #
 
 
 
 
 
	 Example 16.3
 
 
 
 
 
 
 
 
 
 
 
 
 
 
	 (a) the pH of CH3COOH and CH3COONa solution is : 4.74 
 
 
 
 
 
 
 
 
 
 
 
 
 
	 (b) the pH of solution after adding HCl is : 4.66 
 
 
 
 
grepthis#Chemistry_R._Chang_884/CH16/EX16.5/Example16_5.sce #
 
 
 
 
 
	 Example 16.5
 
 
 
 
 
 
 
 
 
 
 
 
 
 
 
 
 
 
 
 
	 (a) the pH of the solution is : 4.57 
 
 
 
 
 
 
 
 
 
 
 
 
 
 
 
 
 
 
	 (b) the pH of the solution is : 8.72 
 
 
 
 
 
 
 
 
 
 
 
 
 
 
 
	 (c) the pH of the solution is : 12.22 
 
 
 
 
grepthis#Chemistry_R._Chang_884/CH16/EX16.6/Example16_6.sce #
 
 
 
 
 
	 Example 16.6
 
 
 
 
 
 
 
 
 
 
 
 
 
 
 
 
 
 
 
 
	 the pH of the solution at equivalent point is : 5.28 
 
 
 
 
grepthis#Chemistry_R._Chang_884/CH16/EX16.8/Example16_8.sce #
 
 
 
 
 
	 Example 16.8
 
 
 
 
 
 
 
 
 
	 the Ksp of CaSO4 is : 2.4*10^-5 
 
 
 
 
grepthis#Chemistry_R._Chang_884/CH16/EX16.9/Example16_9.sce #
 
 
 
 
 
	 Example 16.9
 
 
 
 
 
 
 
 
 
	 the solubility of Cu(OH)2 is : 1.722*10^-5 g/L
 
 
 
 
grepthis#Chemistry_R._Chang_884/CH16/EX16.10/Example16_10.sce #
 
 
 
 
 
	 Example 16.10
 
 
 
 
 
 
 
 
 
 
 
 
 
 
 
 
 
 
	 the solution is supersaturated and hence a precipitate will form
 
 
 
grepthis#Chemistry_R._Chang_884/CH16/EX16.11/Example16_11.sce #
 
 
 
 
 
	 Example 16.11
 
 
 
 
 
 
 
 
 
 
 
 
	 to precipitate Br- without precipitating Cl- the concentration of Ag must be greater than 3.9 *10^-11 M but less than 8.0 *10^-9 M
 
 
 
 
grepthis#Chemistry_R._Chang_884/CH16/EX16.12/Example16_12.sce #
 
 
 
 
 
	 Example 16.12
 
 
 
 
 
 
 
 
 
 
 
 
 
	 the solubility of AgCl in AgBr solution is : 3.53 *10^-6 g/L
 
 
 
 
grepthis#Chemistry_R._Chang_884/CH16/EX16.14/Example16_14.sce #
 
 
 
 
 
	 Example 16.14
 
 
 
 
 
 
 
 
 
 
 
 
 
 
	 to initiate precipitation the conc of NH3 must be slightly greater than : 2.6 *10^-6 M
 
 
 
 
grepthis#Chemistry_R._Chang_884/CH16/EX16.15/Example16_15.sce #
 
 
 
 
 
	 Example 16.15
 
 
 
 
 
 
 
 
 
 
 
 
	 the conc of Cu2+ ions in equilibrium is : 1.6 *10^-13 M
 
 
 
 
grepthis#Chemistry_R._Chang_884/CH16/EX16.16/Example16_16.sce #
 
 
 
 
 
	 Example 16.16
 
 
 
 
 
 
 
 
 
 
 
	 amount of AgCl which can be dissolved in 1 L of 1 M NH3 sol in equilibrium is : 0.045 M
 
 
 
 
grepthis#Chemistry_R._Chang_884/CH17/EX17.1/Example17_1.sce #
 
 
 
 
 
	 Example 17.1
 
 
 
 
 
 
 
	 the maximum wavelength of the photon which can dissociate an O2 molecule is :  240 nm
 
 
 
 
grepthis#Chemistry_R._Chang_884/CH17/EX17.3/Example17_3.sce #
 
 
 
 
 
	 Example 17.3
 
 
 
 
 
 
	 the amount of Rn left after 10 half lives is :  9.8 *10^-4 g
 
 
 
 
grepthis#Chemistry_R._Chang_884/CH18/EX18.2/Example18_2.sce #
 
 
 
 
 
	 Example 18.2
 
 
 
 
 
 
 
 
	 (a) the standard entropy of reaction is : 160.5 J/K mol
 
 
 
 
 
 
 
 
	 (b) the standard entropy of reaction is : -199 J/K mol
 
 
 
 
 
 
 
 
	 (c) the standard entropy of reaction is :   20 J/K mol
 
 
 
grepthis#Chemistry_R._Chang_884/CH18/EX18.4/Example18_4.sce #
 
 
 
 
 
	 Example 18.4
 
 
 
 
 
 
 
 
 
 
	 (a) the standard free energy change of reaction is : -818.0 kJ/mol
 
 
 
 
 
 
 
 
 
	 (b) the standard free energy change of reaction is : 1139 kJ/mol
 
 
 
 
grepthis#Chemistry_R._Chang_884/CH18/EX18.5/Example18_5.sce #
 
 
 
 
 
	 Example 18.5
 
 
 
 
 
 
 
 
 
 
 
 
	 the entropy change for fusion and condensation are : 39.1 J/K mol and 87.8 J/K mol respectively
 
 
 
 
grepthis#Chemistry_R._Chang_884/CH18/EX18.6/Example18_6.sce #
 
 
 
 
 
	 Example 18.6
 
 
 
 
 
 
 
 
 
 
 
	 the equilibrium constant for the given reaction is :  7*10^-84
 
 
 
 
grepthis#Chemistry_R._Chang_884/CH18/EX18.7/Example18_7.sce #
 
 
 
 
 
	 Example 18.7
 
 
 
 
 
 
 
	 the free energy for the given reaction is :   56 kJ/mol 
 
 
 
 
grepthis#Chemistry_R._Chang_884/CH18/EX18.8/Example18_8.sce #
 
 
 
 
 
	 Example 18.8
 
 
 
 
 
 
 
 
 
 
	 the free energy for the given reaction is : -3.06 kJ/mol and net reaction proceeds from left to right to reach equilibrium
 
 
 
 
grepthis#Chemistry_R._Chang_884/CH19/EX19.3/Example19_3.sce #
 
 
 
 
 
	 Example 19.3
 
 
 
 
 
 
 
	 the standard emf of the cell is : 3.17 V
 
 
 
 
grepthis#Chemistry_R._Chang_884/CH19/EX19.4/Example19_4.sce #
 
 
 
 
 
	 Example 19.4
 
 
 
 
 
 
 
 
 
 
	 the equilibrium constant for the given reaction is : 6.33*10^9
 
 
 
 
grepthis#Chemistry_R._Chang_884/CH19/EX19.5/Example19_5.sce #
 
 
 
 
 
	 Example 19.5
 
 
 
 
 
 
 
 
 
 
 
 
	 the standard free energy change for the reaction is : 2.53*10^3 kJ/mol 
 
 
 
 
grepthis#Chemistry_R._Chang_884/CH19/EX19.6/Example19_6.sce #
 
 
 
 
 
	 Example 19.6
 
 
 
 
 
 
 
 
 
 
 
 
 
 
 
	 the reaction is not spontaneously in the direction written 
 
 
 
 
grepthis#Chemistry_R._Chang_884/CH19/EX19.7/Example19_7.sce #
 
 
 
 
 
	 Example 19.7
 
 
 
 
 
 
 
 
 
 
 
 
 
 
 
	 the molar concentration of H+ ion is :  2*10^-4 M 
 
 
 
 
grepthis#Chemistry_R._Chang_884/CH19/EX19.9/Example19_9.sce #
 
 
 
 
 
	 Example 19.9
 
 
 
 
 
 
 
 
 
 
 
 
 
 
 
 
	 the volume of O2 gas and H2 gas generated are : 1.96 L and 3.92 L respectively
 
 
 
 
grepthis#Chemistry_R._Chang_884/CH23/EX23.2/Example23_2.sce #
 
 
 
 
 
	 Example 23.2
 
 
 
 
 
 
 
 
 
 
 
 
 
	 the nu binding energy per nucleon is : 1.36 *10^-12 J/nucleon
 
 
 
 
