Total number of .sce files(without counting DEPENDENCIES directory): 129

grepthis#Electronic_Instrumentation_And_Measurements_J._B._Gupta_1859/CH1/EX1.1/exa_1_1.sce #
 
 
 
 
 
 
 
 
 
 New unit of resistance will be equal to ( in Ω ) is :    
 
    10.  
 
 
 
 New unit of capacitance will be equal to (in Farad) is :    
 
    0.1  
 
 
 
 New unit of inductance will be equal to (in Henrys) is :    
 
    10.  
 
 
grepthis#Electronic_Instrumentation_And_Measurements_J._B._Gupta_1859/CH2/EX2.10/exa_2_10.sce #
 
 
 
 
 
 
 
 
 
 
 
 
 
 
 Values of R1+R2 in ohm are 293 ohm to 307 ohm   
 
 
grepthis#Electronic_Instrumentation_And_Measurements_J._B._Gupta_1859/CH2/EX2.12/exa_2_12.sce #
 
 
 
 
 
 
 
 
 
 
 
 
 
 The power dissipated in the resistor in watt   
 
    584.06  
 
 
 
 The limiting error in the power dissipation with pos and neg   
 
    11.502243  
 
 
 Power dissipation   
 
 
 516.88 to 651.24   
 
 
grepthis#Electronic_Instrumentation_And_Measurements_J._B._Gupta_1859/CH2/EX2.13/exa_2_13.sce #
 
 
 
 
 
 
 
 
 
 
 
 
 
 
 Power dissipation   
 
 
 395.2 to 404.8   
 
 
grepthis#Electronic_Instrumentation_And_Measurements_J._B._Gupta_1859/CH2/EX2.14/exa_2_14.sce #
 
 
 
 
 
 
 
 
 
 
 Resolution in volt   
 
    0.4  
 
 
grepthis#Electronic_Instrumentation_And_Measurements_J._B._Gupta_1859/CH2/EX2.15/exa_2_15.sce #
 
 
 
 
 
 
 
 
 
 
 Limiting error with pos and neg in miu F   
 
    3.9  
 
 
 
 Relative limiting error with pos and neg   
 
    1.4444444  
 
 
 
grepthis#Electronic_Instrumentation_And_Measurements_J._B._Gupta_1859/CH2/EX2.16/exa_2_16.sce #
 
 
 
 
 
 
 
 
 
 
 
 
 
 
 
 
 
 
 
 Percentage error (maximum posible) in equivalent parallel resistance with pos and neg   
 
    3.  
 
 
 
 
 Error (maximum possible) in equivalent parallel resistance in ohm   
 
    10.  
 
 
grepthis#Electronic_Instrumentation_And_Measurements_J._B._Gupta_1859/CH2/EX2.17/exa_2_17.sce #
 
 
 
 
 
 
 
 
 
 
 
 
 
 
 Equivalent resistance when connected in seried in ohm   
 
    350.  
 
 
 
 Relative limiting error of series resistances in percentage (with pos and neg)   
 
    5.  
 
 
 
 Relative limiting error of series equivalent resistance in ohm   
 
    17.5  
 
 
 
 
 
 Equivalent resistance when connected in parallel in ohm   
 
    28.571429  
 
 
 
 
 
 
 
 
 
 
 
 
 
 
 Percentage error (maximum possible) in equivalent parallel resistance in percentage   
 
    25.  
 
 
 
 Error (maximum possible) in equivalent parallel resistance in ohm   
 
    7.1428571  
 
 
grepthis#Electronic_Instrumentation_And_Measurements_J._B._Gupta_1859/CH2/EX2.18/exa_2_18.sce #
 
 
 
 
 
 
 
 
 
 
 
 
 
 
 
 
 
 Relative limiting error in power measurement in percentage   
 
    4.9553571  
 
 
grepthis#Electronic_Instrumentation_And_Measurements_J._B._Gupta_1859/CH2/EX2.19/exa_2_19.sce #
 
 
 
 
 
 
 
 
 
 
 
 Normal power consumed in watt   
 
    40.  
 
 
 
 Relative limiting error in measurement of power in percentage   
 
    7.  
 
 
 
 Limiting error of power in watt   
 
    2.8  
 
 
grepthis#Electronic_Instrumentation_And_Measurements_J._B._Gupta_1859/CH2/EX2.1/exa_2_1.sce #
 
 
 
 
 
 
 
 
 
 Absolute error in ohm   
 
    0.03  
 
 
grepthis#Electronic_Instrumentation_And_Measurements_J._B._Gupta_1859/CH2/EX2.20/exa_2_20.sce #
 
 
 
 
 
 
 
 
 
 
 
 
 
 
 Unknown resistance in ohm   
 
    3075.  
 
 
 
 Relative limiting error of unknown resistance in percentage   
 
    2.5  
 
 
 
 Limiting error in ohms   
 
    76.875  
 
 
grepthis#Electronic_Instrumentation_And_Measurements_J._B._Gupta_1859/CH2/EX2.21/exa_2_21.sce #
 
 
 
 
 
 
 
 
 
 
 Relative limiting error in percentage (with pos and neg)   
 
    2.5  
 
 
grepthis#Electronic_Instrumentation_And_Measurements_J._B._Gupta_1859/CH2/EX2.22/exa_2_22.sce #
 
 
 
 
 
 
 
 
 
 
 
 
 
 
 
 
 
 
 Unknown inductance in Henry   
 
    2.4  
 
 
 
 
 
 
 
 
 
 
 
 
 
 
 
 Percentage error in inductance   
 
    3.3583333  
 
 
grepthis#Electronic_Instrumentation_And_Measurements_J._B._Gupta_1859/CH2/EX2.23/exa_2_23.sce #
 
 
 
 
 
 
 
 
 
 
 
 
 
 
 
 
 
 
 
 
 
 
 
 The uncertainly in the measurement of Z in percentage   
 
    9.8764774  
 
 
grepthis#Electronic_Instrumentation_And_Measurements_J._B._Gupta_1859/CH2/EX2.24/exa_2_24.sce #
 
 
 
 
 
 
 
 
 
 
 
 
 
 
 
 
 
 
 
 Standard deviation   
 
    0.2701851  
 
 
grepthis#Electronic_Instrumentation_And_Measurements_J._B._Gupta_1859/CH2/EX2.25/exa_2_25.sce #
 
 
 
 
 
 
 
 
 
 
 
 
 
 
 
 
 
 
 
 Arithmetic mean   
 
    41.97  
 
 
 
 
 
 
 
 
 
 
 
 
 
 
 Standard deviation   
 
    0.2213594  
 
 
 
 
 
 Probable error of one reading   
 
    0.1493069  
 
 
 
 
 
grepthis#Electronic_Instrumentation_And_Measurements_J._B._Gupta_1859/CH2/EX2.26/exa_2_26.sce #
 
 
 
 
 
 
 
 
 
 
 
 
 
 
 
 
 
 
 
 Arithmetic mean in gramme   
 
    1.5752  
 
 
 
 
 
 
 
 
 
 
 
 
 
 
 
 Average deviation in gramme   
 
    0.011  
 
 
 
 
 
 Standard deviation in gramme   
 
    0.0142579  
 
 
 
 
 
 Variance in gramme^2   
 
    0.0002033  
 
 
 
 
 
 Probable error gramme   
 
    0.0096170  
 
 
 
 
 
 Probable error of mean in gramme   
 
    0.0032057  
 
 
grepthis#Electronic_Instrumentation_And_Measurements_J._B._Gupta_1859/CH2/EX2.2/exa_2_2.sce #
 
 
 
 
 
 
 
 
 
 Absolute error in A   
 
    0.16  
 
 
 Correction in A   
 
  - 0.16  
 
 
grepthis#Electronic_Instrumentation_And_Measurements_J._B._Gupta_1859/CH2/EX2.3/exa_2_3.sce #
 
 
 
 
 
 
 
 
 
 True value in watt   
 
    25.45  
 
 
grepthis#Electronic_Instrumentation_And_Measurements_J._B._Gupta_1859/CH2/EX2.4/exa_2_4.sce #
 
 
 
 
 
 
 
 
 
 
 Percentage relative error   
 
    1.9364449  
 
 
grepthis#Electronic_Instrumentation_And_Measurements_J._B._Gupta_1859/CH2/EX2.5/exa_2_5.sce #
 
 
 
 
 
 
 
 
 
 
 
 Limiting value of inductance is : 20 + 1 to 20 - 1 in Henry   
 
 
 
grepthis#Electronic_Instrumentation_And_Measurements_J._B._Gupta_1859/CH2/EX2.6/exa_2_6.sce #
 
 
 
 
 
 
 
 
 
 
 
 The percentage limiting error at 400 volt (in positive and negetive)   
 
    3.75  
 
 
grepthis#Electronic_Instrumentation_And_Measurements_J._B._Gupta_1859/CH2/EX2.7/exa_2_7.sce #
 
 
 
 
 
 
 
 
 
 
 
 
 Range of reading of wattmeter is 492.5 watt to 507.5 watt   
 
 
grepthis#Electronic_Instrumentation_And_Measurements_J._B._Gupta_1859/CH2/EX2.8/exa_2_8.sce #
 
 
 
 
 
 
 
 
 
 
 
 
 
 
 
 
 
 
 Limiting values of current under measurement are 2.35 amp to 2.65 amp   
 
 
 
 Limiting Error in %   
 
    6.  
 
 
grepthis#Electronic_Instrumentation_And_Measurements_J._B._Gupta_1859/CH2/EX2.9/exa_2_9.sce #
 
 
 
 
 
 
 
 
 
 
 
 The percentage limiting error at 1000 watt    
 
    10.  
 
 
grepthis#Electronic_Instrumentation_And_Measurements_J._B._Gupta_1859/CH3/EX3.10/exa_3_10.sce #
 
 
 
 
 
 
 
 
 
 
 
 
 
 
 
 
 Main circuit current at FSD in mA   
 
    2.5  
 
 
 Main circuit current at 0.5 FSD in mA   
 
    1.25  
 
 
 Main circuit current at 0.1 FSD in mA   
 
    0.25  
 
 
grepthis#Electronic_Instrumentation_And_Measurements_J._B._Gupta_1859/CH3/EX3.11/exa_3_11.sce #
 
 
 
 
 
 
 
 
 
 
 
 
 
 
 
 
 
 
 
 
 
 
 
 
 
 
 
 
 
 
 
 
 
 Resistance of the various sections of the Ayrtons shunt in ohm are:    
 
 
    2.2222222  
 
 
    0.7407407  
 
 
    0.3703704  
 
 
    0.2222222  
 
 
    0.8888889  
 
 
grepthis#Electronic_Instrumentation_And_Measurements_J._B._Gupta_1859/CH3/EX3.12/exa_3_12.sce #
 
 
 
 
 
 
 
 
 
 
 
 
 
 
 
 
 
 
 
 Ammeter range at contact 1 in mA   
 
    200.  
 
 
 
 
 
 
 
 Ammeter range at contact 2 in A   
 
    2.  
 
 
 
 
 
 
 
 
 Ammeter range at contact 3 in A   
 
    20.  
 
 
grepthis#Electronic_Instrumentation_And_Measurements_J._B._Gupta_1859/CH3/EX3.13/exa_3_13.sce #
 
 
 
 
 
 
 
 
 
 
 
 External resistance in ohm   
 
    14990.  
 
 
 
 
 
 
 Shunt resistance required in ohm   
 
    0.0050025  
 
 
grepthis#Electronic_Instrumentation_And_Measurements_J._B._Gupta_1859/CH3/EX3.14/exa_3_14.sce #
 
 
 
 
 
 
 
 
 
 A  =
 
    0.0012  
 
 
 
 
 
 
 
 External required resistance in ohm   
 
    50000.  
 
 
grepthis#Electronic_Instrumentation_And_Measurements_J._B._Gupta_1859/CH3/EX3.15/exa_3_15.sce #
 
 
 
 
 
 
 
 
 
 
 External required resistance in kohm   
 
    499.99  
 
 
 
 
 Applied voltage at instrument current 0.75 FSD in volt   
 
    75.  
 
 
 
 
 
 Applied voltage at instrument current 0.5 FSD in volt   
 
    50.  
 
 
 
 
 
 Applied voltage at instrument current 0.25 FSD in volt   
 
    25.  
 
 
 
 
 
 Applied voltage at instrument current 0.1 FSD in volt   
 
    10.  
 
 
grepthis#Electronic_Instrumentation_And_Measurements_J._B._Gupta_1859/CH3/EX3.16/exa_3_16.sce #
 
 
 
 
 
 
 
 
 
 
 
 
 
 
 
 
 Additional required resistance at 0-10 V range in kohm   
 
    99.5  
 
 
 
 
 
 
 
 Additional required resistance at 0-50 V range in kohm   
 
    400.  
 
 
 
 
 
 
 
 Additional required resistance at 0-100 V range in kohm   
 
    500.  
 
 
 
 
 
 
 
 Additional required resistance at 0-500 V range in kohm   
 
    4000.  
 
 
grepthis#Electronic_Instrumentation_And_Measurements_J._B._Gupta_1859/CH3/EX3.17/exa_3_17.sce #
 
 
 
 
 
 
 
 
 
 
 
 
 
 
 
 
 
 
 Unknown resistance at 0.8 FSD in kΩ   
 
    2.5  
 
 
 
 
 
 
 
 
 Unknown resistance at 0.5 FSD in kΩ   
 
    10.  
 
 
 
 
 
 
 
 
 Unknown resistance at 0.25 FSD in kΩ   
 
    30.  
 
 
 
 
 
 
 
 
 Unknown resistance at 0.8 FSD in kΩ   
 
    90.  
 
 
grepthis#Electronic_Instrumentation_And_Measurements_J._B._Gupta_1859/CH3/EX3.18/exa_3_18.sce #
 
 
 
 
 
 
 
 
 
 
 
 
 
 
 
 
 
 
 
 
 Unknown resistance at 0.5 FSD with 1.5 V in kohm   
 
    5.  
 
 
 
 
 
 
 
 
 
 Zero adjuster resistance in ohm   
 
    200.  
 
 
 
 
 
 
 
 
 
 
 
 Unknown resistance at 0.5 FSD with 1.25 V in kohm   
 
    10.  
 
 
grepthis#Electronic_Instrumentation_And_Measurements_J._B._Gupta_1859/CH3/EX3.1/exa_3_1.sce #
 
 
 
 
 
 
 
 
 
 
 
 
 
 Torque developed by the coil in Nm   
 
    0.00012  
 
 
grepthis#Electronic_Instrumentation_And_Measurements_J._B._Gupta_1859/CH3/EX3.2/exa_3_2.sce #
 
 
 
 
 
 
 
 
 
 
 
 
 
 
 
 
 Deflection in degree   
 
    75.  
 
 
grepthis#Electronic_Instrumentation_And_Measurements_J._B._Gupta_1859/CH3/EX3.3/exa_3_3.sce #
 
 
 
 
 
 
 
 
 
 
 
 
 
 
 
 
 
 Deflection in degree   
 
    72.  
 
 
grepthis#Electronic_Instrumentation_And_Measurements_J._B._Gupta_1859/CH3/EX3.4/exa_3_4.sce #
 
 
 
 
 
 
 
 
 
 
 
 
 Angle through which coil turn in °    
 
    2.  
 
 
grepthis#Electronic_Instrumentation_And_Measurements_J._B._Gupta_1859/CH3/EX3.5/exa_3_5.sce #
 
 
 
 
 
 
 
 
 
 
 
 
 
 
 
 
 
 
 Number of turns is   
 
    136.  
 
 
grepthis#Electronic_Instrumentation_And_Measurements_J._B._Gupta_1859/CH3/EX3.6/exa_3_6.sce #
 
 
 
 
 
 
 
 
 
 
 
 
 
 
 
 
 Current in the coil in mA   
 
    2.0943951  
 
 
grepthis#Electronic_Instrumentation_And_Measurements_J._B._Gupta_1859/CH3/EX3.7/exa_3_7.sce #
 
 
 
 
 
 
 
 
 
 
 
 
 
 Current sensitivity in mm/micro amp   
 
    60.  
 
 
 
 
 
 Voltage sensitivity in mm/micro volt   
 
    0.3  
 
 
 
 
 
 
 Megohm sensitivity in Mohm/mm   
 
    60.  
 
 
 
 
 
 
 
 
 Deflection in radians   
 
    0.06  
 
 
grepthis#Electronic_Instrumentation_And_Measurements_J._B._Gupta_1859/CH3/EX3.8/exa_3_8.sce #
 
 
 
 
 
 
 
 
 
 
 Resistance of ammeter shunt required in ohm   
 
    0.0500025  
 
 
grepthis#Electronic_Instrumentation_And_Measurements_J._B._Gupta_1859/CH3/EX3.9/exa_3_9.sce #
 
 
 
 
 
 
 
 
 
 
 
 
 
 
 
 
 Current range in amp   
 
    250.  
 
 
 
 
 
 
 
 Required shunt resistance in ohm   
 
    0.0010010  
 
 
grepthis#Electronic_Instrumentation_And_Measurements_J._B._Gupta_1859/CH4/EX4.1/exa_4_1.sce #
 
 
 
 
 
 
 
 
 
 
 
 
 
 
 
 
 Meter Current in mA   
 
    1.  
 
 
 
 
 
 
 
 
 Input resistance with transistor in kohm   
 
    500.  
 
 
 
 
 Input resistance without transistor in kohm   
 
    4.3  
 
 
 
 
 
 
 
 
 Meter current when the dc input voltage is 2.5 volt in mA   
 
    0.4186047  
 
 
grepthis#Electronic_Instrumentation_And_Measurements_J._B._Gupta_1859/CH4/EX4.2/exa_4_2.sce #
 
 
 
 
 
 
 
 
 
 
 
 
 
 
 emitter current when input voltage is zero volt, in mA   
 
    3.4242424  
 
 
 
 
 
 
 
 
 
 
 Meter circuit voltage when input voltage is 2 volt, in volt   
 
    2.  
 
 
 
 
 
 
 
 
 
 Meter circuit voltage when input voltage is 1 volt, in volt   
 
    1.  
 
 
grepthis#Electronic_Instrumentation_And_Measurements_J._B._Gupta_1859/CH4/EX4.4/exa_4_4.sce #
 
 
 
 
 
 
 
 
 
 
 
 
 
 
 
 
 
 Resistor in ohm   
 
    100.  
 
 
 
 Feedback resistor in kohm   
 
    3.9  
 
 
grepthis#Electronic_Instrumentation_And_Measurements_J._B._Gupta_1859/CH4/EX4.5/exa_4_5.sce #
 
 
 
 
 
 
 
 
 
 
 
 Resistance in kohm   
 
    1.2  
 
 
 
 Output voltage in volt   
 
    1.3  
 
 
grepthis#Electronic_Instrumentation_And_Measurements_J._B._Gupta_1859/CH4/EX4.6/exa_4_6.sce #
 
 
 
 
 
 
 
 
 
 
 
 Value of R2 in ohm   
 
    43.173112  
 
 
 
 
 
 
 
 Average value of meter current in mA   
 
    0.625  
 
 
grepthis#Electronic_Instrumentation_And_Measurements_J._B._Gupta_1859/CH5/EX5.10/exa_5_10.sce #
 
 
 
 
 
 
 
 
 
 
 Resolution for full scale range of 10 V   
 
    0.01  
 
 
 
 
 Resolution for full scale range of 100 V   
 
    0.1  
 
 
 The display of 14.53 V reading on 10 V scale would be 14.53   
 
 
 The display of 14.53 V reading on 100 V scale would be 0145.3   
 
 
grepthis#Electronic_Instrumentation_And_Measurements_J._B._Gupta_1859/CH5/EX5.11/exa_5_11.sce #
 
 
 
 
 
 
 
 
 
 
 
 
 Time taken to read the unknown voltage in micro second   
 
    4.6810277  
 
 
 
grepthis#Electronic_Instrumentation_And_Measurements_J._B._Gupta_1859/CH5/EX5.12/exa_5_12.sce #
 
 
 
 
 
 
 
 
 
 
 
 When GATE ENABLE time is 0.1 sec then the counter will count or display   
 
    250.  
 
 
 
 
 
 When GATE ENABLE time is 1 sec then the counter will count or display   
 
    2500.  
 
 
 
 
 
 When GATE ENABLE time is 10 sec then the counter will count   
 
    25000.  
 
 
grepthis#Electronic_Instrumentation_And_Measurements_J._B._Gupta_1859/CH5/EX5.13/exa_5_13.sce #
 
 
 
 
 
 
 
 
 
 
 
 Frequency in kHz   
 
    4.5  
 
 
grepthis#Electronic_Instrumentation_And_Measurements_J._B._Gupta_1859/CH5/EX5.14/exa_5_14.sce #
 
 
 
 
 
 
 
 
 
 
 
 
 Frequency in MHz   
 
    1.74  
 
 
 
 
 Resolution of measurement per micro sec   
 
    1.74  
 
 
grepthis#Electronic_Instrumentation_And_Measurements_J._B._Gupta_1859/CH5/EX5.15/exa_5_15.sce #
 
 
 
 
 
 
 
 
 
 
 
 Frequency of input signal in kHz   
 
    4.  
 
 
grepthis#Electronic_Instrumentation_And_Measurements_J._B._Gupta_1859/CH5/EX5.1/exa_5_1.sce #
 
 
 
 
 
 
 
 
 The second MSB weight in volt   
 
    5.  
 
 
 
 The third MSB weight in volt   
 
    2.5  
 
 
 
 The forth MSB weight in volt   
 
    1.25  
 
 
 
 
 
 Resolutio of the DAC in volt   
 
    1.25  
 
 
 
 
 
 Full scale output in volt   
 
    18.75  
 
 
 
 
 
 The full scale output when the feedback resistor is made one fourth of R i volt   
 
    4.6875  
 
 
grepthis#Electronic_Instrumentation_And_Measurements_J._B._Gupta_1859/CH4/EX5.2/exa_5_2.sce #
 
 
 
 
 
 
 
 
 
 
 
 
 Output voltage in volt   
 
    6.875  
 
 
grepthis#Electronic_Instrumentation_And_Measurements_J._B._Gupta_1859/CH5/EX5.2/exa_5_2.sce #
 
 
 
 
 
 
 
 
 
 
 
 
 Output voltage in volt   
 
    6.875  
 
 
grepthis#Electronic_Instrumentation_And_Measurements_J._B._Gupta_1859/CH5/EX5.3/exa_5_3.sce #
 
 
 
 
 
 
 
 
 First MSB output in volt   
 
    8.  
 
 
 
 Second MSB output in volt   
 
    4.  
 
 
 
 Third MSB output in volt   
 
    2.  
 
 
 
 Fourth MSB output in volt   
 
    1.  
 
 
 
 Fifth MSB output in volt   
 
    0.5  
 
 
 
 Sixth MSB (LSB) output in volt   
 
    0.25  
 
 
 The resolution is equal to the weight of the LSB in volt.    
 
    0.25  
 
 
 
 
 Full scale output occurs for a digital input of 111111 in volt   
 
    15.75  
 
 
 
 
 
 
 
 
 
 
 The output voltage for  digital input of 101011 in volt   
 
    10.75  
 
 
grepthis#Electronic_Instrumentation_And_Measurements_J._B._Gupta_1859/CH5/EX5.4/exa_5_4.sce #
 
 
 
 
 
 
 
 
 
 
 
 
 
 Unknown voltage in volt   
 
    2.5  
 
 
grepthis#Electronic_Instrumentation_And_Measurements_J._B._Gupta_1859/CH5/EX5.5/exa_5_5.sce #
 
 
 
 
 
 
 
 
 
 
 
 
 Output voltage in volt   
 
    50.  
 
 
 
 
 
 
 
 Output voltage in volt   
 
    25.  
 
 
 
 
 Output voltage in volt   
 
    75.  
 
 
 
 
 
 Output voltage in volt   
 
    87.5  
 
 
 All other digits will be set to zero or 1. Output will be accordingly indicated as a result of successive approximation. The Converted 8- 
      bit digital form will be 1110010                                                                                                     
 
 
 
 Conversion time in ns   
 
    13.333333  
 
 
 
grepthis#Electronic_Instrumentation_And_Measurements_J._B._Gupta_1859/CH5/EX5.6/exa_5_6.sce #
 
 
 
 
 
 
 
 
 
 
 Time of conversion in micro second   
 
    8.  
 
 
grepthis#Electronic_Instrumentation_And_Measurements_J._B._Gupta_1859/CH5/EX5.7/exa_5_7.sce #
 
 
 
 
 
 
 
 
 
 
 
 
 
 
 The maximum time upto which the reference voltage can be integrated in ms   
 
    50.  
 
 
grepthis#Electronic_Instrumentation_And_Measurements_J._B._Gupta_1859/CH5/EX5.8/exa_5_8.sce #
 
 
 
 
 
 
 
 
 
 
 Resolution for full scale range of 1 V   
 
    0.001  
 
 
 
 
 Resolution for full scale range of 10 V   
 
    0.01  
 
 
 
 
 
 
 Total possible error in volt   
 
    0.015  
 
 
grepthis#Electronic_Instrumentation_And_Measurements_J._B._Gupta_1859/CH5/EX5.9/exa_5_9.sce #
 
 
 
 
 
 
 
 Resolution of voltmeter is :    
 
    0.0001  
 
 
 
 
 There are 5 digit places in 4½ display, so 16.58 would be displayed as 16.580 V on a 10V range    
 
 
 Any reading up to 4th decimal can be displayed. Hence 0.7254 will be displayed as    
 
    0.7254  
 
 
 
 
 Resolution of 10 V range is 0.001 So   
 
 
 0.7254 will be displayed as    
 
    0.725  
 
 
grepthis#Electronic_Instrumentation_And_Measurements_J._B._Gupta_1859/CH6/EX6.10/exa_6_10.sce #
 
 
 
 
 
 
 
 
 
 
 
 
 
 
 
 
 
 
 
 Ratio of deflection on two galvanometers    
 
    1.2173913  
 
 
grepthis#Electronic_Instrumentation_And_Measurements_J._B._Gupta_1859/CH6/EX6.11/exa_6_11.sce #
 
 
 
 
 
 
 
 
 
 
 
 
 
 
 
 
 
 
 
 The smallest change in resistance in mohm   
 
    0.12  
 
 
grepthis#Electronic_Instrumentation_And_Measurements_J._B._Gupta_1859/CH6/EX6.12/exa_6_12.sce #
 
 
 
 
 
 
 
 
 
 
 
 
 
 
 
 Maximum power dissipation in amp   
 
    0.05  
 
 
 
 
 
 Series resistance in ohm   
 
    38.  
 
 
grepthis#Electronic_Instrumentation_And_Measurements_J._B._Gupta_1859/CH6/EX6.13/exa_6_13.sce #
 
 
 
 
 
 
 
 
 
 
 
 
 The maximum value of resistance that can be measurement with the given argument in Mohm   
 
    5.  
 
 
 
 
 
 
 
 
 
 
 Change in resistance  in kohm   
 
    53.283439  
 
 
grepthis#Electronic_Instrumentation_And_Measurements_J._B._Gupta_1859/CH6/EX6.14/exa_6_14.sce #
 
 
 
 
 
 
 
 
 
 
 
 
 
 
 
 Unknown resistance in micro ohm   
 
    49.971871  
 
 
grepthis#Electronic_Instrumentation_And_Measurements_J._B._Gupta_1859/CH6/EX6.1/exa_6_1.sce #
 
 
 
 
 
 
 
 
 
 
 
 
 
 
 
 Apparent value of unknown resistor in kohm   
 
    20.  
 
 
 
 
 
 
 Actual value of unknown resistor in kohm   
 
    23.076923  
 
 
 
 
 
 Error percentage due to loading effect of voltmeter   
 
  - 13.333333  
 
 
grepthis#Electronic_Instrumentation_And_Measurements_J._B._Gupta_1859/CH6/EX6.2/exa_6_2.sce #
 
 
 
 
 
 
 
 
 
 
 
 
 
 
 
 
 Value of unknown resistance in ohm   
 
    122.47449  
 
 
 Since the unknown resistance is of value smaller than 122.47449 ohm, the voltmeter should be connected directly across the unknown resist 
      ance as it will give more accurate result                                                                                            
 
 
 
 
 
 
 
 
 
 
 
 
 
 
 Absolute error due to ammeter and voltmeter in ohm   
 
    1.375006  
 
 
 So the resistance is specified as 96.18597 to 98.935982   
 
 
grepthis#Electronic_Instrumentation_And_Measurements_J._B._Gupta_1859/CH6/EX6.3/exa_6_3.sce #
 
 
 
 
 
 
 
 
 
 
 
 
 
 
 
 
 
 
 
 
 
 
 
 
 Total systematic error in measurement in % (neg and pos)   
 
    0.9166667  
 
 
 So the value of Rx is specified as 14.56525 ohm to 14.83475 ohm   
 
 
 
grepthis#Electronic_Instrumentation_And_Measurements_J._B._Gupta_1859/CH6/EX6.4/exa_6_4.sce #
 
 
 
 
 
 
 
 
 
 
 Unknown resistance in ohm   
 
    460.  
 
 
grepthis#Electronic_Instrumentation_And_Measurements_J._B._Gupta_1859/CH6/EX6.5/exa_6_5.sce #
 
 
 
 
 
 
 
 
 
 
 Unknown resistance in ohm   
 
    2.  
 
 
grepthis#Electronic_Instrumentation_And_Measurements_J._B._Gupta_1859/CH6/EX6.6/exa_6_6.sce #
 
 
 
 
 
 
 
 
 
 Limiting value of 5000 ohm resistance is 4995 ohm to 5005 ohm   
 
 
 Thus dials of 1000 , 100 , 10 and 1 ohm would to be adjusted   
 
 
 
grepthis#Electronic_Instrumentation_And_Measurements_J._B._Gupta_1859/CH6/EX6.7/exa_6_7.sce #
 
 
 
 
 
 
 
 
 
 
 
 
 
 
 Relative limiting error of unknown resistance in percentage   
 
    0.05  
 
 
 So limiting values of unknown resistance 229.885 ohm to 230.115 ohm   
 
 
grepthis#Electronic_Instrumentation_And_Measurements_J._B._Gupta_1859/CH6/EX6.8/exa_6_8.sce #
 
 
 
 
 
 
 
 
 
 
 
 
 
 
 
 
 
 
 The galvanometer current in micro amp   
 
    8.2884376  
 
 
grepthis#Electronic_Instrumentation_And_Measurements_J._B._Gupta_1859/CH6/EX6.9/exa_6_9.sce #
 
 
 
 
 
 
 
 
 
 
 
 
 
 
 
 
 
 
 
 
 Deflection of the galvanometer in mm   
 
    43.514586  
 
 
 
 Sensitivity of the bridge in mm/ohm   
 
    21.757293  
 
 
grepthis#Electronic_Instrumentation_And_Measurements_J._B._Gupta_1859/CH7/EX7.10/exa_7_10.sce #
 
 
 
 
 
 
 
 
 
 
 
 
 
 
 
 
 
 
 
 Equivalent capacitance in µµF   
 
    0.2028  
 
 
 
 Equivalent parallel resistance in kohm   
 
    12.4  
 
 
 
 
 
grepthis#Electronic_Instrumentation_And_Measurements_J._B._Gupta_1859/CH7/EX7.11/exa_7_11.sce #
 
 
 
 
 
 
 
 
 
 
 
 
 
 
 
 
 
 
 
 Value of r1 in ohm   
 
    3.661017  
 
 
 
 
 Value of C1 in micro F   
 
    0.7375  
 
 
 
 Dissipation Factor is   
 
    0.007634  
 
 
grepthis#Electronic_Instrumentation_And_Measurements_J._B._Gupta_1859/CH7/EX7.12/exa_7_12.sce #
 
 
 
 
 
 
 
 
 
 
 
 
 Resistance of coil in ohm   
 
    26.82  
 
 
 
 Inductance of coil in mH   
 
    52.6  
 
 
grepthis#Electronic_Instrumentation_And_Measurements_J._B._Gupta_1859/CH7/EX7.13/exa_7_13.sce #
 
 
 
 
 
 
 
 
 
 
 
 
 Resistance of coil in ohm   
 
    31.34  
 
 
 
 Inductance of coil in mH   
 
    47.8  
 
 
grepthis#Electronic_Instrumentation_And_Measurements_J._B._Gupta_1859/CH7/EX7.14/exa_7_14.sce #
 
 
 
 
 
 
 
 
 
 
 
 
 Resistance of inductor in ohm   
 
    1000.  
 
 
 
 Inductance of inductor in H   
 
    0.5  
 
 
 
grepthis#Electronic_Instrumentation_And_Measurements_J._B._Gupta_1859/CH7/EX7.15/exa_7_15.sce #
 
 
 
 
 
 
 
 
 
 
 
 
 
 Resistance of inductor in ohm   
 
    218.  
 
 
 
 Inductance of inductor in H   
 
    7.89242  
 
 
 
grepthis#Electronic_Instrumentation_And_Measurements_J._B._Gupta_1859/CH7/EX7.16/exa_7_16.sce #
 
 
 
 
 
 
 
 
 
 
 
 
 
 Resistance of AB in ohm   
 
    400.  
 
 
 
 Inductance of AB in H   
 
    1.12  
 
 
 
grepthis#Electronic_Instrumentation_And_Measurements_J._B._Gupta_1859/CH7/EX7.17/exa_7_17.sce #
 
 
 
 
 
 
 
 
 
 
 
 
 
 Value of Rx in ohm   
 
    500.  
 
 
 
 Value of Lx in H   
 
    1.95  
 
 
 
grepthis#Electronic_Instrumentation_And_Measurements_J._B._Gupta_1859/CH7/EX7.18/exa_7_18.sce #
 
 
 
 
 
 
 
 
 
 
 
 
 
 
 Unknown inductance in H   
 
    6.3214862  
 
 
 
 Unknown resistance in ohm   
 
    197.4911  
 
 
grepthis#Electronic_Instrumentation_And_Measurements_J._B._Gupta_1859/CH7/EX7.19/exa_7_19.sce #
 
 
 
 
 
 
 
 
 
 
 
 
 
 
 
 
 
 Value of C in micro F   
 
    0.2355556  
 
 
 
 Value of R4 in ohm   
 
    472.  
 
 
grepthis#Electronic_Instrumentation_And_Measurements_J._B._Gupta_1859/CH7/EX7.1/exa_7_1.sce #
 
 
 
 
 
 
 
 
 
 
 
 
 
 
 The first condition is satisfied   
 
 
 The second condition is not satisfied.   
 
 So balance is not possible under given condition   
 
 
grepthis#Electronic_Instrumentation_And_Measurements_J._B._Gupta_1859/CH7/EX7.20/exa_7_20.sce #
 
 
 
 
 
 
 
 
 
 
 
 
 Equivalent inductance of the network in H   
 
    0.2702703  
 
 
 
 Equivalent resistance of the network in kohm   
 
    4.8648649  
 
 
grepthis#Electronic_Instrumentation_And_Measurements_J._B._Gupta_1859/CH7/EX7.21/exa_7_21.sce #
 
 
 
 
 
 
 
 
 
 
 
 
 
 
 
 Resistance of the choke coil in ohm   
 
    141.10839  
 
 
 
 Inductance of the choke coil in H   
 
    0.6294197  
 
 
 
 
grepthis#Electronic_Instrumentation_And_Measurements_J._B._Gupta_1859/CH7/EX7.22/exa_7_22.sce #
 
 
 
 
 
 
 
 
 
 
 
 
 
 
 
 The value of L1 in mH is :     
 
    8.34  
 
 
 
 The value of R1 in Ω is :    
 
    80.645161  
 
 
 
 The magnitude of effective impedence in Ω is :    
 
    132.24002  
 
 
 The angle of effective impedence in ° is :    
 
    52.422115  
 
 
grepthis#Electronic_Instrumentation_And_Measurements_J._B._Gupta_1859/CH7/EX7.23/exa_7_23.sce #
 
 
 
 
 
 
 
 
 
 
 
 
 Value of L in µH   
 
    26.607454  
 
 
 
 
 
 
 Value of C in pF   
 
    952.  
 
 
grepthis#Electronic_Instrumentation_And_Measurements_J._B._Gupta_1859/CH7/EX7.24/exa_7_24.sce #
 
 
 
 
 
 
 
 
 
 
 
 
 
 
 
 
 
 Resistive component of unknown impedence in ohm   
 
    46.877881  
 
 
 
 
 Reactive component of unknown impedence in ohm   
 
    605.  
 
 
grepthis#Electronic_Instrumentation_And_Measurements_J._B._Gupta_1859/CH7/EX7.25/exa_7_25.sce #
 
 
 
 
 
 
 
 
 
 
 
 
 
 Self Capacitance of the coil in µµF   
 
    5.3333333  
 
 
 
 
 Self inductance of the coil in µH   
 
    2451.  
 
 
grepthis#Electronic_Instrumentation_And_Measurements_J._B._Gupta_1859/CH7/EX7.26/exa_7_26.sce #
 
 
 
 
 
 
 
 
 
 
 
 
 
 Self Capacitance of the coil in pF   
 
    17.  
 
 
grepthis#Electronic_Instrumentation_And_Measurements_J._B._Gupta_1859/CH7/EX7.27/exa_7_27.sce #
 
 
 
 
 
 
 
 
 
 
 
 
 
 
 
 Self capacitance of the coil in pF   
 
    9.  
 
 
grepthis#Electronic_Instrumentation_And_Measurements_J._B._Gupta_1859/CH7/EX7.28/exa_7_28.sce #
 
 
 
 
 
 
 
 
 
 
 
 
 
 
 
 Inductance of the coil in µH   
 
    500.  
 
 
 
 Resistance of the coil in ohm   
 
    12.723434  
 
 
grepthis#Electronic_Instrumentation_And_Measurements_J._B._Gupta_1859/CH7/EX7.29/exa_7_29.sce #
 
 
 
 
 
 
 
 
 
 
 
 
 
 
 
 
 Percentage Error is    
 
    0.3984064  
 
 
grepthis#Electronic_Instrumentation_And_Measurements_J._B._Gupta_1859/CH7/EX7.30/exa_7_30.sce #
 
 
 
 
 
 
 
 
 
 
 
 
 
 
 
 
 Self capacitance of the radio coil in pF   
 
    10.83779  
 
 
grepthis#Electronic_Instrumentation_And_Measurements_J._B._Gupta_1859/CH7/EX7.31/exa_7_31.sce #
 
 
 
 
 
 
 
 
 
 
 
 
 
 
 
 
 
 
 
 
 Self capacitance of the coil in pF   
 
    40.  
 
 
 
 
 
 Indicated or effective Q for first measurement   
 
    30.60672  
 
 
 
 True Q for first measurement is    
 
    33.15728  
 
 
 
 Indicated or effective Q for second measurement   
 
    61.21344  
 
 
 
 True Q for second measurement is    
 
    88.419413  
 
 
grepthis#Electronic_Instrumentation_And_Measurements_J._B._Gupta_1859/CH7/EX7.3/exa_7_3.sce #
 
 
 
 
 
 
 
 
 
 
 
 So range of measurement of unknown capacitance is 0.02 micro F to 2 micro F   
 
 
grepthis#Electronic_Instrumentation_And_Measurements_J._B._Gupta_1859/CH7/EX7.4/exa_7_4.sce #
 
 
 
 
 
 
 
 
 
 
 
 
 
 
 
 
 
 
 Value of r1 in ohm   
 
    3.6610169  
 
 
 
 
 Value of C1 in micro F   
 
    0.7375  
 
 
 
 Dissipation Factor is   
 
    0.0076341  
 
 
grepthis#Electronic_Instrumentation_And_Measurements_J._B._Gupta_1859/CH7/EX7.5/exa_7_5.sce #
 
 
 
 
 
 
 
 
 
 
 
 
 
 
 
 Unknown capacitance in micro F    
 
    1.  
 
 
 
 
 
 
 Phase angle error1 in degree   
 
    3.6  
 
 
 
 
 Phase angle error2 in degree   
 
    3.6  
 
 
grepthis#Electronic_Instrumentation_And_Measurements_J._B._Gupta_1859/CH7/EX7.6/exa_7_6.sce #
 
 
 
 
 
 
 
 
 
 
 
 
 
 
 Unknown capacitance in micro F    
 
    0.7125  
 
 
 
 Resistance of unknown capacitance in ohm   
 
    3.6491228  
 
 
 
 Dissipation factor is    
 
    0.0081681  
 
 
grepthis#Electronic_Instrumentation_And_Measurements_J._B._Gupta_1859/CH7/EX7.7/exa_7_7.sce #
 
 
 
 
 
 
 
 
 
 
 
 
 
 Resistive component of unknown resistance in kohm   
 
    225.  
 
 
 
 Capacitive component of unknown capacitor in micro F   
 
    0.176  
 
 
 
 Dissipation factor is    
 
    0.0803813  
 
 
grepthis#Electronic_Instrumentation_And_Measurements_J._B._Gupta_1859/CH7/EX7.8/exa_7_8.sce #
 
 
 
 
 
 
 
 
 
 
 
 
 
 Equivalent series capacitance in µµF   
 
    336.81  
 
 
 
 
 
 Power factor of the specimen is    
 
    0.0485376  
 
 
grepthis#Electronic_Instrumentation_And_Measurements_J._B._Gupta_1859/CH7/EX7.9/exa_7_9.sce #
 
 
 
 
 
 
 
 
 
 
 
 
 
 
 
 
 
 
 
 
 Variable capacitor in micro F   
 
    0.5041533  
 
 
 
 Variable resistance in ohm   
 
    228.84114  
 
 
 
 
grepthis#Electronic_Instrumentation_And_Measurements_J._B._Gupta_1859/CH8/EX8.10/exa_8_10.sce #
 
 
 
 
 
 
 
 
 
 
 Frequency of vertical input in Hz   
 
    2500.  
 
 
grepthis#Electronic_Instrumentation_And_Measurements_J._B._Gupta_1859/CH8/EX8.11/exa_8_11.sce #
 
 
 
 
 
 
 
 
 
 
 
 
 
 Mark to Space raio    
 
    0.25  
 
 
 
 
 
 Pulse frequency in kHz   
 
    50.  
 
 
 
 Magnitude of pulse voltage in volt   
 
    0.43  
 
 
grepthis#Electronic_Instrumentation_And_Measurements_J._B._Gupta_1859/CH8/EX8.13/exa_8_13.sce #
 
 
 
 
 
 
 
 
 
 
 Pulse duration in ms   
 
    0.1  
 
 
grepthis#Electronic_Instrumentation_And_Measurements_J._B._Gupta_1859/CH8/EX8.14/exa_8_14.sce #
 
 
 
 
 
 
 
 
 
 Peak-to-Peak amplitude of the signal in V   
 
    2.  
 
 
 
 
 
 Frequency in kHz   
 
    125.  
 
 
 
grepthis#Electronic_Instrumentation_And_Measurements_J._B._Gupta_1859/CH8/EX8.15/exa_8_15.sce #
 
 
 
 
 
 
 
 
 
 
 
 
 Value of C_1 in pF   
 
    18.6  
 
 
 
 Value of C_T in pF   
 
    16.909091  
 
 
grepthis#Electronic_Instrumentation_And_Measurements_J._B._Gupta_1859/CH8/EX8.16/exa_8_16.sce #
 
 
 
 
 
 
 
 
 
 
 
 
 
 
 
 
 Signal Frequency in MHz   
 
    18.824778  
 
 
grepthis#Electronic_Instrumentation_And_Measurements_J._B._Gupta_1859/CH8/EX8.17/exa_8_17.sce #
 
 
 
 
 
 
 
 
 
 
 
 
 
 
 Minimum time/division setting in ns/division   
 
    125.  
 
 
grepthis#Electronic_Instrumentation_And_Measurements_J._B._Gupta_1859/CH8/EX8.1/exa_8_1.sce #
 
 
 
 
 
 
 
 
 
 
 
 
 
 
 
 
 
 
 
 RMS value of the sinusoidal voltage applied to the X-deflecting plates in volt   
 
    212.  
 
 
 
 Deflection Sensitivity in mm/V   
 
    0.1666667  
 
 
grepthis#Electronic_Instrumentation_And_Measurements_J._B._Gupta_1859/CH8/EX8.2/exa_8_2.sce #
 
 
 
 
 
 
 
 
 
 
 Maximum velocity of electrons in m/s   
 
    18752289.  
 
 
grepthis#Electronic_Instrumentation_And_Measurements_J._B._Gupta_1859/CH8/EX8.3/exa_8_3.sce #
 
 
 
 
 
 
 
 
 
 
 
 
 
 Deflection Sensitivity in mm/V   
 
    0.16  
 
 
grepthis#Electronic_Instrumentation_And_Measurements_J._B._Gupta_1859/CH8/EX8.4/exa_8_4.sce #
 
 
 
 
 
 
 
 
 
 
 
 
 
 
 Voltage required across the deflection plates in volts   
 
    13.964052  
 
 
grepthis#Electronic_Instrumentation_And_Measurements_J._B._Gupta_1859/CH8/EX8.5/exa_8_5.sce #
 
 
 
 
 
 
 
 
 
 
 
 
 
 
 
 Deflection in cm   
 
    4.  
 
 
grepthis#Electronic_Instrumentation_And_Measurements_J._B._Gupta_1859/CH8/EX8.6/exa_8_6.sce #
 
 
 
 
 
 
 
 
 
 
 
 
 
 Charging current in mA   
 
    1.  
 
 
 
 Time period in ms   
 
    1.  
 
 
grepthis#Electronic_Instrumentation_And_Measurements_J._B._Gupta_1859/CH8/EX8.7/exa_8_7.sce #
 
 
 
 
 
 
 
 
 
 
 
 AC voltage in volt   
 
    17.67767  
 
 
grepthis#Electronic_Instrumentation_And_Measurements_J._B._Gupta_1859/CH8/EX8.8/exa_8_8.sce #
 
 
 
 
 
 
 
 
 
 
 
 Ratio of frequencies of vertical and horizontal signals   
 
    1.5  
 
 
 
grepthis#Electronic_Instrumentation_And_Measurements_J._B._Gupta_1859/CH8/EX8.9/exa_8_9.sce #
 
 
 
 
 
 
 
 f_h  =
 
    3.  
 
 
 
 
 
 frequency of vertical voltage signal in kHz   
 
    7.5  
 
 
grepthis#Electronic_Instrumentation_And_Measurements_J._B._Gupta_1859/CH10/EX10.1/exa_10_1.sce #
 
 
 
 
 
 
 
 
 
 
 
 Error percentage of reading   
 
  - 5.  
 
 
 
 Error percentage of full scale   
 
  - 1.  
 
 
 
 
 
 
 Error percentage of reading   
 
    2.5  
 
 
 
 Error percentage of full scale   
 
    1.  
 
 
 
 
 
 
 Error percentage of reading   
 
  - 2.  
 
 
 
 Error percentage of full scale   
 
  - 1.6  
 
 
grepthis#Electronic_Instrumentation_And_Measurements_J._B._Gupta_1859/CH10/EX10.2/exa_10_2.sce #
 
 
 
 
 
 
 
 
 
 
 
 Absolute Error in watt   
 
    26.  
 
 
 
 Percentage Error   
 
    2.08  
 
 
