Total number of .sce files(without counting DEPENDENCIES directory): 40

grepthis#Cryptography_And_Network_Security_A._Kahate_3544/CH2/EX2.14/Ex2_14.sce #
 
 
 
 pt  =
 
!HELLO  HELL  !
 
 ct  =
 
!YUQQW  TEUI  !
 
 
Plaintext: HELLO
Ciphertext: YUQQW

Plaintext: HELL
Ciphertext: TEUI

 
 
grepthis#Cryptography_And_Network_Security_A._Kahate_3544/CH2/EX2.34/Ex2_34.sce #
 
 
 
 
 
 
 
 
 pt  =
 
 CAT   
 
 
 
 Plaintext:    
 
 
 CAT   
 
 
 l  =
 
    3.  
 
 pt  =
 
!C  !
!   !
!A  !
!   !
!T  !
 
 
 a  =
 
    65.  
 
 pt_mat  =
 
     []
 
 
 
 pt_mat  =
 
    2.  
 pt_mat  =
 
    2.  
    0.  
 pt_mat  =
 
    2.   
    0.   
    19.  
 
 
 
 Plaintext matrix:   
 
 
    2.   
    0.   
    19.  
 
 
 
 key_mat  =
 
    6.     24.    1.   
    13.    16.    10.  
    20.    17.    15.  
 
 
 Encryption Key matrix:   
 
 
    6.     24.    1.   
    13.    16.    10.  
    20.    17.    15.  
 
 
 
 ct_mat  =
 
    31.   
    216.  
    325.  
 
 
 
 Product:    
 
 
    31.   
    216.  
    325.  
 
 c  =
 
    1.  
 r  =
 
    3.  
 
 
 
 ct_mat  =
 
    5.    
    216.  
    325.  
 ct_mat  =
 
    5.    
    8.    
    325.  
 ct_mat  =
 
    5.   
    8.   
    13.  
 
 
 
 Ciphertext matrix:    
 
 
    5.   
    8.   
    13.  
 
 
 
 Ciphertext:    
 
 
 
 ct  =
 
     []
 
 ct  =
 
 F   
 ct  =
 
!F  !
!   !
!I  !
 ct  =
 
!F  !
!   !
!I  !
!   !
!N  !
 
 ct  =
 
 FIN   
 
 
 FIN   
 
 
 
 
 
 
 
 
 
 
 
 
 Ciphertext:    
 
 
 FIN   
 
 
 l  =
 
    3.  
 
 ct  =
 
!F  !
!   !
!I  !
!   !
!N  !
 
 
 a  =
 
    65.  
 
 ct_mat  =
 
     []
 
 
 
 ct_mat  =
 
    5.  
 ct_mat  =
 
    5.  
    8.  
 ct_mat  =
 
    5.   
    8.   
    13.  
 
 
 
 Ciphertext matrix:   
 
 
    5.   
    8.   
    13.  
 
 
 
 key_mat  =
 
    8.     5.     10.  
    21.    8.     21.  
    21.    12.    8.   
 
 
 Decryption Key matrix:   
 
 
    8.     5.     10.  
    21.    8.     21.  
    21.    12.    8.   
 
 
 
 pt_mat  =
 
    210.  
    442.  
    305.  
 
 
 
 Product:    
 
 
    210.  
    442.  
    305.  
 
 c  =
 
    1.  
 r  =
 
    3.  
 
 
 
 pt_mat  =
 
    2.    
    442.  
    305.  
 pt_mat  =
 
    2.    
    0.    
    305.  
 pt_mat  =
 
    2.   
    0.   
    19.  
 
 
 
 Plaintext matrix:    
 
 
    2.   
    0.   
    19.  
 
 
 
 Plaintext:    
 
 
 
 pt  =
 
     []
 
 pt  =
 
 C   
 pt  =
 
!C  !
!   !
!A  !
 pt  =
 
!C  !
!   !
!A  !
!   !
!T  !
 
 pt  =
 
 CAT   
 
 
 CAT   
 
 
grepthis#Cryptography_And_Network_Security_A._Kahate_3544/CH2/EX2.51/Ex2_51.sce #
 
 
 
Parties involved	Number of lock-and-key pairs required 
 
 n  =
 
    2.    3.    4.    5.  
 
 
 
 num  =
 
    2.    6.    24.    120.  
 
 
 den  =
 
    2.    2.    4.    12.  
 
 
 

	2				1

	3				3

	4				6

	5				10
 
 
grepthis#Cryptography_And_Network_Security_A._Kahate_3544/CH2/EX2.54/Ex2_54.sce #
 
 
 n  =
 
    11.  
 
 g  =
 
    7.  
 
n: 11
g: 7
 
 
 x  =
 
    3.  
 
 A  =
 
    2.  
 
 
 
 y  =
 
    6.  
 
 B  =
 
    4.  
 
 
 
x: 3
y: 6
A: 2
B: 4
 
 
 K1  =
 
    9.  
 
 
 
 K2  =
 
    9.  
 
 
Alice's Key 9
 
Bob's Key 9 
 
 
grepthis#Cryptography_And_Network_Security_A._Kahate_3544/CH2/EX2.56/Ex2_56.sce #
 
 
 
 n  =
 
    11.  
 
 g  =
 
    7.  
 
 
n: 11
g: 7
 
 
 x_a  =
 
    3.  
 
 x_t  =
 
    8.  
 
 y_t  =
 
    6.  
 
 y_b  =
 
    9.  
 
 
 A_a  =
 
    2.  
 
 A_t  =
 
    9.  
 
 B_t  =
 
    4.  
 
 B_b  =
 
    8.  
 
 
 
 Before intrusion by Tom:    
 
 
 For Alice:   
 
x: 3
A: 2
 
 
 For Tom:   
 
x: 8	y: 6
A: 9	B: 4
 
 
 For Bob:   
 
y: 9
B: 8
 
 
 A_b  =
 
    9.  
 
 B_a  =
 
    4.  
 
 A_t  =
 
    2.  
 
 B_t  =
 
    8.  
 
 
 
 After intrusion by Tom during exhange of keys:    
 
 
 For Alice:   
 
x: 3
A: 2	B: 4
 
 
 For Tom:   
 
x: 8	y: 6
A: 2	B: 8
 
 
 For Bob:   
 
y: 9
A: 9	B: 8
 
 
 
 
 
 
 K1_a  =
 
    9.  
 
 K1_t  =
 
    5.  
 
 K2_t  =
 
    9.  
 
 K2_b  =
 
    5.  
 
 


Keys:
 
 
 
 Alice's key:   
 
	K1: 9

 
 
 Tom's keys:   
 

To communicate with Alice
	K2: 9 

To communicate with Bob
	K1: 5

 
 
 Bob's key:   
 
	K2: 5 
 
 
 
 
 
 
grepthis#Cryptography_And_Network_Security_A._Kahate_3544/CH2/EX2.65/Ex2_65.sce #
 
 
 
 n  =
 
    2.  
    3.  
 
 states  =
 
     []
 
Bits: 2
No of states: 4 
 The states are:   
 
 0   
 
 1   
 
 10   
 
 11   
 
    
Bits: 3
No of states: 8 
 The states are:   
 
 0   
 
 1   
 
 10   
 
 11   
 
 100   
 
 101   
 
 110   
 
 111   
 
    
 
 
grepthis#Cryptography_And_Network_Security_A._Kahate_3544/CH3/EX3.2.1.1/Ex3_2_1_1.sce #
 
 
 
 A  =
 
    5.  
 
A: 101

 
 B  =
 
    6.  
 
B: 110

 
 
 C  =
 
    3.  
 
C:  11

 
 
 
 C XOR A   
 
 
 110   
 
 
 
 C XOR B   
 
 
 101   
 
 
grepthis#Cryptography_And_Network_Security_A._Kahate_3544/CH3/EX3.2/Ex3_2.sce #
 
 
 
	Input 1	Input 2	Output

 
 
	  0	  0	  0
	  0	  1	  1
	  1	  0	  1
	  1	  1	  0
 
 
grepthis#Cryptography_And_Network_Security_A._Kahate_3544/CH3/EX3.3/Ex3_3.sce #
 
 
 
 
 In text format:   
 
 
 Plain text   
 
 
 Pay 100   
 
 
    
 
 
 
 Cipher text   
 
 
 ZTU91 ^%D   
 
 
    
 
 
 
    
 
 
 
 In binary format:   
 
 
 
 Plain text   
 
 
 pt  =
 
 010111001   
 
 
 
 010111001   
 
 
    
 
 
 
 pt  =
 
    185.  
 
 
 
 XOR operation with the key   
 
 key  =
 
 100101011   
 
 
 100101011   
 
 
 
 key  =
 
    299.  
 
 
    
 
 
 
 ct  =
 
    402.  
 
 ct  =
 
 110010010   
 
 
 
 Cipher text   
 
 
 110010010   
 
 
    
 
 
grepthis#Cryptography_And_Network_Security_A._Kahate_3544/CH3/EX3.34/Ex3_34.sce #
 
 x  =
 
    1.    0.    1.    1.    0.    1.  
 
 
 
 Row:    
 
 row  =
 
    1.    1.  
 
in binary - 11 
 
 

in decimal - 3 
 
 
    
 
 
 
 Column:    
 
 col  =
 
    0.    1.    1.    0.  
 
in binary - 0110 
 
 

in decimal - 6 
 
 
grepthis#Cryptography_And_Network_Security_A._Kahate_3544/CH3/EX3.81/Ex3_81.sce #
 
 
 
 n  =
 
 
         column  1 to 11
 
    0.    1.    2.    3.    4.    5.    6.    7.    8.    9.    10.  
 
         column 12 to 16
 
    11.    12.    13.    14.    15.  
 
 n  =
 
  0  1  2  3  4  5  6  7  8  9  10  11  12  13  14  15  
 
 
 Byte position(decimal)   
 
   0   1   2   3   4   5   6   7   8   9  10  11  12  13  14  15 
 
 
    
 
 
 
 Value(hex)   
 
 
  00  01  02  03  04  05  06  07  08  09  0A  0B  0C  0D  0E  0F 
 
 
    
 
 

	W[0]			00	01	02	03	
	W[1]			04	05	06	07	
	W[2]			08	09	0A	0B	
	W[3]			0C	0D	0E	0F	 
 
grepthis#Cryptography_And_Network_Security_A._Kahate_3544/CH4/EX4.4/Ex4_4.sce #
 
 
 p  =
 
    47.  
 
 q  =
 
    71.  
 
 
 n  =
 
    3337.  
 
 z  =
 
    3220.  
 
 
 e  =
 
    79.  
 
 
 i  =
 
    1.  
 
 d  =
 
    1.  
 
 
 
 i  =
 
    2.  
 i  =
 
    3.  
 i  =
 
    4.  
 i  =
 
    5.  
 i  =
 
    6.  
 i  =
 
    7.  
 i  =
 
    8.  
 i  =
 
    9.  
 i  =
 
    10.  
 i  =
 
    11.  
 i  =
 
    12.  
 i  =
 
    13.  
 i  =
 
    14.  
 i  =
 
    15.  
 i  =
 
    16.  
 i  =
 
    17.  
 i  =
 
    18.  
 i  =
 
    19.  
 i  =
 
    20.  
 i  =
 
    21.  
 i  =
 
    22.  
 i  =
 
    23.  
 i  =
 
    24.  
 i  =
 
    25.  
 i  =
 
    26.  
 i  =
 
    27.  
 i  =
 
    28.  
 i  =
 
    29.  
 i  =
 
    30.  
 i  =
 
    31.  
 i  =
 
    32.  
 i  =
 
    33.  
 i  =
 
    34.  
 i  =
 
    35.  
 i  =
 
    36.  
 i  =
 
    37.  
 i  =
 
    38.  
 i  =
 
    39.  
 i  =
 
    40.  
 i  =
 
    41.  
 i  =
 
    42.  
 i  =
 
    43.  
 i  =
 
    44.  
 i  =
 
    45.  
 i  =
 
    46.  
 i  =
 
    47.  
 i  =
 
    48.  
 i  =
 
    49.  
 i  =
 
    50.  
 i  =
 
    51.  
 i  =
 
    52.  
 i  =
 
    53.  
 i  =
 
    54.  
 i  =
 
    55.  
 i  =
 
    56.  
 i  =
 
    57.  
 i  =
 
    58.  
 i  =
 
    59.  
 i  =
 
    60.  
 i  =
 
    61.  
 i  =
 
    62.  
 i  =
 
    63.  
 i  =
 
    64.  
 i  =
 
    65.  
 i  =
 
    66.  
 i  =
 
    67.  
 i  =
 
    68.  
 i  =
 
    69.  
 i  =
 
    70.  
 i  =
 
    71.  
 i  =
 
    72.  
 i  =
 
    73.  
 i  =
 
    74.  
 i  =
 
    75.  
 i  =
 
    76.  
 i  =
 
    77.  
 i  =
 
    78.  
 i  =
 
    79.  
 i  =
 
    80.  
 i  =
 
    81.  
 i  =
 
    82.  
 i  =
 
    83.  
 i  =
 
    84.  
 i  =
 
    85.  
 i  =
 
    86.  
 i  =
 
    87.  
 i  =
 
    88.  
 i  =
 
    89.  
 i  =
 
    90.  
 i  =
 
    91.  
 i  =
 
    92.  
 i  =
 
    93.  
 i  =
 
    94.  
 i  =
 
    95.  
 i  =
 
    96.  
 i  =
 
    97.  
 i  =
 
    98.  
 i  =
 
    99.  
 i  =
 
    100.  
 i  =
 
    101.  
 i  =
 
    102.  
 i  =
 
    103.  
 i  =
 
    104.  
 i  =
 
    105.  
 i  =
 
    106.  
 i  =
 
    107.  
 i  =
 
    108.  
 i  =
 
    109.  
 i  =
 
    110.  
 i  =
 
    111.  
 i  =
 
    112.  
 i  =
 
    113.  
 i  =
 
    114.  
 i  =
 
    115.  
 i  =
 
    116.  
 i  =
 
    117.  
 i  =
 
    118.  
 i  =
 
    119.  
 i  =
 
    120.  
 i  =
 
    121.  
 i  =
 
    122.  
 i  =
 
    123.  
 i  =
 
    124.  
 i  =
 
    125.  
 i  =
 
    126.  
 i  =
 
    127.  
 i  =
 
    128.  
 i  =
 
    129.  
 i  =
 
    130.  
 i  =
 
    131.  
 i  =
 
    132.  
 i  =
 
    133.  
 i  =
 
    134.  
 i  =
 
    135.  
 i  =
 
    136.  
 i  =
 
    137.  
 i  =
 
    138.  
 i  =
 
    139.  
 i  =
 
    140.  
 i  =
 
    141.  
 i  =
 
    142.  
 i  =
 
    143.  
 i  =
 
    144.  
 i  =
 
    145.  
 i  =
 
    146.  
 i  =
 
    147.  
 i  =
 
    148.  
 i  =
 
    149.  
 i  =
 
    150.  
 i  =
 
    151.  
 i  =
 
    152.  
 i  =
 
    153.  
 i  =
 
    154.  
 i  =
 
    155.  
 i  =
 
    156.  
 i  =
 
    157.  
 i  =
 
    158.  
 i  =
 
    159.  
 i  =
 
    160.  
 i  =
 
    161.  
 i  =
 
    162.  
 i  =
 
    163.  
 i  =
 
    164.  
 i  =
 
    165.  
 i  =
 
    166.  
 i  =
 
    167.  
 i  =
 
    168.  
 i  =
 
    169.  
 i  =
 
    170.  
 i  =
 
    171.  
 i  =
 
    172.  
 i  =
 
    173.  
 i  =
 
    174.  
 i  =
 
    175.  
 i  =
 
    176.  
 i  =
 
    177.  
 i  =
 
    178.  
 i  =
 
    179.  
 i  =
 
    180.  
 i  =
 
    181.  
 i  =
 
    182.  
 i  =
 
    183.  
 i  =
 
    184.  
 i  =
 
    185.  
 i  =
 
    186.  
 i  =
 
    187.  
 i  =
 
    188.  
 i  =
 
    189.  
 i  =
 
    190.  
 i  =
 
    191.  
 i  =
 
    192.  
 i  =
 
    193.  
 i  =
 
    194.  
 i  =
 
    195.  
 i  =
 
    196.  
 i  =
 
    197.  
 i  =
 
    198.  
 i  =
 
    199.  
 i  =
 
    200.  
 i  =
 
    201.  
 i  =
 
    202.  
 i  =
 
    203.  
 i  =
 
    204.  
 i  =
 
    205.  
 i  =
 
    206.  
 i  =
 
    207.  
 i  =
 
    208.  
 i  =
 
    209.  
 i  =
 
    210.  
 i  =
 
    211.  
 i  =
 
    212.  
 i  =
 
    213.  
 i  =
 
    214.  
 i  =
 
    215.  
 i  =
 
    216.  
 i  =
 
    217.  
 i  =
 
    218.  
 i  =
 
    219.  
 i  =
 
    220.  
 i  =
 
    221.  
 i  =
 
    222.  
 i  =
 
    223.  
 i  =
 
    224.  
 i  =
 
    225.  
 i  =
 
    226.  
 i  =
 
    227.  
 i  =
 
    228.  
 i  =
 
    229.  
 i  =
 
    230.  
 i  =
 
    231.  
 i  =
 
    232.  
 i  =
 
    233.  
 i  =
 
    234.  
 i  =
 
    235.  
 i  =
 
    236.  
 i  =
 
    237.  
 i  =
 
    238.  
 i  =
 
    239.  
 i  =
 
    240.  
 i  =
 
    241.  
 i  =
 
    242.  
 i  =
 
    243.  
 i  =
 
    244.  
 i  =
 
    245.  
 i  =
 
    246.  
 i  =
 
    247.  
 i  =
 
    248.  
 i  =
 
    249.  
 i  =
 
    250.  
 i  =
 
    251.  
 i  =
 
    252.  
 i  =
 
    253.  
 i  =
 
    254.  
 i  =
 
    255.  
 i  =
 
    256.  
 i  =
 
    257.  
 i  =
 
    258.  
 i  =
 
    259.  
 i  =
 
    260.  
 i  =
 
    261.  
 i  =
 
    262.  
 i  =
 
    263.  
 i  =
 
    264.  
 i  =
 
    265.  
 i  =
 
    266.  
 i  =
 
    267.  
 i  =
 
    268.  
 i  =
 
    269.  
 i  =
 
    270.  
 i  =
 
    271.  
 i  =
 
    272.  
 i  =
 
    273.  
 i  =
 
    274.  
 i  =
 
    275.  
 i  =
 
    276.  
 i  =
 
    277.  
 i  =
 
    278.  
 i  =
 
    279.  
 i  =
 
    280.  
 i  =
 
    281.  
 i  =
 
    282.  
 i  =
 
    283.  
 i  =
 
    284.  
 i  =
 
    285.  
 i  =
 
    286.  
 i  =
 
    287.  
 i  =
 
    288.  
 i  =
 
    289.  
 i  =
 
    290.  
 i  =
 
    291.  
 i  =
 
    292.  
 i  =
 
    293.  
 i  =
 
    294.  
 i  =
 
    295.  
 i  =
 
    296.  
 i  =
 
    297.  
 i  =
 
    298.  
 i  =
 
    299.  
 i  =
 
    300.  
 i  =
 
    301.  
 i  =
 
    302.  
 i  =
 
    303.  
 i  =
 
    304.  
 i  =
 
    305.  
 i  =
 
    306.  
 i  =
 
    307.  
 i  =
 
    308.  
 i  =
 
    309.  
 i  =
 
    310.  
 i  =
 
    311.  
 i  =
 
    312.  
 i  =
 
    313.  
 i  =
 
    314.  
 i  =
 
    315.  
 i  =
 
    316.  
 i  =
 
    317.  
 i  =
 
    318.  
 i  =
 
    319.  
 i  =
 
    320.  
 i  =
 
    321.  
 i  =
 
    322.  
 i  =
 
    323.  
 i  =
 
    324.  
 i  =
 
    325.  
 i  =
 
    326.  
 i  =
 
    327.  
 i  =
 
    328.  
 i  =
 
    329.  
 i  =
 
    330.  
 i  =
 
    331.  
 i  =
 
    332.  
 i  =
 
    333.  
 i  =
 
    334.  
 i  =
 
    335.  
 i  =
 
    336.  
 i  =
 
    337.  
 i  =
 
    338.  
 i  =
 
    339.  
 i  =
 
    340.  
 i  =
 
    341.  
 i  =
 
    342.  
 i  =
 
    343.  
 i  =
 
    344.  
 i  =
 
    345.  
 i  =
 
    346.  
 i  =
 
    347.  
 i  =
 
    348.  
 i  =
 
    349.  
 i  =
 
    350.  
 i  =
 
    351.  
 i  =
 
    352.  
 i  =
 
    353.  
 i  =
 
    354.  
 i  =
 
    355.  
 i  =
 
    356.  
 i  =
 
    357.  
 i  =
 
    358.  
 i  =
 
    359.  
 i  =
 
    360.  
 i  =
 
    361.  
 i  =
 
    362.  
 i  =
 
    363.  
 i  =
 
    364.  
 i  =
 
    365.  
 i  =
 
    366.  
 i  =
 
    367.  
 i  =
 
    368.  
 i  =
 
    369.  
 i  =
 
    370.  
 i  =
 
    371.  
 i  =
 
    372.  
 i  =
 
    373.  
 i  =
 
    374.  
 i  =
 
    375.  
 i  =
 
    376.  
 i  =
 
    377.  
 i  =
 
    378.  
 i  =
 
    379.  
 i  =
 
    380.  
 i  =
 
    381.  
 i  =
 
    382.  
 i  =
 
    383.  
 i  =
 
    384.  
 i  =
 
    385.  
 i  =
 
    386.  
 i  =
 
    387.  
 i  =
 
    388.  
 i  =
 
    389.  
 i  =
 
    390.  
 i  =
 
    391.  
 i  =
 
    392.  
 i  =
 
    393.  
 i  =
 
    394.  
 i  =
 
    395.  
 i  =
 
    396.  
 i  =
 
    397.  
 i  =
 
    398.  
 i  =
 
    399.  
 i  =
 
    400.  
 i  =
 
    401.  
 i  =
 
    402.  
 i  =
 
    403.  
 i  =
 
    404.  
 i  =
 
    405.  
 i  =
 
    406.  
 i  =
 
    407.  
 i  =
 
    408.  
 i  =
 
    409.  
 i  =
 
    410.  
 i  =
 
    411.  
 i  =
 
    412.  
 i  =
 
    413.  
 i  =
 
    414.  
 i  =
 
    415.  
 i  =
 
    416.  
 i  =
 
    417.  
 i  =
 
    418.  
 i  =
 
    419.  
 i  =
 
    420.  
 i  =
 
    421.  
 i  =
 
    422.  
 i  =
 
    423.  
 i  =
 
    424.  
 i  =
 
    425.  
 i  =
 
    426.  
 i  =
 
    427.  
 i  =
 
    428.  
 i  =
 
    429.  
 i  =
 
    430.  
 i  =
 
    431.  
 i  =
 
    432.  
 i  =
 
    433.  
 i  =
 
    434.  
 i  =
 
    435.  
 i  =
 
    436.  
 i  =
 
    437.  
 i  =
 
    438.  
 i  =
 
    439.  
 i  =
 
    440.  
 i  =
 
    441.  
 i  =
 
    442.  
 i  =
 
    443.  
 i  =
 
    444.  
 i  =
 
    445.  
 i  =
 
    446.  
 i  =
 
    447.  
 i  =
 
    448.  
 i  =
 
    449.  
 i  =
 
    450.  
 i  =
 
    451.  
 i  =
 
    452.  
 i  =
 
    453.  
 i  =
 
    454.  
 i  =
 
    455.  
 i  =
 
    456.  
 i  =
 
    457.  
 i  =
 
    458.  
 i  =
 
    459.  
 i  =
 
    460.  
 i  =
 
    461.  
 i  =
 
    462.  
 i  =
 
    463.  
 i  =
 
    464.  
 i  =
 
    465.  
 i  =
 
    466.  
 i  =
 
    467.  
 i  =
 
    468.  
 i  =
 
    469.  
 i  =
 
    470.  
 i  =
 
    471.  
 i  =
 
    472.  
 i  =
 
    473.  
 i  =
 
    474.  
 i  =
 
    475.  
 i  =
 
    476.  
 i  =
 
    477.  
 i  =
 
    478.  
 i  =
 
    479.  
 i  =
 
    480.  
 i  =
 
    481.  
 i  =
 
    482.  
 i  =
 
    483.  
 i  =
 
    484.  
 i  =
 
    485.  
 i  =
 
    486.  
 i  =
 
    487.  
 i  =
 
    488.  
 i  =
 
    489.  
 i  =
 
    490.  
 i  =
 
    491.  
 i  =
 
    492.  
 i  =
 
    493.  
 i  =
 
    494.  
 i  =
 
    495.  
 i  =
 
    496.  
 i  =
 
    497.  
 i  =
 
    498.  
 i  =
 
    499.  
 i  =
 
    500.  
 i  =
 
    501.  
 i  =
 
    502.  
 i  =
 
    503.  
 i  =
 
    504.  
 i  =
 
    505.  
 i  =
 
    506.  
 i  =
 
    507.  
 i  =
 
    508.  
 i  =
 
    509.  
 i  =
 
    510.  
 i  =
 
    511.  
 i  =
 
    512.  
 i  =
 
    513.  
 i  =
 
    514.  
 i  =
 
    515.  
 i  =
 
    516.  
 i  =
 
    517.  
 i  =
 
    518.  
 i  =
 
    519.  
 i  =
 
    520.  
 i  =
 
    521.  
 i  =
 
    522.  
 i  =
 
    523.  
 i  =
 
    524.  
 i  =
 
    525.  
 i  =
 
    526.  
 i  =
 
    527.  
 i  =
 
    528.  
 i  =
 
    529.  
 i  =
 
    530.  
 i  =
 
    531.  
 i  =
 
    532.  
 i  =
 
    533.  
 i  =
 
    534.  
 i  =
 
    535.  
 i  =
 
    536.  
 i  =
 
    537.  
 i  =
 
    538.  
 i  =
 
    539.  
 i  =
 
    540.  
 i  =
 
    541.  
 i  =
 
    542.  
 i  =
 
    543.  
 i  =
 
    544.  
 i  =
 
    545.  
 i  =
 
    546.  
 i  =
 
    547.  
 i  =
 
    548.  
 i  =
 
    549.  
 i  =
 
    550.  
 i  =
 
    551.  
 i  =
 
    552.  
 i  =
 
    553.  
 i  =
 
    554.  
 i  =
 
    555.  
 i  =
 
    556.  
 i  =
 
    557.  
 i  =
 
    558.  
 i  =
 
    559.  
 i  =
 
    560.  
 i  =
 
    561.  
 i  =
 
    562.  
 i  =
 
    563.  
 i  =
 
    564.  
 i  =
 
    565.  
 i  =
 
    566.  
 i  =
 
    567.  
 i  =
 
    568.  
 i  =
 
    569.  
 i  =
 
    570.  
 i  =
 
    571.  
 i  =
 
    572.  
 i  =
 
    573.  
 i  =
 
    574.  
 i  =
 
    575.  
 i  =
 
    576.  
 i  =
 
    577.  
 i  =
 
    578.  
 i  =
 
    579.  
 i  =
 
    580.  
 i  =
 
    581.  
 i  =
 
    582.  
 i  =
 
    583.  
 i  =
 
    584.  
 i  =
 
    585.  
 i  =
 
    586.  
 i  =
 
    587.  
 i  =
 
    588.  
 i  =
 
    589.  
 i  =
 
    590.  
 i  =
 
    591.  
 i  =
 
    592.  
 i  =
 
    593.  
 i  =
 
    594.  
 i  =
 
    595.  
 i  =
 
    596.  
 i  =
 
    597.  
 i  =
 
    598.  
 i  =
 
    599.  
 i  =
 
    600.  
 i  =
 
    601.  
 i  =
 
    602.  
 i  =
 
    603.  
 i  =
 
    604.  
 i  =
 
    605.  
 i  =
 
    606.  
 i  =
 
    607.  
 i  =
 
    608.  
 i  =
 
    609.  
 i  =
 
    610.  
 i  =
 
    611.  
 i  =
 
    612.  
 i  =
 
    613.  
 i  =
 
    614.  
 i  =
 
    615.  
 i  =
 
    616.  
 i  =
 
    617.  
 i  =
 
    618.  
 i  =
 
    619.  
 i  =
 
    620.  
 i  =
 
    621.  
 i  =
 
    622.  
 i  =
 
    623.  
 i  =
 
    624.  
 i  =
 
    625.  
 i  =
 
    626.  
 i  =
 
    627.  
 i  =
 
    628.  
 i  =
 
    629.  
 i  =
 
    630.  
 i  =
 
    631.  
 i  =
 
    632.  
 i  =
 
    633.  
 i  =
 
    634.  
 i  =
 
    635.  
 i  =
 
    636.  
 i  =
 
    637.  
 i  =
 
    638.  
 i  =
 
    639.  
 i  =
 
    640.  
 i  =
 
    641.  
 i  =
 
    642.  
 i  =
 
    643.  
 i  =
 
    644.  
 i  =
 
    645.  
 i  =
 
    646.  
 i  =
 
    647.  
 i  =
 
    648.  
 i  =
 
    649.  
 i  =
 
    650.  
 i  =
 
    651.  
 i  =
 
    652.  
 i  =
 
    653.  
 i  =
 
    654.  
 i  =
 
    655.  
 i  =
 
    656.  
 i  =
 
    657.  
 i  =
 
    658.  
 i  =
 
    659.  
 i  =
 
    660.  
 i  =
 
    661.  
 i  =
 
    662.  
 i  =
 
    663.  
 i  =
 
    664.  
 i  =
 
    665.  
 i  =
 
    666.  
 i  =
 
    667.  
 i  =
 
    668.  
 i  =
 
    669.  
 i  =
 
    670.  
 i  =
 
    671.  
 i  =
 
    672.  
 i  =
 
    673.  
 i  =
 
    674.  
 i  =
 
    675.  
 i  =
 
    676.  
 i  =
 
    677.  
 i  =
 
    678.  
 i  =
 
    679.  
 i  =
 
    680.  
 i  =
 
    681.  
 i  =
 
    682.  
 i  =
 
    683.  
 i  =
 
    684.  
 i  =
 
    685.  
 i  =
 
    686.  
 i  =
 
    687.  
 i  =
 
    688.  
 i  =
 
    689.  
 i  =
 
    690.  
 i  =
 
    691.  
 i  =
 
    692.  
 i  =
 
    693.  
 i  =
 
    694.  
 i  =
 
    695.  
 i  =
 
    696.  
 i  =
 
    697.  
 i  =
 
    698.  
 i  =
 
    699.  
 i  =
 
    700.  
 i  =
 
    701.  
 i  =
 
    702.  
 i  =
 
    703.  
 i  =
 
    704.  
 i  =
 
    705.  
 i  =
 
    706.  
 i  =
 
    707.  
 i  =
 
    708.  
 i  =
 
    709.  
 i  =
 
    710.  
 i  =
 
    711.  
 i  =
 
    712.  
 i  =
 
    713.  
 i  =
 
    714.  
 i  =
 
    715.  
 i  =
 
    716.  
 i  =
 
    717.  
 i  =
 
    718.  
 i  =
 
    719.  
 i  =
 
    720.  
 i  =
 
    721.  
 i  =
 
    722.  
 i  =
 
    723.  
 i  =
 
    724.  
 i  =
 
    725.  
 i  =
 
    726.  
 i  =
 
    727.  
 i  =
 
    728.  
 i  =
 
    729.  
 i  =
 
    730.  
 i  =
 
    731.  
 i  =
 
    732.  
 i  =
 
    733.  
 i  =
 
    734.  
 i  =
 
    735.  
 i  =
 
    736.  
 i  =
 
    737.  
 i  =
 
    738.  
 i  =
 
    739.  
 i  =
 
    740.  
 i  =
 
    741.  
 i  =
 
    742.  
 i  =
 
    743.  
 i  =
 
    744.  
 i  =
 
    745.  
 i  =
 
    746.  
 i  =
 
    747.  
 i  =
 
    748.  
 i  =
 
    749.  
 i  =
 
    750.  
 i  =
 
    751.  
 i  =
 
    752.  
 i  =
 
    753.  
 i  =
 
    754.  
 i  =
 
    755.  
 i  =
 
    756.  
 i  =
 
    757.  
 i  =
 
    758.  
 i  =
 
    759.  
 i  =
 
    760.  
 i  =
 
    761.  
 i  =
 
    762.  
 i  =
 
    763.  
 i  =
 
    764.  
 i  =
 
    765.  
 i  =
 
    766.  
 i  =
 
    767.  
 i  =
 
    768.  
 i  =
 
    769.  
 i  =
 
    770.  
 i  =
 
    771.  
 i  =
 
    772.  
 i  =
 
    773.  
 i  =
 
    774.  
 i  =
 
    775.  
 i  =
 
    776.  
 i  =
 
    777.  
 i  =
 
    778.  
 i  =
 
    779.  
 i  =
 
    780.  
 i  =
 
    781.  
 i  =
 
    782.  
 i  =
 
    783.  
 i  =
 
    784.  
 i  =
 
    785.  
 i  =
 
    786.  
 i  =
 
    787.  
 i  =
 
    788.  
 i  =
 
    789.  
 i  =
 
    790.  
 i  =
 
    791.  
 i  =
 
    792.  
 i  =
 
    793.  
 i  =
 
    794.  
 i  =
 
    795.  
 i  =
 
    796.  
 i  =
 
    797.  
 i  =
 
    798.  
 i  =
 
    799.  
 i  =
 
    800.  
 i  =
 
    801.  
 i  =
 
    802.  
 i  =
 
    803.  
 i  =
 
    804.  
 i  =
 
    805.  
 i  =
 
    806.  
 i  =
 
    807.  
 i  =
 
    808.  
 i  =
 
    809.  
 i  =
 
    810.  
 i  =
 
    811.  
 i  =
 
    812.  
 i  =
 
    813.  
 i  =
 
    814.  
 i  =
 
    815.  
 i  =
 
    816.  
 i  =
 
    817.  
 i  =
 
    818.  
 i  =
 
    819.  
 i  =
 
    820.  
 i  =
 
    821.  
 i  =
 
    822.  
 i  =
 
    823.  
 i  =
 
    824.  
 i  =
 
    825.  
 i  =
 
    826.  
 i  =
 
    827.  
 i  =
 
    828.  
 i  =
 
    829.  
 i  =
 
    830.  
 i  =
 
    831.  
 i  =
 
    832.  
 i  =
 
    833.  
 i  =
 
    834.  
 i  =
 
    835.  
 i  =
 
    836.  
 i  =
 
    837.  
 i  =
 
    838.  
 i  =
 
    839.  
 i  =
 
    840.  
 i  =
 
    841.  
 i  =
 
    842.  
 i  =
 
    843.  
 i  =
 
    844.  
 i  =
 
    845.  
 i  =
 
    846.  
 i  =
 
    847.  
 i  =
 
    848.  
 i  =
 
    849.  
 i  =
 
    850.  
 i  =
 
    851.  
 i  =
 
    852.  
 i  =
 
    853.  
 i  =
 
    854.  
 i  =
 
    855.  
 i  =
 
    856.  
 i  =
 
    857.  
 i  =
 
    858.  
 i  =
 
    859.  
 i  =
 
    860.  
 i  =
 
    861.  
 i  =
 
    862.  
 i  =
 
    863.  
 i  =
 
    864.  
 i  =
 
    865.  
 i  =
 
    866.  
 i  =
 
    867.  
 i  =
 
    868.  
 i  =
 
    869.  
 i  =
 
    870.  
 i  =
 
    871.  
 i  =
 
    872.  
 i  =
 
    873.  
 i  =
 
    874.  
 i  =
 
    875.  
 i  =
 
    876.  
 i  =
 
    877.  
 i  =
 
    878.  
 i  =
 
    879.  
 i  =
 
    880.  
 i  =
 
    881.  
 i  =
 
    882.  
 i  =
 
    883.  
 i  =
 
    884.  
 i  =
 
    885.  
 i  =
 
    886.  
 i  =
 
    887.  
 i  =
 
    888.  
 i  =
 
    889.  
 i  =
 
    890.  
 i  =
 
    891.  
 i  =
 
    892.  
 i  =
 
    893.  
 i  =
 
    894.  
 i  =
 
    895.  
 i  =
 
    896.  
 i  =
 
    897.  
 i  =
 
    898.  
 i  =
 
    899.  
 i  =
 
    900.  
 i  =
 
    901.  
 i  =
 
    902.  
 i  =
 
    903.  
 i  =
 
    904.  
 i  =
 
    905.  
 i  =
 
    906.  
 i  =
 
    907.  
 i  =
 
    908.  
 i  =
 
    909.  
 i  =
 
    910.  
 i  =
 
    911.  
 i  =
 
    912.  
 i  =
 
    913.  
 i  =
 
    914.  
 i  =
 
    915.  
 i  =
 
    916.  
 i  =
 
    917.  
 i  =
 
    918.  
 i  =
 
    919.  
 i  =
 
    920.  
 i  =
 
    921.  
 i  =
 
    922.  
 i  =
 
    923.  
 i  =
 
    924.  
 i  =
 
    925.  
 i  =
 
    926.  
 i  =
 
    927.  
 i  =
 
    928.  
 i  =
 
    929.  
 i  =
 
    930.  
 i  =
 
    931.  
 i  =
 
    932.  
 i  =
 
    933.  
 i  =
 
    934.  
 i  =
 
    935.  
 i  =
 
    936.  
 i  =
 
    937.  
 i  =
 
    938.  
 i  =
 
    939.  
 i  =
 
    940.  
 i  =
 
    941.  
 i  =
 
    942.  
 i  =
 
    943.  
 i  =
 
    944.  
 i  =
 
    945.  
 i  =
 
    946.  
 i  =
 
    947.  
 i  =
 
    948.  
 i  =
 
    949.  
 i  =
 
    950.  
 i  =
 
    951.  
 i  =
 
    952.  
 i  =
 
    953.  
 i  =
 
    954.  
 i  =
 
    955.  
 i  =
 
    956.  
 i  =
 
    957.  
 i  =
 
    958.  
 i  =
 
    959.  
 i  =
 
    960.  
 i  =
 
    961.  
 i  =
 
    962.  
 i  =
 
    963.  
 i  =
 
    964.  
 i  =
 
    965.  
 i  =
 
    966.  
 i  =
 
    967.  
 i  =
 
    968.  
 i  =
 
    969.  
 i  =
 
    970.  
 i  =
 
    971.  
 i  =
 
    972.  
 i  =
 
    973.  
 i  =
 
    974.  
 i  =
 
    975.  
 i  =
 
    976.  
 i  =
 
    977.  
 i  =
 
    978.  
 i  =
 
    979.  
 i  =
 
    980.  
 i  =
 
    981.  
 i  =
 
    982.  
 i  =
 
    983.  
 i  =
 
    984.  
 i  =
 
    985.  
 i  =
 
    986.  
 i  =
 
    987.  
 i  =
 
    988.  
 i  =
 
    989.  
 i  =
 
    990.  
 i  =
 
    991.  
 i  =
 
    992.  
 i  =
 
    993.  
 i  =
 
    994.  
 i  =
 
    995.  
 i  =
 
    996.  
 i  =
 
    997.  
 i  =
 
    998.  
 i  =
 
    999.  
 i  =
 
    1000.  
 i  =
 
    1001.  
 i  =
 
    1002.  
 i  =
 
    1003.  
 i  =
 
    1004.  
 i  =
 
    1005.  
 i  =
 
    1006.  
 i  =
 
    1007.  
 i  =
 
    1008.  
 i  =
 
    1009.  
 i  =
 
    1010.  
 i  =
 
    1011.  
 i  =
 
    1012.  
 i  =
 
    1013.  
 i  =
 
    1014.  
 i  =
 
    1015.  
 i  =
 
    1016.  
 i  =
 
    1017.  
 i  =
 
    1018.  
 i  =
 
    1019.  
 d  =
 
    1019.  
 
 
1019 
 
 
 

Public Key: (3337,79)
Private Key: (3337,1019)

 
 
 
 P  =
 
    688.  
 
Plaintext: 688
 
 
 C  =
 
    1.  
 
 C  =
 
    688.  
 C  =
 
    2827.  
 C  =
 
    2842.  
 C  =
 
    3151.  
 C  =
 
    2175.  
 C  =
 
    1424.  
 C  =
 
    1971.  
 C  =
 
    1226.  
 C  =
 
    2564.  
 C  =
 
    2096.  
 C  =
 
    464.  
 C  =
 
    2217.  
 C  =
 
    287.  
 C  =
 
    573.  
 C  =
 
    458.  
 C  =
 
    1426.  
 C  =
 
    10.  
 C  =
 
    206.  
 C  =
 
    1574.  
 C  =
 
    1724.  
 C  =
 
    1477.  
 C  =
 
    1728.  
 C  =
 
    892.  
 C  =
 
    3025.  
 C  =
 
    2249.  
 C  =
 
    2281.  
 C  =
 
    938.  
 C  =
 
    1303.  
 C  =
 
    2148.  
 C  =
 
    2870.  
 C  =
 
    2393.  
 C  =
 
    1243.  
 C  =
 
    912.  
 C  =
 
    100.  
 C  =
 
    2060.  
 C  =
 
    2392.  
 C  =
 
    555.  
 C  =
 
    1422.  
 C  =
 
    595.  
 C  =
 
    2246.  
 C  =
 
    217.  
 C  =
 
    2468.  
 C  =
 
    2788.  
 C  =
 
    2706.  
 C  =
 
    3019.  
 C  =
 
    1458.  
 C  =
 
    2004.  
 C  =
 
    571.  
 C  =
 
    2419.  
 C  =
 
    2446.  
 C  =
 
    1000.  
 C  =
 
    578.  
 C  =
 
    561.  
 C  =
 
    2213.  
 C  =
 
    872.  
 C  =
 
    2613.  
 C  =
 
    2438.  
 C  =
 
    2170.  
 C  =
 
    1321.  
 C  =
 
    1184.  
 C  =
 
    364.  
 C  =
 
    157.  
 C  =
 
    1232.  
 C  =
 
    18.  
 C  =
 
    2373.  
 C  =
 
    831.  
 C  =
 
    1101.  
 C  =
 
    3326.  
 C  =
 
    2443.  
 C  =
 
    2273.  
 C  =
 
    2108.  
 C  =
 
    2046.  
 C  =
 
    2771.  
 C  =
 
    1021.  
 C  =
 
    1678.  
 C  =
 
    3199.  
 C  =
 
    1829.  
 C  =
 
    303.  
 C  =
 
    1570.  
 
 
Encrypted Text: 1570
 
 
 P  =
 
    1.  
 
 P  =
 
    1570.  
 P  =
 
    2194.  
 P  =
 
    796.  
 P  =
 
    1682.  
 P  =
 
    1173.  
 P  =
 
    2923.  
 P  =
 
    735.  
 P  =
 
    2685.  
 P  =
 
    819.  
 P  =
 
    1085.  
 P  =
 
    1580.  
 P  =
 
    1209.  
 P  =
 
    2714.  
 P  =
 
    2968.  
 P  =
 
    1308.  
 P  =
 
    1305.  
 P  =
 
    3269.  
 P  =
 
    24.  
 P  =
 
    973.  
 P  =
 
    2601.  
 P  =
 
    2419.  
 P  =
 
    324.  
 P  =
 
    1456.  
 P  =
 
    75.  
 P  =
 
    955.  
 P  =
 
    1037.  
 P  =
 
    2971.  
 P  =
 
    2681.  
 P  =
 
    1213.  
 P  =
 
    2320.  
 P  =
 
    1733.  
 P  =
 
    1155.  
 P  =
 
    1359.  
 P  =
 
    1287.  
 P  =
 
    1705.  
 P  =
 
    576.  
 P  =
 
    3330.  
 P  =
 
    2358.  
 P  =
 
    1327.  
 P  =
 
    1102.  
 P  =
 
    1574.  
 P  =
 
    1800.  
 P  =
 
    2898.  
 P  =
 
    1529.  
 P  =
 
    1227.  
 P  =
 
    941.  
 P  =
 
    2416.  
 P  =
 
    2288.  
 P  =
 
    1548.  
 P  =
 
    1024.  
 P  =
 
    2583.  
 P  =
 
    855.  
 P  =
 
    876.  
 P  =
 
    476.  
 P  =
 
    3169.  
 P  =
 
    3200.  
 P  =
 
    1815.  
 P  =
 
    3089.  
 P  =
 
    1069.  
 P  =
 
    3156.  
 P  =
 
    2812.  
 P  =
 
    3326.  
 P  =
 
    2752.  
 P  =
 
    2562.  
 P  =
 
    1255.  
 P  =
 
    1520.  
 P  =
 
    445.  
 P  =
 
    1217.  
 P  =
 
    1926.  
 P  =
 
    498.  
 P  =
 
    1002.  
 P  =
 
    1413.  
 P  =
 
    2642.  
 P  =
 
    49.  
 P  =
 
    179.  
 P  =
 
    722.  
 P  =
 
    2297.  
 P  =
 
    2330.  
 P  =
 
    748.  
 P  =
 
    3073.  
 P  =
 
    2645.  
 P  =
 
    1422.  
 P  =
 
    87.  
 P  =
 
    3110.  
 P  =
 
    669.  
 P  =
 
    2512.  
 P  =
 
    2843.  
 P  =
 
    1941.  
 P  =
 
    689.  
 P  =
 
    542.  
 P  =
 
    5.  
 P  =
 
    1176.  
 P  =
 
    959.  
 P  =
 
    643.  
 P  =
 
    1736.  
 P  =
 
    2528.  
 P  =
 
    1267.  
 P  =
 
    338.  
 P  =
 
    77.  
 P  =
 
    758.  
 P  =
 
    2088.  
 P  =
 
    1226.  
 P  =
 
    2708.  
 P  =
 
    222.  
 P  =
 
    1492.  
 P  =
 
    3203.  
 P  =
 
    3188.  
 P  =
 
    2997.  
 P  =
 
    120.  
 P  =
 
    1528.  
 P  =
 
    2994.  
 P  =
 
    2084.  
 P  =
 
    1620.  
 P  =
 
    606.  
 P  =
 
    375.  
 P  =
 
    1438.  
 P  =
 
    1848.  
 P  =
 
    1507.  
 P  =
 
    57.  
 P  =
 
    2728.  
 P  =
 
    1589.  
 P  =
 
    1991.  
 P  =
 
    2438.  
 P  =
 
    121.  
 P  =
 
    3098.  
 P  =
 
    1851.  
 P  =
 
    2880.  
 P  =
 
    3302.  
 P  =
 
    1779.  
 P  =
 
    3298.  
 P  =
 
    2173.  
 P  =
 
    1196.  
 P  =
 
    2326.  
 P  =
 
    1142.  
 P  =
 
    971.  
 P  =
 
    2798.  
 P  =
 
    1368.  
 P  =
 
    2069.  
 P  =
 
    1429.  
 P  =
 
    1066.  
 P  =
 
    1783.  
 P  =
 
    2904.  
 P  =
 
    938.  
 P  =
 
    1043.  
 P  =
 
    2380.  
 P  =
 
    2497.  
 P  =
 
    2652.  
 P  =
 
    2401.  
 P  =
 
    2097.  
 P  =
 
    2008.  
 P  =
 
    2432.  
 P  =
 
    712.  
 P  =
 
    3282.  
 P  =
 
    412.  
 P  =
 
    2799.  
 P  =
 
    2938.  
 P  =
 
    926.  
 P  =
 
    2225.  
 P  =
 
    2748.  
 P  =
 
    2956.  
 P  =
 
    2490.  
 P  =
 
    1673.  
 P  =
 
    391.  
 P  =
 
    3199.  
 P  =
 
    245.  
 P  =
 
    895.  
 P  =
 
    273.  
 P  =
 
    1474.  
 P  =
 
    1639.  
 P  =
 
    403.  
 P  =
 
    2017.  
 P  =
 
    3214.  
 P  =
 
    436.  
 P  =
 
    435.  
 P  =
 
    2202.  
 P  =
 
    8.  
 P  =
 
    2549.  
 P  =
 
    867.  
 P  =
 
    3031.  
 P  =
 
    108.  
 P  =
 
    2710.  
 P  =
 
    25.  
 P  =
 
    2543.  
 P  =
 
    1458.  
 P  =
 
    3215.  
 P  =
 
    2006.  
 P  =
 
    2629.  
 P  =
 
    2998.  
 P  =
 
    1690.  
 P  =
 
    385.  
 P  =
 
    453.  
 P  =
 
    429.  
 P  =
 
    2793.  
 P  =
 
    192.  
 P  =
 
    1110.  
 P  =
 
    786.  
 P  =
 
    2667.  
 P  =
 
    2592.  
 P  =
 
    1637.  
 P  =
 
    600.  
 P  =
 
    966.  
 P  =
 
    1622.  
 P  =
 
    409.  
 P  =
 
    1426.  
 P  =
 
    3030.  
 P  =
 
    1875.  
 P  =
 
    516.  
 P  =
 
    2566.  
 P  =
 
    861.  
 P  =
 
    285.  
 P  =
 
    292.  
 P  =
 
    1271.  
 P  =
 
    3281.  
 P  =
 
    2179.  
 P  =
 
    605.  
 P  =
 
    2142.  
 P  =
 
    2581.  
 P  =
 
    1052.  
 P  =
 
    3162.  
 P  =
 
    2221.  
 P  =
 
    3142.  
 P  =
 
    854.  
 P  =
 
    2643.  
 P  =
 
    1619.  
 P  =
 
    2373.  
 P  =
 
    1518.  
 P  =
 
    642.  
 P  =
 
    166.  
 P  =
 
    334.  
 P  =
 
    471.  
 P  =
 
    1993.  
 P  =
 
    2241.  
 P  =
 
    1172.  
 P  =
 
    1353.  
 P  =
 
    1878.  
 P  =
 
    1889.  
 P  =
 
    2474.  
 P  =
 
    3249.  
 P  =
 
    1994.  
 P  =
 
    474.  
 P  =
 
    29.  
 P  =
 
    2149.  
 P  =
 
    223.  
 P  =
 
    3062.  
 P  =
 
    2060.  
 P  =
 
    647.  
 P  =
 
    1342.  
 P  =
 
    1293.  
 P  =
 
    1114.  
 P  =
 
    392.  
 P  =
 
    1432.  
 P  =
 
    2439.  
 P  =
 
    1691.  
 P  =
 
    1955.  
 P  =
 
    2647.  
 P  =
 
    1225.  
 P  =
 
    1138.  
 P  =
 
    1365.  
 P  =
 
    696.  
 P  =
 
    1521.  
 P  =
 
    2015.  
 P  =
 
    74.  
 P  =
 
    2722.  
 P  =
 
    2180.  
 P  =
 
    2175.  
 P  =
 
    999.  
 P  =
 
    40.  
 P  =
 
    2734.  
 P  =
 
    998.  
 P  =
 
    1807.  
 P  =
 
    540.  
 P  =
 
    202.  
 P  =
 
    125.  
 P  =
 
    2704.  
 P  =
 
    616.  
 P  =
 
    2727.  
 P  =
 
    19.  
 P  =
 
    3134.  
 P  =
 
    1642.  
 P  =
 
    1776.  
 P  =
 
    1925.  
 P  =
 
    2265.  
 P  =
 
    2145.  
 P  =
 
    617.  
 P  =
 
    960.  
 P  =
 
    2213.  
 P  =
 
    593.  
 P  =
 
    3324.  
 P  =
 
    2949.  
 P  =
 
    1511.  
 P  =
 
    3000.  
 P  =
 
    1493.  
 P  =
 
    1436.  
 P  =
 
    2045.  
 P  =
 
    456.  
 P  =
 
    1802.  
 P  =
 
    2701.  
 P  =
 
    2580.  
 P  =
 
    2819.  
 P  =
 
    968.  
 P  =
 
    1425.  
 P  =
 
    1460.  
 P  =
 
    3018.  
 P  =
 
    3057.  
 P  =
 
    884.  
 P  =
 
    3025.  
 P  =
 
    699.  
 P  =
 
    2894.  
 P  =
 
    1923.  
 P  =
 
    2462.  
 P  =
 
    1094.  
 P  =
 
    2362.  
 P  =
 
    933.  
 P  =
 
    3204.  
 P  =
 
    1421.  
 P  =
 
    1854.  
 P  =
 
    916.  
 P  =
 
    3210.  
 P  =
 
    830.  
 P  =
 
    1670.  
 P  =
 
    2355.  
 P  =
 
    3291.  
 P  =
 
    1194.  
 P  =
 
    2523.  
 P  =
 
    91.  
 P  =
 
    2716.  
 P  =
 
    2771.  
 P  =
 
    2359.  
 P  =
 
    2897.  
 P  =
 
    3296.  
 P  =
 
    2370.  
 P  =
 
    145.  
 P  =
 
    734.  
 P  =
 
    1115.  
 P  =
 
    1962.  
 P  =
 
    289.  
 P  =
 
    3235.  
 P  =
 
    36.  
 P  =
 
    3128.  
 P  =
 
    2233.  
 P  =
 
    1960.  
 P  =
 
    486.  
 P  =
 
    2184.  
 P  =
 
    1781.  
 P  =
 
    3101.  
 P  =
 
    3224.  
 P  =
 
    2788.  
 P  =
 
    2353.  
 P  =
 
    151.  
 P  =
 
    143.  
 P  =
 
    931.  
 P  =
 
    64.  
 P  =
 
    370.  
 P  =
 
    262.  
 P  =
 
    889.  
 P  =
 
    864.  
 P  =
 
    1658.  
 P  =
 
    200.  
 P  =
 
    322.  
 P  =
 
    1653.  
 P  =
 
    2361.  
 P  =
 
    2700.  
 P  =
 
    1010.  
 P  =
 
    625.  
 P  =
 
    172.  
 P  =
 
    3080.  
 P  =
 
    287.  
 P  =
 
    95.  
 P  =
 
    2322.  
 P  =
 
    1536.  
 P  =
 
    2206.  
 P  =
 
    2951.  
 P  =
 
    1314.  
 P  =
 
    714.  
 P  =
 
    3085.  
 P  =
 
    1463.  
 P  =
 
    1054.  
 P  =
 
    2965.  
 P  =
 
    3272.  
 P  =
 
    1397.  
 P  =
 
    881.  
 P  =
 
    1652.  
 P  =
 
    791.  
 P  =
 
    506.  
 P  =
 
    214.  
 P  =
 
    2280.  
 P  =
 
    2336.  
 P  =
 
    157.  
 P  =
 
    2889.  
 P  =
 
    747.  
 P  =
 
    1503.  
 P  =
 
    451.  
 P  =
 
    626.  
 P  =
 
    1742.  
 P  =
 
    1937.  
 P  =
 
    1083.  
 P  =
 
    1777.  
 P  =
 
    158.  
 P  =
 
    1122.  
 P  =
 
    2941.  
 P  =
 
    2299.  
 P  =
 
    2133.  
 P  =
 
    1799.  
 P  =
 
    1328.  
 P  =
 
    2672.  
 P  =
 
    431.  
 P  =
 
    2596.  
 P  =
 
    1243.  
 P  =
 
    2702.  
 P  =
 
    813.  
 P  =
 
    1676.  
 P  =
 
    1764.  
 P  =
 
    3107.  
 P  =
 
    2633.  
 P  =
 
    2604.  
 P  =
 
    455.  
 P  =
 
    232.  
 P  =
 
    507.  
 P  =
 
    1784.  
 P  =
 
    1137.  
 P  =
 
    3132.  
 P  =
 
    1839.  
 P  =
 
    725.  
 P  =
 
    333.  
 P  =
 
    2238.  
 P  =
 
    3136.  
 P  =
 
    1445.  
 P  =
 
    2827.  
 P  =
 
    180.  
 P  =
 
    2292.  
 P  =
 
    1154.  
 P  =
 
    3126.  
 P  =
 
    2430.  
 P  =
 
    909.  
 P  =
 
    2231.  
 P  =
 
    2157.  
 P  =
 
    2772.  
 P  =
 
    592.  
 P  =
 
    1754.  
 P  =
 
    755.  
 P  =
 
    715.  
 P  =
 
    1318.  
 P  =
 
    320.  
 P  =
 
    1850.  
 P  =
 
    1310.  
 P  =
 
    1108.  
 P  =
 
    983.  
 P  =
 
    1616.  
 P  =
 
    1000.  
 P  =
 
    1610.  
 P  =
 
    1591.  
 P  =
 
    1794.  
 P  =
 
    152.  
 P  =
 
    1713.  
 P  =
 
    3125.  
 P  =
 
    860.  
 P  =
 
    2052.  
 P  =
 
    1435.  
 P  =
 
    475.  
 P  =
 
    1599.  
 P  =
 
    1006.  
 P  =
 
    1019.  
 P  =
 
    1407.  
 P  =
 
    3233.  
 P  =
 
    233.  
 P  =
 
    2077.  
 P  =
 
    641.  
 P  =
 
    1933.  
 P  =
 
    1477.  
 P  =
 
    3012.  
 P  =
 
    311.  
 P  =
 
    1068.  
 P  =
 
    1586.  
 P  =
 
    618.  
 P  =
 
    2530.  
 P  =
 
    1070.  
 P  =
 
    1389.  
 P  =
 
    1669.  
 P  =
 
    785.  
 P  =
 
    1097.  
 P  =
 
    398.  
 P  =
 
    841.  
 P  =
 
    2255.  
 P  =
 
    3130.  
 P  =
 
    2036.  
 P  =
 
    3011.  
 P  =
 
    2078.  
 P  =
 
    2211.  
 P  =
 
    790.  
 P  =
 
    2273.  
 P  =
 
    1357.  
 P  =
 
    1484.  
 P  =
 
    654.  
 P  =
 
    2321.  
 P  =
 
    3303.  
 P  =
 
    12.  
 P  =
 
    2155.  
 P  =
 
    2969.  
 P  =
 
    2878.  
 P  =
 
    162.  
 P  =
 
    728.  
 P  =
 
    1706.  
 P  =
 
    2146.  
 P  =
 
    2187.  
 P  =
 
    3154.  
 P  =
 
    3009.  
 P  =
 
    2275.  
 P  =
 
    1160.  
 P  =
 
    2535.  
 P  =
 
    2246.  
 P  =
 
    2348.  
 P  =
 
    2312.  
 P  =
 
    2521.  
 P  =
 
    288.  
 P  =
 
    1665.  
 P  =
 
    1179.  
 P  =
 
    2332.  
 P  =
 
    551.  
 P  =
 
    787.  
 P  =
 
    900.  
 P  =
 
    1449.  
 P  =
 
    2433.  
 P  =
 
    2282.  
 P  =
 
    2139.  
 P  =
 
    1208.  
 P  =
 
    1144.  
 P  =
 
    774.  
 P  =
 
    512.  
 P  =
 
    2960.  
 P  =
 
    2096.  
 P  =
 
    438.  
 P  =
 
    238.  
 P  =
 
    3253.  
 P  =
 
    1600.  
 P  =
 
    2576.  
 P  =
 
    3213.  
 P  =
 
    2203.  
 P  =
 
    1578.  
 P  =
 
    1406.  
 P  =
 
    1663.  
 P  =
 
    1376.  
 P  =
 
    1281.  
 P  =
 
    2296.  
 P  =
 
    760.  
 P  =
 
    1891.  
 P  =
 
    2277.  
 P  =
 
    963.  
 P  =
 
    249.  
 P  =
 
    501.  
 P  =
 
    2375.  
 P  =
 
    1321.  
 P  =
 
    1693.  
 P  =
 
    1758.  
 P  =
 
    361.  
 P  =
 
    2817.  
 P  =
 
    1165.  
 P  =
 
    374.  
 P  =
 
    3205.  
 P  =
 
    2991.  
 P  =
 
    711.  
 P  =
 
    1712.  
 P  =
 
    1555.  
 P  =
 
    2003.  
 P  =
 
    1256.  
 P  =
 
    3090.  
 P  =
 
    2639.  
 P  =
 
    2013.  
 P  =
 
    271.  
 P  =
 
    1671.  
 P  =
 
    588.  
 P  =
 
    2148.  
 P  =
 
    1990.  
 P  =
 
    868.  
 P  =
 
    1264.  
 P  =
 
    2302.  
 P  =
 
    169.  
 P  =
 
    1707.  
 P  =
 
    379.  
 P  =
 
    1044.  
 P  =
 
    613.  
 P  =
 
    1354.  
 P  =
 
    111.  
 P  =
 
    746.  
 P  =
 
    3270.  
 P  =
 
    1594.  
 P  =
 
    3167.  
 P  =
 
    60.  
 P  =
 
    764.  
 P  =
 
    1497.  
 P  =
 
    1042.  
 P  =
 
    810.  
 P  =
 
    303.  
 P  =
 
    1856.  
 P  =
 
    719.  
 P  =
 
    924.  
 P  =
 
    2422.  
 P  =
 
    1697.  
 P  =
 
    1364.  
 P  =
 
    2463.  
 P  =
 
    2664.  
 P  =
 
    1219.  
 P  =
 
    1729.  
 P  =
 
    1549.  
 P  =
 
    2594.  
 P  =
 
    1440.  
 P  =
 
    1651.  
 P  =
 
    2558.  
 P  =
 
    1649.  
 P  =
 
    2755.  
 P  =
 
    598.  
 P  =
 
    1163.  
 P  =
 
    571.  
 P  =
 
    2154.  
 P  =
 
    1399.  
 P  =
 
    684.  
 P  =
 
    2703.  
 P  =
 
    2383.  
 P  =
 
    533.  
 P  =
 
    2560.  
 P  =
 
    1452.  
 P  =
 
    469.  
 P  =
 
    2190.  
 P  =
 
    1190.  
 P  =
 
    2917.  
 P  =
 
    1326.  
 P  =
 
    2869.  
 P  =
 
    2717.  
 P  =
 
    1004.  
 P  =
 
    1216.  
 P  =
 
    356.  
 P  =
 
    1641.  
 P  =
 
    206.  
 P  =
 
    3068.  
 P  =
 
    1469.  
 P  =
 
    463.  
 P  =
 
    2781.  
 P  =
 
    1374.  
 P  =
 
    1478.  
 P  =
 
    1245.  
 P  =
 
    2505.  
 P  =
 
    1864.  
 P  =
 
    3268.  
 P  =
 
    1791.  
 P  =
 
    2116.  
 P  =
 
    1805.  
 P  =
 
    737.  
 P  =
 
    2488.  
 P  =
 
    1870.  
 P  =
 
    2677.  
 P  =
 
    1607.  
 P  =
 
    218.  
 P  =
 
    1886.  
 P  =
 
    1101.  
 P  =
 
    4.  
 P  =
 
    2943.  
 P  =
 
    2102.  
 P  =
 
    3184.  
 P  =
 
    54.  
 P  =
 
    1355.  
 P  =
 
    1681.  
 P  =
 
    2940.  
 P  =
 
    729.  
 P  =
 
    3276.  
 P  =
 
    1003.  
 P  =
 
    2983.  
 P  =
 
    1499.  
 P  =
 
    845.  
 P  =
 
    1861.  
 P  =
 
    1895.  
 P  =
 
    1883.  
 P  =
 
    3065.  
 P  =
 
    96.  
 P  =
 
    555.  
 P  =
 
    393.  
 P  =
 
    3002.  
 P  =
 
    1296.  
 P  =
 
    2487.  
 P  =
 
    300.  
 P  =
 
    483.  
 P  =
 
    811.  
 P  =
 
    1873.  
 P  =
 
    713.  
 P  =
 
    1515.  
 P  =
 
    2606.  
 P  =
 
    258.  
 P  =
 
    1283.  
 P  =
 
    2099.  
 P  =
 
    1811.  
 P  =
 
    146.  
 P  =
 
    2304.  
 P  =
 
    3309.  
 P  =
 
    2758.  
 P  =
 
    1971.  
 P  =
 
    1071.  
 P  =
 
    2959.  
 P  =
 
    526.  
 P  =
 
    1581.  
 P  =
 
    2779.  
 P  =
 
    1571.  
 P  =
 
    427.  
 P  =
 
    2990.  
 P  =
 
    2478.  
 P  =
 
    2855.  
 P  =
 
    759.  
 P  =
 
    321.  
 P  =
 
    83.  
 P  =
 
    167.  
 P  =
 
    1904.  
 P  =
 
    2665.  
 P  =
 
    2789.  
 P  =
 
    586.  
 P  =
 
    2345.  
 P  =
 
    939.  
 P  =
 
    2613.  
 P  =
 
    1237.  
 P  =
 
    3293.  
 P  =
 
    997.  
 P  =
 
    237.  
 P  =
 
    1683.  
 P  =
 
    2743.  
 P  =
 
    1780.  
 P  =
 
    1531.  
 P  =
 
    1030.  
 P  =
 
    1992.  
 P  =
 
    671.  
 P  =
 
    2315.  
 P  =
 
    557.  
 P  =
 
    196.  
 P  =
 
    716.  
 P  =
 
    2888.  
 P  =
 
    2514.  
 P  =
 
    2646.  
 P  =
 
    2992.  
 P  =
 
    2281.  
 P  =
 
    569.  
 P  =
 
    2351.  
 P  =
 
    348.  
 P  =
 
    2429.  
 P  =
 
    2676.  
 P  =
 
    37.  
 P  =
 
    1361.  
 P  =
 
    1090.  
 P  =
 
    2756.  
 P  =
 
    2168.  
 P  =
 
    20.  
 P  =
 
    1367.  
 P  =
 
    499.  
 P  =
 
    2572.  
 P  =
 
    270.  
 P  =
 
    101.  
 P  =
 
    1731.  
 P  =
 
    1352.  
 P  =
 
    308.  
 P  =
 
    3032.  
 P  =
 
    1678.  
 P  =
 
    1567.  
 P  =
 
    821.  
 P  =
 
    888.  
 P  =
 
    2631.  
 P  =
 
    2801.  
 P  =
 
    2741.  
 P  =
 
    1977.  
 P  =
 
    480.  
 P  =
 
    2775.  
 P  =
 
    1965.  
 P  =
 
    1662.  
 P  =
 
    3143.  
 P  =
 
    2424.  
 P  =
 
    1500.  
 P  =
 
    2415.  
 P  =
 
    718.  
 P  =
 
    2691.  
 P  =
 
    228.  
 P  =
 
    901.  
 P  =
 
    3019.  
 P  =
 
    1290.  
 P  =
 
    3078.  
 P  =
 
    484.  
 P  =
 
    2381.  
 P  =
 
    730.  
 P  =
 
    1509.  
 P  =
 
    3197.  
 P  =
 
    442.  
 P  =
 
    3181.  
 P  =
 
    2018.  
 P  =
 
    1447.  
 P  =
 
    2630.  
 P  =
 
    1231.  
 P  =
 
    547.  
 P  =
 
    1181.  
 P  =
 
    2135.  
 P  =
 
    1602.  
 P  =
 
    2379.  
 P  =
 
    927.  
 P  =
 
    458.  
 P  =
 
    1605.  
 P  =
 
    415.  
 P  =
 
    835.  
 P  =
 
    2846.  
 P  =
 
    3314.  
 P  =
 
    597.  
 P  =
 
    2930.  
 P  =
 
    1714.  
 P  =
 
    1358.  
 P  =
 
    3054.  
 P  =
 
    2848.  
 P  =
 
    3117.  
 P  =
 
    1648.  
 P  =
 
    1185.  
 P  =
 
    1741.  
 P  =
 
    367.  
 P  =
 
    2226.  
 P  =
 
    981.  
 P  =
 
    1813.  
 P  =
 
    3286.  
 P  =
 
    18.  
 P  =
 
    1564.  
 P  =
 
    2785.  
 P  =
 
    980.  
 P  =
 
    243.  
 P  =
 
    1092.  
 P  =
 
    2559.  
 P  =
 
    3219.  
 P  =
 
    1612.  
 P  =
 
    1394.  
 P  =
 
    2845.  
 P  =
 
    1744.  
 P  =
 
    1740.  
 P  =
 
    2134.  
 P  =
 
    32.  
 P  =
 
    185.  
 P  =
 
    131.  
 P  =
 
    2113.  
 P  =
 
    432.  
 P  =
 
    829.  
 P  =
 
    100.  
 P  =
 
    161.  
 P  =
 
    2495.  
 P  =
 
    2849.  
 P  =
 
    1350.  
 P  =
 
    505.  
 P  =
 
    1981.  
 P  =
 
    86.  
 P  =
 
    1540.  
 P  =
 
    1812.  
 P  =
 
    1716.  
 P  =
 
    1161.  
 P  =
 
    768.  
 P  =
 
    1103.  
 P  =
 
    3144.  
 P  =
 
    657.  
 P  =
 
    357.  
 P  =
 
    3211.  
 P  =
 
    2400.  
 P  =
 
    527.  
 P  =
 
    3151.  
 P  =
 
    1636.  
 P  =
 
    2367.  
 P  =
 
    2109.  
 P  =
 
    826.  
 P  =
 
    2064.  
 P  =
 
    253.  
 P  =
 
    107.  
 P  =
 
    1140.  
 P  =
 
    1168.  
 P  =
 
    1747.  
 P  =
 
    3113.  
 P  =
 
    2042.  
 P  =
 
    2420.  
 P  =
 
    1894.  
 P  =
 
    313.  
 P  =
 
    871.  
 P  =
 
    2637.  
 P  =
 
    2210.  
 P  =
 
    2557.  
 P  =
 
    79.  
 P  =
 
    561.  
 P  =
 
    3139.  
 P  =
 
    2818.  
 P  =
 
    2735.  
 P  =
 
    2568.  
 P  =
 
    664.  
 P  =
 
    1336.  
 P  =
 
    1884.  
 P  =
 
    1298.  
 P  =
 
    2290.  
 P  =
 
    1351.  
 P  =
 
    2075.  
 P  =
 
    838.  
 P  =
 
    882.  
 P  =
 
    3222.  
 P  =
 
    2985.  
 P  =
 
    1302.  
 P  =
 
    1896.  
 P  =
 
    116.  
 P  =
 
    1922.  
 P  =
 
    892.  
 P  =
 
    2237.  
 P  =
 
    1566.  
 P  =
 
    2588.  
 P  =
 
    2031.  
 P  =
 
    1835.  
 P  =
 
    1119.  
 P  =
 
    1568.  
 P  =
 
    2391.  
 P  =
 
    3082.  
 P  =
 
    90.  
 P  =
 
    1146.  
 P  =
 
    577.  
 P  =
 
    1563.  
 P  =
 
    1215.  
 P  =
 
    2123.  
 P  =
 
    2784.  
 P  =
 
    2747.  
 P  =
 
    1386.  
 P  =
 
    296.  
 P  =
 
    877.  
 P  =
 
    2046.  
 P  =
 
    2026.  
 P  =
 
    659.  
 P  =
 
    160.  
 P  =
 
    925.  
 P  =
 
    655.  
 P  =
 
    554.  
 P  =
 
    2160.  
 P  =
 
    808.  
 P  =
 
    500.  
 P  =
 
    805.  
 P  =
 
    2464.  
 P  =
 
    897.  
 P  =
 
    76.  
 P  =
 
    2525.  
 P  =
 
    3231.  
 P  =
 
    430.  
 P  =
 
    1026.  
 P  =
 
    2386.  
 P  =
 
    1906.  
 P  =
 
    2468.  
 P  =
 
    503.  
 P  =
 
    2178.  
 P  =
 
    2372.  
 P  =
 
    3285.  
 P  =
 
    1785.  
 P  =
 
    2707.  
 P  =
 
    1989.  
 P  =
 
    2635.  
 P  =
 
    2407.  
 P  =
 
    1506.  
 P  =
 
    1824.  
 P  =
 
    534.  
 P  =
 
    793.  
 P  =
 
    309.  
 P  =
 
    1265.  
 P  =
 
    535.  
 P  =
 
    2363.  
 P  =
 
    2503.  
 P  =
 
    2061.  
 P  =
 
    2217.  
 P  =
 
    199.  
 P  =
 
    2089.  
 P  =
 
    2796.  
 P  =
 
    1565.  
 P  =
 
    1018.  
 P  =
 
    3174.  
 P  =
 
    1039.  
 P  =
 
    2774.  
 P  =
 
    395.  
 P  =
 
    2805.  
 P  =
 
    2347.  
 P  =
 
    742.  
 P  =
 
    327.  
 P  =
 
    2829.  
 P  =
 
    3320.  
 P  =
 
    6.  
 P  =
 
    2746.  
 P  =
 
    3153.  
 P  =
 
    1439.  
 P  =
 
    81.  
 P  =
 
    364.  
 P  =
 
    853.  
 P  =
 
    1073.  
 P  =
 
    2762.  
 P  =
 
    1577.  
 P  =
 
    3173.  
 P  =
 
    2806.  
 P  =
 
    580.  
 P  =
 
    2936.  
 P  =
 
    1123.  
 P  =
 
    1174.  
 P  =
 
    1156.  
 P  =
 
    2929.  
 P  =
 
    144.  
 P  =
 
    2501.  
 P  =
 
    2258.  
 P  =
 
    1166.  
 P  =
 
    1944.  
 P  =
 
    2062.  
 P  =
 
    450.  
 P  =
 
    2393.  
 P  =
 
    2885.  
 P  =
 
    1141.  
 P  =
 
    2738.  
 P  =
 
    604.  
 P  =
 
    572.  
 P  =
 
    387.  
 P  =
 
    256.  
 P  =
 
    1480.  
 P  =
 
    1048.  
 P  =
 
    219.  
 P  =
 
    119.  
 P  =
 
    3295.  
 P  =
 
    800.  
 P  =
 
    1288.  
 P  =
 
    3275.  
 P  =
 
    2770.  
 P  =
 
    789.  
 P  =
 
    703.  
 P  =
 
    2500.  
 P  =
 
    688.  
 
 
Decrypted Text: 688
 
 
grepthis#Cryptography_And_Network_Security_A._Kahate_3544/CH4/EX4.5.1/Ex4_5_1.sce #
 
 
 
 p  =
 
    11.  
 
 e1  =
 
    2.  
 
 d  =
 
    3.  
 
 
 e2  =
 
    8.  
 
 
 
 Public key:   
 
(2,8,11) 
 
grepthis#Cryptography_And_Network_Security_A._Kahate_3544/CH4/EX4.5/Ex4_5.sce #
 
 
 p  =
 
    7.  
 
 q  =
 
    17.  
 
 
 
 n  =
 
    119.  
 
 z  =
 
    96.  
 
 
 e  =
 
    5.  
 
 
 i  =
 
    1.  
 
 d  =
 
    1.  
 
 i  =
 
    2.  
 i  =
 
    3.  
 i  =
 
    4.  
 i  =
 
    5.  
 i  =
 
    6.  
 i  =
 
    7.  
 i  =
 
    8.  
 i  =
 
    9.  
 i  =
 
    10.  
 i  =
 
    11.  
 i  =
 
    12.  
 i  =
 
    13.  
 i  =
 
    14.  
 i  =
 
    15.  
 i  =
 
    16.  
 i  =
 
    17.  
 i  =
 
    18.  
 i  =
 
    19.  
 i  =
 
    20.  
 i  =
 
    21.  
 i  =
 
    22.  
 i  =
 
    23.  
 i  =
 
    24.  
 i  =
 
    25.  
 i  =
 
    26.  
 i  =
 
    27.  
 i  =
 
    28.  
 i  =
 
    29.  
 i  =
 
    30.  
 i  =
 
    31.  
 i  =
 
    32.  
 i  =
 
    33.  
 i  =
 
    34.  
 i  =
 
    35.  
 i  =
 
    36.  
 i  =
 
    37.  
 i  =
 
    38.  
 i  =
 
    39.  
 i  =
 
    40.  
 i  =
 
    41.  
 i  =
 
    42.  
 i  =
 
    43.  
 i  =
 
    44.  
 i  =
 
    45.  
 i  =
 
    46.  
 i  =
 
    47.  
 i  =
 
    48.  
 i  =
 
    49.  
 i  =
 
    50.  
 i  =
 
    51.  
 i  =
 
    52.  
 i  =
 
    53.  
 i  =
 
    54.  
 i  =
 
    55.  
 i  =
 
    56.  
 i  =
 
    57.  
 i  =
 
    58.  
 i  =
 
    59.  
 i  =
 
    60.  
 i  =
 
    61.  
 i  =
 
    62.  
 i  =
 
    63.  
 i  =
 
    64.  
 i  =
 
    65.  
 i  =
 
    66.  
 i  =
 
    67.  
 i  =
 
    68.  
 i  =
 
    69.  
 i  =
 
    70.  
 i  =
 
    71.  
 i  =
 
    72.  
 i  =
 
    73.  
 i  =
 
    74.  
 i  =
 
    75.  
 i  =
 
    76.  
 i  =
 
    77.  
 d  =
 
    77.  
 
 

Public Key: (119,5)
Private Key: (119,77)

 
 
 PT  =
 
    10.  
 
 
Plaintext: 10
 
 
 C  =
 
    40.  
 

Encrypted Text Code: 40

 
 
 PT  =
 
    1.  
 
 PT  =
 
    40.  
 PT  =
 
    53.  
 PT  =
 
    97.  
 PT  =
 
    72.  
 PT  =
 
    24.  
 PT  =
 
    8.  
 PT  =
 
    82.  
 PT  =
 
    67.  
 PT  =
 
    62.  
 PT  =
 
    100.  
 PT  =
 
    73.  
 PT  =
 
    64.  
 PT  =
 
    61.  
 PT  =
 
    60.  
 PT  =
 
    20.  
 PT  =
 
    86.  
 PT  =
 
    108.  
 PT  =
 
    36.  
 PT  =
 
    12.  
 PT  =
 
    4.  
 PT  =
 
    41.  
 PT  =
 
    93.  
 PT  =
 
    31.  
 PT  =
 
    50.  
 PT  =
 
    96.  
 PT  =
 
    32.  
 PT  =
 
    90.  
 PT  =
 
    30.  
 PT  =
 
    10.  
 PT  =
 
    43.  
 PT  =
 
    54.  
 PT  =
 
    18.  
 PT  =
 
    6.  
 PT  =
 
    2.  
 PT  =
 
    80.  
 PT  =
 
    106.  
 PT  =
 
    75.  
 PT  =
 
    25.  
 PT  =
 
    48.  
 PT  =
 
    16.  
 PT  =
 
    45.  
 PT  =
 
    15.  
 PT  =
 
    5.  
 PT  =
 
    81.  
 PT  =
 
    27.  
 PT  =
 
    9.  
 PT  =
 
    3.  
 PT  =
 
    1.  
 PT  =
 
    40.  
 PT  =
 
    53.  
 PT  =
 
    97.  
 PT  =
 
    72.  
 PT  =
 
    24.  
 PT  =
 
    8.  
 PT  =
 
    82.  
 PT  =
 
    67.  
 PT  =
 
    62.  
 PT  =
 
    100.  
 PT  =
 
    73.  
 PT  =
 
    64.  
 PT  =
 
    61.  
 PT  =
 
    60.  
 PT  =
 
    20.  
 PT  =
 
    86.  
 PT  =
 
    108.  
 PT  =
 
    36.  
 PT  =
 
    12.  
 PT  =
 
    4.  
 PT  =
 
    41.  
 PT  =
 
    93.  
 PT  =
 
    31.  
 PT  =
 
    50.  
 PT  =
 
    96.  
 PT  =
 
    32.  
 PT  =
 
    90.  
 PT  =
 
    30.  
 PT  =
 
    10.  
 
 
Decrypted Text: 10
 
 
grepthis#Cryptography_And_Network_Security_A._Kahate_3544/CH4/EX4.6/Ex4_6.sce #
 
 
 p  =
 
    7.  
 
 q  =
 
    17.  
 
 
 
 n  =
 
    119.  
 
 z  =
 
    96.  
 
 
 e  =
 
    5.  
 
 
 i  =
 
    1.  
 
 d  =
 
    1.  
 
 i  =
 
    2.  
 i  =
 
    3.  
 i  =
 
    4.  
 i  =
 
    5.  
 i  =
 
    6.  
 i  =
 
    7.  
 i  =
 
    8.  
 i  =
 
    9.  
 i  =
 
    10.  
 i  =
 
    11.  
 i  =
 
    12.  
 i  =
 
    13.  
 i  =
 
    14.  
 i  =
 
    15.  
 i  =
 
    16.  
 i  =
 
    17.  
 i  =
 
    18.  
 i  =
 
    19.  
 i  =
 
    20.  
 i  =
 
    21.  
 i  =
 
    22.  
 i  =
 
    23.  
 i  =
 
    24.  
 i  =
 
    25.  
 i  =
 
    26.  
 i  =
 
    27.  
 i  =
 
    28.  
 i  =
 
    29.  
 i  =
 
    30.  
 i  =
 
    31.  
 i  =
 
    32.  
 i  =
 
    33.  
 i  =
 
    34.  
 i  =
 
    35.  
 i  =
 
    36.  
 i  =
 
    37.  
 i  =
 
    38.  
 i  =
 
    39.  
 i  =
 
    40.  
 i  =
 
    41.  
 i  =
 
    42.  
 i  =
 
    43.  
 i  =
 
    44.  
 i  =
 
    45.  
 i  =
 
    46.  
 i  =
 
    47.  
 i  =
 
    48.  
 i  =
 
    49.  
 i  =
 
    50.  
 i  =
 
    51.  
 i  =
 
    52.  
 i  =
 
    53.  
 i  =
 
    54.  
 i  =
 
    55.  
 i  =
 
    56.  
 i  =
 
    57.  
 i  =
 
    58.  
 i  =
 
    59.  
 i  =
 
    60.  
 i  =
 
    61.  
 i  =
 
    62.  
 i  =
 
    63.  
 i  =
 
    64.  
 i  =
 
    65.  
 i  =
 
    66.  
 i  =
 
    67.  
 i  =
 
    68.  
 i  =
 
    69.  
 i  =
 
    70.  
 i  =
 
    71.  
 i  =
 
    72.  
 i  =
 
    73.  
 i  =
 
    74.  
 i  =
 
    75.  
 i  =
 
    76.  
 i  =
 
    77.  
 d  =
 
    77.  
 
 

Public Key: (119,5)
Private Key: (119,77)

 
 
 PT  =
 
 F   
 
 P  =
 
    6.  
 
 
Plaintext: F
 
Plain text Integer code: 6

 
 
 C  =
 
    1.  
 
 C  =
 
    6.  
 C  =
 
    36.  
 C  =
 
    97.  
 C  =
 
    106.  
 C  =
 
    41.  
 
 
 C  =
 
    41.  
 
Encrypted Text Code: 41

 
 
 P  =
 
    1.  
 
 P  =
 
    41.  
 P  =
 
    15.  
 P  =
 
    20.  
 P  =
 
    106.  
 P  =
 
    62.  
 P  =
 
    43.  
 P  =
 
    97.  
 P  =
 
    50.  
 P  =
 
    27.  
 P  =
 
    36.  
 P  =
 
    48.  
 P  =
 
    64.  
 P  =
 
    6.  
 P  =
 
    8.  
 P  =
 
    90.  
 P  =
 
    1.  
 P  =
 
    41.  
 P  =
 
    15.  
 P  =
 
    20.  
 P  =
 
    106.  
 P  =
 
    62.  
 P  =
 
    43.  
 P  =
 
    97.  
 P  =
 
    50.  
 P  =
 
    27.  
 P  =
 
    36.  
 P  =
 
    48.  
 P  =
 
    64.  
 P  =
 
    6.  
 P  =
 
    8.  
 P  =
 
    90.  
 P  =
 
    1.  
 P  =
 
    41.  
 P  =
 
    15.  
 P  =
 
    20.  
 P  =
 
    106.  
 P  =
 
    62.  
 P  =
 
    43.  
 P  =
 
    97.  
 P  =
 
    50.  
 P  =
 
    27.  
 P  =
 
    36.  
 P  =
 
    48.  
 P  =
 
    64.  
 P  =
 
    6.  
 P  =
 
    8.  
 P  =
 
    90.  
 P  =
 
    1.  
 P  =
 
    41.  
 P  =
 
    15.  
 P  =
 
    20.  
 P  =
 
    106.  
 P  =
 
    62.  
 P  =
 
    43.  
 P  =
 
    97.  
 P  =
 
    50.  
 P  =
 
    27.  
 P  =
 
    36.  
 P  =
 
    48.  
 P  =
 
    64.  
 P  =
 
    6.  
 P  =
 
    8.  
 P  =
 
    90.  
 P  =
 
    1.  
 P  =
 
    41.  
 P  =
 
    15.  
 P  =
 
    20.  
 P  =
 
    106.  
 P  =
 
    62.  
 P  =
 
    43.  
 P  =
 
    97.  
 P  =
 
    50.  
 P  =
 
    27.  
 P  =
 
    36.  
 P  =
 
    48.  
 P  =
 
    64.  
 P  =
 
    6.  
 
 
 PT  =
 
 F   
 
Decrypted Text Code: 6
 
Decrypted Text: F
 
 
grepthis#Cryptography_And_Network_Security_A._Kahate_3544/CH4/EX4.9.2/Ex4_9_2.sce #
 
 
 
 e1  =
 
    10.  
 
 e2  =
 
    4.  
 
 m  =
 
    14.  
 
 p  =
 
    19.  
 
 s1  =
 
    3.  
 
 s2  =
 
    4.  
 
 
 v1  =
 
    16.  
 
 
 V1   
 
 
    16.  
 
 
 v2  =
 
    16.  
 
 
 V2   
 
 
    16.  
 
 
 
 Since V1=V2, signature is valid   
 
 
 
 
grepthis#Cryptography_And_Network_Security_A._Kahate_3544/CH4/EX4.17/Ex4_17.sce #
 
 
 
 data  =
 
!11100100  11011101  00111001  00101001  !
 
 
 Original data   
 
 
!11100100  11011101  00111001  00101001  !
 
 data  =
 
    228.    221.    57.    41.  
 
 
 lrc  =
 
    0.  
 
 
 lrc  =
 
    228.  
 lrc  =
 
    57.  
 lrc  =
 
    0.  
 lrc  =
 
    41.  
 
 
 
 LRC:    
 
 
00101001 
 
 
grepthis#Cryptography_And_Network_Security_A._Kahate_3544/CH4/EX4.18/Ex4_18.sce #
 
 
 n  =
 
    7391743.  
 
Original number is 7391743
 
 
 n_str  =
 
 7391743   
 
 l  =
 
    7.  
 
 n_v  =
 
!7  !
!   !
!3  !
!   !
!9  !
!   !
!1  !
!   !
!7  !
!   !
!4  !
!   !
!3  !
 
 
 d  =
 
    1.  
 
 d  =
 
    7.  
 d  =
 
    7.  
 i  =
 
    2.  
 d  =
 
    21.  
 d  =
 
    1.  
 i  =
 
    3.  
 d  =
 
    9.  
 d  =
 
    9.  
 i  =
 
    4.  
 d  =
 
    9.  
 d  =
 
    9.  
 i  =
 
    5.  
 d  =
 
    63.  
 d  =
 
    3.  
 i  =
 
    6.  
 d  =
 
    12.  
 d  =
 
    2.  
 i  =
 
    7.  
 d  =
 
    6.  
 d  =
 
    6.  
 i  =
 
    8.  
 
 
Message digest is 6
 
 
grepthis#Cryptography_And_Network_Security_A._Kahate_3544/CH4/EX4.62/Ex4_62.sce #
 
 
 PT  =
 
    0.    1.    1.    0.    1.    1.  
    1.    1.    1.    0.    0.    0.  
    0.    1.    0.    1.    1.    0.  
 
 
 
 Plain text   
 
 
    0.    1.    1.    0.    1.    1.  
    1.    1.    1.    0.    0.    0.  
    0.    1.    0.    1.    1.    0.  
 
 
 K  =
 
    1.    7.    8.    12.    14.    20.  
 
 
 Knapsack:   
 
 
    1.    7.    8.    12.    14.    20.  
 
 
 col  =
 
    6.  
 row  =
 
    3.  
 
 C  =
 
     []
 
Warning : redefining function: sum                     . Use funcprot(0) to avoid this message

 sum  =
 
    0.  
 sum  =
 
    0.  
 sum  =
 
    7.  
 sum  =
 
    15.  
 sum  =
 
    15.  
 sum  =
 
    29.  
 sum  =
 
    49.  
 C  =
 
    49.  
 sum  =
 
    0.  
 sum  =
 
    1.  
 sum  =
 
    8.  
 sum  =
 
    16.  
 sum  =
 
    16.  
 sum  =
 
    16.  
 sum  =
 
    16.  
 C  =
 
    49.  
    16.  
 sum  =
 
    0.  
 sum  =
 
    0.  
 sum  =
 
    7.  
 sum  =
 
    7.  
 sum  =
 
    19.  
 sum  =
 
    33.  
 sum  =
 
    33.  
 C  =
 
    49.  
    16.  
    33.  
 
 
 
 Cipher text:   
 
 
    49.  
    16.  
    33.  
 
 
