ERROR: Linear_Integrated_Circuits_J._B._Gupta_1850/CH5/EX5.12/exa_5_12.sce
 
 
[2J[0;0H 
 
 
 
 
 
 
 
 
 
 
 
 
 
 
 
 
 Assuming Ideal op-amp, sketch for Vout is shown in figure.   
 
 
cuits_J._B._Gupta_1850/exa_5_12');xend();exit()
                                         !--error 999 
xend: An error occurred: Unable to create export file, permission denied.
at line      21 of exec file called by :    
_Gupta_1850/CH5/EX5.12/exa_5_12.sce',-1
 
ERROR: Linear_Integrated_Circuits_J._B._Gupta_1850/CH5/EX5.14/exa_5_14.sce
 
[2J[0;0H 
 
 
 
 
 
 
 
 
 
 
 
 
 
 
 
 
 
 
 Value of R_OM in k ohm   
 
    1.5  
 
 
 
 
 
 Output Voltage   
 
 
 -0.2827 Cos(400*%pi*t)   
 
 
 v_out  =
 
 
         column 1 to 6
 
  - 1.731D-17  - 0.0035524  - 0.0071043  - 0.0106550  - 0.0142041  - 0.0177509  
 
         column  7 to 12
 
  - 0.0212949  - 0.0248355  - 0.0283723  - 0.0319045  - 0.0354317  - 0.0389533  
 
         column 13 to 18
 
  - 0.0424688  - 0.0459775  - 0.0494790  - 0.0529727  - 0.0564580  - 0.0599344  
 
         column 19 to 24
 
  - 0.0634013  - 0.0668583  - 0.0703046  - 0.0737399  - 0.0771635  - 0.0805749  
 
         column 25 to 30
 
  - 0.0839737  - 0.0873591  - 0.0907308  - 0.0940881  - 0.0974306  - 0.1007576  
 
         column 31 to 36
 
  - 0.1040688  - 0.1073636  - 0.1106413  - 0.1139016  - 0.1171440  - 0.1203678  
 
         column 37 to 42
 
  - 0.1235726  - 0.1267579  - 0.1299232  - 0.133068  - 0.1361918  - 0.1392940  
 
         column 43 to 48
 
  - 0.1423743  - 0.1454321  - 0.1484669  - 0.1514782  - 0.1544657  - 0.1574287  
 
         column 49 to 54
 
  - 0.1603669  - 0.1632798  - 0.1661669  - 0.1690277  - 0.1718619  - 0.1746689  
 
         column 55 to 60
 
  - 0.1774483  - 0.1801998  - 0.1829227  - 0.1856168  - 0.1882816  - 0.1909166  
 
         column 61 to 66
 
  - 0.1935215  - 0.1960958  - 0.1986391  - 0.2011511  - 0.2036314  - 0.2060794  
 
         column 67 to 72
 
  - 0.2084950  - 0.2108776  - 0.2132269  - 0.2155425  - 0.2178241  - 0.2200713  
 
         column 73 to 78
 
  - 0.2222837  - 0.2244611  - 0.2266030  - 0.2287091  - 0.2307791  - 0.2328127  
 
         column 79 to 84
 
  - 0.2348095  - 0.2367692  - 0.2386915  - 0.2405761  - 0.2424228  - 0.2442312  
 
         column 85 to 90
 
  - 0.2460009  - 0.2477319  - 0.2494237  - 0.2510762  - 0.2526890  - 0.2542619  
 
         column 91 to 96
 
  - 0.2557946  - 0.2572870  - 0.2587387  - 0.2601495  - 0.2615193  - 0.2628478  
 
         column  97 to 102
 
  - 0.2641348  - 0.2653801  - 0.2665834  - 0.2677447  - 0.2688637  - 0.2699402  
 
         column 103 to 108
 
  - 0.2709741  - 0.2719652  - 0.2729134  - 0.2738185  - 0.2746803  - 0.2754987  
 
         column 109 to 114
 
  - 0.2762737  - 0.2770050  - 0.2776926  - 0.2783363  - 0.2789361  - 0.2794918  
 
         column 115 to 120
 
  - 0.2800034  - 0.2804708  - 0.2808939  - 0.2812727  - 0.2816070  - 0.2818968  
 
         column 121 to 126
 
  - 0.2821422  - 0.2823429  - 0.2824991  - 0.2826107  - 0.2826777  - 0.2827  
 
         column 127 to 132
 
  - 0.2826777  - 0.2826107  - 0.2824991  - 0.2823429  - 0.2821422  - 0.2818968  
 
         column 133 to 138
 
  - 0.2816070  - 0.2812727  - 0.2808939  - 0.2804708  - 0.2800034  - 0.2794918  
 
         column 139 to 144
 
  - 0.2789361  - 0.2783363  - 0.2776926  - 0.2770050  - 0.2762737  - 0.2754987  
 
         column 145 to 150
 
  - 0.2746803  - 0.2738185  - 0.2729134  - 0.2719652  - 0.2709741  - 0.2699402  
 
         column 151 to 156
 
  - 0.2688637  - 0.2677447  - 0.2665834  - 0.2653801  - 0.2641348  - 0.2628478  
 
         column 157 to 162
 
  - 0.2615193  - 0.2601495  - 0.2587387  - 0.2572870  - 0.2557946  - 0.2542619  
 
         column 163 to 168
 
  - 0.2526890  - 0.2510762  - 0.2494237  - 0.2477319  - 0.2460009  - 0.2442312  
 
         column 169 to 174
 
  - 0.2424228  - 0.2405761  - 0.2386915  - 0.2367692  - 0.2348095  - 0.2328127  
 
         column 175 to 180
 
  - 0.2307791  - 0.2287091  - 0.2266030  - 0.2244611  - 0.2222837  - 0.2200713  
 
         column 181 to 186
 
  - 0.2178241  - 0.2155425  - 0.2132269  - 0.2108776  - 0.2084950  - 0.2060794  
 
         column 187 to 192
 
  - 0.2036314  - 0.2011511  - 0.1986391  - 0.1960958  - 0.1935215  - 0.1909166  
 
         column 193 to 198
 
  - 0.1882816  - 0.1856168  - 0.1829227  - 0.1801998  - 0.1774483  - 0.1746689  
 
         column 199 to 204
 
  - 0.1718619  - 0.1690277  - 0.1661669  - 0.1632798  - 0.1603669  - 0.1574287  
 
         column 205 to 210
 
  - 0.1544657  - 0.1514782  - 0.1484669  - 0.1454321  - 0.1423743  - 0.1392940  
 
         column 211 to 216
 
  - 0.1361918  - 0.133068  - 0.1299232  - 0.1267579  - 0.1235726  - 0.1203678  
 
         column 217 to 222
 
  - 0.1171440  - 0.1139016  - 0.1106413  - 0.1073636  - 0.1040688  - 0.1007576  
 
         column 223 to 228
 
  - 0.0974306  - 0.0940881  - 0.0907308  - 0.0873591  - 0.0839737  - 0.0805749  
 
         column 229 to 234
 
  - 0.0771635  - 0.0737399  - 0.0703046  - 0.0668583  - 0.0634013  - 0.0599344  
 
         column 235 to 240
 
  - 0.0564580  - 0.0529727  - 0.0494790  - 0.0459775  - 0.0424688  - 0.0389533  
 
         column 241 to 246
 
  - 0.0354317  - 0.0319045  - 0.0283723  - 0.0248355  - 0.0212949  - 0.0177509  
 
         column 247 to 252
 
  - 0.0142041  - 0.0106550  - 0.0071043  - 0.0035524  - 1.731D-17    0.0035524  
 
         column 253 to 258
 
    0.0071043    0.0106550    0.0142041    0.0177509    0.0212949    0.0248355  
 
         column 259 to 264
 
    0.0283723    0.0319045    0.0354317    0.0389533    0.0424688    0.0459775  
 
         column 265 to 270
 
    0.0494790    0.0529727    0.0564580    0.0599344    0.0634013    0.0668583  
 
         column 271 to 276
 
    0.0703046    0.0737399    0.0771635    0.0805749    0.0839737    0.0873591  
 
         column 277 to 282
 
    0.0907308    0.0940881    0.0974306    0.1007576    0.1040688    0.1073636  
 
         column 283 to 288
 
    0.1106413    0.1139016    0.1171440    0.1203678    0.1235726    0.1267579  
 
         column 289 to 294
 
    0.1299232    0.133068    0.1361918    0.1392940    0.1423743    0.1454321  
 
         column 295 to 300
 
    0.1484669    0.1514782    0.1544657    0.1574287    0.1603669    0.1632798  
 
         column 301 to 306
 
    0.1661669    0.1690277    0.1718619    0.1746689    0.1774483    0.1801998  
 
         column 307 to 312
 
    0.1829227    0.1856168    0.1882816    0.1909166    0.1935215    0.1960958  
 
         column 313 to 318
 
    0.1986391    0.2011511    0.2036314    0.2060794    0.2084950    0.2108776  
 
         column 319 to 324
 
    0.2132269    0.2155425    0.2178241    0.2200713    0.2222837    0.2244611  
 
         column 325 to 330
 
    0.2266030    0.2287091    0.2307791    0.2328127    0.2348095    0.2367692  
 
         column 331 to 336
 
    0.2386915    0.2405761    0.2424228    0.2442312    0.2460009    0.2477319  
 
         column 337 to 342
 
    0.2494237    0.2510762    0.2526890    0.2542619    0.2557946    0.2572870  
 
         column 343 to 348
 
    0.2587387    0.2601495    0.2615193    0.2628478    0.2641348    0.2653801  
 
         column 349 to 354
 
    0.2665834    0.2677447    0.2688637    0.2699402    0.2709741    0.2719652  
 
         column 355 to 360
 
    0.2729134    0.2738185    0.2746803    0.2754987    0.2762737    0.2770050  
 
         column 361 to 366
 
    0.2776926    0.2783363    0.2789361    0.2794918    0.2800034    0.2804708  
 
         column 367 to 372
 
    0.2808939    0.2812727    0.2816070    0.2818968    0.2821422    0.2823429  
 
         column 373 to 378
 
    0.2824991    0.2826107    0.2826777    0.2827    0.2826777    0.2826107  
 
         column 379 to 384
 
    0.2824991    0.2823429    0.2821422    0.2818968    0.2816070    0.2812727  
 
         column 385 to 390
 
    0.2808939    0.2804708    0.2800034    0.2794918    0.2789361    0.2783363  
 
         column 391 to 396
 
    0.2776926    0.2770050    0.2762737    0.2754987    0.2746803    0.2738185  
 
         column 397 to 402
 
    0.2729134    0.2719652    0.2709741    0.2699402    0.2688637    0.2677447  
 
         column 403 to 408
 
    0.2665834    0.2653801    0.2641348    0.2628478    0.2615193    0.2601495  
 
         column 409 to 414
 
    0.2587387    0.2572870    0.2557946    0.2542619    0.2526890    0.2510762  
 
         column 415 to 420
 
    0.2494237    0.2477319    0.2460009    0.2442312    0.2424228    0.2405761  
 
         column 421 to 426
 
    0.2386915    0.2367692    0.2348095    0.2328127    0.2307791    0.2287091  
 
         column 427 to 432
 
    0.2266030    0.2244611    0.2222837    0.2200713    0.2178241    0.2155425  
 
         column 433 to 438
 
    0.2132269    0.2108776    0.2084950    0.2060794    0.2036314    0.2011511  
 
         column 439 to 444
 
    0.1986391    0.1960958    0.1935215    0.1909166    0.1882816    0.1856168  
 
         column 445 to 450
 
    0.1829227    0.1801998    0.1774483    0.1746689    0.1718619    0.1690277  
 
         column 451 to 456
 
    0.1661669    0.1632798    0.1603669    0.1574287    0.1544657    0.1514782  
 
         column 457 to 462
 
    0.1484669    0.1454321    0.1423743    0.1392940    0.1361918    0.133068  
 
         column 463 to 468
 
    0.1299232    0.1267579    0.1235726    0.1203678    0.1171440    0.1139016  
 
         column 469 to 474
 
    0.1106413    0.1073636    0.1040688    0.1007576    0.0974306    0.0940881  
 
         column 475 to 480
 
    0.0907308    0.0873591    0.0839737    0.0805749    0.0771635    0.0737399  
 
         column 481 to 486
 
    0.0703046    0.0668583    0.0634013    0.0599344    0.0564580    0.0529727  
 
         column 487 to 492
 
    0.0494790    0.0459775    0.0424688    0.0389533    0.0354317    0.0319045  
 
         column 493 to 498
 
    0.0283723    0.0248355    0.0212949    0.0177509    0.0142041    0.0106550  
 
         column 499 to 504
 
    0.0071043    0.0035524    5.193D-17  - 0.0035524  - 0.0071043  - 0.0106550  
 
         column 505 to 510
 
  - 0.0142041  - 0.0177509  - 0.0212949  - 0.0248355  - 0.0283723  - 0.0319045  
 
         column 511 to 516
 
  - 0.0354317  - 0.0389533  - 0.0424688  - 0.0459775  - 0.0494790  - 0.0529727  
 
         column 517 to 522
 
  - 0.0564580  - 0.0599344  - 0.0634013  - 0.0668583  - 0.0703046  - 0.0737399  
 
         column 523 to 528
 
  - 0.0771635  - 0.0805749  - 0.0839737  - 0.0873591  - 0.0907308  - 0.0940881  
 
         column 529 to 534
 
  - 0.0974306  - 0.1007576  - 0.1040688  - 0.1073636  - 0.1106413  - 0.1139016  
 
         column 535 to 540
 
  - 0.1171440  - 0.1203678  - 0.1235726  - 0.1267579  - 0.1299232  - 0.133068  
 
         column 541 to 546
 
  - 0.1361918  - 0.1392940  - 0.1423743  - 0.1454321  - 0.1484669  - 0.1514782  
 
         column 547 to 552
 
  - 0.1544657  - 0.1574287  - 0.1603669  - 0.1632798  - 0.1661669  - 0.1690277  
 
         column 553 to 558
 
  - 0.1718619  - 0.1746689  - 0.1774483  - 0.1801998  - 0.1829227  - 0.1856168  
 
         column 559 to 564
 
  - 0.1882816  - 0.1909166  - 0.1935215  - 0.1960958  - 0.1986391  - 0.2011511  
 
         column 565 to 570
 
  - 0.2036314  - 0.2060794  - 0.2084950  - 0.2108776  - 0.2132269  - 0.2155425  
 
         column 571 to 576
 
  - 0.2178241  - 0.2200713  - 0.2222837  - 0.2244611  - 0.2266030  - 0.2287091  
 
         column 577 to 582
 
  - 0.2307791  - 0.2328127  - 0.2348095  - 0.2367692  - 0.2386915  - 0.2405761  
 
         column 583 to 588
 
  - 0.2424228  - 0.2442312  - 0.2460009  - 0.2477319  - 0.2494237  - 0.2510762  
 
         column 589 to 594
 
  - 0.2526890  - 0.2542619  - 0.2557946  - 0.2572870  - 0.2587387  - 0.2601495  
 
         column 595 to 600
 
  - 0.2615193  - 0.2628478  - 0.2641348  - 0.2653801  - 0.2665834  - 0.2677447  
 
         column 601 to 606
 
  - 0.2688637  - 0.2699402  - 0.2709741  - 0.2719652  - 0.2729134  - 0.2738185  
 
         column 607 to 612
 
  - 0.2746803  - 0.2754987  - 0.2762737  - 0.2770050  - 0.2776926  - 0.2783363  
 
         column 613 to 618
 
  - 0.2789361  - 0.2794918  - 0.2800034  - 0.2804708  - 0.2808939  - 0.2812727  
 
         column 619 to 624
 
  - 0.2816070  - 0.2818968  - 0.2821422  - 0.2823429  - 0.2824991  - 0.2826107  
 
         column 625 to 626
 
  - 0.2826777  - 0.2827  
 
 
 
 
 
 
 Output Voltage waveform is shown in figure.   
 
 
cuits_J._B._Gupta_1850/exa_5_14');xend();exit()
                                         !--error 999 
xend: An error occurred: Unable to create export file, permission denied.
at line      34 of exec file called by :    
_Gupta_1850/CH5/EX5.14/exa_5_14.sce',-1
 
ERROR: Linear_Integrated_Circuits_J._B._Gupta_1850/CH3/EX3.16/Exa3_16.sce
 
 
[2J[0;0H 
 
 
 
 
 
 I  =
 
 
         column  1 to 11
 
    0.  - 0.2  - 0.4  - 0.6  - 0.8  - 1.  - 1.2  - 1.4  - 1.6  - 1.8  - 2.  
 
         column 12 to 13
 
  - 2.2  - 2.4  
 
 
 V-I characteristics is shown in figure.   
 
 
 
 
 
 
rcuits_J._B._Gupta_1850/Exa3_16');xend();exit()
                                         !--error 999 
xend: An error occurred: Unable to create export file, permission denied.
at line      16 of exec file called by :    
._Gupta_1850/CH3/EX3.16/Exa3_16.sce',-1
 
