Total number of .sce files(without counting DEPENDENCIES directory): 138

grepthis#Engineering_Thermodynamics_S._S._Khandare_2144/CH2/EX2.10/exa_2_10.sce #
 
 
 
 
 
 
 
 
 
 
 
 
 
 
 
 
 
 
 
 The mass of the gas in kg is :    
 
    10.  
 
 
 The Molecular volume in m^3 is :    
 
    0.2199484  
 
 
 The density of the gas in kg/m^3 is :    
 
    200.  
 
 
 The specific volume of the gas in m^3/kg is :    
 
    0.005  
 
 
grepthis#Engineering_Thermodynamics_S._S._Khandare_2144/CH2/EX2.11/exa_2_11.sce #
 
 
 
 
 
 
 
 
 
 
 
 
 
 
 
 
 
 
 Temperature at constant volume compression in °C is :    
 
    651.  
 
 
grepthis#Engineering_Thermodynamics_S._S._Khandare_2144/CH2/EX2.12/exa_2_12.sce #
 
 
 
 
 
 
 
 
 
 
 
 
 
 
 Tyre guage reading at 45°C in bar is :    
 
    2.0699263  
 
 
grepthis#Engineering_Thermodynamics_S._S._Khandare_2144/CH2/EX2.13/exa_2_13.sce #
 
 
 
 
 
 
 
 
 
 The internal energy of the system decreases by (in kJ)   
 
    30.  
 
 
grepthis#Engineering_Thermodynamics_S._S._Khandare_2144/CH2/EX2.14/exa_2_14.sce #
 
 
 
 
 
 
 
 
 
 Change in internal energy in kJ/kg is :    
 
    40.  
 
 
 Thus internal energy of the working substance increases    
 
 
grepthis#Engineering_Thermodynamics_S._S._Khandare_2144/CH2/EX2.15/exa_2_15.sce #
 
 
 
 
 
 
 
 
 
 
 
 The mass of the fluid in the system in kg is :    
 
    4.5  
 
 
grepthis#Engineering_Thermodynamics_S._S._Khandare_2144/CH2/EX2.16/exa_2_16.sce #
 
 
 
 
 
 
 
 
 
 
 
 The specific enthalpy in kJ/kg is :    
 
    3260.  
 
 
grepthis#Engineering_Thermodynamics_S._S._Khandare_2144/CH2/EX2.17/exa_2_17.sce #
 
 
 
 
 
 
 
 
 
 
 
 
 
 
 
 Fourth work transfer in kJ is :   
 
    340.  
 
 
 Thus the system delivers 340 kJ of work   
 
 
grepthis#Engineering_Thermodynamics_S._S._Khandare_2144/CH2/EX2.18/exa_2_18.sce #
 
 
 
 
 
 
 
 
 
 
 
 
 
 Heat supplied to gas in kJ is :    
 
    172.32  
 
 
 
 
 
 
 The final pressure in kN/m^2 is :    
 
    324.06857  
 
 
grepthis#Engineering_Thermodynamics_S._S._Khandare_2144/CH2/EX2.19/exa_2_19.sce #
 
 
 
 
 
 
 
 
 
 
 
 
 Heat extracted from the gas in kJ is :    
 
    46.48125  
 
 
 
 
 The final volume of the gas in m^3 is :    
 
    0.0730655  
 
 
grepthis#Engineering_Thermodynamics_S._S._Khandare_2144/CH2/EX2.1/exa_2_1.sce #
 
 
 
 
 
 
 
 
 
 
 
 Pressure of air after compression in kN/m^2 is :    
 
    851.64835  
 
 
grepthis#Engineering_Thermodynamics_S._S._Khandare_2144/CH2/EX2.20/exa_2_20.sce #
 
 
 
 
 
 
 
 
 
 
 
 
 The value of R in kJ/kgK is :   
 
    4.15715  
 
 
 The value of Cv in kJ/kgK is :    
 
    10.25285  
 
 
 The value of gama is :    
 
    1.4054629  
 
 
grepthis#Engineering_Thermodynamics_S._S._Khandare_2144/CH2/EX2.21/exa_2_21.sce #
 
 
 
 
 
 
 
 
 
 
 
 
 
 
 
 
 
 
 
 
 
 
 Temperature rise in K is :    
 
    43.650794  
 
 
 
 Change in internal energy in kJ is :    
 
    29.246032  
 
 
grepthis#Engineering_Thermodynamics_S._S._Khandare_2144/CH2/EX2.22/exa_2_22.sce #
 
 
 
 
 
 
 
 
 
 
 
 
 
 
 
 
 
 
 
 
 
 
 
 
 
 
 
 
 Analysis % Relative :    
 
 
 CO2   :   18.776671   
 
 
 CO     :   24.893314   
 
 
 H2      :   0.4267425   
 
 
 CH4   :   1.1379801   
 
 
 N2     :   54.765292   
 
 
 
 
 
 The Apparent gas constant in kJ/kg-K is :    
 
    0.2956721  
 
 
 The average density in kg/m^3 at NTP. is :    
 
    1.2553571  
 
 
grepthis#Engineering_Thermodynamics_S._S._Khandare_2144/CH2/EX2.23/exa_2_23.sce #
 
 
 
 
 
 
 
 
 
 
 
 
 
 
 
 
 
 Internal energy in kJ is :    
 
    50.862134  
 
 
grepthis#Engineering_Thermodynamics_S._S._Khandare_2144/CH2/EX2.24/exa_2_24.sce #
 
 
 
 
 
 
 
 
 
 
 
 
 
 
 
 
 
 
 
 
 
 
 
 
 
 
 
 Apparent molecular mass of the gas in kg is :    
 
    13.52  
 
 
 
 
 Density of the mixture in kg/m^3 is :    
 
    0.6035714  
 
 
 
 The mixture gas constant in kJ/kg-K is :    
 
    0.6149630  
 
 
 
 
 
 
 
 
 The partial pressure of H2 in kN/m^2   
 
    50.  
 
 
 The partial pressure of CH4 in kN/m^2   
 
    19.  
 
 
 The partial pressure of CO in kN/m^2   
 
    18.  
 
 
 The partial pressure of C2H4 in kN/m^2   
 
    2.  
 
 
 The partial pressure of CO2 in kN/m^2   
 
    5.  
 
 
 The partial pressure of N2 in kN/m^2   
 
    6.  
 
 
 
 
 
grepthis#Engineering_Thermodynamics_S._S._Khandare_2144/CH2/EX2.2/exa_2_2.sce #
 
 
 
 
 
 
 
 
 
 
 
 
 
 
 New guage pressure in kN/m^2 is :    
 
    300.  
 
 
grepthis#Engineering_Thermodynamics_S._S._Khandare_2144/CH2/EX2.3/exa_2_3.sce #
 
 
 
 
 
 
 
 
 
 
 
 Pressure at the end of the compression stroke in kN/m^2 is :    
 
    578.73229  
 
 
 and in bar :    
 
    5.7873229  
 
 
grepthis#Engineering_Thermodynamics_S._S._Khandare_2144/CH2/EX2.4/exa_2_4.sce #
 
 
 
 
 
 
 
 
 
 The volume occupied in m^3 is :    
 
    2.0989011  
 
 
grepthis#Engineering_Thermodynamics_S._S._Khandare_2144/CH2/EX2.5/exa_2_5.sce #
 
 
 
 
 
 
 
 
 
 
 
 The final volume in m^3 is :    
 
    3.320132  
 
 
grepthis#Engineering_Thermodynamics_S._S._Khandare_2144/CH2/EX2.6/exa_2_6.sce #
 
 
 
 
 
 
 
 
 
 
 
 
 
 Pressure of the gas in bar is :    
 
    1.5610717  
 
 
grepthis#Engineering_Thermodynamics_S._S._Khandare_2144/CH2/EX2.7/exa_2_7.sce #
 
 
 
 
 
 
 
 
 
 
 
 
 Absolute pressure at the end of compression stroke in bar is :    
 
    14.010309  
 
 
grepthis#Engineering_Thermodynamics_S._S._Khandare_2144/CH2/EX2.8/exa_2_8.sce #
 
 
 
 
 
 
 
 
 
 
 
 The molecular volume of all the gases in m^3 is :    
 
    12.596164  
 
 
grepthis#Engineering_Thermodynamics_S._S._Khandare_2144/CH2/EX2.9/exa_2_9.sce #
 
 
 
 
 
 
 
 
 
 
 
 
 
 Temperature at the end of compression in °C is :    
 
    196.48785  
 
 
 
grepthis#Engineering_Thermodynamics_S._S._Khandare_2144/CH4/EX4.1/exa_4_1.sce #
 
 
 
 
 
 
 
 
 
 
 
 
 The entropy production accompanying the heat transfer in kJ/K is :    
 
    1.5  
 
 
 
 
 
 
 The decrease in available energy after heat transfer in kJ is :    
 
    450.  
 
 
grepthis#Engineering_Thermodynamics_S._S._Khandare_2144/CH4/EX4.2/exa_4_2.sce #
 
 
 
 
 
 
 
 
 
 
 
 
 
 
 
 
 Net entropy changes in kJ/K is :    
 
    2.1116871  
 
 
 
 
 
 The increase in unavailable energy in kJ is :    
 
    629.28276  
 
 
 
 
grepthis#Engineering_Thermodynamics_S._S._Khandare_2144/CH1/EX1.1/ex1_1.sce #
 
 
 
 
 
 
 
 
 
 
 The absolute pressure of gas in bar is   
 
    1.0202003  
 
 
 
grepthis#Engineering_Thermodynamics_S._S._Khandare_2144/CH1/EX1.2/ex1_2.sce #
 
 
 
 
 
 
 
 
 
 
 
 
 The absolute pressure in N/m^2 is   
 
    37356.48  
 
 
 
 The absolute pressure in mbar is   
 
    373.5648  
 
 
grepthis#Engineering_Thermodynamics_S._S._Khandare_2144/CH1/EX1.3/ex1_3.sce #
 
 
 
 
 
 
 
 
 
 
 The absolute pressure in the bioler in bar is 30.993333 bar or 3099333.3 N/m^2   
 
 
 
 
 
 The absolute pressure in the Condenser in bar is   
 
    0.0490667  
 
 
 The absolute pressure in the Condenser in N/m^2 is   
 
    4906.6667  
 
 
grepthis#Engineering_Thermodynamics_S._S._Khandare_2144/CH1/EX1.4/ex1_4.sce #
 
 
 
 
 
 
 
 
 
 
 
 The gauge pressure in kN/m^2 is   
 
    22.9554  
 
 
grepthis#Engineering_Thermodynamics_S._S._Khandare_2144/CH1/EX1.5/ex1_5.sce #
 
 
 
 
 
 
 
 
 
 
 
 The absolute pressure in the vessel in MN/m^2 is   
 
    0.1326667  
 
 
 The absolute pressure in the vessel in bar is   
 
    1.3266667  
 
 
grepthis#Engineering_Thermodynamics_S._S._Khandare_2144/CH1/EX1.6/ex1_6.sce #
 
 
 
 
 
 
 
 
 The temperature on absolute scale in K is   
 
    560.  
 
 
grepthis#Engineering_Thermodynamics_S._S._Khandare_2144/CH1/EX1.7/ex1_7.sce #
 
 
 
 
 
 
 
 
 
 
 The unit of a will be mV/°C and the unit of b will be mV/°C^2   
 
 
 The Temperature in degree C is   
 
    35.972972  
 
 
grepthis#Engineering_Thermodynamics_S._S._Khandare_2144/CH1/EX1.8/ex1_8.sce #
 
 
 
 
 
 
 
 
 
 
 
 
 Quantity of heat supplied to water in the economizer is 125460 kJ/minute or 125.46 MJ/minute   
 
 
grepthis#Engineering_Thermodynamics_S._S._Khandare_2144/CH1/EX1.9/ex1_9.sce #
 
 
 
 
 
 
 
 
 
 
 
 
 
 
 
 
 
 Heat required by vessel and water in MJ is   
 
    1.8438  
 
 
grepthis#Engineering_Thermodynamics_S._S._Khandare_2144/CH1/EX1.10/ex1_10.sce #
 
 
 
 
 
 
 
 
 
 
 
 
 The Quantity of heat supplied per kg of coal in kJ is   
 
    3312.4  
 
 
grepthis#Engineering_Thermodynamics_S._S._Khandare_2144/CH3/EX3.1/ex3_1.sce #
 
 
 
 
 
 
 
 
 
 
 
 
 
 
 
 
 
 
 New temperature in degree C is   
 
    76.499835  
 
 
 
 
 
 
 New pressure in kN/m^2 is   
 
    256.45892  
 
 
grepthis#Engineering_Thermodynamics_S._S._Khandare_2144/CH3/EX3.2/ex3_2.sce #
 
 
 
 
 
 
 
 
 
 
 
 
 
 
 
 
 The intial temperature in degree C is   
 
    142.25424  
 
 
 
 
 
 
 
 The final pressure of air in kN/m^2 is   
 
    496.44286  
 
 
 
 
 
 
 Heat added in kJ is   
 
    123.35949  
 
 
 
 Gain of internal energy in kJ is   
 
    123.35949  
 
 
 
 Gain of enthalpy in kJ is   
 
    174.61449  
 
 
grepthis#Engineering_Thermodynamics_S._S._Khandare_2144/CH3/EX3.3/ex3_3.sce #
 
 
 
 
 
 
 
 
 
 
 
 
 
 
 
 The work done in kJ is   
 
    96.  
 
 
 
 The intail Temperature in °C is   
 
    54.980868  
 
 
 
 The final temperature in °C is   
 
    382.96174  
 
 
 
 The Heat added in kJ is   
 
    328.96481  
 
 
 
 
grepthis#Engineering_Thermodynamics_S._S._Khandare_2144/CH3/EX3.4/ex3_4.sce #
 
 
 
 
 
 
 
 
 
 
 
 
 
 
 
 
 
 Heat transferred in kJ is   
 
  - 100.0687  
 
 
 i.e. 100.0687 kJ heat has been abstracted from the gas   
 
 
 
 
 
 The work done in kJ is   
 
  - 28.875546  
 
 
 i.e. 28.875546 kJ work has been done on the gas    
 
 
 
 
 
 Change in internal energy in kJ is   
 
  - 71.193156  
 
 
 i.e. 71.193156 kJ energy is decrease in internal energy   
 
 
grepthis#Engineering_Thermodynamics_S._S._Khandare_2144/CH3/EX3.5/ex3_5.sce #
 
 
 
 
 
 
 
 
 
 
 
 
 
 The final pressure in kN/m^2 is   
 
    220.  
 
 
 
 
 The work done in kJ is   
 
    2655.5726  
 
 
 
 
grepthis#Engineering_Thermodynamics_S._S._Khandare_2144/CH3/EX3.6/ex3_6.sce #
 
 
 
 
 
 
 
 
 
 
 
 
 
 
 
 
 The final pressure in MN/m^2 is   
 
    0.2779785  
 
 
 
 The final temperature in degree C is   
 
  - 28.279662  
 
 
 
 
 Work done in kJ is   
 
    177.14754  
 
 
grepthis#Engineering_Thermodynamics_S._S._Khandare_2144/CH3/EX3.7/ex3_7.sce #
 
 
 
 
 
 
 
 
 
 
 
 
 The value of Cv in kJ/kg-K is   
 
    0.719576  
 
 
 
 
 
 
 
 
 The value Cp in kJ/kg-K is   
 
    1.0074064  
 
 
grepthis#Engineering_Thermodynamics_S._S._Khandare_2144/CH3/EX3.8/ex3_8.sce #
 
 
 
 
 
 
 
 
 
 
 
 
 
 
 The volume of one kg of air in m^3 is :    
 
    0.15293  
 
 
 
 
 
 Internal energy of 1 kg air in kJ/kg is :    
 
    71.8  
 
 
 
 
 
 
 
 
 The final pressure in bar is   
 
    1.0051111  
 
 T2  =
 
    214.23224  
 
 
 
 The final temperature in degree C is   
 
  - 58.767757  
 
 
 
 Internal energy in kJ/kg is   
 
  - 42.195249  
 
 
grepthis#Engineering_Thermodynamics_S._S._Khandare_2144/CH3/EX3.9/ex3_9.sce #
 
 
 
 
 
 
 
 
 
 
 
 
 
 
 
 
 The final temperature in degree C is   
 
    477.93898  
 
 
 
 
 Change in internal energy in kJ is   
 
    65.08922  
 
 
 
 Work done in kJ is   
 
    65.08922  
 
 
 
 
grepthis#Engineering_Thermodynamics_S._S._Khandare_2144/CH3/EX3.10/ex3_10.sce #
 
 
 
 
 
 
 
 
 
 
 
 
 
 
 
 
 
 
 
 
 The pressure at the end of compression in kN/m^2 is   
 
    540.70794  
 
 
 
 
 
 
 The temperature at the end of compression in degree C is   
 
    98.423771  
 
 
 
 
 
 The change in internal energy in kJ is   
 
    0.3802895  
 
 
grepthis#Engineering_Thermodynamics_S._S._Khandare_2144/CH3/EX3.11/ex3_11.sce #
 
 
 
 
 
 
 
 
 
 
 
 
 
 Final volume in litres is   
 
    8.7904341  
 
 
 
 
 Final temperature in degree C is   
 
    692.54129  
 
 
 
 Work done in kJ is   
 
    3.7095659  
 
 
grepthis#Engineering_Thermodynamics_S._S._Khandare_2144/CH3/EX3.12/ex3_12.sce #
 
 
 
 
 
 
 
 
 
 
 
 
 
 The value of index is   
 
    1.2762988  
 
 
 
 Work done in kJ is   
 
  - 0.1520093  
 
 
 
 Heat rejected during Compression in kJ is 0.0470093 kJ or 47.009327 joules   
 
 
 
grepthis#Engineering_Thermodynamics_S._S._Khandare_2144/CH3/EX3.13/ex3_13.sce #
 
 
 
 
 
 
 
 
 
 
 
 
 
 
 
 
 
 
 Change in internal energy in kJ/kg is   
 
    89.732139  
 
 
 
 
 Change in entropy during constant pressure in kJ/kg-K is   
 
    0.1233398  
 
 
grepthis#Engineering_Thermodynamics_S._S._Khandare_2144/CH3/EX3.14/ex3_14.sce #
 
 
 
 
 
 
 
 
 
 
 
 
 
 
 Change in entropy in kJ/K is   
 
    10.260167  
 
 
grepthis#Engineering_Thermodynamics_S._S._Khandare_2144/CH3/EX3.15/ex3_15.sce #
 
 
 
 
 
 
 
 
 
 
 
 
 
 
 
 
 
 
 
 
 Part (i)   
 
 
 Change in entropy in kJ/K is   
 
  - 0.0456368  
 
 
 
 
 Part (ii)   
 
 
 Change in entropy in kJ/kg-K is   
 
  - 0.2067721  
 
 
 
 Part (iii)   
 
 
 Change in entropy in kJ/kg-K is   
 
  - 0.2067721  
 
 
 
 Part (iv)   
 
 
 Change in entropy in kJ/kg-K is   
 
  - 0.2052985  
 
 
 
 Part (v)   
 
 
 change in entropy in kJ/kg is   
 
  - 0.2052985  
 
 
 
 Part (vi)   
 
 
 Change in entropy in kJ/kg-k is   
 
  - 0.2052985  
 
 
grepthis#Engineering_Thermodynamics_S._S._Khandare_2144/CH3/EX3.16/ex3_16.sce #
 
 
 
 
 
 
 
 
 
 
 
 
 
 
 
 
 Change in entropy in kJ/kg-K is   
 
  - 0.2248387  
 
 
grepthis#Engineering_Thermodynamics_S._S._Khandare_2144/CH3/EX3.17/ex3_17.sce #
 
 
 
 
 
 
 
 
 
 
 
 
 
 
 
 
 Change in entropy in kJ/K is   
 
  - 0.5358274  
 
 
 It is a loss of entropy   
 
 
grepthis#Engineering_Thermodynamics_S._S._Khandare_2144/CH3/EX3.18/ex3_18.sce #
 
 
 
 
 
 
 
 
 
 
 
 
 
 
 
 
 
 
 
 
 
 Total enthapy of air in kJ is   
 
    15.075  
 
 
grepthis#Engineering_Thermodynamics_S._S._Khandare_2144/CH3/EX3.19/ex3_19.sce #
 
 
 
 
 
 
 
 
 
 
 
 
 
 The temperature in degree C is   
 
    423.86411  
 
 
 
 The molecular mass in kg is   
 
    28.969686  
 
 
 
 The Specific volume in m^3 is   
 
    0.0666667  
 
 
 
 Molecular volume in m^3 is   
 
    1.9313124  
 
 
grepthis#Engineering_Thermodynamics_S._S._Khandare_2144/CH3/EX3.20/ex3_20.sce #
 
 
 
 
 
 
 
 
 
 
 
 
 
 
 
 Percentage of gas by volume in the mixture in % is :    
 
 
 
    40.  
 
 
 Percentage of air by volume in the mixture in % is :    
 
 
 
    60.  
 
 
 
 
 
 
 
 The gas constant in kJ/kg-K is :    
 
    0.3652512  
 
 
 Percentage of air by mass in the mixture in % is    
 
 
 
    76.359143  
 
 
 Percentage of gas by mass in the mixture in % is    
 
 
 
    23.640857  
 
 
 
 The density of the gas in kg/m^3 is :    
 
    0.9633146  
 
 
grepthis#Engineering_Thermodynamics_S._S._Khandare_2144/CH3/EX3.21/ex3_21.sce #
 
 
 
 
 
 
 
 
 
 
 
 
 
 
 
 
 Difference between the work done during isentropic and isothemal expansion in kJ is   
 
    473.42603  
 
 
grepthis#Engineering_Thermodynamics_S._S._Khandare_2144/CH3/EX3.22/ex3_22.sce #
 
 
 
 
 
 
 
 
 
 
 
 
 
 The pressure in bar is   
 
    8.103283  
 
 
 
 
 The temperature in degree C is   
 
    347.71148  
 
 
 
 
 
 
 Change in internal energy in kJ is   
 
    178.28361  
 
 
 
 
 
 
 
 
 Work done in kJ is   
 
    82.754213  
 
 
 
 
 
 Temperature of gas in degree C is   
 
    2791.  
 
 
grepthis#Engineering_Thermodynamics_S._S._Khandare_2144/CH3/EX3.23/ex3_23.sce #
 
 
 
 
 
 
 
 
 
 
 
 
 
 
 
 
 
 Temperature at the end of Constant pressure in  °C is   
 
    873.75768  
 
 
 
 
 
 
 
 
 Temperature at the end of Isentropic in °C is   
 
    333.00615  
 
 
 
 
 
 Total Work done on in kJ is   
 
    575.08244  
 
 
grepthis#Engineering_Thermodynamics_S._S._Khandare_2144/CH3/EX3.24/ex3_24.sce #
 
 
 
 
 
 
 
 
 
 
 
 
 
 
 
 
 
 
 
 Work done in kJ is   
 
    44.  
 
 
 
 
 Change in internal energy in kJ is   
 
  - 53.85  
 
 
 Negative sign indicates that there is decrease in internal energy of the gas.    
 
 
 
 The change in enthalpy in kJ is :   
 
  - 75.375  
 
 
 Negative sign indicates that there is decrease in enthalpy of the gas   
 
 
 
 Heat transfer in kJ is   
 
  - 9.85  
 
 
 Negative sign indicates that the heat is rejected by the air   
 
 
grepthis#Engineering_Thermodynamics_S._S._Khandare_2144/CH3/EX3.25/ex3_25.sce #
 
 
 
 
 
 
 
 
 
 
 
 
 
 
 
 
 
 
 Change in internal energy in kJ is   
 
  - 115.98627  
 
 
 i.e. there is a loss of 115.98627 kJ of internal energy   
 
 
grepthis#Engineering_Thermodynamics_S._S._Khandare_2144/CH3/EX3.26/ex3_26.sce #
 
 
 
 
 
 
 
 
 
 
 
 
 
 
 
 
 
 
 
 
 
 
 The mass of oxygen in kg is   
 
    9.1348907  
 
 
 
 
 
 Heat transfered in kJ is   
 
    22.135417  
 
 
grepthis#Engineering_Thermodynamics_S._S._Khandare_2144/CH3/EX3.27/ex3_27.sce #
 
 
 
 
 
 
 
 
 
 
 
 
 
 
 
 
 
 
 
 The change in internal energy in kJ is :    
 
  - 37.770821  
 
 
 
 The change in enthalpy in kJ is :    
 
    52.942365  
 
 
 
 
 
 
 
 
 Temperature in K is   
 
    784.85564  
 
 
 
 
 The pressure in MN/m^2 is   
 
    4.4146724  
 
 
 
 
grepthis#Engineering_Thermodynamics_S._S._Khandare_2144/CH3/EX3.28/ex3_28.sce #
 
 
 
 
 
 
 
 
 
 
 
 
 
 
 
 
 
 
 
 
 The temperature of gas in the cylinder in °C is :    
 
  - 5.4668244  
 
 
grepthis#Engineering_Thermodynamics_S._S._Khandare_2144/CH3/EX3.29/ex3_29.sce #
 
 
 
 
 
 
 
 
 
 
 
 
 
 Internal energy in kJ is   
 
    30.  
 
 
grepthis#Engineering_Thermodynamics_S._S._Khandare_2144/CH3/EX3.30/ex3_30.sce #
 
 
 
 
 
 
 
 
 
 
 
 
 
 
 
 The change in entropy in the process in kJ/kg-K is   
 
    0.2910115  
 
 
 
 The initial entropyin kJ/kg-K is   
 
    0.0915647  
 
 
grepthis#Engineering_Thermodynamics_S._S._Khandare_2144/CH5/EX5.1/ex5_1.sce #
 
 
 
 
 
 
 
 
 
 
 
 Maximum possible efficiency for staem turbine plant in % is   
 
    63.547995  
 
 
 
 
 
 
 
 Maximum possible efficiency for internal combustion engine in % is   
 
    75.730256  
 
 
 
 
 
 
 
 Maximum possible efficiency for nu power plant in % is   
 
    60.165975  
 
 
grepthis#Engineering_Thermodynamics_S._S._Khandare_2144/CH5/EX5.2/ex5_2.sce #
 
 
 
 
 
 
 
 
 
 
 
 
 
 
 Efficiency of engine in % is   
 
    41.314101  
 
 
grepthis#Engineering_Thermodynamics_S._S._Khandare_2144/CH5/EX5.3/ex5_3.sce #
 
 
 
 
 
 
 
 
 
 
 
 
 
 
 Pressure at the beginning of compression stroke in bar is   
 
    18.606704  
 
 
 
 Temperature at the beginning of compression stroke in °C   
 
    588.48686  
 
 
 
 
 Pressure at the beginning of expansion stroke in bar is :    
 
    38.  
 
 
 Temperature at the beginning of expansion stroke in °C is :   
 
    1486.3928  
 
 
 
 
 
 
 Pressure at the end of expansion stroke in bar is :   
 
    1.8993154  
 
 
 Temperature at the end of expansion stroke in °C is :   
 
    474.47253  
 
 
 
 
 Standard air efficiency in % is   
 
    57.515312  
 
 
grepthis#Engineering_Thermodynamics_S._S._Khandare_2144/CH5/EX5.4/ex5_4.sce #
 
 
 
 
 
 
 
 
 
 
 
 
 
 
 
 Air standard efficiency in % is :   
 
    47.469444  
 
 
 
 Thermal efficiency in % is :    
 
    28.481666  
 
 
 
 Brake thermal efficiency in % is :   
 
    21.36125  
 
 
 
 
 The consumption of gas in m^3 is :   
 
    0.2418217  
 
 
grepthis#Engineering_Thermodynamics_S._S._Khandare_2144/CH5/EX5.7/ex5_7.sce #
 
 
 
 
 
 
 
 
 
 
 Otto engine efficiency in % is   
 
    56.472472  
 
 
 
 
 
 
 
 Diesel engine efficiency in % is   
 
    55.505871  
 
 
 
 
 
 
 
 Dual engine efficiency in % is   
 
    57.701206  
 
 
 
grepthis#Engineering_Thermodynamics_S._S._Khandare_2144/CH5/EX5.8/ex5_8.sce #
 
 
 
 
 
 
 
 
 
 
 
 
 
 
 
 
 Efficiency of diesel cycle in % is   
 
    59.335433  
 
 
 
 
grepthis#Engineering_Thermodynamics_S._S._Khandare_2144/CH5/EX5.9/ex5_9.sce #
 
 
 
 
 
 
 
 
 
 
 
 
 
 
 
 Temperature at the end of compression in °C is   
 
    720.17857  
 
 
 
 
 Temperature at the end of expansion in °C is   
 
    724.35724  
 
 
 
 Heat supplied at constant pressure in kJ is   
 
    1043.1075  
 
 
 
 Heat rejected at constant volume in kJ is   
 
    456.64636  
 
 
 
 Thermal efficiency in % is   
 
    56.222503  
 
 
 
 
grepthis#Engineering_Thermodynamics_S._S._Khandare_2144/CH5/EX5.11/ex5_11.sce #
 
 
 
 
 
 
 
 
 
 
 
 
 
 
 
 
 
 
 
 
 
 
 
 Percentage of stroke at which heat reception must stop is :    
 
    4.414542  
 
 
 
 
 Ratio of work done during expansion to that done during compression is    
 
 
 
    2.0143808  
 
 
grepthis#Engineering_Thermodynamics_S._S._Khandare_2144/CH5/EX5.12/ex5_12.sce #
 
 
 
 
 
 
 
 
 
 
 
 
 
 
 
 
 
 
 
 
 
 
 
 
 The mean effective pressure of the cycle in N/cm^2   
 
    59.659123  
 
 
 
 
grepthis#Engineering_Thermodynamics_S._S._Khandare_2144/CH5/EX5.13/ex5_13.sce #
 
 
 
 
 
 
 
 
 
 
 
 
 
 The ideal efficiency when engine is fitted with a perfect regenerator in % is   
 
    57.206538  
 
 
 
 
 
 
 The ideal efficicency when efficiency of the regenrator is 0.8 in % is   
 
    45.654869  
 
 
 
grepthis#Engineering_Thermodynamics_S._S._Khandare_2144/CH5/EX5.14/ex5_14.sce #
 
 
 
 
 
 
 
 
 
 
 
 
 
 
 
 
 
 
 
 
 
 
 
 the thermal efficiency of plant in % is   
 
    37.  
 
 
 Output of gas turbine installation is 229 kW per kg of flow per second   
 
 
grepthis#Engineering_Thermodynamics_S._S._Khandare_2144/CH5/EX5.15/ex5_15.sce #
 
 
 
 
 
 
 
 
 
 
 
 
 Entrophy change in kJ/kg-K is   
 
    0.8029722  
 
 
 
 
 
 
 The efficiency of cycle in % is   
 
    0.4561439  
 
 
grepthis#Engineering_Thermodynamics_S._S._Khandare_2144/CH6/EX6.1/ex6_1.sce #
 
 
 
 
 
 
 
 
 
 
 
 Work done in MJ is   
 
    2.  
 
 
grepthis#Engineering_Thermodynamics_S._S._Khandare_2144/CH6/EX6.2/ex6_2.sce #
 
 
 
 
 
 
 
 
 
 
 
 
 
 Energy required to pump 1 kg of water at 0°C into the cylinder in joules is:   
 
 
 
    111.3  
 
 
 
 
 
 Energy required to effect the change in volume in joules is :    
 
 
 
    2.226  
 
 
 
 
 
 External work done in kJ is :   
 
    169.0647  
 
 
grepthis#Engineering_Thermodynamics_S._S._Khandare_2144/CH6/EX6.3/ex6_3.sce #
 
 
 
 
 
 
 
 
 
 
 
 Dryness fraction is   
 
    0.9916201  
 
 
grepthis#Engineering_Thermodynamics_S._S._Khandare_2144/CH6/EX6.4/ex6_4.sce #
 
 
 
 
 
 
 
 
 
 
 Heat required to raise temperature in kJ is   
 
    1135.2  
 
 
 The water is still liquid at the end of the heat supply   
 
 
grepthis#Engineering_Thermodynamics_S._S._Khandare_2144/CH6/EX6.5/ex6_5.sce #
 
 
 
 
 
 
 
 
 
 
 
 
 When dry fraction is 0.9, Heat required, to convert in kJ is   
 
    2448.92  
 
 
 
 
 
 Heat required when steam is dry and saturated in kJ is   
 
    2650.3  
 
 
 
 
 
 
 
 Heat required when the steam is super heated in kJ is   
 
    2901.6693  
 
 
grepthis#Engineering_Thermodynamics_S._S._Khandare_2144/CH6/EX6.6/ex6_6.sce #
 
 
 
 
 
 
 
 
 
 
 Specific volume of wet steam in m^3 is   
 
    0.11766  
 
 
 When the steam is dry saturated, the specific volume in m^3/kg is   
 
    0.1238  
 
 
 
 
 
 
 
 When the steam is superheated, the specific volume in m^3 is   
 
    0.1495623  
 
 
 
 
grepthis#Engineering_Thermodynamics_S._S._Khandare_2144/CH6/EX6.7/ex6_7.sce #
 
 
 
 
 
 
 
 
 
 
 
 
 When the steam is wet, the internal energy in kJ is   
 
    2389.48  
 
 
 
 
 When the steam is dry and saturated, the internal energy in kJ/kg is   
 
    2574.9  
 
 
 
 
 
 
 
 
 When the steam is super heated, the internal energy in kJ/kg is   
 
    2740.808  
 
 
grepthis#Engineering_Thermodynamics_S._S._Khandare_2144/CH6/EX6.8/ex6_8.sce #
 
 
 
 
 
 
 
 
 
 
 
 
 Heat to be extracted in kJ/m^3 is   
 
    163.10157  
 
 
 
 
grepthis#Engineering_Thermodynamics_S._S._Khandare_2144/CH6/EX6.9/ex6_9.sce #
 
 
 
 
 
 
 
 
 
 
 
 
 
 
 
 The enthalpy in kJ/m^3 is   
 
    17682.33  
 
 
 
 
 Internal energy in kJ/m^3 is   
 
    16482.33  
 
 
 
 
 
 
grepthis#Engineering_Thermodynamics_S._S._Khandare_2144/CH6/EX6.10/ex6_10.sce #
 
 
 
 
 
 
 
 
 
 
 
 
 
 
 The entropy of wet steam in kJ/kg-K is   
 
    5.6771287  
 
 
 
 The entropy of dry saturated steam in kJ/kg-K is   
 
    6.5664199  
 
 
 
 
 
 The entropy of superheated steam in kJ/kg-K is   
 
    6.6662952  
 
 
grepthis#Engineering_Thermodynamics_S._S._Khandare_2144/CH6/EX6.11/ex6_11.sce #
 
 
 
 
 
 
 
 
 
 
 
 
 
 
 
 The value of specific entropy in kJ/kg-K is   
 
    6.8225807  
 
 
grepthis#Engineering_Thermodynamics_S._S._Khandare_2144/CH6/EX6.12/ex6_12.sce #
 
 
 
 
 
 
 
 
 
 
 Dryness fraction of steam is   
 
    0.9306743  
 
 
grepthis#Engineering_Thermodynamics_S._S._Khandare_2144/CH6/EX6.13/ex6_13.sce #
 
 
 
 
 
 
 
 
 
 
 
 
 
 
 
 Dryness fraction of steam is   
 
    0.9700644  
 
 
grepthis#Engineering_Thermodynamics_S._S._Khandare_2144/CH6/EX6.14/ex6_14.sce #
 
 
 
 
 
 
 
 
 
 
 
 
 Dryness fraction of steam is   
 
    0.9473442  
 
 
grepthis#Engineering_Thermodynamics_S._S._Khandare_2144/CH6/EX6.15/ex6_15.sce #
 
 
 
 
 
 
 
 
 
 
 
 
 
 
 
 
 
 The dryness fraction of steam is   
 
    0.8931478  
 
 
grepthis#Engineering_Thermodynamics_S._S._Khandare_2144/CH6/EX6.16/ex6_16.sce #
 
 
 
 
 
 
 
 
 
 
 
 
 
 
 
 
 
 The quantity of circulating water required of condensed steam in kJ/kg is   
 
    36.  
 
 
grepthis#Engineering_Thermodynamics_S._S._Khandare_2144/CH6/EX6.17/ex6_17.sce #
 
 
 
 
 
 
 
 
 Part (i) :  For Isothermal operation :   
 
 
 
 
 
 
 
 
 
 Enthalpy of the fluid in kJ is :    
 
    5515.0228  
 
 
 
 The loss of heat during the constant temperature process in kJ is :    
 
    2951.7451  
 
 
 Part (ii) : For Hyperbolic operation :   
 
 
 
 
 
 
 
 
 
 Enthalpy of the fluid in kJ is :   
 
    8447.4784  
 
 
 
grepthis#Engineering_Thermodynamics_S._S._Khandare_2144/CH6/EX6.18/ex6_18.sce #
 
 
 
 
 
 
 
 
 
 
 
 
 
 
 
 
 
 The velocity of steam in metre/minute is   
 
    185.71472  
 
 
grepthis#Engineering_Thermodynamics_S._S._Khandare_2144/CH6/EX6.19/ex6_19.sce #
 
 
 
 
 
 
 
 
 
 
 
 Dryness fraction of steam is   
 
    0.9017133  
 
 
grepthis#Engineering_Thermodynamics_S._S._Khandare_2144/CH6/EX6.20/ex6_20.sce #
 
 
 
 
 
 
 
 
 
 
 
 
 
 
 
 The super heated temperature in degree C is   
 
    150.44147  
 
 
grepthis#Engineering_Thermodynamics_S._S._Khandare_2144/CH6/EX6.21/ex6_21.sce #
 
 
 
 
 
 
 
 
 
 
 
 
 
 t  =
 
    37.426003  
 
 
 Temperature of the feed water leaving the heater in degree C is   
 
    37.426003  
 
 
grepthis#Engineering_Thermodynamics_S._S._Khandare_2144/CH6/EX6.22/ex6_22.sce #
 
 
 
 
 
 
 
 
 
 
 
 
 Quantity of water in kg is   
 
    0.1197833  
 
 
grepthis#Engineering_Thermodynamics_S._S._Khandare_2144/CH6/EX6.23/ex6_23.sce #
 
 
 
 
 
 
 
 
 
 
 
 
 Heat recieved in kJ/kg is   
 
    465.99  
 
 
grepthis#Engineering_Thermodynamics_S._S._Khandare_2144/CH6/EX6.24/ex6_24.sce #
 
 
 
 
 
 
 
 
 
 
 
 
 
 
 
 
 Dryness fraction of steam is   
 
    0.1713200  
 
 
grepthis#Engineering_Thermodynamics_S._S._Khandare_2144/CH6/EX6.25/ex6_25.sce #
 
 
 
 
 
 
 
 
 
 
 
 
 
 
 
 
 
 The mass of steam in the vessel in kg is :    
 
    3.0832477  
 
 
 The dryness fraction of steam in the vessel is :    
 
    0.2193417  
 
 
 The amount o heat transferred in kJ is   
 
  - 5032.8761  
 
 
 Thus during cooling process there is loss of heat   
 
 
grepthis#Engineering_Thermodynamics_S._S._Khandare_2144/CH6/EX6.26/ex6_26.sce #
 
 
 
 
 
 
 
 
 
 
 
 x2  =
 
    0.544  
 
 
 
 
 
 
 
 Total energy in kJ/kg is   
 
    2671.5  
 
 
 
 The internal energy in kJ/kg is :    
 
    2487.9  
 
 
 
 
 
 
 
 
 
 Heat removed from 1 m^3 of steam in kJ is   
 
    3941.4935  
 
 
grepthis#Engineering_Thermodynamics_S._S._Khandare_2144/CH6/EX6.27/ex6_27.sce #
 
 
 
 
 
 
 
 
 
 
 
 
 
 
 
 
 
 
 
 Mass of steam in kg is   
 
    1.4998244  
 
 
 
 
 External work done in kJ is   
 
    212.25797  
 
 
 
 
 
 
 
 
 
 Change in internal energy in kJ is   
 
  - 483.73231  
 
 
 
 Heat exchange in kJ is   
 
  - 271.47434  
 
 
 Heat is lost to the surroundings.   
 
 
grepthis#Engineering_Thermodynamics_S._S._Khandare_2144/CH6/EX6.28/ex6_28.sce #
 
 
 
 
 
 
 
 
 
 
 
 
 
 
 
 
 
 
 
 
 
 
 
 
 Heat recieved by steam in kJ/kg is   
 
    63.888583  
 
 
grepthis#Engineering_Thermodynamics_S._S._Khandare_2144/CH6/EX6.29/ex6_29.sce #
 
 
 
 
 
 
 
 
 
 
 
 
 
 Final dryness fraction of steam is   
 
    0.8682150  
 
 
 
 Change in internal energy in kJ/kg is   
 
    238.32968  
 
 
grepthis#Engineering_Thermodynamics_S._S._Khandare_2144/CH6/EX6.30/ex6_30.sce #
 
 
 
 
 
 
 
 
 
 
 
 
 
 
 
 
 
 The final temperature of the steam in °C is :    
 
    430.2787  
 
 
grepthis#Engineering_Thermodynamics_S._S._Khandare_2144/CH6/EX6.31/ex6_31.sce #
 
 
 
 
 
 
 
 
 
 
 
 
 
 
 
 
 
 
 Total change in entropy in kJ/K is   
 
    0.1243323  
 
 
grepthis#Engineering_Thermodynamics_S._S._Khandare_2144/CH6/EX6.32/ex6_32.sce #
 
 
 
 
 
 
 
 
 
 
 
 
 
 
 
 
 
 
 
 
 
 
 
 
 Part (i) When the steam supply is wet and dryness fraction is 0.8   
 
 
 Rankine efficiency in % is   
 
    26.646118  
 
 
 
 
 
 
 Steam consumption per kW-hr in kg is :   
 
    10.373791  
 
 
 Part (ii) When the steam supply is dry and saturated   
 
 
 
 
 
 
 
 Rankine efficiency is 0.2721834 or 27.218342 %   
 
 
 
 
 Steam consumption per kW-hr in kg is :   
 
    8.6109214  
 
 
 Part (iii) When steam is superheated and  temperature is 300°C   
 
 
 
 
 
 
 
 Rankine efficiency is 0.2807665 or 28.076646 %   
 
 
 
 
 Steam consumption per kW-hr in kg is :   
 
    7.6131363  
 
 
grepthis#Engineering_Thermodynamics_S._S._Khandare_2144/CH6/EX6.33/ex6_33.sce #
 
 
 
 
 
 
 
 
 
 
 
 For carnot cycle :    
 
 
 Rankine efficiency in % is :    
 
    48.632987  
 
 
 
 
 
 
 For Rankine cycle :    
 
 
 Rankine efficiency in % is   
 
    27.491082  
 
 
grepthis#Engineering_Thermodynamics_S._S._Khandare_2144/CH6/EX6.34/ex6_34.sce #
 
 
 
 
 
 
 
 
 
 
 
 
 
 
 
 
 
 
 
 
 
 
 
 The efficiency of the cycle in % is   
 
    17.488278  
 
 
 
 
 
 Total volume of steam in m^3 is   
 
    1.2444999  
 
 
grepthis#Engineering_Thermodynamics_S._S._Khandare_2144/CH7/EX7.1/ex7_1.sce #
 
 
 
 
 
 
 
 
 
 
 
 
 
 W  =
 
    870.0462  
 
 
 The work done in kJ/kg is   
 
    870.0462  
 
 
grepthis#Engineering_Thermodynamics_S._S._Khandare_2144/CH7/EX7.2/ex7_2.sce #
 
 
 
 
 
 
 
 
 
 
 
 
 
 
 
 
 Power output of the turbine in kW is :    
 
    2259.5  
 
 
 
 Area of exhaust pipe in m^2 is :    
 
    0.0733333  
 
 
grepthis#Engineering_Thermodynamics_S._S._Khandare_2144/CH7/EX7.3/ex7_3.sce #
 
 
 
 
 
 
 
 
 
 Velocity of the steam leaving the nozzle in m/sec is   
 
    787.40079  
 
 
grepthis#Engineering_Thermodynamics_S._S._Khandare_2144/CH7/EX7.4/ex7_4.sce #
 
 
 
 
 
 
 
 
 
 Exit velocity in m/s is    
 
    632.45553  
 
 
 
 
 
 Total exit area in m^2 is   
 
    0.0060874  
 
 
grepthis#Engineering_Thermodynamics_S._S._Khandare_2144/CH7/EX7.5/ex7_5.sce #
 
 
 
 
 
 
 
 
 
 
 
 
 
 
 Mass in kg is   
 
    14.806041  
 
 
grepthis#Engineering_Thermodynamics_S._S._Khandare_2144/CH7/EX7.6/ex7_6.sce #
 
 
 
 
 
 
 
 
 
 
 
 
 
 
 
 
 
 
 
 
 Rate of heat transfer in kJ/s is   
 
  - 1919.3401  
 
 
 
grepthis#Engineering_Thermodynamics_S._S._Khandare_2144/CH8/EX8.1/ex8_1.sce #
 
 
 
 
 
 
 
 
 
 
 
 Higher calorific value in kJ/kg is   
 
    47625.  
 
 
 
 
 Lower calorific value in kJ/kg is   
 
    44877.75  
 
 
 
 
grepthis#Engineering_Thermodynamics_S._S._Khandare_2144/CH8/EX8.2/ex8_2.sce #
 
 
 
 
 
 
 
 
 
 
 
 The higher calorific value in MJ/nm^3   
 
    46.5036  
 
 
 
 
 
 
 
 The lower calorific value in MJ/nm^3   
 
    42.514821  
 
 
 The word nm^3 means that cubic metre at normal temperature and pressure   
 
 
 
 
grepthis#Engineering_Thermodynamics_S._S._Khandare_2144/CH8/EX8.3/ex8_3.sce #
 
 
 
 
 
 
 
 
 
 
 
 
 
 
 
 
 Calorific value of the fuel in kJ/kg is   
 
    35044.196  
 
 
grepthis#Engineering_Thermodynamics_S._S._Khandare_2144/CH8/EX8.4/ex8_4.sce #
 
 
 
 
 
 
 
 
 
 
 
 
 
 
 
 
 
 
 
 
 
 
 Higher Calorific value of the fuel in J/gm or kJ/kg is :   
 
    40660.384  
 
 
 Lower Calorific value of the fuel in J/gm or kJ/kg is :   
 
    37583.464  
 
 
 
grepthis#Engineering_Thermodynamics_S._S._Khandare_2144/CH8/EX8.5/ex8_5.sce #
 
 
 
 
 
 
 
 
 
 
 
 
 
 
 
 
 
 
 
 
 Calorific value in kJ/m^3 is :    
 
    10335.556  
 
 
grepthis#Engineering_Thermodynamics_S._S._Khandare_2144/CH8/EX8.6/ex8_6.sce #
 
 
 
 
 
 
 
 
 
 
 
 The therotical mass of air in kg is   
 
    11.2897  
 
 
grepthis#Engineering_Thermodynamics_S._S._Khandare_2144/CH8/EX8.7/ex8_7.sce #
 
 
 
 
 
 
 
 
 
 
 
 
 
 The therotical mass of air in kg is   
 
    14.848  
 
 
 
 Volume of air required in m^3/litre is   
 
    9.146368  
 
 
grepthis#Engineering_Thermodynamics_S._S._Khandare_2144/CH8/EX8.8/ex8_8.sce #
 
 
 
 
 
 
 
 
 
 
 
 
 
 The mass of air in kg is   
 
    11.3535  
 
 
 
 
 
 
 Volume in m^3 is   
 
    1.3277572  
 
 
 
 
grepthis#Engineering_Thermodynamics_S._S._Khandare_2144/CH8/EX8.9/ex8_9.sce #
 
 
 
 
 
 
 
 
 
 
 
 
 Minimum quantity of air in kg is   
 
    13.594203  
 
 
grepthis#Engineering_Thermodynamics_S._S._Khandare_2144/CH8/EX8.10/ex8_10.sce #
 
 
 
 
 
 
 
 
 
 
 
 
 Actula mass of air required per kg of fuel for complete combustion in kg is :    
 
    16.896522  
 
 
 
 
 
 
 
 
 
 
 Percentage of CO2 by mass is :    
 
    18.367115  
 
 
 Percentage of O2 by mass is :    
 
    7.3901161  
 
 
 Percentage of N2 by mass is :    
 
    74.242769  
 
 
 
 
 
 
 
 
 
 
 
 
 Percentage of CO2 by volume is :    
 
    12.6499  
 
 
 Percentage of O2 by volume is :    
 
    6.9984217  
 
 
 Percentage of N2 by volume is :    
 
    80.351679  
 
 
 
grepthis#Engineering_Thermodynamics_S._S._Khandare_2144/CH8/EX8.11/ex8_11.sce #
 
 
 
 
 
 
 
 
 
 
 
 
 
 
 
 
 Actual mass of air required per kg of fuel for complete combustion in kg is :    
 
    17.506957  
 
 
 
 
 
 
 
 
 
 
 Percentage of CO2 by mass is :    
 
    17.460317  
 
 
 Percentage of O2 by mass is :    
 
    7.4829932  
 
 
 Percentage of N2 by mass is :    
 
    75.056689  
 
 
 
 
 
 
 
 
 
 
 
 
 Percentage of CO2 by volume is :    
 
    11.984103  
 
 
 Percentage of O2 by volume is :    
 
    7.0620605  
 
 
 Percentage of N2 by volume is :    
 
    80.953837  
 
 
 
 
 
 
 Heat available for steam generation in kJ is :    
 
    26577.6  
 
 
grepthis#Engineering_Thermodynamics_S._S._Khandare_2144/CH8/EX8.12/ex8_12.sce #
 
 
 
 
 
 
 
 
 
 
 
 
 
 
 
 
 
 
 
 
 
 
 
 
 
 
 Volumetric analysis of CO2 in % is :    
 
    11.472026  
 
 
 Volumetric analysis of CO in % is :    
 
    4.8595308  
 
 
 Volumetric analysis of N2 in % is :    
 
    83.668443  
 
 
grepthis#Engineering_Thermodynamics_S._S._Khandare_2144/CH8/EX8.13/ex8_13.sce #
 
 
 
 
 
 
 
 
 
 
 
 
 The amount of air supplied in kg per kg of fuel is :    
 
    15.671329  
 
 
 
 Weight of excess air in kg per kg of fuel is :    
 
    2.8411588  
 
 
grepthis#Engineering_Thermodynamics_S._S._Khandare_2144/CH8/EX8.14/ex8_14.sce #
 
 
 
 
 
 
 
 
 
 
 
 
 
 
 
 
 The fuel consists of  83.5 % carbon and 16.5 % hydrogen.   
 
 
 
grepthis#Engineering_Thermodynamics_S._S._Khandare_2144/CH8/EX8.15/ex8_15.sce #
 
 
 
 
 
 
 
 
 
 Quantity of air required for complete combustion of 1m^3 of gas in m^3 is:   
 
 
 
    4.6428571  
 
 
grepthis#Engineering_Thermodynamics_S._S._Khandare_2144/CH8/EX8.16/ex8_16.sce #
 
 
 
 
 
 
 
 
 
 
 
 
 
 The volume of air required for complete combustion in m^3 is   
 
    5.9028571  
 
 
 
 The actual quantity of air supplied in m^3 is :    
 
    7.6737143  
 
 
grepthis#Engineering_Thermodynamics_S._S._Khandare_2144/CH8/EX8.17/ex8_17.sce #
 
 
 
 
 
 
 
 
 
 
 
 
 
 
 
 
 
 
 
 The volume of air supplied  in m^3   
 
    1.3214286  
 
 
 
 
 
 
 
 
 
 
 % Carbon dioxide is :    
 
    14.311793  
 
 
 % Carbon dioxide is :    
 
    4.7280029  
 
 
 % Carbon dioxide is :    
 
    80.960204  
 
 
grepthis#Engineering_Thermodynamics_S._S._Khandare_2144/CH8/EX8.18/ex8_18.sce #
 
 
 
 
 
 
 
 
 
 
 
 
 
 
 
 
 
 
 
 
 Volume percentage of CO2 is :    
 
    11.190234  
 
 
 Volume percentage of O2 is :    
 
    7.8331638  
 
 
 Volume percentage of N2 is :    
 
    80.976602  
 
 
 
 
 
 
 
 
 
 
 
 
 Mass percentage of CO2 is :    
 
    7.4996652  
 
 
 Mass percentage of O2 is :    
 
    7.2184277  
 
 
 Mass percentage of N2 is :    
 
    85.281907  
 
 
 
grepthis#Engineering_Thermodynamics_S._S._Khandare_2144/CH8/EX8.19/ex8_19.sce #
 
 
 
 
 
 
 
 
 
 
 
 
 
 
 
 
 
 
 
 
 
 
 
 
 
 Air fuel ratio by volume is :    
 
    5.  
 
 
 
 
 
 
 The value of Ratio i.e.   
 
 
 (Volume of air + gas aspirted per hour)/Volume swept out by piston per hour   
 
    0.7333333  
 
 
grepthis#Engineering_Thermodynamics_S._S._Khandare_2144/CH8/EX8.20/ex8_20.sce #
 
 
 
 
 
 
 
 
 
 
 
 
 Method 1 : By Carbon balance :    
 
 
 
 
 
 
 
 
 
 
 The air fuel ratio by mass is :    
 
    11.844218  
 
 
 
 Percentage error is :    
 
    4.8160877  
 
 
 Method 2 : By Hydrogen balance :    
 
 
 
 
 
 
 
 The air fuel ratio by mass is :    
 
    11.488762  
 
 
 
 Percentage error is :    
 
    1.6704565  
 
 
 Method 3 : By Carbon-Hydrogen balance :    
 
 
 
 
 
 
 The air fuel ratio by mass is :    
 
    11.789343  
 
 
 
 Percentage error is :    
 
    4.3304699  
 
 
 
 
 
 
 
