Total number of .sce files(without counting DEPENDENCIES directory): 126

grepthis#_elelectronics_instrumentation_and_measurements_U._S._Shah_2195/CH2/EX2.3.1/ex_2_3_1.sce #
 
 
 
 
 
 
 
 
 
 
 
 
 
 
 
 
 
 
 
 
 precision of the 5th measurement,P(%) =    
 
    99.5  
 
 
grepthis#_elelectronics_instrumentation_and_measurements_U._S._Shah_2195/CH2/EX2.3.2.a/ex_2_3_2_a.sce #
 
 
 
 
 
 
 
 
 
 absolute error,e(V) =    
 
    1.  
 
 
grepthis#_elelectronics_instrumentation_and_measurements_U._S._Shah_2195/CH2/EX2.3.2.b/ex_2_3_2_b.sce #
 
 
 
 
 
 
 
 
 
 
 error(%) =    
 
    1.25  
 
 
grepthis#_elelectronics_instrumentation_and_measurements_U._S._Shah_2195/CH2/EX2.3.2.c/ex_2_3_2_c.sce #
 
 
 
 
 
 
 
 
 
 
 
 
 relative accuracy,A =    
 
    0.9875  
 
 
grepthis#_elelectronics_instrumentation_and_measurements_U._S._Shah_2195/CH2/EX2.3.2.d/ex_2_3_2_d.sce #
 
 
 
 
 
 
 
 
 
 
 
 
 accuracy(%) =    
 
    98.75  
 
 
grepthis#_elelectronics_instrumentation_and_measurements_U._S._Shah_2195/CH2/EX2.3.2.e/ex_2_3_2_e.sce #
 
 
 
 
 
 
 
 
 
 
 
 
 
 
 % error(%) =    
 
    1.  
 
 
grepthis#_elelectronics_instrumentation_and_measurements_U._S._Shah_2195/CH2/EX2.3.3/ex_2_3_3.sce #
 
 
 
 
 
 
 
 
 
 
 
 maximum error(V) = ±   
 
    0.25  
 
 
grepthis#_elelectronics_instrumentation_and_measurements_U._S._Shah_2195/CH2/EX2.3.4/ex_2_3_4.sce #
 
 
 
 
 
 
 
 
 
 sensitivity,S(mm/ohm) =    
 
    0.5  
 
 
 
 deflection factor,D(ohm/mm) =    
 
    2.  
 
 
grepthis#_elelectronics_instrumentation_and_measurements_U._S._Shah_2195/CH2/EX2.3.5/ex_2_3_5.sce #
 
 
 
 
 
 
 
 
 
 
 resolution,R(V) =    
 
    0.2  
 
 
grepthis#_elelectronics_instrumentation_and_measurements_U._S._Shah_2195/CH2/EX2.3.6/ex_2_3_6.sce #
 
 
 
 
 
 
 
 
 
 resolution,R(mV) =    
 
    1.  
 
 
grepthis#_elelectronics_instrumentation_and_measurements_U._S._Shah_2195/CH2/EX2.6.1/ex_2_6_1.sce #
 
 
 
 
 
 
 
 
 
 
 
 
 
 
 
 For series connection, magnitude is 123 ohm & limiting error is ±5.16 ohm.   
 
 
 
 Percent relative error(±%) :    
 
    4.2  
 
 
grepthis#_elelectronics_instrumentation_and_measurements_U._S._Shah_2195/CH2/EX2.6.2/ex_2_6_2.sce #
 
 
 
 
 
 
 
 
 
 
 
 
 
 
 
 magnitude of limiting error is in ohms (±)   
 
    3.6486486  
 
 
 percentage relative error is (%)    
 
    15.  
 
 
 
grepthis#_elelectronics_instrumentation_and_measurements_U._S._Shah_2195/CH2/EX2.6.3/ex_2_6_3.sce #
 
 
 
 
 
 
 
 
 
 
 
 
 
 
 
 
 percentage limiting error of the power calcultaed (±)   
 
    4.5  
 
 
 
grepthis#_elelectronics_instrumentation_and_measurements_U._S._Shah_2195/CH2/EX2.6.4/ex_2_6_4.sce #
 
 
 
 
 
 
 
 
 
 
 
 
 
 
 percentage limiting error in the value of power dissipation in ±   
 
    2.417  
 
 
grepthis#_elelectronics_instrumentation_and_measurements_U._S._Shah_2195/CH2/EX2.6.5/ex_2_6_5.sce #
 
 
 
 
 
 
 
 
 
 
 
 
 
 
 
 magnitude of unknown resistance in kilo ohms   
 
    10.575  
 
 
 relative limiting error in ohms is (±)   
 
    116.325  
 
 
 guranteed value of resistance is between 10458.675 ohms to 10691.325 ohms    
 
 
grepthis#_elelectronics_instrumentation_and_measurements_U._S._Shah_2195/CH2/EX2.6.6/ex_2_6_6.sce #
 
 
 
 
 
 
 
 
 
 
 absolute error,e(V) =    
 
    1.  
 
 
 
 % error (%) =    
 
    1.25  
 
 
 
 relative accuracy,A =    
 
    0.9875  
 
 
 
 % accuracy (%)=    
 
    98.75  
 
 
 
 % error expressed as percentage of full scale reading,(%) =    
 
    1.  
 
 
grepthis#_elelectronics_instrumentation_and_measurements_U._S._Shah_2195/CH2/EX2.6.7/ex_2_6_7.sce #
 
 
 
 
 
 
 
 
 
 
 
 
 
 limiting error,e(%) =    
 
    6.6667  
 
 
grepthis#_elelectronics_instrumentation_and_measurements_U._S._Shah_2195/CH2/EX2.6.8/ex_2_6_8.sce #
 
 
 
 
 
 
 
 
 
 
 
 
 limiting value of current,At1(A) =    
 
    2.65  
 
 
 limiting value of current,At2(A) =    
 
    2.35  
 
 
 
 percentage limiting error,e(%) =    
 
    6.  
 
 
grepthis#_elelectronics_instrumentation_and_measurements_U._S._Shah_2195/CH2/EX2.7.1.b/ex_2_7_1_b.sce #
 
 
 
 
 
 
 deviation in 49.7 is   
 
  - 0.16  
 
 deviation in 50.1 is   
 
    0.24  
 
 deviation in 50.2 is   
 
    0.34  
 
 deviation in 49.6 is   
 
  - 0.26  
 
 deviation in 49.7 is   
 
  - 0.16  
 
 
 
grepthis#_elelectronics_instrumentation_and_measurements_U._S._Shah_2195/CH2/EX2.7.1.c/ex_2_7_1_c.sce #
 
 
 
 
 
 
 
 
 
 
 
 algebric sum of deviation is   
 
   0.  
 
 
grepthis#_elelectronics_instrumentation_and_measurements_U._S._Shah_2195/CH2/EX2.7.2.b/ex_2_7_2_b.sce #
 
 
 
 
 
 
 
 deviation in 101.2 is   
 
  - 0.1  
 
 deviation in 101.4 is   
 
    0.1  
 
 deviation in 101.7 is   
 
    0.4  
 
 deviation in 101.3 is   
 
    0.  
 
 deviation in 101.3 is   
 
    0.  
 
 deviation in 101.2 is   
 
  - 0.1  
 
 deviation in 101 is   
 
  - 0.3  
 
 deviation in 101.3 is   
 
    0.  
 
 deviation in 101.5 is   
 
    0.2  
 
 deviation in 101.1 is   
 
  - 0.2  
 
 
 
 
grepthis#_elelectronics_instrumentation_and_measurements_U._S._Shah_2195/CH2/EX2.7.3.a/ex_2_7_3_a.sce #
 
 
 
 
 
 
 
 
 
 
 
 
 
 
 
 
 
 Arithmetic mean,AM(nF) =    
 
    147.63  
 
 
grepthis#_elelectronics_instrumentation_and_measurements_U._S._Shah_2195/CH2/EX2.7.3.b/ex_2_7_3_b.sce #
 
 
 
 
 
 
 
 
 
 
 
 
 
 
 
 
 
 
 
 
 
 
 
 
 
 
 
 
 
 Average deviation(nF) =    
 
    0.289  
 
 
 
grepthis#_elelectronics_instrumentation_and_measurements_U._S._Shah_2195/CH2/EX2.7.3.c/ex_2_7_3_c.sce #
 
 
 
 
 
 
 
 
 
 
 
 
 
 
 
 
 
 
 
 
 
 
 
 
 
 
 
 
 
 Standard deviation(nF) =    
 
    0.3056868  
 
 
grepthis#_elelectronics_instrumentation_and_measurements_U._S._Shah_2195/CH2/EX2.7.3.d/ex_2_7_3_d.sce #
 
 
 
 
 
 
 
 
 
 
 
 
 
 
 
 
 
 
 
 
 
 
 
 
 
 
 
 
 
 
 
 probable error of one reading(nF) =    
 
    0.2061858  
 
 
 probable error of mean(nF) =    
 
    0.0687286  
 
 
grepthis#_elelectronics_instrumentation_and_measurements_U._S._Shah_2195/CH2/EX2.8.2/ex_2_8_2.sce #
 
 
 
 
 
 
 
 
 
 
 
 
 
 
 
 
 
 arithematic mean is in volts   
 
    12.  
 
 
 mean deviation is   
 
    0.75  
 
 
 standard deviation is   
 
    1.  
 
 
grepthis#_elelectronics_instrumentation_and_measurements_U._S._Shah_2195/CH2/EX2.8.4.a/ex_2_8_4_a.sce #
 
 
 
 
 
 
 
 
 
 apparent resistor,R_app(kilo-ohm) =    
 
    20.  
 
 
grepthis#_elelectronics_instrumentation_and_measurements_U._S._Shah_2195/CH2/EX2.8.4.b/ex_2_8_4_b.sce #
 
 
 
 
 
 
 
 
 
 
 
 
 
 actual resistance in kilo ohms is   
 
    23.076923  
 
 
grepthis#_elelectronics_instrumentation_and_measurements_U._S._Shah_2195/CH2/EX2.8.4.c/ex_2_8_4_c.sce #
 
 
 
 
 
 
 
 
 
 
 
 
 
 
 
 percentage error due to loading effect of voltmeter is   
 
    13.3  
 
 
grepthis#_elelectronics_instrumentation_and_measurements_U._S._Shah_2195/CH2/EX2.8.5/ex_2_8_5.sce #
 
 
 
 
 
 
 
 
 
 
 del_A1 (V)=±    
 
    15.  
 
 
 
 limiting error,e(%) =    
 
    3.75  
 
 
grepthis#_elelectronics_instrumentation_and_measurements_U._S._Shah_2195/CH3/EX3.10.1/ex_3_10_1.sce #
 
 
 
 
 
 
 
 
 
 
 
 
 
 
  the multiplier,Rs3(ohm) =    
 
    100.  
 
 
 
 
 
 the multiplier,Rs2(ohm) =    
 
    1800.  
 
 
 
 
 the multiplier,Rs1(ohm) =    
 
    2000.  
 
 
grepthis#_elelectronics_instrumentation_and_measurements_U._S._Shah_2195/CH3/EX3.11.1/ex_3_11_1.sce #
 
 
 
 
 
 
 
 
 
 
 
 
 multiplier,Rs(k-ohm) =    
 
    333.13  
 
 
grepthis#_elelectronics_instrumentation_and_measurements_U._S._Shah_2195/CH3/EX3.11.2/ex_3_11_2.sce #
 
 
 
 
 
 
 
 
 
 
 
 
 
 
 
 
 
 
 
 
 voltmeter reading when sensivity is 12000 ohms /V in volts   
 
    48.  
 
 
 voltmeter reading when sensivity is 15000 ohms /V in volts, this voltmeter will measure the correct value   
 
    48.39  
 
 
grepthis#_elelectronics_instrumentation_and_measurements_U._S._Shah_2195/CH3/EX3.15.1.a/ex_3_15_1_a.sce #
 
 
 
 
 
 
 
 
 
 
 voltage in volts across 5 kilo ohms resistance   
 
    5.  
 
 
grepthis#_elelectronics_instrumentation_and_measurements_U._S._Shah_2195/CH3/EX3.15.1.b/ex_3_15_1_b.sce #
 
 
 
 
 
 
 
 
 
 
 
 
 
 
 
 
  voltmeter reading when sensivity is 1 kilo ohms /V in volts   
 
    3.53  
 
 
grepthis#_elelectronics_instrumentation_and_measurements_U._S._Shah_2195/CH3/EX3.15.1.c/ex_3_15_1_c.sce #
 
 
 
 
 
 
 
 
 
 
 
 
 
 
 
 
  voltmeter reading when sensivity is 1 kilo ohms /V in volts   
 
    4.9  
 
 
grepthis#_elelectronics_instrumentation_and_measurements_U._S._Shah_2195/CH3/EX3.15.1.d/ex_3_15_1_d.sce #
 
 
 
 
 
 
 
 
 
 
 
 
 
 
 
 
 
 
 
 
 
 
 
 
 voltmeter 1 error in percentage   
 
    29.4  
 
 
 voltmeter 2 error in percentage   
 
    2.04  
 
 
 
grepthis#_elelectronics_instrumentation_and_measurements_U._S._Shah_2195/CH3/EX3.15.2/ex_3_15_2.sce #
 
 
 
 
 
 
 
 
 
 
 shunt resistance,Rsh(ohm) =    
 
    1.010101  
 
 
grepthis#_elelectronics_instrumentation_and_measurements_U._S._Shah_2195/CH3/EX3.15.3/ex_3_15_3.sce #
 
 
 
 
 
 
 
 
 
 
 
 shunt resistance,Rsh(kilo-ohm) =    
 
    1.010101  
 
 
grepthis#_elelectronics_instrumentation_and_measurements_U._S._Shah_2195/CH3/EX3.15.4/ex_3_15_4.sce #
 
 
 
 
 
 
 
 
 
 
 the shunt resistance,Rsh(ohm) =    
 
    2.0408163  
 
 
grepthis#_elelectronics_instrumentation_and_measurements_U._S._Shah_2195/CH3/EX3.15.5/ex_3_15_5.sce #
 
 
 
 
 
 
 
 
 
 
 shunt resistance,Rsh(kilo-ohm) =    
 
    1.010101  
 
 
grepthis#_elelectronics_instrumentation_and_measurements_U._S._Shah_2195/CH3/EX3.2.1/ex_3_2_1.sce #
 
 
 
 
 
 
 
 
 
 
 
 
 
 torque,Td(Nm) =    
 
    7.5D-07  
 
 
grepthis#_elelectronics_instrumentation_and_measurements_U._S._Shah_2195/CH3/EX3.2.2/ex_3_2_2.sce #
 
 
 
 
 
 
 
 
 
 
 
 
 
 number of turns,N(turns) =    
 
    136.  
 
 
grepthis#_elelectronics_instrumentation_and_measurements_U._S._Shah_2195/CH3/EX3.2.3/ex_3_2_3.sce #
 
 
 
 
 
 
 
 
 
 
 
 
 
 
 
 resistance ,R(k-ohm) =    
 
    50.  
 
 
 
grepthis#_elelectronics_instrumentation_and_measurements_U._S._Shah_2195/CH3/EX3.2.4/ex_3_2_4.sce #
 
 
 
 
 
 
 
 
 
 
 
 
 
 
 
 
 
 
 
 the flux density,B(Wb/m^2) =    
 
    0.3  
 
 
 
 
 
 
 diameter,D(m) =    
 
    10.1  
 
 
grepthis#_elelectronics_instrumentation_and_measurements_U._S._Shah_2195/CH3/EX3.4.1/ex_3_4_1.sce #
 
 
 
 
 
 
 
 
 
 shunt resistance in ohms is   
 
    2.0408163  
 
 
grepthis#_elelectronics_instrumentation_and_measurements_U._S._Shah_2195/CH3/EX3.4.2/ex_3_4_2.sce #
 
 
 
 
 
 
 
 
 
 
 multiplying factor,m =    
 
    6.  
 
 
 
 
 the shunt resistor,Rsh1(ohm) =    
 
    38.46  
 
 
grepthis#_elelectronics_instrumentation_and_measurements_U._S._Shah_2195/CH3/EX3.5.1/ex_3_5_1.sce #
 
 
 
 
 
 
 
 
 
 
 
 
 
 the shunt resistor,Rsh1(ohm) =    
 
    5.26  
 
 
 
 
 
 
 the shunt resistor,Rsh2(ohm) =    
 
    1.01  
 
 
 
 
 
 
 the shunt resistor,Rsh3(ohm) =    
 
    0.50  
 
 
grepthis#_elelectronics_instrumentation_and_measurements_U._S._Shah_2195/CH3/EX3.6.1/ex_3_6_1.sce #
 
 
 
 
 
 
 
 
 
 
 
 
 
 
 
 
 
 
 resistance (R1) in ohms   
 
    0.02167  
 
 
 resistance (R2) in ohms   
 
    0.00333  
 
 
 resistance (R3) in ohms   
 
    0.00667  
 
 
grepthis#_elelectronics_instrumentation_and_measurements_U._S._Shah_2195/CH3/EX3.9.1/ex_3_9_1.sce #
 
 
 
 
 
 
 
 
 
 
 the multiplier,Rs(k-ohm) =    
 
    399.8  
 
 
grepthis#_elelectronics_instrumentation_and_measurements_U._S._Shah_2195/CH3/EX3.9.2/ex_3_9_2.sce #
 
 
 
 
 
 
 
 
 
 
 
 full scale deflection current,I_fsd(micro-A) =    
 
    49.9  
 
 
grepthis#_elelectronics_instrumentation_and_measurements_U._S._Shah_2195/CH4/EX4.12.1/ex_4_12_1.sce #
 
 
 
 
 
 
 
 
 
 
 
 
 
 the resistance,Rs(kilo-ohm) =    
 
    44.5  
 
 
grepthis#_elelectronics_instrumentation_and_measurements_U._S._Shah_2195/CH4/EX4.14.1/ex_4_14_1.sce #
 
 
 
 
 
 
 
 
 form factor is   
 
    1.  
 
 
 percentage error is   
 
    11.  
 
 
grepthis#_elelectronics_instrumentation_and_measurements_U._S._Shah_2195/CH4/EX4.14.2.a/ex_4_14_2_a.sce #
 
 
 
 
 
 
 
Vrms=200*(sqrt((1/T1)*(intsplin(T,T^2))));//in volts
                                      !       
at line       8 of exec file called by :    
asurements_U._S._Shah_2195/CH4/EX4.14.2.a/ex_4_14_2_a.sce',-1
 
Warning: Syntax "vector ^ scalar" is obsolete. It will be removed in Scilab 6.0.
  Use "vector .^ scalar" instead.

 
 
 
 
 form factor is   
 
    1.155  
 
 
grepthis#_elelectronics_instrumentation_and_measurements_U._S._Shah_2195/CH4/EX4.14.2.b/ex_4_14_2_b.sce #
 
 
 
 
 
 
 
Vrms=200*(sqrt((1/T1)*(intsplin(T,T^2))));//in volts
                                      !       
at line       8 of exec file called by :    
asurements_U._S._Shah_2195/CH4/EX4.14.2.b/ex_4_14_2_b.sce',-1
 
Warning: Syntax "vector ^ scalar" is obsolete. It will be removed in Scilab 6.0.
  Use "vector .^ scalar" instead.

 
 
 
 
 
 
 percentage error in meter indication is   
 
  - 3.871  
 
 
grepthis#_elelectronics_instrumentation_and_measurements_U._S._Shah_2195/CH4/EX4.19.1/ex_4_19_1.sce #
 
 
 
 
 
 
 V1  =
 
    1.5  
 
 
 
 
 
 
 current,I(mA) =    
 
    3.7399489  
 
 
grepthis#_elelectronics_instrumentation_and_measurements_U._S._Shah_2195/CH4/EX4.19.2/ex_4_19_2.sce #
 
 
 
 
 
 
 V1  =
 
    1.  
 
 
 
 
 
 
 current in mA for voltage 0.2 volts   
 
    0.4986599  
 
 current in mA for voltage 0.4 volts   
 
    0.9973197  
 
 current in mA for voltage 0.6 volts   
 
    1.4959796  
 
 current in mA for voltage 0.8 volts   
 
    1.9946394  
 
 current in mA for voltage 1 volts   
 
    2.4932993  
 
 
 
grepthis#_elelectronics_instrumentation_and_measurements_U._S._Shah_2195/CH4/EX4.19.3/ex_4_19_3.sce #
 
 
 
 
 
 
 
 
 
 
 
 
 
 
 
 resistance (R4) in kilo ohms is   
 
    87.38  
 
 
 resistance (R3) in kilo ohms is   
 
    2.621  
 
 
 resistance (R2) in kilo ohms is   
 
    210.  
 
 
 resistance (R1) in mega ohms is   
 
    8.7  
 
 
grepthis#_elelectronics_instrumentation_and_measurements_U._S._Shah_2195/CH4/EX4.19.4/ex_4_19_4.sce #
 
 
 
 
 
 
 
 
 
 
 
 V0  =
 
    1.  
 
 R0  =
 
   384.  
 
 
 
 curent,I(mA) =    
 
    2.3  
 
 
grepthis#_elelectronics_instrumentation_and_measurements_U._S._Shah_2195/CH4/EX4.19.5/ex_4_19_5.sce #
 
 
 
 
 
 
 
 
 
 
 
 
 V0  =
 
    0.9986684  
 
 R0  =
 
    399.46738  
 
 
 
 resistance ,R_cal(ohm) =    
 
    216.31158  
 
 
 
grepthis#_elelectronics_instrumentation_and_measurements_U._S._Shah_2195/CH4/EX4.2.1/ex_4_2_1.sce #
 
 
 
 
 
 
 
 
 
 peak amplitude,Ep(V) =    
 
    325.27  
 
 
grepthis#_elelectronics_instrumentation_and_measurements_U._S._Shah_2195/CH4/EX4.26.3/ex_4_26_3.sce #
 
 
 
 
 
 
 
 
 
 
 
 
 
 
 
 shunt resistance in ohms to measure current upto 1 A   
 
    0.05  
 
 
 shunt resistance in kilo to measure voltage upto 5 V   
 
    1.  
 
 
grepthis#_elelectronics_instrumentation_and_measurements_U._S._Shah_2195/CH5/EX5.10.1/ex_5_10_1.sce #
 
 
 
 
 
 
 n  =
 
    4.  
 
 
 
 resolution,R =    
 
    0.0001  
 
 
grepthis#_elelectronics_instrumentation_and_measurements_U._S._Shah_2195/CH5/EX5.10.2/ex_5_10_2.sce #
 
 
 
 
 
 
 n  =
 
    5.  
 
 
 
 resolution,R =    
 
    0.00001  
 
 
grepthis#_elelectronics_instrumentation_and_measurements_U._S._Shah_2195/CH5/EX5.10.3/ex_5_10_3.sce #
 
 
 
 
 
 
 n  =
 
    4.  
 
 
 
 resolution,R =    
 
    0.0001  
 
 
grepthis#_elelectronics_instrumentation_and_measurements_U._S._Shah_2195/CH5/EX5.10.4/ex_5_10_4.sce #
 
 
 
 
 
 
 
 
 
 
 
 
 Output vltage after 1 sec in Volt :    
 
    10.  
 
 
 
 
 Time interval t2 in sec :    
 
    0.2  
 
 
grepthis#_elelectronics_instrumentation_and_measurements_U._S._Shah_2195/CH6/EX6.17.1/ex_6_17_1.sce #
 
 
 
 
 
 
 
 
 the desired gate time,D(sec) =    
 
    10.  
 
 
grepthis#_elelectronics_instrumentation_and_measurements_U._S._Shah_2195/CH6/EX6.17.2/ex_6_17_2.sce #
 
 
 
 
 
 
 
 
 
 percentage error that display may indicate 4 micro seconds or 6 micro seconds   
 
    20.  
 
 
 percentage error after 10 times improvement   
 
    2.  
 
 
grepthis#_elelectronics_instrumentation_and_measurements_U._S._Shah_2195/CH6/EX6.17.3/ex_6_17_3.sce #
 
 
 
 
 
 
 
 
 
 
 
 
 
 accuracy in ms (±)   
 
    1.25  
 
 
grepthis#_elelectronics_instrumentation_and_measurements_U._S._Shah_2195/CH7/EX7.5.10/ex_7_5_10.sce #
 
 
 
 
 
 
 
 
 
 
 
 unknown resistance in ohms is   
 
    8434.783  
 
 
 
grepthis#_elelectronics_instrumentation_and_measurements_U._S._Shah_2195/CH7/EX7.5.11/ex_7_5_11.sce #
 
 
 
 
 
 
 
 
 
 
 unknown resistance in ohms is   
 
    390.  
 
 
grepthis#_elelectronics_instrumentation_and_measurements_U._S._Shah_2195/CH7/EX7.5.12/ex_7_5_12.sce #
 
 
 
 
 
 
 
 
 
 
 
 
 
 
 
 
 
 voltmeter reading in volts   
 
    194.81  
 
 
 ammeter rading in amperes   
 
    0.5190  
 
 
grepthis#_elelectronics_instrumentation_and_measurements_U._S._Shah_2195/CH7/EX7.5.1/ex_7_5_1.sce #
 
 
 
 
 
 
 
 
 
 
 unknown resistance,Rx(k-ohm) =    
 
    14.  
 
 
grepthis#_elelectronics_instrumentation_and_measurements_U._S._Shah_2195/CH7/EX7.5.2/ex_7_5_2.sce #
 
 
 
 
 
 
 
 
 
 
 
 
 
 
 
 
 
 current,Ig(micro-A) =    
 
    140.14599  
 
 
 
grepthis#_elelectronics_instrumentation_and_measurements_U._S._Shah_2195/CH7/EX7.5.3/ex_7_5_3.sce #
 
 
 
 
 
 
 
 
 
 
 
 
 
 
 
 
 
 
 
 
 
 
 
 deflection in mm   
 
    2.6  
 
 
 
grepthis#_elelectronics_instrumentation_and_measurements_U._S._Shah_2195/CH7/EX7.5.4/ex_7_5_4.sce #
 
 
 
 
 
 
 
 
 
 
 
 
 
 
 current,Ig(micro-A) =    
 
    46.154  
 
 
grepthis#_elelectronics_instrumentation_and_measurements_U._S._Shah_2195/CH7/EX7.5.5/ex_7_5_5.sce #
 
 
 
 
 
 
 
 
 
 
 supply voltage,E(volts) =    
 
    4.8  
 
 
grepthis#_elelectronics_instrumentation_and_measurements_U._S._Shah_2195/CH7/EX7.5.6/ex_7_5_6.sce #
 
 
 
 
 
 
 
 
 
 
 
 
 
 the unknown resistance,X(micro-ohm) =    
 
    50.086051  
 
 
grepthis#_elelectronics_instrumentation_and_measurements_U._S._Shah_2195/CH7/EX7.5.7/ex_7_5_7.sce #
 
 
 
 
 
 
 
 
 
 
 
 
 
 
 
 
 
 
 
 deflection in mm   
 
    153.  
 
 
 
grepthis#_elelectronics_instrumentation_and_measurements_U._S._Shah_2195/CH7/EX7.5.8/ex_7_5_8.sce #
 
 
 
 
 
 
 
 
 
 
 
 
 
 
 
 
 limiting value of unknown resistance is 230.115 ohms to 229.885 ohms   
 
 
grepthis#_elelectronics_instrumentation_and_measurements_U._S._Shah_2195/CH7/EX7.5.9/ex_7_5_9.sce #
 
 
 
 
 
 
 
 
 
 
 
 resistance of cable in mega ohms is   
 
    0.364  
 
 
grepthis#_elelectronics_instrumentation_and_measurements_U._S._Shah_2195/CH8/EX8.5.1/ex_8_5_1.sce #
 
 
 
 
 
 
 
 
 
 
 
 
 
 percentage error is   
 
    0.2  
 
 
grepthis#_elelectronics_instrumentation_and_measurements_U._S._Shah_2195/CH8/EX8.5.2/ex_8_5_2.sce #
 
 
 
 
 
 
 
 
 
 
 
 
 
 self capacitance in pF   
 
    20.  
 
 
 inductance in micro Henry   
 
    13.19  
 
 
grepthis#_elelectronics_instrumentation_and_measurements_U._S._Shah_2195/CH8/EX8.6.10/ex_8_6_10.sce #
 
 
 
 
 
 
 
 
 
 
 
 
 
 
 
 percentage error is   
 
    0.2  
 
 
grepthis#_elelectronics_instrumentation_and_measurements_U._S._Shah_2195/CH8/EX8.6.11/ex_8_6_11.sce #
 
 
 
 
 
 
 
 
 
 
 
 self capacitance,Cd(pico-farad) =    
 
    26.666667  
 
 
grepthis#_elelectronics_instrumentation_and_measurements_U._S._Shah_2195/CH8/EX8.6.12/ex_8_6_12.sce #
 
 
 
 
 
 
 
 
 
 
 
 
 
 
 self capacitance,Cd(pico-farad) =    
 
    14.29  
 
 
grepthis#_elelectronics_instrumentation_and_measurements_U._S._Shah_2195/CH8/EX8.6.13/ex_8_6_13.sce #
 
 
 
 
 
 
 
 
 
 
 
 
 
 self capacitance,Cd(pico-farad) =    
 
    24.  
 
 
grepthis#_elelectronics_instrumentation_and_measurements_U._S._Shah_2195/CH8/EX8.6.1/ex_8_6_1.sce #
 
 
 
 
 
 
 
 
 
 
 
 
 
 unknown resistance,Rx(k-ohm) =    
 
    1.35  
 
 
 
 unknown inductanceLx(H) =    
 
    7.56  
 
 
grepthis#_elelectronics_instrumentation_and_measurements_U._S._Shah_2195/CH8/EX8.6.2/ex_8_6_2.sce #
 
 
 
 
 
 
 
 
 
 
 
 
 unknown resistance,Rx(k-ohm) =    
 
    2.068  
 
 
 
 unknown capacitance,Cx(micro-farad) =    
 
    0.25  
 
 
 
 
 dissipation factor,D =    
 
    3.2484068  
 
 
 
grepthis#_elelectronics_instrumentation_and_measurements_U._S._Shah_2195/CH8/EX8.6.3/ex_8_6_3.sce #
 
 
 
 
 
 
 
 
 
 
 
 unknown resistance in kilo ohms   
 
    500.  
 
 
 unknown capacitance in micro farads   
 
    20.  
 
 
grepthis#_elelectronics_instrumentation_and_measurements_U._S._Shah_2195/CH8/EX8.6.4/ex_8_6_4.sce #
 
 
 
 
 
 
 
 
 
 
 
 resistance,Rx(ohm) =    
 
    166.66667  
 
 
 
 inductance,Lx(henry) =    
 
    0.1  
 
 
grepthis#_elelectronics_instrumentation_and_measurements_U._S._Shah_2195/CH8/EX8.6.5/ex_8_6_5.sce #
 
 
 
 
 
 
 
 
 
 
 
 L3  =
 
    0.27  
 
 
 
 unknown resistance in ohms   
 
   4865.  
 
 
 inductance in henry    
 
    0.27  
 
 
 
grepthis#_elelectronics_instrumentation_and_measurements_U._S._Shah_2195/CH8/EX8.6.6/ex_8_6_6.sce #
 
 
 
 
 
 
 
 
 
 
 
 
 
 unknown resistance,Rx(k-ohm) =    
 
    120.  
 
 
 
 unknown capacitance,Cx(micro-farad) =    
 
    0.003  
 
 
 
 
 dissipation factor,D =    
 
    0.002262  
 
 
grepthis#_elelectronics_instrumentation_and_measurements_U._S._Shah_2195/CH8/EX8.6.7/ex_8_6_7.sce #
 
 
 
 
 
 
 
 
 
 
 
 
 resistance,R1(ohm) =    
 
    1.4D+06  
 
 
 
 capacitance,C1(micro-farad) =    
 
    135.  
 
 
 
grepthis#_elelectronics_instrumentation_and_measurements_U._S._Shah_2195/CH8/EX8.6.8/ex_8_6_8.sce #
 
 
 
 
 
 
 
 
 
 
 
 
 
 resistance,R3(kilo-ohm) =    
 
    12.400193  
 
 
 
 capacitance,C3(micro-farad) =    
 
    19.50002  
 
 
 
grepthis#_elelectronics_instrumentation_and_measurements_U._S._Shah_2195/CH8/EX8.6.9/ex_8_6_9.sce #
 
 
 
 
 
 
 
 
 
 
 
 
 capacitance,Cd(pico-farad) =    
 
    16.67  
 
 
 
 inductance,L(micro-henry) =    
 
    14.07  
 
 
grepthis#_elelectronics_instrumentation_and_measurements_U._S._Shah_2195/CH8/EX8.7.5/ex_8_7_5.sce #
 
 
 
 
 
 
 
 
 
 
 
 
 
 unknown resistance,Rx(ohm) =    
 
    26.82  
 
 
 unknown inductanceLx(mH) =    
 
    52.6  
 
 
grepthis#_elelectronics_instrumentation_and_measurements_U._S._Shah_2195/CH9/EX9.14.1/ex_9_14_1.sce #
 
 
 
 
 
 
 
 
 
 
 peak to peak voltage in volts   
 
    6.8  
 
 
 rms voltage in volts   
 
    2.4042  
 
 
grepthis#_elelectronics_instrumentation_and_measurements_U._S._Shah_2195/CH9/EX9.14.2/ex_9_14_2.sce #
 
 
 
 
 
 
 
 
 
 time interval in micro seconds is   
 
    4.  
 
 
grepthis#_elelectronics_instrumentation_and_measurements_U._S._Shah_2195/CH9/EX9.14.3/ex_9_14_3.sce #
 
 
 
 
 
 
 
 
 
 
 period in micro seconds   
 
    24.  
 
 
 frequency in kHz   
 
    41.67  
 
 
grepthis#_elelectronics_instrumentation_and_measurements_U._S._Shah_2195/CH9/EX9.14.4/ex_9_14_4.sce #
 
 
 
 
 
 
 
 
 
 
 
 
 
 peak to peak voltage in volts   
 
    1.5  
 
 
 period in micro seconds   
 
    8.  
 
 
 frequency in kHz   
 
    125.  
 
 
 
 
grepthis#_elelectronics_instrumentation_and_measurements_U._S._Shah_2195/CH9/EX9.17.1/ex_9_17_1.sce #
 
 
 
 
 
 
 
 
 
 
 
 
 bandwidth,BW(KHz) =   
 
    38.89  
 
 
grepthis#_elelectronics_instrumentation_and_measurements_U._S._Shah_2195/CH9/EX9.17.2/ex_9_17_2.sce #
 
 
 
 
 
 
 
 
 rise time,tr(ns) =    
 
    35.  
 
 
grepthis#_elelectronics_instrumentation_and_measurements_U._S._Shah_2195/CH9/EX9.17.3/ex_9_17_3.sce #
 
 
 
 
 
 
 
 
 
 actual rise time,Trs(n-sec) =    
 
    8.3066239  
 
 
grepthis#_elelectronics_instrumentation_and_measurements_U._S._Shah_2195/CH9/EX9.17.4/ex_9_17_4.sce #
 
 
 
 
 
 
 
 
 
 actual rise time,Trs(n-sec) =    
 
    11.18034  
 
 
grepthis#_elelectronics_instrumentation_and_measurements_U._S._Shah_2195/CH9/EX9.17.5/ex_9_17_5.sce #
 
 
 
 
 
 
 
 
 
 
 
 
 actual rise time,Trs(n-sec) =    
 
    24.366986  
 
 
grepthis#_elelectronics_instrumentation_and_measurements_U._S._Shah_2195/CH9/EX9.17.6/ex_9_17_6.sce #
 
 
 
 
 
 
 
 
 
 capacitance,C1(pico-farad) =    
 
    3.8888889  
 
 
grepthis#_elelectronics_instrumentation_and_measurements_U._S._Shah_2195/CH9/EX9.17.7/ex_9_17_7.sce #
 
 
 
 
 
 
 
 
 
 
 capacitance in pF   
 
    18.  
 
 
grepthis#_elelectronics_instrumentation_and_measurements_U._S._Shah_2195/CH9/EX9.17.8/ex_9_17_8.sce #
 
 
 
 
 
 
 
 
 
 
 minimum time/div in ns/div   
 
    5.  
 
 
 minimum time/div setting in ns/div   
 
    10.  
 
 
grepthis#_elelectronics_instrumentation_and_measurements_U._S._Shah_2195/CH9/EX9.17.9/ex_9_17_9.sce #
 
 
 
 
 
 
 
 
 
 
 
 
 rise time,Tro(n-sec) =    
 
    22.  
 
 
grepthis#_elelectronics_instrumentation_and_measurements_U._S._Shah_2195/CH10/EX10.11.1/ex_10_11_1.sce #
 
 
 
 
 
 
 
 
 
 
 
 
 sampling frequency of 1 kHz signal in samples per second   
 
    100.  
 
 
 
 
 sampling frequency of 100 kHz signal in samples per second   
 
   10000.  
 
 
grepthis#_elelectronics_instrumentation_and_measurements_U._S._Shah_2195/CH10/EX10.13.1/ex_10_13_1.sce #
 
 
 
 
 
 
 
 
 
 
 sampling rate in samples per second   
 
    100.  
 
 
grepthis#_elelectronics_instrumentation_and_measurements_U._S._Shah_2195/CH11/EX11.3.1/ex_11_3_1.sce #
 
 
 
 
 
 
 
 
 
 step 1   
 
 
 error of reading in %   
 
  - 5.  
 
 
 
 error of full scale in %   
 
  - 0.5  
 
 
 step 2   
 
 
 
 error of reading in %   
 
    3.5714286  
 
 
 
 error of full scale in %   
 
    2.5  
 
 
grepthis#_elelectronics_instrumentation_and_measurements_U._S._Shah_2195/CH12/EX12.5.1/ex_12_5_1.sce #
 
 
 
 
 
 
 
 
 
 
 chart speed(mm/s) =    
 
    250.  
 
 
