Total number of .sce files(without counting DEPENDENCIES directory): 86

grepthis#Fundamentals_Of_Electronic_Devices_J._B._Gupta_1787/CH1/EX1.3/Exa1_3.sce #
 
 
 
 
 
 
 
 
 
 
 
 
 
 
 
 
 
 Density of crystal in Kg/m^3:    
 
    8928.8044  
 
grepthis#Fundamentals_Of_Electronic_Devices_J._B._Gupta_1787/CH1/EX1.4/Exa1_4.sce #
 
 
 
 
 
 
 
 
 
 
 
 
 
 
 
 Density of silicon crystal in Kg/m^3:    
 
    1249.4584  
 
grepthis#Fundamentals_Of_Electronic_Devices_J._B._Gupta_1787/CH1/EX1.5/Exa1_5.sce #
 
 
 
 
 
 
 
 
 Surface density in FCC on (111)Plane : dp = 2.31/a^2   
 
 
 
 
 Surface density in FCC on (111)Plane in atoms/mm^2:    
 
    1.024D+13  
 
grepthis#Fundamentals_Of_Electronic_Devices_J._B._Gupta_1787/CH1/EX1.6/Exa1_6.sce #
 
 
 
 
 
 
 
 
 
 
 Interpolar distance in Angstrum :    
 
    2.0108004  
 
grepthis#Fundamentals_Of_Electronic_Devices_J._B._Gupta_1787/CH1/EX1.7/Exa1_7.sce #
 
 
 
 
 
 
 
 
 
 
 
 wavelength of X-rays in Angstrum :    
 
    0.0584332  
 
 
grepthis#Fundamentals_Of_Electronic_Devices_J._B._Gupta_1787/CH2/EX2.1/Exa2_1.sce #
 
 
 
 
 
 
 
 
 
 
 
 Velocity of electron at fermi level in m/s :    
 
    859544.24  
 
grepthis#Fundamentals_Of_Electronic_Devices_J._B._Gupta_1787/CH2/EX2.2/Exa2_2.sce #
 
 
 
 
 
 
 
 
 
 
 
 
 Velocity of electron at fermi level in mm/s :    
 
    0.3  
 
grepthis#Fundamentals_Of_Electronic_Devices_J._B._Gupta_1787/CH2/EX2.3/Exa2_3.sce #
 
 
 
 
 
 
 
 
 
 
 
 
 Magnitude of current in Ampere :    
 
    0.24  
 
grepthis#Fundamentals_Of_Electronic_Devices_J._B._Gupta_1787/CH2/EX2.4/Exa2_4.sce #
 
 
 
 
 
 
 
 
 
 
 
 
 
 
 
 Electron density in atoms/cm^3 :    
 
    4.452D+16  
 
 
 Hole density in atoms/cm^3 :    
 
    1.404D+10  
 
grepthis#Fundamentals_Of_Electronic_Devices_J._B._Gupta_1787/CH2/EX2.5/Exa2_5.sce #
 
 
 
 
 
 
 
 
 
 
 
 
 
 Donor atom concentration in cm^-3 :    
 
    5.000D+16  
 
 
 
 
 Mobile electron concentration in cm^-3:    
 
    5.000D+16  
 
 
 
 
 Hole concentration in cm^-3 :    
 
    4205.  
 
 
 
 
 Conductivity of doped silicon sample in (ohm-cm)^-1 :    
 
    10.4  
 
 
 
 
 
 
 
 Resistivity in ohm-cm :    
 
    0.0961538  
 
 
 Resistance in ohm :    
 
    1923.0769  
 
grepthis#Fundamentals_Of_Electronic_Devices_J._B._Gupta_1787/CH2/EX2.6/Exa2_6.sce #
 
 
 
 
 
 
 
 
 
 
 
 Concentration of holes in per m^3 :    
 
    1.400D+12  
 
 
 Ratio of electron to hole concentration :    
 
    1.000D+12  
 
grepthis#Fundamentals_Of_Electronic_Devices_J._B._Gupta_1787/CH2/EX2.7/Exa2_7.sce #
 
 
 
 
 
 
 
 
 
 
 
 
 
 Relaxation time in sec :    
 
    4.004D-14  
 
 
 
 Resistivity of conductor in ohm-m :    
 
    1.531D-08  
 
 
 
 velocity of electron with fermi energy in m/s :    
 
    1390707.  
 
grepthis#Fundamentals_Of_Electronic_Devices_J._B._Gupta_1787/CH2/EX2.8/Exa2_8.sce #
 
 
 
 
 
 
 
 
 
 
 
 
 Intrinsic conductivity in (ohm-cm)^-1 :    
 
    0.0224  
 
 
 Intrinsic resistivity in ohm-cm :    
 
    44.642857  
 
grepthis#Fundamentals_Of_Electronic_Devices_J._B._Gupta_1787/CH2/EX2.9/Exa2_9.sce #
 
 
 
 
 
 
 
 
 
 
 
 
 
 
 
 
 Density of electron in intrinsic material in m^-3 :    
 
    2.293D+19  
 
 
 Drift velocity for electrons in m/s :    
 
    3900.  
 
 
 Drift velocity for holes in m/s :    
 
    1900.  
 
grepthis#Fundamentals_Of_Electronic_Devices_J._B._Gupta_1787/CH2/EX2.10/Exa2_10.sce #
 
 
 
 
 
 
 
 
 
 
 
 Conductivity of silicon(intrinsic) in (ohm-cm)^-1    
 
    0.0000042  
 
 
 
 
 Conductivity of resulting P-type si semiconductor in (ohm-cm)^-1 :    
 
    72.  
 
grepthis#Fundamentals_Of_Electronic_Devices_J._B._Gupta_1787/CH2/EX2.11/Exa2_11.sce #
 
 
 
 
 
 
 
 
 
 
 
 
 
 
 
 
 
 Conductivity of Ge(intrinsic) in (ohm-cm)^-1    
 
    0.0224  
 
 
 Conductivity of resulting N-type Ge semiconductor in (ohm-cm)^-1 :    
 
    2.68128  
 
grepthis#Fundamentals_Of_Electronic_Devices_J._B._Gupta_1787/CH2/EX2.12/Exa2_12.sce #
 
 
 
 
 
 
 
 
 
 
 
 
 
 
 
 
 
 Drift velocity for electrons in m/s :    
 
    152.  
 
 
 Drift velocity for holes in m/s :    
 
    72.  
 
 
 
 
 
 
 Conductivity of Ge(intrinsic) in (ohm-m)^-1    
 
    2.24  
 
 
 
 
 Total current in mili ampere :    
 
    5.376  
 
grepthis#Fundamentals_Of_Electronic_Devices_J._B._Gupta_1787/CH2/EX2.13/Exa2_13.sce #
 
 
 
 
 
 
 
 
 
 
 
 
 
 Diffusion constant of electron(in cm^2/s) :    
 
    93.15  
 
 
 Diffusion constant of hole(in cm^2/s) :    
 
    43.9875  
 
grepthis#Fundamentals_Of_Electronic_Devices_J._B._Gupta_1787/CH2/EX2.14/Exa2_14.sce #
 
 
 
 
 
 
 
 
 
 
 
 
 Density of charge carriers in m^-3 :    
 
    1.736D+22  
 
 
 
 Mobility in m^2/V-s :    
 
    0.04  
 
grepthis#Fundamentals_Of_Electronic_Devices_J._B._Gupta_1787/CH2/EX2.15/Exa2_15.sce #
 
 
 
 
 
 
 
 
 
 
 
 Current density in A/m^2 :    
 
    2482.7586  
 
grepthis#Fundamentals_Of_Electronic_Devices_J._B._Gupta_1787/CH2/EX2.16/Exa2_16.sce #
 
 
 
 
 
 
 
 
 
 Hall coefficient in m^3-coulamb^-1 :    
 
    0.0003049  
 
grepthis#Fundamentals_Of_Electronic_Devices_J._B._Gupta_1787/CH2/EX2.17/Exa2_17.sce #
 
 
 
 
 
 
 
 
 
 
 
 
 
 
 
 
 Magnitude of hall voltage in mV :    
 
    76.  
 
grepthis#Fundamentals_Of_Electronic_Devices_J._B._Gupta_1787/CH2/EX2.18/Exa2_18.sce #
 
 
 
 
 
 
 
 
 
 
 
 
 
 
 
 RH  =
 
    150.  
 
 
 
 Mobility of holes in p-type Si bar in m^2/V-s :    
 
    0.075  
 
grepthis#Fundamentals_Of_Electronic_Devices_J._B._Gupta_1787/CH2/EX2.19/Exa2_19.sce #
 
 
 
 
 
 
 
 
 
 
 
 
 
 
 
 Magnitude of hall voltage in mV :    
 
    3.  
 
grepthis#Fundamentals_Of_Electronic_Devices_J._B._Gupta_1787/CH2/EX2.20/Exa2_20.sce #
 
 
 
 
 
 
 
 
 
 
 
 
 Hall angle in degree :    
 
    1.0704019  
 
grepthis#Fundamentals_Of_Electronic_Devices_J._B._Gupta_1787/CH3/EX3.2/Exa3_2.sce #
 
 
 
 
 
 
 
 
 
 
 
 Minimum required energy in eV is :   
 
    2.0599251  
 
 
grepthis#Fundamentals_Of_Electronic_Devices_J._B._Gupta_1787/CH3/EX3.3/Exa3_3.sce #
 
 
 
 
 
 
 
 
 
 The eV equivalent of the energy of incident photon :    
 
    4.8876626  
 
 
 
 Work function of the cathode material is    
 
    2.3876626  
 
grepthis#Fundamentals_Of_Electronic_Devices_J._B._Gupta_1787/CH3/EX3.4/Exa3_4.sce #
 
 
 
 
 
 
 
 
 
 
 
 
 
 
 Thus power absorbed = 10-1 = 9 mW or 0.009 J/s   
 
 
 The fraction of each photon energy unit which is converted into heat   
 
    0.285  
 
 
 
 Energy converted into heat in J/s:   
 
    0.002565  
 
 
 
 Number of photons per second given off from recombination events :   
 
    2.812D+16  
 
grepthis#Fundamentals_Of_Electronic_Devices_J._B._Gupta_1787/CH3/EX3.5/Exa3_5.sce #
 
 
 
 
 
 
 
 
 
 
 
 
 
 
 Electron transit time in sec is    
 
    6.410D-09  
 
 
 
 Photoconductor gain is    
 
    216.  
 
grepthis#Fundamentals_Of_Electronic_Devices_J._B._Gupta_1787/CH3/EX3.6/Exa3_6.sce #
 
 
 
 
 
 
 
 
 
 
 Current flowing through diode in uA is    
 
    15.004002  
 
grepthis#Fundamentals_Of_Electronic_Devices_J._B._Gupta_1787/CH3/EX3.7/Exa3_7.sce #
 
 
 
 
 
 
 
 
 
 V  =
 
    0.4312906  
 
 
 Forward voltage in volts is    
 
    0.4312906  
 
grepthis#Fundamentals_Of_Electronic_Devices_J._B._Gupta_1787/CH3/EX3.8/Exa3_8.sce #
 
 
 
 
 
 
 
 
 
 
 
 
 
 
 
 Reverse saturation current density in uA/m2 is    
 
    0.1602490  
 
grepthis#Fundamentals_Of_Electronic_Devices_J._B._Gupta_1787/CH4/EX4.2/Exa4_2.sce #
 
 
 
 
 
 
 
 
 
 
 
 
 Majority carrier electron concentration in cm^-3 :    
 
    1.000D+16  
 
 
 Minority carrier hole concentration in cm^-3 :    
 
    22500.  
 
grepthis#Fundamentals_Of_Electronic_Devices_J._B._Gupta_1787/CH4/EX4.3/Exa4_3.sce #
 
 
 
 
 
 
 
 
 
 
 
 
 Majority carrier hole concentration in cm^-3 :    
 
    7.000D+15  
 
 
 Minority carrier electron concentration in cm^-3 :    
 
    36571.429  
 
grepthis#Fundamentals_Of_Electronic_Devices_J._B._Gupta_1787/CH4/EX4.4/Exa4_4.sce #
 
 
 
 
 
 
 
 
 
 
 
 
 Built in potential barrier in volts :    
 
    0.7531727  
 
grepthis#Fundamentals_Of_Electronic_Devices_J._B._Gupta_1787/CH4/EX4.5/Exa4_5.sce #
 
 
 
 
 
 
 
 
 
 
 
 
 Contact p;otential in volts :    
 
    0.5745238  
 
grepthis#Fundamentals_Of_Electronic_Devices_J._B._Gupta_1787/CH4/EX4.6/Exa4_6.sce #
 
 
 
 
 
 
 
 
 
 
 
 
 
 
 
 
 Space charge width in uMeters :    
 
    0.9503505  
 
 
 
 
 
 At metallurgical junction, i.e for x=0 the electric field is peak i.e. Emax in volts :    
 
  - 1.334D+08  
 
 
grepthis#Fundamentals_Of_Electronic_Devices_J._B._Gupta_1787/CH4/EX4.7/Exa4_7.sce #
 
 
 
 
 
 
 
 
 
 
 
 
 Contact potential in volts :    
 
    0.5745238  
 
grepthis#Fundamentals_Of_Electronic_Devices_J._B._Gupta_1787/CH4/EX4.8/Exa4_8.sce #
 
 
 
 
 
 
 
 
 
 
 
 
 Contact potential in volts :    
 
    0.1905675  
 
grepthis#Fundamentals_Of_Electronic_Devices_J._B._Gupta_1787/CH4/EX4.9/Exa4_9.sce #
 
 
 
 
 
 
 
 
 
 Since diode is silicon one, and the barrier potential for Si diode is 0.7 volt, Vo = 0.7 volts    
 
 
 This barrier potential acts in opposite direction to the applied voltage. The diode forward resistance is being assumed to be ze 
      ro.                                                                                                                         
 
 
 
 Current flowing through the circuit in Amperes :   
 
    43.  
 
grepthis#Fundamentals_Of_Electronic_Devices_J._B._Gupta_1787/CH4/EX4.10/Exa4_10.sce #
 
 
 
 
 
 
 
 
 I  =
 
    1.9428571  
 
 
 Since diode is silicon one, and the barrier potential for Si diode is 0.7 volt, Vo = 0.7 volts    
 
 
 This barrier potential acts in opposite direction to the applied voltage. The diode forward resistance is being assumed to be ze 
      ro.                                                                                                                         
 
 
 
 Barrier potential of Si diode, Vo = 0.7 Volts   
 
 
 Potential VA = Voltage drop across 7 Kohm resistor   
 
 
 
 Voltagee VA in volts :    
 
    13.6  
 
grepthis#Fundamentals_Of_Electronic_Devices_J._B._Gupta_1787/CH4/EX4.12/Exa4_12.sce #
 
 
 
 
 
 
 
 
 
 
 
 
 
 Temperature coefficient f zener diode in %  :    
 
  - 0.0533333  
 
grepthis#Fundamentals_Of_Electronic_Devices_J._B._Gupta_1787/CH4/EX4.13/Exa4_13.sce #
 
 
 
 
 
 
 
 
 
 
 
 
 Output voltage will be equal to Vz i.e 8 Volts   
 
 
 
 
 Voltage across Rs in volts :    
 
    4.  
 
 
 
 
 
 Current through zener diode in mA :    
 
    0.  
 
grepthis#Fundamentals_Of_Electronic_Devices_J._B._Gupta_1787/CH4/EX4.14/Exa4_14.sce #
 
 
 
 
 
 
 
 
 
 
 
 
 Output voltage will be equal to Vz i.e 50 Volts   
 
 
 
 The zener current will be maximum when input voltage is maximum i.e. 120V.   
 
 
 
 
 Maximum zener diode current in mA :    
 
    9.  
 
 
 The zener current will be minimum when input voltage is minimum i.e. 80V.   
 
 
 
 
 Minimum zener diode current in mA :    
 
    1.  
 
grepthis#Fundamentals_Of_Electronic_Devices_J._B._Gupta_1787/CH4/EX4.15/Exa4_15.sce #
 
 
 
 
 
 
 
 
 
 
 
 
 the zener current will be minimum i.e. Izk = 6mA when load current is maximum i.e. ILmax = 20mA   
 
 
 
 when the load current will decrease and become 10 mA, the zener current will increase and become 6+10 i.e. 16 mA. Thus the curre 
      nt through series resistance Rs will remain unchanged at 6+20 i.e. 26 mA. Thus voltage drop in series resistance Rs will re 
      main constant. Consequently, the output voltage will also remain constant.                                                  
 
grepthis#Fundamentals_Of_Electronic_Devices_J._B._Gupta_1787/CH4/EX4.16/Exa4_16.sce #
 
 
 
 
 
 
 
 
 
 
 
 When zener open circuited Voltage across load in volts :    
 
    8.7272727  
 
 
 Since voltage across load VL is less than breakdown voltage of zener diode i.e. VL < Vz. The zener diode will not conduct and VL 
       = 8.73 Volt                                                                                                                
 
 
 
 Zener current in mA :    
 
    0.  
 
 
 
 Power in watts :    
 
    0.  
 
grepthis#Fundamentals_Of_Electronic_Devices_J._B._Gupta_1787/CH4/EX4.17/Exa4_17.sce #
 
 
 
 
 
 
 
 
 
 
 For RL=50ohm :   
 
 
 VL  =
 
    3.7037037  
 
 
 Since voltage across load, VL is less than breakdown voltage of zener diode. Zener will not conduct.   
 
 
 
 
 
 VL in volt :    
 
    3.7037037  
 
 
 IL in mA :   
 
    74.074074  
 
 
 Iz in mA:    
 
    0.  
 
 
 IR in mA :   
 
    74.074074  
 
 
 
 
 For RL=200ohm :    
 
 
 VL  =
 
    9.5238095  
 
 
 voltage across load, if zener diode is open circuited.   
 
 
 
 
 
 VL in volt :    
 
    9.5238095  
 
 
 IL in mA :   
 
    47.619048  
 
 
 Iz in mA:    
 
    0.  
 
 
 IR in mA :   
 
    47.619048  
 
grepthis#Fundamentals_Of_Electronic_Devices_J._B._Gupta_1787/CH4/EX4.18/Exa4_18.sce #
 
 
 
 
 
 
 
 
 
 Removing the zener diode from the circuit, We have : V = Vin*RL/(RL+Rs)   
 
 
 
 Voltage V in volts =    
 
    66.666667  
 
 
 V > Vz So zener diode is in ON stste.   
 
 
 
 
 
 
 
 Hence the voltage dropp across the 5 Kohm resistor in Volts is :    
 
    50.  
 
grepthis#Fundamentals_Of_Electronic_Devices_J._B._Gupta_1787/CH4/EX4.19/Exa4_19.sce #
 
 
 
 
 
 
 
 
 
 
 
 
 
 
 
 
 
 
 
 
 
 
 The resistance Ri in ohm :    
 
    25.  
 
grepthis#Fundamentals_Of_Electronic_Devices_J._B._Gupta_1787/CH4/EX4.20/Exa4_20.sce #
 
 
 
 
 
 
 
 
 
 
 
 
 
 Load current IL will be maximum when Iz = 0    
 
 
 
 
 Maximum load current in mA :    
 
    40.  
 
 
 
 Load current IL will be minimum when Iz = maximum i.e. 32 mA    
 
 
 
 
 Minimum load current in mA :    
 
    8.  
 
 
 
 
 Hence range of RL and IL are as follows :   
 
 
 Range of RL in Kohm : From 0.25 to 1.25   
 
 
 Range of IL in mA : From 8 to 40   
 
grepthis#Fundamentals_Of_Electronic_Devices_J._B._Gupta_1787/CH5/EX5.1/Exa5_1.sce #
 
 
 
 
 
 
 
 
 
 
 
 
 
 
 
 When no external voltage is applied i.e. V=0   
 
 
 VB = 0.7 volts   
 
 
 
 
 When no external voltage is applied, Junction width in meter :    
 
    0.0000004  
 
 
 
 When external voltage of -10 volt is applied   
 
 
 VB = Vo-V volts   
 
 
 
 
 When external voltage of -10 Volt is applied, Junction width in meter :    
 
    0.0000016  
 
grepthis#Fundamentals_Of_Electronic_Devices_J._B._Gupta_1787/CH5/EX5.3/Exa5_3.sce #
 
 
 
 
 
 
 
 
 
 
 
 
 
 
 
 New position of fermi level is(eV) :    
 
    0.328  
 
grepthis#Fundamentals_Of_Electronic_Devices_J._B._Gupta_1787/CH5/EX5.4/Exa5_4.sce #
 
 
 
 
 
 
 
 
 
 
 
 
 
 Potential barrier in volts :    
 
    0.1905675  
 
grepthis#Fundamentals_Of_Electronic_Devices_J._B._Gupta_1787/CH5/EX5.5/Exa5_5.sce #
 
 
 
 
 
 
 
 
 
 
 
 
 
 
 
 
 Hole concentration in cm^-3 :    
 
    13311.614  
 
 
 electron concentration in cm^-3 :    
 
    53246.456  
 
 
 Since elctron concentration is mote than hole concentration, the given Si is of N-type.   
 
 
grepthis#Fundamentals_Of_Electronic_Devices_J._B._Gupta_1787/CH5/EX5.6/Exa5_6.sce #
 
 
 
 
 
 
 
 
 
 
 
 Junction capacitance in pF :    
 
    21.585541  
 
grepthis#Fundamentals_Of_Electronic_Devices_J._B._Gupta_1787/CH6/EX6.1/Exa6_1.sce #
 
 
 
 
 
 
 
 
 
 
 Emitter current in mA :    
 
    20.4  
 
grepthis#Fundamentals_Of_Electronic_Devices_J._B._Gupta_1787/CH6/EX6.2/Exa6_2.sce #
 
 
 
 
 
 
 
 
 
 
 
 Emitter current in mA :   
 
    1.  
 
 
 
 
 Current amplification factor :    
 
    0.98  
 
 
 
 
 Current gain factor :    
 
    49.  
 
grepthis#Fundamentals_Of_Electronic_Devices_J._B._Gupta_1787/CH6/EX6.3/Exa6_3.sce #
 
 
 
 
 
 
 
 
 
 
 
 
 
 
 Emitter current in mA :    
 
    2.7  
 
 
 Collector current in mA :    
 
    2.65  
 
grepthis#Fundamentals_Of_Electronic_Devices_J._B._Gupta_1787/CH6/EX6.4/Exa6_4.sce #
 
 
 
 
 
 
 
 
 
 
 
 
 
 Collector current in mA :    
 
    1.09  
 
grepthis#Fundamentals_Of_Electronic_Devices_J._B._Gupta_1787/CH6/EX6.5/Exa6_5.sce #
 
 
 
 
 
 
 
 
 
 Dynamic input resistance in ohm :    
 
    40.  
 
grepthis#Fundamentals_Of_Electronic_Devices_J._B._Gupta_1787/CH6/EX6.6/Exa6_6.sce #
 
 
 
 
 
 
 
 
 
 
 
 
 Collector current in mA :    
 
    1.97  
 
 
 Base current in uA :    
 
    30.  
 
grepthis#Fundamentals_Of_Electronic_Devices_J._B._Gupta_1787/CH6/EX6.7/Exa6_7.sce #
 
 
 
 
 
 
 
 
 
 
 
 
 Current gain :    
 
    0.97875  
 
 
 Base current in mA :    
 
    0.03  
 
grepthis#Fundamentals_Of_Electronic_Devices_J._B._Gupta_1787/CH6/EX6.8/Exa6_8.sce #
 
 
 
 
 
 
 
 
 
 
 
 
 Base current in mA :    
 
    0.03125  
 
grepthis#Fundamentals_Of_Electronic_Devices_J._B._Gupta_1787/CH6/EX6.9/Exa6_9.sce #
 
 
 
 
 
 
 
 
 
 
 
 Base current in uA :    
 
    20.  
 
grepthis#Fundamentals_Of_Electronic_Devices_J._B._Gupta_1787/CH6/EX6.10/Exa6_10.sce #
 
 
 
 
 
 
 
 
 
 
 
 
 Collector-emitter Voltage in volts :    
 
    9.2  
 
 
 
 
 
 Base current in uA :    
 
    41.666667  
 
grepthis#Fundamentals_Of_Electronic_Devices_J._B._Gupta_1787/CH6/EX6.11/Exa6_11.sce #
 
 
 
 
 
 
 
 
 
 
 
 Collector current in mA :    
 
    11.28  
 
grepthis#Fundamentals_Of_Electronic_Devices_J._B._Gupta_1787/CH6/EX6.12/Exa6_12.sce #
 
 
 
 
 
 
 
 
 
 Dynamic input resistance in ohm :    
 
    250.  
 
grepthis#Fundamentals_Of_Electronic_Devices_J._B._Gupta_1787/CH6/EX6.13/Exa6_13.sce #
 
 
 
 
 
 
 
 
 
 Dynamic output resistance in Kohm :    
 
    6.25  
 
grepthis#Fundamentals_Of_Electronic_Devices_J._B._Gupta_1787/CH6/EX6.14/Exa6_14.sce #
 
 
 
 
 
 
 
 
 
 
 
 
 
 VCE=0V and IC in mA =    
 
    1.25  
 
 
 This gives a point on loasd line.   
 
 
 
 For IC=0, VCE=VCC=10V :   
 
 
 This gives another point on load line.   
 
 
 
 
 Operating point Q is (5.2V,0.6mA)   
 
grepthis#Fundamentals_Of_Electronic_Devices_J._B._Gupta_1787/CH6/EX6.15/Exa6_15.sce #
 
 
 
 
 
 
 
 
 Applying Kirchoffs Voltage Law :    
 
 
 VCC=IC*RC+VCE   
 
 
 For cut-off point, IC=0   
 
 
 Therefore, VCC=VCE   
 
 
 
 VCE at cut-off point :    
 
    20.  
 
 
 For Saturation point, VCE = 0   
 
 
 
 
 IC at saturation point in mA ;    
 
    0.0060606  
 
 
 Therefore Load line coordinates are given as :    
 
 
 (20V,0mA)   
 
 
 (0V,6.0606061mA)   
 
grepthis#Fundamentals_Of_Electronic_Devices_J._B._Gupta_1787/CH6/EX6.16/Exa6_16.sce #
 
 
 
 
 
 
 
 
 
 
 
 
 Applying Kirchoffs Voltage Law in input loop we have :    
 
 
 IB*RB+VBE+VEE=0   
 
 
 
 
 
 
 VC in volts :    
 
  - 4.482  
 
 
 VB in volts :    
 
  - 8.3  
 
grepthis#Fundamentals_Of_Electronic_Devices_J._B._Gupta_1787/CH6/EX6.17/Exa6_17.sce #
 
 
 
 
 
 
 
 
 
 
 
 
 
 Applying Kirchoffs Voltage Law in input loop we have :    
 
 
 VBB=IB*RB+VBE+IE*RE=IB*RB+VBE+(1+Beta)*IB*RE   
 
 
 IB=(VBB-VBE)/(RB+(1+Beta)*RE)   
 
 
 
 IB in mA :    
 
    0.0166667  
 
 
 Applying Kirchoffs Voltage Law in output loop we have :    
 
 
 10-IC(3*10^3)-VCE-IE(2*10^3)=0   
 
 
 
 IC in mA :    
 
    1.96  
 
 
 Beta*Ib in mA =    
 
    0.0016667  
 
 
 IC =    
 
    0.00196  
 
 
 IC > Beta*IB. Hence the transistor is in saturation with the values of IB = 0.0166 mA and IC = 1.96 mA.   
 
grepthis#Fundamentals_Of_Electronic_Devices_J._B._Gupta_1787/CH7/EX7.1/Exa7_1.sce #
 
 
 
 
 
 
 
 
 
 
 Resistance between gate and source in Mohm ;    
 
    10000.  
 
grepthis#Fundamentals_Of_Electronic_Devices_J._B._Gupta_1787/CH7/EX7.2/Exa7_2.sce #
 
 
 
 
 
 
 
 
 
 
 AC drain resistance of JFET in Kohm :    
 
    12.5  
 
grepthis#Fundamentals_Of_Electronic_Devices_J._B._Gupta_1787/CH7/EX7.3/Exa7_3.sce #
 
 
 
 
 
 
 
 
 
 From shockleys equation, drain source current, IDS=IDSS*(1-VGS/VP)^2    
 
 
 
 
 Transconductance in mA/Volt :    
 
    2.2222222  
 
grepthis#Fundamentals_Of_Electronic_Devices_J._B._Gupta_1787/CH7/EX7.4/Exa7_4.sce #
 
 
 
 
 
 
 
 
 
 VGS(OFF) : VGS=VP   
 
 
 gm=gmo=-2*IDSS/VP=-2*IDSS/VGS(OFF)   
 
 VGS_OFF  =
 
  - 1.9999998  
 
 
 VGS(OFF) in mV :   
 
  - 2.  
 
grepthis#Fundamentals_Of_Electronic_Devices_J._B._Gupta_1787/CH7/EX7.5/Exa7_5.sce #
 
 
 
 
 
 
 
 
 
 
 
 Drain current in mA :    
 
    2.5  
 
 
 The minimum value of VDS for pinch-OFF region is equal to VP. Thus the minimum value of VDS :    
 
 
 VDS(min) in volt :    
 
  - 4.  
 
grepthis#Fundamentals_Of_Electronic_Devices_J._B._Gupta_1787/CH7/EX7.6/Exa7_6.sce #
 
 
 
 
 
 
 
 
 
 
 
 ID in mA :    
 
    3.8666667  
 
 
 
 gmo in mS :    
 
    5.8  
 
 
 
 gm in mS :    
 
    3.8666667  
 
grepthis#Fundamentals_Of_Electronic_Devices_J._B._Gupta_1787/CH7/EX7.7/Exa7_7.sce #
 
 
 
 
 
 
 
 
 
 
 Drain current in mA :    
 
    2.1  
 
 
 
 
 gm in mS :    
 
    2.8  
 
grepthis#Fundamentals_Of_Electronic_Devices_J._B._Gupta_1787/CH7/EX7.8/Exa7_8.sce #
 
 
 
 
 
 
 
 
 
 
 
 
 IDS = 3 mA when VGS(in Volt) is :     
 
  - 1.9019238  
 
 
 
 IDS = 3 mA when gm(in mS) is :     
 
    2.3094011  
 
grepthis#Fundamentals_Of_Electronic_Devices_J._B._Gupta_1787/CH7/EX7.10/Exa7_10.sce #
 
 
 
 
 
 
 
 
 
 
 
 
 When VGS=6V the drain current in mA :    
 
    1.25  
 
grepthis#Fundamentals_Of_Electronic_Devices_J._B._Gupta_1787/CH8/EX8.1/Exa8_1.sce #
 
 
 
 
 
 
 
 
 
 
 
 
 
 
 
 
 
 
 
 
 
 
 
 
 
 
 
 
 
 Steady state photocurrent density in A/cm^2 :    
 
    0.7522025  
 
grepthis#Fundamentals_Of_Electronic_Devices_J._B._Gupta_1787/CH8/EX8.2/Exa8_2.sce #
 
 
 
 
 
 
 
 
 
 
 
 
 
 Steady state photocurrent density in mA/cm^2 :    
 
    14.68664  
 
grepthis#Fundamentals_Of_Electronic_Devices_J._B._Gupta_1787/CH8/EX8.3/Exa8_3.sce #
 
 
 
 
 
 
 
 
 
 
 
 
 
 
 
 
 
 
 
 
 
 
 
 
 
 
 Open circuit voltage in Volt :    
 
    438.13898  
 
 
grepthis#Fundamentals_Of_Electronic_Devices_J._B._Gupta_1787/CH8/EX8.4/Exa8_4.sce #
 
 
 
 
 
 
 
 Each cell supplies 50 mA at 0.45V. Allowing for the voltage drop across the rectifier and series resistor, a maximum output volt 
      age of approximately 28V is required. Thus,                                                                                 
 
 
 n = Vout/Vcell   
 
 
 
 
 
 No. of series connected- cells =    
 
    62.222222  
 
 
 the charge taken from the batteries over a period of 24 hour is 24*0.5 =  12 Ah. thus, the charge delivered by the solar cells m 
      ust be 12 ampere Hours                                                                                                      
 
 
 Since the solar cells are illuminated only 12 hours a day, the necessary charging current from the solar cell is 12Ah/12h i.e. 1 
       A                                                                                                                          
 
 
 
 
 
 Hence total no. of group of cells in parallel, m    
 
    20.  
 
 
 The total no. of cells required :    
 
    1244.  
 
 
