/home/fossee/Downloads/set/set14/s_Material_Science_B._S._Narang_3622.zip
22
0
/home/fossee/Downloads/set/set14/s_Machine_Design_T._H._Wentzell,_P._E_2921.zip
0
0
/home/fossee/Downloads/set/set14/s_Material_Science_S._L._Kakani_And_A._Kakani_1085.zip
90
0
/home/fossee/Downloads/set/set14/s_Mechanical_Metallurgy_G._E._Dieter_3456.zip
53
0
/home/fossee/Downloads/set/set14/s_Manufacturing_Engineering_And_Technology_S._Kalpakjian_And_S._R._Schmid_3308.zip
22
0
/home/fossee/Downloads/set/set14/s_Linear_Integrated_Circuits_S._Salivahanan_And_V._S._K._Bhaaskaran_1106.zip
107
0
/home/fossee/Downloads/set/set14/s_Mechanics_Of_Fluid_B._S._Massey_And_A._J._Ward-smith_1187.zip
63
1
/home/fossee/Downloads/set/set14/s_Materials_Science,_Metallurgy_And_Engineering_Materials_K._M._Gupta_1538.zip
0
0
/home/fossee/Downloads/set/set14/s_Manufacturing_Processes_For_Engineering_Materials_S._Kalpakjian_And_S._R._Schmid_3257.zip
46
1
/home/fossee/Downloads/set/set14/s_Mass_-_Transfer_Operations_R._E._Treybal_389.zip
75
26
/home/fossee/Downloads/set/set14/s_Linear_Algebra_K._Hoffman_And_R._Kunze_3293.zip
77
0
/home/fossee/Downloads/set/set14/s_Linear_Integrated_Circuits_J._B._Gupta_1850.zip
122
3
/home/fossee/Downloads/set/set14/s_Manufacturing_Science_A._Ghosh_And_A._K._Mallik_3250.zip
70
1
/home/fossee/Downloads/set/set14/s_Material_Science_V._Rajendran_1826.zip
171
0
/home/fossee/Downloads/set/set14/s_Materials_Science_R._S._Khurmi_And_R._S._Sedha_2153.zip
100
0
/home/fossee/Downloads/set/set14/s_Materials_Science_And_Engineering:_An_Introduction_W._D._Callister_539.zip
0
0
/home/fossee/Downloads/set/set14/s_Linear_Algebra_And_Its_Applications_G._Strang_70.zip
66
1
/home/fossee/Downloads/set/set14/s_Linear_Integrated_Circuit_M._S._Sivakumar_1757.zip
157
0
/home/fossee/Downloads/set/set14/s_Machine_Design_U._C._Jindal_683.zip
216
3
/home/fossee/Downloads/set/set14/s_Mechanical_Engineering_Thermodynamics_D._A._Mooney_1472.zip
85
7
/home/fossee/Downloads/set/set14/s_Material_Science_In_Engineering_Dr._K._M._Gupta_1367.zip
81
0
/home/fossee/Downloads/set/set14/s_Linear_Control_Systems_B._S._Manke__29.zip
32
182
/home/fossee/Downloads/set/set14/s_Mechanical_Vibration_G._K._Grover_3532.zip
89
0
/home/fossee/Downloads/set/set14/s_Measurement_Systems_E._O._Doebelin_And_D._N._Manik_49.zip
44
1
/home/fossee/Downloads/set/set14/s_Materials_Science_And_Engineering_-_A_First_Course_V._Raghavan_3159.zip
52
0
